 #        time                      h  [L]            Darcian flow [L.T^{-1}]   in    x         z              directions   cumulative flux
 #-----------------------------------------------------------------------------------------------

     0.100000000000E-005    -0.280000000000E+003    -0.591647612683E-014    -0.448770806540E-016     0.591664632302E-020
     0.205999994278E-005    -0.280000000000E+003    -0.438926139082E-030    -0.358410391786E-014     0.971579627086E-020
     0.318359982147E-005    -0.280000000000E+003     0.295823806341E-014    -0.176961341860E-014     0.135889909340E-019
     0.437461562859E-005    -0.280000000000E+003     0.000000000000E+000     0.000000000000E+000     0.135889909340E-019
     0.563709231599E-005    -0.280000000000E+003     0.295823806341E-014    -0.535371733646E-014     0.213111245921E-019
     0.697531753239E-005    -0.280000000000E+003    -0.131677841724E-029    -0.107523117536E-013     0.357001393153E-019
     0.839383618521E-005    -0.280000000000E+003    -0.175570455633E-029    -0.143364156714E-013     0.560366123597E-019
     0.989746587602E-005    -0.280000000000E+003    -0.175570455633E-029    -0.143364156714E-013     0.775932726231E-019
     0.114913132622E-004    -0.280000000000E+003     0.591647612683E-014    -0.107074346729E-013     0.970913000637E-019
     0.131807914004E-004    -0.280000000000E+003     0.887471419024E-014    -0.160611520094E-013     0.128093162021E-018
     0.149716381303E-004    -0.280000000000E+003     0.118329522537E-013    -0.142466615101E-013     0.161259436678E-018
     0.168699355614E-004    -0.280000000000E+003     0.887471419024E-014    -0.889294417366E-014     0.185108959042E-018
     0.188821307298E-004    -0.280000000000E+003     0.591647612683E-014    -0.712333075506E-014     0.203741770133E-018
     0.210150574931E-004    -0.280000000000E+003     0.295823806341E-014    -0.125219251722E-013     0.231185317695E-018
     0.232759597402E-004    -0.280000000000E+003    -0.175570455633E-029    -0.143364156714E-013     0.263598552101E-018
     0.256725159928E-004    -0.280000000000E+003    -0.295823806341E-014    -0.125668022528E-013     0.294538797922E-018
     0.282128654833E-004    -0.280000000000E+003    -0.295823806341E-014    -0.125668022528E-013     0.327335456721E-018
     0.309056357980E-004    -0.280000000000E+003    -0.591647612683E-014    -0.143812927521E-013     0.369210093256E-018
     0.337599721774E-004    -0.280000000000E+003    -0.295823806341E-014    -0.197350100885E-013     0.426169789673E-018
     0.367855685763E-004    -0.280000000000E+003    -0.295823806341E-014    -0.233191140064E-013     0.497289472429E-018
     0.399927005860E-004    -0.280000000000E+003    -0.295823806341E-014    -0.269032179243E-013     0.584091690102E-018
     0.433922603327E-004    -0.280000000000E+003    -0.591647612683E-014    -0.251336045057E-013     0.671870321740E-018
     0.469957934698E-004    -0.280000000000E+003    -0.295823806341E-014    -0.304873218421E-013     0.782248369099E-018
     0.508155383889E-004    -0.280000000000E+003    -0.591647612683E-014    -0.251336045057E-013     0.880876428960E-018
     0.548644677845E-004    -0.280000000000E+003    -0.887471419024E-014    -0.197798871692E-013     0.968655545666E-018
     0.591563327122E-004    -0.280000000000E+003    -0.591647612683E-014    -0.179653966699E-013     0.104983423553E-017
     0.637057092900E-004    -0.280000000000E+003    -0.295823806341E-014    -0.197350100885E-013     0.114061929878E-017
     0.685280482021E-004    -0.280000000000E+003    -0.263355683449E-029    -0.215046235071E-013     0.124432188151E-017
     0.736397271730E-004    -0.280000000000E+003    -0.175570455633E-029    -0.143364156714E-013     0.131760503602E-017
     0.790581065897E-004    -0.280000000000E+003    -0.295823806341E-014    -0.125668022528E-013     0.138755790732E-017
     0.848015884613E-004    -0.280000000000E+003    -0.591647612683E-014    -0.143812927521E-013     0.147687344029E-017
     0.908896789166E-004    -0.280000000000E+003    -0.295823806341E-014    -0.125668022528E-013     0.155547247800E-017
     0.973430544509E-004    -0.280000000000E+003    -0.295823806341E-014    -0.898269833497E-014     0.161650382216E-017
     0.104183632148E-003    -0.280000000000E+003    -0.295823806341E-014    -0.898269833497E-014     0.168119704349E-017
     0.111434644115E-003    -0.280000000000E+003    -0.877852278163E-030    -0.716820783571E-014     0.173317380429E-017
     0.119120716386E-003    -0.280000000000E+003     0.295823806341E-014    -0.893782125432E-014     0.180553556076E-017
     0.127267952553E-003    -0.280000000000E+003     0.295823806341E-014    -0.893782125432E-014     0.188223901848E-017
     0.135904022424E-003    -0.280000000000E+003     0.591647612683E-014    -0.712333075506E-014     0.196220852690E-017
     0.145058255993E-003    -0.280000000000E+003     0.591647612683E-014    -0.107074346729E-013     0.207419509404E-017
     0.154761743052E-003    -0.280000000000E+003     0.591647612683E-014    -0.107074346729E-013     0.219290084880E-017
     0.165047438780E-003    -0.280000000000E+003     0.591647612683E-014    -0.107074346729E-013     0.231872894205E-017
     0.175950275662E-003    -0.280000000000E+003     0.295823806341E-014    -0.161060290900E-013     0.249726779655E-017
     0.187507282134E-003    -0.280000000000E+003     0.295823806341E-014    -0.196901330079E-013     0.272738068430E-017
     0.199757708333E-003    -0.280000000000E+003     0.887471419024E-014    -0.196452559272E-013     0.299146095768E-017
     0.212743159403E-003    -0.280000000000E+003     0.591647612683E-014    -0.214597464265E-013     0.328052229217E-017
     0.226507736794E-003    -0.280000000000E+003     0.591647612683E-014    -0.214597464265E-013     0.358692729019E-017
     0.241098188040E-003    -0.280000000000E+003     0.591647612683E-014    -0.214597464265E-013     0.391171657057E-017
     0.256564065527E-003    -0.280000000000E+003     0.591647612683E-014    -0.214597464265E-013     0.425599318918E-017
     0.272957894778E-003    -0.280000000000E+003     0.591647612683E-014    -0.214597464265E-013     0.462092638520E-017
     0.290335352846E-003    -0.280000000000E+003     0.295823806341E-014    -0.161060290900E-013     0.490549007179E-017
     0.308755457403E-003    -0.280000000000E+003     0.591647612683E-014    -0.142915385908E-013     0.519040852232E-017
     0.328280767180E-003    -0.280000000000E+003     0.591647612683E-014    -0.214597464265E-013     0.562504972733E-017
     0.348977594427E-003    -0.280000000000E+003     0.591647612683E-014    -0.250438503443E-013     0.615764594458E-017
     0.370916230124E-003    -0.280000000000E+003    -0.219463069541E-029    -0.179205195893E-013     0.655079769535E-017
     0.394171182707E-003    -0.280000000000E+003     0.591647612683E-014    -0.178756425086E-013     0.698867263492E-017
     0.418821431115E-003    -0.280000000000E+003     0.887471419024E-014    -0.160611520094E-013     0.744100379036E-017
     0.444950693017E-003    -0.280000000000E+003     0.887471419024E-014    -0.196452559272E-013     0.800426767312E-017
     0.472647709137E-003    -0.280000000000E+003     0.887471419024E-014    -0.232293598451E-013     0.869300715750E-017
     0.502006544641E-003    -0.280000000000E+003     0.147911903171E-013    -0.267685866823E-013     0.959089641781E-017
     0.533126908594E-003    -0.280000000000E+003     0.177494283805E-013    -0.285382001009E-013     0.106367772980E-016
     0.566114492604E-003    -0.280000000000E+003     0.207076664439E-013    -0.267237096016E-013     0.117520133618E-016
     0.601081329767E-003    -0.280000000000E+003     0.236659045073E-013    -0.249092191024E-013     0.129534406252E-016
     0.638146175159E-003    -0.280000000000E+003     0.147911903171E-013    -0.267685866823E-013     0.140870048842E-016
     0.677434909153E-003    -0.280000000000E+003     0.207076664439E-013    -0.303078135195E-013     0.155291588684E-016
     0.719080964939E-003    -0.280000000000E+003     0.266241425707E-013    -0.338470403567E-013     0.173225847958E-016
     0.763225781689E-003    -0.280000000000E+003     0.236659045073E-013    -0.284933230202E-013     0.189576986139E-016
     0.810019284919E-003    -0.280000000000E+003     0.236659045073E-013    -0.320774269381E-013     0.208230148777E-016
     0.859620395664E-003    -0.280000000000E+003     0.207076664439E-013    -0.267237096016E-013     0.224999169354E-016
     0.912197570216E-003    -0.280000000000E+003     0.147911903171E-013    -0.196003788466E-013     0.237909560267E-016
     0.967929372233E-003    -0.280000000000E+003     0.147911903171E-013    -0.196003788466E-013     0.251594573896E-016
     0.102700507918E-002    -0.280000000000E+003     0.177494283805E-013    -0.177858883473E-013     0.266438690218E-016
     0.108962532517E-002    -0.280000000000E+003     0.147911903171E-013    -0.196003788466E-013     0.281815169871E-016
     0.115600278233E-002    -0.280000000000E+003     0.147911903171E-013    -0.196003788466E-013     0.298114237424E-016
     0.122636288312E-002    -0.280000000000E+003     0.147911903171E-013    -0.160162749287E-013     0.313453713653E-016
     0.130094458593E-002    -0.280000000000E+003     0.118329522537E-013    -0.178307654280E-013     0.329414110139E-016
     0.138000118665E-002    -0.280000000000E+003     0.887471419024E-014    -0.160611520094E-013     0.343920967415E-016
     0.146380117888E-002    -0.280000000000E+003     0.295823806341E-014    -0.196901330079E-013     0.360606480444E-016
     0.155262916586E-002    -0.280000000000E+003     0.295823806341E-014    -0.196901330079E-013     0.378293123301E-016
     0.164678682697E-002    -0.280000000000E+003     0.295823806341E-014    -0.125219251722E-013     0.390408027081E-016
     0.174659394236E-002    -0.280000000000E+003     0.295823806341E-014    -0.535371733646E-014     0.396512883454E-016
     0.185238947896E-002    -0.280000000000E+003    -0.438926139082E-030    -0.358410391786E-014     0.400304705426E-016
     0.196453274170E-002    -0.280000000000E+003     0.591647612683E-014    -0.353922683720E-014     0.408036153160E-016
     0.208340459379E-002    -0.280000000000E+003    -0.131677841724E-029    -0.107523117536E-013     0.420817625284E-016
     0.220940875020E-002    -0.280000000000E+003    -0.591647612683E-014    -0.143812927521E-013     0.440412234683E-016
     0.234297314879E-002    -0.280000000000E+003    -0.295823806341E-014    -0.125668022528E-013     0.457655791227E-016
     0.248455140365E-002    -0.280000000000E+003    -0.295823806341E-014    -0.125668022528E-013     0.475933960177E-016
     0.263462434571E-002    -0.280000000000E+003     0.295823806341E-014    -0.125219251722E-013     0.495243267902E-016
     0.279370165569E-002    -0.280000000000E+003     0.295823806341E-014    -0.125219251722E-013     0.515711132987E-016
     0.296232359518E-002    -0.280000000000E+003     0.295823806341E-014    -0.535371733646E-014     0.526025154365E-016
     0.314106284138E-002    -0.280000000000E+003    -0.438926139082E-030    -0.358410391786E-014     0.532431354691E-016
     0.333052643213E-002    -0.280000000000E+003     0.295823806341E-014    -0.176961341860E-014     0.538962410652E-016
     0.353135782749E-002    -0.280000000000E+003    -0.877852278163E-030    -0.716820783571E-014     0.553358422470E-016
     0.374423909507E-002    -0.280000000000E+003    -0.175570455633E-029    -0.143364156714E-013     0.583877965878E-016
     0.396989322653E-002    -0.280000000000E+003     0.591647612683E-014    -0.712333075506E-014     0.604773408176E-016
     0.420908659296E-002    -0.280000000000E+003    -0.295823806341E-014    -0.539859441711E-014     0.619498085394E-016
     0.446263154769E-002    -0.280000000000E+003     0.295823806341E-014    -0.535371733646E-014     0.635006554171E-016
     0.473138918520E-002    -0.280000000000E+003     0.591647612683E-014    -0.712333075506E-014     0.659893356245E-016
     0.501627226558E-002    -0.280000000000E+003     0.591647612683E-014    -0.712333075506E-014     0.686273365019E-016
     0.531824831448E-002    -0.280000000000E+003     0.295823806341E-014    -0.893782125432E-014     0.714703383031E-016
     0.563834290904E-002    -0.280000000000E+003    -0.591647612683E-014    -0.721308491637E-014     0.744565529767E-016
     0.597764316095E-002    -0.280000000000E+003    -0.887471419024E-014    -0.544347149777E-014     0.779890569952E-016
     0.633730140856E-002    -0.280000000000E+003    -0.887471419024E-014    -0.902757541562E-014     0.825420757137E-016
     0.671853913045E-002    -0.280000000000E+003    -0.118329522537E-013    -0.108420659149E-013     0.886605450816E-016
     0.712265109384E-002    -0.280000000000E+003    -0.118329522537E-013    -0.108420659149E-013     0.951461222615E-016
     0.755100975191E-002    -0.280000000000E+003    -0.887471419024E-014    -0.902757541562E-014     0.100568839525E-015
     0.800506990496E-002    -0.280000000000E+003    -0.887471419024E-014    -0.902757541562E-014     0.106316919515E-015
     0.848637364120E-002    -0.280000000000E+003    -0.887471419024E-014    -0.544347149777E-014     0.111327842356E-015
     0.899655557408E-002    -0.280000000000E+003    -0.591647612683E-014    -0.721308491637E-014     0.116087412808E-015
     0.953734839373E-002    -0.280000000000E+003    -0.887471419024E-014    -0.544347149777E-014     0.121717685105E-015
     0.101105887516E-001    -0.280000000000E+003    -0.887471419024E-014    -0.902757541562E-014     0.128974502089E-015
     0.107182234982E-001    -0.280000000000E+003    -0.118329522537E-013    -0.725796199702E-014     0.137409399782E-015
     0.113623162948E-001    -0.280000000000E+003    -0.591647612683E-014    -0.107971888342E-013     0.145339434523E-015
     0.120450546223E-001    -0.280000000000E+003    -0.118329522537E-013    -0.108420659149E-013     0.156296675382E-015
     0.127687572104E-001    -0.280000000000E+003    -0.177494283805E-013    -0.371873515982E-014     0.169420881626E-015
     0.135358819124E-001    -0.280000000000E+003    -0.147911903171E-013    -0.548834857842E-014     0.181523505419E-015
     0.143490340526E-001    -0.280000000000E+003    -0.118329522537E-013    -0.367385807917E-014     0.191598588158E-015
     0.152109752747E-001    -0.280000000000E+003    -0.887471419024E-014    -0.544347149777E-014     0.200572382942E-015
     0.161246329208E-001    -0.280000000000E+003    -0.591647612683E-014    -0.362898099851E-014     0.206913864246E-015
     0.170931099734E-001    -0.280000000000E+003    -0.295823806341E-014     0.176961341860E-014     0.210252330388E-015
     0.181196955938E-001    -0.280000000000E+003     0.000000000000E+000     0.000000000000E+000     0.210252330388E-015
     0.192078762926E-001    -0.280000000000E+003    -0.295823806341E-014     0.176961341860E-014     0.214003430539E-015
     0.203613477710E-001    -0.280000000000E+003    -0.887471419024E-014    -0.185936757991E-014     0.224462421448E-015
     0.215840274722E-001    -0.280000000000E+003    -0.887471419024E-014    -0.185936757991E-014     0.235548951214E-015
     0.228800678855E-001    -0.280000000000E+003    -0.147911903171E-013     0.167985925729E-014     0.254842167600E-015
     0.242538706494E-001    -0.280000000000E+003    -0.236659045073E-013    -0.376361224047E-014     0.287763017275E-015
     0.257101015006E-001    -0.280000000000E+003    -0.887471419024E-014    -0.902757541562E-014     0.306197868603E-015
     0.272537061195E-001    -0.280000000000E+003    -0.295823806341E-014     0.176961341860E-014     0.311518874136E-015
     0.288899269272E-001    -0.280000000000E+003     0.000000000000E+000     0.000000000000E+000     0.311518874136E-015
     0.306243208897E-001    -0.280000000000E+003     0.295823806341E-014     0.181449049926E-014     0.317537882972E-015
     0.324627783907E-001    -0.280000000000E+003    -0.591647612683E-014     0.142915385908E-013     0.345974771640E-015
     0.344115432366E-001    -0.280000000000E+003    -0.118329522537E-013     0.178307654280E-013     0.387678109624E-015
     0.363603080826E-001    -0.280000000000E+003    -0.295823806341E-014     0.176961341860E-014     0.394395755063E-015
     0.383090729285E-001    -0.280000000000E+003    -0.295823806341E-014     0.176961341860E-014     0.401113400503E-015
     0.402578377744E-001    -0.280000000000E+003     0.438926139082E-030     0.358410391786E-014     0.408097976222E-015
     0.422066026203E-001    -0.280000000000E+003    -0.295823806341E-014     0.535371733646E-014     0.420017897404E-015
     0.441553674662E-001    -0.280000000000E+003    -0.295823806341E-014     0.535371733646E-014     0.431937818586E-015
     0.462210580913E-001    -0.280000000000E+003     0.000000000000E+000     0.000000000000E+000     0.431937818586E-015
     0.484106900358E-001    -0.280000000000E+003    -0.783933086805E-012     0.282574152201E-012     0.225657171086E-014
     0.507316997717E-001    -0.279999999998E+003     0.129177381517E-009    -0.497549592693E-010     0.323549648491E-012
     0.531919699588E-001    -0.279999999977E+003     0.110355000203E-008    -0.313291913087E-008     0.849557507596E-011
     0.556522401460E-001    -0.279999999973E+003     0.717976211052E-009     0.852448529698E-009     0.112375992736E-010
     0.581125103332E-001    -0.279999999919E+003     0.170990893326E-008     0.490289184049E-008     0.240125713411E-010
     0.605727805204E-001    -0.279999999798E+003     0.503102519024E-008     0.995532801094E-008     0.514553132715E-010
     0.631806667780E-001    -0.279999997269E+003     0.162775123227E-006    -0.442303379804E-007     0.491346773321E-009
     0.659450260619E-001    -0.279999998660E+003     0.638477650281E-007    -0.507737726619E-008     0.668402137335E-009
     0.688752467446E-001    -0.279999998981E+003     0.336026766494E-007     0.442449904932E-008     0.767715269219E-009
     0.719812805006E-001    -0.279999999057E+003     0.215151915960E-007     0.621499207495E-008     0.837274449347E-009
     0.752736761043E-001    -0.279999999069E+003     0.156823803253E-007     0.602481205631E-008     0.892586246014E-009
     0.787636152557E-001    -0.279999999050E+003     0.134843561857E-007     0.486088965178E-008     0.942610127348E-009
     0.824629505566E-001    -0.279999999056E+003     0.106667468275E-007     0.428911412104E-008     0.985140577474E-009
     0.861622858575E-001    -0.279999999058E+003     0.900866030033E-008     0.366159114681E-008     0.102111425193E-008
     0.898616211584E-001    -0.279999999061E+003     0.793029968960E-008     0.309218400316E-008     0.105260236623E-008
     0.935609564592E-001    -0.279999999066E+003     0.710542458332E-008     0.261932708529E-008     0.108061684722E-008
     0.974822516665E-001    -0.279999999074E+003     0.640982743929E-008     0.220548994117E-008     0.110719792858E-008
     0.101638824362E+000    -0.279999998374E+003     0.533555336036E-007    -0.137235330793E-007     0.133619258079E-008
     0.106044791181E+000    -0.279999998883E+003     0.189217545807E-007    -0.227449585092E-008     0.142016135353E-008
     0.110715115757E+000    -0.280000004171E+003    -0.337267882249E-006     0.110785884005E-006     0.307811432003E-008
     0.115385440333E+000    -0.280000000590E+003    -0.899567947236E-007     0.265969391662E-007     0.351622019256E-008
     0.120055764910E+000    -0.280000001135E+003    -0.120844453045E-006     0.383871298279E-007     0.410839365729E-008
     0.124726089486E+000    -0.279999999929E+003    -0.362256337450E-007     0.112769620147E-007     0.428558717579E-008
     0.129676633269E+000    -0.279999999595E+003    -0.121843791310E-007     0.464295568261E-008     0.435013743222E-008
     0.134924209397E+000    -0.279999999475E+003    -0.413208764712E-008     0.252635131145E-008     0.437555249998E-008
     0.140171785524E+000    -0.279999999378E+003     0.202314789353E-008     0.683062555337E-009     0.438675788983E-008
     0.145734215919E+000    -0.279999999950E+003    -0.374162269395E-007     0.127716259120E-007     0.460667365751E-008
     0.151296646313E+000    -0.279999999514E+003    -0.720880906913E-008     0.290290687372E-008     0.464990122078E-008
     0.156859076708E+000    -0.279999999446E+003    -0.199803245150E-008     0.164527942621E-008     0.466429822424E-008
     0.162421507103E+000    -0.279999999209E+003     0.146175743499E-007    -0.383662221746E-008     0.474836146459E-008
     0.168317683003E+000    -0.279999993620E+003     0.397105212741E-006    -0.119830236587E-006     0.719404402382E-008
     0.174567629119E+000    -0.279999997965E+003     0.932664492007E-007    -0.235484108514E-007     0.779524720066E-008
     0.180817575236E+000    -0.280000025961E+003    -0.183053273887E-005     0.549216462848E-006     0.197398227424E-007
     0.187442517762E+000    -0.280000005769E+003    -0.406462020664E-006     0.101720188835E-006     0.225156528773E-007
     0.194464956461E+000    -0.280000003336E+003    -0.216633274967E-006     0.561474764287E-007     0.240872130760E-007
     0.201487395159E+000    -0.280000000035E+003     0.138181370681E-007    -0.739076072532E-008     0.241972581313E-007
     0.208509833858E+000    -0.280000000264E+003    -0.714595831221E-008     0.461736659520E-008     0.242570045158E-007
     0.215532272556E+000    -0.280000000237E+003    -0.618585919291E-008    -0.214066428230E-008     0.243029718877E-007
     0.222976057175E+000    -0.280000000344E+003    -0.835815847601E-008    -0.560058714755E-008     0.243778644220E-007
     0.230419841793E+000    -0.280000000345E+003    -0.228160026664E-008    -0.741025881426E-008     0.244355802252E-007
     0.238310253063E+000    -0.280000000465E+003    -0.616134130781E-008    -0.474444090546E-008     0.244969389400E-007
     0.246200664333E+000    -0.280000000501E+003    -0.641872280851E-008    -0.367746464414E-008     0.245553086533E-007
     0.254091075603E+000    -0.280000000483E+003    -0.528398114829E-008    -0.171719286684E-008     0.245991478295E-007
     0.261981486873E+000    -0.279999991491E+003     0.618653705916E-006    -0.177167785590E-006     0.296768027113E-007
     0.269871898142E+000    -0.279999998360E+003     0.124842294846E-006    -0.304004791403E-007     0.306906449596E-007
     0.277762309412E+000    -0.279999997753E+003     0.159001937406E-006    -0.436374383883E-007     0.319916262043E-007
     0.285652720682E+000    -0.279999999472E+003     0.358985355400E-007    -0.883400183986E-008     0.322833308184E-007
     0.294016556176E+000    -0.279999999836E+003     0.104399771242E-007    -0.273318277931E-008     0.323735918378E-007
     0.302380391671E+000    -0.279999999953E+003     0.350675160784E-008    -0.118857164906E-008     0.324045606364E-007
     0.310744227165E+000    -0.279999997703E+003     0.161780086894E-006    -0.452562851649E-007     0.338096085246E-007
     0.319108062660E+000    -0.279999999537E+003     0.312633994969E-007    -0.769754312755E-008     0.340788996516E-007
     0.327973727806E+000    -0.279999997597E+003     0.166993375212E-006    -0.462694559216E-007     0.356151853796E-007
     0.336839392951E+000    -0.279999999487E+003     0.322618965606E-007    -0.736622269508E-008     0.359085694096E-007
     0.345705058097E+000    -0.280000000561E+003    -0.419234485969E-007     0.109143890500E-007     0.362926379060E-007
     0.354570723242E+000    -0.280000000125E+003    -0.731056060016E-008    -0.775348112100E-010     0.363574545335E-007
     0.363436388388E+000    -0.280000007545E+003    -0.524789924627E-006     0.143825846439E-006     0.411816338546E-007
     0.372302053533E+000    -0.279999986277E+003     0.977796878860E-006    -0.275078738357E-006     0.501869637142E-007
     0.381167718679E+000    -0.279999997457E+003     0.174383151759E-006    -0.402773874515E-007     0.517736887264E-007
     0.390033383825E+000    -0.279999999123E+003     0.473999729753E-007    -0.104227806660E-007     0.522039605458E-007
     0.398899048970E+000    -0.279999999611E+003     0.143042288650E-007    -0.362375739688E-008     0.523347832154E-007
     0.408296653517E+000    -0.279999999788E+003     0.543995131325E-008    -0.225802250962E-008     0.523901348158E-007
     0.417694258064E+000    -0.280000000382E+003    -0.339702699976E-007     0.906200930320E-008     0.527205377066E-007
     0.427091862611E+000    -0.280000000503E+003    -0.407080357984E-007     0.111173127727E-007     0.531171053525E-007
     0.437053322893E+000    -0.279999993372E+003     0.463340245947E-006    -0.124392464764E-006     0.578960910716E-007
     0.447014783175E+000    -0.280000000019E+003    -0.163843937979E-007     0.860916067109E-008     0.580804631455E-007
     0.456976243458E+000    -0.280000000290E+003    -0.365898578559E-007     0.106336697668E-007     0.584600317281E-007
     0.466937703740E+000    -0.279999999880E+003    -0.433395188660E-008     0.904321318427E-009     0.585041340458E-007
     0.476899164022E+000    -0.279999998497E+003     0.951644633476E-007    -0.255160218360E-007     0.594855953538E-007
     0.486860624304E+000    -0.279999999309E+003     0.363299709311E-007    -0.910247971078E-008     0.598586812230E-007
     0.496822084586E+000    -0.279999999889E+003    -0.640812050588E-008     0.307507830052E-008     0.599294847958E-007
     0.506783544868E+000    -0.279999999779E+003     0.748978546801E-009     0.928100401292E-009     0.599413650190E-007
     0.516745005150E+000    -0.279999972332E+003     0.193601418873E-005    -0.519408719365E-006     0.799089036975E-007
     0.526745005150E+000    -0.279999994919E+003     0.297466329392E-006    -0.634637361158E-007     0.829505128591E-007
     0.536745005150E+000    -0.279999997355E+003     0.113974125162E-006    -0.258261537304E-007     0.841191484492E-007
     0.546745005150E+000    -0.279999994719E+003     0.306560714085E-006    -0.804109745701E-007     0.872884606182E-007
     0.556745005150E+000    -0.279999999418E+003    -0.226796102635E-007     0.923374034801E-008     0.875333333776E-007
     0.566745005150E+000    -0.279999995780E+003     0.241233276828E-006    -0.641765406317E-007     0.900295729938E-007
     0.576745005150E+000    -0.279999999134E+003     0.588166952710E-008     0.899256988901E-009     0.900890731615E-007
     0.586745005150E+000    -0.279999997907E+003     0.965575571563E-007    -0.251548652839E-007     0.910868772049E-007
     0.596745005150E+000    -0.279999999039E+003     0.192535002568E-007    -0.385246721320E-008     0.912832286184E-007
     0.606745005150E+000    -0.279999999469E+003    -0.808723420073E-008     0.291188495897E-008     0.913691835084E-007
     0.616745005150E+000    -0.279999997875E+003     0.107731118300E-006    -0.284971576188E-007     0.924835479839E-007
     0.626745005150E+000    -0.280000002433E+003    -0.213527498909E-006     0.592458729096E-007     0.946994917162E-007
     0.636745005150E+000    -0.280000000217E+003    -0.490472616241E-007     0.112968138471E-007     0.952028059198E-007
     0.646745005150E+000    -0.280000004104E+003    -0.317436834048E-006     0.839977662172E-007     0.984864284368E-007
     0.656745005150E+000    -0.280000000502E+003    -0.535174550682E-007     0.107843179715E-007     0.990323606222E-007
     0.666745005150E+000    -0.279999995547E+003     0.298912912684E-006    -0.812612586888E-007     0.102129977796E-006
     0.676745005150E+000    -0.279999998103E+003     0.110283240454E-006    -0.271962547157E-007     0.103265848800E-006
     0.686745005150E+000    -0.280000017694E+003    -0.127635532769E-005     0.344166341802E-006     0.116485279172E-006
     0.696745005150E+000    -0.280000003074E+003    -0.214775495907E-006     0.477130180008E-007     0.118685393844E-006
     0.706745005150E+000    -0.280000000853E+003    -0.485447573801E-007     0.103560706089E-007     0.119181764841E-006
     0.716745005150E+000    -0.280000001777E+003    -0.117487520993E-006     0.309703691017E-007     0.120396774362E-006
     0.726745005150E+000    -0.280000001347E+003    -0.897623907606E-007     0.231914146410E-007     0.121323873521E-006
     0.736745005150E+000    -0.279999998379E+003     0.117944639115E-006    -0.324533719173E-007     0.122547154325E-006
     0.746745005150E+000    -0.279999996785E+003     0.224541141734E-006    -0.594266253085E-007     0.124869873596E-006
     0.756745005150E+000    -0.280000011720E+003    -0.837214782024E-006     0.226670790686E-006     0.133543444017E-006
