 #        time                      h  [L]            Darcian flow [L.T^{-1}]   in    x         z              directions   cumulative flux
 #-----------------------------------------------------------------------------------------------

     0.100000000000E-005     0.400000000000E+001    -0.310489595887E-012    -0.253533995355E+004     0.253533995355E-002
     0.205999994278E-005     0.400000000000E+001    -0.283849504659E-012    -0.231780710044E+004     0.499221534739E-002
     0.318359982147E-005     0.400000000000E+001    -0.257644253962E-012    -0.210382498971E+004     0.735607285063E-002
     0.437461562859E-005     0.400000000000E+001    -0.232198197641E-012    -0.189604217153E+004     0.961428904788E-002
     0.563709231599E-005     0.400000000000E+001    -0.207868845088E-012    -0.169737793160E+004     0.117571891162E-001
     0.697531753239E-005     0.400000000000E+001    -0.185026525220E-012    -0.151085623503E+004     0.137790550283E-001
     0.839383618521E-005     0.400000000000E+001    -0.164022154922E-012    -0.133934253563E+004     0.156789373976E-001
     0.989746587602E-005     0.400000000000E+001    -0.145145557143E-012    -0.118520341738E+004     0.174610444456E-001
     0.114913132622E-004     0.400000000000E+001    -0.128582307511E-012    -0.104995422027E+004     0.191345112353E-001
     0.131807914004E-004     0.400000000000E+001    -0.114381600777E-012    -0.933996649947E+003     0.207124781565E-001
     0.149716381303E-004     0.400000000000E+001    -0.102447258629E-012    -0.836545350872E+003     0.222106026624E-001
     0.168699355614E-004     0.400000000000E+001    -0.925570209587E-013    -0.755785431547E+003     0.236453082056E-001
     0.188821307298E-004     0.400000000000E+001    -0.844047681520E-013    -0.689217235621E+003     0.250321477971E-001
     0.210150574931E-004     0.400000000000E+001    -0.776524619241E-013    -0.634080471024E+003     0.263845950039E-001
     0.232759597402E-004     0.400000000000E+001    -0.719774310341E-013    -0.587740327123E+003     0.277134184302E-001
     0.256725159928E-004     0.400000000000E+001    -0.671052758680E-013    -0.547956161032E+003     0.290266261940E-001
     0.282128654833E-004     0.400000000000E+001    -0.628252590485E-013    -0.513007171474E+003     0.303298437007E-001
     0.309056357980E-004     0.400000000000E+001    -0.589903246576E-013    -0.481692555753E+003     0.316269311157E-001
     0.337599721774E-004     0.400000000000E+001    -0.555066924538E-013    -0.453246540083E+003     0.329206492039E-001
     0.367855685763E-004     0.400000000000E+001    -0.523186092113E-013    -0.427213864828E+003     0.342132259349E-001
     0.399927005860E-004     0.400000000000E+001    -0.493930197777E-013    -0.403324614183E+003     0.355067412153E-001
     0.433922603327E-004     0.400000000000E+001    -0.466864696077E-013    -0.381223954860E+003     0.368027348267E-001
     0.469957934698E-004     0.400000000000E+001    -0.442083694926E-013    -0.360988731799E+003     0.381035696839E-001
     0.508155383889E-004     0.400000000000E+001    -0.419341157079E-013    -0.342418040345E+003     0.394115192537E-001
     0.548644677845E-004     0.400000000000E+001    -0.398389966585E-013    -0.325310095011E+003     0.407286768601E-001
     0.591563327122E-004     0.400000000000E+001    -0.378986351158E-013    -0.309465840618E+003     0.420568624477E-001
     0.637057092900E-004     0.400000000000E+001    -0.360902182535E-013    -0.294698996303E+003     0.433975591590E-001
     0.685280482021E-004     0.400000000000E+001    -0.343934802656E-013    -0.280844079204E+003     0.447518844904E-001
     0.736397271730E-004     0.400000000000E+001    -0.327907609230E-013    -0.267756882603E+003     0.461205717165E-001
     0.790581065897E-004     0.400000000000E+001    -0.312653053109E-013    -0.255300592242E+003     0.475038871906E-001
     0.848015884613E-004     0.400000000000E+001    -0.297933127560E-013    -0.243280860871E+003     0.489011664047E-001
     0.908896789166E-004     0.400000000000E+001    -0.283146269856E-013    -0.231206475249E+003     0.503087723399E-001
     0.973430544509E-004     0.400000000000E+001    -0.270634302821E-013    -0.220989678828E+003     0.517349017266E-001
     0.104183632148E-003     0.400000000000E+001    -0.259277785000E-013    -0.211716378290E+003     0.531831640620E-001
     0.111434644115E-003     0.400000000000E+001    -0.248719843684E-013    -0.203095164955E+003     0.546558095336E-001
     0.119120716386E-003     0.400000000000E+001    -0.238808589298E-013    -0.195002011571E+003     0.561546090874E-001
     0.127267952553E-003     0.400000000000E+001    -0.229458832022E-013    -0.187367355373E+003     0.576811351817E-001
     0.135904022424E-003     0.400000000000E+001    -0.220611006496E-013    -0.180142557551E+003     0.592368588954E-001
     0.145058255993E-003     0.400000000000E+001    -0.212217799653E-013    -0.173288984057E+003     0.608231867304E-001
     0.154761743052E-003     0.400000000000E+001    -0.204239264740E-013    -0.166774015889E+003     0.624414762354E-001
     0.165047438780E-003     0.400000000000E+001    -0.196640740645E-013    -0.160569350103E+003     0.640930437137E-001
     0.175950275662E-003     0.400000000000E+001    -0.189391716563E-013    -0.154650072735E+003     0.657791682306E-001
     0.187507282134E-003     0.400000000000E+001    -0.182464988231E-013    -0.148993969819E+003     0.675010925041E-001
     0.199757708333E-003     0.400000000000E+001    -0.175835860033E-013    -0.143580875854E+003     0.692600194273E-001
     0.212743159403E-003     0.400000000000E+001    -0.169481239162E-013    -0.138391934131E+003     0.710571011164E-001
     0.226507736794E-003     0.400000000000E+001    -0.163378335955E-013    -0.133408535480E+003     0.728934132276E-001
     0.241098188040E-003     0.400000000000E+001    -0.157502056250E-013    -0.128610188962E+003     0.747698939195E-001
     0.256564065527E-003     0.400000000000E+001    -0.151816892605E-013    -0.123967900550E+003     0.766871662817E-001
     0.272957894778E-003     0.400000000000E+001    -0.146218267494E-013    -0.119396276212E+003     0.786445284471E-001
     0.290335352846E-003     0.400000000000E+001    -0.140904935421E-013    -0.115057611320E+003     0.806439372632E-001
     0.308755457403E-003     0.400000000000E+001    -0.136079370988E-013    -0.111117238932E+003     0.826907284225E-001
     0.328280767180E-003     0.400000000000E+001    -0.131490254074E-013    -0.107369940595E+003     0.847871597734E-001
     0.348977594427E-003     0.400000000000E+001    -0.127093237235E-013    -0.103779503873E+003     0.869350662367E-001
     0.370916230124E-003     0.400000000000E+001    -0.122868438970E-013    -0.100329694289E+003     0.891361628493E-001
     0.394171182707E-003     0.400000000000E+001    -0.118803236646E-013    -0.970102046801E+002     0.913921305593E-001
     0.418821431115E-003     0.400000000000E+001    -0.114887884486E-013    -0.938130770164E+002     0.937046462116E-001
     0.444950693017E-003     0.400000000000E+001    -0.111114110797E-013    -0.907315569474E+002     0.960753948259E-001
     0.472647709137E-003     0.400000000000E+001    -0.107474551024E-013    -0.877596308574E+002     0.985060747365E-001
     0.502006544641E-003     0.400000000000E+001    -0.103962467017E-013    -0.848917966301E+002     0.100998399029E+000
     0.533126908594E-003     0.400000000000E+001    -0.100571580450E-013    -0.821229276228E+002     0.103554094426E+000
     0.566114492604E-003     0.400000000000E+001    -0.972959544402E-014    -0.794481760031E+002     0.106174897806E+000
     0.601081329767E-003     0.400000000000E+001    -0.940837210746E-014    -0.768251884054E+002     0.108861231659E+000
     0.638146175159E-003     0.400000000000E+001    -0.910374994567E-014    -0.743377596872E+002     0.111616549229E+000
     0.677434909153E-003     0.400000000000E+001    -0.880916249348E-014    -0.719322705911E+002     0.114442677074E+000
     0.719080964939E-003     0.400000000000E+001    -0.852358543492E-014    -0.696003569425E+002     0.117341257422E+000
     0.763225781689E-003     0.400000000000E+001    -0.824640789709E-014    -0.673370305857E+002     0.120313838297E+000
     0.810019284919E-003     0.400000000000E+001    -0.797694163501E-014    -0.651366715739E+002     0.123361811349E+000
     0.859620395664E-003     0.400000000000E+001    -0.771414418355E-014    -0.629907675333E+002     0.126486223385E+000
     0.912197570216E-003     0.400000000000E+001    -0.745557941369E-014    -0.608794259609E+002     0.129687091591E+000
     0.967929372233E-003     0.400000000000E+001    -0.719145842718E-014    -0.587227144364E+002     0.132959814285E+000
     0.102700507918E-002     0.400000000000E+001    -0.696211921310E-014    -0.568500176373E+002     0.136318269267E+000
     0.108962532517E-002     0.400000000000E+001    -0.674154084270E-014    -0.550488585558E+002     0.139765442331E+000
     0.115600278233E-002     0.400000000000E+001    -0.652734907093E-014    -0.532998500096E+002     0.143303350842E+000
     0.122636288312E-002     0.400000000000E+001    -0.631828121751E-014    -0.515926814320E+002     0.146933417108E+000
     0.130094458593E-002     0.400000000000E+001    -0.611034855371E-014    -0.498947823811E+002     0.150654654939E+000
     0.138000118665E-002     0.400000000000E+001    -0.589931175977E-014    -0.481715361839E+002     0.154462932841E+000
     0.146380117888E-002     0.400000000000E+001    -0.569811744813E-014    -0.465286599540E+002     0.158362034184E+000
     0.155262916586E-002     0.400000000000E+001    -0.553025311319E-014    -0.451579436377E+002     0.162373323413E+000
     0.164678682697E-002     0.400000000000E+001    -0.536932923500E-014    -0.438439004515E+002     0.166501562534E+000
     0.174659394236E-002     0.400000000000E+001    -0.521374281960E-014    -0.425734409564E+002     0.170750694868E+000
     0.185238947896E-002     0.400000000000E+001    -0.506321341535E-014    -0.413442750912E+002     0.175124734636E+000
     0.196453274170E-002     0.400000000000E+001    -0.491561021315E-014    -0.401390034790E+002     0.179626053450E+000
     0.208340459379E-002     0.400000000000E+001    -0.477376430363E-014    -0.389807437292E+002     0.184259766653E+000
     0.220940875020E-002     0.400000000000E+001    -0.463643133872E-014    -0.378593349687E+002     0.189030200218E+000
     0.234297314879E-002     0.400000000000E+001    -0.450345027820E-014    -0.367734622043E+002     0.193941825581E+000
     0.248455140365E-002     0.400000000000E+001    -0.437444559280E-014    -0.357200590068E+002     0.198999009199E+000
     0.263462434571E-002     0.400000000000E+001    -0.424980434495E-014    -0.347022859808E+002     0.204206883352E+000
     0.279370165569E-002     0.400000000000E+001    -0.413255416343E-014    -0.337448655915E+002     0.209574925796E+000
     0.296232359518E-002     0.400000000000E+001    -0.401096168029E-014    -0.327519876187E+002     0.215097629470E+000
     0.314106284138E-002     0.400000000000E+001    -0.389431648556E-014    -0.317995073214E+002     0.220781449439E+000
     0.333052643213E-002     0.400000000000E+001    -0.378257868323E-014    -0.308870989240E+002     0.226633430109E+000
     0.353135782749E-002     0.400000000000E+001    -0.367443684388E-014    -0.300040537928E+002     0.232659186098E+000
     0.374423909507E-002     0.400000000000E+001    -0.356992161278E-014    -0.291506221652E+002     0.238864807496E+000
     0.396989322653E-002     0.400000000000E+001    -0.346695829463E-014    -0.283098628686E+002     0.245253045013E+000
     0.420908659296E-002     0.400000000000E+001    -0.336723149346E-014    -0.274955317387E+002     0.251829793811E+000
     0.446263154769E-002     0.400000000000E+001    -0.326830964168E-014    -0.266877735193E+002     0.258596344140E+000
     0.473138918520E-002     0.400000000000E+001    -0.317599153635E-014    -0.259339389819E+002     0.265566288312E+000
     0.501627226558E-002     0.400000000000E+001    -0.308640472546E-014    -0.252024071562E+002     0.272746027696E+000
     0.531824831448E-002     0.400000000000E+001    -0.299858453655E-014    -0.244853008936E+002     0.280140002116E+000
     0.563834290904E-002     0.400000000000E+001    -0.291395588017E-014    -0.237942554719E+002     0.287756414674E+000
     0.597764316095E-002     0.400000000000E+001    -0.283043589207E-014    -0.231122630136E+002     0.295598411337E+000
     0.633730140856E-002     0.400000000000E+001    -0.274788550709E-014    -0.224381879657E+002     0.303668490700E+000
     0.671853913045E-002     0.400000000000E+001    -0.267131628723E-014    -0.218129528374E+002     0.311984411148E+000
     0.712265109384E-002     0.400000000000E+001    -0.259357592599E-014    -0.211781546141E+002     0.320542756790E+000
     0.755100975191E-002     0.400000000000E+001    -0.252047899802E-014    -0.205812729007E+002     0.329358923231E+000
     0.800506990496E-002     0.400000000000E+001    -0.244821131048E-014    -0.199911624493E+002     0.338436113512E+000
     0.848637364120E-002     0.400000000000E+001    -0.237893851595E-014    -0.194255071553E+002     0.347785682684E+000
     0.899655557408E-002     0.400000000000E+001    -0.231289150677E-014    -0.188861923976E+002     0.357421076826E+000
     0.953734839373E-002     0.400000000000E+001    -0.224426682053E-014    -0.183258293092E+002     0.367331553731E+000
     0.101105887516E-001     0.400000000000E+001    -0.218123874398E-014    -0.178111660072E+002     0.377541632907E+000
     0.107182234982E-001     0.400000000000E+001    -0.211974943226E-014    -0.173090676735E+002     0.388059223856E+000
     0.113623162948E-001     0.400000000000E+001    -0.205732572499E-014    -0.167993394212E+002     0.398879557365E+000
     0.120450546223E-001     0.400000000000E+001    -0.199887069636E-014    -0.163220178892E+002     0.410023224561E+000
     0.127687572104E-001     0.400000000000E+001    -0.194010617992E-014    -0.158421691974E+002     0.421488243410E+000
     0.135358819124E-001     0.400000000000E+001    -0.188413089861E-014    -0.153850963390E+002     0.433290530854E+000
     0.143490340526E-001     0.400000000000E+001    -0.182500176031E-014    -0.149022702838E+002     0.445408343830E+000
     0.152109752747E-001     0.400000000000E+001    -0.177012347429E-014    -0.144541550717E+002     0.457866975917E+000
     0.161246329208E-001     0.400000000000E+001    -0.171336701041E-014    -0.139907033734E+002     0.470649689028E+000
     0.170931099734E-001     0.400000000000E+001    -0.165367004969E-014    -0.135032406964E+002     0.483727267778E+000
     0.181196955938E-001     0.400000000000E+001    -0.158938457950E-014    -0.129783099960E+002     0.497050614196E+000
     0.192078762926E-001     0.400000000000E+001    -0.152401049683E-014    -0.124444901003E+002     0.510592468130E+000
     0.203613477710E-001     0.400000000000E+001    -0.145434467115E-014    -0.118756254633E+002     0.524290663391E+000
     0.215840274722E-001     0.400000000000E+001    -0.138117977808E-014    -0.112781887728E+002     0.538080275869E+000
     0.228800678855E-001     0.400000000000E+001    -0.130172355440E-014    -0.106293794693E+002     0.551856381230E+000
     0.242538706494E-001     0.400000000000E+001    -0.121656993409E-014    -0.993404739178E+001     0.565503802993E+000
     0.257101015006E-001     0.400000000000E+001    -0.112591442337E-014    -0.919378896962E+001     0.578892082130E+000
     0.272537061195E-001     0.400000000000E+001    -0.103024147166E-014    -0.841256003267E+001     0.591877748653E+000
     0.288899269272E-001     0.400000000000E+001    -0.930174854584E-015    -0.759545409526E+001     0.604305588688E+000
     0.306243208897E-001     0.400000000000E+001    -0.827448687290E-015    -0.675663128231E+001     0.616024249191E+000
     0.324627783907E-001     0.400000000000E+001    -0.736121682012E-015    -0.601088969100E+001     0.627075014431E+000
     0.344115432366E-001     0.400000000000E+001    -0.657998843445E-015    -0.537296830321E+001     0.637545666179E+000
     0.363603080826E-001     0.400000000000E+001    -0.600890207201E-015    -0.490664089940E+001     0.647107555475E+000
     0.383090729285E-001     0.400000000000E+001    -0.560769501008E-015    -0.457903047146E+001     0.656031009086E+000
     0.402578377744E-001     0.400000000000E+001    -0.529924569541E-015    -0.432716249215E+001     0.664463631233E+000
     0.422066026203E-001     0.400000000000E+001    -0.508417799162E-015    -0.415154638477E+001     0.672554018884E+000
     0.441553674662E-001     0.400000000000E+001    -0.491222979892E-015    -0.401114003020E+001     0.680370787567E+000
     0.462210580913E-001     0.400000000000E+001    -0.471167547161E-015    -0.384737499408E+001     0.688318274024E+000
     0.484106900358E-001     0.400000000000E+001    -0.455921041438E-015    -0.372287782694E+001     0.696470006239E+000
     0.507316997717E-001     0.400000000000E+001    -0.440167643092E-015    -0.359424156743E+001     0.704812275910E+000
     0.531919699588E-001     0.400000000000E+001    -0.432620056734E-015    -0.353261084776E+001     0.713503453061E+000
     0.556522401460E-001     0.400000000000E+001    -0.425320944578E-015    -0.347300907391E+001     0.722047993746E+000
     0.581125103332E-001     0.400000000000E+001    -0.421826854561E-015    -0.344447766372E+001     0.730522339452E+000
     0.605727805204E-001     0.400000000000E+001    -0.416344943087E-015    -0.339971445952E+001     0.738886555582E+000
     0.631806667780E-001     0.400000000000E+001    -0.409191602809E-015    -0.334130300340E+001     0.747600293767E+000
     0.659450260619E-001     0.400000000000E+001    -0.403159669040E-015    -0.329204852632E+001     0.756700698674E+000
     0.688752467446E-001     0.400000000000E+001    -0.395853414720E-015    -0.323238843229E+001     0.766172310113E+000
     0.719812805006E-001     0.400000000000E+001    -0.387902215704E-015    -0.316746196515E+001     0.776010553897E+000
     0.752736761043E-001     0.400000000000E+001    -0.379319023634E-015    -0.309737488310E+001     0.786208337345E+000
     0.787636152557E-001     0.400000000000E+001    -0.373224793114E-015    -0.304761171444E+001     0.796844316786E+000
     0.824629505566E-001     0.400000000000E+001    -0.371105949651E-015    -0.303031004457E+001     0.808054449706E+000
     0.861622858575E-001     0.400000000000E+001    -0.367751428406E-015    -0.300291829989E+001     0.819163251379E+000
     0.898616211584E-001     0.400000000000E+001    -0.365104283582E-015    -0.298130272203E+001     0.830192089781E+000
     0.935609564592E-001     0.400000000000E+001    -0.362316431953E-015    -0.295853818591E+001     0.841136714531E+000
     0.974822516665E-001     0.400000000000E+001    -0.358343356003E-015    -0.292609555876E+001     0.852610799022E+000
     0.101638824362E+000     0.400000000000E+001    -0.357179589024E-015    -0.291659268021E+001     0.864733828520E+000
     0.106044791181E+000     0.400000000000E+001    -0.353956753165E-015    -0.289027622831E+001     0.877468289680E+000
     0.110715115757E+000     0.400000000000E+001    -0.350467057423E-015    -0.286178070009E+001     0.890833734415E+000
     0.115385440333E+000     0.400000000000E+001    -0.347265309612E-015    -0.283563644516E+001     0.904077076994E+000
     0.120055764910E+000     0.400000000000E+001    -0.343029187438E-015    -0.280104588259E+001     0.917158870419E+000
     0.124726089486E+000     0.400000000000E+001    -0.337909065387E-015    -0.275923691322E+001     0.930045402386E+000
     0.129676633269E+000     0.400000000000E+001    -0.336734320856E-015    -0.274964439617E+001     0.943657637359E+000
     0.134924209397E+000     0.400000000000E+001    -0.333823731034E-015    -0.272587762665E+001     0.957961887718E+000
     0.140171785524E+000     0.400000000000E+001    -0.331094484276E-015    -0.270359163562E+001     0.972149190643E+000
     0.145734215919E+000     0.400000000000E+001    -0.328435099421E-015    -0.268187611031E+001     0.987066939834E+000
     0.151296646313E+000     0.400000000000E+001    -0.325795771140E-015    -0.266032435938E+001     0.100186480891E+001
     0.156859076708E+000     0.400000000000E+001    -0.322424656733E-015    -0.263279712124E+001     0.101650955964E+001
     0.162421507103E+000     0.400000000000E+001    -0.320132518422E-015    -0.261408039155E+001     0.103105019986E+001
     0.168317683003E+000     0.400000000000E+001    -0.318354438616E-015    -0.259956126810E+001     0.104637767036E+001
     0.174567629119E+000     0.400000000000E+001    -0.316381209388E-015    -0.258344862868E+001     0.106252408509E+001
     0.180817575236E+000     0.400000000000E+001    -0.313601054466E-015    -0.256074694095E+001     0.107852861549E+001
     0.187442517762E+000     0.400000000000E+001    -0.309749379491E-015    -0.252929562798E+001     0.109528505365E+001
     0.194464956461E+000     0.400000000000E+001    -0.309085781206E-015    -0.252387693677E+001     0.111300882473E+001
     0.201487395159E+000     0.400000000000E+001    -0.306868265627E-015    -0.250576954793E+001     0.113060543777E+001
     0.208509833858E+000     0.400000000000E+001    -0.304658603667E-015    -0.248772628875E+001     0.114807534313E+001
     0.215532272556E+000     0.400000000000E+001    -0.301667171982E-015    -0.246329939532E+001     0.116537371213E+001
     0.222976057175E+000     0.400000000000E+001    -0.300115416707E-015    -0.245062835192E+001     0.118361566176E+001
     0.230419841793E+000     0.400000000000E+001    -0.297200426559E-015    -0.242682565100E+001     0.120168042921E+001
     0.238310253063E+000     0.400000000000E+001    -0.296273800457E-015    -0.241925917468E+001     0.122076937907E+001
     0.246200664333E+000     0.400000000000E+001    -0.293493331918E-015    -0.239655492606E+001     0.123967918307E+001
     0.254091075603E+000     0.400000000000E+001    -0.290860899822E-015    -0.237505948674E+001     0.125841937921E+001
     0.261981486873E+000     0.400000000000E+001    -0.288577013226E-015    -0.235641013741E+001     0.127701242431E+001
     0.269871898142E+000     0.400000000000E+001    -0.286064006822E-015    -0.233588988288E+001     0.129544355617E+001
     0.277762309412E+000     0.400000000000E+001    -0.284057144246E-015    -0.231950260633E+001     0.131374538568E+001
     0.285652720682E+000     0.400000000000E+001    -0.281863772251E-015    -0.230159236481E+001     0.133190589601E+001
     0.294016556176E+000     0.400000000000E+001    -0.279919955551E-015    -0.228571989692E+001     0.135102328121E+001
     0.302380391671E+000     0.400000000000E+001    -0.278318669470E-015    -0.227264440379E+001     0.137003130514E+001
     0.310744227165E+000     0.400000000000E+001    -0.277589080551E-015    -0.226668685815E+001     0.138898950114E+001
     0.319108062660E+000     0.400000000000E+001    -0.274413789271E-015    -0.224075863720E+001     0.140773083777E+001
     0.327973727806E+000     0.400000000000E+001    -0.274812964558E-015    -0.224401815078E+001     0.142762555127E+001
     0.336839392951E+000     0.400000000000E+001    -0.269600162555E-015    -0.220145239217E+001     0.144714289102E+001
     0.345705058097E+000     0.400000000000E+001    -0.270318199573E-015    -0.220731560937E+001     0.146671221208E+001
     0.354570723242E+000     0.400000000000E+001    -0.266279797570E-015    -0.217433955452E+001     0.148598917848E+001
     0.363436388388E+000     0.400000000000E+001    -0.267170066336E-015    -0.218160915067E+001     0.150533059469E+001
     0.372302053533E+000     0.400000000000E+001    -0.263218135779E-015    -0.214933918875E+001     0.152438591622E+001
     0.381167718679E+000     0.400000000000E+001    -0.263312111586E-015    -0.215010655946E+001     0.154344804101E+001
     0.390033383825E+000     0.400000000000E+001    -0.260319472554E-015    -0.212566980729E+001     0.156229351773E+001
     0.398899048970E+000     0.400000000000E+001    -0.260455517080E-015    -0.212678069515E+001     0.158114884321E+001
     0.408296653517E+000     0.400000000000E+001    -0.258045156309E-015    -0.210709860581E+001     0.160095052265E+001
     0.417694258064E+000     0.400000000000E+001    -0.258868685389E-015    -0.211382323107E+001     0.162081539746E+001
     0.427091862611E+000     0.400000000000E+001    -0.258925776961E-015    -0.211428941913E+001     0.164068465332E+001
     0.437053322893E+000     0.400000000000E+001    -0.255621859948E-015    -0.208731088936E+001     0.166147731784E+001
     0.447014783175E+000     0.400000000000E+001    -0.255225773584E-015    -0.208407659875E+001     0.168223776410E+001
     0.456976243458E+000     0.400000000000E+001    -0.255383933954E-015    -0.208536807618E+001     0.170301107536E+001
     0.466937703740E+000     0.400000000000E+001    -0.253164912622E-015    -0.206724839193E+001     0.172360388811E+001
     0.476899164022E+000     0.400000000000E+001    -0.253787760046E-015    -0.207233432711E+001     0.174424736420E+001
     0.486860624304E+000     0.400000000000E+001    -0.254063169961E-015    -0.207458321973E+001     0.176491324255E+001
     0.496822084586E+000     0.400000000000E+001    -0.253984668942E-015    -0.207394221027E+001     0.178557273550E+001
     0.506783544868E+000     0.400000000000E+001    -0.253009829421E-015    -0.206598204149E+001     0.180615293355E+001
     0.516745005150E+000     0.400000000000E+001    -0.248519067138E-015    -0.202931218463E+001     0.182636784628E+001
     0.526745005150E+000     0.400000000000E+001    -0.249390211144E-015    -0.203642561527E+001     0.184673210243E+001
     0.536745005150E+000     0.400000000000E+001    -0.249677776985E-015    -0.203877376856E+001     0.186711984012E+001
     0.546745005150E+000     0.400000000000E+001    -0.245933453464E-015    -0.200819904674E+001     0.188720183059E+001
     0.556745005150E+000     0.400000000000E+001    -0.246856628089E-015    -0.201573733963E+001     0.190735920398E+001
     0.566745005150E+000     0.400000000000E+001    -0.247095525794E-015    -0.201768808743E+001     0.192753608486E+001
     0.576745005150E+000     0.400000000000E+001    -0.243303600431E-015    -0.198672466707E+001     0.194740333153E+001
     0.586745005150E+000     0.400000000000E+001    -0.244200952782E-015    -0.199405210508E+001     0.196734385258E+001
     0.596745005150E+000     0.400000000000E+001    -0.244404711332E-015    -0.199571591990E+001     0.198730101178E+001
     0.606745005150E+000     0.400000000000E+001    -0.244310714098E-015    -0.199494837424E+001     0.200725049552E+001
     0.616745005150E+000     0.400000000000E+001    -0.240609437634E-015    -0.196472515832E+001     0.202689774710E+001
     0.626745005150E+000     0.400000000000E+001    -0.241697152164E-015    -0.197360702148E+001     0.204663381732E+001
     0.636745005150E+000     0.400000000000E+001    -0.241508777401E-015    -0.197206882481E+001     0.206635450557E+001
     0.646745005150E+000     0.400000000000E+001    -0.241465848072E-015    -0.197171828024E+001     0.208607168837E+001
     0.656745005150E+000     0.400000000000E+001    -0.241680989864E-015    -0.197347504629E+001     0.210580643883E+001
     0.666745005150E+000     0.400000000000E+001    -0.240920341533E-015    -0.196726388131E+001     0.212547907764E+001
     0.676745005150E+000     0.400000000000E+001    -0.240621711312E-015    -0.196482538050E+001     0.214512733145E+001
     0.686745005150E+000     0.400000000000E+001    -0.240261137547E-015    -0.196188107228E+001     0.216474614217E+001
     0.696745005150E+000     0.400000000000E+001    -0.239915935209E-015    -0.195906228127E+001     0.218433676499E+001
     0.706745005150E+000     0.400000000000E+001    -0.236276884077E-015    -0.192934717375E+001     0.220363023672E+001
     0.716745005150E+000     0.400000000000E+001    -0.236624847651E-015    -0.193218851195E+001     0.222295212184E+001
     0.726745005150E+000     0.400000000000E+001    -0.236739700281E-015    -0.193312635484E+001     0.224228338539E+001
     0.736745005150E+000     0.400000000000E+001    -0.233525498174E-015    -0.190688040287E+001     0.226135218942E+001
     0.746745005150E+000     0.400000000000E+001    -0.234074352040E-015    -0.191136213480E+001     0.228046581077E+001
     0.756745005150E+000     0.400000000000E+001    -0.234487035742E-015    -0.191473195296E+001     0.229961313030E+001
