 #        time                      h  [L]            Darcian flow [L.T^{-1}]   in    x         z              directions   cumulative flux
 #-----------------------------------------------------------------------------------------------

     0.100000000000E-005    -0.278500000000E+003    -0.238924899263E-013     0.262694182303E-013     0.355096241748E-019
     0.205999994278E-005    -0.278500000000E+003     0.150513706973E-016     0.104816161180E-012     0.146614750174E-018
     0.318359982147E-005    -0.278500000000E+003     0.752568534864E-017     0.524080805901E-013     0.205500463775E-018
     0.437461562859E-005    -0.278500000000E+003    -0.238924899263E-013     0.262694182303E-013     0.247792987472E-018
     0.563709231599E-005    -0.278500000000E+003    -0.955925367612E-013    -0.521465688491E-013     0.385265034104E-018
     0.697531753239E-005    -0.278500000000E+003    -0.406300265398E-012    -0.444357260117E-012     0.119102029437E-017
     0.839383618521E-005    -0.278500000000E+003    -0.143403856512E-011    -0.183036014454E-011     0.448939946636E-017
     0.989746587602E-005    -0.278500000000E+003    -0.480405365165E-011    -0.630203274613E-011     0.164046139075E-016
     0.114913132622E-004    -0.278500000000E+003    -0.152725840940E-010    -0.200043143251E-010     0.565184443633E-016
     0.131807914004E-004    -0.278500000000E+003    -0.447423644648E-010    -0.596228243780E-010     0.182458363614E-015
     0.149716381303E-004    -0.278500000000E+003    -0.125097257328E-009    -0.168673871790E-009     0.558537024609E-015
     0.168699355614E-004    -0.278499999999E+003    -0.334374102381E-009    -0.455402520385E-009     0.163102886784E-014
     0.188821307298E-004    -0.278499999999E+003    -0.858427894945E-009    -0.118207450742E-008     0.457062397856E-014
     0.210150574931E-004    -0.278499999997E+003    -0.212726431588E-008    -0.296171011898E-008     0.123483466996E-013
     0.232759597402E-004    -0.278499999992E+003    -0.510565632966E-008    -0.718947249635E-008     0.322848695578E-013
     0.256725159928E-004    -0.278499999981E+003    -0.119023435674E-007    -0.169580902862E-007     0.819371317494E-013
     0.282128654833E-004    -0.278499999955E+003    -0.270137235570E-007    -0.389598563544E-007     0.202372517521E-012
     0.309056357980E-004    -0.278499999900E+003    -0.598067504020E-007    -0.873512736638E-007     0.487438757445E-012
     0.337599721774E-004    -0.278499999779E+003    -0.129366606873E-006    -0.191440088669E-006     0.114693888547E-011
     0.367855685763E-004    -0.278499999523E+003    -0.273761047363E-006    -0.410668315231E-006     0.264022803775E-011
     0.399927005860E-004    -0.278499998990E+003    -0.567376348113E-006    -0.863233112137E-006     0.595319280559E-011
     0.433922603327E-004    -0.278499997904E+003    -0.115267993766E-005    -0.177968559484E-005     0.131615036123E-010
     0.469957934698E-004    -0.278499995730E+003    -0.229722039123E-005    -0.360136345776E-005     0.285545555753E-010
     0.508155383889E-004    -0.278499991451E+003    -0.449380802733E-005    -0.715768266497E-005     0.608368765398E-010
     0.548644677845E-004    -0.278499983172E+003    -0.863295849181E-005    -0.139793433707E-004     0.127361416568E-009
     0.591563327122E-004    -0.278499967420E+003    -0.162935511371E-004    -0.268410171276E-004     0.262123242220E-009
     0.637057092900E-004    -0.278499937936E+003    -0.302224002037E-004    -0.506834726777E-004     0.530583024796E-009
     0.685280482021E-004    -0.278499883627E+003    -0.551085329861E-004    -0.941498325346E-004     0.105666332128E-008
     0.736397271730E-004    -0.278499785164E+003    -0.988057797126E-004    -0.172094242844E-003     0.207103232683E-008
     0.790581065897E-004    -0.278499609420E+003    -0.174219588007E-003    -0.309595810938E-003     0.399590756127E-008
     0.848015884613E-004    -0.278499300571E+003    -0.302150849208E-003    -0.548248626982E-003     0.759130745320E-008
     0.908896789166E-004    -0.278498766094E+003    -0.515478050152E-003    -0.955810326469E-003     0.142026793684E-007
     0.973430544509E-004    -0.278497855204E+003    -0.865151555558E-003    -0.164068125895E-002     0.261724684466E-007
     0.104183632148E-003    -0.278496326270E+003    -0.142855561776E-002    -0.277314596548E-002     0.475114635757E-007
     0.111434644115E-003    -0.278493798591E+003    -0.232084113929E-002    -0.461581053401E-002     0.849733174291E-007
     0.119120716386E-003    -0.278489682499E+003    -0.370981162421E-002    -0.756615709288E-002     0.149741616764E-006
     0.127267952553E-003    -0.278483080250E+003    -0.583481306793E-002    -0.122145173128E-001     0.260027474952E-006
     0.135904022424E-003    -0.278472648616E+003    -0.902978670305E-002    -0.194209065025E-001     0.444990370571E-006
     0.145058255993E-003    -0.278456412867E+003    -0.137501432752E-001    -0.304138866666E-001     0.750537644017E-006
     0.154761743052E-003    -0.278431521147E+003    -0.206023713760E-001    -0.469137434313E-001     0.124772722298E-005
     0.165047438780E-003    -0.278393928725E+003    -0.303742855828E-001    -0.712805711461E-001     0.204468726435E-005
     0.175950275662E-003    -0.278338003648E+003    -0.440625729701E-001    -0.106685204212E+000     0.330316197099E-005
     0.187507282134E-003    -0.278256049782E+003    -0.628928744013E-001    -0.157297237407E+000     0.526097257684E-005
     0.199757708333E-003    -0.278137750557E+003    -0.883261580410E-001    -0.228479703874E+000     0.826181406579E-005
     0.212743159403E-003    -0.277969547703E+003    -0.122043784105E+000    -0.326974561338E+000     0.127938490221E-004
     0.226507736794E-003    -0.277733983960E+003    -0.165902667736E+000    -0.461057409637E+000     0.195384586578E-004
     0.241098188040E-003    -0.277409057249E+003    -0.221851651824E+000    -0.640634464612E+000     0.294302107886E-004
     0.256564065527E-003    -0.276967654888E+003    -0.291801043755E+000    -0.877250574042E+000     0.437285497675E-004
     0.272957894778E-003    -0.276377158155E+003    -0.377439830914E+000    -0.118397500195E+001     0.641008602076E-004
     0.290335352846E-003    -0.275599326061E+003    -0.480000043884E+000    -0.157513296580E+001     0.927153865250E-004
     0.308755457403E-003    -0.274590578488E+003    -0.599975296245E+000    -0.206585572651E+001     0.132341010001E-003
     0.328280767180E-003    -0.273302798207E+003    -0.736810611537E+000    -0.267143012884E+001     0.186449123488E-003
     0.348977594427E-003    -0.271684748580E+003    -0.888594722226E+000    -0.340644349738E+001     0.259310944676E-003
     0.370916230124E-003    -0.269684152095E+003    -0.105180240208E+001    -0.428374279731E+001     0.356081818229E-003
     0.394171182707E-003    -0.267250392823E+003    -0.122114900906E+001    -0.531325725555E+001     0.482862708738E-003
     0.418821431115E-003    -0.264337701102E+003    -0.138962585992E+001    -0.650076782545E+001     0.646728546603E-003
     0.444950693017E-003    -0.260908568271E+003    -0.154877638777E+001    -0.784673979562E+001     0.855713698788E-003
     0.472647709137E-003    -0.256937047568E+003    -0.168924409035E+001    -0.934535979937E+001     0.111874684563E-002
     0.502006544641E-003    -0.252411550414E+003    -0.180157380204E+001    -0.109839277892E+002     0.144553104520E-002
     0.533126908594E-003    -0.247336764971E+003    -0.187718529166E+001    -0.127427406918E+002     0.184636962631E-002
     0.566114492604E-003    -0.241734411760E+003    -0.190937849326E+001    -0.145955624285E+002     0.233194436290E-002
     0.601081329767E-003    -0.235631528132E+003    -0.189258275463E+001    -0.165125655720E+002     0.291311664537E-002
     0.638146175159E-003    -0.229097070726E+003    -0.182733911268E+001    -0.184516870737E+002     0.360037116968E-002
     0.677434909153E-003    -0.222196465139E+003    -0.171707687141E+001    -0.203763168894E+002     0.440376827885E-002
     0.719080964939E-003    -0.215002477249E+003    -0.156802560705E+001    -0.222506774472E+002     0.533271933219E-002
     0.763225781689E-003    -0.207591560653E+003    -0.138846734392E+001    -0.240416549131E+002     0.639580224181E-002
     0.810019284919E-003    -0.200040258966E+003    -0.118781588083E+001    -0.257203855950E+002     0.760063194690E-002
     0.859620395664E-003    -0.192421983243E+003    -0.975673518947E+000    -0.272634203483E+002     0.895379354641E-002
     0.912197570216E-003    -0.184804379006E+003    -0.761009459126E+000    -0.286533926841E+002     0.104608392199E-001
     0.967929372233E-003    -0.177247368134E+003    -0.551572571663E+000    -0.298792260200E+002     0.121263460372E-001
     0.102700507918E-002    -0.169802468387E+003    -0.353458167385E+000    -0.309353492655E+002     0.139539929498E-001
     0.108962532517E-002    -0.162512945246E+003    -0.171033752426E+000    -0.318206980318E+002     0.159466416709E-001
     0.115600278233E-002    -0.155413448807E+003    -0.713404651646E-002    -0.325385170844E+002     0.181064657467E-001
     0.122636288312E-002    -0.148530239582E+003     0.136774394343E+000    -0.330957384693E+002     0.204351051265E-001
     0.130094458593E-002    -0.141881331413E+003     0.260203258270E+000    -0.335041378657E+002     0.229339761367E-001
     0.138000118665E-002    -0.135477586976E+003     0.363446790521E+000    -0.337727031704E+002     0.256040858470E-001
     0.146380117888E-002    -0.129327633770E+003     0.449193557089E+000    -0.339127852763E+002     0.284462262761E-001
     0.155262916586E-002    -0.123434894759E+003     0.517608803480E+000    -0.339369955055E+002     0.314611318810E-001
     0.164678682697E-002    -0.117799914400E+003     0.570669010244E+000    -0.338565189060E+002     0.346494353298E-001
     0.174659394236E-002    -0.112419924079E+003     0.610188506245E+000    -0.336832185684E+002     0.380118117944E-001
     0.185238947896E-002    -0.107288821493E+003     0.637996852517E+000    -0.334292897140E+002     0.415491254703E-001
     0.196453274170E-002    -0.102395353779E+003     0.655379654569E+000    -0.331089160054E+002     0.452627946840E-001
     0.208340459379E-002    -0.977350667158E+002     0.664653015643E+000    -0.327273695200E+002     0.491539599137E-001
     0.220940875020E-002    -0.932976115324E+002     0.666609676148E+000    -0.322952366409E+002     0.532241607518E-001
     0.234297314879E-002    -0.890741924927E+002     0.663712420245E+000    -0.318206563206E+002     0.574751919851E-001
     0.248455140365E-002    -0.850533539557E+002     0.656206799865E+000    -0.313112331328E+002     0.619091551494E-001
     0.263462434571E-002    -0.812244713116E+002     0.643934209052E+000    -0.307737764641E+002     0.665284772654E-001
     0.279370165569E-002    -0.775666449024E+002     0.628695260625E+000    -0.302142932311E+002     0.713359261529E-001
     0.296232359518E-002    -0.740866194311E+002     0.610383643493E+000    -0.296340795507E+002     0.763339419911E-001
     0.314106284138E-002    -0.707894143985E+002     0.592123224026E+000    -0.290388351210E+002     0.815254004126E-001
     0.333052643213E-002    -0.676369002099E+002     0.570863808052E+000    -0.284294947315E+002     0.869128403628E-001
     0.353135782749E-002    -0.646382873407E+002     0.551967895935E+000    -0.278138428378E+002     0.924998330599E-001
     0.374423909507E-002    -0.617847849396E+002     0.530099715775E+000    -0.271915696001E+002     0.982895087484E-001
     0.396989322653E-002    -0.590659680126E+002     0.509670820453E+000    -0.265678780191E+002     0.104285763239E+000
     0.420908659296E-002    -0.564786860671E+002     0.487213055084E+000    -0.259479341008E+002     0.110493430945E+000
     0.446263154769E-002    -0.540080726945E+002     0.465612733179E+000    -0.253388132731E+002     0.116919043765E+000
     0.473138918520E-002    -0.516614743988E+002     0.446348294030E+000    -0.247249787816E+002     0.123565153348E+000
     0.501627226558E-002    -0.494095794579E+002     0.424821149285E+000    -0.241107568887E+002     0.130434966156E+000
     0.531824831448E-002    -0.472621803706E+002     0.405512849019E+000    -0.235135815650E+002     0.137536560459E+000
     0.563834290904E-002    -0.452089056045E+002     0.386261435781E+000    -0.229207557047E+002     0.144874412184E+000
     0.597764316095E-002    -0.432468253528E+002     0.368255317361E+000    -0.223394311742E+002     0.152455216604E+000
     0.633730140856E-002    -0.413643563587E+002     0.349197460426E+000    -0.217747639648E+002     0.160287697033E+000
     0.671853913045E-002    -0.395670869384E+002     0.331978074600E+000    -0.212076624273E+002     0.168373848468E+000
     0.712265109384E-002    -0.378382534374E+002     0.312730540152E+000    -0.206446154189E+002     0.176717541690E+000
     0.755100975191E-002    -0.362078126963E+002     0.299257979457E+000    -0.201023732814E+002     0.185329521441E+000
     0.800506990496E-002    -0.346348816785E+002     0.283134062331E+000    -0.195610652354E+002     0.194212352078E+000
     0.848637364120E-002    -0.331378705037E+002     0.271673007915E+000    -0.190467855191E+002     0.203380573590E+000
     0.899655557408E-002    -0.316804973406E+002     0.256446490397E+000    -0.185271833949E+002     0.212833713262E+000
     0.953734839373E-002    -0.302973067642E+002     0.244406175034E+000    -0.180425691991E+002     0.222591900306E+000
     0.101105887516E-001    -0.289837250959E+002     0.232837337433E+000    -0.175510179857E+002     0.232653737438E+000
     0.107182234982E-001    -0.277146374566E+002     0.218767985460E+000    -0.170623209851E+002     0.243022248692E+000
     0.113623162948E-001    -0.264901050144E+002     0.210001582477E+000    -0.166049420096E+002     0.253718227509E+000
     0.120450546223E-001    -0.253178818309E+002     0.199054815263E+000    -0.161377997975E+002     0.264736960078E+000
     0.127687572104E-001    -0.241745345492E+002     0.190576992320E+000    -0.156871859098E+002     0.276090654862E+000
     0.135358819124E-001    -0.230713078146E+002     0.180774541721E+000    -0.152301693718E+002     0.287774916985E+000
     0.143490340526E-001    -0.219561187310E+002     0.171081519853E+000    -0.147852948431E+002     0.299798415959E+000
     0.152109752747E-001    -0.208890233100E+002     0.161420052255E+000    -0.143306649496E+002     0.312151390398E+000
     0.161246329208E-001    -0.198131290288E+002     0.151006529503E+000    -0.138630193441E+002     0.324818195425E+000
     0.170931099734E-001    -0.187135408102E+002     0.142568033676E+000    -0.133882123510E+002     0.337785107000E+000
     0.181196955938E-001    -0.175528140738E+002     0.130448720036E+000    -0.128856988237E+002     0.351014057958E+000
     0.192078762926E-001    -0.163702612968E+002     0.119310459823E+000    -0.123519098736E+002     0.364455794899E+000
     0.203613477710E-001    -0.151408959193E+002     0.107421675174E+000    -0.117818231328E+002     0.378046356705E+000
     0.215840274722E-001    -0.138462419773E+002     0.942809148678E-001    -0.111678803589E+002     0.391701583903E+000
     0.228800678855E-001    -0.124839843641E+002     0.829040794036E-001    -0.105096485178E+002     0.405322936896E+000
     0.242538706494E-001    -0.110550813092E+002     0.714713449051E-001    -0.980929349953E+001     0.418799329114E+000
     0.257101015006E-001    -0.956263075805E+001     0.582764377332E-001    -0.906481218249E+001     0.432000061061E+000
     0.272537061195E-001    -0.803369123239E+001     0.510155193588E-001    -0.828016071272E+001     0.444781597969E+000
     0.288899269272E-001    -0.648515314940E+001     0.450238971843E-001    -0.747393384766E+001     0.457010825940E+000
     0.306243208897E-001    -0.495025654216E+001     0.381123008087E-001    -0.666048095094E+001     0.468562913009E+000
     0.324627783907E-001    -0.361349484062E+001     0.298807824211E-001    -0.591531364825E+001     0.479438104505E+000
     0.344115432366E-001    -0.250959909352E+001     0.274156032360E-001    -0.529739371798E+001     0.489761617406E+000
     0.363603080826E-001    -0.172900851785E+001     0.249994133049E-001    -0.484705398716E+001     0.499207511457E+000
     0.383090729285E-001    -0.120669014554E+001     0.270030125537E-001    -0.454453771126E+001     0.508063903126E+000
     0.402578377744E-001    -0.826113328775E+000     0.305299852069E-001    -0.432944389669E+001     0.516501180965E+000
     0.422066026203E-001    -0.543444441482E+000     0.319237643284E-001    -0.415136469595E+001     0.524591453747E+000
     0.441553674662E-001    -0.313034995090E+000     0.354094993404E-001    -0.398938779970E+001     0.532366138682E+000
     0.462210580913E-001    -0.770737810971E-001     0.404835643255E-001    -0.385729025934E+001     0.540334545841E+000
     0.484106900358E-001     0.124096128245E+000     0.192437685568E-001    -0.373525703069E+001     0.548513492498E+000
     0.507316997717E-001     0.300821539183E+000     0.348658914969E-002    -0.359286621582E+001     0.556852573891E+000
     0.531919699588E-001     0.391104319367E+000    -0.325643195329E-002    -0.351679150855E+001     0.565504834904E+000
     0.556522401460E-001     0.472126264288E+000    -0.106670471858E-002    -0.346654426298E+001     0.574033470810E+000
     0.581125103332E-001     0.524247934939E+000    -0.588181826995E-003    -0.342414054120E+001     0.582457781825E+000
     0.605727805204E-001     0.580302543300E+000    -0.436186943277E-002    -0.339134221531E+001     0.590801406873E+000
     0.631806667780E-001     0.651557151494E+000    -0.582342882403E-002    -0.335243739016E+001     0.599544195463E+000
     0.659450260619E-001     0.726178159825E+000    -0.679569584908E-002    -0.329849390407E+001     0.608662437061E+000
     0.688752467446E-001     0.820125028898E+000    -0.789804473354E-002    -0.322879658034E+001     0.618123551886E+000
     0.719812805006E-001     0.919594516985E+000    -0.695756409835E-002    -0.315629232170E+001     0.627927126200E+000
     0.752736761043E-001     0.101312123576E+001    -0.548239814503E-002    -0.309737636287E+001     0.638124930494E+000
     0.787636152557E-001     0.108356313285E+001    -0.335006458876E-002    -0.305069721112E+001     0.648771684550E+000
     0.824629505566E-001     0.112017149517E+001    -0.516358910625E-003    -0.301504724518E+001     0.659925355421E+000
     0.861622858575E-001     0.115941191209E+001    -0.174140847420E-002    -0.298880505325E+001     0.670981949339E+000
     0.898616211584E-001     0.118895633172E+001    -0.118384075779E-002    -0.296850717447E+001     0.681963453594E+000
     0.935609564592E-001     0.121796182778E+001    -0.297427081964E-002    -0.295189344036E+001     0.692883502745E+000
     0.974822516665E-001     0.125742552610E+001    -0.358119221120E-002    -0.293322273173E+001     0.704385543557E+000
     0.101638824362E+000     0.127821834983E+001    -0.248266811366E-002    -0.291042175221E+001     0.716482927546E+000
     0.106044791181E+000     0.131803248311E+001    -0.202584034567E-002    -0.288289929919E+001     0.729184889337E+000
     0.110715115757E+000     0.135933084253E+001    -0.579512025563E-005    -0.285366381780E+001     0.742512425598E+000
     0.115385440333E+000     0.139910635911E+001     0.102546727640E-002    -0.282384292899E+001     0.755700689498E+000
     0.120055764910E+000     0.144805827784E+001    -0.514561540534E-003    -0.279279938495E+001     0.768743969323E+000
     0.124726089486E+000     0.149985739183E+001    -0.255638609884E-002    -0.276467288201E+001     0.781655894549E+000
     0.129676633269E+000     0.152051968305E+001    -0.141690194180E-002    -0.274297603570E+001     0.795235119323E+000
     0.134924209397E+000     0.155472098623E+001    -0.406893234917E-003    -0.272037619297E+001     0.809510500650E+000
     0.140171785524E+000     0.158728831874E+001    -0.174384980165E-002    -0.269735959286E+001     0.823665103414E+000
     0.145734215919E+000     0.161828161852E+001    -0.795829560188E-003    -0.267496903142E+001     0.838544433118E+000
     0.151296646313E+000     0.164912665811E+001    -0.503830474544E-003    -0.265429079162E+001     0.853308741159E+000
     0.156859076708E+000     0.168748386347E+001    -0.226242544315E-002    -0.263027708126E+001     0.867939479755E+000
     0.162421507103E+000     0.171549462666E+001    -0.212955258125E-002    -0.261005830652E+001     0.882457752243E+000
     0.168317683003E+000     0.173719317342E+001    -0.199700359499E-002    -0.259440543873E+001     0.897754827598E+000
     0.174567629119E+000     0.176063205686E+001    -0.475124872235E-003    -0.257718379833E+001     0.913862087744E+000
     0.180817575236E+000     0.179339246623E+001    -0.206200344916E-002    -0.255572416818E+001     0.929835231283E+000
     0.187442517762E+000     0.183282529250E+001    -0.335833286912E-002    -0.253413785237E+001     0.946623763650E+000
     0.194464956461E+000     0.184725413355E+001    -0.700911091475E-003    -0.251784871950E+001     0.964305202620E+000
     0.201487395159E+000     0.187387600358E+001    -0.312676986303E-003    -0.249938644190E+001     0.981856990830E+000
     0.208509833858E+000     0.190079684102E+001    -0.123646007292E-003    -0.248014019610E+001     0.999273623342E+000
     0.215532272556E+000     0.193438087246E+001    -0.123894175075E-002    -0.245899858417E+001     0.101654179235E+001
     0.222976057175E+000     0.195335992486E+001    -0.512730650616E-004    -0.244530070116E+001     0.103474408410E+001
     0.230419841793E+000     0.198356394909E+001     0.126743403651E-002    -0.242857440450E+001     0.105282187136E+001
     0.238310253063E+000     0.199860271936E+001    -0.100545623544E-002    -0.241424933247E+001     0.107187129315E+001
     0.246200664333E+000     0.203046700695E+001    -0.145707352417E-002    -0.239236365031E+001     0.109074802976E+001
     0.254091075603E+000     0.206136769210E+001    -0.217766849329E-002    -0.237155175500E+001     0.110946055635E+001
     0.261981486873E+000     0.208928203487E+001    -0.325468142031E-002    -0.235204021472E+001     0.112801913873E+001
     0.269871898142E+000     0.211651729399E+001    -0.748945272508E-003    -0.233587539480E+001     0.114645015722E+001
     0.277762309412E+000     0.214231597813E+001    -0.243910009243E-002    -0.231560728704E+001     0.116472126119E+001
     0.285652720682E+000     0.216838934150E+001    -0.159510787621E-002    -0.229797165507E+001     0.118285320700E+001
     0.294016556176E+000     0.218849076267E+001    -0.161735773383E-002    -0.228732769045E+001     0.120198404431E+001
     0.302380391671E+000     0.220675175925E+001    -0.911622999167E-003    -0.227460085079E+001     0.122100843317E+001
     0.310744227165E+000     0.221868363235E+001     0.333178784811E-003    -0.226308114834E+001     0.123993647181E+001
     0.319108062660E+000     0.225221311719E+001    -0.227148008409E-002    -0.224446205492E+001     0.125870879283E+001
     0.327973727806E+000     0.225140406660E+001     0.885901139671E-004    -0.224056862509E+001     0.127857292401E+001
     0.336839392951E+000     0.230987582139E+001    -0.337053715549E-003    -0.220421058847E+001     0.129811471722E+001
     0.345705058097E+000     0.230254854052E+001    -0.147128225517E-003    -0.220745766951E+001     0.131768529779E+001
     0.354570723242E+000     0.234878968149E+001    -0.153382934748E-003    -0.217742044324E+001     0.133698957837E+001
     0.363436388388E+000     0.233992791336E+001    -0.190478059962E-003    -0.218162358255E+001     0.135633112260E+001
     0.372302053533E+000     0.238513565943E+001    -0.229679242517E-003    -0.215240184079E+001     0.137541359668E+001
     0.381167718679E+000     0.238266646543E+001     0.105215666230E-002    -0.215517197873E+001     0.139452063206E+001
     0.390033383825E+000     0.241853241292E+001     0.666845291869E-003    -0.212972890871E+001     0.141340209634E+001
     0.398899048970E+000     0.241553700654E+001     0.167728080804E-002    -0.213285894179E+001     0.143231131536E+001
     0.408296653517E+000     0.244640668317E+001     0.404336287829E-003    -0.210989469848E+001     0.145213927174E+001
     0.417694258064E+000     0.243853343876E+001     0.566364985535E-003    -0.211324132205E+001     0.147199867871E+001
     0.427091862611E+000     0.243791709095E+001     0.514541756467E-003    -0.211284451090E+001     0.149185435648E+001
     0.437053322893E+000     0.247537717221E+001     0.129794921018E-003    -0.208948812974E+001     0.151266870954E+001
     0.447014783175E+000     0.247799070907E+001     0.182979707366E-002    -0.208997275311E+001     0.153348789809E+001
     0.456976243458E+000     0.247714819950E+001     0.194781962984E-002    -0.208926701239E+001     0.155430005749E+001
     0.466937703740E+000     0.250395692464E+001     0.226016472467E-003    -0.206999163653E+001     0.157492019709E+001
     0.476899164022E+000     0.249808529038E+001     0.262116405713E-003    -0.207255389230E+001     0.159556586053E+001
     0.486860624304E+000     0.249609047348E+001     0.198257414692E-003    -0.207268002963E+001     0.161621278042E+001
     0.496822084586E+000     0.249767996524E+001     0.130613782947E-003    -0.207085953783E+001     0.163684156550E+001
     0.506783544868E+000     0.250649492431E+001     0.141070518984E-002    -0.206757136429E+001     0.165743760032E+001
     0.516745005150E+000     0.255548743667E+001     0.786721256194E-003    -0.203793700423E+001     0.167773843036E+001
     0.526745005150E+000     0.254765829914E+001     0.935104323755E-003    -0.204079504852E+001     0.169814638298E+001
     0.536745005150E+000     0.254522121197E+001     0.102786421584E-002    -0.204133832408E+001     0.171855976881E+001
     0.546745005150E+000     0.258688115301E+001     0.936140188695E-003    -0.201569096301E+001     0.173871668062E+001
     0.556745005150E+000     0.257856832846E+001     0.933087534595E-003    -0.201887835357E+001     0.175890546631E+001
     0.566745005150E+000     0.257677922296E+001     0.999147073793E-003    -0.201897744113E+001     0.177909524319E+001
     0.576745005150E+000     0.261878199084E+001     0.134588765642E-002    -0.199318084027E+001     0.179902705614E+001
     0.586745005150E+000     0.261016583103E+001     0.131073997551E-002    -0.199680746960E+001     0.181899513514E+001
     0.596745005150E+000     0.260802914321E+001     0.139713556317E-002    -0.199754238741E+001     0.183897056390E+001
     0.606745005150E+000     0.260954500396E+001     0.140612381824E-002    -0.199595447764E+001     0.185893011363E+001
     0.616745005150E+000     0.265081327588E+001     0.129963965494E-002    -0.197055355305E+001     0.187863565344E+001
     0.626745005150E+000     0.264351093282E+001     0.179560749025E-002    -0.197126091819E+001     0.189834827080E+001
     0.636745005150E+000     0.264253114974E+001     0.142869091828E-002    -0.197368153348E+001     0.191808509131E+001
     0.646745005150E+000     0.264324503533E+001     0.135703902006E-002    -0.197275629916E+001     0.193781265897E+001
     0.656745005150E+000     0.264267028159E+001     0.511428084377E-003    -0.197107318833E+001     0.195752339151E+001
     0.666745005150E+000     0.265004824994E+001     0.119619704330E-002    -0.196771238499E+001     0.197720051900E+001
     0.676745005150E+000     0.265370142323E+001     0.112631291834E-002    -0.196492919331E+001     0.199684981416E+001
     0.686745005150E+000     0.265795201041E+001     0.107369134581E-002    -0.196209993992E+001     0.201647081650E+001
     0.696745005150E+000     0.266225593447E+001     0.100594109537E-002    -0.195876723224E+001     0.203605849140E+001
     0.706745005150E+000     0.270484129446E+001     0.119580048357E-002    -0.193035908048E+001     0.205536208591E+001
     0.716745005150E+000     0.270287561424E+001     0.102303211549E-002    -0.193035855858E+001     0.207466567421E+001
     0.726745005150E+000     0.270125011652E+001     0.732425759554E-003    -0.193093937599E+001     0.209397506936E+001
     0.736745005150E+000     0.273800551956E+001     0.158166084139E-002    -0.190787123801E+001     0.211305378829E+001
     0.746745005150E+000     0.273086904434E+001     0.114145135203E-002    -0.191242625319E+001     0.213217805423E+001
     0.756745005150E+000     0.272909540787E+001     0.154828678456E-002    -0.191137772227E+001     0.215129183773E+001
