 #        time                      h  [L]            Darcian flow [L.T^{-1}]   in    x         z              directions   cumulative flux
 #-----------------------------------------------------------------------------------------------

     0.100000000000E-005     0.400000000000E+001    -0.169628313300E-012    -0.138512029279E+004     0.138512029279E-002
     0.205999994278E-005     0.400000000000E+001    -0.164181442997E-012    -0.134064322147E+004     0.280620203083E-002
     0.318359982147E-005     0.400000000000E+001    -0.158517509662E-012    -0.129439369598E+004     0.426058263062E-002
     0.437461562859E-005     0.400000000000E+001    -0.152638781780E-012    -0.124639023991E+004     0.574505310820E-002
     0.563709231599E-005     0.400000000000E+001    -0.146550512209E-012    -0.119667574611E+004     0.725582834003E-002
     0.697531753239E-005     0.400000000000E+001    -0.140261804027E-012    -0.114532454684E+004     0.878853052957E-002
     0.839383618521E-005     0.400000000000E+001    -0.133786689812E-012    -0.109245122680E+004     0.103381929721E-001
     0.989746587602E-005     0.400000000000E+001    -0.127145449772E-012    -0.103822138644E+004     0.118992934744E-001
     0.114913132622E-004     0.400000000000E+001    -0.120366171728E-012    -0.982864380256E+003     0.134658292979E-001
     0.131807914004E-004     0.400000000000E+001    -0.113486507886E-012    -0.926687661820E+003     0.150314478434E-001
     0.149716381303E-004     0.400000000000E+001    -0.106555494793E-012    -0.870091644933E+003     0.165896486204E-001
     0.168699355614E-004     0.400000000000E+001    -0.996351575587E-013    -0.813582803042E+003     0.181340707654E-001
     0.188821307298E-004     0.400000000000E+001    -0.928014088825E-013    -0.757781010387E+003     0.196588740532E-001
     0.210150574931E-004     0.400000000000E+001    -0.861434983126E-013    -0.703415044832E+003     0.211592068281E-001
     0.232759597402E-004     0.400000000000E+001    -0.797610525947E-013    -0.651298420494E+003     0.226317288905E-001
     0.256725159928E-004     0.400000000000E+001    -0.737577608663E-013    -0.602277823432E+003     0.240751215740E-001
     0.282128654833E-004     0.400000000000E+001    -0.682312764212E-013    -0.557150653305E+003     0.254904789523E-001
     0.309056357980E-004     0.400000000000E+001    -0.632601513817E-013    -0.516558336867E+003     0.268814519076E-001
     0.337599721774E-004     0.400000000000E+001    -0.588904293444E-013    -0.480876848618E+003     0.282540361907E-001
     0.367855685763E-004     0.400000000000E+001    -0.551260368985E-013    -0.450138251592E+003     0.296159728637E-001
     0.399927005860E-004     0.400000000000E+001    -0.519270154460E-013    -0.424016259073E+003     0.309758489808E-001
     0.433922603327E-004     0.400000000000E+001    -0.492172116511E-013    -0.401889031885E+003     0.323420947562E-001
     0.469957934698E-004     0.400000000000E+001    -0.468993084729E-013    -0.382961916085E+003     0.337221107111E-001
     0.508155383889E-004     0.400000000000E+001    -0.448723285889E-013    -0.366410369260E+003     0.351217048573E-001
     0.548644677845E-004     0.400000000000E+001    -0.430465807730E-013    -0.351502006970E+003     0.365449116660E-001
     0.591563327122E-004     0.400000000000E+001    -0.413530160855E-013    -0.337673001834E+003     0.379941585796E-001
     0.637057092900E-004     0.400000000000E+001    -0.397464351527E-013    -0.324554272958E+003     0.394706781872E-001
     0.685280482021E-004     0.400000000000E+001    -0.382036579046E-013    -0.311956540704E+003     0.409750383523E-001
     0.736397271730E-004     0.400000000000E+001    -0.367184127317E-013    -0.299828593495E+003     0.425076658686E-001
     0.790581065897E-004     0.400000000000E+001    -0.352947214526E-013    -0.288203271973E+003     0.440692605453E-001
     0.848015884613E-004     0.400000000000E+001    -0.339403397892E-013    -0.277143906413E+003     0.456610315476E-001
     0.908896789166E-004     0.400000000000E+001    -0.326614954865E-013    -0.266701350211E+003     0.472847334922E-001
     0.973430544509E-004     0.400000000000E+001    -0.314597211375E-013    -0.256888117941E+003     0.489425289876E-001
     0.104183632148E-003     0.400000000000E+001    -0.303310045263E-013    -0.247671447371E+003     0.506367447667E-001
     0.111434644115E-003     0.400000000000E+001    -0.292668931324E-013    -0.238982318435E+003     0.523696084176E-001
     0.119120716386E-003     0.400000000000E+001    -0.282567729716E-013    -0.230734061374E+003     0.541430470886E-001
     0.127267952553E-003     0.400000000000E+001    -0.272904143338E-013    -0.222843144267E+003     0.559586028132E-001
     0.135904022424E-003     0.400000000000E+001    -0.263600214610E-013    -0.215245909918E+003     0.578174815307E-001
     0.145058255993E-003     0.400000000000E+001    -0.254613224720E-013    -0.207907475770E+003     0.597207151246E-001
     0.154761743052E-003     0.400000000000E+001    -0.245935634194E-013    -0.200821685375E+003     0.616693857498E-001
     0.165047438780E-003     0.400000000000E+001    -0.237585515713E-013    -0.194003296198E+003     0.636648446247E-001
     0.175950275662E-003     0.400000000000E+001    -0.229591015374E-013    -0.187475291271E+003     0.657088571449E-001
     0.187507282134E-003     0.400000000000E+001    -0.221973581332E-013    -0.181255184341E+003     0.678036244834E-001
     0.199757708333E-003     0.400000000000E+001    -0.214734761402E-013    -0.175344239296E+003     0.699516661463E-001
     0.212743159403E-003     0.400000000000E+001    -0.207850122433E-013    -0.169722504952E+003     0.721555894298E-001
     0.226507736794E-003     0.400000000000E+001    -0.201271553234E-013    -0.164350695543E+003     0.744178072978E-001
     0.241098188040E-003     0.400000000000E+001    -0.194936659392E-013    -0.159177862162E+003     0.767402841352E-001
     0.256564065527E-003     0.400000000000E+001    -0.188782052260E-013    -0.154152244052E+003     0.791243838561E-001
     0.272957894778E-003     0.400000000000E+001    -0.182756609005E-013    -0.149232096252E+003     0.815708693608E-001
     0.290335352846E-003     0.400000000000E+001    -0.176831209701E-013    -0.144393640537E+003     0.840800637945E-001
     0.308755457403E-003     0.400000000000E+001    -0.171002673040E-013    -0.139634279173E+003     0.866521418166E-001
     0.328280767180E-003     0.400000000000E+001    -0.165291213492E-013    -0.134970518526E+003     0.892874830016E-001
     0.348977594427E-003     0.400000000000E+001    -0.159732408450E-013    -0.130431409743E+003     0.919869993566E-001
     0.370916230124E-003     0.400000000000E+001    -0.154366074886E-013    -0.126049465849E+003     0.947523526677E-001
     0.394171182707E-003     0.400000000000E+001    -0.149225253169E-013    -0.121851666352E+003     0.975860073909E-001
     0.418821431115E-003     0.400000000000E+001    -0.144328820375E-013    -0.117853425555E+003     0.100491123607E+000
     0.444950693017E-003     0.400000000000E+001    -0.139682979458E-013    -0.114059808555E+003     0.103471422217E+000
     0.472647709137E-003     0.400000000000E+001    -0.135263936145E-013    -0.110451385852E+003     0.106530596031E+000
     0.502006544641E-003     0.400000000000E+001    -0.131044703212E-013    -0.107006120706E+003     0.109672171127E+000
     0.533126908594E-003     0.400000000000E+001    -0.126996435280E-013    -0.103700459078E+003     0.112899367156E+000
     0.566114492604E-003     0.400000000000E+001    -0.123094085508E-013    -0.100513948670E+003     0.116215079481E+000
     0.601081329767E-003     0.400000000000E+001    -0.119320078304E-013    -0.974322379216E+002     0.119621976679E+000
     0.638146175159E-003     0.400000000000E+001    -0.115664945249E-013    -0.944475952820E+002     0.123122662196E+000
     0.677434909153E-003     0.400000000000E+001    -0.112125457508E-013    -0.915573842079E+002     0.126719835909E+000
     0.719080964939E-003     0.400000000000E+001    -0.108701545247E-013    -0.887615476749E+002     0.130416404276E+000
     0.763225781689E-003     0.400000000000E+001    -0.105393400261E-013    -0.860602422952E+002     0.134215517901E+000
     0.810019284919E-003     0.400000000000E+001    -0.102199700766E-013    -0.834523887514E+002     0.138120547524E+000
     0.859620395664E-003     0.400000000000E+001    -0.991171773216E-014    -0.809353173426E+002     0.142135029162E+000
     0.912197570216E-003     0.400000000000E+001    -0.961411340819E-014    -0.785051936189E+002     0.146262610431E+000
     0.967929372233E-003     0.400000000000E+001    -0.932663003668E-014    -0.761577137439E+002     0.150507017055E+000
     0.102700507918E-002     0.400000000000E+001    -0.904875178884E-014    -0.738886656556E+002     0.154872042214E+000
     0.108962532517E-002     0.400000000000E+001    -0.878000754580E-014    -0.716942023767E+002     0.159361550803E+000
     0.115600278233E-002     0.400000000000E+001    -0.851997585494E-014    -0.695708824853E+002     0.163979489074E+000
     0.122636288312E-002     0.400000000000E+001    -0.826827714678E-014    -0.675156065613E+002     0.168729893957E+000
     0.130094458593E-002     0.400000000000E+001    -0.802456461506E-014    -0.655255427169E+002     0.173616900511E+000
     0.138000118665E-002     0.400000000000E+001    -0.778851742756E-014    -0.635980711580E+002     0.178644747829E+000
     0.146380117888E-002     0.400000000000E+001    -0.755983649053E-014    -0.617307495989E+002     0.183817784166E+000
     0.155262916586E-002     0.400000000000E+001    -0.733824934591E-014    -0.599213532507E+002     0.189140477352E+000
     0.164678682697E-002     0.400000000000E+001    -0.712364297538E-014    -0.581689592488E+002     0.194617530504E+000
     0.174659394236E-002     0.400000000000E+001    -0.691558079186E-014    -0.564700025891E+002     0.200253638568E+000
     0.185238947896E-002     0.400000000000E+001    -0.671377875348E-014    -0.548221638937E+002     0.206053578815E+000
     0.196453274170E-002     0.400000000000E+001    -0.651800964777E-014    -0.532235878320E+002     0.212022245609E+000
     0.208340459379E-002     0.400000000000E+001    -0.632806725971E-014    -0.516725905307E+002     0.218164662148E+000
     0.220940875020E-002     0.400000000000E+001    -0.614376289095E-014    -0.501676311507E+002     0.224485992190E+000
     0.234297314879E-002     0.400000000000E+001    -0.596492302790E-014    -0.487072928460E+002     0.230991552466E+000
     0.248455140365E-002     0.400000000000E+001    -0.579138629589E-014    -0.472902578925E+002     0.237686824650E+000
     0.263462434571E-002     0.400000000000E+001    -0.562299998764E-014    -0.459152793406E+002     0.244577465706E+000
     0.279370165569E-002     0.400000000000E+001    -0.545961675333E-014    -0.445811539877E+002     0.251669315759E+000
     0.296232359518E-002     0.400000000000E+001    -0.530109201346E-014    -0.432867012526E+002     0.258968403278E+000
     0.314106284138E-002     0.400000000000E+001    -0.514728271156E-014    -0.420307529906E+002     0.266480948385E+000
     0.333052643213E-002     0.400000000000E+001    -0.499804739230E-014    -0.408121541311E+002     0.274213365653E+000
     0.353135782749E-002     0.400000000000E+001    -0.485324712457E-014    -0.396297702158E+002     0.282172267703E+000
     0.374423909507E-002     0.400000000000E+001    -0.471274644344E-014    -0.384824950894E+002     0.290364470037E+000
     0.396989322653E-002     0.400000000000E+001    -0.457641378642E-014    -0.373692544627E+002     0.298796996696E+000
     0.420908659296E-002     0.400000000000E+001    -0.444412146555E-014    -0.362890056843E+002     0.307477086130E+000
     0.446263154769E-002     0.400000000000E+001    -0.431573100628E-014    -0.352406180238E+002     0.316412167032E+000
     0.473138918520E-002     0.400000000000E+001    -0.419115958748E-014    -0.342234151953E+002     0.325609971247E+000
     0.501627226558E-002     0.400000000000E+001    -0.407025284256E-014    -0.332361367000E+002     0.335078384250E+000
     0.531824831448E-002     0.400000000000E+001    -0.395290196727E-014    -0.322778940836E+002     0.344825535172E+000
     0.563834290904E-002     0.400000000000E+001    -0.383899010762E-014    -0.313477331611E+002     0.354859775109E+000
     0.597764316095E-002     0.400000000000E+001    -0.372840248084E-014    -0.304447166598E+002     0.365189675141E+000
     0.633730140856E-002     0.400000000000E+001    -0.362109063547E-014    -0.295684489438E+002     0.375824211673E+000
     0.671853913045E-002     0.400000000000E+001    -0.351674043860E-014    -0.287163649230E+002     0.386771973217E+000
     0.712265109384E-002     0.400000000000E+001    -0.341523361204E-014    -0.278874987827E+002     0.398041645104E+000
     0.755100975191E-002     0.400000000000E+001    -0.331622227840E-014    -0.270790098885E+002     0.409641173442E+000
     0.800506990496E-002     0.400000000000E+001    -0.321932980443E-014    -0.262878227965E+002     0.421577426284E+000
     0.848637364120E-002     0.400000000000E+001    -0.312401313069E-014    -0.255095030899E+002     0.433855245431E+000
     0.899655557408E-002     0.400000000000E+001    -0.302946980836E-014    -0.247374982768E+002     0.446475870116E+000
     0.953734839373E-002     0.400000000000E+001    -0.293475750868E-014    -0.239641136589E+002     0.459435490712E+000
     0.101105887516E-001     0.400000000000E+001    -0.283839379143E-014    -0.231772441932E+002     0.472721622469E+000
     0.107182234982E-001     0.400000000000E+001    -0.273843577883E-014    -0.223610250787E+002     0.486308958275E+000
     0.113623162948E-001     0.400000000000E+001    -0.263230577103E-014    -0.214944077987E+002     0.500153351505E+000
     0.120450546223E-001     0.400000000000E+001    -0.251733044831E-014    -0.205555630412E+002     0.514187422237E+000
     0.127687572104E-001     0.400000000000E+001    -0.239007473531E-014    -0.195164412872E+002     0.528311521308E+000
     0.135358819124E-001     0.400000000000E+001    -0.224682169370E-014    -0.183466914319E+002     0.542385721505E+000
     0.143490340526E-001     0.400000000000E+001    -0.208468242114E-014    -0.170227237975E+002     0.556227785793E+000
     0.152109752747E-001     0.400000000000E+001    -0.189830245864E-014    -0.155008159084E+002     0.569588578001E+000
     0.161246329208E-001     0.400000000000E+001    -0.168685768248E-014    -0.137742382837E+002     0.582173516128E+000
     0.170931099734E-001     0.400000000000E+001    -0.145015514163E-014    -0.118414153586E+002     0.593641655173E+000
     0.181196955938E-001     0.400000000000E+001    -0.119287240376E-014    -0.974054237184E+001     0.603641155906E+000
     0.192078762926E-001     0.400000000000E+001    -0.928961642150E-015    -0.758554746394E+001     0.611895602246E+000
     0.203613477710E-001     0.400000000000E+001    -0.684553825532E-015    -0.558980618746E+001     0.618343284254E+000
     0.215840274722E-001     0.400000000000E+001    -0.490767639476E-015    -0.400742189354E+001     0.623243077657E+000
     0.228800678855E-001     0.400000000000E+001    -0.367157737270E-015    -0.299807044387E+001     0.627128698114E+000
     0.242538706494E-001     0.400000000000E+001    -0.304884690302E-015    -0.248957242622E+001     0.630548879594E+000
     0.257101015006E-001     0.400000000000E+001    -0.283719902412E-015    -0.231674881777E+001     0.633922600697E+000
     0.272537061195E-001     0.400000000000E+001    -0.283044719497E-015    -0.231123553088E+001     0.637490234538E+000
     0.288899269272E-001     0.400000000000E+001    -0.293198348042E-015    -0.239414619992E+001     0.641407586367E+000
     0.306243208897E-001     0.400000000000E+001    -0.308349669559E-015    -0.251786612902E+001     0.645774558180E+000
     0.324627783907E-001     0.400000000000E+001    -0.325286974284E-015    -0.265616971775E+001     0.650657813321E+000
     0.344115432366E-001     0.400000000000E+001    -0.340195625422E-015    -0.277790809283E+001     0.656071302958E+000
     0.364772338618E-001     0.400000000000E+001    -0.353277068326E-015    -0.288472618041E+001     0.662030254785E+000
     0.386668658063E-001     0.400000000000E+001    -0.363313949220E-015    -0.296668353254E+001     0.668526199817E+000
     0.409878755421E-001     0.400000000000E+001    -0.371630295551E-015    -0.303459165377E+001     0.675569516589E+000
     0.434481457293E-001     0.400000000000E+001    -0.378859488841E-015    -0.309362249675E+001     0.683180663789E+000
     0.460560319869E-001     0.400000000000E+001    -0.385348885953E-015    -0.314661244549E+001     0.691386671143E+000
     0.488203912708E-001     0.400000000000E+001    -0.390553004296E-015    -0.318910729664E+001     0.700202509506E+000
     0.517506119535E-001     0.400000000000E+001    -0.393822323061E-015    -0.321580331027E+001     0.709625522877E+000
     0.548566457095E-001     0.400000000000E+001    -0.394402752456E-015    -0.322054287596E+001     0.719628637763E+000
     0.581490413132E-001     0.400000000000E+001    -0.392838993873E-015    -0.320777381810E+001     0.730189898179E+000
     0.616389804647E-001     0.400000000000E+001    -0.386202160176E-015    -0.315357995828E+001     0.741195700343E+000
     0.653383157655E-001     0.400000000000E+001    -0.375895317112E-015    -0.306941819775E+001     0.752550507435E+000
     0.692596109728E-001     0.400000000000E+001    -0.361844503403E-015    -0.295468459686E+001     0.764136697983E+000
     0.734161836681E-001     0.400000000000E+001    -0.345099130189E-015    -0.281794824785E+001     0.775849704727E+000
     0.778221504872E-001     0.400000000000E+001    -0.327061093216E-015    -0.267065649821E+001     0.787616528644E+000
     0.824924750635E-001     0.400000000000E+001    -0.310061224273E-015    -0.253184203388E+001     0.799441052718E+000
     0.874430188470E-001     0.400000000000E+001    -0.297539448265E-015    -0.242959397332E+001     0.811468864059E+000
     0.926905949743E-001     0.400000000000E+001    -0.291431070898E-015    -0.237971528690E+001     0.823956601188E+000
     0.982530253690E-001     0.400000000000E+001    -0.291553286372E-015    -0.238071325198E+001     0.837199152942E+000
     0.104149201269E+000     0.400000000000E+001    -0.295244317028E-015    -0.241085280453E+001     0.851413965146E+000
     0.110399147386E+000     0.400000000000E+001    -0.300501861830E-015    -0.245378391581E+001     0.866749982402E+000
     0.117024089912E+000     0.400000000000E+001    -0.305758789275E-015    -0.249670998599E+001     0.883290542564E+000
     0.124046528610E+000     0.400000000000E+001    -0.309388713677E-015    -0.252635056812E+001     0.901031684559E+000
     0.131490313229E+000     0.400000000000E+001    -0.309910255169E-015    -0.253060927759E+001     0.919868994976E+000
     0.139380724499E+000     0.400000000000E+001    -0.307048183808E-015    -0.250723869137E+001     0.939652139402E+000
     0.147744559993E+000     0.400000000000E+001    -0.301309579827E-015    -0.246037943378E+001     0.960230348240E+000
     0.156610225139E+000     0.400000000000E+001    -0.293147881944E-015    -0.239373411295E+001     0.981452393333E+000
     0.166007829686E+000     0.400000000000E+001    -0.282546968269E-015    -0.230717108366E+001     0.100313427480E+001
     0.175969289968E+000     0.400000000000E+001    -0.270476093106E-015    -0.220860490791E+001     0.102513520487E+001
     0.185969289968E+000     0.400000000000E+001    -0.260825684059E-015    -0.212980333791E+001     0.104643323825E+001
     0.195969289968E+000     0.400000000000E+001    -0.256618589172E-015    -0.209544980112E+001     0.106738773626E+001
     0.205969289968E+000     0.400000000000E+001    -0.257853091373E-015    -0.210553027659E+001     0.108844303902E+001
     0.215969289968E+000     0.400000000000E+001    -0.261923063749E-015    -0.213876412310E+001     0.110983068026E+001
     0.225969289968E+000     0.400000000000E+001    -0.264258391013E-015    -0.215783351736E+001     0.113140901543E+001
     0.235969289968E+000     0.400000000000E+001    -0.264069459134E-015    -0.215629077149E+001     0.115297192314E+001
     0.245969289968E+000     0.400000000000E+001    -0.261991920569E-015    -0.213932638171E+001     0.117436518696E+001
     0.255969289968E+000     0.400000000000E+001    -0.257941058914E-015    -0.210624858607E+001     0.119542767282E+001
     0.265969289968E+000     0.400000000000E+001    -0.254343760580E-015    -0.207687441601E+001     0.121619641698E+001
     0.275969289968E+000     0.400000000000E+001    -0.251912911468E-015    -0.205702502667E+001     0.123676666725E+001
     0.285969289968E+000     0.400000000000E+001    -0.251137780917E-015    -0.205069560539E+001     0.125727362330E+001
     0.295969289968E+000     0.400000000000E+001    -0.252051256528E-015    -0.205815469982E+001     0.127785517030E+001
     0.305969289968E+000     0.400000000000E+001    -0.253003879839E-015    -0.206593345947E+001     0.129851450490E+001
     0.315969289968E+000     0.400000000000E+001    -0.253877278884E-015    -0.207306530389E+001     0.131924515793E+001
     0.325969289968E+000     0.400000000000E+001    -0.253791448721E-015    -0.207236444743E+001     0.133996880241E+001
     0.335969289968E+000     0.400000000000E+001    -0.252359952408E-015    -0.206067539297E+001     0.136057555634E+001
     0.345969289968E+000     0.400000000000E+001    -0.249687090292E-015    -0.203884981748E+001     0.138096405451E+001
     0.355969289968E+000     0.400000000000E+001    -0.246435595528E-015    -0.201229934786E+001     0.140108704799E+001
     0.365969289968E+000     0.400000000000E+001    -0.243769523095E-015    -0.199052921434E+001     0.142099234014E+001
     0.375969289968E+000     0.400000000000E+001    -0.242030399852E-015    -0.197632819537E+001     0.144075562209E+001
     0.385969289968E+000     0.400000000000E+001    -0.241669513622E-015    -0.197338133566E+001     0.146048943545E+001
     0.395969289968E+000     0.400000000000E+001    -0.242286752742E-015    -0.197842147557E+001     0.148027365020E+001
     0.405969289968E+000     0.400000000000E+001    -0.242659140004E-015    -0.198146224832E+001     0.150008827268E+001
     0.415969289968E+000     0.400000000000E+001    -0.242562786729E-015    -0.198067546412E+001     0.151989502733E+001
     0.425969289968E+000     0.400000000000E+001    -0.241648133475E-015    -0.197320675352E+001     0.153962709486E+001
     0.435969289968E+000     0.400000000000E+001    -0.240541130697E-015    -0.196416738985E+001     0.155926876876E+001
     0.445969289968E+000     0.400000000000E+001    -0.238884285307E-015    -0.195063822054E+001     0.157877515097E+001
     0.455969289968E+000     0.400000000000E+001    -0.236963490371E-015    -0.193495373961E+001     0.159812468836E+001
     0.465969289968E+000     0.400000000000E+001    -0.234863816210E-015    -0.191780859897E+001     0.161730277435E+001
     0.475969289968E+000     0.400000000000E+001    -0.232799466901E-015    -0.190095190762E+001     0.163631229343E+001
     0.485969289968E+000     0.400000000000E+001    -0.231096017668E-015    -0.188704218905E+001     0.165518271532E+001
     0.495969289968E+000     0.400000000000E+001    -0.230060160346E-015    -0.187858377212E+001     0.167396855304E+001
     0.505969289968E+000     0.400000000000E+001    -0.230344540395E-015    -0.188090591144E+001     0.169277761215E+001
     0.515969289968E+000     0.400000000000E+001    -0.230711701776E-015    -0.188390401164E+001     0.171161665227E+001
     0.525969289968E+000     0.400000000000E+001    -0.231457157920E-015    -0.188999112300E+001     0.173051656350E+001
     0.535969289968E+000     0.400000000000E+001    -0.232352571029E-015    -0.189730272591E+001     0.174948959076E+001
     0.545969289968E+000     0.400000000000E+001    -0.233125330039E-015    -0.190361278208E+001     0.176852571858E+001
     0.555969289968E+000     0.400000000000E+001    -0.233617041473E-015    -0.190762791064E+001     0.178760199769E+001
     0.565969289968E+000     0.400000000000E+001    -0.233306840655E-015    -0.190509492874E+001     0.180665294697E+001
     0.575969289968E+000     0.400000000000E+001    -0.232645258980E-015    -0.189969270439E+001     0.182564987402E+001
     0.585969289968E+000     0.400000000000E+001    -0.231071200698E-015    -0.188683954311E+001     0.184451826945E+001
     0.595969289968E+000     0.400000000000E+001    -0.229383610295E-015    -0.187305932172E+001     0.186324886267E+001
     0.605969289968E+000     0.400000000000E+001    -0.227442305436E-015    -0.185720736456E+001     0.188182093631E+001
     0.615969289968E+000     0.400000000000E+001    -0.225499735555E-015    -0.184134507771E+001     0.190023438709E+001
     0.625969289968E+000     0.400000000000E+001    -0.223778310852E-015    -0.182728857829E+001     0.191850727287E+001
     0.635969289968E+000     0.400000000000E+001    -0.222427183671E-015    -0.181625578760E+001     0.193666983075E+001
     0.645969289968E+000     0.400000000000E+001    -0.221517069815E-015    -0.180882414399E+001     0.195475807219E+001
     0.655969289968E+000     0.400000000000E+001    -0.221533797587E-015    -0.180896073661E+001     0.197284767955E+001
     0.665969289968E+000     0.400000000000E+001    -0.221568887605E-015    -0.180924726835E+001     0.199094015224E+001
     0.675969289968E+000     0.400000000000E+001    -0.222322124029E-015    -0.181539791051E+001     0.200909413134E+001
     0.685969289968E+000     0.400000000000E+001    -0.223180209249E-015    -0.182240470807E+001     0.202731817842E+001
     0.695969289968E+000     0.400000000000E+001    -0.224026107225E-015    -0.182931198923E+001     0.204561129831E+001
     0.705969289968E+000     0.400000000000E+001    -0.224742696842E-015    -0.183516338750E+001     0.206396293219E+001
     0.715969289968E+000     0.400000000000E+001    -0.225308486003E-015    -0.183978340661E+001     0.208236076626E+001
     0.725969289968E+000     0.400000000000E+001    -0.225482777041E-015    -0.184120660094E+001     0.210077283227E+001
     0.735969289968E+000     0.400000000000E+001    -0.225484096868E-015    -0.184121737814E+001     0.211918500605E+001
     0.745969289968E+000     0.400000000000E+001    -0.225402859100E-015    -0.184055402143E+001     0.213759054626E+001
     0.755969289968E+000     0.400000000000E+001    -0.225062336455E-015    -0.183777344302E+001     0.215596828069E+001
