 #        time                      h  [L]            Darcian flow [L.T^{-1}]   in    x         z              directions   cumulative flux
 #-----------------------------------------------------------------------------------------------

     0.100000000000E-005    -0.278499999997E+003    -0.241991552910E-009    -0.181587986928E-008     0.183193329882E-014
     0.205999994278E-005    -0.278499999981E+003    -0.168696563716E-008    -0.126741086763E-007     0.153849718513E-013
     0.318359982147E-005    -0.278499999923E+003    -0.687118420738E-008    -0.516835786062E-007     0.739675932737E-013
     0.437461562859E-005    -0.278499999761E+003    -0.213568780999E-007    -0.160836575870E-006     0.267207918219E-012
     0.563709231599E-005    -0.278499999370E+003    -0.560971893139E-007    -0.422993861512E-006     0.805903483204E-012
     0.697531753239E-005    -0.278499998524E+003    -0.131184606016E-006    -0.990473205424E-006     0.214295494375E-011
     0.839383618521E-005    -0.278499996822E+003    -0.281666469466E-006    -0.212952771061E-005     0.519003875988E-011
     0.989746587602E-005    -0.278499993594E+003    -0.566416100813E-006    -0.428838823399E-005     0.116941889692E-010
     0.114913132622E-004    -0.278499987737E+003    -0.108147935459E-005    -0.819993390287E-005     0.248768113445E-010
     0.131807914004E-004    -0.278499977489E+003    -0.197992251797E-005    -0.150348443083E-004     0.504971574930E-010
     0.149716381303E-004    -0.278499960081E+003    -0.350105068989E-005    -0.266277993882E-004     0.985938816789E-010
     0.168699355614E-004    -0.278499931235E+003    -0.601302495542E-005    -0.458086154952E-004     0.186298216723E-009
     0.188821307298E-004    -0.278499884425E+003    -0.100744824667E-004    -0.768830062312E-004     0.342324352254E-009
     0.210150574931E-004    -0.278499809818E+003    -0.165228601020E-004    -0.126324992642E-003     0.614061303524E-009
     0.232759597402E-004    -0.278499692748E+003    -0.265998658011E-004    -0.203766075368E-003     0.107866525294E-008
     0.256725159928E-004    -0.278499511552E+003    -0.421280346369E-004    -0.323396457410E-003     0.186025143592E-008
     0.282128654833E-004    -0.278499234516E+003    -0.657566533713E-004    -0.505932255061E-003     0.315630623816E-008
     0.309056357980E-004    -0.278498815616E+003    -0.101300607603E-003    -0.781351145390E-003     0.527791436299E-008
     0.337599721774E-004    -0.278498188619E+003    -0.154201957854E-003    -0.119265871441E-002     0.871049929122E-008
     0.367855685763E-004    -0.278497259015E+003    -0.232151339196E-003    -0.180102045993E-002     0.142047432155E-007
     0.399927005860E-004    -0.278495893064E+003    -0.345914637963E-003    -0.269268175408E-002     0.229114964571E-007
     0.433922603327E-004    -0.278493903099E+003    -0.510419793409E-003    -0.398820188276E-002     0.365802137671E-007
     0.469957934698E-004    -0.278491027988E+003    -0.746168797722E-003    -0.585464986232E-002     0.578482934768E-007
     0.508155383889E-004    -0.278486907392E+003    -0.108105049009E-002    -0.852154892204E-002     0.906593167343E-007
     0.548644677845E-004    -0.278481048195E+003    -0.155263955051E-002    -0.123015105686E-001     0.140862425129E-006
     0.591563327122E-004    -0.278472781151E+003    -0.221107458759E-002    -0.176166614378E-001     0.217063953432E-006
     0.637057092900E-004    -0.278461205440E+003    -0.312261109397E-002    -0.250321255138E-001     0.331827152037E-006
     0.685280482021E-004    -0.278445118576E+003    -0.437394043630E-002    -0.352979649156E-001     0.503347767451E-006
     0.736397271730E-004    -0.278422928770E+003    -0.607735070585E-002    -0.494010851116E-001     0.757773925822E-006
     0.790581065897E-004    -0.278392546769E+003    -0.837677606333E-002    -0.686286557497E-001     0.113238983109E-005
     0.848015884613E-004    -0.278351254108E+003    -0.114547357257E-001    -0.946445714812E-001     0.167994599036E-005
     0.908896789166E-004    -0.278295544949E+003    -0.155401005302E-001    -0.129580372950E+000     0.247449585748E-005
     0.973430544509E-004    -0.278220939083E+003    -0.209165430804E-001    -0.176141872207E+000     0.361919190825E-005
     0.104183632148E-003    -0.278121764447E+003    -0.279314241894E-001    -0.237732489401E+000     0.525660533215E-005
     0.111434644115E-003    -0.277990908718E+003    -0.370047358441E-001    -0.318594006287E+000     0.758226488492E-005
     0.119120716386E-003    -0.277819541419E+003    -0.486375424560E-001    -0.423965037674E+000     0.108622638178E-004
     0.127267952553E-003    -0.277596810765E+003    -0.634191108504E-001    -0.560256919106E+000     0.154559599403E-004
     0.135904022424E-003    -0.277309523679E+003    -0.820315613744E-001    -0.735245756297E+000     0.218449913151E-004
     0.145058255993E-003    -0.276941823186E+003    -0.105250373702E+000    -0.958277893998E+000     0.306700435907E-004
     0.154761743052E-003    -0.276474885152E+003    -0.133938415654E+000    -0.124048384800E+001     0.427770236799E-004
     0.165047438780E-003    -0.275886665726E+003    -0.169030325720E+000    -0.159499260996E+001     0.592744994501E-004
     0.175950275662E-003    -0.275151741340E+003    -0.211503107599E+000    -0.203713394920E+001     0.816044258110E-004
     0.187507282134E-003    -0.274241293323E+003    -0.262327815515E+000    -0.258461057368E+001     0.111628246785E-003
     0.199757708333E-003    -0.273123296950E+003    -0.322396502877E+000    -0.325761431947E+001     0.151730369300E-003
     0.212743159403E-003    -0.271762977111E+003    -0.392418655251E+000    -0.407885035817E+001     0.204940641975E-003
     0.226507736794E-003    -0.270123586258E+003    -0.472782795085E+000    -0.507342020824E+001     0.275076689901E-003
     0.241098188040E-003    -0.268167541714E+003    -0.563382547704E+000    -0.626849788946E+001     0.366905547162E-003
     0.256564065527E-003    -0.265857927047E+003    -0.663412726089E+000    -0.769271453238E+001     0.486321725877E-003
     0.272957894778E-003    -0.263160317109E+003    -0.771149960528E+000    -0.937514774175E+001     0.640535356770E-003
     0.290335352846E-003    -0.260044832658E+003    -0.883743344138E+000    -0.113437991448E+002     0.838259050817E-003
     0.308755457403E-003    -0.256488275152E+003    -0.997051931355E+000    -0.136234483794E+002     0.108987556082E-002
     0.328280767180E-003    -0.252476143806E+003    -0.110557556488E+001    -0.162328120759E+002     0.140756050247E-002
     0.348977594427E-003    -0.248004304910E+003    -0.120253117178E+001    -0.191810333966E+002     0.180532645133E-002
     0.370916230124E-003    -0.243080079646E+003    -0.128012642563E+001    -0.224636968189E+002     0.229894887391E-002
     0.394171182707E-003    -0.237722555463E+003    -0.133007455871E+001    -0.260587977732E+002     0.290573384149E-002
     0.418821431115E-003    -0.231962020038E+003    -0.134437421037E+001    -0.299233523576E+002     0.364409596081E-002
     0.444950693017E-003    -0.225838566503E+003    -0.131634075525E+001    -0.339915174458E+002     0.453293495624E-002
     0.472647709137E-003    -0.219400064049E+003    -0.124181613415E+001    -0.381751345334E+002     0.559083154365E-002
     0.502006544641E-003    -0.212699837383E+003    -0.112038347916E+001    -0.423673625111E+002     0.683512281572E-002
     0.533126908594E-003    -0.205794460916E+003    -0.956305901901E+000    -0.464495328321E+002     0.828095550689E-002
     0.566114492604E-003    -0.198741989908E+003    -0.758842308871E+000    -0.503006723944E+002     0.994044197329E-002
     0.601081329767E-003    -0.191600749298E+003    -0.541627300931E+000    -0.538084634245E+002     0.118220490679E-001
     0.638146175159E-003    -0.184428550302E+003    -0.320989982956E+000    -0.568799393667E+002     0.139303287965E-001
     0.677434909153E-003    -0.177282003714E+003    -0.113414951796E+000    -0.594500913651E+002     0.162660518724E-001
     0.719080964939E-003    -0.170215547032E+003     0.672864581122E-001    -0.614868199724E+002     0.188267369404E-001
     0.763225781689E-003    -0.163279946956E+003     0.212295612221E+000    -0.629912792398E+002     0.216074912117E-001
     0.810019284919E-003    -0.156520334164E+003     0.318859479102E+000    -0.639935619741E+002     0.246020113326E-001
     0.859620395664E-003    -0.149974142340E+003     0.389778702719E+000    -0.645447297734E+002     0.278035599979E-001
     0.912197570216E-003    -0.143669501581E+003     0.431568552279E+000    -0.647071078475E+002     0.312057525696E-001
     0.967929372233E-003    -0.137624577859E+003     0.452055788482E+000    -0.645451396136E+002     0.348030577360E-001
     0.102700507918E-002    -0.131848070783E+003     0.458314336559E+000    -0.641186686286E+002     0.385910101782E-001
     0.108962532517E-002    -0.126340710478E+003     0.455546584202E+000    -0.634794360224E+002     0.425662104326E-001
     0.115600278233E-002    -0.121097305850E+003     0.446982687622E+000    -0.626703919885E+002     0.467262174966E-001
     0.122636288312E-002    -0.116108813665E+003     0.434424976920E+000    -0.617266953018E+002     0.510694215588E-001
     0.130094458593E-002    -0.111364027510E+003     0.418931424500E+000    -0.606772371021E+002     0.555949410831E-001
     0.138000118665E-002    -0.106850728061E+003     0.401295323444E+000    -0.595459639349E+002     0.603025494785E-001
     0.146380117888E-002    -0.102556358347E+003     0.382244627546E+000    -0.583527923361E+002     0.651926179364E-001
     0.155262916586E-002    -0.984684029820E+002     0.362462789082E+000    -0.571142185638E+002     0.702660611630E-001
     0.164678682697E-002    -0.945746680767E+002     0.342560831913E+000    -0.558437567002E+002     0.755242776102E-001
     0.174659394236E-002    -0.908634073731E+002     0.323008672762E+000    -0.545525490365E+002     0.809691056089E-001
     0.185238947896E-002    -0.873235057420E+002     0.304156163154E+000    -0.532497699207E+002     0.866027854902E-001
     0.196453274170E-002    -0.839446280194E+002     0.286222745577E+000    -0.519429807244E+002     0.924279292597E-001
     0.208340459379E-002    -0.807172724647E+002     0.269290394726E+000    -0.506384613232E+002     0.984475020594E-001
     0.220940875020E-002    -0.776327401681E+002     0.253328993865E+000    -0.493414622786E+002     0.104664813333E+000
     0.234297314879E-002    -0.746830560213E+002     0.238241467992E+000    -0.480563677645E+002     0.111083512067E+000
     0.248455140365E-002    -0.718608691613E+002     0.223915794721E+000    -0.467868046531E+002     0.117707582080E+000
     0.263462434571E-002    -0.691593529534E+002     0.210263190522E+000    -0.455357273818E+002     0.124541335509E+000
     0.279370165569E-002    -0.665721185417E+002     0.197231190203E+000    -0.443054948430E+002     0.131589404281E+000
     0.296232359518E-002    -0.640931507708E+002     0.184796766116E+000    -0.430979460606E+002     0.138856730339E+000
     0.314106284138E-002    -0.617167700460E+002     0.172952742350E+000    -0.419144752315E+002     0.146348555826E+000
     0.333052643213E-002    -0.594376158430E+002     0.161697532743E+000    -0.407561040425E+002     0.154070414416E+000
     0.353135782749E-002    -0.572506417524E+002     0.151030719540E+000    -0.396235473700E+002     0.162028124529E+000
     0.374423909507E-002    -0.551511101752E+002     0.140951744290E+000    -0.385172692264E+002     0.170227784529E+000
     0.396989322653E-002    -0.531345796057E+002     0.131458685704E+000    -0.374375275090E+002     0.178675769364E+000
     0.420908659296E-002    -0.511968849323E+002     0.122545558250E+000    -0.363844082694E+002     0.187378727826E+000
     0.446263154769E-002    -0.493340471577E+002     0.114222838057E+000    -0.353578729631E+002     0.196343584904E+000
     0.473138918520E-002    -0.475425315886E+002     0.106422491656E+000    -0.343576717070E+002     0.205577515879E+000
     0.501627226558E-002    -0.458187572060E+002     0.991572193227E-001    -0.333836069467E+002     0.215087982612E+000
     0.531824831448E-002    -0.441594189408E+002     0.923939829689E-001    -0.324352723622E+002     0.224882697744E+000
     0.563834290904E-002    -0.425613541491E+002     0.861006705241E-001    -0.315121959748E+002     0.234969618989E+000
     0.597764316095E-002    -0.410214781590E+002     0.802490711381E-001    -0.306137932468E+002     0.245356922438E+000
     0.633730140856E-002    -0.395367191654E+002     0.748207556358E-001    -0.297392828214E+002     0.256052934634E+000
     0.671853913045E-002    -0.381034098769E+002     0.698413561579E-001    -0.288877699757E+002     0.267066074436E+000
     0.712265109384E-002    -0.367182449192E+002     0.651498858942E-001    -0.280577346497E+002     0.278404571240E+000
     0.755100975191E-002    -0.353762878893E+002     0.607331117674E-001    -0.272472723887E+002     0.290076205271E+000
     0.800506990496E-002    -0.340715746579E+002     0.565907281706E-001    -0.264534460660E+002     0.302087688525E+000
     0.848637364120E-002    -0.327961352883E+002     0.526815388963E-001    -0.256719322726E+002     0.314443711460E+000
     0.899655557408E-002    -0.315390656405E+002     0.490877415734E-001    -0.248966002436E+002     0.327145531784E+000
     0.953734839373E-002    -0.302860876868E+002     0.457603636470E-001    -0.241187701559E+002     0.340188812979E+000
     0.101105887516E-001    -0.290186709812E+002     0.426115093642E-001    -0.233269923011E+002     0.353560808704E+000
     0.107182234982E-001    -0.277128038763E+002     0.398729323857E-001    -0.225061247659E+002     0.367236333584E+000
     0.113623162948E-001    -0.263376732944E+002     0.369732493210E-001    -0.216369156249E+002     0.381172535426E+000
     0.120450546223E-001    -0.248591241460E+002     0.345080606195E-001    -0.206967004185E+002     0.395302985696E+000
     0.127687572104E-001    -0.232361010484E+002     0.321241970861E-001    -0.196574484996E+002     0.409529151047E+000
     0.135358819124E-001    -0.214225621430E+002     0.283224836331E-001    -0.184875173253E+002     0.423711398908E+000
     0.143490340526E-001    -0.193847112236E+002     0.243889632148E-001    -0.171590475551E+002     0.437664329246E+000
     0.152109752747E-001    -0.170708237257E+002     0.222641334731E-001    -0.156379377429E+002     0.451143326076E+000
     0.161246329208E-001    -0.144674146768E+002     0.197001793122E-001    -0.139050108433E+002     0.463847758303E+000
     0.170931099734E-001    -0.115805940694E+002     0.176559745418E-001    -0.119580930408E+002     0.475428909629E+000
     0.181196955938E-001    -0.847753476249E+001     0.157074073715E-001    -0.983720074080E+001     0.485527651327E+000
     0.192078762926E-001    -0.532996698061E+001     0.128120742340E-001    -0.765700852926E+001     0.493859871884E+000
     0.203613477710E-001    -0.244412763491E+001     0.896047806352E-002    -0.563327903947E+001     0.500357706806E+000
     0.215840274722E-001    -0.177863156040E+000     0.664941318135E-002    -0.402892336810E+001     0.505283796335E+000
     0.228800678855E-001     0.125674285807E+001     0.176546979340E-005    -0.299782013727E+001     0.509169092384E+000
     0.242538706494E-001     0.197560491662E+001    -0.565375096244E-002    -0.248956361025E+001     0.512589270573E+000
     0.257101015006E-001     0.222162306708E+001    -0.136660541709E-001    -0.231529715740E+001     0.515960936455E+000
     0.272537061195E-001     0.222594960904E+001    -0.182822898229E-001    -0.231372831946E+001     0.519532529669E+000
     0.288899269272E-001     0.210794393949E+001    -0.236054698522E-001    -0.239821148115E+001     0.523456723277E+000
     0.306243208897E-001     0.193048650320E+001    -0.264548242958E-001    -0.252487715268E+001     0.527836095334E+000
     0.324627783907E-001     0.173615471340E+001    -0.262680588541E-001    -0.266125457916E+001     0.532728937109E+000
     0.344115432366E-001     0.156227215735E+001    -0.243914557091E-001    -0.278483528299E+001     0.538156134370E+000
     0.364772338618E-001     0.141346004204E+001    -0.168303337608E-001    -0.288835908359E+001     0.544122691941E+000
     0.386668658063E-001     0.129929953138E+001    -0.848171043889E-002    -0.296799963545E+001     0.550621545291E+000
     0.409878755421E-001     0.120454895799E+001    -0.902853462635E-003    -0.303408420522E+001     0.557663684582E+000
     0.434481457293E-001     0.112163252714E+001     0.462599561850E-002    -0.309231605720E+001     0.565271626100E+000
     0.460560319869E-001     0.104715954591E+001     0.623628527816E-002    -0.314463842957E+001     0.573472501572E+000
     0.488203912708E-001     0.986720299126E+000     0.589630957192E-002    -0.318749495528E+001     0.582283897919E+000
     0.517506119535E-001     0.948849404898E+000     0.519733406070E-002    -0.321443342292E+001     0.591702909531E+000
     0.548566457095E-001     0.941965485048E+000     0.543506677324E-002    -0.321945234292E+001     0.601702651433E+000
     0.581490413132E-001     0.961346173695E+000     0.450445006359E-002    -0.320456670693E+001     0.612253363194E+000
     0.616389804647E-001     0.103776781476E+001     0.649607172329E-002    -0.315093363113E+001     0.623249953206E+000
     0.653383157655E-001     0.115715598981E+001     0.815803915755E-002    -0.306665613273E+001     0.634594582636E+000
     0.692596109728E-001     0.131909295007E+001     0.897176227360E-002    -0.295249241753E+001     0.646172230454E+000
     0.734161836681E-001     0.151263516668E+001     0.822772922650E-002    -0.281573853351E+001     0.657876102325E+000
     0.778221504872E-001     0.172082578325E+001     0.468423371076E-002    -0.266893418280E+001     0.669635355889E+000
     0.824924750635E-001     0.191573253434E+001    -0.984963519564E-003    -0.253210678453E+001     0.681461117329E+000
     0.874430188470E-001     0.205926271227E+001    -0.889166504365E-002    -0.243156892145E+001     0.693498786220E+000
     0.926905949743E-001     0.212858191752E+001    -0.160403504906E-001    -0.238344750067E+001     0.706006391659E+000
     0.982530253690E-001     0.212669553152E+001    -0.187774342163E-001    -0.238495731303E+001     0.719272961875E+000
     0.104149201269E+000     0.208472493642E+001    -0.155705621330E-001    -0.241418667738E+001     0.733507727237E+000
     0.110399147386E+000     0.202540006843E+001    -0.820616662498E-002    -0.245508516793E+001     0.748851962964E+000
     0.117024089912E+000     0.196618898156E+001     0.135586433024E-003    -0.249585600283E+001     0.765386865560E+000
     0.124046528610E+000     0.192559978024E+001     0.752284442285E-002    -0.252362415268E+001     0.783108940211E+000
     0.131490313229E+000     0.192054265465E+001     0.130860350207E-001    -0.252657711245E+001     0.801916488316E+000
     0.139380724499E+000     0.195388618337E+001     0.156909939665E-001    -0.250277088197E+001     0.821664767990E+000
     0.147744559993E+000     0.202000777214E+001     0.147473899508E-001    -0.245645734186E+001     0.842210543344E+000
     0.156610225139E+000     0.211363824168E+001     0.108512355475E-001    -0.239087913072E+001     0.863407495434E+000
     0.166007829686E+000     0.223513713728E+001     0.604204809552E-002    -0.230563959097E+001     0.885075058936E+000
     0.175969289968E+000     0.237398756189E+001     0.125941611797E-002    -0.220798521848E+001     0.907069819572E+000
     0.185969289968E+000     0.248452744237E+001    -0.433194303983E-002    -0.213057632429E+001     0.928375626854E+000
     0.195969289968E+000     0.253189307476E+001    -0.104010575297E-001    -0.209804548491E+001     0.949356339517E+000
     0.205969289968E+000     0.251593638668E+001    -0.147332740806E-001    -0.211054175708E+001     0.970462271332E+000
     0.215969289968E+000     0.246927267038E+001    -0.156274357720E-001    -0.214344835265E+001     0.991897324533E+000
     0.225969289968E+000     0.244277340450E+001    -0.127433492287E-001    -0.216179610723E+001     0.101351566120E+001
     0.235969289968E+000     0.244634547414E+001    -0.687361107029E-002    -0.215821919394E+001     0.103509796260E+001
     0.245969289968E+000     0.247261818577E+001     0.631095097493E-003    -0.213792467112E+001     0.105647721024E+001
     0.255969289968E+000     0.252058059561E+001     0.823719697717E-002    -0.210287906113E+001     0.107750616218E+001
     0.265969289968E+000     0.256369736208E+001     0.146304713847E-001    -0.207121463549E+001     0.109821882525E+001
     0.275969289968E+000     0.259250114771E+001     0.179401782202E-001    -0.205031422280E+001     0.111872275235E+001
     0.285969289968E+000     0.260137178419E+001     0.177931912880E-001    -0.204416621520E+001     0.113916518888E+001
     0.295969289968E+000     0.259038785101E+001     0.151412892485E-001    -0.205235078095E+001     0.115968925521E+001
     0.305969289968E+000     0.257824927766E+001     0.113160510675E-001    -0.206182549760E+001     0.118030782071E+001
     0.315969289968E+000     0.256725800788E+001     0.783366576417E-002    -0.207031513485E+001     0.120101112027E+001
     0.325969289968E+000     0.256775678958E+001     0.519913765294E-002    -0.207037194854E+001     0.122171490503E+001
     0.335969289968E+000     0.258426865364E+001     0.322189661640E-002    -0.205878737238E+001     0.124230280397E+001
     0.345969289968E+000     0.261452789834E+001     0.211569034580E-002    -0.203777637838E+001     0.126268057873E+001
     0.355969289968E+000     0.265190554285E+001     0.130580029079E-002    -0.201151030912E+001     0.128279568606E+001
     0.365969289968E+000     0.268300917111E+001     0.831234336326E-003    -0.198946082747E+001     0.130269029607E+001
     0.375969289968E+000     0.270263035253E+001    -0.202246001891E-003    -0.197590895865E+001     0.132244938576E+001
     0.385969289968E+000     0.270644439060E+001    -0.170839199633E-002    -0.197353474560E+001     0.134218474061E+001
     0.395969289968E+000     0.269899414793E+001    -0.332878665292E-002    -0.197902223295E+001     0.136197499094E+001
     0.405969289968E+000     0.269427795748E+001    -0.491007628911E-002    -0.198274643258E+001     0.138180251606E+001
     0.415969289968E+000     0.269554259226E+001    -0.548796803798E-002    -0.198182158604E+001     0.140162080791E+001
     0.425969289968E+000     0.270549757585E+001    -0.539693795178E-002    -0.197501651635E+001     0.142137104681E+001
     0.435969289968E+000     0.271907569173E+001    -0.454945220404E-002    -0.196504703577E+001     0.144102156983E+001
     0.445969289968E+000     0.273856427416E+001    -0.209204906146E-002    -0.195077421884E+001     0.146052932324E+001
     0.455969289968E+000     0.276155398998E+001     0.997156684330E-003    -0.193384423182E+001     0.147986776813E+001
     0.465969289968E+000     0.278673966559E+001     0.437807626552E-002    -0.191531669113E+001     0.149902098508E+001
     0.475969289968E+000     0.281134344039E+001     0.759809973965E-002    -0.189734582133E+001     0.151799459542E+001
     0.485969289968E+000     0.283151133563E+001     0.993372558267E-002    -0.188270650304E+001     0.153682192252E+001
     0.495969289968E+000     0.284335344280E+001     0.112619914411E-001    -0.187435914845E+001     0.155556585234E+001
     0.505969289968E+000     0.284044001802E+001     0.100139686836E-001    -0.187612144778E+001     0.157432733407E+001
     0.515969289968E+000     0.283554943835E+001     0.940830165843E-002    -0.188025869975E+001     0.159313015644E+001
     0.525969289968E+000     0.282612656437E+001     0.715369033301E-002    -0.188755539800E+001     0.161200584598E+001
     0.535969289968E+000     0.281532647275E+001     0.504124395242E-002    -0.189567486923E+001     0.163096266171E+001
     0.545969289968E+000     0.280593415337E+001     0.308086391303E-002    -0.190271238751E+001     0.164998981052E+001
     0.555969289968E+000     0.280000004264E+001     0.145883800061E-002    -0.190709751577E+001     0.166906079126E+001
     0.565969289968E+000     0.280317523669E+001     0.214712326308E-003    -0.190505129899E+001     0.168811130437E+001
     0.575969289968E+000     0.281110630014E+001    -0.658266137220E-003    -0.189935602939E+001     0.170710486581E+001
     0.585969289968E+000     0.282900868511E+001    -0.752018111402E-003    -0.188686654351E+001     0.172597353274E+001
     0.595969289968E+000     0.284857586706E+001    -0.728133383713E-003    -0.187296172820E+001     0.174470315144E+001
     0.605969289968E+000     0.287114063061E+001    -0.183820558038E-003    -0.185688137650E+001     0.176327196529E+001
     0.615969289968E+000     0.289377847972E+001     0.609174716774E-003    -0.184072433316E+001     0.178167920963E+001
     0.625969289968E+000     0.291398550942E+001     0.163043371167E-002    -0.182622020190E+001     0.179994141893E+001
     0.635969289968E+000     0.292980935404E+001     0.256291632855E-002    -0.181489190290E+001     0.181809035606E+001
     0.645969289968E+000     0.294017917664E+001     0.330429786808E-002    -0.180762668610E+001     0.183616665312E+001
     0.655969289968E+000     0.294027916906E+001     0.318301178891E-002    -0.180737897752E+001     0.185424047092E+001
     0.665969289968E+000     0.293960681173E+001     0.326434798108E-002    -0.180812694517E+001     0.187232176984E+001
     0.675969289968E+000     0.293091915498E+001     0.271261533295E-002    -0.181432128365E+001     0.189046500296E+001
     0.685969289968E+000     0.292074333648E+001     0.175233614947E-002    -0.182167128714E+001     0.190868172426E+001
     0.695969289968E+000     0.291084230646E+001     0.119231780871E-002    -0.182879377293E+001     0.192696966587E+001
     0.705969289968E+000     0.290250190933E+001     0.827218579707E-003    -0.183476549339E+001     0.194531732267E+001
     0.715969289968E+000     0.289583019835E+001     0.153756974608E-003    -0.183952784963E+001     0.196371260123E+001
     0.725969289968E+000     0.289371043982E+001     0.455484666737E-003    -0.184109498764E+001     0.198212355167E+001
     0.735969289968E+000     0.289357650329E+001     0.123070597913E-003    -0.184120021716E+001     0.200053555388E+001
     0.745969289968E+000     0.289483748416E+001     0.544605347741E-003    -0.184010982924E+001     0.201893665298E+001
     0.755969289968E+000     0.289897216099E+001     0.122011573350E-002    -0.183703854395E+001     0.203730704247E+001
