 #        time                      h  [L]            Darcian flow [L.T^{-1}]   in    x         z              directions   cumulative flux
 #-----------------------------------------------------------------------------------------------

     0.100000000000E-005    -0.280000000000E+003     0.786146445611E-030     0.641937288497E-014     0.641937288497E-020
     0.205999994278E-005    -0.280000000000E+003     0.157229289122E-029     0.128387457699E-013     0.200284426665E-019
     0.318359982147E-005    -0.280000000000E+003    -0.505778066013E-014     0.324726929327E-014     0.267818203722E-019
     0.437461562859E-005    -0.280000000000E+003     0.786146445611E-030     0.641937288497E-014     0.344273949500E-019
     0.563709231599E-005    -0.280000000000E+003     0.101155613203E-013     0.127635800684E-013     0.549880810168E-019
     0.697531753239E-005    -0.280000000000E+003     0.505778066013E-014     0.959147647667E-014     0.694988838873E-019
     0.839383618521E-005    -0.280000000000E+003     0.505778066013E-014     0.160108493616E-013     0.933168403445E-019
     0.989746587602E-005    -0.280000000000E+003     0.157229289122E-029     0.128387457699E-013     0.112621559677E-018
     0.114913132622E-004    -0.280000000000E+003     0.235843933683E-029     0.192581186549E-013     0.143316061759E-018
     0.131807914004E-004    -0.280000000000E+003     0.314458578245E-029     0.256774915399E-013     0.186697622359E-018
     0.149716381303E-004    -0.280000000000E+003    -0.505778066013E-014     0.289247608332E-013     0.239283388234E-018
     0.168699355614E-004    -0.280000000000E+003    -0.505778066013E-014     0.225053879482E-013     0.283070886037E-018
     0.188821307298E-004    -0.280000000000E+003    -0.505778066013E-014     0.160860150632E-013     0.317001355203E-018
     0.210150574931E-004    -0.280000000000E+003    -0.101155613203E-013     0.129139114715E-013     0.351990046690E-018
     0.232759597402E-004    -0.280000000000E+003    -0.151733419804E-013     0.225805536498E-013     0.413497879232E-018
     0.256725159928E-004    -0.280000000000E+003    -0.101155613203E-013     0.321720301264E-013     0.494321329472E-018
     0.282128654833E-004    -0.280000000000E+003    -0.151733419804E-013     0.354192994197E-013     0.592207462315E-018
     0.309056357980E-004    -0.280000000000E+003    -0.202311226405E-013     0.258278229430E-013     0.680552276965E-018
     0.337599721774E-004    -0.280000000000E+003    -0.252889033006E-013     0.290750922363E-013     0.790542032876E-018
     0.367855685763E-004    -0.280000000000E+003    -0.303466839608E-013     0.387417344145E-013     0.939438367411E-018
     0.399927005860E-004    -0.280000000000E+003    -0.354044646209E-013     0.419890037078E-013     0.111558416398E-017
     0.433922603327E-004    -0.280000000000E+003    -0.354044646209E-013     0.291502579379E-013     0.127149071868E-017
     0.469957934698E-004    -0.280000000000E+003    -0.303466839608E-013     0.259029886446E-013     0.141526609344E-017
     0.508155383889E-004    -0.280000000000E+003    -0.354044646209E-013     0.355696308228E-013     0.160696534011E-017
     0.548644677845E-004    -0.280000000000E+003    -0.354044646209E-013     0.419890037078E-013     0.182934530187E-017
     0.591563327122E-004    -0.280000000000E+003    -0.354044646209E-013     0.419890037078E-013     0.206506804860E-017
     0.637057092900E-004    -0.280000000000E+003    -0.354044646209E-013     0.355696308228E-013     0.229338488160E-017
     0.685280482021E-004    -0.280000000000E+003    -0.252889033006E-013     0.419138380062E-013     0.252944802305E-017
     0.736397271730E-004    -0.280000000000E+003    -0.252889033006E-013     0.354944651213E-013     0.275222492042E-017
     0.790581065897E-004    -0.280000000000E+003    -0.202311226405E-013     0.386665687130E-013     0.298868003438E-017
     0.848015884613E-004    -0.280000000000E+003    -0.252889033006E-013     0.354944651213E-013     0.323899212924E-017
     0.908896789166E-004    -0.280000000000E+003    -0.202311226405E-013     0.386665687130E-013     0.350467306660E-017
     0.973430544509E-004    -0.280000000000E+003    -0.151733419804E-013     0.354192994197E-013     0.375333805430E-017
     0.104183632148E-003    -0.280000000000E+003    -0.202311226405E-013     0.322471958280E-013     0.401374582538E-017
     0.111434644115E-003    -0.280000000000E+003    -0.252889033006E-013     0.419138380062E-013     0.436869737376E-017
     0.119120716386E-003    -0.280000000000E+003    -0.303466839608E-013     0.451611072995E-013     0.478689647701E-017
     0.127267952553E-003    -0.280000000000E+003    -0.354044646209E-013     0.419890037078E-013     0.523436836159E-017
     0.135904022424E-003    -0.280000000000E+003    -0.354044646209E-013     0.419890037078E-013     0.570868853365E-017
     0.145058255993E-003    -0.280000000000E+003    -0.354044646209E-013     0.419890037078E-013     0.621146788888E-017
     0.154761743052E-003    -0.280000000000E+003    -0.404622452810E-013     0.388169001161E-013     0.675555107230E-017
     0.165047438780E-003    -0.280000000000E+003    -0.455200259411E-013     0.420641694094E-013     0.739305407167E-017
     0.175950275662E-003    -0.280000000000E+003    -0.505778066013E-013     0.388920658177E-013     0.808867790433E-017
     0.187507282134E-003    -0.280000000000E+003    -0.505778066013E-013     0.453114387027E-013     0.887346936111E-017
     0.199757708333E-003    -0.280000000000E+003    -0.455200259411E-013     0.484835422944E-013     0.968816660428E-017
     0.212743159403E-003    -0.280000000000E+003    -0.455200259411E-013     0.420641694094E-013     0.104929992791E-016
     0.226507736794E-003    -0.280000000000E+003    -0.505778066013E-013     0.517308115876E-013     0.114888349559E-016
     0.241098188040E-003    -0.280000000000E+003    -0.505778066013E-013     0.517308115876E-013     0.125444207162E-016
     0.256564065527E-003    -0.280000000000E+003    -0.606933679215E-013     0.389672315193E-013     0.136599093972E-016
     0.272957894778E-003    -0.280000000000E+003    -0.708089292418E-013     0.518811429908E-013     0.150989811182E-016
     0.290335352846E-003    -0.280000000000E+003    -0.758667099019E-013     0.487090393991E-013     0.166656848015E-016
     0.308755457403E-003    -0.280000000000E+003    -0.657511485817E-013     0.422145008125E-013     0.181049631741E-016
     0.328280767180E-003    -0.280000000000E+003    -0.606933679215E-013     0.261284857493E-013     0.193951685007E-016
     0.348977594427E-003    -0.280000000000E+003    -0.606933679215E-013     0.132897399794E-013     0.206810898928E-016
     0.370916230124E-003    -0.280000000000E+003    -0.606933679215E-013     0.197091128644E-013     0.220810660811E-016
     0.394171182707E-003    -0.280000000000E+003    -0.657511485817E-013     0.229563821576E-013     0.237006210238E-016
     0.418821431115E-003    -0.280000000000E+003    -0.708089292418E-013     0.197842785659E-013     0.255129293718E-016
     0.444950693017E-003    -0.280000000000E+003    -0.657511485817E-013     0.165370092727E-013     0.272844636951E-016
     0.472647709137E-003    -0.280000000000E+003    -0.809244905620E-013     0.134400713825E-013     0.295565322762E-016
     0.502006544641E-003    -0.280000000000E+003    -0.809244905620E-013     0.601325612584E-015     0.319324466735E-016
     0.533126908594E-003    -0.280000000000E+003    -0.859822712222E-013     0.102679677908E-013     0.346272585448E-016
     0.566114492604E-003    -0.280000000000E+003    -0.809244905620E-013     0.198594442675E-013     0.373759717607E-016
     0.601081329767E-003    -0.280000000000E+003    -0.708089292418E-013     0.133649056810E-013     0.398956533113E-016
     0.638146175159E-003    -0.280000000000E+003    -0.708089292418E-013     0.197842785659E-013     0.426206939521E-016
     0.677434909153E-003    -0.280000000000E+003    -0.809244905620E-013     0.198594442675E-013     0.458944548415E-016
     0.719080964939E-003    -0.280000000000E+003    -0.859822712222E-013     0.231067135608E-013     0.496023272112E-016
     0.763225781689E-003    -0.280000000000E+003    -0.960978325424E-013     0.167625063774E-013     0.539086026179E-016
     0.810019284919E-003    -0.280000000000E+003    -0.960978325424E-013     0.167625063774E-013     0.584732543026E-016
     0.859620395664E-003    -0.280000000000E+003    -0.910400518823E-013     0.263539828540E-013     0.631743363858E-016
     0.912197570216E-003    -0.280000000000E+003    -0.859822712222E-013     0.166873406758E-013     0.677793940844E-016
     0.967929372233E-003    -0.280000000000E+003    -0.910400518823E-013     0.135152370841E-013     0.729088253365E-016
     0.102700507918E-002    -0.280000000000E+003    -0.859822712222E-013     0.102679677908E-013     0.780243797891E-016
     0.108962532517E-002    -0.280000000000E+003    -0.859822712222E-013     0.384859490586E-014     0.834140016836E-016
     0.115600278233E-002    -0.280000000000E+003    -0.859822712222E-013    -0.154095237491E-013     0.892122176630E-016
     0.122636288312E-002    -0.280000000000E+003    -0.809244905620E-013    -0.314955388123E-013     0.953221091607E-016
     0.130094458593E-002    -0.280000000000E+003    -0.101155613203E-012    -0.441839531791E-013     0.103554753528E-015
     0.138000118665E-002    -0.280000000000E+003    -0.101155613203E-012    -0.441839531791E-013     0.112281356086E-015
     0.146380117888E-002    -0.280000000000E+003    -0.910400518823E-013    -0.185816273408E-013     0.120067799528E-015
     0.155262916586E-002    -0.280000000000E+003    -0.859822712222E-013    -0.346676424040E-013     0.128302875625E-015
     0.164678682697E-002    -0.280000000000E+003    -0.859822712222E-013    -0.346676424040E-013     0.137032055818E-015
     0.174659394236E-002    -0.280000000000E+003    -0.960978325424E-013    -0.281731038174E-013     0.147026988321E-015
     0.185238947896E-002    -0.280000000000E+003    -0.960978325424E-013    -0.153343580475E-013     0.157322332423E-015
     0.196453274170E-002    -0.280000000000E+003    -0.910400518823E-013    -0.250010002257E-013     0.167909833068E-015
     0.208340459379E-002    -0.280000000000E+003    -0.101155613203E-012    -0.313452074091E-013     0.180498457678E-015
     0.220940875020E-002    -0.280000000000E+003    -0.859822712222E-013    -0.346676424040E-013     0.192180066729E-015
     0.234297314879E-002    -0.280000000000E+003    -0.859822712222E-013    -0.410870152889E-013     0.204908055794E-015
     0.248455140365E-002    -0.280000000000E+003    -0.758667099019E-013    -0.347428081055E-013     0.216721843189E-015
     0.263462434571E-002    -0.280000000000E+003    -0.657511485817E-013    -0.412373466921E-013     0.228369410483E-015
     0.279370165569E-002    -0.280000000000E+003    -0.606933679215E-013    -0.252264973304E-013     0.238825112123E-015
     0.296232359518E-002    -0.280000000000E+003    -0.657511485817E-013    -0.219792280372E-013     0.250515246895E-015
     0.314106284138E-002    -0.280000000000E+003    -0.708089292418E-013    -0.251513316289E-013     0.263946278014E-015
     0.333052643213E-002    -0.280000000000E+003    -0.556355872614E-013    -0.220543937387E-013     0.275285186960E-015
     0.353135782749E-002    -0.280000000000E+003    -0.556355872614E-013    -0.156350208538E-013     0.286891386808E-015
     0.374423909507E-002    -0.280000000000E+003    -0.758667099019E-013    -0.264594368069E-014     0.303051807590E-015
     0.396989322653E-002    -0.280000000000E+003    -0.708089292418E-013     0.694553279598E-014     0.319106817387E-015
     0.420908659296E-002    -0.280000000000E+003    -0.708089292418E-013     0.133649056810E-013     0.336342894805E-015
     0.446263154769E-002    -0.280000000000E+003    -0.809244905620E-013    -0.581804727239E-014     0.356913850053E-015
     0.473138918520E-002    -0.280000000000E+003    -0.758667099019E-013     0.377342920428E-014     0.377328812594E-015
     0.501627226558E-002    -0.280000000000E+003    -0.657511485817E-013     0.369826350271E-014     0.396089808763E-015
     0.531824831448E-002    -0.280000000000E+003    -0.758667099019E-013     0.101928020893E-013     0.419205579015E-015
     0.563834290904E-002    -0.280000000000E+003    -0.556355872614E-013    -0.279627508383E-014     0.437036708992E-015
     0.597764316095E-002    -0.280000000000E+003    -0.455200259411E-013    -0.929081367038E-014     0.452800088863E-015
     0.633730140856E-002    -0.280000000000E+003    -0.556355872614E-013    -0.279627508383E-014     0.472835144343E-015
     0.671853913045E-002    -0.280000000000E+003    -0.455200259411E-013    -0.221295594403E-013     0.492131159986E-015
     0.712265109384E-002    -0.280000000000E+003    -0.252889033006E-013     0.339760069642E-014     0.502442528868E-015
     0.755100975191E-002    -0.280000000000E+003    -0.252889033006E-013    -0.302177218855E-014     0.513352309555E-015
     0.800506990496E-002    -0.280000000000E+003    -0.202311226405E-013     0.656970428812E-014     0.523010664661E-015
     0.848637364120E-002    -0.280000000000E+003    -0.354044646209E-013     0.347276639799E-014     0.540132744702E-015
     0.899655557408E-002    -0.280000000000E+003    -0.354044646209E-013    -0.936597937195E-014     0.558816814128E-015
     0.953734839373E-002    -0.280000000000E+003    -0.151733419804E-013    -0.159356836601E-013     0.570716423074E-015
     0.101105887516E-001    -0.280000000000E+003    -0.202311226405E-013    -0.626904148183E-014     0.582857745935E-015
     0.107182234982E-001    -0.280000000000E+003    -0.202311226405E-013     0.150331403146E-015     0.595151218393E-015
     0.113623162948E-001    -0.280000000000E+003     0.252889033006E-013    -0.339760069642E-014     0.611585966735E-015
     0.120450546223E-001    -0.280000000000E+003     0.202311226405E-013    -0.386665687130E-013     0.641380293900E-015
     0.127687572104E-001    -0.280000000000E+003    -0.101155613203E-013    -0.384410716083E-013     0.670147272118E-015
     0.135358819124E-001    -0.280000000000E+003    -0.101155613203E-013    -0.320216987233E-013     0.695908431781E-015
     0.143490340526E-001    -0.280000000000E+003    -0.505778066013E-014    -0.224302222466E-013     0.714605556628E-015
     0.152109752747E-001    -0.280000000000E+003    -0.101155613203E-013     0.751657015730E-016     0.723324816623E-015
     0.161246329208E-001    -0.280000000000E+003    -0.101155613203E-013    -0.127635800684E-013     0.738204638343E-015
     0.170931099734E-001    -0.280000000000E+003    -0.101155613203E-013    -0.127635800684E-013     0.753977248514E-015
     0.181196955938E-001    -0.280000000000E+003    -0.303466839608E-013    -0.318713673201E-013     0.799155242703E-015
     0.192078762926E-001    -0.280000000000E+003    -0.101155613203E-013     0.129139114715E-013     0.817005840955E-015
     0.203613477710E-001    -0.280000000000E+003     0.157229289122E-029     0.128387457699E-013     0.831814968020E-015
     0.215840274722E-001    -0.280000000000E+003     0.480489162712E-012    -0.205780616701E-012     0.147090989074E-014
     0.228800678855E-001    -0.279999999519E+003     0.511995951808E-007    -0.220479090702E-007     0.722492881089E-010
     0.242538706494E-001    -0.279999999796E+003     0.217868302563E-007    -0.848987545428E-008     0.104372309131E-009
     0.257101015006E-001    -0.279999999891E+003     0.111246998429E-007    -0.392582088874E-008     0.121551576026E-009
     0.272537061195E-001    -0.279999999957E+003     0.359734143799E-008    -0.906155963417E-009     0.127277908958E-009
     0.288899269272E-001    -0.280000000032E+003    -0.473269180697E-008     0.234398133206E-008     0.135919357897E-009
     0.306243208897E-001    -0.279999999998E+003    -0.109535344202E-008     0.574738771157E-009     0.138064771553E-009
     0.324627783907E-001    -0.280000000096E+003    -0.116214497516E-007     0.478576976258E-008     0.161171021979E-009
     0.344115432366E-001    -0.280000000745E+003    -0.821039392299E-007     0.329313271033E-007     0.333562698508E-009
     0.364772338618E-001    -0.280000000274E+003    -0.303511549718E-007     0.106880938459E-007     0.400032628637E-009
     0.386668658063E-001    -0.280000000133E+003    -0.137396988642E-007     0.430215323807E-008     0.431557842475E-009
     0.409878755421E-001    -0.280000000077E+003    -0.698269610830E-008     0.199886606638E-008     0.448415710313E-009
     0.434481457293E-001    -0.279999999247E+003     0.851150596094E-007    -0.332959896096E-007     0.673274126646E-009
     0.460560319869E-001    -0.279999999768E+003     0.271610813252E-007    -0.920206910120E-008     0.748061939769E-009
     0.488203912708E-001    -0.279999999903E+003     0.107950134670E-007    -0.320938917685E-008     0.779194135694E-009
     0.517506119535E-001    -0.279999999950E+003     0.485465513299E-008    -0.130525090922E-008     0.793924537918E-009
     0.548566457095E-001    -0.279999999970E+003     0.234670401347E-008    -0.593419095458E-009     0.801442914426E-009
     0.581490413132E-001    -0.280000000214E+003    -0.250614852079E-007     0.922548454827E-008     0.889368224128E-009
     0.616389804647E-001    -0.280000078886E+003    -0.891480512771E-005     0.318987427074E-005     0.339332223863E-007
     0.653383157655E-001    -0.280000022695E+003    -0.248376920676E-005     0.744199884769E-006     0.435250951543E-007
     0.692596109728E-001    -0.280000005317E+003    -0.386615644598E-006     0.577803635849E-007     0.450579666523E-007
     0.734161836681E-001    -0.279999991389E+003     0.123346428059E-005    -0.453383146104E-006     0.505203269542E-007
     0.778221504872E-001    -0.279999996391E+003     0.624781113307E-006    -0.203527035098E-006     0.534154685862E-007
     0.824924750635E-001    -0.280000000119E+003     0.145404628840E-006    -0.384255643195E-007     0.541178678587E-007
     0.874430188470E-001    -0.280000000783E+003     0.347639065962E-007    -0.729986504084E-008     0.542937214058E-007
     0.926905949743E-001    -0.280000000876E+003     0.470247659331E-008    -0.569012045306E-009     0.543185780062E-007
     0.982530253690E-001    -0.280000000840E+003    -0.341253516606E-008     0.695353887918E-009     0.543379500541E-007
     0.104149201269E+000    -0.280000000778E+003    -0.491612736631E-008     0.638991618813E-009     0.543671802346E-007
     0.110399147386E+000    -0.280000000720E+003    -0.523583979787E-008    -0.191462868876E-009     0.543999258229E-007
     0.117024089912E+000    -0.280000000670E+003    -0.472852417139E-008     0.215921832490E-009     0.544312846671E-007
     0.124046528610E+000    -0.280000000653E+003    -0.747466134033E-008     0.116384668883E-008     0.544844075018E-007
     0.131490313229E+000    -0.280000000592E+003    -0.411559702800E-008     0.494805134199E-009     0.545152637364E-007
     0.139380724499E+000    -0.280000000552E+003    -0.315082537268E-008    -0.123944236741E-010     0.545401252367E-007
     0.147744559993E+000    -0.280000000520E+003    -0.244598823700E-008    -0.180590846680E-009     0.545606387629E-007
     0.156610225139E+000    -0.280000000508E+003    -0.292908215502E-008     0.162967680569E-008     0.545903557646E-007
     0.166007829686E+000    -0.280000000477E+003    -0.213222375803E-008    -0.310784908286E-010     0.546103956887E-007
     0.175969289968E+000    -0.280000007618E+003    -0.872370122268E-006     0.238118944784E-006     0.636183887460E-007
     0.185969289968E+000    -0.280000001600E+003    -0.129611550404E-006     0.262959877766E-007     0.649409103137E-007
     0.195969289968E+000    -0.280000000805E+003    -0.284271245134E-007     0.479468490256E-008     0.652291967011E-007
     0.205969289968E+000    -0.280000000677E+003    -0.162840709867E-007     0.478443248569E-008     0.653989205244E-007
     0.215969289968E+000    -0.280000000497E+003     0.250223581594E-008     0.239084762591E-008     0.654335288131E-007
     0.225969289968E+000    -0.280000000658E+003    -0.246070131814E-008     0.382409061438E-007     0.658167287549E-007
     0.235969289968E+000    -0.280000000547E+003    -0.221224796207E-008    -0.317173046726E-009     0.658390774456E-007
     0.245969289968E+000    -0.280000025759E+003    -0.306200353690E-005     0.839434329761E-006     0.975889052466E-007
     0.255969289968E+000    -0.280000004685E+003    -0.453239826269E-006     0.882583662953E-007     0.102206435748E-006
     0.265969289968E+000    -0.280000001920E+003    -0.915230988646E-007     0.159509725460E-007     0.103135462720E-006
     0.275969289968E+000    -0.280000001302E+003    -0.286821579288E-007    -0.152274693122E-008     0.103422688231E-006
     0.285969289968E+000    -0.279999997000E+003     0.499305899189E-006    -0.108453439630E-006     0.108532174796E-006
     0.295969289968E+000    -0.280000000335E+003     0.678686085028E-007    -0.132704603172E-007     0.109223713164E-006
     0.305969289968E+000    -0.280000001904E+003    -0.130594590436E-006     0.350498611346E-007     0.110575875869E-006
     0.315969289968E+000    -0.279999999318E+003     0.184699377651E-006    -0.548998539547E-007     0.112502734817E-006
     0.325969289968E+000    -0.280000000628E+003     0.227785293901E-007    -0.742130617205E-008     0.112742304679E-006
     0.335969289968E+000    -0.280000000656E+003     0.164603953379E-007    -0.627852934012E-008     0.112918476341E-006
     0.345969289968E+000    -0.280000002821E+003    -0.248409836571E-006     0.672685495969E-007     0.115492043995E-006
     0.355969289968E+000    -0.280000002635E+003    -0.223078802867E-006     0.597866246462E-007     0.117801558939E-006
     0.365969289968E+000    -0.280000001136E+003    -0.387247809405E-007     0.721262177903E-008     0.118195466361E-006
     0.375969289968E+000    -0.280000000895E+003    -0.104797770877E-007     0.103757152874E-008     0.118300776513E-006
     0.385969289968E+000    -0.280000000814E+003    -0.426187309413E-008    -0.817955649157E-011     0.118343395323E-006
     0.395969289968E+000    -0.280000000775E+003    -0.267540410350E-008    -0.232767131764E-009     0.118370250430E-006
     0.405969289968E+000    -0.280000000749E+003    -0.225576004522E-008    -0.220074465603E-009     0.118392915130E-006
     0.415969289968E+000    -0.280000001074E+003    -0.356808214471E-008     0.803043975249E-007     0.119196751398E-006
     0.425969289968E+000    -0.279999995997E+003     0.424322031577E-006    -0.440224567684E-006     0.125311053129E-006
     0.435969289968E+000    -0.279999999717E+003     0.575392197043E-007    -0.371463151014E-007     0.125995933449E-006
     0.445969289968E+000    -0.279999999742E+003     0.232168368259E-007     0.105270847678E-007     0.126250853245E-006
     0.455969289968E+000    -0.279999999490E+003     0.188948064900E-007     0.146883369478E-007     0.126490177493E-006
     0.465969289968E+000    -0.279999999326E+003     0.165938450579E-007     0.124887706877E-007     0.126697861167E-006
     0.475969289968E+000    -0.279999999249E+003     0.141116785009E-007     0.763034670722E-008     0.126858286122E-006
     0.485969289968E+000    -0.279999999240E+003     0.101707771740E-007     0.302997861024E-008     0.126964411274E-006
     0.495969289968E+000    -0.279999999265E+003     0.835704184318E-008     0.360502588574E-008     0.127055425756E-006
     0.505969289968E+000    -0.279999999100E+003     0.866198051032E-008    -0.417747248642E-007     0.127482058801E-006
     0.515969289968E+000    -0.279999999234E+003     0.702237444535E-008    -0.957011029689E-009     0.127552931654E-006
     0.525969289968E+000    -0.279999999218E+003     0.800006368515E-008     0.356954740958E-008     0.127640534557E-006
     0.535969289968E+000    -0.279999999208E+003     0.770644940100E-008     0.347368608682E-008     0.127725066124E-006
     0.545969289968E+000    -0.280000015464E+003    -0.196729347125E-005     0.544881540898E-006     0.148138638804E-006
     0.555969289968E+000    -0.279999991992E+003     0.918376784227E-006    -0.266727881601E-006     0.157701900176E-006
     0.565969289968E+000    -0.279999998560E+003     0.120364994739E-006    -0.219310536793E-007     0.158925366688E-006
     0.575969289968E+000    -0.279999999256E+003     0.242756478999E-007    -0.254716291829E-008     0.159169455836E-006
     0.585969289968E+000    -0.279999999762E+003    -0.377708586464E-007     0.110868051575E-007     0.159563099712E-006
     0.595969289968E+000    -0.280000004715E+003    -0.636011979101E-006     0.175473526926E-006     0.166160843237E-006
     0.605969289968E+000    -0.280000000397E+003    -0.951129002631E-007     0.274283771408E-007     0.167150731093E-006
     0.615969289968E+000    -0.279999999419E+003    -0.163830569776E-007    -0.858782450859E-007     0.168025000933E-006
     0.625969289968E+000    -0.279999999570E+003    -0.378156605262E-008     0.878618173739E-008     0.168120655118E-006
     0.635969289968E+000    -0.279999999620E+003     0.347518592890E-008     0.574204228803E-007     0.168695910008E-006
     0.645969289968E+000    -0.280000004942E+003    -0.665554514058E-006     0.192063616858E-006     0.175623039602E-006
     0.655969289968E+000    -0.279999999631E+003    -0.189770257511E-007    -0.205255871550E-007     0.175902579802E-006
     0.665969289968E+000    -0.279999999653E+003    -0.781958686925E-008    -0.481343788008E-009     0.175980923679E-006
     0.675969289968E+000    -0.279999999604E+003    -0.176966182305E-008     0.118339187773E-008     0.176002212453E-006
     0.685969289968E+000    -0.279999999545E+003     0.678587260319E-009    -0.611062029070E-008     0.176063694289E-006
     0.695969289968E+000    -0.279999981053E+003     0.224533592661E-005    -0.623661249065E-006     0.199367099141E-006
     0.705969289968E+000    -0.279999996463E+003     0.338327632807E-006    -0.712544232845E-007     0.202824595055E-006
     0.715969289968E+000    -0.280000000154E+003    -0.127497637318E-006     0.428332012957E-007     0.204169598053E-006
     0.725969289968E+000    -0.279999998775E+003     0.489377964171E-007    -0.120206038890E-007     0.204673522932E-006
     0.735969289968E+000    -0.279999998427E+003     0.100025423037E-006    -0.256310844507E-007     0.205706094370E-006
     0.745969289968E+000    -0.279999999130E+003     0.191285316486E-007    -0.320710329225E-008     0.205900049580E-006
     0.755969289968E+000    -0.279999992635E+003     0.812642740599E-006    -0.221795816067E-006     0.214323716287E-006
