 #        time                      h  [L]            Darcian flow [L.T^{-1}]   in    x         z              directions   cumulative flux
 #-----------------------------------------------------------------------------------------------

     0.100000000000E-005    -0.280000000000E+003    -0.264237948389E-013    -0.165722913165E-013     0.311906680462E-019
     0.205999994278E-005    -0.280000000000E+003    -0.792713845166E-013    -0.161795967315E-013     0.116950701886E-018
     0.318359982147E-005    -0.280000000000E+003    -0.792713845166E-013     0.844322349226E-013     0.247078677814E-018
     0.437461562859E-005    -0.280000000000E+003    -0.528475896777E-013     0.134541803457E-012     0.419238620719E-018
     0.563709231599E-005    -0.280000000000E+003    -0.105695179355E-012     0.134934498042E-012     0.635630180571E-018
     0.697531753239E-005    -0.280000000000E+003    -0.528475896777E-013     0.134541803457E-012     0.829069071535E-018
     0.839383618521E-005    -0.280000000000E+003    -0.792713845166E-013     0.185044066577E-012     0.111462945099E-017
     0.989746587602E-005    -0.280000000000E+003    -0.105695179355E-012     0.168471775260E-012     0.141367493627E-017
     0.114913132622E-004    -0.280000000000E+003    -0.105695179355E-012     0.101397220824E-012     0.164712253337E-017
     0.131807914004E-004    -0.280000000000E+003    -0.105695179355E-012     0.678599436060E-013     0.185932827049E-017
     0.149716381303E-004    -0.280000000000E+003    -0.132118974194E-012     0.151899483944E-012     0.221985768308E-017
     0.168699355614E-004    -0.280000000000E+003    -0.158542769033E-012     0.168864469845E-012     0.265955442408E-017
     0.188821307298E-004    -0.280000000000E+003    -0.184966563872E-012     0.152292178529E-012     0.314166537378E-017
     0.210150574931E-004    -0.280000000000E+003    -0.184966563872E-012     0.185829455747E-012     0.370090403232E-017
     0.232759597402E-004    -0.280000000000E+003    -0.184966563872E-012     0.185829455747E-012     0.429369697837E-017
     0.256725159928E-004    -0.280000000000E+003    -0.237814153550E-012     0.219759427550E-012     0.506971424431E-017
     0.282128654833E-004    -0.280000000000E+003    -0.290661743228E-012     0.220152122135E-012     0.599598853367E-017
     0.309056357980E-004    -0.280000000000E+003    -0.264237948389E-012     0.270261690669E-012     0.701378117717E-017
     0.337599721774E-004    -0.280000000000E+003    -0.264237948389E-012     0.303798967887E-012     0.816303890101E-017
     0.367855685763E-004    -0.280000000000E+003    -0.317085538066E-012     0.304191662472E-012     0.949249782266E-017
     0.399927005860E-004    -0.280000000000E+003    -0.290661743228E-012     0.287226676571E-012     0.108030475450E-016
     0.433922603327E-004    -0.280000000000E+003    -0.317085538066E-012     0.270654385254E-012     0.122202890399E-016
     0.469957934698E-004    -0.280000000000E+003    -0.290661743228E-012     0.287226676571E-012     0.136928225489E-016
     0.508155383889E-004    -0.280000000000E+003    -0.343509332905E-012     0.354693925592E-012     0.155788888296E-016
     0.548644677845E-004    -0.280000000000E+003    -0.343509332905E-012     0.287619371156E-012     0.173928976064E-016
     0.591563327122E-004    -0.280000000000E+003    -0.343509332905E-012     0.287619371156E-012     0.193157468060E-016
     0.637057092900E-004    -0.280000000000E+003    -0.369933127744E-012     0.338121634275E-012     0.215957823278E-016
     0.685280482021E-004    -0.280000000000E+003    -0.369933127744E-012     0.338121634275E-012     0.240126198503E-016
     0.736397271730E-004    -0.280000000000E+003    -0.422780717422E-012     0.338514328860E-012     0.267811284263E-016
     0.790581065897E-004    -0.280000000000E+003    -0.422780717422E-012     0.405588883296E-012     0.299556046427E-016
     0.848015884613E-004    -0.280000000000E+003    -0.422780717422E-012     0.372051606078E-012     0.331901892910E-016
     0.908896789166E-004    -0.280000000000E+003    -0.396356922583E-012     0.355086620177E-012     0.364299763249E-016
     0.973430544509E-004    -0.280000000000E+003    -0.422780717422E-012     0.338514328860E-012     0.399251538610E-016
     0.104183632148E-003    -0.280000000000E+003    -0.369933127744E-012     0.338121634275E-012     0.433534829676E-016
     0.111434644115E-003    -0.280000000000E+003    -0.449204512261E-012     0.321942037544E-012     0.473608160485E-016
     0.119120716386E-003    -0.280000000000E+003    -0.422780717422E-012     0.271439774424E-012     0.512224312889E-016
     0.127267952553E-003    -0.280000000000E+003    -0.396356922583E-012     0.254474788523E-012     0.550599112269E-016
     0.135904022424E-003    -0.280000000000E+003    -0.422780717422E-012     0.204365219988E-012     0.591152672782E-016
     0.145058255993E-003    -0.280000000000E+003    -0.396356922583E-012     0.254474788523E-012     0.634270592711E-016
     0.154761743052E-003    -0.280000000000E+003    -0.422780717422E-012     0.271439774424E-012     0.683022584879E-016
     0.165047438780E-003    -0.280000000000E+003    -0.449204512261E-012     0.288404760326E-012     0.737929513094E-016
     0.175950275662E-003    -0.280000000000E+003    -0.422780717422E-012     0.271439774424E-012     0.792707245579E-016
     0.187507282134E-003    -0.280000000000E+003    -0.396356922583E-012     0.254474788523E-012     0.847142614298E-016
     0.199757708333E-003    -0.280000000000E+003    -0.396356922583E-012     0.288012065741E-012     0.907163422137E-016
     0.212743159403E-003    -0.280000000000E+003    -0.396356922583E-012     0.321549342959E-012     0.973439209177E-016
     0.226507736794E-003    -0.280000000000E+003    -0.396356922583E-012     0.254474788523E-012     0.103827259379E-015
     0.241098188040E-003    -0.280000000000E+003    -0.396356922583E-012     0.220937511305E-012     0.110448048521E-015
     0.256564065527E-003    -0.280000000000E+003    -0.369933127744E-012     0.170435248185E-012     0.116747402998E-015
     0.272957894778E-003    -0.280000000000E+003    -0.396356922583E-012     0.120325679651E-012     0.123538032606E-015
     0.290335352846E-003    -0.280000000000E+003    -0.422780717422E-012     0.702161111160E-013     0.130985522093E-015
     0.308755457403E-003    -0.280000000000E+003    -0.422780717422E-012     0.314155667990E-014     0.138773402109E-015
     0.328280767180E-003    -0.280000000000E+003    -0.422780717422E-012     0.314155667990E-014     0.147028554481E-015
     0.348977594427E-003    -0.280000000000E+003    -0.422780717422E-012     0.314155667990E-014     0.155779015522E-015
     0.370916230124E-003    -0.280000000000E+003    -0.422780717422E-012     0.366788338979E-013     0.165089087858E-015
     0.394171182707E-003    -0.280000000000E+003    -0.396356922583E-012     0.197138479964E-013     0.174317743227E-015
     0.418821431115E-003    -0.280000000000E+003    -0.369933127744E-012     0.698234165310E-013     0.183597696776E-015
     0.444950693017E-003    -0.280000000000E+003    -0.422780717422E-012     0.702161111160E-013     0.194795963092E-015
     0.472647709137E-003    -0.280000000000E+003    -0.422780717422E-012     0.702161111160E-013     0.206666124746E-015
     0.502006544641E-003    -0.280000000000E+003    -0.449204512261E-012     0.536438197994E-013     0.219947951385E-015
     0.533126908594E-003    -0.280000000000E+003    -0.422780717422E-012     0.702161111160E-013     0.233285263579E-015
     0.566114492604E-003    -0.280000000000E+003    -0.475628307100E-012     0.370715284829E-013     0.249022677936E-015
     0.601081329767E-003    -0.280000000000E+003    -0.475628307100E-012     0.353425126489E-014     0.265654354643E-015
     0.638146175159E-003    -0.280000000000E+003    -0.528475896777E-012     0.710015002859E-013     0.285418225056E-015
     0.677434909153E-003    -0.280000000000E+003    -0.475628307100E-012     0.370715284829E-013     0.304161734318E-015
     0.719080964939E-003    -0.280000000000E+003    -0.422780717422E-012     0.366788338979E-013     0.321835020716E-015
     0.763225781689E-003    -0.280000000000E+003    -0.422780717422E-012     0.366788338979E-013     0.340568703287E-015
     0.810019284919E-003    -0.280000000000E+003    -0.396356922583E-012     0.867884024325E-013     0.359555050418E-015
     0.859620395664E-003    -0.280000000000E+003    -0.396356922583E-012     0.867884024325E-013     0.379680577291E-015
     0.912197570216E-003    -0.280000000000E+003    -0.422780717422E-012     0.702161111160E-013     0.402213674666E-015
     0.967929372233E-003    -0.280000000000E+003    -0.422780717422E-012     0.366788338979E-013     0.425864512181E-015
     0.102700507918E-002    -0.280000000000E+003    -0.449204512261E-012     0.871810970175E-013     0.452896747348E-015
     0.108962532517E-002    -0.280000000000E+003    -0.449204512261E-012     0.201065425814E-013     0.481054208647E-015
     0.115600278233E-002    -0.280000000000E+003    -0.396356922583E-012     0.532511252144E-013     0.507599755672E-015
     0.122636288312E-002    -0.280000000000E+003    -0.396356922583E-012     0.532511252144E-013     0.535738033999E-015
     0.130094458593E-002    -0.280000000000E+003    -0.396356922583E-012     0.532511252144E-013     0.565564607415E-015
     0.138000118665E-002    -0.280000000000E+003    -0.422780717422E-012     0.366788338979E-013     0.599113761584E-015
     0.146380117888E-002    -0.280000000000E+003    -0.449204512261E-012     0.201065425814E-013     0.636794786325E-015
     0.155262916586E-002    -0.280000000000E+003    -0.475628307100E-012     0.706088057009E-013     0.679506908030E-015
     0.164678682697E-002    -0.280000000000E+003    -0.475628307100E-012     0.137683360137E-012     0.726129594172E-015
     0.174659394236E-002    -0.280000000000E+003    -0.422780717422E-012     0.103753388334E-012     0.769578177690E-015
     0.185238947896E-002    -0.280000000000E+003    -0.422780717422E-012     0.366788338979E-013     0.814474501788E-015
     0.196453274170E-002    -0.280000000000E+003    -0.422780717422E-012     0.366788338979E-013     0.862064602763E-015
     0.208340459379E-002    -0.280000000000E+003    -0.422780717422E-012     0.366788338979E-013     0.912510107073E-015
     0.220940875020E-002    -0.280000000000E+003    -0.449204512261E-012     0.536438197994E-013     0.969513913001E-015
     0.234297314879E-002    -0.280000000000E+003    -0.422780717422E-012     0.103753388334E-012     0.102765790308E-014
     0.248455140365E-002    -0.280000000000E+003    -0.396356922583E-012     0.867884024325E-013     0.108510292659E-014
     0.263462434571E-002    -0.280000000000E+003    -0.369933127744E-012     0.170435248185E-012     0.114622863124E-014
     0.279370165569E-002    -0.280000000000E+003    -0.369933127744E-012     0.103360693749E-012     0.120733046249E-014
     0.296232359518E-002    -0.280000000000E+003    -0.317085538066E-012     0.136505276382E-012     0.126554214811E-014
     0.314106284138E-002    -0.280000000000E+003    -0.237814153550E-012     0.152684873114E-012     0.131605559272E-014
     0.333052643213E-002    -0.280000000000E+003    -0.290661743228E-012     0.860030132625E-013     0.137348549409E-014
     0.353135782749E-002    -0.280000000000E+003    -0.343509332905E-012     0.119932985066E-012     0.144655682718E-014
     0.374423909507E-002    -0.280000000000E+003    -0.396356922583E-012     0.153862956869E-012     0.153706832946E-014
     0.396989322653E-002    -0.280000000000E+003    -0.290661743228E-012     0.153077567699E-012     0.161119733988E-014
     0.420908659296E-002    -0.280000000000E+003    -0.211390358711E-012     0.135719887212E-012     0.167128477574E-014
     0.446263154769E-002    -0.280000000000E+003    -0.184966563872E-012     0.118754901311E-012     0.172701586950E-014
     0.473138918520E-002    -0.280000000000E+003    -0.184966563872E-012     0.152292178529E-012     0.179140872855E-014
     0.501627226558E-002    -0.280000000000E+003    -0.237814153550E-012     0.186222150332E-012     0.187745769052E-014
     0.531824831448E-002    -0.280000000000E+003    -0.237814153550E-012     0.152684873114E-012     0.196279905088E-014
     0.563834290904E-002    -0.280000000000E+003    -0.158542769033E-012     0.168864469845E-012     0.203694156813E-014
     0.597764316095E-002    -0.280000000000E+003    -0.132118974194E-012     0.185436761162E-012     0.211419645476E-014
     0.633730140856E-002    -0.280000000000E+003    -0.158542769033E-012     0.202401747063E-012     0.220666589597E-014
     0.671853913045E-002    -0.280000000000E+003    -0.158542769033E-012     0.168864469845E-012     0.229497080600E-014
     0.712265109384E-002    -0.280000000000E+003    -0.184966563872E-012     0.185829455747E-012     0.240092617033E-014
     0.755100975191E-002    -0.280000000000E+003    -0.211390358711E-012     0.169257164430E-012     0.251692666892E-014
     0.800506990496E-002    -0.280000000000E+003    -0.211390358711E-012     0.169257164430E-012     0.263988719078E-014
     0.848637364120E-002    -0.280000000000E+003    -0.158542769033E-012     0.135327192627E-012     0.274021247956E-014
     0.899655557408E-002    -0.280000000000E+003    -0.132118974194E-012     0.512876522895E-013     0.281251778180E-014
     0.953734839373E-002    -0.280000000000E+003    -0.132118974194E-012     0.512876522895E-013     0.288916139804E-014
     0.101105887516E-001    -0.280000000000E+003    -0.184966563872E-012     0.852176240925E-013     0.300590369791E-014
     0.107182234982E-001    -0.280000000000E+003    -0.211390358711E-012     0.351080555580E-013     0.313611127401E-014
     0.113623162948E-001    -0.280000000000E+003    -0.158542769033E-012     0.347153609730E-013     0.324064689179E-014
     0.120450546223E-001    -0.280000000000E+003    -0.132118974194E-012     0.512876522895E-013     0.333740767053E-014
     0.127687572104E-001    -0.280000000000E+003    -0.184966563872E-012     0.181430696565E-013     0.347191086932E-014
     0.135358819124E-001    -0.280000000000E+003    -0.211390358711E-012     0.351080555580E-013     0.363629489866E-014
     0.143490340526E-001    -0.280000000000E+003    -0.184966563872E-012     0.852176240925E-013     0.380189602860E-014
     0.152109752747E-001    -0.280000000000E+003    -0.184966563872E-012     0.852176240925E-013     0.397743321687E-014
     0.161246329208E-001    -0.280000000000E+003    -0.211390358711E-012     0.686453327760E-013     0.418049980114E-014
     0.170931099734E-001    -0.280000000000E+003    -0.184966563872E-012     0.516803468745E-013     0.436649653896E-014
     0.181196955938E-001    -0.280000000000E+003    -0.158542769033E-012     0.347153609730E-013     0.453311036014E-014
     0.192078762926E-001    -0.280000000000E+003    -0.792713845166E-013    -0.161795967315E-013     0.462115037767E-014
     0.203613477710E-001    -0.280000000000E+003    -0.792713845166E-013     0.508949577045E-013     0.472981112021E-014
     0.215840274722E-001    -0.280000000000E+003    -0.792713845166E-013     0.508949577045E-013     0.484499150109E-014
     0.228800678855E-001    -0.280000000000E+003    -0.792713845166E-013     0.844322349226E-013     0.499509040987E-014
     0.242538706494E-001    -0.280000000000E+003    -0.792713845166E-013     0.844322349226E-013     0.515419524459E-014
     0.257101015006E-001    -0.280000000000E+003    -0.105695179355E-012     0.678599436060E-013     0.533710411698E-014
     0.272537061195E-001    -0.280000000000E+003    -0.105695179355E-012     0.101397220824E-012     0.556319275776E-014
     0.288899269272E-001    -0.280000000000E+003    -0.105695179355E-012     0.101397220824E-012     0.580284670404E-014
     0.306243208897E-001    -0.280000000000E+003    -0.105695179355E-012     0.101397220824E-012     0.605687987339E-014
     0.324627783907E-001    -0.280000000000E+003    -0.132118974194E-012     0.118362206726E-012     0.638299256932E-014
     0.344115432366E-001    -0.280000000000E+003    -0.528475896777E-013     0.101004526239E-012     0.660514135148E-014
     0.364772338618E-001    -0.280000000000E+003    -0.528475896777E-013     0.101004526239E-012     0.684061904786E-014
     0.386668658063E-001    -0.280000000000E+003    -0.264237948389E-013     0.117576817556E-012     0.710449036576E-014
     0.409878755421E-001    -0.280000000000E+003    -0.792713845166E-013     0.117969512141E-012     0.743437402039E-014
     0.434481457293E-001    -0.280000000000E+003    -0.132118974194E-012     0.848249295075E-013     0.782064969686E-014
     0.460560319869E-001    -0.280000000000E+003    -0.105695179355E-012     0.678599436060E-013     0.814821145283E-014
     0.488203912708E-001    -0.280000000000E+003    -0.792713845166E-013     0.173576804865E-013     0.837253782866E-014
     0.517506119535E-001    -0.280000000000E+003    -0.158542769033E-012     0.682526381910E-013     0.887832339160E-014
     0.548566457095E-001    -0.280000000000E+003    -0.184966563872E-012     0.516803468745E-013     0.947483948317E-014
     0.581490413132E-001    -0.280000000000E+003    -0.158542769033E-012     0.682526381910E-013     0.100431400803E-013
     0.616389804647E-001    -0.280000000000E+003    -0.132118974194E-012     0.118362206726E-012     0.106621989733E-013
     0.653383157655E-001    -0.280000000000E+003    -0.105695179355E-012     0.101397220824E-012     0.112040331190E-013
     0.692596109728E-001    -0.280000000000E+003    -0.158542769033E-012     0.101789915409E-012     0.119428304917E-013
     0.734161836681E-001    -0.280000000000E+003    -0.132118974194E-012     0.512876522895E-013     0.125319188652E-013
     0.778221504872E-001    -0.280000000000E+003    -0.792713845166E-013    -0.497168739496E-013     0.129441940106E-013
     0.824924750635E-001    -0.280000000000E+003    -0.105695179355E-012    -0.133363719702E-012     0.137389366087E-013
     0.874430188470E-001    -0.280000000000E+003    -0.132118974194E-012    -0.828614565826E-013     0.145109904477E-013
     0.926905949743E-001    -0.280000000000E+003    -0.158542769033E-012    -0.658964706811E-013     0.154119574654E-013
     0.982530253690E-001    -0.280000000000E+003    -0.158542769033E-012    -0.323591934631E-013     0.163120220779E-013
     0.104149201269E+000    -0.280000000000E+003    -0.158542769033E-012     0.347153609730E-013     0.172689655393E-013
     0.110399147386E+000    -0.280000000000E+003    -0.158542769033E-012     0.117808375496E-014     0.182598766586E-013
     0.117024089912E+000    -0.280000000000E+003    -0.158542769033E-012     0.347153609730E-013     0.193350982158E-013
     0.124046528610E+000    -0.280000000000E+003    -0.528475896777E-013    -0.331445826330E-013     0.197731673245E-013
     0.131490313229E+000    -0.280000000000E+003    -0.132118974194E-012    -0.157869021465E-013     0.207636285233E-013
     0.139380724499E+000    -0.280000000000E+003    -0.158542769033E-012     0.117808375496E-014     0.220146307106E-013
     0.147744559993E+000    -0.280000000000E+003    -0.211390358711E-012     0.351080555580E-013     0.238068829687E-013
     0.156610225139E+000    -0.280000000000E+003    -0.211390358711E-012     0.351080555580E-013     0.257066702596E-013
     0.166007829686E+000    -0.280000000000E+003    -0.184966563872E-012    -0.489314847796E-013     0.275047078238E-013
     0.175969289968E+000    -0.280000000000E+003    -0.158542769033E-012     0.117808375496E-014     0.290840689212E-013
     0.185969289968E+000    -0.280000000000E+003    -0.184966563872E-012    -0.489314847796E-013     0.309973624155E-013
     0.195969289968E+000    -0.280000000000E+003    -0.211390358711E-012    -0.319664988781E-013     0.331352992903E-013
     0.205969289968E+000    -0.280000000000E+003    -0.158542769033E-012     0.117808375496E-014     0.347207707500E-013
     0.215969289968E+000    -0.280000000000E+003    -0.158542769033E-012    -0.658964706811E-013     0.364376910877E-013
     0.225969289968E+000    -0.280000000000E+003    -0.158542769033E-012    -0.658964706811E-013     0.381546114254E-013
     0.235969289968E+000    -0.280000000000E+003    -0.158542769033E-012    -0.658964706811E-013     0.398715317631E-013
     0.245969289968E+000    -0.280000000000E+003    -0.158542769033E-012    -0.658964706811E-013     0.415884521009E-013
     0.255969289968E+000    -0.280000000000E+003    -0.158542769033E-012    -0.658964706811E-013     0.433053724386E-013
     0.265969289968E+000    -0.280000000000E+003    -0.158542769033E-012    -0.658964706811E-013     0.450222927763E-013
     0.275969289968E+000    -0.280000000000E+003    -0.132118974194E-012    -0.493241793646E-013     0.464325515473E-013
     0.285969289968E+000    -0.280000000000E+003    -0.132118974194E-012    -0.493241793646E-013     0.478428103183E-013
     0.295969289968E+000    -0.280000000000E+003    -0.105695179355E-012    -0.662891652661E-013     0.490904370402E-013
     0.305969289968E+000    -0.280000000000E+003    -0.105695179355E-012    -0.998264424841E-013     0.505442867421E-013
     0.315969289968E+000    -0.280000000000E+003    -0.132118974194E-012    -0.116398733801E-012     0.523050845321E-013
     0.325969289968E+000    -0.280000000000E+003    -0.132118974194E-012    -0.493241793646E-013     0.537153433031E-013
     0.335969289968E+000    -0.280000000000E+003    -0.105695179355E-012    -0.662891652661E-013     0.549629700250E-013
     0.345969289968E+000    -0.280000000000E+003    -0.105695179355E-012    -0.662891652661E-013     0.562105967468E-013
     0.355969289968E+000    -0.280000000000E+003    -0.132118974194E-012    -0.828614565826E-013     0.577701301491E-013
     0.365969289968E+000    -0.280000000000E+003    -0.158542769033E-012    -0.132971025117E-012     0.598393595500E-013
     0.375969289968E+000    -0.280000000000E+003    -0.132118974194E-012    -0.116398733801E-012     0.616001573400E-013
     0.385969289968E+000    -0.280000000000E+003    -0.132118974194E-012    -0.116398733801E-012     0.633609551300E-013
     0.395969289968E+000    -0.280000000000E+003    -0.105695179355E-012    -0.133363719702E-012     0.650626411372E-013
     0.405969289968E+000    -0.280000000000E+003    -0.105695179355E-012    -0.998264424841E-013     0.665164908391E-013
     0.415969289968E+000    -0.280000000000E+003    -0.105695179355E-012    -0.662891652661E-013     0.677641175610E-013
     0.425969289968E+000    -0.280000000000E+003    -0.105695179355E-012    -0.327518880481E-013     0.688706507557E-013
     0.435969289968E+000    -0.280000000000E+003    -0.132118974194E-012    -0.157869021465E-013     0.702012389572E-013
     0.445969289968E+000    -0.280000000000E+003    -0.132118974194E-012     0.177503750715E-013     0.715342993144E-013
     0.455969289968E+000    -0.280000000000E+003    -0.792713845166E-013    -0.161795967315E-013     0.723433562811E-013
     0.465969289968E+000    -0.280000000000E+003    -0.105695179355E-012     0.678599436060E-013     0.735993993888E-013
     0.475969289968E+000    -0.280000000000E+003    -0.105695179355E-012     0.785389169974E-015     0.746563803619E-013
     0.485969289968E+000    -0.280000000000E+003    -0.105695179355E-012     0.785389169974E-015     0.757133613350E-013
     0.495969289968E+000    -0.280000000000E+003    -0.528475896777E-013     0.674672490210E-013     0.765703734368E-013
     0.505969289968E+000    -0.280000000000E+003    -0.528475896777E-013     0.339299718030E-013     0.771983949906E-013
     0.515969289968E+000    -0.280000000000E+003    -0.792713845166E-013     0.173576804865E-013     0.780098899983E-013
     0.525969289968E+000    -0.280000000000E+003    -0.792713845166E-013     0.173576804865E-013     0.788213850060E-013
     0.535969289968E+000    -0.280000000000E+003    -0.105695179355E-012     0.343226663880E-013     0.799326687847E-013
     0.545969289968E+000    -0.280000000000E+003    -0.105695179355E-012     0.785389169974E-015     0.809896497578E-013
     0.555969289968E+000    -0.280000000000E+003    -0.792713845166E-013    -0.497168739496E-013     0.819253697992E-013
     0.565969289968E+000    -0.280000000000E+003    -0.792713845166E-013    -0.161795967315E-013     0.827344267659E-013
     0.575969289968E+000    -0.280000000000E+003    -0.792713845166E-013    -0.161795967315E-013     0.835434837325E-013
     0.585969289968E+000    -0.280000000000E+003    -0.132118974194E-012    -0.157869021465E-013     0.848740719341E-013
     0.595969289968E+000    -0.280000000000E+003    -0.105695179355E-012     0.785389169974E-015     0.859310529072E-013
     0.605969289968E+000    -0.280000000000E+003    -0.132118974194E-012    -0.157869021465E-013     0.872616411088E-013
     0.615969289968E+000    -0.280000000000E+003    -0.132118974194E-012    -0.157869021465E-013     0.885922293104E-013
     0.625969289968E+000    -0.280000000000E+003    -0.132118974194E-012     0.177503750715E-013     0.899252896675E-013
     0.635969289968E+000    -0.280000000000E+003    -0.132118974194E-012     0.177503750715E-013     0.912583500246E-013
     0.645969289968E+000    -0.280000000000E+003    -0.132118974194E-012     0.177503750715E-013     0.925914103817E-013
     0.655969289968E+000    -0.280000000000E+003    -0.184966563872E-012    -0.489314847796E-013     0.945047038760E-013
     0.665969289968E+000    -0.280000000000E+003    -0.184966563872E-012     0.181430696565E-013     0.963632463353E-013
     0.675969289968E+000    -0.280000000000E+003    -0.237814153550E-012     0.520730414595E-013     0.987977313583E-013
     0.685969289968E+000    -0.280000000000E+003    -0.184966563872E-012    -0.489314847796E-013     0.100711024853E-012
     0.695969289968E+000    -0.280000000000E+003    -0.184966563872E-012    -0.153942075616E-013     0.102567085503E-012
     0.705969289968E+000    -0.280000000000E+003    -0.132118974194E-012    -0.493241793646E-013     0.103977344274E-012
     0.715969289968E+000    -0.280000000000E+003    -0.211390358711E-012    -0.655037760961E-013     0.106190410663E-012
     0.725969289968E+000    -0.280000000000E+003    -0.184966563872E-012    -0.824687619976E-013     0.108215595259E-012
     0.735969289968E+000    -0.280000000000E+003    -0.158542769033E-012    -0.994337478991E-013     0.110087035342E-012
     0.745969289968E+000    -0.280000000000E+003    -0.184966563872E-012    -0.824687619976E-013     0.112112219937E-012
     0.755969289968E+000    -0.280000000000E+003    -0.184966563872E-012    -0.824687619976E-013     0.114137404532E-012
