 #        time                      h  [L]            Darcian flow [L.T^{-1}]   in    x         z              directions   cumulative flux
 #-----------------------------------------------------------------------------------------------

     0.100000000000E-005     0.400000000000E+001    -0.180053770442E-012    -0.147025061076E+004     0.147025061076E-002
     0.205999994278E-005     0.400000000000E+001    -0.179903354849E-012    -0.146902237424E+004     0.302741424341E-002
     0.318359982147E-005     0.400000000000E+001    -0.179744157197E-012    -0.146772242676E+004     0.467654698407E-002
     0.437461562859E-005     0.400000000000E+001    -0.179575680120E-012    -0.146634670703E+004     0.642298909086E-002
     0.563709231599E-005     0.400000000000E+001    -0.179397399979E-012    -0.146489093920E+004     0.827237975119E-002
     0.697531753239E-005     0.400000000000E+001    -0.179208765707E-012    -0.146335062347E+004     0.102306724560E-001
     0.839383618521E-005     0.400000000000E+001    -0.179009197635E-012    -0.146172102650E+004     0.123041509973E-001
     0.989746587602E-005     0.400000000000E+001    -0.178798086311E-012    -0.145999717172E+004     0.144994460932E-001
     0.114913132622E-004     0.400000000000E+001    -0.178574791297E-012    -0.145817382956E+004     0.168235526401E-001
     0.131807914004E-004     0.400000000000E+001    -0.178338639970E-012    -0.145624550763E+004     0.192838475891E-001
     0.149716381303E-004     0.400000000000E+001    -0.178088926321E-012    -0.145420644095E+004     0.218881084383E-001
     0.168699355614E-004     0.400000000000E+001    -0.177824909770E-012    -0.145205058221E+004     0.246445323284E-001
     0.188821307298E-004     0.400000000000E+001    -0.177545814001E-012    -0.144977159231E+004     0.275617557217E-001
     0.210150574931E-004     0.400000000000E+001    -0.177250825826E-012    -0.144736283105E+004     0.306488746403E-001
     0.232759597402E-004     0.400000000000E+001    -0.176939094094E-012    -0.144481734829E+004     0.339154654297E-001
     0.256725159928E-004     0.400000000000E+001    -0.176609728666E-012    -0.144212787547E+004     0.373716060066E-001
     0.282128654833E-004     0.400000000000E+001    -0.176261799459E-012    -0.143928681789E+004     0.410278975413E-001
     0.309056357980E-004     0.400000000000E+001    -0.175894335583E-012    -0.143628624764E+004     0.448954865122E-001
     0.337599721774E-004     0.400000000000E+001    -0.175506324602E-012    -0.143311789754E+004     0.489860870632E-001
     0.367855685763E-004     0.400000000000E+001    -0.175096711921E-012    -0.142977315617E+004     0.533120035758E-001
     0.399927005860E-004     0.400000000000E+001    -0.174664400347E-012    -0.142624306427E+004     0.578861533608E-001
     0.433922603327E-004     0.400000000000E+001    -0.174208249834E-012    -0.142251831267E+004     0.627220893556E-001
     0.469957934698E-004     0.400000000000E+001    -0.173727077465E-012    -0.141858924211E+004     0.678340226974E-001
     0.508155383889E-004     0.400000000000E+001    -0.173219657677E-012    -0.141444584510E+004     0.732368450275E-001
     0.548644677845E-004     0.400000000000E+001    -0.172684722797E-012    -0.141007777032E+004     0.789461503619E-001
     0.591563327122E-004     0.400000000000E+001    -0.172120963911E-012    -0.140547432967E+004     0.849782563441E-001
     0.637057092900E-004     0.400000000000E+001    -0.171527032121E-012    -0.140062450856E+004     0.913502246776E-001
     0.685280482021E-004     0.400000000000E+001    -0.170901540230E-012    -0.139551697967E+004     0.980798805112E-001
     0.736397271730E-004     0.400000000000E+001    -0.170243064923E-012    -0.139014012074E+004     0.105185830533E+000
     0.790581065897E-004     0.400000000000E+001    -0.169550149477E-012    -0.138448203674E+004     0.112687479504E+000
     0.848015884613E-004     0.400000000000E+001    -0.168821307088E-012    -0.137853058699E+004     0.120605044940E+000
     0.908896789166E-004     0.400000000000E+001    -0.168055024847E-012    -0.137227341764E+004     0.128959569636E+000
     0.973430544509E-004     0.400000000000E+001    -0.167249768454E-012    -0.136569800019E+004     0.137772931697E+000
     0.104183632148E-003     0.400000000000E+001    -0.166403987723E-012    -0.135879167642E+004     0.147067851734E+000
     0.111434644115E-003     0.400000000000E+001    -0.165516122954E-012    -0.135154171039E+004     0.156867896850E+000
     0.119120716386E-003     0.400000000000E+001    -0.164584612227E-012    -0.134393534807E+004     0.167197481063E+000
     0.127267952553E-003     0.400000000000E+001    -0.163607899702E-012    -0.133595988506E+004     0.178081861756E+000
     0.135904022424E-003     0.400000000000E+001    -0.162584444976E-012    -0.132760274301E+004     0.189547131805E+000
     0.145058255993E-003     0.400000000000E+001    -0.161512733556E-012    -0.131885155514E+004     0.201620206984E+000
     0.154761743052E-003     0.400000000000E+001    -0.160391288502E-012    -0.130969426135E+004     0.214328808300E+000
     0.165047438780E-003     0.400000000000E+001    -0.159218683287E-012    -0.130011921313E+004     0.227701438936E+000
     0.175950275662E-003     0.400000000000E+001    -0.157993555886E-012    -0.129011528872E+004     0.241767355489E+000
     0.187507282134E-003     0.400000000000E+001    -0.156714624119E-012    -0.127967201831E+004     0.256556533286E+000
     0.199757708333E-003     0.400000000000E+001    -0.155380702230E-012    -0.126877971949E+004     0.272099625602E+000
     0.212743159403E-003     0.400000000000E+001    -0.153990718675E-012    -0.125742964243E+004     0.288427916698E+000
     0.226507736794E-003     0.400000000000E+001    -0.152543735035E-012    -0.124561412434E+004     0.305573268712E+000
     0.241098188040E-003     0.400000000000E+001    -0.151038965971E-012    -0.123332675247E+004     0.323568062565E+000
     0.256564065527E-003     0.400000000000E+001    -0.149475800072E-012    -0.122056253424E+004     0.342445133184E+000
     0.272957894778E-003     0.400000000000E+001    -0.147853821392E-012    -0.120731807322E+004     0.362237699528E+000
     0.290335352846E-003     0.400000000000E+001    -0.146172831462E-012    -0.119359174877E+004     0.382979290092E+000
     0.308755457403E-003     0.400000000000E+001    -0.144432871449E-012    -0.117938389705E+004     0.404703664790E+000
     0.328280767180E-003     0.400000000000E+001    -0.142634244131E-012    -0.116469699043E+004     0.427444734324E+000
     0.348977594427E-003     0.400000000000E+001    -0.140777535242E-012    -0.114953581179E+004     0.451236478435E+000
     0.370916230124E-003     0.400000000000E+001    -0.138863633723E-012    -0.113390761989E+004     0.476112864621E+000
     0.394171182707E-003     0.400000000000E+001    -0.136893750321E-012    -0.111782230122E+004     0.502107769233E+000
     0.418821431115E-003     0.400000000000E+001    -0.134869433934E-012    -0.110129250350E+004     0.529254903014E+000
     0.444950693017E-003     0.400000000000E+001    -0.132792585054E-012    -0.108433374542E+004     0.557587743437E+000
     0.472647709137E-003     0.400000000000E+001    -0.130665465617E-012    -0.106696449709E+004     0.587139476313E+000
     0.502006544641E-003     0.400000000000E+001    -0.128490704552E-012    -0.104920622535E+004     0.617942949292E+000
     0.533126908594E-003     0.400000000000E+001    -0.126271298334E-012    -0.103108339826E+004     0.650030639912E+000
     0.566114492604E-003     0.400000000000E+001    -0.124010605866E-012    -0.101262344337E+004     0.683434640820E+000
     0.601081329767E-003     0.400000000000E+001    -0.121712337092E-012    -0.993856654641E+003     0.718186664627E+000
     0.638146175159E-003     0.400000000000E+001    -0.119380534836E-012    -0.974816044260E+003     0.754318070593E+000
     0.677434909153E-003     0.400000000000E+001    -0.117019549524E-012    -0.955537136143E+003     0.791859914956E+000
     0.719080964939E-003     0.400000000000E+001    -0.114634006613E-012    -0.936057700008E+003     0.830843026150E+000
     0.763225781689E-003     0.400000000000E+001    -0.112228766793E-012    -0.916417426407E+003     0.871298105505E+000
     0.810019284919E-003     0.400000000000E+001    -0.109808879298E-012    -0.896657545458E+003     0.913255853254E+000
     0.859620395664E-003     0.400000000000E+001    -0.107379528935E-012    -0.876820394338E+003     0.956747118738E+000
     0.912197570216E-003     0.400000000000E+001    -0.104945977788E-012    -0.856948941209E+003     0.100180307280E+001
     0.967929372233E-003     0.400000000000E+001    -0.102513502819E-012    -0.837086275739E+003     0.104845539939E+001
     0.102700507918E-002     0.400000000000E+001    -0.100087330928E-012    -0.817275078806E+003     0.109673650244E+001
     0.108962532517E-002     0.400000000000E+001    -0.976725732515E-013    -0.797557086006E+003     0.114667972336E+001
     0.115600278233E-002     0.400000000000E+001    -0.952741606739E-013    -0.777972561070E+003     0.119831956370E+001
     0.122636288312E-002     0.400000000000E+001    -0.928967826256E-013    -0.758559796100E+003     0.125169190741E+001
     0.130094458593E-002     0.400000000000E+001    -0.905448312153E-013    -0.739354655386E+003     0.130683423659E+001
     0.138000118665E-002     0.400000000000E+001    -0.882223526228E-013    -0.720390178493E+003     0.136378583530E+001
     0.146380117888E-002     0.400000000000E+001    -0.859330074080E-013    -0.701696256160E+003     0.142258797611E+001
     0.155262916586E-002     0.400000000000E+001    -0.836800410186E-013    -0.683299389480E+003     0.148328408538E+001
     0.164678682697E-002     0.400000000000E+001    -0.814662653044E-013    -0.665222538949E+003     0.154591988376E+001
     0.174659394236E-002     0.400000000000E+001    -0.792940513031E-013    -0.647485065557E+003     0.161054350042E+001
     0.185238947896E-002     0.400000000000E+001    -0.771653329980E-013    -0.630102761480E+003     0.167720556018E+001
     0.196453274170E-002     0.400000000000E+001    -0.750816212107E-013    -0.613087963509E+003     0.174595924476E+001
     0.208340459379E-002     0.400000000000E+001    -0.730440263148E-013    -0.596449738534E+003     0.181686032985E+001
     0.220940875020E-002     0.400000000000E+001    -0.710532881029E-013    -0.580194127420E+003     0.188996720144E+001
     0.234297314879E-002     0.400000000000E+001    -0.691098109191E-013    -0.564324431887E+003     0.196534085479E+001
     0.248455140365E-002     0.400000000000E+001    -0.672137021036E-013    -0.548841528434E+003     0.204304488058E+001
     0.263462434571E-002     0.400000000000E+001    -0.653648118741E-013    -0.533744193997E+003     0.212314544208E+001
     0.279370165569E-002     0.400000000000E+001    -0.635627729712E-013    -0.519029429673E+003     0.220571124755E+001
     0.296232359518E-002     0.400000000000E+001    -0.618070386729E-013    -0.504692771140E+003     0.229081352147E+001
     0.314106284138E-002     0.400000000000E+001    -0.600969181047E-013    -0.490728576978E+003     0.237852597741E+001
     0.333052643213E-002     0.400000000000E+001    -0.584316080859E-013    -0.477130288721E+003     0.246892479516E+001
     0.353135782749E-002     0.400000000000E+001    -0.568102210378E-013    -0.463890658738E+003     0.256208860345E+001
     0.374423909507E-002     0.400000000000E+001    -0.552318087125E-013    -0.451001943997E+003     0.265809846897E+001
     0.396989322653E-002     0.400000000000E+001    -0.536953816938E-013    -0.438456065301E+003     0.275703789157E+001
     0.420908659296E-002     0.400000000000E+001    -0.521999247852E-013    -0.426244732943E+003     0.285899280417E+001
     0.446263154769E-002     0.400000000000E+001    -0.507444085542E-013    -0.414359540967E+003     0.296405157522E+001
     0.473138918520E-002     0.400000000000E+001    -0.493277974653E-013    -0.402792033586E+003     0.307230501058E+001
     0.501627226558E-002     0.400000000000E+001    -0.479490552113E-013    -0.391533748708E+003     0.318384635098E+001
     0.531824831448E-002     0.400000000000E+001    -0.466071480172E-013    -0.380576244920E+003     0.329877126173E+001
     0.563834290904E-002     0.400000000000E+001    -0.453010468277E-013    -0.369911119346E+003     0.341717781150E+001
     0.597764316095E-002     0.400000000000E+001    -0.440297293382E-013    -0.359530024239E+003     0.353916643929E+001
     0.633730140856E-002     0.400000000000E+001    -0.427921827709E-013    -0.349424689639E+003     0.366483991084E+001
     0.671853913045E-002     0.400000000000E+001    -0.415874080928E-013    -0.339586957822E+003     0.379430326902E+001
     0.712265109384E-002     0.400000000000E+001    -0.404144260494E-013    -0.330008832567E+003     0.392766378629E+001
     0.755100975191E-002     0.400000000000E+001    -0.392722849637E-013    -0.320682542844E+003     0.406503093001E+001
     0.800506990496E-002     0.400000000000E+001    -0.381600698141E-013    -0.311600616934E+003     0.420651635382E+001
     0.848637364120E-002     0.400000000000E+001    -0.370769117140E-013    -0.302755959840E+003     0.435223392846E+001
     0.899655557408E-002     0.400000000000E+001    -0.360219966728E-013    -0.294141924822E+003     0.450229982421E+001
     0.953734839373E-002     0.400000000000E+001    -0.349945724542E-013    -0.285752369406E+003     0.465683265378E+001
     0.101105887516E-001     0.400000000000E+001    -0.339939525028E-013    -0.277581687442E+003     0.481595367964E+001
     0.107182234982E-001     0.400000000000E+001    -0.330195162438E-013    -0.269624811552E+003     0.497978708367E+001
     0.113623162948E-001     0.400000000000E+001    -0.320707055261E-013    -0.261877184087E+003     0.514846029153E+001
     0.120450546223E-001     0.400000000000E+001    -0.311470174823E-013    -0.254334698821E+003     0.532210433844E+001
     0.127687572104E-001     0.400000000000E+001    -0.302479945335E-013    -0.246993619340E+003     0.550085426000E+001
     0.135358819124E-001     0.400000000000E+001    -0.293732125931E-013    -0.239850482715E+003     0.568484949008E+001
     0.143490340526E-001     0.400000000000E+001    -0.285222686779E-013    -0.232901998338E+003     0.587423424849E+001
     0.152109752747E-001     0.400000000000E+001    -0.276947690972E-013    -0.226144951479E+003     0.606915790434E+001
     0.161246329208E-001     0.400000000000E+001    -0.268903191967E-013    -0.219576119543E+003     0.626977530486E+001
     0.170931099734E-001     0.400000000000E+001    -0.261085153267E-013    -0.213192206478E+003     0.647624706462E+001
     0.181196955938E-001     0.400000000000E+001    -0.253489393491E-013    -0.206989797930E+003     0.668873981473E+001
     0.192078762926E-001     0.400000000000E+001    -0.246111556638E-013    -0.200965336952E+003     0.690742641553E+001
     0.203613477710E-001     0.400000000000E+001    -0.238947104624E-013    -0.195115117918E+003     0.713248613907E+001
     0.215840274722E-001     0.400000000000E+001    -0.231991327464E-013    -0.189435294834E+003     0.736410482875E+001
     0.228800678855E-001     0.400000000000E+001    -0.225239365722E-013    -0.183921899668E+003     0.760247504361E+001
     0.242538706494E-001     0.400000000000E+001    -0.218686240027E-013    -0.178570866457E+003     0.784779619350E+001
     0.257101015006E-001     0.400000000000E+001    -0.212326883288E-013    -0.173378057605E+003     0.810027466990E+001
     0.272537061195E-001     0.400000000000E+001    -0.206156172366E-013    -0.168339289752E+003     0.836012397510E+001
     0.288899269272E-001     0.400000000000E+001    -0.200168957214E-013    -0.163450357567E+003     0.862756485118E+001
     0.306243208897E-001     0.400000000000E+001    -0.194360086567E-013    -0.158707054722E+003     0.890282540870E+001
     0.324627783907E-001     0.400000000000E+001    -0.188724430063E-013    -0.154105191958E+003     0.918614125481E+001
     0.344115432366E-001     0.400000000000E+001    -0.183256897205E-013    -0.149640612569E+003     0.947775562010E+001
     0.364772338618E-001     0.400000000000E+001    -0.177952453773E-013    -0.145309205803E+003     0.977791948428E+001
     0.386668658063E-001     0.400000000000E+001    -0.172806136312E-013    -0.141106918691E+003     0.100868917010E+002
     0.409878755421E-001     0.400000000000E+001    -0.167813065188E-013    -0.137029766709E+003     0.104049391237E+002
     0.434481457293E-001     0.400000000000E+001    -0.162968456523E-013    -0.133073843525E+003     0.107323367336E+002
     0.460560319869E-001     0.400000000000E+001    -0.158267633166E-013    -0.129235329955E+003     0.110693677746E+002
     0.488203912708E-001     0.400000000000E+001    -0.153706034813E-013    -0.125510502228E+003     0.114163238966E+002
     0.517506119535E-001     0.400000000000E+001    -0.149279228568E-013    -0.121895740611E+003     0.117735053169E+002
     0.548566457095E-001     0.400000000000E+001    -0.144982906578E-013    -0.118387527473E+003     0.121412209735E+002
     0.581490413132E-001     0.400000000000E+001    -0.140812881394E-013    -0.114982443503E+003     0.125197886650E+002
     0.616389804647E-001     0.400000000000E+001    -0.136765120138E-013    -0.111677195607E+003     0.129095352823E+002
     0.653383157655E-001     0.400000000000E+001    -0.132835735958E-013    -0.108468609930E+003     0.133107970400E+002
     0.692596109728E-001     0.400000000000E+001    -0.129020985604E-013    -0.105353629874E+003     0.137239197239E+002
     0.734161836681E-001     0.400000000000E+001    -0.125317267069E-013    -0.102329314180E+003     0.141492589572E+002
     0.778221504872E-001     0.400000000000E+001    -0.121721116184E-013    -0.993928341372E+002     0.145871804864E+002
     0.824924750635E-001     0.400000000000E+001    -0.118229202030E-013    -0.965414698441E+002     0.150380604857E+002
     0.874430188470E-001     0.400000000000E+001    -0.114838321246E-013    -0.937726055593E+002     0.155022858752E+002
     0.926905949743E-001     0.400000000000E+001    -0.111545391330E-013    -0.910837242277E+002     0.159802546520E+002
     0.982530253690E-001     0.400000000000E+001    -0.108347442907E-013    -0.884724011714E+002     0.164723762254E+002
     0.104149201269E+000     0.400000000000E+001    -0.105241610844E-013    -0.859362968303E+002     0.169790717477E+002
     0.110399147386E+000     0.400000000000E+001    -0.102225123844E-013    -0.834731482703E+002     0.175007744266E+002
     0.117024089912E+000     0.400000000000E+001    -0.992952919735E-014    -0.810807589932E+002     0.180379297949E+002
     0.124046528610E+000     0.400000000000E+001    -0.964494912876E-014    -0.787569863856E+002     0.185909959039E+002
     0.131490313229E+000     0.400000000000E+001    -0.936851445440E-014    -0.764997259694E+002     0.191604433874E+002
     0.139380724499E+000     0.400000000000E+001    -0.909996968425E-014    -0.743068915102E+002     0.197467553216E+002
     0.147744559993E+000     0.400000000000E+001    -0.883905850462E-014    -0.721763900479E+002     0.203504267745E+002
     0.156610225139E+000     0.400000000000E+001    -0.858552000558E-014    -0.701060910914E+002     0.209719639028E+002
     0.166007829686E+000     0.400000000000E+001    -0.833908414891E-014    -0.680937896112E+002     0.216118824097E+002
     0.175969289968E+000     0.400000000000E+001    -0.809946650910E-014    -0.661371630966E+002     0.222707051330E+002
     0.185969289968E+000     0.400000000000E+001    -0.787798186696E-014    -0.643286037447E+002     0.229139911705E+002
     0.195969289968E+000     0.400000000000E+001    -0.767304198667E-014    -0.626551426257E+002     0.235405425967E+002
     0.205969289968E+000     0.400000000000E+001    -0.748254952190E-014    -0.610996536072E+002     0.241515391328E+002
     0.215969289968E+000     0.400000000000E+001    -0.730474303287E-014    -0.596477534417E+002     0.247480166672E+002
     0.225969289968E+000     0.400000000000E+001    -0.713812723482E-014    -0.582872322027E+002     0.253308889892E+002
     0.235969289968E+000     0.400000000000E+001    -0.698142227852E-014    -0.570076391281E+002     0.259009653805E+002
     0.245969289968E+000     0.400000000000E+001    -0.683352521544E-014    -0.557999679597E+002     0.264589650601E+002
     0.255969289968E+000     0.400000000000E+001    -0.669348029945E-014    -0.546564144381E+002     0.270055292045E+002
     0.265969289968E+000     0.400000000000E+001    -0.656045556895E-014    -0.535701850812E+002     0.275412310553E+002
     0.275969289968E+000     0.400000000000E+001    -0.643372408619E-014    -0.525353439920E+002     0.280665844952E+002
     0.285969289968E+000     0.400000000000E+001    -0.631264870439E-014    -0.515466884720E+002     0.285820513800E+002
     0.295969289968E+000     0.400000000000E+001    -0.619666955028E-014    -0.505996468091E+002     0.290880478480E+002
     0.305969289968E+000     0.400000000000E+001    -0.608529362620E-014    -0.496901933720E+002     0.295849497818E+002
     0.315969289968E+000     0.400000000000E+001    -0.597808608795E-014    -0.488147773881E+002     0.300730975556E+002
     0.325969289968E+000     0.400000000000E+001    -0.587466286299E-014    -0.479702626674E+002     0.305528001823E+002
     0.335969289968E+000     0.400000000000E+001    -0.577468435361E-014    -0.471538761840E+002     0.310243389442E+002
     0.345969289968E+000     0.400000000000E+001    -0.567785002740E-014    -0.463631639045E+002     0.314879705832E+002
     0.355969289968E+000     0.400000000000E+001    -0.558389374141E-014    -0.455959526069E+002     0.319439301093E+002
     0.365969289968E+000     0.400000000000E+001    -0.549257967871E-014    -0.448503166998E+002     0.323924332763E+002
     0.375969289968E+000     0.400000000000E+001    -0.540369880109E-014    -0.441245492566E+002     0.328336787688E+002
     0.385969289968E+000     0.400000000000E+001    -0.531706574024E-014    -0.434171366302E+002     0.332678501351E+002
     0.395969289968E+000     0.400000000000E+001    -0.523251606464E-014    -0.427267361355E+002     0.336951174965E+002
     0.405969289968E+000     0.400000000000E+001    -0.514990387029E-014    -0.420521563758E+002     0.341156390603E+002
     0.415969289968E+000     0.400000000000E+001    -0.506909965254E-014    -0.413923398654E+002     0.345295624589E+002
     0.425969289968E+000     0.400000000000E+001    -0.498998842308E-014    -0.407463476535E+002     0.349370259354E+002
     0.435969289968E+000     0.400000000000E+001    -0.491246804172E-014    -0.401133457021E+002     0.353381593925E+002
     0.445969289968E+000     0.400000000000E+001    -0.483644773722E-014    -0.394925928079E+002     0.357330853205E+002
     0.455969289968E+000     0.400000000000E+001    -0.476184679477E-014    -0.388834298843E+002     0.361219196194E+002
     0.465969289968E+000     0.400000000000E+001    -0.468859339101E-014    -0.382852704492E+002     0.365047723239E+002
     0.475969289968E+000     0.400000000000E+001    -0.461662355976E-014    -0.376975921790E+002     0.368817482457E+002
     0.485969289968E+000     0.400000000000E+001    -0.454588027388E-014    -0.371199294119E+002     0.372529475398E+002
     0.495969289968E+000     0.400000000000E+001    -0.447631263031E-014    -0.365518664926E+002     0.376184662047E+002
     0.505969289968E+000     0.400000000000E+001    -0.440787512689E-014    -0.359930318681E+002     0.379783965234E+002
     0.515969289968E+000     0.400000000000E+001    -0.434052702100E-014    -0.354430928495E+002     0.383328274519E+002
     0.525969289968E+000     0.400000000000E+001    -0.427423176089E-014    -0.349017509690E+002     0.386818449616E+002
     0.535969289968E+000     0.400000000000E+001    -0.420895648190E-014    -0.343687378665E+002     0.390255323402E+002
     0.545969289968E+000     0.400000000000E+001    -0.414467156052E-014    -0.338438116476E+002     0.393639704567E+002
     0.555969289968E+000     0.400000000000E+001    -0.408135021993E-014    -0.333267536629E+002     0.396972379933E+002
     0.565969289968E+000     0.400000000000E+001    -0.401896818171E-014    -0.328173656642E+002     0.400254116500E+002
     0.575969289968E+000     0.400000000000E+001    -0.395750335947E-014    -0.323154673023E+002     0.403485663230E+002
     0.585969289968E+000     0.400000000000E+001    -0.389693559460E-014    -0.318208939697E+002     0.406667752627E+002
     0.595969289968E+000     0.400000000000E+001    -0.383724640274E-014    -0.313334947302E+002     0.409801102100E+002
     0.605969289968E+000     0.400000000000E+001    -0.377841862743E-014    -0.308531294906E+002     0.412886415049E+002
     0.615969289968E+000     0.400000000000E+001    -0.372043647849E-014    -0.303796693143E+002     0.415924381981E+002
     0.625969289968E+000     0.400000000000E+001    -0.366328530574E-014    -0.299129945735E+002     0.418915681438E+002
     0.635969289968E+000     0.400000000000E+001    -0.360695143523E-014    -0.294529936120E+002     0.421860980799E+002
     0.645969289968E+000     0.400000000000E+001    -0.355142204005E-014    -0.289995616901E+002     0.424760936968E+002
     0.655969289968E+000     0.400000000000E+001    -0.349668502921E-014    -0.285526000774E+002     0.427616196976E+002
     0.665969289968E+000     0.400000000000E+001    -0.344272895113E-014    -0.281120152646E+002     0.430427398502E+002
     0.675969289968E+000     0.400000000000E+001    -0.338954290945E-014    -0.276777182761E+002     0.433195170330E+002
     0.685969289968E+000     0.400000000000E+001    -0.333711648996E-014    -0.272496240735E+002     0.435920132737E+002
     0.695969289968E+000     0.400000000000E+001    -0.328543969748E-014    -0.268276510401E+002     0.438602897841E+002
     0.705969289968E+000     0.400000000000E+001    -0.323450290200E-014    -0.264117205405E+002     0.441244069895E+002
     0.715969289968E+000     0.400000000000E+001    -0.318429679454E-014    -0.260017565616E+002     0.443844245552E+002
     0.725969289968E+000     0.400000000000E+001    -0.313481236475E-014    -0.255976855280E+002     0.446404014104E+002
     0.735969289968E+000     0.400000000000E+001    -0.308604078790E-014    -0.251994353804E+002     0.448923957642E+002
     0.745969289968E+000     0.400000000000E+001    -0.303797326209E-014    -0.248069342459E+002     0.451404651067E+002
     0.755969289968E+000     0.400000000000E+001    -0.299060132040E-014    -0.244201129867E+002     0.453846662366E+002
