 #        time                      h  [L]            Darcian flow [L.T^{-1}]   in    x         z              directions   cumulative flux
 #-----------------------------------------------------------------------------------------------

     0.100000000000E-005    -0.278500000000E+003     0.180243439855E-012     0.129129374088E-012     0.221725264377E-018
     0.205999994278E-005    -0.278500000000E+003     0.000000000000E+000     0.000000000000E+000     0.221725264377E-018
     0.318359982147E-005    -0.278500000000E+003     0.103538768530E-012    -0.166724484816E-012     0.442241095381E-018
     0.437461562859E-005    -0.278500000000E+003    -0.565790984226E-013    -0.642787616694E-012     0.121077131834E-017
     0.563709231599E-005    -0.278500000000E+003    -0.661985267380E-013    -0.209508733490E-011     0.385709025373E-017
     0.697531753239E-005    -0.278500000000E+003    -0.549463031609E-012    -0.509122103466E-011     0.107098541600E-016
     0.839383618521E-005    -0.278500000000E+003    -0.142587032142E-011    -0.110189237472E-010     0.264707254675E-016
     0.989746587602E-005    -0.278500000000E+003    -0.302527555840E-011    -0.222826214543E-010     0.602829246283E-016
     0.114913132622E-004    -0.278500000000E+003    -0.570057038168E-011    -0.425077506845E-010     0.128640312649E-015
     0.131807914004E-004    -0.278500000000E+003    -0.105716931437E-010    -0.782782865550E-010     0.262090380684E-015
     0.149716381303E-004    -0.278500000000E+003    -0.187346590035E-010    -0.138208726831E-009     0.511864645169E-015
     0.168699355614E-004    -0.278500000000E+003    -0.317745694334E-010    -0.237045591586E-009     0.965872293763E-015
     0.188821307298E-004    -0.278500000000E+003    -0.532276853100E-010    -0.396353524436E-009     0.177057252080E-014
     0.210150574931E-004    -0.278500000000E+003    -0.872584594008E-010    -0.647903721388E-009     0.316498025753E-014
     0.232759597402E-004    -0.278500000000E+003    -0.139950098728E-009    -0.103893473562E-008     0.553512562686E-014
     0.256725159928E-004    -0.278500000000E+003    -0.220998775861E-009    -0.163854561777E-008     0.949754871460E-014
     0.282128654833E-004    -0.278499999999E+003    -0.343524016806E-009    -0.254743703077E-008     0.160275041960E-013
     0.309056357980E-004    -0.278499999999E+003    -0.526976769990E-009    -0.390926934102E-008     0.266494817994E-013
     0.337599721774E-004    -0.278499999998E+003    -0.798830070688E-009    -0.593006189153E-008     0.437287592155E-013
     0.367855685763E-004    -0.278499999997E+003    -0.119907600910E-008    -0.890261402427E-008     0.709076968437E-013
     0.399927005860E-004    -0.278499999996E+003    -0.178271343727E-008    -0.132412908018E-007     0.113757410894E-012
     0.433922603327E-004    -0.278499999994E+003    -0.262838521595E-008    -0.195289232042E-007     0.180745755144E-012
     0.469957934698E-004    -0.278499999992E+003    -0.384518758125E-008    -0.285822731659E-007     0.284670789092E-012
     0.508155383889E-004    -0.278499999988E+003    -0.558571942375E-008    -0.415410001957E-007     0.444774838458E-012
     0.548644677845E-004    -0.278499999983E+003    -0.806246100168E-008    -0.599898486346E-007     0.689853334562E-012
     0.591563327122E-004    -0.278499999975E+003    -0.115687344237E-007    -0.861248296985E-007     0.106280928246E-011
     0.637057092900E-004    -0.278499999965E+003    -0.165098135728E-007    -0.122979070797E-006     0.162730654991E-011
     0.685280482021E-004    -0.278499999950E+003    -0.234432463028E-007    -0.174729341844E-006     0.247746081131E-011
     0.736397271730E-004    -0.278499999929E+003    -0.331328179022E-007    -0.247112087569E-006     0.375192209105E-011
     0.790581065897E-004    -0.278499999900E+003    -0.466253603884E-007    -0.347984468283E-006     0.565428350112E-011
     0.848015884613E-004    -0.278499999860E+003    -0.653483072250E-007    -0.488081179935E-006     0.848258322068E-011
     0.908896789166E-004    -0.278499999804E+003    -0.912451446805E-007    -0.682035470903E-006     0.126718710345E-010
     0.973430544509E-004    -0.278499999727E+003    -0.126955597415E-006    -0.949748751518E-006     0.188554724876E-010
     0.104183632148E-003    -0.278499999621E+003    -0.176056843596E-006    -0.131823080338E-005     0.279529996820E-010
     0.111434644115E-003    -0.278499999475E+003    -0.243386540424E-006    -0.182406206731E-005     0.412965156056E-010
     0.119120716386E-003    -0.278499999276E+003    -0.335473179271E-006    -0.251668696579E-005     0.608110512922E-010
     0.127267952553E-003    -0.278499999003E+003    -0.461109127618E-006    -0.346281063466E-005     0.892724143645E-010
     0.135904022424E-003    -0.278499998631E+003    -0.632112001049E-006    -0.475225625796E-005     0.130674696291E-009
     0.145058255993E-003    -0.278499998125E+003    -0.864336402550E-006    -0.650575565255E-005     0.190753209397E-009
     0.154761743052E-003    -0.278499997437E+003    -0.117901046408E-005    -0.888529772681E-005     0.277727302773E-009
     0.165047438780E-003    -0.278499996506E+003    -0.160450569496E-005    -0.121078423587E-004     0.403353627800E-009
     0.175950275662E-003    -0.278499995246E+003    -0.217866738196E-005    -0.164634715633E-004     0.584417052542E-009
     0.187507282134E-003    -0.278499993545E+003    -0.295188532927E-005    -0.223393608873E-004     0.844837383474E-009
     0.199757708333E-003    -0.278499991254E+003    -0.399112692963E-005    -0.302513898783E-004     0.121864116506E-008
     0.212743159403E-003    -0.278499988170E+003    -0.538522037703E-005    -0.408857360674E-004     0.175414643276E-008
     0.226507736794E-003    -0.278499984030E+003    -0.725176862395E-005    -0.551535095949E-004     0.251984523702E-008
     0.241098188040E-003    -0.278499978479E+003    -0.974616923606E-005    -0.742623686861E-004     0.361265807639E-008
     0.256564065527E-003    -0.278499971051E+003    -0.130733556000E-004    -0.998101990815E-004     0.516949577619E-008
     0.272957894778E-003    -0.278499961125E+003    -0.175030463130E-004    -0.133907398990E-003     0.738342449017E-008
     0.290335352846E-003    -0.278499947886E+003    -0.233894934015E-004    -0.179336140712E-003     0.105262241282E-007
     0.308755457403E-003    -0.278499930256E+003    -0.311969951775E-004    -0.239757317759E-003     0.149798086490E-007
     0.328280767180E-003    -0.278499906818E+003    -0.415327559125E-004    -0.319978796785E-003     0.212799033338E-007
     0.348977594427E-003    -0.278499875710E+003    -0.551890854224E-004    -0.426302266140E-003     0.301766375860E-007
     0.370916230124E-003    -0.278499834492E+003    -0.731974247977E-004    -0.566970507997E-003     0.427184285294E-007
     0.394171182707E-003    -0.278499779972E+003    -0.968972787123E-004    -0.752742578512E-003     0.603678570577E-007
     0.418821431115E-003    -0.278499707982E+003    -0.128023862906E-003    -0.997631305352E-003     0.851613794678E-007
     0.444950693017E-003    -0.278499613091E+003    -0.168819132057E-003    -0.131984600171E-002     0.119928945973E-006
     0.472647709137E-003    -0.278499488238E+003    -0.222171873371E-003    -0.174299359513E-002     0.168595267418E-006
     0.502006544641E-003    -0.278499324263E+003    -0.291793731184E-003    -0.229760376894E-002     0.236592045940E-006
     0.533126908594E-003    -0.278499109313E+003    -0.382439393162E-003    -0.302305851476E-002     0.331420562795E-006
     0.566114492604E-003    -0.278498828083E+003    -0.500180706705E-003    -0.397002399091E-002     0.463417366974E-006
     0.601081329767E-003    -0.278498460865E+003    -0.652746191073E-003    -0.520350301468E-002     0.646793413444E-006
     0.638146175159E-003    -0.278497982344E+003    -0.849939249329E-003    -0.680665008760E-002     0.901040103763E-006
     0.677434909153E-003    -0.278497360095E+003    -0.110415029530E-002    -0.888551764216E-002     0.125282584579E-005
     0.719080964939E-003    -0.278496552701E+003    -0.143097990574E-002    -0.115749320747E-001     0.173854591372E-005
     0.763225781689E-003    -0.278495507420E+003    -0.184999186133E-002    -0.150457307705E-001     0.240773894292E-005
     0.810019284919E-003    -0.278494157295E+003    -0.238561636302E-002    -0.195136259975E-001     0.332764823840E-005
     0.859620395664E-003    -0.278492417598E+003    -0.306822455179E-002    -0.252499970721E-001     0.458928869259E-005
     0.912197570216E-003    -0.278490181474E+003    -0.393539539640E-002    -0.325949468616E-001     0.631548461083E-005
     0.967929372233E-003    -0.278487314642E+003    -0.503339464465E-002    -0.419729899073E-001     0.867147490166E-005
     0.102700507918E-002    -0.278483648976E+003    -0.641888236370E-002    -0.539117639760E-001     0.118788453269E-004
     0.108962532517E-002    -0.278478974780E+003    -0.816086005108E-002    -0.690641702371E-001     0.162337488237E-004
     0.115600278233E-002    -0.278473031568E+003    -0.103428597464E-001    -0.882343441516E-001     0.221306207411E-004
     0.122636288312E-002    -0.278465497112E+003    -0.130653653171E-001    -0.112407832972E+000     0.300928927788E-004
     0.130094458593E-002    -0.278455974551E+003    -0.164484394690E-001    -0.142786298933E+000     0.408125638436E-004
     0.138000118665E-002    -0.278443977339E+003    -0.206345084196E-001    -0.180826971287E+000     0.552009035037E-004
     0.146380117888E-002    -0.278428911810E+003    -0.257912291366E-001    -0.228286926413E+000     0.744530481852E-004
     0.155262916586E-002    -0.278410057187E+003    -0.321143314093E-001    -0.287272074383E+000     0.100129803063E-003
     0.164678682697E-002    -0.278386542887E+003    -0.398302890484E-001    -0.360290464687E+000     0.134260581248E-003
     0.174659394236E-002    -0.278357323049E+003    -0.491986320364E-001    -0.450309187227E+000     0.179472088505E-003
     0.185238947896E-002    -0.278321148276E+003    -0.605136660451E-001    -0.560813734413E+000     0.239148081517E-003
     0.196453274170E-002    -0.278276534739E+003    -0.741053198846E-001    -0.695868208243E+000     0.317626267034E-003
     0.208340459379E-002    -0.278221730881E+003    -0.903387986604E-001    -0.860174210880E+000     0.420439134003E-003
     0.220940875020E-002    -0.278154682171E+003    -0.109612685250E+000    -0.105912566484E+001     0.554606174939E-003
     0.234297314879E-002    -0.278072994528E+003    -0.132355110825E+000    -0.129885619500E+001     0.728985497246E-003
     0.248455140365E-002    -0.277973897268E+003    -0.159017612985E+000    -0.158627510474E+001     0.954693177568E-003
     0.263462434571E-002    -0.277854206665E+003    -0.190066324705E+000    -0.192908743943E+001     0.124559878773E-002
     0.279370165569E-002    -0.277710291449E+003    -0.225970195746E+000    -0.233579320648E+001     0.161890522443E-002
     0.296232359518E-002    -0.277538041801E+003    -0.267186046674E+000    -0.281566057661E+001     0.209582020528E-002
     0.314106284138E-002    -0.277332843653E+003    -0.314140399064E+000    -0.337866789166E+001     0.270232544974E-002
     0.333052643213E-002    -0.277089560210E+003    -0.367208215602E+000    -0.403540961680E+001     0.347004755166E-002
     0.353135782749E-002    -0.276802522794E+003    -0.426688919150E+000    -0.479696205782E+001     0.443723179398E-002
     0.374423909507E-002    -0.276465533099E+003    -0.492780333682E+000    -0.567470576224E+001     0.564981661125E-002
     0.396989322653E-002    -0.276071878885E+003    -0.565551490082E+000    -0.668010305911E+001     0.716260206621E-002
     0.420908659296E-002    -0.275614364946E+003    -0.644915547677E+000    -0.782443116063E+001     0.904050062571E-002
     0.446263154769E-002    -0.275085360889E+003    -0.730604373177E+000    -0.911847360697E+001     0.113598528156E-001
     0.473138918520E-002    -0.274476866750E+003    -0.822146562336E+000    -0.105721755039E+002     0.142097841974E-001
     0.501627226558E-002    -0.273780596937E+003    -0.918850851865E+000    -0.121942708579E+002     0.176935738166E-001
     0.531824831448E-002    -0.272988082231E+003    -0.101979691454E+001    -0.139918931920E+002     0.219299981727E-001
     0.563834290904E-002    -0.272090788803E+003    -0.112383542581E+001    -0.159701833351E+002     0.270546092827E-001
     0.597764316095E-002    -0.271080252321E+003    -0.122959900879E+001    -0.181319105955E+002     0.332209010185E-001
     0.633730140856E-002    -0.269948224370E+003    -0.133552519146E+001    -0.204771252198E+002     0.406013151002E-001
     0.671853913045E-002    -0.268686827584E+003    -0.143989184652E+001    -0.230028608964E+002     0.493880374033E-001
     0.712265109384E-002    -0.267288715185E+003    -0.154086475363E+001    -0.257029058647E+002     0.597935370108E-001
     0.755100975191E-002    -0.265747230070E+003    -0.163655597222E+001    -0.285676598207E+002     0.720508050299E-001
     0.800506990496E-002    -0.264056558270E+003    -0.172509071284E+001    -0.315840911704E+002     0.864132577544E-001
     0.848637364120E-002    -0.262211871521E+003    -0.180467943845E+001    -0.347358053119E+002     0.103154279214E+000
     0.899655557408E-002    -0.260209453870E+003    -0.187369112404E+001    -0.380032296346E+002     0.122566391231E+000
     0.953734839373E-002    -0.258046807708E+003    -0.193072306397E+001    -0.413639150750E+002     0.144960054203E+000
     0.101105887516E-001    -0.255722735305E+003    -0.197466244398E+001    -0.447929476921E+002     0.170662118165E+000
     0.107182234982E-001    -0.253237392852E+003    -0.200473515929E+001    -0.482634572956E+002     0.200013960186E+000
     0.113623162948E-001    -0.250592315015E+003    -0.202053809071E+001    -0.517472041660E+002     0.233369359673E+000
     0.120450546223E-001    -0.247790409209E+003    -0.202205221423E+001    -0.552152198790E+002     0.271092176514E+000
     0.127687572104E-001    -0.244835919873E+003    -0.200963542261E+001    -0.586384746702E+002     0.313553907033E+000
     0.135358819124E-001    -0.241734364223E+003    -0.198399562687E+001    -0.619885420085E+002     0.361131198614E+000
     0.143490340526E-001    -0.238492441894E+003    -0.194614638697E+001    -0.652382313207E+002     0.414203405061E+000
     0.152109752747E-001    -0.235117921838E+003    -0.189734878648E+001    -0.683621621239E+002     0.473150261051E+000
     0.161246329208E-001    -0.231619510500E+003    -0.183904432772E+001    -0.713372569977E+002     0.538349745918E+000
     0.170931099734E-001    -0.228006705826E+003    -0.177278414754E+001    -0.741431364578E+002     0.610176195053E+000
     0.181196955938E-001    -0.224289641962E+003    -0.170015978431E+001    -0.767624053503E+002     0.688998702605E+000
     0.192078762926E-001    -0.220478929558E+003    -0.162274009903E+001    -0.791808272387E+002     0.775179843220E+000
     0.203613477710E-001    -0.216585496467E+003    -0.154201788723E+001    -0.813873897837E+002     0.869074724479E+000
     0.215840274722E-001    -0.212620433272E+003    -0.145936839189E+001    -0.833742697769E+002     0.971030366925E+000
     0.228800678855E-001    -0.208594847525E+003    -0.137602054466E+001    -0.851367108725E+002     0.108138539584E+001
     0.242538706494E-001    -0.204519729945E+003    -0.129304051312E+001    -0.866728299544E+002     0.120047001905E+001
     0.257101015006E-001    -0.200405835024E+003    -0.121132615707E+001    -0.879833694321E+002     0.132860625832E+001
     0.272537061195E-001    -0.196263577687E+003    -0.113161037431E+001    -0.890714127253E+002     0.146610839784E+001
     0.288899269272E-001    -0.192102946906E+003    -0.105447105297E+001    -0.899420790179E+002     0.161328361256E+001
     0.306243208897E-001    -0.187933436391E+003    -0.980345391037E+000    -0.906022113736E+002     0.177043273962E+001
     0.324627783907E-001    -0.183763991884E+003    -0.909546610171E+000    -0.910600698472E+002     0.193785115900E+001
     0.344115432366E-001    -0.179602974100E+003    -0.842281479063E+000    -0.913250386022E+002     0.211582975289E+001
     0.364772338618E-001    -0.175458135930E+003    -0.778667485330E+000    -0.914073535162E+002     0.230465591706E+001
     0.386668658063E-001    -0.171336612323E+003    -0.718748886922E+000    -0.913178544796E+002     0.250461460179E+001
     0.409878755421E-001    -0.167244921106E+003    -0.662511197400E+000    -0.910677646794E+002     0.271598936346E+001
     0.434481457293E-001    -0.163188972933E+003    -0.609893901472E+000    -0.906684976322E+002     0.293906341172E+001
     0.460560319869E-001    -0.159174088638E+003    -0.560801363110E+000    -0.901314915789E+002     0.317412063982E+001
     0.488203912708E-001    -0.155205022320E+003    -0.515111993368E+000    -0.894680700334E+002     0.342144662900E+001
     0.517506119535E-001    -0.151285988654E+003    -0.472685800441E+000    -0.886893267216E+002     0.368132961947E+001
     0.548566457095E-001    -0.147420693038E+003    -0.433370556312E+000    -0.878060329279E+002     0.395406144349E+001
     0.581490413132E-001    -0.143612363358E+003    -0.397006664418E+000    -0.868285651264E+002     0.423993841780E+001
     0.616389804647E-001    -0.139863782552E+003    -0.363430900261E+000    -0.857668501534E+002     0.453926219331E+001
     0.653383157655E-001    -0.136177321153E+003    -0.332479275460E+000    -0.846303257996E+002     0.485234056106E+001
     0.692596109728E-001    -0.132554969163E+003    -0.303989205932E+000    -0.834279147783E+002     0.517948821514E+001
     0.734161836681E-001    -0.128998366754E+003    -0.277801128814E+000    -0.821680100188E+002     0.552102747397E+001
     0.778221504872E-001    -0.125508833432E+003    -0.253759705758E+000    -0.808584692996E+002     0.587728896116E+001
     0.824924750635E-001    -0.122087395366E+003    -0.231714726196E+000    -0.795066173540E+002     0.624861224712E+001
     0.874430188470E-001    -0.118734810643E+003    -0.211521796471E+000    -0.781192537022E+002     0.663534645057E+001
     0.926905949743E-001    -0.115451592144E+003    -0.193042877085E+000    -0.767026645704E+002     0.703785079682E+001
     0.982530253690E-001    -0.112238027722E+003    -0.176146710611E+000    -0.752626373410E+002     0.745649512493E+001
     0.104149201269E+000    -0.109094197186E+003    -0.160709166526E+000    -0.738044760468E+002     0.789166032958E+001
     0.110399147386E+000    -0.106019985508E+003    -0.146613516465E+000    -0.723330164904E+002     0.834373871376E+001
     0.117024089912E+000    -0.103015091457E+003    -0.133750644403E+000    -0.708526396523E+002     0.881313421563E+001
     0.124046528610E+000    -0.100079030736E+003    -0.122019190326E+000    -0.693672821718E+002     0.930026245599E+001
     0.131490313229E+000    -0.972111326058E+002    -0.111325622089E+000    -0.678804428750E+002     0.980555053210E+001
     0.139380724499E+000    -0.944105289937E+002    -0.101584227570E+000    -0.663951846007E+002     0.103294364581E+002
     0.147744559993E+000    -0.916761352636E+002    -0.927170170973E-001    -0.649141309587E+002     0.108723681245E+002
     0.156610225139E+000    -0.890066222326E+002    -0.846535246157E-001    -0.634394581539E+002     0.114348016183E+002
     0.166007829686E+000    -0.864003796468E+002    -0.773304955200E-001    -0.619728825991E+002     0.120171987150E+002
     0.175969289968E+000    -0.838554722221E+002    -0.706914494850E-001    -0.605156456947E+002     0.126200233273E+002
     0.185969289968E+000    -0.814931615721E+002    -0.649770024629E-001    -0.591405870667E+002     0.132114295549E+002
     0.195969289968E+000    -0.792990918880E+002    -0.600510891640E-001    -0.578445369191E+002     0.137898752358E+002
     0.205969289968E+000    -0.772527269745E+002    -0.557840421507E-001    -0.566195480083E+002     0.143560709907E+002
     0.215969289968E+000    -0.753366004422E+002    -0.520727489244E-001    -0.554584816567E+002     0.149106560518E+002
     0.225969289968E+000    -0.735357527386E+002    -0.488342287117E-001    -0.543549578222E+002     0.154542058493E+002
     0.235969289968E+000    -0.718372939062E+002    -0.460007974271E-001    -0.533032898258E+002     0.159872389461E+002
     0.245969289968E+000    -0.702300600515E+002    -0.435165358639E-001    -0.522984160583E+002     0.165102232877E+002
     0.255969289968E+000    -0.687043400985E+002    -0.413346973632E-001    -0.513358344708E+002     0.170235817988E+002
     0.265969289968E+000    -0.672516558099E+002    -0.394157890822E-001    -0.504115421785E+002     0.175276973747E+002
     0.275969289968E+000    -0.658645826476E+002    -0.377261390031E-001    -0.495219808377E+002     0.180229173268E+002
     0.285969289968E+000    -0.645366023112E+002    -0.362368111583E-001    -0.486639877056E+002     0.185095573388E+002
     0.295969289968E+000    -0.632619801294E+002    -0.349227717659E-001    -0.478347519829E+002     0.189879049861E+002
     0.305969289968E+000    -0.620356621735E+002    -0.337622402679E-001    -0.470317759401E+002     0.194582228667E+002
     0.315969289968E+000    -0.608531881900E+002    -0.327361782876E-001    -0.462528403168E+002     0.199207513857E+002
     0.325969289968E+000    -0.597106173603E+002    -0.318278822148E-001    -0.454959735204E+002     0.203757112322E+002
     0.335969289968E+000    -0.586044645696E+002    -0.310226542577E-001    -0.447594241951E+002     0.208233055817E+002
     0.345969289968E+000    -0.575316453694E+002    -0.303075334418E-001    -0.440416367800E+002     0.212637220538E+002
     0.355969289968E+000    -0.564894282025E+002    -0.296710728640E-001    -0.433412297221E+002     0.216971344525E+002
     0.365969289968E+000    -0.554753927486E+002    -0.291031530284E-001    -0.426569760505E+002     0.221237043123E+002
     0.375969289968E+000    -0.544873934678E+002    -0.285948236522E-001    -0.419877860508E+002     0.225435822702E+002
     0.385969289968E+000    -0.535235275950E+002    -0.281381682176E-001    -0.413326918157E+002     0.229569092841E+002
     0.395969289968E+000    -0.525821069688E+002    -0.277261869214E-001    -0.406908334668E+002     0.233638177133E+002
     0.405969289968E+000    -0.516616331826E+002    -0.273526947063E-001    -0.400614468719E+002     0.237644322754E+002
     0.415969289968E+000    -0.507607756327E+002    -0.270122318135E-001    -0.394438526977E+002     0.241588708948E+002
     0.425969289968E+000    -0.498783520982E+002    -0.266999848650E-001    -0.388374466586E+002     0.245472454532E+002
     0.435969289968E+000    -0.490133115464E+002    -0.264117169011E-001    -0.382416908330E+002     0.249296624527E+002
     0.445969289968E+000    -0.481647188979E+002    -0.261437051293E-001    -0.376561059375E+002     0.253062236029E+002
     0.455969289968E+000    -0.473317415229E+002    -0.258926853808E-001    -0.370802644551E+002     0.256770263378E+002
     0.465969289968E+000    -0.465136372688E+002    -0.256558024089E-001    -0.365137845293E+002     0.260421642732E+002
     0.475969289968E+000    -0.457097438457E+002    -0.254305650830E-001    -0.359563245415E+002     0.264017276086E+002
     0.485969289968E+000    -0.449194694161E+002    -0.252148064325E-001    -0.354075782998E+002     0.267558034814E+002
     0.495969289968E+000    -0.441422842554E+002    -0.250066479351E-001    -0.348672707723E+002     0.271044762788E+002
     0.505969289968E+000    -0.433777133627E+002    -0.248044674464E-001    -0.343351543087E+002     0.274478279114E+002
     0.515969289968E+000    -0.426253299170E+002    -0.246068703583E-001    -0.338110052954E+002     0.277859380539E+002
     0.525969289968E+000    -0.418847494853E+002    -0.244126636772E-001    -0.332946211973E+002     0.281188843554E+002
     0.535969289968E+000    -0.411556248992E+002    -0.242208327478E-001    -0.327858179458E+002     0.284467426243E+002
     0.545969289968E+000    -0.404376417251E+002    -0.240305203657E-001    -0.322844276317E+002     0.287695869901E+002
     0.555969289968E+000    -0.397305142632E+002    -0.238410080341E-001    -0.317902964727E+002     0.290874900442E+002
     0.565969289968E+000    -0.390339820158E+002    -0.236516991035E-001    -0.313032830220E+002     0.294005229638E+002
     0.575969289968E+000    -0.383478065726E+002    -0.234621034141E-001    -0.308232565922E+002     0.297087556190E+002
     0.585969289968E+000    -0.376717688680E+002    -0.232718217343E-001    -0.303500958683E+002     0.300122566669E+002
     0.595969289968E+000    -0.370056667600E+002    -0.230805458061E-001    -0.298836876982E+002     0.303110936330E+002
     0.605969289968E+000    -0.363493128846E+002    -0.228880496561E-001    -0.294239260603E+002     0.306053329826E+002
     0.615969289968E+000    -0.357025328007E+002    -0.226941590627E-001    -0.289707110993E+002     0.308950401825E+002
     0.625969289968E+000    -0.350651633603E+002    -0.224987481757E-001    -0.285239482976E+002     0.311802797542E+002
     0.635969289968E+000    -0.344370512737E+002    -0.223017367221E-001    -0.280835477662E+002     0.314611153204E+002
     0.645969289968E+000    -0.338180518510E+002    -0.221030836096E-001    -0.276494236307E+002     0.317376096451E+002
     0.655969289968E+000    -0.332080278993E+002    -0.219027807591E-001    -0.272214934955E+002     0.320098246682E+002
     0.665969289968E+000    -0.326068487625E+002    -0.217008487769E-001    -0.267996779765E+002     0.322778215358E+002
     0.675969289968E+000    -0.320143894818E+002    -0.214973316792E-001    -0.263839002972E+002     0.325416606263E+002
     0.685969289968E+000    -0.314305300665E+002    -0.212922924983E-001    -0.259740859386E+002     0.328014015730E+002
     0.695969289968E+000    -0.308551548599E+002    -0.210858104194E-001    -0.255701623373E+002     0.330571032833E+002
     0.705969289968E+000    -0.302881519907E+002    -0.208779778624E-001    -0.251720586249E+002     0.333088239561E+002
     0.715969289968E+000    -0.297294128977E+002    -0.206688967274E-001    -0.247797054047E+002     0.335566210964E+002
     0.725969289968E+000    -0.291788319238E+002    -0.204586718422E-001    -0.243930345560E+002     0.338005515277E+002
     0.735969289968E+000    -0.286363059473E+002    -0.202474376255E-001    -0.240119790941E+002     0.340406714041E+002
     0.745969289968E+000    -0.281017340516E+002    -0.200353414908E-001    -0.236364730744E+002     0.342770362197E+002
     0.755969289968E+000    -0.275750172891E+002    -0.198225181318E-001    -0.232664514193E+002     0.345097008183E+002
