 #        time                      h  [L]            Darcian flow [L.T^{-1}]   in    x         z              directions   cumulative flux
 #-----------------------------------------------------------------------------------------------

     0.100000000000E-005     0.400000000000E+001    -0.169624359548E-012    -0.138508800795E+004     0.138508800795E-002
     0.205999994278E-005     0.400000000000E+001    -0.164173397964E-012    -0.134057752879E+004     0.280610011176E-002
     0.318359982147E-005     0.400000000000E+001    -0.158505241809E-012    -0.129429352136E+004     0.426036815535E-002
     0.437461562859E-005     0.400000000000E+001    -0.152622169897E-012    -0.124625459360E+004     0.574467707602E-002
     0.563709231599E-005     0.400000000000E+001    -0.146529451521E-012    -0.119650377254E+004     0.725523519524E-002
     0.697531753239E-005     0.400000000000E+001    -0.140236214692E-012    -0.114511559406E+004     0.878765775891E-002
     0.839383618521E-005     0.400000000000E+001    -0.133756528578E-012    -0.109220494163E+004     0.103369708413E-001
     0.989746587602E-005     0.400000000000E+001    -0.127110725693E-012    -0.103793784283E+004     0.118976449990E-001
     0.114913132622E-004     0.400000000000E+001    -0.120326966825E-012    -0.982544247928E+003     0.134636705804E-001
     0.131807914004E-004     0.400000000000E+001    -0.113443003364E-012    -0.926332420441E+003     0.150286889534E-001
     0.149716381303E-004     0.400000000000E+001    -0.106508002666E-012    -0.869703842281E+003     0.165861952353E-001
     0.168699355614E-004     0.400000000000E+001    -0.995841558294E-013    -0.813166342318E+003     0.181298268140E-001
     0.188821307298E-004     0.400000000000E+001    -0.927475755272E-013    -0.757341427682E+003     0.196537455756E-001
     0.210150574931E-004     0.400000000000E+001    -0.860877349437E-013    -0.702959702370E+003     0.211531071383E-001
     0.232759597402E-004     0.400000000000E+001    -0.797044836456E-013    -0.650836499969E+003     0.226245848436E-001
     0.256725159928E-004     0.400000000000E+001    -0.737016907593E-013    -0.601819976262E+003     0.240668802706E-001
     0.282128654833E-004     0.400000000000E+001    -0.681770900025E-013    -0.556708187618E+003     0.254811136314E-001
     0.309056357980E-004     0.400000000000E+001    -0.632091569560E-013    -0.516141935781E+003     0.268709653143E-001
     0.337599721774E-004     0.400000000000E+001    -0.588436694290E-013    -0.480495024933E+003     0.282424597441E-001
     0.367855685763E-004     0.400000000000E+001    -0.550841191013E-013    -0.449795966802E+003     0.296033608015E-001
     0.399927005860E-004     0.400000000000E+001    -0.518900247638E-013    -0.423714207231E+003     0.309622681984E-001
     0.433922603327E-004     0.400000000000E+001    -0.491847415787E-013    -0.401623893623E+003     0.323276126205E-001
     0.469957934698E-004     0.400000000000E+001    -0.468706007259E-013    -0.382727499541E+003     0.337067838476E-001
     0.508155383889E-004     0.400000000000E+001    -0.448464696957E-013    -0.366199215373E+003     0.351055714399E-001
     0.548644677845E-004     0.400000000000E+001    -0.430226922516E-013    -0.351306942390E+003     0.365279884458E-001
     0.591563327122E-004     0.400000000000E+001    -0.413303922783E-013    -0.337488264429E+003     0.379764424914E-001
     0.637057092900E-004     0.400000000000E+001    -0.397246107230E-013    -0.324376062965E+003     0.394521513547E-001
     0.685280482021E-004     0.400000000000E+001    -0.381824095298E-013    -0.311783034557E+003     0.409556748143E-001
     0.736397271730E-004     0.400000000000E+001    -0.366977118882E-013    -0.299659558281E+003     0.424874382768E-001
     0.790581065897E-004     0.400000000000E+001    -0.352746598683E-013    -0.288039456706E+003     0.440481453402E-001
     0.848015884613E-004     0.400000000000E+001    -0.339210493995E-013    -0.276986388427E+003     0.456390116409E-001
     0.908896789166E-004     0.400000000000E+001    -0.326430817826E-013    -0.266550990909E+003     0.472617981845E-001
     0.973430544509E-004     0.400000000000E+001    -0.314422226810E-013    -0.256745232200E+003     0.489186715845E-001
     0.104183632148E-003     0.400000000000E+001    -0.303143829049E-013    -0.247535721532E+003     0.506119589204E-001
     0.111434644115E-003     0.400000000000E+001    -0.292510490100E-013    -0.238852941357E+003     0.523438844567E-001
     0.119120716386E-003     0.400000000000E+001    -0.282415778545E-013    -0.230609983827E+003     0.541163694587E-001
     0.127267952553E-003     0.400000000000E+001    -0.272757457554E-013    -0.222723366234E+003     0.559309493233E-001
     0.135904022424E-003     0.400000000000E+001    -0.263457910978E-013    -0.215129710184E+003     0.577888245317E-001
     0.145058255993E-003     0.400000000000E+001    -0.254474906565E-013    -0.207794530424E+003     0.596910241976E-001
     0.154761743052E-003     0.400000000000E+001    -0.245801379987E-013    -0.200712058496E+003     0.616386310598E-001
     0.165047438780E-003     0.400000000000E+001    -0.237455731482E-013    -0.193897319331E+003     0.636329998889E-001
     0.175950275662E-003     0.400000000000E+001    -0.229466203436E-013    -0.187373374589E+003     0.656759012282E-001
     0.187507282134E-003     0.400000000000E+001    -0.221854096904E-013    -0.181157617902E+003     0.677695409907E-001
     0.199757708333E-003     0.400000000000E+001    -0.214620628909E-013    -0.175251043042E+003     0.699164409597E-001
     0.212743159403E-003     0.400000000000E+001    -0.207740962536E-013    -0.169633369132E+003     0.721192067744E-001
     0.226507736794E-003     0.400000000000E+001    -0.201166635473E-013    -0.164265023689E+003     0.743802454056E-001
     0.241098188040E-003     0.400000000000E+001    -0.194835057018E-013    -0.159094897528E+003     0.767015117516E-001
     0.256564065527E-003     0.400000000000E+001    -0.188682848833E-013    -0.154071238307E+003     0.790843586474E-001
     0.272957894778E-003     0.400000000000E+001    -0.182659097305E-013    -0.149152471906E+003     0.815295388042E-001
     0.290335352846E-003     0.400000000000E+001    -0.176735031252E-013    -0.144315104873E+003     0.840373684877E-001
     0.308755457403E-003     0.400000000000E+001    -0.170907865670E-013    -0.139556863080E+003     0.866080204974E-001
     0.328280767180E-003     0.400000000000E+001    -0.165198159369E-013    -0.134894534068E+003     0.892418780623E-001
     0.348977594427E-003     0.400000000000E+001    -0.159641701075E-013    -0.130357341550E+003     0.919398614407E-001
     0.370916230124E-003     0.400000000000E+001    -0.154278344965E-013    -0.125977828932E+003     0.947036431355E-001
     0.394171182707E-003     0.400000000000E+001    -0.149141004540E-013    -0.121782872126E+003     0.975356980523E-001
     0.418821431115E-003     0.400000000000E+001    -0.144248372877E-013    -0.117787735188E+003     0.100439194984E+000
     0.444950693017E-003     0.400000000000E+001    -0.139606312043E-013    -0.113997204859E+003     0.103417857806E+000
     0.472647709137E-003     0.400000000000E+001    -0.135190701856E-013    -0.110391585517E+003     0.106475375330E+000
     0.502006544641E-003     0.400000000000E+001    -0.130974497958E-013    -0.106948793766E+003     0.109615267373E+000
     0.533126908594E-003     0.400000000000E+001    -0.126928836126E-013    -0.103645260180E+003     0.112840745592E+000
     0.566114492604E-003     0.400000000000E+001    -0.123028737494E-013    -0.100460587967E+003     0.116154697677E+000
     0.601081329767E-003     0.400000000000E+001    -0.119256743432E-013    -0.973805210734E+002     0.119559786500E+000
     0.638146175159E-003     0.400000000000E+001    -0.115603504719E-013    -0.943974252817E+002     0.123058612474E+000
     0.677434909153E-003     0.400000000000E+001    -0.112065878440E-013    -0.915087342064E+002     0.126653874790E+000
     0.719080964939E-003     0.400000000000E+001    -0.108643832948E-013    -0.887144220061E+002     0.130348480558E+000
     0.763225781689E-003     0.400000000000E+001    -0.105337556823E-013    -0.860146426682E+002     0.134145581196E+000
     0.810019284919E-003     0.400000000000E+001    -0.102145702328E-013    -0.834082956810E+002     0.138048547550E+000
     0.859620395664E-003     0.400000000000E+001    -0.990649710606E-014    -0.808926876954E+002     0.142060914711E+000
     0.912197570216E-003     0.400000000000E+001    -0.960906477361E-014    -0.784639683891E+002     0.146186328473E+000
     0.967929372233E-003     0.400000000000E+001    -0.932174548511E-014    -0.761178283534E+002     0.150428512212E+000
     0.102700507918E-002     0.400000000000E+001    -0.904402365101E-014    -0.738500574803E+002     0.154791256566E+000
     0.108962532517E-002     0.400000000000E+001    -0.877542879593E-014    -0.716568140466E+002     0.159278423888E+000
     0.115600278233E-002     0.400000000000E+001    -0.851554014775E-014    -0.695346621873E+002     0.163893957949E+000
     0.122636288312E-002     0.400000000000E+001    -0.826397871114E-014    -0.674805071707E+002     0.168641893235E+000
     0.130094458593E-002     0.400000000000E+001    -0.802039813944E-014    -0.654915208615E+002     0.173526362381E+000
     0.138000118665E-002     0.400000000000E+001    -0.778447797198E-014    -0.635650865000E+002     0.178551602044E+000
     0.146380117888E-002     0.400000000000E+001    -0.755591944932E-014    -0.616987645301E+002     0.183721958032E+000
     0.155262916586E-002     0.400000000000E+001    -0.733444953555E-014    -0.598903254445E+002     0.189041895081E+000
     0.164678682697E-002     0.400000000000E+001    -0.711996065331E-014    -0.581388908073E+002     0.194516117058E+000
     0.174659394236E-002     0.400000000000E+001    -0.691200741618E-014    -0.564408237623E+002     0.200149312868E+000
     0.185238947896E-002     0.400000000000E+001    -0.671031026454E-014    -0.547938415322E+002     0.205946256736E+000
     0.196453274170E-002     0.400000000000E+001    -0.651464245091E-014    -0.531960925831E+002     0.211911840123E+000
     0.208340459379E-002     0.400000000000E+001    -0.632479807167E-014    -0.516458955845E+002     0.218051083384E+000
     0.220940875020E-002     0.400000000000E+001    -0.614058869648E-014    -0.501417118858E+002     0.224369147491E+000
     0.234297314879E-002     0.400000000000E+001    -0.596184103981E-014    -0.486821265034E+002     0.230871346440E+000
     0.248455140365E-002     0.400000000000E+001    -0.578839391047E-014    -0.472658232113E+002     0.237563159205E+000
     0.263462434571E-002     0.400000000000E+001    -0.562009471542E-014    -0.458915559926E+002     0.244450240028E+000
     0.279370165569E-002     0.400000000000E+001    -0.545679618345E-014    -0.445581222867E+002     0.251538426259E+000
     0.296232359518E-002     0.400000000000E+001    -0.529835376760E-014    -0.432643417783E+002     0.258833743480E+000
     0.314106284138E-002     0.400000000000E+001    -0.514462443363E-014    -0.420090465039E+002     0.266342408786E+000
     0.333052643213E-002     0.400000000000E+001    -0.499546675230E-014    -0.407910816063E+002     0.274070833578E+000
     0.353135782749E-002     0.400000000000E+001    -0.485074183479E-014    -0.396093129723E+002     0.282025627171E+000
     0.374423909507E-002     0.400000000000E+001    -0.471031427116E-014    -0.384626348956E+002     0.290213601642E+000
     0.396989322653E-002     0.400000000000E+001    -0.457405255751E-014    -0.373499735654E+002     0.298641777487E+000
     0.420908659296E-002     0.400000000000E+001    -0.444182906468E-014    -0.362702868106E+002     0.307317389491E+000
     0.446263154769E-002     0.400000000000E+001    -0.431351925616E-014    -0.352225577135E+002     0.316247891292E+000
     0.473138918520E-002     0.400000000000E+001    -0.418897743852E-014    -0.342055965968E+002     0.325440906623E+000
     0.501627226558E-002     0.400000000000E+001    -0.406815073408E-014    -0.332189716815E+002     0.334904429603E+000
     0.531824831448E-002     0.400000000000E+001    -0.395079478729E-014    -0.322606876533E+002     0.344646384595E+000
     0.563834290904E-002     0.400000000000E+001    -0.383700349118E-014    -0.313315112068E+002     0.354675431972E+000
     0.597764316095E-002     0.400000000000E+001    -0.372647712791E-014    -0.304289949601E+002     0.364999997627E+000
     0.633730140856E-002     0.400000000000E+001    -0.361922231901E-014    -0.295531929821E+002     0.375629047226E+000
     0.671853913045E-002     0.400000000000E+001    -0.351492317418E-014    -0.287015258328E+002     0.386571151550E+000
     0.712265109384E-002     0.400000000000E+001    -0.341346403067E-014    -0.278730490542E+002     0.397834984129E+000
     0.755100975191E-002     0.400000000000E+001    -0.331449492154E-014    -0.270649049493E+002     0.409428470493E+000
     0.800506990496E-002     0.400000000000E+001    -0.321763732554E-014    -0.262740026575E+002     0.421358448161E+000
     0.848637364120E-002     0.400000000000E+001    -0.312234466276E-014    -0.254958790153E+002     0.433629709990E+000
     0.899655557408E-002     0.400000000000E+001    -0.302781112019E-014    -0.247239540601E+002     0.446243424661E+000
     0.953734839373E-002     0.400000000000E+001    -0.293309055864E-014    -0.239505019788E+002     0.459195684158E+000
     0.101105887516E-001     0.400000000000E+001    -0.283668869574E-014    -0.231633210303E+002     0.472473834595E+000
     0.107182234982E-001     0.400000000000E+001    -0.273665470136E-014    -0.223464814775E+002     0.486052333205E+000
     0.113623162948E-001     0.400000000000E+001    -0.263017186725E-014    -0.214769831521E+002     0.499885503345E+000
     0.120450546223E-001     0.400000000000E+001    -0.251511027108E-014    -0.205374339184E+002     0.513907196631E+000
     0.127687572104E-001     0.400000000000E+001    -0.238772985370E-014    -0.194972938758E+002     0.528017438670E+000
     0.135358819124E-001     0.400000000000E+001    -0.224448201824E-014    -0.183275865319E+002     0.542076983026E+000
     0.143490340526E-001     0.400000000000E+001    -0.208149294581E-014    -0.169966797550E+002     0.555897869546E+000
     0.152109752747E-001     0.400000000000E+001    -0.189476880504E-014    -0.154719614370E+002     0.569233790895E+000
     0.161246329208E-001     0.400000000000E+001    -0.168275096685E-014    -0.137407044057E+002     0.581788090538E+000
     0.170931099734E-001     0.400000000000E+001    -0.144545174460E-014    -0.118030092073E+002     0.593219034107E+000
     0.181196955938E-001     0.400000000000E+001    -0.118766781721E-014    -0.969804369743E+001     0.603174906312E+000
     0.192078762926E-001     0.400000000000E+001    -0.923707326933E-015    -0.754264272423E+001     0.611382664542E+000
     0.203613477710E-001     0.400000000000E+001    -0.679681222466E-015    -0.555001836398E+001     0.617784452430E+000
     0.215840274722E-001     0.400000000000E+001    -0.486913887132E-015    -0.397595361757E+001     0.622645770211E+000
     0.228800678855E-001     0.400000000000E+001    -0.364695569492E-015    -0.297796531821E+001     0.626505333613E+000
     0.242538706494E-001     0.400000000000E+001    -0.303782379257E-015    -0.248057137347E+001     0.629913149422E+000
     0.257101015006E-001     0.400000000000E+001    -0.283429113463E-015    -0.231437434582E+001     0.633283412746E+000
     0.272537061195E-001     0.400000000000E+001    -0.282746095632E-015    -0.230879708197E+001     0.636847282585E+000
     0.288899269272E-001     0.400000000000E+001    -0.293412790452E-015    -0.239589725508E+001     0.640767499527E+000
     0.306243208897E-001     0.400000000000E+001    -0.308637335941E-015    -0.252021510329E+001     0.645138545387E+000
     0.324627783907E-001     0.400000000000E+001    -0.325391593590E-015    -0.265702399922E+001     0.650023371088E+000
     0.344115432366E-001     0.400000000000E+001    -0.340469963338E-015    -0.278014823192E+001     0.655441226229E+000
     0.364772338618E-001     0.400000000000E+001    -0.353538679527E-015    -0.288686239798E+001     0.661404590821E+000
     0.386668658063E-001     0.400000000000E+001    -0.363475423713E-015    -0.296800207183E+001     0.667903422969E+000
     0.409878755421E-001     0.400000000000E+001    -0.371761920993E-015    -0.303566645707E+001     0.674949234370E+000
     0.434481457293E-001     0.400000000000E+001    -0.379014449601E-015    -0.309488784738E+001     0.682563494674E+000
     0.460560319869E-001     0.400000000000E+001    -0.385451192966E-015    -0.314744784565E+001     0.690771680657E+000
     0.488203912708E-001     0.400000000000E+001    -0.390645351572E-015    -0.318986136936E+001     0.699589603548E+000
     0.517506119535E-001     0.400000000000E+001    -0.393855130521E-015    -0.321607120351E+001     0.709013401905E+000
     0.548566457095E-001     0.400000000000E+001    -0.394301539316E-015    -0.321971640795E+001     0.719013949753E+000
     0.581490413132E-001     0.400000000000E+001    -0.391890224429E-015    -0.320002652766E+001     0.729549703024E+000
     0.616389804647E-001     0.400000000000E+001    -0.386386081830E-015    -0.315508179255E+001     0.740560746498E+000
     0.653383157655E-001     0.400000000000E+001    -0.375668272346E-015    -0.306756423654E+001     0.751908695166E+000
     0.692596109728E-001     0.400000000000E+001    -0.361736566618E-015    -0.295380322612E+001     0.763491429600E+000
     0.734161836681E-001     0.400000000000E+001    -0.344936445175E-015    -0.281661982390E+001     0.775198914653E+000
     0.778221504872E-001     0.400000000000E+001    -0.326936268693E-015    -0.266963722863E+001     0.786961247702E+000
     0.824924750635E-001     0.400000000000E+001    -0.310118697893E-015    -0.253231134160E+001     0.798787963595E+000
     0.874430188470E-001     0.400000000000E+001    -0.297470689044E-015    -0.242903251167E+001     0.810812995396E+000
     0.926905949743E-001     0.400000000000E+001    -0.291412019375E-015    -0.237955971941E+001     0.823299916173E+000
     0.982530253690E-001     0.400000000000E+001    -0.291513742972E-015    -0.238039035561E+001     0.836540671838E+000
     0.104149201269E+000     0.400000000000E+001    -0.295275606522E-015    -0.241110830264E+001     0.850756990504E+000
     0.110399147386E+000     0.400000000000E+001    -0.300540019223E-015    -0.245409549457E+001     0.866094955111E+000
     0.117024089912E+000     0.400000000000E+001    -0.305792988293E-015    -0.249698924217E+001     0.882637365328E+000
     0.124046528610E+000     0.400000000000E+001    -0.309407308632E-015    -0.252650240745E+001     0.900379573606E+000
     0.131490313229E+000     0.400000000000E+001    -0.309118638583E-015    -0.252414523762E+001     0.919168767101E+000
     0.139380724499E+000     0.400000000000E+001    -0.307035119767E-015    -0.250713201537E+001     0.938951069810E+000
     0.147744559993E+000     0.400000000000E+001    -0.301261439997E-015    -0.245998634224E+001     0.959525990895E+000
     0.156610225139E+000     0.400000000000E+001    -0.293087338552E-015    -0.239323973865E+001     0.980743653031E+000
     0.166007829686E+000     0.400000000000E+001    -0.282490645021E-015    -0.230671116944E+001     0.100242121241E+001
     0.175969289968E+000     0.400000000000E+001    -0.270412136817E-015    -0.220808266519E+001     0.102441694017E+001
     0.185969289968E+000     0.400000000000E+001    -0.260780246974E-015    -0.212943231596E+001     0.104571126333E+001
     0.195969289968E+000     0.400000000000E+001    -0.256608815271E-015    -0.209536999116E+001     0.106666496325E+001
     0.205969289968E+000     0.400000000000E+001    -0.257844126759E-015    -0.210545707496E+001     0.108771953400E+001
     0.215969289968E+000     0.400000000000E+001    -0.261935651245E-015    -0.213886690781E+001     0.110910820307E+001
     0.225969289968E+000     0.400000000000E+001    -0.264262799866E-015    -0.215786951838E+001     0.113068689826E+001
     0.235969289968E+000     0.400000000000E+001    -0.264061348307E-015    -0.215622454157E+001     0.115224914367E+001
     0.245969289968E+000     0.400000000000E+001    -0.261579963411E-015    -0.213596249624E+001     0.117360876864E+001
     0.255969289968E+000     0.400000000000E+001    -0.257896462645E-015    -0.210588442990E+001     0.119466761293E+001
     0.265969289968E+000     0.400000000000E+001    -0.254309672995E-015    -0.207659606975E+001     0.121543357363E+001
     0.275969289968E+000     0.400000000000E+001    -0.251890728986E-015    -0.205684389296E+001     0.123600201256E+001
     0.285969289968E+000     0.400000000000E+001    -0.251126740219E-015    -0.205060545125E+001     0.125650806707E+001
     0.295969289968E+000     0.400000000000E+001    -0.252041638922E-015    -0.205807616611E+001     0.127708882874E+001
     0.305969289968E+000     0.400000000000E+001    -0.252991473181E-015    -0.206583215142E+001     0.129774715025E+001
     0.315969289968E+000     0.400000000000E+001    -0.253872882960E-015    -0.207302940845E+001     0.131847744433E+001
     0.325969289968E+000     0.400000000000E+001    -0.253785164549E-015    -0.207231313327E+001     0.133920057567E+001
     0.335969289968E+000     0.400000000000E+001    -0.252275413273E-015    -0.205998507854E+001     0.135980042645E+001
     0.345969289968E+000     0.400000000000E+001    -0.249675673439E-015    -0.203875659180E+001     0.138018799237E+001
     0.355969289968E+000     0.400000000000E+001    -0.246411242087E-015    -0.201210048692E+001     0.140030899724E+001
     0.365969289968E+000     0.400000000000E+001    -0.243650614694E-015    -0.198955825356E+001     0.142020457977E+001
     0.375969289968E+000     0.400000000000E+001    -0.242008336050E-015    -0.197614803075E+001     0.143996606008E+001
     0.385969289968E+000     0.400000000000E+001    -0.241660392212E-015    -0.197330685370E+001     0.145969912862E+001
     0.395969289968E+000     0.400000000000E+001    -0.242286684556E-015    -0.197842091879E+001     0.147948333781E+001
     0.405969289968E+000     0.400000000000E+001    -0.242651271276E-015    -0.198139799528E+001     0.149929731776E+001
     0.415969289968E+000     0.400000000000E+001    -0.242577553022E-015    -0.198079604006E+001     0.151910527816E+001
     0.425969289968E+000     0.400000000000E+001    -0.241673778601E-015    -0.197341616186E+001     0.153883943978E+001
     0.435969289968E+000     0.400000000000E+001    -0.240481243415E-015    -0.196367837308E+001     0.155847622351E+001
     0.445969289968E+000     0.400000000000E+001    -0.238902207433E-015    -0.195078456580E+001     0.157798406917E+001
     0.455969289968E+000     0.400000000000E+001    -0.236976702302E-015    -0.193506162321E+001     0.159733468540E+001
     0.465969289968E+000     0.400000000000E+001    -0.234849110083E-015    -0.191768851433E+001     0.161651157054E+001
     0.475969289968E+000     0.400000000000E+001    -0.232787076245E-015    -0.190085073024E+001     0.163552007785E+001
     0.485969289968E+000     0.400000000000E+001    -0.231089868720E-015    -0.188699197909E+001     0.165438999764E+001
     0.495969289968E+000     0.400000000000E+001    -0.230115382913E-015    -0.187903469861E+001     0.167318034462E+001
     0.505969289968E+000     0.400000000000E+001    -0.230322019017E-015    -0.188072201044E+001     0.169198756473E+001
     0.515969289968E+000     0.400000000000E+001    -0.230743694339E-015    -0.188416525075E+001     0.171082921723E+001
     0.525969289968E+000     0.400000000000E+001    -0.231491603025E-015    -0.189027238863E+001     0.172973194112E+001
     0.535969289968E+000     0.400000000000E+001    -0.232363265493E-015    -0.189739005283E+001     0.174870584165E+001
     0.545969289968E+000     0.400000000000E+001    -0.233132096525E-015    -0.190366803463E+001     0.176774252200E+001
     0.555969289968E+000     0.400000000000E+001    -0.233622065948E-015    -0.190766893859E+001     0.178681921138E+001
     0.565969289968E+000     0.400000000000E+001    -0.233304488876E-015    -0.190507572501E+001     0.180586996863E+001
     0.575969289968E+000     0.400000000000E+001    -0.232638967506E-015    -0.189964133061E+001     0.182486638194E+001
     0.585969289968E+000     0.400000000000E+001    -0.231070088042E-015    -0.188683045759E+001     0.184373468651E+001
     0.595969289968E+000     0.400000000000E+001    -0.229270414460E-015    -0.187213500758E+001     0.186245603659E+001
     0.605969289968E+000     0.400000000000E+001    -0.227291211934E-015    -0.185597359249E+001     0.188101577251E+001
     0.615969289968E+000     0.400000000000E+001    -0.225487247581E-015    -0.184124310567E+001     0.189942820357E+001
     0.625969289968E+000     0.400000000000E+001    -0.223770510573E-015    -0.182722488418E+001     0.191770045241E+001
     0.635969289968E+000     0.400000000000E+001    -0.222422227819E-015    -0.181621531999E+001     0.193586260561E+001
     0.645969289968E+000     0.400000000000E+001    -0.221586251691E-015    -0.180938905687E+001     0.195395649618E+001
     0.655969289968E+000     0.400000000000E+001    -0.221561356010E-015    -0.180918576821E+001     0.197204835386E+001
     0.665969289968E+000     0.400000000000E+001    -0.221576144859E-015    -0.180930652832E+001     0.199014141915E+001
     0.675969289968E+000     0.400000000000E+001    -0.222324189866E-015    -0.181541477935E+001     0.200829556694E+001
     0.685969289968E+000     0.400000000000E+001    -0.223194166338E-015    -0.182251867635E+001     0.202652075370E+001
     0.695969289968E+000     0.400000000000E+001    -0.224031841703E-015    -0.182935881479E+001     0.204481434185E+001
     0.705969289968E+000     0.400000000000E+001    -0.224766485893E-015    -0.183535763985E+001     0.206316791825E+001
     0.715969289968E+000     0.400000000000E+001    -0.225308187011E-015    -0.183978096515E+001     0.208156572790E+001
     0.725969289968E+000     0.400000000000E+001    -0.225472477867E-015    -0.184112250180E+001     0.209997695292E+001
     0.735969289968E+000     0.400000000000E+001    -0.225468248704E-015    -0.184108796806E+001     0.211838783260E+001
     0.745969289968E+000     0.400000000000E+001    -0.225393200326E-015    -0.184047515155E+001     0.213679258412E+001
     0.755969289968E+000     0.400000000000E+001    -0.225076991287E-015    -0.183789310881E+001     0.215517151520E+001
