 #        time                      h  [L]            Darcian flow [L.T^{-1}]   in    x         z              directions   cumulative flux
 #-----------------------------------------------------------------------------------------------

     0.100000000000E-005    -0.278499999997E+003    -0.242792461100E-009    -0.182208682929E-008     0.183819166374E-014
     0.205999994278E-005    -0.278499999981E+003    -0.169274615841E-008    -0.127176821703E-007     0.154378227720E-013
     0.318359982147E-005    -0.278499999923E+003    -0.689483294174E-008    -0.518619277415E-007     0.742225912509E-013
     0.437461562859E-005    -0.278499999760E+003    -0.214304973973E-007    -0.161392463005E-006     0.268130767380E-012
     0.563709231599E-005    -0.278499999368E+003    -0.562908335476E-007    -0.424458319889E-006     0.808691269880E-012
     0.697531753239E-005    -0.278499998518E+003    -0.131638131595E-006    -0.993908586333E-006     0.215037993189E-011
     0.839383618521E-005    -0.278499996811E+003    -0.282642060361E-006    -0.213692872336E-005     0.520805304026E-011
     0.989746587602E-005    -0.278499993572E+003    -0.568382133310E-006    -0.430332545786E-005     0.117348570112E-010
     0.114913132622E-004    -0.278499987695E+003    -0.108524194010E-005    -0.822856651494E-005     0.249635077381E-010
     0.131807914004E-004    -0.278499977410E+003    -0.198682897245E-005    -0.150874869296E-004     0.506735545806E-010
     0.149716381303E-004    -0.278499959941E+003    -0.351329847088E-005    -0.267213138710E-004     0.989391791072E-010
     0.168699355614E-004    -0.278499930992E+003    -0.603412684666E-005    -0.459700178613E-004     0.186952511300E-009
     0.188821307298E-004    -0.278499884015E+003    -0.101099574137E-004    -0.771548492438E-004     0.343530285923E-009
     0.210150574931E-004    -0.278499809141E+003    -0.165812498554E-004    -0.126773316572E-003     0.616231555176E-009
     0.232759597402E-004    -0.278499691650E+003    -0.266942132973E-004    -0.204492035919E-003     0.108249063329E-008
     0.256725159928E-004    -0.278499509798E+003    -0.422780108440E-004    -0.324553159728E-003     0.186687212216E-008
     0.282128654833E-004    -0.278499231756E+003    -0.659915801663E-004    -0.507748865122E-003     0.316758017718E-008
     0.309056357980E-004    -0.278498811328E+003    -0.101663699828E-003    -0.784167039949E-003     0.529683363334E-008
     0.337599721774E-004    -0.278498182038E+003    -0.154756197697E-003    -0.119697128354E-002     0.874182932097E-008
     0.367855685763E-004    -0.278497249025E+003    -0.232987502776E-003    -0.180755122100E-002     0.142559939838E-007
     0.399927005860E-004    -0.278495878058E+003    -0.347162114413E-003    -0.270246669454E-002     0.229943828100E-007
     0.433922603327E-004    -0.278493880785E+003    -0.512260976762E-003    -0.400271345751E-002     0.367128285455E-007
     0.469957934698E-004    -0.278490995127E+003    -0.748857986287E-003    -0.587595985463E-002     0.580583084902E-007
     0.508155383889E-004    -0.278486859451E+003    -0.108493839087E-002    -0.855254345162E-002     0.909886506214E-007
     0.548644677845E-004    -0.278480978895E+003    -0.155820464778E-002    -0.123461708651E-001     0.141373983662E-006
     0.591563327122E-004    -0.278472681867E+003    -0.221896276740E-002    -0.176804265164E-001     0.217851268734E-006
     0.637057092900E-004    -0.278461064441E+003    -0.313368499195E-002    -0.251223554325E-001     0.333028036374E-006
     0.685280482021E-004    -0.278444920047E+003    -0.438933994438E-002    -0.354245256196E-001     0.505163470269E-006
     0.736397271730E-004    -0.278422651587E+003    -0.609856589067E-002    -0.495770776989E-001     0.760495756302E-006
     0.790581065897E-004    -0.278392162971E+003    -0.840573336475E-002    -0.688713140230E-001     0.113643580013E-005
     0.848015884613E-004    -0.278350727033E+003    -0.114938976896E-001    -0.949763517070E-001     0.168591075354E-005
     0.908896789166E-004    -0.278294826979E+003    -0.155925784735E-001    -0.130030258817E+000     0.248321812302E-005
     0.973430544509E-004    -0.278219968962E+003    -0.209862209818E-001    -0.176746916265E+000     0.363184453219E-005
     0.104183632148E-003    -0.278120464152E+003    -0.280230907080E-001    -0.238539610038E+000     0.527481457987E-005
     0.111434644115E-003    -0.277989179862E+003    -0.371242195454E-001    -0.319662056520E+000     0.760826681890E-005
     0.119120716386E-003    -0.277817261200E+003    -0.487918427735E-001    -0.425367157981E+000     0.108991074947E-004
     0.127267952553E-003    -0.277593827532E+003    -0.636165135546E-001    -0.562083179351E+000     0.155077690694E-004
     0.135904022424E-003    -0.277305652212E+003    -0.822817217888E-001    -0.737606078786E+000     0.219172982091E-004
     0.145058255993E-003    -0.276936839911E+003    -0.105564343034E+000    -0.961305227541E+000     0.307702115369E-004
     0.154761743052E-003    -0.276468523614E+003    -0.134328575206E+000    -0.124433752843E+001     0.429147760945E-004
     0.165047438780E-003    -0.275878612782E+003    -0.169510180379E+000    -0.159986179307E+001     0.594625760600E-004
     0.175950275662E-003    -0.275141634709E+003    -0.212086874650E+000    -0.204324093484E+001     0.818593871829E-004
     0.187507282134E-003    -0.274228721261E+003    -0.263029729781E+000    -0.259221375067E+001     0.111971448137E-003
     0.199757708333E-003    -0.273107800919E+003    -0.323229749167E+000    -0.326701034503E+001     0.152189121703E-003
     0.212743159403E-003    -0.271744058321E+003    -0.393393841738E+000    -0.409037503275E+001     0.205549572387E-003
     0.226507736794E-003    -0.270100716826E+003    -0.473905906218E+000    -0.508744730707E+001     0.275879298918E-003
     0.241098188040E-003    -0.268140180872E+003    -0.564652372478E+000    -0.628543495479E+001     0.367955942086E-003
     0.256564065527E-003    -0.265825542367E+003    -0.664817852965E+000    -0.771299431820E+001     0.487686472926E-003
     0.272957894778E-003    -0.263122410109E+003    -0.772665562669E+000    -0.939921366962E+001     0.642295345644E-003
     0.290335352846E-003    -0.260000967451E+003    -0.885328136211E+000    -0.113720828773E+002     0.840511193602E-003
     0.308755457403E-003    -0.256438108139E+003    -0.998645840356E+000    -0.136563376513E+002     0.109273405491E-002
     0.328280767180E-003    -0.252419451779E+003    -0.110709879447E+001    -0.162706075650E+002     0.141115728114E-002
     0.348977594427E-003    -0.247941008477E+003    -0.120388542412E+001    -0.192238950400E+002     0.180981034651E-002
     0.370916230124E-003    -0.243010258705E+003    -0.128119904923E+001    -0.225115828294E+002     0.230448296131E-002
     0.394171182707E-003    -0.237646453920E+003    -0.133074627821E+001    -0.261114034874E+002     0.291249047993E-002
     0.418821431115E-003    -0.231880038276E+003    -0.134453075616E+001    -0.299800600062E+002     0.365224922378E-002
     0.444950693017E-003    -0.225751242148E+003    -0.131588823795E+001    -0.340513706409E+002     0.454265051306E-002
     0.472647709137E-003    -0.219308043888E+003    -0.124069884534E+001    -0.382368510765E+002     0.560225455830E-002
     0.502006544641E-003    -0.212603845662E+003    -0.111860124805E+001    -0.424293940021E+002     0.684836498710E-002
     0.533126908594E-003    -0.205695269943E+003    -0.953926658705E+000    -0.465101706134E+002     0.829608282861E-002
     0.566114492604E-003    -0.198640397298E+003    -0.756004737847E+000    -0.503581889483E+002     0.995746500382E-002
     0.601081329767E-003    -0.191497562975E+003    -0.538529410382E+000    -0.538612692395E+002     0.118409173711E-001
     0.638146175159E-003    -0.184324578585E+003    -0.317862655892E+000    -0.569267302188E+002     0.139509307175E-001
     0.677434909153E-003    -0.177178045167E+003    -0.110484548463E+000    -0.594899611737E+002     0.162882200082E-001
     0.719080964939E-003    -0.170112374640E+003     0.698373761575E-001    -0.615193195578E+002     0.188502586733E-001
     0.763225781689E-003    -0.163178284099E+003     0.214357881589E+000    -0.630164106295E+002     0.216321226672E-001
     0.810019284919E-003    -0.156420824554E+003     0.320407741154E+000    -0.640117106295E+002     0.246274923784E-001
     0.859620395664E-003    -0.149877320389E+003     0.390859717646E+000    -0.645565513814E+002     0.278296277221E-001
     0.912197570216E-003    -0.143575771335E+003     0.432273066727E+000    -0.647133977262E+002     0.312321512377E-001
     0.967929372233E-003    -0.137534206693E+003     0.452485718831E+000    -0.645467156043E+002     0.348295444026E-001
     0.102700507918E-002    -0.131761199326E+003     0.458557316664E+000    -0.641162899309E+002     0.386173564278E-001
     0.108962532517E-002    -0.126257375066E+003     0.455664459942E+000    -0.634737644852E+002     0.425922015912E-001
     0.115600278233E-002    -0.121017466535E+003     0.447012969213E+000    -0.626619872407E+002     0.467516507980E-001
     0.122636288312E-002    -0.116032380738E+003     0.434389128360E+000    -0.617160278459E+002     0.510941042978E-001
     0.130094458593E-002    -0.111290882009E+003     0.418843393839E+000    -0.606647052917E+002     0.556186891553E-001
     0.138000118665E-002    -0.106780735173E+003     0.401166723185E+000    -0.595319074678E+002     0.603251862509E-001
     0.146380117888E-002    -0.102489375272E+003     0.382086448574E+000    -0.583375011380E+002     0.652139732472E-001
     0.155262916586E-002    -0.984042809970E+002     0.362285636481E+000    -0.570979418239E+002     0.702859705730E-001
     0.164678682697E-002    -0.945132656176E+002     0.342373847820E+000    -0.558266970258E+002     0.755425806434E-001
     0.174659394236E-002    -0.908045826613E+002     0.322818434156E+000    -0.545348841220E+002     0.809856454764E-001
     0.185238947896E-002    -0.872671227179E+002     0.303968160703E+000    -0.532316511659E+002     0.866174083920E-001
     0.196453274170E-002    -0.838905590794E+002     0.286040479104E+000    -0.519245369508E+002     0.924404837353E-001
     0.208340459379E-002    -0.806653993148E+002     0.269115354030E+000    -0.506198031756E+002     0.984578385271E-001
     0.220940875020E-002    -0.775829534981E+002     0.253161117702E+000    -0.493226853580E+002     0.104672783753E+000
     0.234297314879E-002    -0.746352545709E+002     0.238079848655E+000    -0.480375545994E+002     0.111088969642E+000
     0.248455140365E-002    -0.718149585377E+002     0.223759424749E+000    -0.467680260823E+002     0.117710380942E+000
     0.263462434571E-002    -0.691152444203E+002     0.210111408991E+000    -0.455170437196E+002     0.124541330384E+000
     0.279370165569E-002    -0.665297280343E+002     0.197083796583E+000    -0.442869569457E+002     0.131586450122E+000
     0.296232359518E-002    -0.640523982069E+002     0.184653877446E+000    -0.430795964082E+002     0.138850681951E+000
     0.314106284138E-002    -0.616775790032E+002     0.172814620896E+000    -0.418963489935E+002     0.146339267494E+000
     0.333052643213E-002    -0.593999135033E+002     0.161564476078E+000    -0.407382300995E+002     0.154057739549E+000
     0.353135782749E-002    -0.572143589607E+002     0.150903024594E+000    -0.396059492405E+002     0.162011915333E+000
     0.374423909507E-002    -0.551161814445E+002     0.140829693798E+000    -0.384999658604E+002     0.170207891700E+000
     0.396989322653E-002    -0.531009429920E+002     0.131342521979E+000    -0.374205339343E+002     0.178652041796E+000
     0.420908659296E-002    -0.511644818180E+002     0.122435442738E+000    -0.363677361119E+002     0.187351012323E+000
     0.446263154769E-002    -0.493028860254E+002     0.114097906462E+000    -0.353415121896E+002     0.196311721129E+000
     0.473138918520E-002    -0.475122577879E+002     0.106336595213E+000    -0.343416838296E+002     0.205541355189E+000
     0.501627226558E-002    -0.457896680868E+002     0.990769527110E-001    -0.333679187887E+002     0.215047352583E+000
     0.531824831448E-002    -0.441310578234E+002     0.924669861183E-001    -0.324200441486E+002     0.224837469240E+000
     0.563834290904E-002    -0.425341991017E+002     0.860631498797E-001    -0.314971596817E+002     0.234919577435E+000
     0.597764316095E-002    -0.409953290758E+002     0.801887953655E-001    -0.305991095741E+002     0.245301898673E+000
     0.633730140856E-002    -0.395114814103E+002     0.747573770690E-001    -0.297249446214E+002     0.255992753976E+000
     0.671853913045E-002    -0.380790113997E+002     0.697800243481E-001    -0.288737591965E+002     0.267000552300E+000
     0.712265109384E-002    -0.366946196282E+002     0.650912224829E-001    -0.280440278961E+002     0.278333510001E+000
     0.755100975191E-002    -0.353533533190E+002     0.606769637015E-001    -0.272338358143E+002     0.289999388319E+000
     0.800506990496E-002    -0.340492240276E+002     0.565379219584E-001    -0.264402296169E+002     0.302004870472E+000
     0.848637364120E-002    -0.327742203660E+002     0.526318838918E-001    -0.256588620409E+002     0.314354602621E+000
     0.899655557408E-002    -0.315173904764E+002     0.490409107029E-001    -0.248835648326E+002     0.327049772479E+000
     0.953734839373E-002    -0.302643873187E+002     0.457170459751E-001    -0.241056146984E+002     0.340085939265E+000
     0.101105887516E-001    -0.289966007406E+002     0.425701412786E-001    -0.233135056815E+002     0.353450203886E+000
     0.107182234982E-001    -0.276899126311E+002     0.398367822678E-001    -0.224920359367E+002     0.367117167878E+000
     0.113623162948E-001    -0.263118534652E+002     0.367546589113E-001    -0.216217092332E+002     0.381043575166E+000
     0.120450546223E-001    -0.248317247573E+002     0.343697591898E-001    -0.206796973512E+002     0.395162416650E+000
     0.127687572104E-001    -0.232065135865E+002     0.321076339236E-001    -0.196387461595E+002     0.409375047067E+000
     0.135358819124E-001    -0.213930443593E+002     0.286999798712E-001    -0.184678232769E+002     0.423542187602E+000
     0.143490340526E-001    -0.193469827075E+002     0.242465826347E-001    -0.171352668812E+002     0.437475780489E+000
     0.152109752747E-001    -0.170274503449E+002     0.222317966446E-001    -0.156097197147E+002     0.450930455023E+000
     0.161246329208E-001    -0.144175566407E+002     0.196683582006E-001    -0.138721467427E+002     0.463604860701E+000
     0.170931099734E-001    -0.115240075862E+002     0.176656188982E-001    -0.119202809173E+002     0.475149391908E+000
     0.181196955938E-001    -0.841554088827E+001     0.157076466582E-001    -0.979508969681E+001     0.485204903070E+000
     0.192078762926E-001    -0.526784328729E+001     0.130801935568E-001    -0.761374800498E+001     0.493490048921E+000
     0.203613477710E-001    -0.238682221437E+001     0.892352664447E-002    -0.559251626728E+001     0.499940865140E+000
     0.215840274722E-001    -0.133613833149E+000     0.635741787399E-002    -0.399777669518E+001     0.504828871735E+000
     0.228800678855E-001     0.128367685124E+001    -0.820300651485E-003    -0.297967290392E+001     0.508690648384E+000
     0.242538706494E-001     0.198824517422E+001    -0.579841302970E-002    -0.248078696224E+001     0.512098769678E+000
     0.257101015006E-001     0.222477439499E+001    -0.134394423032E-001    -0.231286084210E+001     0.515466885851E+000
     0.272537061195E-001     0.223003721222E+001    -0.178891330967E-001    -0.231086628292E+001     0.519034056601E+000
     0.288899269272E-001     0.210543931143E+001    -0.238571110250E-001    -0.240004609189E+001     0.522961255963E+000
     0.306243208897E-001     0.192717630254E+001    -0.264429739978E-001    -0.252721048777E+001     0.527344674505E+000
     0.324627783907E-001     0.173332571360E+001    -0.263940877415E-001    -0.266411173750E+001     0.532242771079E+000
     0.344115432366E-001     0.155929955848E+001    -0.242095963891E-001    -0.278684440258E+001     0.537673880402E+000
     0.364772338618E-001     0.141110112353E+001    -0.167348511090E-001    -0.288984022641E+001     0.543643496358E+000
     0.386668658063E-001     0.129746717744E+001    -0.835697911016E-002    -0.296926665793E+001     0.550145123235E+000
     0.409878755421E-001     0.120304999599E+001    -0.801436346177E-003    -0.303511728909E+001     0.557189660258E+000
     0.434481457293E-001     0.111989187079E+001     0.429006476389E-002    -0.309333074807E+001     0.564800096995E+000
     0.460560319869E-001     0.104612271575E+001     0.630726991974E-002    -0.314537971650E+001     0.573002906025E+000
     0.488203912708E-001     0.985876229584E+000     0.599658091690E-002    -0.318806386547E+001     0.581815875559E+000
     0.517506119535E-001     0.947618299819E+000     0.359432280317E-002    -0.321548483365E+001     0.591237961610E+000
     0.548566457095E-001     0.943030543253E+000     0.534130499493E-002    -0.321882053422E+001     0.601235740608E+000
     0.581490413132E-001     0.971192760060E+000     0.635201464484E-002    -0.319873470233E+001     0.611767261444E+000
     0.616389804647E-001     0.103609305255E+001     0.570413347181E-002    -0.315163294999E+001     0.622766286682E+000
     0.653383157655E-001     0.115907578156E+001     0.804979703916E-002    -0.306550884604E+001     0.634106670870E+000
     0.692596109728E-001     0.132044447469E+001     0.893802949739E-002    -0.295150455170E+001     0.645680444592E+000
     0.734161836681E-001     0.151472597255E+001     0.846133003506E-002    -0.281427065547E+001     0.657378218026E+000
     0.778221504872E-001     0.172202870289E+001     0.450977937291E-002    -0.266812579804E+001     0.669133908554E+000
     0.824924750635E-001     0.191551453907E+001    -0.153616912972E-002    -0.253195198599E+001     0.680958948317E+000
     0.874430188470E-001     0.206004550674E+001    -0.894917168574E-002    -0.243102779313E+001     0.692993939391E+000
     0.926905949743E-001     0.212879361663E+001    -0.160786642209E-001    -0.238330473087E+001     0.705500797006E+000
     0.982530253690E-001     0.212709651436E+001    -0.188021973856E-001    -0.238472706856E+001     0.718766087629E+000
     0.104149201269E+000     0.208437028802E+001    -0.155390614311E-001    -0.241443129109E+001     0.733002294049E+000
     0.110399147386E+000     0.202496981601E+001    -0.815951519471E-002    -0.245538085757E+001     0.748348376838E+000
     0.117024089912E+000     0.196580254209E+001     0.178070098096E-003    -0.249612197494E+001     0.764885041502E+000
     0.124046528610E+000     0.192538014093E+001     0.755114956110E-002    -0.252377953453E+001     0.782608207901E+000
     0.131490313229E+000     0.192830620047E+001     0.133915232510E-001    -0.252196266647E+001     0.801381419463E+000
     0.139380724499E+000     0.195433025332E+001     0.157466758390E-001    -0.250237415442E+001     0.821126571615E+000
     0.147744559993E+000     0.202056256724E+001     0.147500359874E-001    -0.245606686037E+001     0.841669081238E+000
     0.156610225139E+000     0.211419441385E+001     0.108598505625E-001    -0.239056748612E+001     0.862863270766E+000
     0.166007829686E+000     0.223579020262E+001     0.602969807757E-002    -0.230517895041E+001     0.884526505062E+000
     0.175969289968E+000     0.237465844189E+001     0.124673634923E-002    -0.220755433519E+001     0.906516973399E+000
     0.185969289968E+000     0.248498578743E+001    -0.435322936212E-002    -0.213028646576E+001     0.927819882536E+000
     0.195969289968E+000     0.253199965634E+001    -0.104245206456E-001    -0.209797525284E+001     0.948799894052E+000
     0.205969289968E+000     0.251605004479E+001    -0.148556652138E-001    -0.211041963652E+001     0.969904613271E+000
     0.215969289968E+000     0.246913095840E+001    -0.156227748229E-001    -0.214354719852E+001     0.991340654564E+000
     0.225969289968E+000     0.244273912066E+001    -0.127237988304E-001    -0.216181579414E+001     0.101295918694E+001
     0.235969289968E+000     0.244644496575E+001    -0.684319227800E-002    -0.215814383663E+001     0.103454073380E+001
     0.245969289968E+000     0.247653980437E+001     0.418548031260E-003    -0.213557544943E+001     0.105589648871E+001
     0.255969289968E+000     0.252110673797E+001     0.827536493196E-002    -0.210250275562E+001     0.107692167912E+001
     0.265969289968E+000     0.256410689453E+001     0.146587721080E-001    -0.207091521182E+001     0.109763135004E+001
     0.275969289968E+000     0.259275733404E+001     0.179359405131E-001    -0.205012649925E+001     0.111813339960E+001
     0.285969289968E+000     0.260149611114E+001     0.177865854638E-001    -0.204408074935E+001     0.113857498093E+001
     0.295969289968E+000     0.259049255298E+001     0.150583183033E-001    -0.205224883552E+001     0.115909802172E+001
     0.305969289968E+000     0.257837538969E+001     0.113059522916E-001    -0.206175356501E+001     0.117971586736E+001
     0.315969289968E+000     0.256730899475E+001     0.782857983790E-002    -0.207028122267E+001     0.120041882760E+001
     0.325969289968E+000     0.256782975022E+001     0.518934636129E-002    -0.207031506117E+001     0.122112204325E+001
     0.335969289968E+000     0.258484925016E+001     0.340105277817E-002    -0.205860699438E+001     0.124170814129E+001
     0.345969289968E+000     0.261468916552E+001     0.203678279022E-002    -0.203767129353E+001     0.126208486440E+001
     0.355969289968E+000     0.265218205539E+001     0.131855398750E-002    -0.201131670973E+001     0.128219803582E+001
     0.365969289968E+000     0.268410792860E+001     0.752486709255E-003    -0.198878592873E+001     0.130208589653E+001
     0.375969289968E+000     0.270283120165E+001    -0.831013327708E-004    -0.197577492095E+001     0.132184364576E+001
     0.385969289968E+000     0.270656816081E+001    -0.169051327190E-002    -0.197346063374E+001     0.134157825934E+001
     0.395969289968E+000     0.269906185681E+001    -0.334694344348E-002    -0.197897390582E+001     0.136136802670E+001
     0.405969289968E+000     0.269434667910E+001    -0.492107018400E-002    -0.198268930549E+001     0.138119498083E+001
     0.415969289968E+000     0.269565874055E+001    -0.544269074572E-002    -0.198164159507E+001     0.140101147152E+001
     0.425969289968E+000     0.270549266049E+001    -0.542883145413E-002    -0.197498305209E+001     0.142076137665E+001
     0.435969289968E+000     0.271952180727E+001    -0.437618495354E-002    -0.196477808987E+001     0.144040920629E+001
     0.445969289968E+000     0.273866906142E+001    -0.205301675492E-002    -0.195059129801E+001     0.145991513007E+001
     0.455969289968E+000     0.276166328743E+001     0.105063467867E-002    -0.193364434476E+001     0.147925157637E+001
     0.465969289968E+000     0.278690805012E+001     0.439571169779E-002    -0.191519612219E+001     0.149840358804E+001
     0.475969289968E+000     0.281149399367E+001     0.761732784048E-002    -0.189723404499E+001     0.151737608141E+001
     0.485969289968E+000     0.283161476449E+001     0.995383142259E-002    -0.188263495400E+001     0.153620269408E+001
     0.495969289968E+000     0.284300005754E+001     0.109754736576E-001    -0.187448590458E+001     0.155494787444E+001
     0.505969289968E+000     0.284056827744E+001     0.105538180439E-001    -0.187622834293E+001     0.157371045470E+001
     0.515969289968E+000     0.283520365919E+001     0.930649429255E-002    -0.188047977877E+001     0.159251548277E+001
     0.525969289968E+000     0.282589364341E+001     0.712198455378E-002    -0.188764709635E+001     0.161139208809E+001
     0.535969289968E+000     0.281520179107E+001     0.502892599980E-002    -0.189576545489E+001     0.163034980934E+001
     0.545969289968E+000     0.280584747014E+001     0.307424944558E-002    -0.190277672428E+001     0.164937760142E+001
     0.555969289968E+000     0.279994388736E+001     0.145021731023E-002    -0.190713620884E+001     0.166844896902E+001
     0.565969289968E+000     0.280319187396E+001     0.211769765293E-003    -0.190504014235E+001     0.168749937056E+001
     0.575969289968E+000     0.281152745639E+001    -0.738885959028E-003    -0.189894437986E+001     0.170648881580E+001
     0.585969289968E+000     0.282902512051E+001    -0.786360768764E-003    -0.188683522911E+001     0.172535716973E+001
     0.595969289968E+000     0.284991205900E+001    -0.334932744399E-003    -0.187205275209E+001     0.174407769755E+001
     0.605969289968E+000     0.287234324873E+001    -0.214887230144E-003    -0.185627462283E+001     0.176264044390E+001
     0.615969289968E+000     0.289386420751E+001     0.645072402543E-003    -0.184064812628E+001     0.178104692629E+001
     0.625969289968E+000     0.291407542236E+001     0.164494986240E-002    -0.182615016640E+001     0.179930843537E+001
     0.635969289968E+000     0.292988057785E+001     0.258535775803E-002    -0.181481973073E+001     0.181745665109E+001
     0.645969289968E+000     0.293981953308E+001     0.349866620205E-002    -0.180764711069E+001     0.183553315605E+001
     0.655969289968E+000     0.294005298675E+001     0.315979814430E-002    -0.180749166934E+001     0.185360810037E+001
     0.665969289968E+000     0.293949531501E+001     0.325954958408E-002    -0.180819543647E+001     0.187169008411E+001
     0.675969289968E+000     0.293084510465E+001     0.268422509464E-002    -0.181440570215E+001     0.188983416099E+001
     0.685969289968E+000     0.292065293654E+001     0.187843647928E-002    -0.182169119660E+001     0.190805108264E+001
     0.695969289968E+000     0.291077841258E+001     0.118463594226E-002    -0.182883717034E+001     0.192633945818E+001
     0.705969289968E+000     0.290226238104E+001     0.714257495168E-003    -0.183492336999E+001     0.194468869327E+001
     0.715969289968E+000     0.289586973962E+001     0.167893593020E-003    -0.183949627953E+001     0.196308365614E+001
     0.725969289968E+000     0.289381442631E+001     0.476555641772E-003    -0.184103407967E+001     0.198149399755E+001
     0.735969289968E+000     0.289363040114E+001     0.140896521962E-003    -0.184121985203E+001     0.199990619613E+001
     0.745969289968E+000     0.289485767549E+001     0.560903206196E-003    -0.184011214381E+001     0.201830731842E+001
     0.755969289968E+000     0.289876989317E+001     0.116064030294E-002    -0.183719055871E+001     0.203667922767E+001
