 #        time                      h  [L]            Darcian flow [L.T^{-1}]   in    x         z              directions   cumulative flux
 #-----------------------------------------------------------------------------------------------

     0.100000000000E-005    -0.280000000000E+003    -0.505778066013E-014     0.324726929327E-014     0.601048276505E-020
     0.205999994278E-005    -0.280000000000E+003    -0.505778066013E-014    -0.317210359170E-014     0.123389031555E-019
     0.318359982147E-005    -0.280000000000E+003    -0.202311226405E-013    -0.626904148183E-014     0.361369290723E-019
     0.437461562859E-005    -0.280000000000E+003    -0.202311226405E-013    -0.626904148183E-014     0.613628351823E-019
     0.563709231599E-005    -0.280000000000E+003    -0.101155613203E-013    -0.127635800684E-013     0.819235212492E-019
     0.697531753239E-005    -0.280000000000E+003    -0.151733419804E-013    -0.223550565450E-013     0.118079852012E-018
     0.839383618521E-005    -0.280000000000E+003    -0.101155613203E-013    -0.320216987233E-013     0.165715764927E-018
     0.989746587602E-005    -0.280000000000E+003    -0.151733419804E-013    -0.351938023150E-013     0.223342930006E-018
     0.114913132622E-004    -0.280000000000E+003    -0.151733419804E-013    -0.351938023150E-013     0.284427721692E-018
     0.131807914004E-004    -0.280000000000E+003    -0.101155613203E-013    -0.448604444932E-013     0.362121383466E-018
     0.149716381303E-004    -0.280000000000E+003    -0.151733419804E-013    -0.351938023150E-013     0.430756247995E-018
     0.168699355614E-004    -0.280000000000E+003    -0.151733419804E-013    -0.351938023150E-013     0.503509200468E-018
     0.188821307298E-004    -0.280000000000E+003    -0.151733419804E-013    -0.287744294300E-013     0.568965822569E-018
     0.210150574931E-004    -0.280000000000E+003    -0.101155613203E-013    -0.384410716083E-013     0.653749072969E-018
     0.232759597402E-004    -0.280000000000E+003    -0.151733419804E-013    -0.287744294300E-013     0.727296125621E-018
     0.256725159928E-004    -0.280000000000E+003    -0.101155613203E-013    -0.256023258383E-013     0.793269087022E-018
     0.282128654833E-004    -0.280000000000E+003    -0.151733419804E-013    -0.159356836601E-013     0.849166954794E-018
     0.309056357980E-004    -0.280000000000E+003    -0.101155613203E-013    -0.634420718340E-014     0.881319753823E-018
     0.337599721774E-004    -0.280000000000E+003    -0.151733419804E-013    -0.309693789013E-014     0.925522480241E-018
     0.367855685763E-004    -0.280000000000E+003    -0.252889033006E-013    -0.302177218855E-014     0.100258078766E-017
     0.399927005860E-004    -0.280000000000E+003    -0.202311226405E-013     0.656970428812E-014     0.107079998640E-017
     0.433922603327E-004    -0.280000000000E+003    -0.151733419804E-013     0.974180787982E-014     0.113209897220E-017
     0.469957934698E-004    -0.280000000000E+003    -0.101155613203E-013     0.193332843565E-013     0.121072707971E-017
     0.508155383889E-004    -0.280000000000E+003    -0.151733419804E-013     0.289999265347E-013     0.133574576390E-017
     0.548644677845E-004    -0.280000000000E+003    -0.202311226405E-013     0.258278229430E-013     0.146858365024E-017
     0.591563327122E-004    -0.280000000000E+003    -0.252889033006E-013     0.419138380062E-013     0.167867902843E-017
     0.637057092900E-004    -0.280000000000E+003    -0.303466839608E-013     0.323223615296E-013     0.188037892555E-017
     0.685280482021E-004    -0.280000000000E+003    -0.202311226405E-013     0.386665687130E-013     0.209082315792E-017
     0.736397271730E-004    -0.280000000000E+003    -0.303466839608E-013     0.323223615296E-013     0.231745313786E-017
     0.790581065897E-004    -0.280000000000E+003    -0.252889033006E-013     0.226557193513E-013     0.250142369660E-017
     0.848015884613E-004    -0.280000000000E+003    -0.252889033006E-013     0.226557193513E-013     0.269643247833E-017
     0.908896789166E-004    -0.280000000000E+003    -0.303466839608E-013     0.259029886446E-013     0.293933783079E-017
     0.973430544509E-004    -0.280000000000E+003    -0.252889033006E-013     0.226557193513E-013     0.315844967429E-017
     0.104183632148E-003    -0.280000000000E+003    -0.252889033006E-013     0.226557193513E-013     0.339070821586E-017
     0.111434644115E-003    -0.280000000000E+003    -0.354044646209E-013     0.291502579379E-013     0.372324547896E-017
     0.119120716386E-003    -0.280000000000E+003    -0.354044646209E-013     0.355696308228E-013     0.410898177689E-017
     0.127267952553E-003    -0.280000000000E+003    -0.303466839608E-013     0.387417344145E-013     0.450992540649E-017
     0.135904022424E-003    -0.280000000000E+003    -0.202311226405E-013     0.515053144829E-013     0.498781275170E-017
     0.145058255993E-003    -0.280000000000E+003    -0.202311226405E-013     0.515053144829E-013     0.549437331028E-017
     0.154761743052E-003    -0.280000000000E+003    -0.202311226405E-013     0.322471958280E-013     0.586376659088E-017
     0.165047438780E-003    -0.280000000000E+003    -0.252889033006E-013     0.354944651213E-013     0.631203718739E-017
     0.175950275662E-003    -0.280000000000E+003    -0.303466839608E-013     0.451611072995E-013     0.690526041593E-017
     0.187507282134E-003    -0.280000000000E+003    -0.252889033006E-013     0.226557193513E-013     0.729765614432E-017
     0.199757708333E-003    -0.280000000000E+003    -0.303466839608E-013     0.130642428747E-013     0.770240171084E-017
     0.212743159403E-003    -0.280000000000E+003    -0.252889033006E-013     0.339760069642E-014     0.803374002353E-017
     0.226507736794E-003    -0.280000000000E+003    -0.354044646209E-013    -0.294660648698E-014     0.852275239696E-017
     0.241098188040E-003    -0.280000000000E+003    -0.455200259411E-013     0.354793209956E-014     0.918892443749E-017
     0.256564065527E-003    -0.280000000000E+003    -0.404622452810E-013     0.300662806292E-015     0.981472584203E-017
     0.272957894778E-003    -0.280000000000E+003    -0.354044646209E-013    -0.294660648698E-014     0.103971473087E-016
     0.290335352846E-003    -0.280000000000E+003    -0.303466839608E-013     0.664486998969E-014     0.109369895947E-016
     0.308755457403E-003    -0.280000000000E+003    -0.151733419804E-013     0.161611807648E-013     0.113453239160E-016
     0.328280767180E-003    -0.280000000000E+003    -0.505778066013E-014     0.324726929327E-014     0.114626804539E-016
     0.348977594427E-003    -0.280000000000E+003    -0.505778066013E-014     0.966664217824E-014     0.116884800089E-016
     0.370916230124E-003    -0.280000000000E+003    -0.101155613203E-013     0.193332843565E-013     0.121671750398E-016
     0.394171182707E-003    -0.280000000000E+003    -0.151733419804E-013     0.225805536498E-013     0.127998258902E-016
     0.418821431115E-003    -0.280000000000E+003    -0.202311226405E-013     0.194084500581E-013     0.134909066091E-016
     0.444950693017E-003    -0.280000000000E+003    -0.151733419804E-013     0.354192994197E-013     0.144977335875E-016
     0.472647709137E-003    -0.280000000000E+003    -0.202311226405E-013     0.386665687130E-013     0.157064162211E-016
     0.502006544641E-003    -0.280000000000E+003    -0.252889033006E-013     0.290750922363E-013     0.168377373835E-016
     0.533126908594E-003    -0.280000000000E+003    -0.354044646209E-013     0.227308850529E-013     0.181470762618E-016
     0.566114492604E-003    -0.280000000000E+003    -0.404622452810E-013     0.388169001161E-013     0.199967195510E-016
     0.601081329767E-003    -0.280000000000E+003    -0.354044646209E-013     0.484083765928E-013     0.220938108374E-016
     0.638146175159E-003    -0.280000000000E+003    -0.303466839608E-013     0.515804801845E-013     0.243119698687E-016
     0.677434909153E-003    -0.280000000000E+003    -0.202311226405E-013     0.579246873679E-013     0.267225723113E-016
     0.719080964939E-003    -0.280000000000E+003    -0.202311226405E-013     0.579246873679E-013     0.292778107624E-016
     0.763225781689E-003    -0.280000000000E+003    -0.101155613203E-013     0.514301487813E-013     0.315916834656E-016
     0.810019284919E-003    -0.280000000000E+003    -0.101155613203E-013     0.450107758964E-013     0.337504288616E-016
     0.859620395664E-003    -0.280000000000E+003    -0.101155613203E-013     0.385914030114E-013     0.357292713553E-016
     0.912197570216E-003    -0.280000000000E+003    -0.101155613203E-013     0.385914030114E-013     0.378268442854E-016
     0.967929372233E-003    -0.280000000000E+003    -0.101155613203E-013     0.385914030114E-013     0.400502714713E-016
     0.102700507918E-002    -0.280000000000E+003    -0.151733419804E-013     0.289999265347E-013     0.419837951245E-016
     0.108962532517E-002    -0.280000000000E+003    -0.151733419804E-013     0.289999265347E-013     0.440333300863E-016
     0.115600278233E-002    -0.280000000000E+003    -0.202311226405E-013     0.322471958280E-013     0.465601935230E-016
     0.122636288312E-002    -0.280000000000E+003    -0.151733419804E-013     0.354192994197E-013     0.492713473224E-016
     0.130094458593E-002    -0.280000000000E+003    -0.101155613203E-013     0.385914030114E-013     0.522467936494E-016
     0.138000118665E-002    -0.280000000000E+003    -0.101155613203E-013     0.385914030114E-013     0.554007665857E-016
     0.146380117888E-002    -0.280000000000E+003    -0.505778066013E-014     0.353441337181E-013     0.583927771370E-016
     0.155262916586E-002    -0.280000000000E+003    -0.101155613203E-013     0.321720301264E-013     0.613884858242E-016
     0.164678682697E-002    -0.280000000000E+003    -0.101155613203E-013     0.193332843565E-013     0.634429802381E-016
     0.174659394236E-002    -0.280000000000E+003    -0.202311226405E-013     0.258278229430E-013     0.667174671343E-016
     0.185238947896E-002    -0.280000000000E+003    -0.202311226405E-013     0.386665687130E-013     0.713343264828E-016
     0.196453274170E-002    -0.280000000000E+003    -0.101155613203E-013     0.321720301264E-013     0.751163388626E-016
     0.208340459379E-002    -0.280000000000E+003    -0.505778066013E-014     0.353441337181E-013     0.793605616390E-016
     0.220940875020E-002    -0.280000000000E+003     0.471687867367E-029     0.385162373098E-013     0.842137676295E-016
     0.234297314879E-002    -0.280000000000E+003     0.471687867367E-029     0.385162373098E-013     0.893581657016E-016
     0.248455140365E-002    -0.280000000000E+003     0.101155613203E-013     0.320216987233E-013     0.941125687585E-016
     0.263462434571E-002    -0.280000000000E+003     0.252889033006E-013     0.286992637284E-013     0.998530821682E-016
     0.279370165569E-002    -0.280000000000E+003     0.303466839608E-013     0.254519944352E-013     0.106153678872E-015
     0.296232359518E-002    -0.280000000000E+003     0.252889033006E-013     0.286992637284E-013     0.112603719042E-015
     0.314106284138E-002    -0.280000000000E+003     0.101155613203E-013     0.127635800684E-013     0.115514665095E-015
     0.333052643213E-002    -0.280000000000E+003     0.101155613203E-013     0.127635800684E-013     0.118600267743E-015
     0.353135782749E-002    -0.280000000000E+003     0.252889033006E-013     0.286992637284E-013     0.126282367543E-015
     0.374423909507E-002    -0.280000000000E+003     0.151733419804E-013     0.159356836601E-013     0.130966608428E-015
     0.396989322653E-002    -0.280000000000E+003     0.157229289122E-029     0.128387457699E-013     0.133863724454E-015
     0.420908659296E-002    -0.280000000000E+003     0.235843933683E-029     0.192581186549E-013     0.138470138686E-015
     0.446263154769E-002    -0.280000000000E+003    -0.505778066013E-014     0.353441337181E-013     0.147522755036E-015
     0.473138918520E-002    -0.280000000000E+003     0.505778066013E-014     0.224302222466E-013     0.153702404395E-015
     0.501627226558E-002    -0.280000000000E+003     0.252889033006E-013     0.222798908435E-013     0.163303945462E-015
     0.531824831448E-002    -0.280000000000E+003     0.202311226405E-013     0.319465330217E-013     0.174722790709E-015
     0.563834290904E-002    -0.280000000000E+003     0.303466839608E-013     0.318713673201E-013     0.188809518057E-015
     0.597764316095E-002    -0.280000000000E+003     0.303466839608E-013     0.254519944352E-013     0.202248229391E-015
     0.633730140856E-002    -0.280000000000E+003     0.455200259411E-013     0.285489323253E-013     0.221573341085E-015
     0.671853913045E-002    -0.280000000000E+003     0.303466839608E-013     0.190326215502E-013     0.235229752612E-015
     0.712265109384E-002    -0.280000000000E+003     0.303466839608E-013     0.254519944352E-013     0.251235470238E-015
     0.755100975191E-002    -0.280000000000E+003     0.354044646209E-013     0.286240980269E-013     0.270737859992E-015
     0.800506990496E-002    -0.280000000000E+003     0.202311226405E-013     0.191077872518E-013     0.283373513424E-015
     0.848637364120E-002    -0.280000000000E+003     0.202311226405E-013     0.626904148183E-014     0.293567603871E-015
     0.899655557408E-002    -0.280000000000E+003     0.354044646209E-013     0.294660648698E-014     0.311692771887E-015
     0.953734839373E-002    -0.280000000000E+003     0.303466839608E-013     0.126132486652E-013     0.329465163097E-015
     0.101105887516E-001    -0.280000000000E+003     0.505778066013E-014     0.160108493616E-013     0.339090284245E-015
     0.107182234982E-001    -0.280000000000E+003     0.314458578245E-029     0.256774915399E-013     0.354692820309E-015
     0.113623162948E-001    -0.280000000000E+003     0.151733419804E-013     0.223550565450E-013     0.372094997394E-015
     0.120450546223E-001    -0.280000000000E+003     0.505778066013E-014    -0.160860150632E-013     0.383607614129E-015
     0.127687572104E-001    -0.280000000000E+003     0.505778066013E-014     0.317210359170E-014     0.387928269283E-015
     0.135358819124E-001    -0.280000000000E+003     0.303466839608E-013    -0.130642428747E-013     0.413273536220E-015
     0.143490340526E-001    -0.280000000000E+003     0.252889033006E-013    -0.290750922363E-013     0.444607756694E-015
     0.152109752747E-001    -0.280000000000E+003     0.505778066013E-013    -0.132145742778E-013     0.489666260631E-015
     0.161246329208E-001    -0.280000000000E+003     0.404622452810E-013    -0.672003569126E-014     0.527141287228E-015
     0.170931099734E-001    -0.280000000000E+003     0.151733419804E-013    -0.225805536498E-013     0.553488699837E-015
     0.181196955938E-001    -0.280000000000E+003     0.151733419804E-013    -0.354192994197E-013     0.593045657168E-015
     0.192078762926E-001    -0.280000000000E+003     0.303466839608E-013    -0.130642428747E-013     0.628998391080E-015
     0.203613477710E-001    -0.280000000000E+003    -0.202311226405E-013    -0.126884143668E-013     0.656544250771E-015
     0.215840274722E-001    -0.280000000000E+003     0.960978325424E-013    -0.296012521473E-013     0.779489102907E-015
     0.228800678855E-001    -0.280000000003E+003    -0.317345389731E-009     0.136683476004E-009     0.448599373061E-012
     0.242538706494E-001    -0.280000000001E+003    -0.134992165817E-009     0.525378118075E-010     0.647602214857E-012
     0.257101015006E-001    -0.280000000001E+003    -0.774750841514E-010     0.279093838524E-010     0.767521055954E-012
     0.272537061195E-001    -0.279999999175E+003     0.886556427044E-007    -0.371718842451E-007     0.149159010585E-009
     0.288899269272E-001    -0.279999999664E+003     0.358388825566E-007    -0.134078138834E-007     0.211768673766E-009
     0.306243208897E-001    -0.279999999824E+003     0.175611910639E-007    -0.588682064915E-008     0.243892444759E-009
     0.324627783907E-001    -0.279999989561E+003     0.113050879484E-005    -0.459320319504E-006     0.248728168228E-008
     0.344115432366E-001    -0.279999976502E+003     0.255122309006E-005    -0.100910053993E-005     0.783380004469E-008
     0.364772338618E-001    -0.279999991408E+003     0.906355378780E-006    -0.310879229788E-006     0.981312187262E-008
     0.386668658063E-001    -0.279999995436E+003     0.430307128115E-006    -0.132295836614E-006     0.107988610345E-007
     0.409878755421E-001    -0.279999997122E+003     0.226980475920E-006    -0.644185794724E-007     0.113464909231E-007
     0.434481457293E-001    -0.279999998212E+003     0.110862800795E-006    -0.295271478684E-007     0.116287517190E-007
     0.460560319869E-001    -0.279999998663E+003     0.649463855702E-007    -0.176773240829E-007     0.118042863091E-007
     0.488203912708E-001    -0.279999998953E+003     0.391547233287E-007    -0.109039325892E-007     0.119166427427E-007
     0.517506119535E-001    -0.279999999137E+003     0.256072857137E-007    -0.730700551758E-008     0.119946727871E-007
     0.548566457095E-001    -0.279999999228E+003     0.221687787805E-007    -0.676399255705E-008     0.120666635439E-007
     0.581490413132E-001    -0.279999999356E+003     0.139665960497E-007    -0.403856189313E-008     0.121145309212E-007
     0.616389804647E-001    -0.279999982155E+003     0.196326404052E-005    -0.701664648215E-006     0.193906472755E-007
     0.653383157655E-001    -0.279999994526E+003     0.551937338876E-006    -0.165072237001E-006     0.215218101321E-007
     0.692596109728E-001    -0.280000024001E+003    -0.282758294727E-005     0.100230580439E-005     0.332855926554E-007
     0.734161836681E-001    -0.280000006091E+003    -0.759923626827E-006     0.226392072121E-006     0.365814620186E-007
     0.778221504872E-001    -0.279999997595E+003     0.260719150152E-006    -0.108034559563E-006     0.378248969020E-007
     0.824924750635E-001    -0.279999999673E+003     0.342707480030E-007    -0.131160907248E-007     0.379962740155E-007
     0.874430188470E-001    -0.279999999655E+003     0.323306136880E-007    -0.104337506953E-007     0.381644564355E-007
     0.926905949743E-001    -0.279999999854E+003     0.548806124067E-008    -0.963683748397E-009     0.381936960797E-007
     0.982530253690E-001    -0.279999999873E+003     0.794956676070E-009     0.361213641403E-009     0.381985530448E-007
     0.104149201269E+000    -0.279999999869E+003    -0.733631085528E-010     0.498024070558E-009     0.382015211713E-007
     0.110399147386E+000    -0.279999999859E+003     0.399063952318E-009     0.280709973283E-009     0.382045705438E-007
     0.117024089912E+000    -0.279999999820E+003     0.467823974839E-008    -0.108817847840E-008     0.382363910052E-007
     0.124046528610E+000    -0.279999999849E+003     0.115411473912E-008    -0.473067603723E-011     0.382444957733E-007
     0.131490313229E+000    -0.279999999816E+003     0.522951761022E-008    -0.127808360728E-008     0.382845688900E-007
     0.139380724499E+000    -0.279999985453E+003     0.172345143464E-005    -0.503561518176E-006     0.524518875792E-007
     0.147744559993E+000    -0.279999997147E+003     0.298883470479E-006    -0.688534823068E-007     0.550171746553E-007
     0.156610225139E+000    -0.279999998982E+003     0.689902277497E-007    -0.488067911409E-008     0.556303475764E-007
     0.166007829686E+000    -0.279999998531E+003     0.125822648688E-006    -0.328727206318E-007     0.568524681888E-007
     0.175969289968E+000    -0.279999999436E+003     0.227412133033E-007    -0.532078346271E-008     0.570851218245E-007
     0.185969289968E+000    -0.279999999619E+003     0.658264591382E-008    -0.181012960749E-008     0.571533917274E-007
     0.195969289968E+000    -0.279999999688E+003    -0.383902243745E-008    -0.128302572507E-007     0.572873146882E-007
     0.205969289968E+000    -0.279999999781E+003     0.636525743428E-008     0.254711854002E-007     0.575498595011E-007
     0.215969289968E+000    -0.279999999777E+003     0.719287220092E-009     0.246522788414E-008     0.575755396932E-007
     0.225969289968E+000    -0.279999999857E+003     0.217754654123E-008     0.146252726434E-007     0.577234046007E-007
     0.235969289968E+000    -0.279999999935E+003    -0.320617773995E-009     0.143623751298E-007     0.578670641340E-007
     0.245969289968E+000    -0.280000000339E+003    -0.493418366065E-007     0.107383866113E-007     0.583720324287E-007
     0.255969289968E+000    -0.280000000089E+003    -0.122511181551E-007     0.519732943456E-009     0.584946538047E-007
     0.265969289968E+000    -0.280000000029E+003    -0.388931699776E-008    -0.749886392547E-008     0.585791285032E-007
     0.275969289968E+000    -0.280000000047E+003    -0.238349936631E-008    -0.152212958207E-008     0.586074091462E-007
     0.285969289968E+000    -0.279999999116E+003     0.130921007365E-006     0.282530281284E-008     0.599169240375E-007
     0.295969289968E+000    -0.279999965089E+003     0.425343282826E-005    -0.116476063209E-005     0.104017216729E-006
     0.305969289968E+000    -0.279999995432E+003     0.537721632526E-006    -0.413283919807E-007     0.109410291826E-006
     0.315969289968E+000    -0.279999993422E+003     0.736985449044E-006    -0.196146797736E-006     0.117036700669E-006
     0.325969289968E+000    -0.279999983649E+003     0.193875620361E-005    -0.531891669102E-006     0.137140641488E-006
     0.335969289968E+000    -0.279999997116E+003     0.293432740671E-006    -0.683098034494E-007     0.140153430936E-006
     0.345969289968E+000    -0.279999999052E+003     0.624307767488E-007    -0.166705228962E-007     0.140799612661E-006
     0.355969289968E+000    -0.279999996980E+003     0.330403909710E-006    -0.929983798187E-007     0.144232038075E-006
     0.365969289968E+000    -0.279999999339E+003     0.518685373288E-007    -0.132329438715E-007     0.144767337614E-006
     0.375969289968E+000    -0.279999999717E+003     0.121154685142E-007    -0.365405582646E-008     0.144893882745E-006
     0.385969289968E+000    -0.279999999839E+003     0.359172224707E-008    -0.159406877364E-008     0.144933178449E-006
     0.395969289968E+000    -0.279999999891E+003     0.155002769359E-008    -0.880611008966E-009     0.144951005568E-006
     0.405969289968E+000    -0.279999999919E+003     0.785756572750E-009    -0.496304487596E-009     0.144960299284E-006
     0.415969289968E+000    -0.279999999903E+003     0.624261636244E-009    -0.763579661137E-008     0.145036912006E-006
     0.425969289968E+000    -0.280000000729E+003    -0.988181744626E-007     0.227363708845E-007     0.146050912705E-006
     0.435969289968E+000    -0.280000000051E+003    -0.139091395831E-007     0.332781848113E-008     0.146193929676E-006
     0.445969289968E+000    -0.279999999967E+003    -0.381649001598E-008     0.161964469852E-008     0.146235389108E-006
     0.455969289968E+000    -0.279999999932E+003    -0.447745090964E-009     0.949054750874E-009     0.146245882823E-006
     0.465969289968E+000    -0.279999999928E+003     0.300978411697E-009     0.234532176574E-008     0.146269528377E-006
     0.475969289968E+000    -0.280000000582E+003    -0.805372412075E-007     0.214454095701E-007     0.147102964206E-006
     0.485969289968E+000    -0.280000000518E+003    -0.102975796761E-006    -0.354975533114E-007     0.148192188288E-006
     0.495969289968E+000    -0.279999999694E+003     0.169103963276E-007    -0.667670315987E-008     0.148373995843E-006
     0.505969289968E+000    -0.279999999482E+003     0.369895125410E-007    -0.178215882765E-008     0.148744320042E-006
     0.515969289968E+000    -0.279999999634E+003     0.891801038856E-008     0.287350401961E-008     0.148838015258E-006
     0.525969289968E+000    -0.279999999628E+003     0.491888896017E-008     0.229863412220E-008     0.148892309998E-006
     0.535969289968E+000    -0.279999999626E+003     0.353929329877E-008     0.155817512912E-008     0.148930981055E-006
     0.545969289968E+000    -0.280000005565E+003    -0.718230879183E-006     0.199143125718E-006     0.156384259396E-006
     0.555969289968E+000    -0.280000000144E+003    -0.472903502727E-007     0.773354440839E-008     0.156863444636E-006
     0.565969289968E+000    -0.279999999905E+003    -0.123839658402E-007     0.371914054091E-008     0.156992748393E-006
     0.575969289968E+000    -0.280000000117E+003    -0.392644818592E-007     0.112658923614E-007     0.157401235831E-006
     0.585969289968E+000    -0.279999999852E+003    -0.722267769805E-008     0.272800918547E-008     0.157478442765E-006
     0.595969289968E+000    -0.279999972855E+003     0.327343808664E-005    -0.898525843650E-006     0.191423612670E-006
     0.605969289968E+000    -0.279999995267E+003     0.497816723521E-006    -0.106137666458E-006     0.196513668607E-006
     0.615969289968E+000    -0.279999998860E+003     0.732873587678E-007     0.593588839137E-007     0.197456775921E-006
     0.625969289968E+000    -0.279999999183E+003     0.248675448155E-007    -0.215433996043E-008     0.197706382805E-006
     0.635969289968E+000    -0.279999999495E+003     0.698867949567E-008    -0.699773720624E-008     0.197805281727E-006
     0.645969289968E+000    -0.279999998931E+003     0.932738468042E-007    -0.309034454045E-007     0.198787882024E-006
     0.655969289968E+000    -0.279999999666E+003     0.130534642919E-007    -0.864785143854E-008     0.198944463717E-006
     0.665969289968E+000    -0.279999999814E+003     0.185963468034E-008    -0.284268195713E-008     0.198978432941E-006
     0.675969289968E+000    -0.279999999862E+003    -0.527880568086E-010    -0.137844731909E-008     0.198992227518E-006
     0.685969289968E+000    -0.279999999882E+003    -0.374746142808E-009    -0.756681751520E-009     0.199000671462E-006
     0.695969289968E+000    -0.279999999914E+003    -0.316616563765E-008     0.326434565872E-009     0.199032500952E-006
     0.705969289968E+000    -0.280000000098E+003    -0.248178367638E-007     0.644092408008E-008     0.199288901132E-006
     0.715969289968E+000    -0.280000002989E+003    -0.375546486723E-006     0.102694680499E-006     0.203182246238E-006
     0.725969289968E+000    -0.280000000400E+003    -0.546659548969E-007     0.113179301289E-007     0.203740499063E-006
     0.735969289968E+000    -0.280000000071E+003    -0.118995265345E-007     0.218034457866E-008     0.203861475356E-006
     0.745969289968E+000    -0.279999999991E+003    -0.341600988474E-008     0.621534456111E-009     0.203896196284E-006
     0.755969289968E+000    -0.280000000286E+003    -0.405219927506E-007     0.110061909866E-007     0.204316097241E-006
