 #        time                      h  [L]            Darcian flow [L.T^{-1}]   in    x         z              directions   cumulative flux
 #-----------------------------------------------------------------------------------------------

     0.100000000000E-005    -0.280000000000E+003     0.000000000000E+000     0.000000000000E+000     0.000000000000E+000
     0.205999994278E-005    -0.280000000000E+003     0.338999857865E-014     0.659106724949E-014     0.785647029250E-020
     0.318359982147E-005    -0.280000000000E+003     0.677999715730E-014     0.470816778721E-014     0.171311189848E-019
     0.437461562859E-005    -0.280000000000E+003     0.677999715730E-014     0.470816778721E-014     0.269622460679E-019
     0.563709231599E-005    -0.280000000000E+003     0.101699957359E-013     0.706225168081E-014     0.425937372862E-019
     0.697531753239E-005    -0.280000000000E+003     0.677999715730E-014     0.894515114309E-014     0.576143296962E-019
     0.839383618521E-005    -0.280000000000E+003     0.101699957359E-013     0.112992350367E-013     0.791786839269E-019
     0.989746587602E-005    -0.280000000000E+003     0.338999857865E-014     0.108280506054E-013     0.962393338267E-019
     0.114913132622E-004    -0.280000000000E+003     0.338999857865E-014     0.108280506054E-013     0.114323621744E-018
     0.131807914004E-004    -0.280000000000E+003    -0.338999857865E-014     0.103568661740E-013     0.132734807508E-018
     0.149716381303E-004    -0.280000000000E+003    -0.677999715730E-014     0.164767489922E-013     0.164642631756E-018
     0.168699355614E-004    -0.280000000000E+003    -0.677999715730E-014     0.164767489922E-013     0.198464923632E-018
     0.188821307298E-004    -0.280000000000E+003    -0.677999715730E-014     0.164767489922E-013     0.234316551086E-018
     0.210150574931E-004    -0.280000000000E+003    -0.677999715730E-014     0.122397656363E-013     0.264160779452E-018
     0.232759597402E-004    -0.280000000000E+003    -0.338999857865E-014     0.145938495299E-013     0.298034538233E-018
     0.256725159928E-004    -0.280000000000E+003     0.103776162096E-029     0.847396671176E-014     0.318342876140E-018
     0.282128654833E-004    -0.280000000000E+003     0.103776162096E-029     0.847396671176E-014     0.339869713159E-018
     0.309056357980E-004    -0.280000000000E+003     0.103776162096E-029     0.847396671176E-014     0.362688159168E-018
     0.337599721774E-004    -0.280000000000E+003     0.518880810482E-030     0.423698335588E-014     0.374781934900E-018
     0.367855685763E-004    -0.280000000000E+003     0.338999857865E-014     0.108280506054E-013     0.409111292198E-018
     0.399927005860E-004    -0.280000000000E+003     0.338999857865E-014     0.108280506054E-013     0.445500408969E-018
     0.433922603327E-004    -0.280000000000E+003     0.518880810482E-030     0.423698335588E-014     0.459904287033E-018
     0.469957934698E-004    -0.280000000000E+003    -0.338999857865E-014     0.611988281816E-014     0.485114872721E-018
     0.508155383889E-004    -0.280000000000E+003     0.338999857865E-014     0.235408389360E-014     0.500879733901E-018
     0.548644677845E-004    -0.280000000000E+003     0.000000000000E+000     0.000000000000E+000     0.500879733901E-018
     0.591563327122E-004    -0.280000000000E+003     0.000000000000E+000     0.000000000000E+000     0.500879733901E-018
     0.637057092900E-004    -0.280000000000E+003    -0.338999857865E-014     0.188289946228E-014     0.518521346229E-018
     0.685280482021E-004    -0.280000000000E+003    -0.677999715730E-014     0.376579892456E-014     0.555921562344E-018
     0.736397271730E-004    -0.280000000000E+003    -0.101699957359E-013     0.564869838683E-014     0.615387902759E-018
     0.790581065897E-004    -0.280000000000E+003    -0.101699957359E-013     0.564869838683E-014     0.678422220195E-018
     0.848015884613E-004    -0.280000000000E+003    -0.338999857865E-014     0.611988281816E-014     0.718604046299E-018
     0.908896789166E-004    -0.280000000000E+003    -0.338999857865E-014     0.611988281816E-014     0.761196779669E-018
     0.973430544509E-004    -0.280000000000E+003    -0.101699957359E-013     0.564869838683E-014     0.836271648127E-018
     0.104183632148E-003    -0.280000000000E+003    -0.169499928932E-013     0.517751395551E-014     0.957508013492E-018
     0.111434644115E-003    -0.280000000000E+003    -0.169499928932E-013     0.940530599624E-015     0.108060167977E-017
     0.119120716386E-003    -0.280000000000E+003    -0.135599943146E-013     0.753159784911E-014     0.119982215317E-017
     0.127267952553E-003    -0.280000000000E+003    -0.135599943146E-013     0.753159784911E-014     0.132619584816E-017
     0.135904022424E-003    -0.280000000000E+003    -0.101699957359E-013     0.988568174272E-014     0.144868062669E-017
     0.145058255993E-003    -0.280000000000E+003    -0.101699957359E-013     0.988568174272E-014     0.157851448493E-017
     0.154761743052E-003    -0.280000000000E+003    -0.135599943146E-013     0.329461449323E-014     0.171392174650E-017
     0.165047438780E-003    -0.280000000000E+003    -0.135599943146E-013     0.329461449323E-014     0.185745343601E-017
     0.175950275662E-003    -0.280000000000E+003    -0.101699957359E-013     0.141171503095E-014     0.196939841795E-017
     0.187507282134E-003    -0.280000000000E+003    -0.101699957359E-013     0.141171503095E-014     0.208806009241E-017
     0.199757708333E-003    -0.280000000000E+003    -0.101699957359E-013     0.564869838683E-014     0.223057452234E-017
     0.212743159403E-003    -0.280000000000E+003    -0.101699957359E-013     0.564869838683E-014     0.238163980992E-017
     0.226507736794E-003    -0.280000000000E+003    -0.135599943146E-013     0.329461449323E-014     0.257371753618E-017
     0.241098188040E-003    -0.280000000000E+003    -0.135599943146E-013     0.329461449323E-014     0.277731991503E-017
     0.256564065527E-003    -0.280000000000E+003    -0.135599943146E-013    -0.942368862653E-015     0.298754295454E-017
     0.272957894778E-003    -0.280000000000E+003    -0.101699957359E-013     0.564869838683E-014     0.317825935838E-017
     0.290335352846E-003    -0.280000000000E+003    -0.101699957359E-013     0.141171503095E-014     0.335668257525E-017
     0.308755457403E-003    -0.280000000000E+003    -0.135599943146E-013     0.329461449323E-014     0.361372583205E-017
     0.328280767180E-003    -0.280000000000E+003    -0.101699957359E-013     0.564869838683E-014     0.384087208370E-017
     0.348977594427E-003    -0.280000000000E+003    -0.101699957359E-013     0.141171503095E-014     0.405337695535E-017
     0.370916230124E-003    -0.280000000000E+003    -0.135599943146E-013     0.329461449323E-014     0.435951953730E-017
     0.394171182707E-003    -0.280000000000E+003    -0.135599943146E-013    -0.942368862653E-015     0.467561714120E-017
     0.418821431115E-003    -0.280000000000E+003    -0.101699957359E-013    -0.282526832493E-014     0.493580393377E-017
     0.444950693017E-003    -0.280000000000E+003    -0.101699957359E-013    -0.282526832493E-014     0.521160191901E-017
     0.472647709137E-003    -0.280000000000E+003    -0.101699957359E-013    -0.282526832493E-014     0.550394776757E-017
     0.502006544641E-003    -0.280000000000E+003    -0.101699957359E-013    -0.282526832493E-014     0.581383435033E-017
     0.533126908594E-003    -0.280000000000E+003    -0.677999715730E-014    -0.471184431327E-015     0.602533924252E-017
     0.566114492604E-003    -0.280000000000E+003    -0.101699957359E-013    -0.282526832493E-014     0.637352776931E-017
     0.601081329767E-003    -0.280000000000E+003    -0.169499928932E-013    -0.329645275626E-014     0.697731996243E-017
     0.638146175159E-003    -0.280000000000E+003    -0.135599943146E-013    -0.942368862653E-015     0.748113130219E-017
     0.677434909153E-003    -0.280000000000E+003    -0.101699957359E-013    -0.282526832493E-014     0.789582934146E-017
     0.719080964939E-003    -0.280000000000E+003    -0.135599943146E-013    -0.517935221854E-014     0.850034179628E-017
     0.763225781689E-003    -0.280000000000E+003    -0.135599943146E-013    -0.517935221854E-014     0.914112496379E-017
     0.810019284919E-003    -0.280000000000E+003    -0.101699957359E-013    -0.706225168081E-014     0.972050376904E-017
     0.859620395664E-003    -0.280000000000E+003    -0.101699957359E-013    -0.706225168081E-014     0.103346452695E-016
     0.912197570216E-003    -0.280000000000E+003    -0.677999715730E-014    -0.131821344990E-013     0.111140245756E-016
     0.967929372233E-003    -0.280000000000E+003    -0.677999715730E-014    -0.894515114309E-014     0.117395730050E-016
     0.102700507918E-002    -0.280000000000E+003    -0.677999715730E-014    -0.131821344990E-013     0.126152834988E-016
     0.108962532517E-002    -0.280000000000E+003    -0.677999715730E-014    -0.131821344990E-013     0.135435365721E-016
     0.115600278233E-002    -0.280000000000E+003    -0.101699957359E-013    -0.155362183926E-013     0.147760908774E-016
     0.122636288312E-002    -0.280000000000E+003    -0.135599943146E-013    -0.178903022862E-013     0.163555714954E-016
     0.130094458593E-002    -0.280000000000E+003    -0.135599943146E-013    -0.136533189303E-013     0.177907346346E-016
     0.138000118665E-002    -0.280000000000E+003    -0.169499928932E-013    -0.202443861798E-013     0.198780945410E-016
     0.146380117888E-002    -0.280000000000E+003    -0.237299900505E-013    -0.207155706111E-013     0.225177906964E-016
     0.155262916586E-002    -0.280000000000E+003    -0.237299900505E-013    -0.164785872552E-013     0.250840683910E-016
     0.164678682697E-002    -0.280000000000E+003    -0.237299900505E-013    -0.164785872552E-013     0.278043226003E-016
     0.174659394236E-002    -0.280000000000E+003    -0.237299900505E-013    -0.164785872552E-013     0.306877919066E-016
     0.185238947896E-002    -0.280000000000E+003    -0.203399914719E-013    -0.141245033616E-013     0.333076295920E-016
     0.196453274170E-002    -0.280000000000E+003    -0.203399914719E-013    -0.141245033616E-013     0.360846573887E-016
     0.208340459379E-002    -0.280000000000E+003    -0.203399914719E-013    -0.141245033616E-013     0.390283066942E-016
     0.220940875020E-002    -0.280000000000E+003    -0.169499928932E-013    -0.160074028239E-013     0.419659584312E-016
     0.234297314879E-002    -0.280000000000E+003    -0.237299900505E-013    -0.164785872552E-013     0.458246897676E-016
     0.248455140365E-002    -0.280000000000E+003    -0.203399914719E-013    -0.183614867175E-013     0.497041908695E-016
     0.263462434571E-002    -0.280000000000E+003    -0.203399914719E-013    -0.183614867175E-013     0.538164618155E-016
     0.279370165569E-002    -0.280000000000E+003    -0.135599943146E-013    -0.221272856421E-013     0.579447868560E-016
     0.296232359518E-002    -0.280000000000E+003    -0.169499928932E-013    -0.202443861798E-013     0.623969726651E-016
     0.314106284138E-002    -0.280000000000E+003    -0.135599943146E-013    -0.221272856421E-013     0.670355581798E-016
     0.333052643213E-002    -0.280000000000E+003    -0.101699957359E-013    -0.197732017485E-013     0.712483369136E-016
     0.353135782749E-002    -0.280000000000E+003    -0.135599943146E-013    -0.136533189303E-013     0.751129016116E-016
     0.374423909507E-002    -0.280000000000E+003    -0.135599943146E-013    -0.941633557442E-014     0.786273180999E-016
     0.396989322653E-002    -0.280000000000E+003    -0.135599943146E-013    -0.941633557442E-014     0.823525993765E-016
     0.420908659296E-002    -0.280000000000E+003    -0.135599943146E-013    -0.941633557442E-014     0.863013973165E-016
     0.446263154769E-002    -0.280000000000E+003    -0.135599943146E-013    -0.941633557442E-014     0.904871229070E-016
     0.473138918520E-002    -0.280000000000E+003    -0.203399914719E-013     0.282343006190E-014     0.960060661327E-016
     0.501627226558E-002    -0.280000000000E+003    -0.203399914719E-013     0.282343006190E-014     0.101856145636E-015
     0.531824831448E-002    -0.280000000000E+003    -0.203399914719E-013     0.706041341778E-014     0.108357856809E-015
     0.563834290904E-002    -0.280000000000E+003    -0.203399914719E-013    -0.141355329398E-014     0.114884281707E-015
     0.597764316095E-002    -0.280000000000E+003    -0.203399914719E-013    -0.565053664986E-014     0.122047004192E-015
     0.633730140856E-002    -0.280000000000E+003    -0.203399914719E-013    -0.565053664986E-014     0.129639489616E-015
     0.671853913045E-002    -0.280000000000E+003    -0.237299900505E-013    -0.376763718758E-014     0.138799573952E-015
     0.712265109384E-002    -0.280000000000E+003    -0.271199886292E-013    -0.188473772531E-014     0.149785519667E-015
     0.755100975191E-002    -0.280000000000E+003    -0.203399914719E-013    -0.988752000574E-014     0.159473230296E-015
     0.800506990496E-002    -0.280000000000E+003    -0.169499928932E-013    -0.329645275626E-014     0.167313744276E-015
     0.848637364120E-002    -0.280000000000E+003    -0.271199886292E-013     0.235224563058E-014     0.180415702279E-015
     0.899655557408E-002    -0.280000000000E+003    -0.203399914719E-013    -0.565053664986E-014     0.191185784474E-015
     0.953734839373E-002    -0.280000000000E+003    -0.237299900505E-013     0.894331288006E-014     0.204899924371E-015
     0.101105887516E-001    -0.280000000000E+003    -0.237299900505E-013     0.469346168298E-015     0.218505572799E-015
     0.107182234982E-001    -0.280000000000E+003    -0.271199886292E-013     0.108262123423E-013     0.236249138505E-015
     0.113623162948E-001    -0.280000000000E+003    -0.237299900505E-013     0.469346168298E-015     0.251536443429E-015
     0.120450546223E-001    -0.280000000000E+003    -0.169499928932E-013    -0.753343611214E-014     0.264200363753E-015
     0.127687572104E-001    -0.280000000000E+003    -0.169499928932E-013     0.940530599624E-015     0.276485987507E-015
     0.135358819124E-001    -0.280000000000E+003    -0.101699957359E-013     0.141171503095E-014     0.284362447720E-015
     0.143490340526E-001    -0.280000000000E+003    -0.169499928932E-013     0.941449731139E-014     0.300128690166E-015
     0.152109752747E-001    -0.280000000000E+003    -0.101699957359E-013     0.988568174272E-014     0.312353542590E-015
     0.161246329208E-001    -0.280000000000E+003    -0.101699957359E-013     0.141171503095E-014     0.321734531208E-015
     0.170931099734E-001    -0.280000000000E+003     0.000000000000E+000     0.000000000000E+000     0.321734531208E-015
     0.181196955938E-001    -0.280000000000E+003     0.677999715730E-014     0.471184431327E-015     0.328711566608E-015
     0.192078762926E-001    -0.280000000000E+003    -0.338999857865E-014    -0.235408389360E-014     0.333202708822E-015
     0.203613477710E-001    -0.280000000000E+003    -0.677999715730E-014    -0.894515114309E-014     0.346149576601E-015
     0.215840274722E-001    -0.280000000000E+003     0.338999857865E-014     0.235408389360E-014     0.351195823448E-015
     0.228800678855E-001    -0.280000000000E+003     0.135599943146E-013    -0.753159784911E-014     0.371299010900E-015
     0.242538706494E-001    -0.280000000000E+003     0.169499928932E-013    -0.941449731139E-014     0.397935732834E-015
     0.257101015006E-001    -0.280000000000E+003     0.677999715730E-014     0.894515114309E-014     0.414280851580E-015
     0.272537061195E-001    -0.280000000000E+003     0.677999715730E-014     0.470816778721E-014     0.427022389588E-015
     0.288899269272E-001    -0.280000000000E+003     0.338999857865E-014     0.235408389360E-014     0.433775404367E-015
     0.306243208897E-001    -0.280000000000E+003     0.101699957359E-013    -0.988568174272E-014     0.458374193350E-015
     0.324627783907E-001    -0.280000000000E+003    -0.518880810482E-030    -0.423698335588E-014     0.466163707182E-015
     0.344115432366E-001    -0.280000002504E+003    -0.183542697671E-006     0.626015647684E-007     0.377914548998E-009
     0.364772338618E-001    -0.279999985941E+003     0.103458012035E-005    -0.351605177094E-006     0.263508423712E-008
     0.386668658063E-001    -0.279999993297E+003     0.492550492164E-006    -0.148871704326E-006     0.376177439525E-008
     0.409878755421E-001    -0.279999996796E+003     0.220254153474E-006    -0.604063149077E-007     0.429186382767E-008
     0.434481457293E-001    -0.279999998115E+003     0.112954190852E-006    -0.294203283067E-007     0.457903337794E-008
     0.460560319869E-001    -0.279999998099E+003     0.110220899393E-006    -0.313525145790E-007     0.487787969786E-008
     0.488203912708E-001    -0.280000022860E+003    -0.174776860841E-005     0.540706443531E-006     0.993526618095E-008
     0.517506119535E-001    -0.280000027170E+003    -0.206119299439E-005     0.604955657755E-006     0.162297784675E-007
     0.548566457095E-001    -0.280000008943E+003    -0.646911853689E-006     0.160310042232E-006     0.182998847360E-007
     0.581490413132E-001    -0.280000004118E+003    -0.245684569311E-006     0.518667796930E-007     0.191266043571E-007
     0.616389804647E-001    -0.280000002854E+003    -0.135599707507E-006     0.277433041602E-007     0.196096423405E-007
     0.653383157655E-001    -0.280000002043E+003    -0.715916504297E-007     0.122112973408E-007     0.198783088479E-007
     0.692596109728E-001    -0.280000018547E+003    -0.133044564754E-005     0.393572715731E-006     0.253188640992E-007
     0.734161836681E-001    -0.280000006450E+003    -0.398035173263E-006     0.983829532962E-007     0.270231156996E-007
     0.778221504872E-001    -0.280000005542E+003    -0.319368147840E-006     0.815347738814E-007     0.284753743169E-007
     0.824924750635E-001    -0.280000003444E+003    -0.159885368444E-006     0.400284323624E-007     0.292451368458E-007
     0.874430188470E-001    -0.280000002088E+003    -0.626646621517E-007     0.163765892494E-007     0.295657797319E-007
     0.926905949743E-001    -0.280000001540E+003    -0.311033384451E-007     0.950091740250E-008     0.297364417746E-007
     0.982530253690E-001    -0.280000001208E+003    -0.166716129000E-007     0.599117179145E-008     0.298349826768E-007
     0.104149201269E+000    -0.280000001260E+003    -0.310518071159E-007     0.936165935106E-008     0.300262093413E-007
     0.110399147386E+000    -0.280000000906E+003    -0.113833338112E-007     0.379691618702E-008     0.301012078773E-007
     0.117024089912E+000    -0.280000000475E+003     0.334299576666E-006     0.501798376884E-006     0.340957670516E-007
     0.124046528610E+000    -0.280000000661E+003     0.840295590102E-007     0.931861112086E-007     0.349769255260E-007
     0.131490313229E+000    -0.280000000559E+003     0.245443862978E-007     0.195801923601E-007     0.352106426812E-007
     0.139380724499E+000    -0.280000000513E+003     0.516839860116E-008     0.579937352823E-008     0.352719370483E-007
     0.147744559993E+000    -0.280000000445E+003     0.112556427584E-008     0.204569750002E-008     0.352914657950E-007
     0.156610225139E+000    -0.280000000217E+003     0.149102510740E-007    -0.243660285371E-008     0.354254085447E-007
     0.166007829686E+000    -0.280000009747E+003    -0.763114865073E-006     0.165040121172E-006     0.427626603722E-007
     0.175969289968E+000    -0.280000007092E+003    -0.526678139160E-006     0.125559036802E-006     0.481561719051E-007
     0.185969289968E+000    -0.280000001702E+003    -0.884220238144E-007     0.203566402860E-007     0.490635222839E-007
     0.195969289968E+000    -0.279999995762E+003     0.377035754145E-006    -0.941390407650E-007     0.529496272606E-007
     0.205969289968E+000    -0.279999999824E+003     0.380922512888E-007    -0.684926619043E-008     0.533366585327E-007
     0.215969289968E+000    -0.280000000172E+003     0.799090125345E-008    -0.298859165844E-008     0.534219733514E-007
     0.225969289968E+000    -0.280000007665E+003    -0.600817719456E-006     0.124575200699E-006     0.595579403709E-007
     0.235969289968E+000    -0.280000027445E+003    -0.220077267113E-005     0.458569340217E-006     0.820383455936E-007
     0.245969289968E+000    -0.280000003852E+003    -0.424100496826E-006    -0.262698739749E-006     0.870270514306E-007
     0.255969289968E+000    -0.279999991210E+003     0.610245058500E-006    -0.464430698852E-006     0.946957860424E-007
     0.265969289968E+000    -0.279999998908E+003     0.791699237969E-006     0.916630581887E-006     0.106807760725E-006
     0.275969289968E+000    -0.280000000312E+003     0.180080412566E-006     0.124244191164E-006     0.108995580965E-006
     0.285969289968E+000    -0.280000000708E+003     0.697307348728E-007     0.645980467105E-007     0.109946122022E-006
     0.295969289968E+000    -0.280000008080E+003    -0.573538160077E-006     0.157063963647E-006     0.115892676569E-006
     0.305969289968E+000    -0.280000001489E+003    -0.565022076840E-007     0.158995914463E-007     0.116479643049E-006
     0.315969289968E+000    -0.280000001055E+003    -0.360164363093E-007     0.145448804694E-007     0.116868067717E-006
     0.325969289968E+000    -0.280000000403E+003     0.116233826866E-006     0.174531407855E-006     0.118965006315E-006
     0.335969289968E+000    -0.279999999763E+003     0.672504698246E-007     0.175725056987E-007     0.119660090385E-006
     0.345969289968E+000    -0.280000000091E+003     0.108211839485E-007     0.273758991474E-009     0.119768336848E-006
     0.355969289968E+000    -0.280000000111E+003    -0.900168357133E-008    -0.164524427205E-007     0.119955877024E-006
     0.365969289968E+000    -0.279999999714E+003     0.530357559280E-006     0.729707229038E-006     0.128976696171E-006
     0.375969289968E+000    -0.280000000133E+003     0.108877252115E-006     0.104026811406E-006     0.130482545882E-006
     0.385969289968E+000    -0.280000000164E+003     0.190827460750E-007     0.140749043270E-007     0.130719664867E-006
     0.395969289968E+000    -0.280000000093E+003     0.623542778304E-008     0.416107074845E-008     0.130794628238E-006
     0.405969289968E+000    -0.279999997505E+003     0.207686173607E-006    -0.505151139104E-007     0.132932040772E-006
     0.415969289968E+000    -0.279999999989E+003     0.706870638659E-008     0.943586867002E-009     0.133003354843E-006
     0.425969289968E+000    -0.280000000014E+003     0.746300390046E-008    -0.308025341059E-008     0.133084091692E-006
     0.435969289968E+000    -0.280000001846E+003    -0.144064436189E-006     0.177540547816E-007     0.134535634603E-006
     0.445969289968E+000    -0.280000000402E+003    -0.154128692001E-007    -0.172519773462E-008     0.134690725817E-006
     0.455969289968E+000    -0.280000003860E+003    -0.276349997877E-006     0.848873193317E-007     0.137581663006E-006
     0.465969289968E+000    -0.280000000984E+003    -0.500984056045E-007     0.753320208582E-008     0.138088279170E-006
     0.475969289968E+000    -0.280000001044E+003    -0.763721182428E-007    -0.235002422644E-007     0.138887338731E-006
     0.485969289968E+000    -0.280000000512E+003    -0.195121910643E-007    -0.803341044781E-008     0.139098350884E-006
     0.495969289968E+000    -0.280000000394E+003    -0.497567379505E-008    -0.259837146825E-009     0.139148175421E-006
     0.505969289968E+000    -0.280000000276E+003     0.371119754939E-008    -0.125977097552E-008     0.139187367270E-006
     0.515969289968E+000    -0.280000005900E+003    -0.387467148881E-006     0.203146395281E-006     0.143562287262E-006
     0.525969289968E+000    -0.280000000971E+003    -0.388759611315E-007     0.262086652483E-007     0.144031140596E-006
     0.535969289968E+000    -0.280000000352E+003    -0.800575622079E-008     0.966917187111E-008     0.144156673467E-006
     0.545969289968E+000    -0.280000000081E+003    -0.160204552771E-009     0.516247727773E-008     0.144208323091E-006
     0.555969289968E+000    -0.279999999549E+003    -0.182921815073E-006    -0.324234452311E-006     0.147931068993E-006
     0.565969289968E+000    -0.280000010987E+003    -0.112178329319E-005    -0.982216787909E-007     0.159191820545E-006
     0.575969289968E+000    -0.280000001670E+003    -0.306617097555E-006    -0.207165527025E-006     0.162892247549E-006
     0.585969289968E+000    -0.280000000475E+003    -0.667575366983E-007    -0.281571924001E-007     0.163616774718E-006
     0.595969289968E+000    -0.280000000237E+003    -0.184323002622E-007    -0.386343631268E-008     0.163805103110E-006
     0.605969289968E+000    -0.280000000143E+003     0.482650030328E-008     0.138215108076E-007     0.163951502996E-006
     0.615969289968E+000    -0.280000003531E+003    -0.272671504104E-006     0.725876991209E-007     0.166773181986E-006
     0.625969289968E+000    -0.280000000541E+003    -0.331182994942E-007     0.116346326553E-007     0.167124207119E-006
     0.635969289968E+000    -0.279999971756E+003     0.231342502811E-005    -0.478756067623E-006     0.190748649404E-006
     0.645969289968E+000    -0.279999994785E+003     0.349235414139E-006    -0.101003888375E-006     0.194384129564E-006
     0.655969289968E+000    -0.279999997938E+003     0.163290985320E-006     0.877974994860E-007     0.196238107633E-006
     0.665969289968E+000    -0.280000010888E+003    -0.936146756810E-006     0.229152191352E-006     0.205875957378E-006
     0.675969289968E+000    -0.280000003589E+003    -0.329299602172E-006     0.700822421648E-007     0.209242702820E-006
     0.685969289968E+000    -0.280000002710E+003    -0.239649814109E-006     0.597491636460E-007     0.211712561033E-006
     0.695969289968E+000    -0.280000000316E+003    -0.584267983106E-007    -0.887829431021E-008     0.212303536064E-006
     0.705969289968E+000    -0.279999999412E+003     0.171989679940E-007    -0.122379350806E-007     0.212514621723E-006
     0.715969289968E+000    -0.279999994938E+003     0.379068697047E-006    -0.894755548172E-007     0.216409476688E-006
     0.725969289968E+000    -0.279999999126E+003     0.393873529095E-007    -0.443793694950E-008     0.216805842536E-006
     0.735969289968E+000    -0.280000000299E+003    -0.479671034844E-007     0.159410623452E-007     0.217311308706E-006
     0.745969289968E+000    -0.279999999895E+003    -0.564484664389E-007    -0.677642504999E-007     0.218193262390E-006
     0.755969289968E+000    -0.279999999824E+003     0.190703556592E-007     0.317113402437E-007     0.218563301248E-006
