 #        time                      h  [L]            Darcian flow [L.T^{-1}]   in    x         z              directions   cumulative flux
 #-----------------------------------------------------------------------------------------------

     0.100000000000E-005     0.400000000000E+001    -0.351619267616E-012    -0.287118921032E+004     0.287118921032E-002
     0.205999994278E-005     0.400000000000E+001    -0.320132667607E-012    -0.261408160973E+004     0.564211556706E-002
     0.318359982147E-005     0.400000000000E+001    -0.289481773494E-012    -0.236379806566E+004     0.829807878689E-002
     0.437461562859E-005     0.400000000000E+001    -0.260039566284E-012    -0.212338419914E+004     0.108270629327E-001
     0.563709231599E-005     0.400000000000E+001    -0.232197658528E-012    -0.189603776934E+004     0.132207664149E-001
     0.697531753239E-005     0.400000000000E+001    -0.206339491541E-012    -0.168488981218E+004     0.154755284484E-001
     0.839383618521E-005     0.400000000000E+001    -0.182803250534E-012    -0.149270181951E+004     0.175929538225E-001
     0.989746587602E-005     0.400000000000E+001    -0.161838894562E-012    -0.132151486187E+004     0.195800228056E-001
     0.114913132622E-004     0.400000000000E+001    -0.143568711360E-012    -0.117232749443E+004     0.214485339184E-001
     0.131807914004E-004     0.400000000000E+001    -0.127963933911E-012    -0.104490481664E+004     0.232138777626E-001
     0.149716381303E-004     0.400000000000E+001    -0.114847820524E-012    -0.937803623086E+003     0.248933403142E-001
     0.168699355614E-004     0.400000000000E+001    -0.103927278931E-012    -0.848630633771E+003     0.265042936663E-001
     0.188821307298E-004     0.400000000000E+001    -0.948443373835E-013    -0.774462787553E+003     0.280626639455E-001
     0.210150574931E-004     0.400000000000E+001    -0.872318446993E-013    -0.712302067503E+003     0.295819520888E-001
     0.232759597402E-004     0.400000000000E+001    -0.807584314200E-013    -0.659442636654E+003     0.310728874279E-001
     0.256725159928E-004     0.400000000000E+001    -0.751543796530E-013    -0.613682081277E+003     0.325436110569E-001
     0.282128654833E-004     0.400000000000E+001    -0.702180072325E-013    -0.573373541509E+003     0.340001802409E-001
     0.309056357980E-004     0.400000000000E+001    -0.658077462962E-013    -0.537361028029E+003     0.354471700655E-001
     0.337599721774E-004     0.400000000000E+001    -0.618271147314E-013    -0.504856704598E+003     0.368882009238E-001
     0.367855685763E-004     0.400000000000E+001    -0.582089381920E-013    -0.475312051055E+003     0.383263033538E-001
     0.399927005860E-004     0.400000000000E+001    -0.549028360607E-013    -0.448315678438E+003     0.397641109166E-001
     0.433922603327E-004     0.400000000000E+001    -0.518674032757E-013    -0.423529488762E+003     0.412039247181E-001
     0.469957934698E-004     0.400000000000E+001    -0.490665581593E-013    -0.400658852768E+003     0.426477121707E-001
     0.508155383889E-004     0.400000000000E+001    -0.464685315969E-013    -0.379444355950E+003     0.440970928215E-001
     0.548644677845E-004     0.400000000000E+001    -0.440458491274E-013    -0.359661652307E+003     0.455533374580E-001
     0.591563327122E-004     0.400000000000E+001    -0.417750521642E-013    -0.341119187943E+003     0.470173749369E-001
     0.637057092900E-004     0.400000000000E+001    -0.396353891098E-013    -0.323647513205E+003     0.484897693529E-001
     0.685280482021E-004     0.400000000000E+001    -0.376057626234E-013    -0.307074355231E+003     0.499705859650E-001
     0.736397271730E-004     0.400000000000E+001    -0.356573337170E-013    -0.291164225814E+003     0.514589240152E-001
     0.790581065897E-004     0.400000000000E+001    -0.337215123425E-013    -0.275357044709E+003     0.529509129585E-001
     0.848015884613E-004     0.400000000000E+001    -0.314926817319E-013    -0.257157261619E+003     0.544278910288E-001
     0.908896789166E-004     0.400000000000E+001    -0.299045475107E-013    -0.244189161573E+003     0.559145367326E-001
     0.973430544509E-004     0.400000000000E+001    -0.285504656010E-013    -0.233132243688E+003     0.574190266503E-001
     0.104183632148E-003     0.400000000000E+001    -0.273172431846E-013    -0.223062218458E+003     0.589449010869E-001
     0.111434644115E-003     0.400000000000E+001    -0.261650929700E-013    -0.213654197996E+003     0.604941102335E-001
     0.119120716386E-003     0.400000000000E+001    -0.250760879251E-013    -0.204761796973E+003     0.620679242033E-001
     0.127267952553E-003     0.400000000000E+001    -0.240408249663E-013    -0.196308233386E+003     0.636672937422E-001
     0.135904022424E-003     0.400000000000E+001    -0.230541466725E-013    -0.188251393696E+003     0.652930459315E-001
     0.145058255993E-003     0.400000000000E+001    -0.221131844561E-013    -0.180567854107E+003     0.669460062430E-001
     0.154761743052E-003     0.400000000000E+001    -0.212161078266E-013    -0.173242667530E+003     0.686270642255E-001
     0.165047438780E-003     0.400000000000E+001    -0.203612100546E-013    -0.166261897461E+003     0.703371835139E-001
     0.175950275662E-003     0.400000000000E+001    -0.195462490155E-013    -0.159607235564E+003     0.720773551685E-001
     0.187507282134E-003     0.400000000000E+001    -0.187679407924E-013    -0.153251866624E+003     0.738484879829E-001
     0.199757708333E-003     0.400000000000E+001    -0.180212512783E-013    -0.147154684035E+003     0.756511955795E-001
     0.212743159403E-003     0.400000000000E+001    -0.172969315357E-013    -0.141240164492E+003     0.774852628246E-001
     0.226507736794E-003     0.400000000000E+001    -0.165595135510E-013    -0.135218689687E+003     0.793464909435E-001
     0.241098188040E-003     0.400000000000E+001    -0.158339452751E-013    -0.129293975097E+003     0.812329483836E-001
     0.256564065527E-003     0.400000000000E+001    -0.152469344563E-013    -0.124500668004E+003     0.831584604620E-001
     0.272957894778E-003     0.400000000000E+001    -0.147012680193E-013    -0.120044963410E+003     0.851264570946E-001
     0.290335352846E-003     0.400000000000E+001    -0.141837952425E-013    -0.115819477521E+003     0.871391052086E-001
     0.308755457403E-003     0.400000000000E+001    -0.136897253544E-013    -0.111785090721E+003     0.891981982677E-001
     0.328280767180E-003     0.400000000000E+001    -0.132164459652E-013    -0.107920471228E+003     0.913053788997E-001
     0.348977594427E-003     0.400000000000E+001    -0.127621240161E-013    -0.104210650981E+003     0.934622087403E-001
     0.370916230124E-003     0.400000000000E+001    -0.123252969547E-013    -0.100643687333E+003     0.956701939319E-001
     0.394171182707E-003     0.400000000000E+001    -0.119047202843E-013    -0.972094181982E+002     0.979307943428E-001
     0.418821431115E-003     0.400000000000E+001    -0.114992946083E-013    -0.938988663204E+002     0.100245424723E+000
     0.444950693017E-003     0.400000000000E+001    -0.111080194998E-013    -0.907038625955E+002     0.102615449704E+000
     0.472647709137E-003     0.400000000000E+001    -0.107299554106E-013    -0.876167350299E+002     0.105042171827E+000
     0.502006544641E-003     0.400000000000E+001    -0.103641846622E-013    -0.846299902093E+002     0.107526809788E+000
     0.533126908594E-003     0.400000000000E+001    -0.100097626033E-013    -0.817359144716E+002     0.110070461194E+000
     0.566114492604E-003     0.400000000000E+001    -0.966564109235E-014    -0.789259490907E+002     0.112674037570E+000
     0.601081329767E-003     0.400000000000E+001    -0.933051705359E-014    -0.761894536456E+002     0.115338141790E+000
     0.638146175159E-003     0.400000000000E+001    -0.900244870851E-014    -0.735105723118E+002     0.118062799787E+000
     0.677434909153E-003     0.400000000000E+001    -0.867748113959E-014    -0.708570107368E+002     0.120846682033E+000
     0.719080964939E-003     0.400000000000E+001    -0.833801812656E-014    -0.680850848781E+002     0.123682157276E+000
     0.763225781689E-003     0.400000000000E+001    -0.799914903031E-014    -0.653180087179E+002     0.126565608802E+000
     0.810019284919E-003     0.400000000000E+001    -0.772347687817E-014    -0.630669747681E+002     0.129516733489E+000
     0.859620395664E-003     0.400000000000E+001    -0.746000955734E-014    -0.609156008290E+002     0.132538214952E+000
     0.912197570216E-003     0.400000000000E+001    -0.720095567319E-014    -0.588002653353E+002     0.135629766766E+000
     0.967929372233E-003     0.400000000000E+001    -0.693946317986E-014    -0.566650170865E+002     0.138787810280E+000
     0.102700507918E-002     0.400000000000E+001    -0.663702618703E-014    -0.541954316269E+002     0.141989443717E+000
     0.108962532517E-002     0.400000000000E+001    -0.636934838287E-014    -0.520096764823E+002     0.145246302452E+000
     0.115600278233E-002     0.400000000000E+001    -0.617888120343E-014    -0.504543939341E+002     0.148595336824E+000
     0.122636288312E-002     0.400000000000E+001    -0.599516408180E-014    -0.489542297908E+002     0.152039761366E+000
     0.130094458593E-002     0.400000000000E+001    -0.581883221200E-014    -0.475143708051E+002     0.155583464049E+000
     0.138000118665E-002     0.400000000000E+001    -0.564900593749E-014    -0.461276340364E+002     0.159230157995E+000
     0.146380117888E-002     0.400000000000E+001    -0.548475158731E-014    -0.447863954826E+002     0.162983257588E+000
     0.155262916586E-002     0.400000000000E+001    -0.532554514517E-014    -0.434863762260E+002     0.166846064849E+000
     0.164678682697E-002     0.400000000000E+001    -0.517211497880E-014    -0.422335238406E+002     0.170822674674E+000
     0.174659394236E-002     0.400000000000E+001    -0.502349994751E-014    -0.410199900168E+002     0.174916761551E+000
     0.185238947896E-002     0.400000000000E+001    -0.488013317177E-014    -0.398493114518E+002     0.179132640839E+000
     0.196453274170E-002     0.400000000000E+001    -0.474329706753E-014    -0.387319598665E+002     0.183476169191E+000
     0.208340459379E-002     0.400000000000E+001    -0.461208122787E-014    -0.376605012244E+002     0.187952942722E+000
     0.220940875020E-002     0.400000000000E+001    -0.447742636263E-014    -0.365609608072E+002     0.192559775747E+000
     0.234297314879E-002     0.400000000000E+001    -0.434555369618E-014    -0.354841387672E+002     0.197299193401E+000
     0.248455140365E-002     0.400000000000E+001    -0.421928320291E-014    -0.344530619429E+002     0.202176997785E+000
     0.263462434571E-002     0.400000000000E+001    -0.410014757884E-014    -0.334802457467E+002     0.207201476765E+000
     0.279370165569E-002     0.400000000000E+001    -0.397994773781E-014    -0.324987395597E+002     0.212371288832E+000
     0.296232359518E-002     0.400000000000E+001    -0.386450127695E-014    -0.315560476673E+002     0.217692330792E+000
     0.314106284138E-002     0.400000000000E+001    -0.375229658571E-014    -0.306398268327E+002     0.223168870344E+000
     0.333052643213E-002     0.400000000000E+001    -0.364375935198E-014    -0.297535530613E+002     0.228806085345E+000
     0.353135782749E-002     0.400000000000E+001    -0.353913567463E-014    -0.288992359029E+002     0.234609959216E+000
     0.374423909507E-002     0.400000000000E+001    -0.343789629725E-014    -0.280725536510E+002     0.240586080021E+000
     0.396989322653E-002     0.400000000000E+001    -0.334101463792E-014    -0.272814548672E+002     0.246742253024E+000
     0.420908659296E-002     0.400000000000E+001    -0.324560625864E-014    -0.265023863281E+002     0.253081448028E+000
     0.446263154769E-002     0.400000000000E+001    -0.315327463791E-014    -0.257484414291E+002     0.259609835445E+000
     0.473138918520E-002     0.400000000000E+001    -0.306580050595E-014    -0.250341609359E+002     0.266337957395E+000
     0.501627226558E-002     0.400000000000E+001    -0.297736637561E-014    -0.243120414611E+002     0.273264046657E+000
     0.531824831448E-002     0.400000000000E+001    -0.289082059659E-014    -0.236053415450E+002     0.280392294430E+000
     0.563834290904E-002     0.400000000000E+001    -0.280765407493E-014    -0.229262353593E+002     0.287730858442E+000
     0.597764316095E-002     0.400000000000E+001    -0.272741784180E-014    -0.222710567953E+002     0.295287433623E+000
     0.633730140856E-002     0.400000000000E+001    -0.265121299496E-014    -0.216487969985E+002     0.303073602014E+000
     0.671853913045E-002     0.400000000000E+001    -0.257587262199E-014    -0.210335961666E+002     0.311092402300E+000
     0.712265109384E-002     0.400000000000E+001    -0.250217517761E-014    -0.204318108646E+002     0.319349141504E+000
     0.755100975191E-002     0.400000000000E+001    -0.243076624880E-014    -0.198487127104E+002     0.327851509445E+000
     0.800506990496E-002     0.400000000000E+001    -0.236034984013E-014    -0.192737190982E+002     0.336602937288E+000
     0.848637364120E-002     0.400000000000E+001    -0.229261553107E-014    -0.187206264914E+002     0.345613244764E+000
     0.899655557408E-002     0.400000000000E+001    -0.222697102931E-014    -0.181845984562E+002     0.354890698353E+000
     0.953734839373E-002     0.400000000000E+001    -0.216363296962E-014    -0.176674039496E+002     0.364445103550E+000
     0.101105887516E-001     0.400000000000E+001    -0.210256583496E-014    -0.171687529533E+002     0.374286925638E+000
     0.107182234982E-001     0.400000000000E+001    -0.204289717663E-014    -0.166815213828E+002     0.384423197656E+000
     0.113623162948E-001     0.400000000000E+001    -0.198476596710E-014    -0.162068440344E+002     0.394861909154E+000
     0.120450546223E-001     0.400000000000E+001    -0.192756183944E-014    -0.157397368840E+002     0.405608030790E+000
     0.127687572104E-001     0.400000000000E+001    -0.187186903756E-014    -0.152849706451E+002     0.416669803605E+000
     0.135358819124E-001     0.400000000000E+001    -0.181844799973E-014    -0.148487547675E+002     0.428060650181E+000
     0.143490340526E-001     0.400000000000E+001    -0.176513632212E-014    -0.144134318838E+002     0.439780963165E+000
     0.152109752747E-001     0.400000000000E+001    -0.171202067996E-014    -0.139797097510E+002     0.451830651272E+000
     0.161246329208E-001     0.400000000000E+001    -0.165929544407E-014    -0.135491755274E+002     0.464209959091E+000
     0.170931099734E-001     0.400000000000E+001    -0.160582874540E-014    -0.131125868007E+002     0.476909198508E+000
     0.181196955938E-001     0.400000000000E+001    -0.155196760172E-014    -0.126727771860E+002     0.489918889337E+000
     0.192078762926E-001     0.400000000000E+001    -0.149724357105E-014    -0.122259215644E+002     0.503222901208E+000
     0.203613477710E-001     0.400000000000E+001    -0.144093049547E-014    -0.117660904064E+002     0.516794750905E+000
     0.215840274722E-001     0.400000000000E+001    -0.137853796552E-014    -0.112566167362E+002     0.530557987692E+000
     0.228800678855E-001     0.400000000000E+001    -0.131473494696E-014    -0.107356255524E+002     0.544471792270E+000
     0.242538706494E-001     0.400000000000E+001    -0.124821010460E-014    -0.101924089907E+002     0.558474151913E+000
     0.257101015006E-001     0.400000000000E+001    -0.117595969710E-014    -0.960243964155E+001     0.572457520765E+000
     0.272537061195E-001     0.400000000000E+001    -0.109578607749E-014    -0.894777235572E+001     0.586269343502E+000
     0.288899269272E-001     0.400000000000E+001    -0.101133055300E-014    -0.825814066314E+001     0.599781485088E+000
     0.306243208897E-001     0.400000000000E+001    -0.921455523300E-015    -0.752425535217E+001     0.612831508143E+000
     0.324627783907E-001     0.400000000000E+001    -0.826732654748E-015    -0.675078443290E+001     0.625242538422E+000
     0.344115432366E-001     0.400000000000E+001    -0.731993442713E-015    -0.597718005895E+001     0.636890656798E+000
     0.364772338618E-001     0.400000000000E+001    -0.640489984498E-015    -0.522999762008E+001     0.647694213852E+000
     0.386668658063E-001     0.400000000000E+001    -0.556884720656E-015    -0.454730883258E+001     0.657651146533E+000
     0.409878755421E-001     0.400000000000E+001    -0.494212074433E-015    -0.403554783940E+001     0.667017692358E+000
     0.434481457293E-001     0.400000000000E+001    -0.454416190058E-015    -0.371058978290E+001     0.676146745777E+000
     0.460560319869E-001     0.400000000000E+001    -0.430948387833E-015    -0.351896063529E+001     0.685323794859E+000
     0.488203912708E-001     0.400000000000E+001    -0.418145636232E-015    -0.341441823490E+001     0.694762473606E+000
     0.517506119535E-001     0.400000000000E+001    -0.410702593202E-015    -0.335364117628E+001     0.704589382343E+000
     0.548566457095E-001     0.400000000000E+001    -0.404021893152E-015    -0.329908912050E+001     0.714836464516E+000
     0.581490413132E-001     0.400000000000E+001    -0.396779744417E-015    -0.323995248829E+001     0.725503669844E+000
     0.616389804647E-001     0.400000000000E+001    -0.390700792323E-015    -0.319031407745E+001     0.736637671848E+000
     0.653383157655E-001     0.400000000000E+001    -0.381518036466E-015    -0.311533118554E+001     0.748162326477E+000
     0.692596109728E-001     0.400000000000E+001    -0.374688047692E-015    -0.305956009482E+001     0.760159764813E+000
     0.734161836681E-001     0.400000000000E+001    -0.364623126884E-015    -0.297737377943E+001     0.772535435368E+000
     0.778221504872E-001     0.400000000000E+001    -0.358200255549E-015    -0.292492705487E+001     0.785422566921E+000
     0.824924750635E-001     0.400000000000E+001    -0.353453787829E-015    -0.288616920466E+001     0.798901913888E+000
     0.874430188470E-001     0.400000000000E+001    -0.354706051946E-015    -0.289639471718E+001     0.813240642750E+000
     0.926905949743E-001     0.400000000000E+001    -0.349447949449E-015    -0.285345905197E+001     0.828214386351E+000
     0.982530253690E-001     0.400000000000E+001    -0.343684170287E-015    -0.280639422343E+001     0.843824758879E+000
     0.104149201269E+000     0.400000000000E+001    -0.336473851190E-015    -0.274751749994E+001     0.860024605347E+000
     0.110399147386E+000     0.400000000000E+001    -0.328550825908E-015    -0.268282108880E+001     0.876792092593E+000
     0.117024089912E+000     0.400000000000E+001    -0.321676962725E-015    -0.262669173634E+001     0.894193774380E+000
     0.124046528610E+000     0.400000000000E+001    -0.316406925916E-015    -0.258365862007E+001     0.912337358657E+000
     0.131490313229E+000     0.400000000000E+001    -0.311894873627E-015    -0.254681491712E+001     0.931295300364E+000
     0.139380724499E+000     0.400000000000E+001    -0.308212150143E-015    -0.251674319777E+001     0.951153439255E+000
     0.147744559993E+000     0.400000000000E+001    -0.305666650886E-015    -0.249595761896E+001     0.972029218181E+000
     0.156610225139E+000     0.400000000000E+001    -0.303102592252E-015    -0.247502049132E+001     0.993971921086E+000
     0.166007829686E+000     0.400000000000E+001    -0.300645687978E-015    -0.245495834543E+001     0.101704264880E+001
     0.175969289968E+000     0.400000000000E+001    -0.293265461887E-015    -0.239469422605E+001     0.104089730022E+001
     0.185969289968E+000     0.400000000000E+001    -0.294872973642E-015    -0.240782055567E+001     0.106497550577E+001
     0.195969289968E+000     0.400000000000E+001    -0.291401706418E-015    -0.237947550772E+001     0.108877026085E+001
     0.205969289968E+000     0.400000000000E+001    -0.287421989047E-015    -0.234697864925E+001     0.111224004734E+001
     0.215969289968E+000     0.400000000000E+001    -0.283348073290E-015    -0.231371260258E+001     0.113537717337E+001
     0.225969289968E+000     0.400000000000E+001    -0.279550306813E-015    -0.228270148591E+001     0.115820418823E+001
     0.235969289968E+000     0.400000000000E+001    -0.277129319444E-015    -0.226293262381E+001     0.118083351447E+001
     0.245969289968E+000     0.400000000000E+001    -0.274579089779E-015    -0.224210841828E+001     0.120325459865E+001
     0.255969289968E+000     0.400000000000E+001    -0.272356884913E-015    -0.222396273850E+001     0.122549422603E+001
     0.265969289968E+000     0.400000000000E+001    -0.269519039110E-015    -0.220078996897E+001     0.124750212572E+001
     0.275969289968E+000     0.400000000000E+001    -0.268224476430E-015    -0.219021906248E+001     0.126940431635E+001
     0.285969289968E+000     0.400000000000E+001    -0.266684492608E-015    -0.217764414029E+001     0.129118075775E+001
     0.295969289968E+000     0.400000000000E+001    -0.265310047555E-015    -0.216642094471E+001     0.131284496720E+001
     0.305969289968E+000     0.400000000000E+001    -0.263748230320E-015    -0.215366773917E+001     0.133438164459E+001
     0.315969289968E+000     0.400000000000E+001    -0.262149457710E-015    -0.214061277009E+001     0.135578777229E+001
     0.325969289968E+000     0.400000000000E+001    -0.260759198400E-015    -0.212926044131E+001     0.137708037670E+001
     0.335969289968E+000     0.400000000000E+001    -0.260058282046E-015    -0.212353702494E+001     0.139831574695E+001
     0.345969289968E+000     0.400000000000E+001    -0.258871852625E-015    -0.211384909351E+001     0.141945423789E+001
     0.355969289968E+000     0.400000000000E+001    -0.256652527738E-015    -0.209572693055E+001     0.144041150719E+001
     0.365969289968E+000     0.400000000000E+001    -0.256258172754E-015    -0.209250677773E+001     0.146133657497E+001
     0.375969289968E+000     0.400000000000E+001    -0.254635271926E-015    -0.207925478680E+001     0.148212912284E+001
     0.385969289968E+000     0.400000000000E+001    -0.253561644138E-015    -0.207048795061E+001     0.150283400234E+001
     0.395969289968E+000     0.400000000000E+001    -0.252957617241E-015    -0.206555569669E+001     0.152348955931E+001
     0.405969289968E+000     0.400000000000E+001    -0.252183671285E-015    -0.205923594836E+001     0.154408191880E+001
     0.415969289968E+000     0.400000000000E+001    -0.251351990239E-015    -0.205244475725E+001     0.156460636637E+001
     0.425969289968E+000     0.400000000000E+001    -0.250263548802E-015    -0.204355695844E+001     0.158504193595E+001
     0.435969289968E+000     0.400000000000E+001    -0.249476383770E-015    -0.203712926816E+001     0.160541322863E+001
     0.445969289968E+000     0.400000000000E+001    -0.248447992574E-015    -0.202873181677E+001     0.162570054680E+001
     0.455969289968E+000     0.400000000000E+001    -0.247125670330E-015    -0.201793423624E+001     0.164587988916E+001
     0.465969289968E+000     0.400000000000E+001    -0.245991250672E-015    -0.200867099675E+001     0.166596659913E+001
     0.475969289968E+000     0.400000000000E+001    -0.244914638947E-015    -0.199987979487E+001     0.168596539708E+001
     0.485969289968E+000     0.400000000000E+001    -0.243827727295E-015    -0.199100448770E+001     0.170587544196E+001
     0.495969289968E+000     0.400000000000E+001    -0.243215882560E-015    -0.198600839629E+001     0.172573552592E+001
     0.505969289968E+000     0.400000000000E+001    -0.242690562518E-015    -0.198171883262E+001     0.174555271425E+001
     0.515969289968E+000     0.400000000000E+001    -0.242203525288E-015    -0.197774187183E+001     0.176533013296E+001
     0.525969289968E+000     0.400000000000E+001    -0.241827720427E-015    -0.197467319227E+001     0.178507686489E+001
     0.535969289968E+000     0.400000000000E+001    -0.241209820368E-015    -0.196962765539E+001     0.180477314144E+001
     0.545969289968E+000     0.400000000000E+001    -0.240394198073E-015    -0.196296759392E+001     0.182440281738E+001
     0.555969289968E+000     0.400000000000E+001    -0.240670498455E-015    -0.196522375776E+001     0.184405505496E+001
     0.565969289968E+000     0.400000000000E+001    -0.239979050512E-015    -0.195957765683E+001     0.186365083153E+001
     0.575969289968E+000     0.400000000000E+001    -0.239204734703E-015    -0.195325488842E+001     0.188318338041E+001
     0.585969289968E+000     0.400000000000E+001    -0.238483955655E-015    -0.194736928085E+001     0.190265707322E+001
     0.595969289968E+000     0.400000000000E+001    -0.238085610741E-015    -0.194411654779E+001     0.192209823870E+001
     0.605969289968E+000     0.400000000000E+001    -0.237689249357E-015    -0.194088001146E+001     0.194150703881E+001
     0.615969289968E+000     0.400000000000E+001    -0.237262863279E-015    -0.193739830492E+001     0.196088102186E+001
     0.625969289968E+000     0.400000000000E+001    -0.236832196167E-015    -0.193388164107E+001     0.198021983827E+001
     0.635969289968E+000     0.400000000000E+001    -0.236134283447E-015    -0.192818275124E+001     0.199950166578E+001
     0.645969289968E+000     0.400000000000E+001    -0.235100781439E-015    -0.191974356690E+001     0.201869910145E+001
     0.655969289968E+000     0.400000000000E+001    -0.233925825977E-015    -0.191014932746E+001     0.203780059473E+001
     0.665969289968E+000     0.400000000000E+001    -0.233341646413E-015    -0.190537913932E+001     0.205685438612E+001
     0.675969289968E+000     0.400000000000E+001    -0.229821053047E-015    -0.187663131286E+001     0.207562069925E+001
     0.685969289968E+000     0.400000000000E+001    -0.230654880917E-015    -0.188344003412E+001     0.209445509959E+001
     0.695969289968E+000     0.400000000000E+001    -0.231050935248E-015    -0.188667406315E+001     0.211332184022E+001
     0.705969289968E+000     0.400000000000E+001    -0.229061518221E-015    -0.187042924033E+001     0.213202613263E+001
     0.715969289968E+000     0.400000000000E+001    -0.229690330300E-015    -0.187556388062E+001     0.215078177143E+001
     0.725969289968E+000     0.400000000000E+001    -0.230026109542E-015    -0.187830572621E+001     0.216956482869E+001
     0.735969289968E+000     0.400000000000E+001    -0.230172816991E-015    -0.187950368344E+001     0.218835986553E+001
     0.745969289968E+000     0.400000000000E+001    -0.227049085956E-015    -0.185399648383E+001     0.220689983037E+001
     0.755969289968E+000     0.400000000000E+001    -0.227897591709E-015    -0.186092505911E+001     0.222550908096E+001
