 #        time                      h  [L]            Darcian flow [L.T^{-1}]   in    x         z              directions   cumulative flux
 #-----------------------------------------------------------------------------------------------

     0.100000000000E-005     0.400000000000E+001    -0.169621152624E-012    -0.138506182143E+004     0.138506182143E-002
     0.205999994278E-005     0.400000000000E+001    -0.164166872540E-012    -0.134052424466E+004     0.280601744406E-002
     0.318359982147E-005     0.400000000000E+001    -0.158495291164E-012    -0.129421226818E+004     0.426019419159E-002
     0.437461562859E-005     0.400000000000E+001    -0.152608695684E-012    -0.124614456830E+004     0.574437207039E-002
     0.563709231599E-005     0.400000000000E+001    -0.146512368729E-012    -0.119636428096E+004     0.725475408474E-002
     0.697531753239E-005     0.400000000000E+001    -0.140215458544E-012    -0.114494610725E+004     0.878694983689E-002
     0.839383618521E-005     0.400000000000E+001    -0.133732064008E-012    -0.109200517325E+004     0.103359795441E-001
     0.989746587602E-005     0.400000000000E+001    -0.127082560118E-012    -0.103770785345E+004     0.118963078830E-001
     0.114913132622E-004     0.400000000000E+001    -0.120295166937E-012    -0.982284582138E+003     0.134619195967E-001
     0.131807914004E-004     0.400000000000E+001    -0.113407716453E-012    -0.926044280943E+003     0.150264511644E-001
     0.149716381303E-004     0.400000000000E+001    -0.106469482327E-012    -0.869389299847E+003     0.165833941489E-001
     0.168699355614E-004     0.400000000000E+001    -0.995427905741E-013    -0.812828569375E+003     0.181263845341E-001
     0.188821307298E-004     0.400000000000E+001    -0.927039163934E-013    -0.756984923799E+003     0.196495859403E-001
     0.210150574931E-004     0.400000000000E+001    -0.860425146894E-013    -0.702590450972E+003     0.211481599169E-001
     0.232759597402E-004     0.400000000000E+001    -0.796586159756E-013    -0.650461962021E+003     0.226187908285E-001
     0.256725159928E-004     0.400000000000E+001    -0.736562353040E-013    -0.601448804302E+003     0.240601967210E-001
     0.282128654833E-004     0.400000000000E+001    -0.681331710994E-013    -0.556349562558E+003     0.254735190488E-001
     0.309056357980E-004     0.400000000000E+001    -0.631678357817E-013    -0.515804522787E+003     0.268624621560E-001
     0.337599721774E-004     0.400000000000E+001    -0.588057900817E-013    -0.480185716589E+003     0.282330737157E-001
     0.367855685763E-004     0.400000000000E+001    -0.550501714189E-013    -0.449518762938E+003     0.295931360661E-001
     0.399927005860E-004     0.400000000000E+001    -0.518600737464E-013    -0.423469638614E+003     0.309512590992E-001
     0.433922603327E-004     0.400000000000E+001    -0.491584535846E-013    -0.401409235862E+003     0.323158737794E-001
     0.469957934698E-004     0.400000000000E+001    -0.468473577695E-013    -0.382537706399E+003     0.336943610806E-001
     0.508155383889E-004     0.400000000000E+001    -0.448255294851E-013    -0.366028225578E+003     0.350924955355E-001
     0.548644677845E-004     0.400000000000E+001    -0.430033424868E-013    -0.351148939570E+003     0.365142727992E-001
     0.591563327122E-004     0.400000000000E+001    -0.413120620656E-013    -0.337338586883E+003     0.379620844490E-001
     0.637057092900E-004     0.400000000000E+001    -0.397069247298E-013    -0.324231645871E+003     0.394371363045E-001
     0.685280482021E-004     0.400000000000E+001    -0.381651887628E-013    -0.311642416323E+003     0.409399816554E-001
     0.736397271730E-004     0.400000000000E+001    -0.366809349301E-013    -0.299522564021E+003     0.424710448472E-001
     0.790581065897E-004     0.400000000000E+001    -0.352584021429E-013    -0.287906702303E+003     0.440310325969E-001
     0.848015884613E-004     0.400000000000E+001    -0.339054181945E-013    -0.276858749952E+003     0.456211658082E-001
     0.908896789166E-004     0.400000000000E+001    -0.326281623258E-013    -0.266429164299E+003     0.472432106604E-001
     0.973430544509E-004     0.400000000000E+001    -0.314280455642E-013    -0.256629467256E+003     0.488993369858E-001
     0.104183632148E-003     0.400000000000E+001    -0.303009162350E-013    -0.247425757827E+003     0.505918721064E-001
     0.111434644115E-003     0.400000000000E+001    -0.292382116742E-013    -0.238748116556E+003     0.523230375568E-001
     0.119120716386E-003     0.400000000000E+001    -0.282292654240E-013    -0.230509445202E+003     0.540947498117E-001
     0.127267952553E-003     0.400000000000E+001    -0.272638590389E-013    -0.222626303828E+003     0.559085388859E-001
     0.135904022424E-003     0.400000000000E+001    -0.263342588611E-013    -0.215035542325E+003     0.577656008542E-001
     0.145058255993E-003     0.400000000000E+001    -0.254362812457E-013    -0.207702998639E+003     0.596669626167E-001
     0.154761743052E-003     0.400000000000E+001    -0.245692582528E-013    -0.200623218628E+003     0.616137074224E-001
     0.165047438780E-003     0.400000000000E+001    -0.237350562917E-013    -0.193811442681E+003     0.636071929504E-001
     0.175950275662E-003     0.400000000000E+001    -0.229365071552E-013    -0.187290794139E+003     0.656491939285E-001
     0.187507282134E-003     0.400000000000E+001    -0.221757287657E-013    -0.181078567152E+003     0.677419201010E-001
     0.199757708333E-003     0.400000000000E+001    -0.214528158233E-013    -0.175175535005E+003     0.698878950644E-001
     0.212743159403E-003     0.400000000000E+001    -0.207652518431E-013    -0.169561149040E+003     0.720897230686E-001
     0.226507736794E-003     0.400000000000E+001    -0.201081622045E-013    -0.164195604957E+003     0.743498061802E-001
     0.241098188040E-003     0.400000000000E+001    -0.194752721066E-013    -0.159027665121E+003     0.766700915751E-001
     0.256564065527E-003     0.400000000000E+001    -0.188602447828E-013    -0.154005585903E+003     0.790519230989E-001
     0.272957894778E-003     0.400000000000E+001    -0.182580060482E-013    -0.149087933442E+003     0.814960452231E-001
     0.290335352846E-003     0.400000000000E+001    -0.176657072013E-013    -0.144251446324E+003     0.840027686829E-001
     0.308755457403E-003     0.400000000000E+001    -0.170831019083E-013    -0.139494113080E+003     0.865722648310E-001
     0.328280767180E-003     0.400000000000E+001    -0.165122738939E-013    -0.134832948613E+003     0.892049199208E-001
     0.348977594427E-003     0.400000000000E+001    -0.159568190053E-013    -0.130297315245E+003     0.919016609451E-001
     0.370916230124E-003     0.400000000000E+001    -0.154207254804E-013    -0.125919779410E+003     0.946641691126E-001
     0.394171182707E-003     0.400000000000E+001    -0.149072742105E-013    -0.121727131617E+003     0.974949277865E-001
     0.418821431115E-003     0.400000000000E+001    -0.144183201683E-013    -0.117734518869E+003     0.100397112923E+000
     0.444950693017E-003     0.400000000000E+001    -0.139544197645E-013    -0.113946484604E+003     0.103374450462E+000
     0.472647709137E-003     0.400000000000E+001    -0.135131367211E-013    -0.110343135102E+003     0.106430626054E+000
     0.502006544641E-003     0.400000000000E+001    -0.130917614485E-013    -0.106902344885E+003     0.109569154412E+000
     0.533126908594E-003     0.400000000000E+001    -0.126874060885E-013    -0.103600532801E+003     0.112793240698E+000
     0.566114492604E-003     0.400000000000E+001    -0.122975783582E-013    -0.100417347816E+003     0.116105766396E+000
     0.601081329767E-003     0.400000000000E+001    -0.119205419223E-013    -0.973386116768E+002     0.119509389780E+000
     0.638146175159E-003     0.400000000000E+001    -0.115553715171E-013    -0.943567690300E+002     0.123006708836E+000
     0.677434909153E-003     0.400000000000E+001    -0.112017597748E-013    -0.914693100295E+002     0.126600422226E+000
     0.719080964939E-003     0.400000000000E+001    -0.108597065740E-013    -0.886762336831E+002     0.130293437601E+000
     0.763225781689E-003     0.400000000000E+001    -0.105292304699E-013    -0.859776915046E+002     0.134088907037E+000
     0.810019284919E-003     0.400000000000E+001    -0.102101945639E-013    -0.833725656326E+002     0.137990201456E+000
     0.859620395664E-003     0.400000000000E+001    -0.990226666801E-014    -0.808581435472E+002     0.142000855189E+000
     0.912197570216E-003     0.400000000000E+001    -0.960497368959E-014    -0.784305621529E+002     0.146124512545E+000
     0.967929372233E-003     0.400000000000E+001    -0.931778733823E-014    -0.760855076314E+002     0.150364894993E+000
     0.102700507918E-002     0.400000000000E+001    -0.904019222715E-014    -0.738187715302E+002     0.154725791107E+000
     0.108962532517E-002     0.400000000000E+001    -0.877171840609E-014    -0.716265164143E+002     0.159211061184E+000
     0.115600278233E-002     0.400000000000E+001    -0.851194565477E-014    -0.695053109247E+002     0.163824646983E+000
     0.122636288312E-002     0.400000000000E+001    -0.826049544233E-014    -0.674520641224E+002     0.168570581013E+000
     0.130094458593E-002     0.400000000000E+001    -0.801702179361E-014    -0.654639509056E+002     0.173452993944E+000
     0.138000118665E-002     0.400000000000E+001    -0.778120454840E-014    -0.635383569680E+002     0.178476120461E+000
     0.146380117888E-002     0.400000000000E+001    -0.755274521853E-014    -0.616728449687E+002     0.183644304391E+000
     0.155262916586E-002     0.400000000000E+001    -0.733137151917E-014    -0.598651915334E+002     0.188962008844E+000
     0.164678682697E-002     0.400000000000E+001    -0.711697682859E-014    -0.581145260294E+002     0.194433936692E+000
     0.174659394236E-002     0.400000000000E+001    -0.690911175326E-014    -0.564171788802E+002     0.200064772574E+000
     0.185238947896E-002     0.400000000000E+001    -0.670749955054E-014    -0.547708903106E+002     0.205859288305E+000
     0.196453274170E-002     0.400000000000E+001    -0.651191379618E-014    -0.531738114264E+002     0.211822373011E+000
     0.208340459379E-002     0.400000000000E+001    -0.632214882613E-014    -0.516242628530E+002     0.217959044749E+000
     0.220940875020E-002     0.400000000000E+001    -0.613801642263E-014    -0.501207076759E+002     0.224274462238E+000
     0.234297314879E-002     0.400000000000E+001    -0.595934348326E-014    -0.486617324065E+002     0.230773937261E+000
     0.248455140365E-002     0.400000000000E+001    -0.578596896136E-014    -0.472460219990E+002     0.237462946605E+000
     0.263462434571E-002     0.400000000000E+001    -0.561774036066E-014    -0.458723312270E+002     0.244347142311E+000
     0.279370165569E-002     0.400000000000E+001    -0.545451046840E-014    -0.445394580070E+002     0.251432359479E+000
     0.296232359518E-002     0.400000000000E+001    -0.529613476653E-014    -0.432462222595E+002     0.258724621352E+000
     0.314106284138E-002     0.400000000000E+001    -0.514247023428E-014    -0.419914561313E+002     0.266230142568E+000
     0.333052643213E-002     0.400000000000E+001    -0.499337546731E-014    -0.407740049685E+002     0.273955331959E+000
     0.353135782749E-002     0.400000000000E+001    -0.484940089253E-014    -0.395983633477E+002     0.281907926523E+000
     0.374423909507E-002     0.400000000000E+001    -0.470889064003E-014    -0.384510100652E+002     0.290093426286E+000
     0.396989322653E-002     0.400000000000E+001    -0.457210339177E-014    -0.373340574193E+002     0.298518010587E+000
     0.420908659296E-002     0.400000000000E+001    -0.443993426450E-014    -0.362548145930E+002     0.307189921739E+000
     0.446263154769E-002     0.400000000000E+001    -0.431166924820E-014    -0.352074512521E+002     0.316116593373E+000
     0.473138918520E-002     0.400000000000E+001    -0.418722035377E-014    -0.341912489110E+002     0.325305752653E+000
     0.501627226558E-002     0.400000000000E+001    -0.406643171314E-014    -0.332049348104E+002     0.334765276766E+000
     0.531824831448E-002     0.400000000000E+001    -0.394919431422E-014    -0.322476187989E+002     0.344503285277E+000
     0.563834290904E-002     0.400000000000E+001    -0.383539161483E-014    -0.313183492375E+002     0.354528119579E+000
     0.597764316095E-002     0.400000000000E+001    -0.372490982372E-014    -0.304161969501E+002     0.364848342866E+000
     0.633730140856E-002     0.400000000000E+001    -0.361770012004E-014    -0.295407632842E+002     0.375472922022E+000
     0.671853913045E-002     0.400000000000E+001    -0.351344237465E-014    -0.286894341871E+002     0.386410416554E+000
     0.712265109384E-002     0.400000000000E+001    -0.341202223610E-014    -0.278612759081E+002     0.397669491464E+000
     0.755100975191E-002     0.400000000000E+001    -0.331308779378E-014    -0.270534148792E+002     0.409258055957E+000
     0.800506990496E-002     0.400000000000E+001    -0.321625889451E-014    -0.262627469141E+002     0.421182922841E+000
     0.848637364120E-002     0.400000000000E+001    -0.312098637023E-014    -0.254847877151E+002     0.433448846385E+000
     0.899655557408E-002     0.400000000000E+001    -0.302646059096E-014    -0.247129261520E+002     0.446056934816E+000
     0.953734839373E-002     0.400000000000E+001    -0.293173327176E-014    -0.239394188904E+002     0.459003200659E+000
     0.101105887516E-001     0.400000000000E+001    -0.283529595565E-014    -0.231519484444E+002     0.472274831871E+000
     0.107182234982E-001     0.400000000000E+001    -0.273520445237E-014    -0.223346392958E+002     0.485846134759E+000
     0.113623162948E-001     0.400000000000E+001    -0.262863888139E-014    -0.214644653726E+002     0.499671242289E+000
     0.120450546223E-001     0.400000000000E+001    -0.251344269205E-014    -0.205238171022E+002     0.513683638851E+000
     0.127687572104E-001     0.400000000000E+001    -0.238562278576E-014    -0.194800883604E+002     0.527781429215E+000
     0.135358819124E-001     0.400000000000E+001    -0.224197386552E-014    -0.183071059107E+002     0.541825262381E+000
     0.143490340526E-001     0.400000000000E+001    -0.207890379826E-014    -0.169755377608E+002     0.555628957242E+000
     0.152109752747E-001     0.400000000000E+001    -0.189184694625E-014    -0.154481026494E+002     0.568944313719E+000
     0.161246329208E-001     0.400000000000E+001    -0.167937659260E-014    -0.137131505490E+002     0.581473438570E+000
     0.170931099734E-001     0.400000000000E+001    -0.144161051991E-014    -0.117716432274E+002     0.592874004907E+000
     0.181196955938E-001     0.400000000000E+001    -0.118341517606E-014    -0.966331824721E+001     0.602794228464E+000
     0.192078762926E-001     0.400000000000E+001    -0.919296032088E-015    -0.750662176823E+001     0.610962789386E+000
     0.203613477710E-001     0.400000000000E+001    -0.675197905970E-015    -0.551340930659E+001     0.617322349770E+000
     0.215840274722E-001     0.400000000000E+001    -0.483833203047E-015    -0.395079792300E+001     0.622152910194E+000
     0.228800678855E-001     0.400000000000E+001    -0.362811069850E-015    -0.296257721086E+001     0.625992529987E+000
     0.242538706494E-001     0.400000000000E+001    -0.302912183810E-015    -0.247346568840E+001     0.629390583986E+000
     0.257101015006E-001     0.400000000000E+001    -0.283152448530E-015    -0.231211520519E+001     0.632757557479E+000
     0.272537061195E-001     0.400000000000E+001    -0.282359161875E-015    -0.230563752808E+001     0.636316550217E+000
     0.288899269272E-001     0.400000000000E+001    -0.293576697133E-015    -0.239723565470E+001     0.640238957076E+000
     0.306243208897E-001     0.400000000000E+001    -0.308886600935E-015    -0.252225050644E+001     0.644613533127E+000
     0.324627783907E-001     0.400000000000E+001    -0.325845809021E-015    -0.266073294968E+001     0.649505177576E+000
     0.344115432366E-001     0.400000000000E+001    -0.340915837878E-015    -0.278378907384E+001     0.654930127862E+000
     0.364772338618E-001     0.400000000000E+001    -0.353527812963E-015    -0.288677366575E+001     0.660893309160E+000
     0.386668658063E-001     0.400000000000E+001    -0.363600388177E-015    -0.296902248412E+001     0.667394375635E+000
     0.409878755421E-001     0.400000000000E+001    -0.371864291738E-015    -0.303650237764E+001     0.674442127217E+000
     0.434481457293E-001     0.400000000000E+001    -0.379136071784E-015    -0.309588096787E+001     0.682058830865E+000
     0.460560319869E-001     0.400000000000E+001    -0.385527826746E-015    -0.314807360796E+001     0.690268648765E+000
     0.488203912708E-001     0.400000000000E+001    -0.391020359228E-015    -0.319292353926E+001     0.699095036593E+000
     0.517506119535E-001     0.400000000000E+001    -0.394046685539E-015    -0.321763536894E+001     0.708523418301E+000
     0.548566457095E-001     0.400000000000E+001    -0.394362686010E-015    -0.322021570860E+001     0.718525516994E+000
     0.581490413132E-001     0.400000000000E+001    -0.391878017387E-015    -0.319992684960E+001     0.729060942085E+000
     0.616389804647E-001     0.400000000000E+001    -0.386404291922E-015    -0.315523048924E+001     0.740072504501E+000
     0.653383157655E-001     0.400000000000E+001    -0.375587957850E-015    -0.306690841892E+001     0.751418027080E+000
     0.692596109728E-001     0.400000000000E+001    -0.361651581263E-015    -0.295310926803E+001     0.762998040299E+000
     0.734161836681E-001     0.400000000000E+001    -0.344839748144E-015    -0.281583023272E+001     0.774702243359E+000
     0.778221504872E-001     0.400000000000E+001    -0.326866239133E-015    -0.266906539388E+001     0.786462056923E+000
     0.824924750635E-001     0.400000000000E+001    -0.309871960304E-015    -0.253029657629E+001     0.798279363208E+000
     0.874430188470E-001     0.400000000000E+001    -0.297422806991E-015    -0.242864152503E+001     0.810302459412E+000
     0.926905949743E-001     0.400000000000E+001    -0.291400101648E-015    -0.237946240378E+001     0.822788869518E+000
     0.982530253690E-001     0.400000000000E+001    -0.291503275349E-015    -0.238030488098E+001     0.836029149737E+000
     0.104149201269E+000     0.400000000000E+001    -0.295299993604E-015    -0.241130743827E+001     0.850246642542E+000
     0.110399147386E+000     0.400000000000E+001    -0.300568199683E-015    -0.245432560549E+001     0.865586045329E+000
     0.117024089912E+000     0.400000000000E+001    -0.305817945556E-015    -0.249719303369E+001     0.882129805654E+000
     0.124046528610E+000     0.400000000000E+001    -0.309422205498E-015    -0.252662404959E+001     0.899872868156E+000
     0.131490313229E+000     0.400000000000E+001    -0.309914804854E-015    -0.253064642859E+001     0.918710455117E+000
     0.139380724499E+000     0.400000000000E+001    -0.307024203030E-015    -0.250704287345E+001     0.938492054459E+000
     0.147744559993E+000     0.400000000000E+001    -0.301269268372E-015    -0.246005026577E+001     0.959067510190E+000
     0.156610225139E+000     0.400000000000E+001    -0.293075488595E-015    -0.239314297640E+001     0.980284314464E+000
     0.166007829686E+000     0.400000000000E+001    -0.282462942055E-015    -0.230648495756E+001     0.100195974799E+001
     0.175969289968E+000     0.400000000000E+001    -0.270398826416E-015    -0.220797397751E+001     0.102395439307E+001
     0.185969289968E+000     0.400000000000E+001    -0.260780642727E-015    -0.212943554752E+001     0.104524874855E+001
     0.195969289968E+000     0.400000000000E+001    -0.256608838266E-015    -0.209537017893E+001     0.106620245033E+001
     0.205969289968E+000     0.400000000000E+001    -0.258143512228E-015    -0.210790174284E+001     0.108728146776E+001
     0.215969289968E+000     0.400000000000E+001    -0.261964128670E-015    -0.213909944363E+001     0.110867246220E+001
     0.225969289968E+000     0.400000000000E+001    -0.264282667482E-015    -0.215803174978E+001     0.113025277970E+001
     0.235969289968E+000     0.400000000000E+001    -0.264072568112E-015    -0.215631615823E+001     0.115181594128E+001
     0.245969289968E+000     0.400000000000E+001    -0.261598341154E-015    -0.213611256190E+001     0.117317706690E+001
     0.255969289968E+000     0.400000000000E+001    -0.257900095425E-015    -0.210591409379E+001     0.119423620784E+001
     0.265969289968E+000     0.400000000000E+001    -0.254313297987E-015    -0.207662567007E+001     0.121500246454E+001
     0.275969289968E+000     0.400000000000E+001    -0.251893813093E-015    -0.205686907661E+001     0.123557115530E+001
     0.285969289968E+000     0.400000000000E+001    -0.251129895307E-015    -0.205063121450E+001     0.125607746745E+001
     0.295969289968E+000     0.400000000000E+001    -0.252008098054E-015    -0.205780228414E+001     0.127665549029E+001
     0.305969289968E+000     0.400000000000E+001    -0.252966851170E-015    -0.206563109744E+001     0.129731180126E+001
     0.315969289968E+000     0.400000000000E+001    -0.253859179503E-015    -0.207291751124E+001     0.131804097638E+001
     0.325969289968E+000     0.400000000000E+001    -0.253778784882E-015    -0.207226103933E+001     0.133876358677E+001
     0.335969289968E+000     0.400000000000E+001    -0.252261172445E-015    -0.205986879336E+001     0.135936227470E+001
     0.345969289968E+000     0.400000000000E+001    -0.249666552733E-015    -0.203868211559E+001     0.137974909586E+001
     0.355969289968E+000     0.400000000000E+001    -0.246405063920E-015    -0.201205003836E+001     0.139986959624E+001
     0.365969289968E+000     0.400000000000E+001    -0.243740144011E-015    -0.199028931591E+001     0.141977248940E+001
     0.375969289968E+000     0.400000000000E+001    -0.242020497443E-015    -0.197624733606E+001     0.143953496276E+001
     0.385969289968E+000     0.400000000000E+001    -0.241667215039E-015    -0.197336256631E+001     0.145926858843E+001
     0.395969289968E+000     0.400000000000E+001    -0.241981823434E-015    -0.197593153881E+001     0.147902790381E+001
     0.405969289968E+000     0.400000000000E+001    -0.242527921610E-015    -0.198039076882E+001     0.149883181150E+001
     0.415969289968E+000     0.400000000000E+001    -0.242655617017E-015    -0.198143348095E+001     0.151864614631E+001
     0.425969289968E+000     0.400000000000E+001    -0.241641316615E-015    -0.197315108963E+001     0.153837765721E+001
     0.435969289968E+000     0.400000000000E+001    -0.240477628580E-015    -0.196364885572E+001     0.155801414576E+001
     0.445969289968E+000     0.400000000000E+001    -0.238865539656E-015    -0.195048515068E+001     0.157751899727E+001
     0.455969289968E+000     0.400000000000E+001    -0.236943826277E-015    -0.193479317010E+001     0.159686692897E+001
     0.465969289968E+000     0.400000000000E+001    -0.234843828798E-015    -0.191764538936E+001     0.161604338287E+001
     0.475969289968E+000     0.400000000000E+001    -0.232773474252E-015    -0.190073966154E+001     0.163505077948E+001
     0.485969289968E+000     0.400000000000E+001    -0.231073922637E-015    -0.188686176944E+001     0.165391939718E+001
     0.495969289968E+000     0.400000000000E+001    -0.230112292379E-015    -0.187900946248E+001     0.167270949180E+001
     0.505969289968E+000     0.400000000000E+001    -0.230318207692E-015    -0.188069088861E+001     0.169151640069E+001
     0.515969289968E+000     0.400000000000E+001    -0.230705442056E-015    -0.188385289715E+001     0.171035492966E+001
     0.525969289968E+000     0.400000000000E+001    -0.231477986461E-015    -0.189016120095E+001     0.172925654167E+001
     0.535969289968E+000     0.400000000000E+001    -0.232334143003E-015    -0.189715224965E+001     0.174822806416E+001
     0.545969289968E+000     0.400000000000E+001    -0.233126432709E-015    -0.190362178606E+001     0.176726428202E+001
     0.555969289968E+000     0.400000000000E+001    -0.233617429726E-015    -0.190763108097E+001     0.178634059283E+001
     0.565969289968E+000     0.400000000000E+001    -0.233300074796E-015    -0.190503968130E+001     0.180539098965E+001
     0.575969289968E+000     0.400000000000E+001    -0.232691158979E-015    -0.190006750633E+001     0.182439166471E+001
     0.585969289968E+000     0.400000000000E+001    -0.231060601869E-015    -0.188675299711E+001     0.184325919468E+001
     0.595969289968E+000     0.400000000000E+001    -0.229259123790E-015    -0.187204281226E+001     0.186197962280E+001
     0.605969289968E+000     0.400000000000E+001    -0.227417160599E-015    -0.185700204139E+001     0.188054964322E+001
     0.615969289968E+000     0.400000000000E+001    -0.225483199695E-015    -0.184121005217E+001     0.189896174374E+001
     0.625969289968E+000     0.400000000000E+001    -0.223765257131E-015    -0.182718198657E+001     0.191723356361E+001
     0.635969289968E+000     0.400000000000E+001    -0.222419116362E-015    -0.181618991302E+001     0.193539546274E+001
     0.645969289968E+000     0.400000000000E+001    -0.221568134279E-015    -0.180924111698E+001     0.195348787391E+001
     0.655969289968E+000     0.400000000000E+001    -0.221547924909E-015    -0.180907609494E+001     0.197157863486E+001
     0.665969289968E+000     0.400000000000E+001    -0.221578249473E-015    -0.180932371380E+001     0.198967187199E+001
     0.675969289968E+000     0.400000000000E+001    -0.222109286853E-015    -0.181365996308E+001     0.200780847162E+001
     0.685969289968E+000     0.400000000000E+001    -0.223176336932E-015    -0.182237308821E+001     0.202603220251E+001
     0.695969289968E+000     0.400000000000E+001    -0.224026056810E-015    -0.182931157756E+001     0.204432531828E+001
     0.705969289968E+000     0.400000000000E+001    -0.224723806513E-015    -0.183500913626E+001     0.206267540964E+001
     0.715969289968E+000     0.400000000000E+001    -0.225275955081E-015    -0.183951777147E+001     0.208107058736E+001
     0.725969289968E+000     0.400000000000E+001    -0.225477949190E-015    -0.184116717855E+001     0.209948225914E+001
     0.735969289968E+000     0.400000000000E+001    -0.225432370113E-015    -0.184079499714E+001     0.211789020912E+001
     0.745969289968E+000     0.400000000000E+001    -0.225726110064E-015    -0.184319356586E+001     0.213632214477E+001
     0.755969289968E+000     0.400000000000E+001    -0.225145647338E-015    -0.183845372800E+001     0.215470668205E+001
