 #        time                      h  [L]            Darcian flow [L.T^{-1}]   in    x         z              directions   cumulative flux
 #-----------------------------------------------------------------------------------------------

     0.100000000000E-005    -0.278499999997E+003    -0.243476249168E-009    -0.182718566866E-008     0.184333614723E-014
     0.205999994278E-005    -0.278499999981E+003    -0.169752044430E-008    -0.127532721734E-007     0.154810305645E-013
     0.318359982147E-005    -0.278499999923E+003    -0.691413580366E-008    -0.520069956686E-007     0.744302339746E-013
     0.437461562859E-005    -0.278499999759E+003    -0.214904188451E-007    -0.161844565153E-006     0.268881579807E-012
     0.563709231599E-005    -0.278499999366E+003    -0.564483230930E-007    -0.425649179641E-006     0.810958605182E-012
     0.697531753239E-005    -0.278499998514E+003    -0.132006977847E-006    -0.996701990370E-006     0.215641791769E-011
     0.839383618521E-005    -0.278499996802E+003    -0.283435408400E-006    -0.214294642105E-005     0.522270110477E-011
     0.989746587602E-005    -0.278499993554E+003    -0.569980688204E-006    -0.431547070029E-005     0.117679245248E-010
     0.114913132622E-004    -0.278499987660E+003    -0.108830128135E-005    -0.825184747333E-005     0.250340005556E-010
     0.131807914004E-004    -0.278499977346E+003    -0.199244449436E-005    -0.151302908295E-004     0.508169833158E-010
     0.149716381303E-004    -0.278499959827E+003    -0.352325717337E-005    -0.267973519923E-004     0.992199433720E-010
     0.168699355614E-004    -0.278499930795E+003    -0.605128509852E-005    -0.461012589441E-004     0.187484530292E-009
     0.188821307298E-004    -0.278499883682E+003    -0.101388032147E-004    -0.773758968942E-004     0.344510867089E-009
     0.210150574931E-004    -0.278499808590E+003    -0.166287292903E-004    -0.127137875596E-003     0.617996280805E-009
     0.232759597402E-004    -0.278499690756E+003    -0.267709331756E-004    -0.205082369636E-003     0.108560126953E-008
     0.256725159928E-004    -0.278499508372E+003    -0.423999683735E-004    -0.325493781064E-003     0.187225587882E-008
     0.282128654833E-004    -0.278499229511E+003    -0.661826212276E-004    -0.509226146712E-003     0.317674799455E-008
     0.309056357980E-004    -0.278498807842E+003    -0.101958968757E-003    -0.786456987996E-003     0.531221880210E-008
     0.337599721774E-004    -0.278498176686E+003    -0.155206914706E-003    -0.120047841359E-002     0.876730734397E-008
     0.367855685763E-004    -0.278497240901E+003    -0.233667490371E-003    -0.181286232328E-002     0.142976724214E-007
     0.399927005860E-004    -0.278495865854E+003    -0.348176594175E-003    -0.271042429761E-002     0.230617888751E-007
     0.433922603327E-004    -0.278493862638E+003    -0.513758270285E-003    -0.401451502588E-002     0.368206763335E-007
     0.469957934698E-004    -0.278490968402E+003    -0.751044879134E-003    -0.589329020431E-002     0.582291019731E-007
     0.508155383889E-004    -0.278486820463E+003    -0.108810005170E-002    -0.857774955101E-002     0.912564793305E-007
     0.548644677845E-004    -0.278480922536E+003    -0.156273012450E-002    -0.123824900870E-001     0.141790003324E-006
     0.591563327122E-004    -0.278472601125E+003    -0.222537719122E-002    -0.177322814507E-001     0.218491538665E-006
     0.637057092900E-004    -0.278460949777E+003    -0.314268967867E-002    -0.251957304278E-001     0.334004620422E-006
     0.685280482021E-004    -0.278444758602E+003    -0.440186155808E-002    -0.355274421132E-001     0.506640011180E-006
     0.736397271730E-004    -0.278422426185E+003    -0.611581568305E-002    -0.497201868648E-001     0.762709118128E-006
     0.790581065897E-004    -0.278391850882E+003    -0.842927719112E-002    -0.690686261013E-001     0.113972585385E-005
     0.848015884613E-004    -0.278350298453E+003    -0.115257370016E-001    -0.952461214113E-001     0.169076097201E-005
     0.908896789166E-004    -0.278294243199E+003    -0.156352417927E-001    -0.130396045455E+000     0.249031036797E-005
     0.973430544509E-004    -0.278219180193E+003    -0.210428644602E-001    -0.177238835822E+000     0.364213227517E-005
     0.104183632148E-003    -0.278119406978E+003    -0.280976052514E-001    -0.239195794657E+000     0.528961981966E-005
     0.111434644115E-003    -0.277987774322E+003    -0.372213404943E-001    -0.320530334577E+000     0.762940715985E-005
     0.119120716386E-003    -0.277815407504E+003    -0.489172560581E-001    -0.426506964640E+000     0.109290612499E-004
     0.127267952553E-003    -0.277591402454E+003    -0.637769491830E-001    -0.563567701654E+000     0.155498878499E-004
     0.135904022424E-003    -0.277302505265E+003    -0.824850210183E-001    -0.739524628691E+000     0.219760782293E-004
     0.145058255993E-003    -0.276932789469E+003    -0.105819479172E+000    -0.963765818260E+000     0.308516367281E-004
     0.154761743052E-003    -0.276463353238E+003    -0.134645599353E+000    -0.124746960135E+001     0.430267479286E-004
     0.165047438780E-003    -0.275872068147E+003    -0.169900052563E+000    -0.160381900230E+001     0.596154465057E-004
     0.175950275662E-003    -0.275133421630E+003    -0.212561128333E+000    -0.204820384155E+001     0.820666120806E-004
     0.187507282134E-003    -0.274218505452E+003    -0.263599905534E+000    -0.259839220739E+001     0.112250377948E-003
     0.199757708333E-003    -0.273095210189E+003    -0.323906525256E+000    -0.327464525517E+001     0.152561944278E-003
     0.212743159403E-003    -0.271728687916E+003    -0.394185791644E+000    -0.409973904701E+001     0.206044416946E-003
     0.226507736794E-003    -0.270082138521E+003    -0.474817833626E+000    -0.509884385565E+001     0.276531500212E-003
     0.241098188040E-003    -0.268117956157E+003    -0.565683221004E+000    -0.629919480504E+001     0.368809446362E-003
     0.256564065527E-003    -0.265799239711E+003    -0.665958265645E+000    -0.772946859352E+001     0.488795339805E-003
     0.272957894778E-003    -0.263091625747E+003    -0.773895273911E+000    -0.941876199463E+001     0.643725258838E-003
     0.290335352846E-003    -0.259965348644E+003    -0.886613506880E+000    -0.113950551108E+002     0.842340835425E-003
     0.308755457403E-003    -0.256397377250E+003    -0.999937977332E+000    -0.136830476989E+002     0.109505612453E-002
     0.328280767180E-003    -0.252373429046E+003    -0.110833280696E+001    -0.163012982913E+002     0.141407885040E-002
     0.348977594427E-003    -0.247889630952E+003    -0.120498143697E+001    -0.192586946293E+002     0.181345216710E-002
     0.370916230124E-003    -0.242953592729E+003    -0.128206559641E+001    -0.225504552684E+002     0.230897729345E-002
     0.394171182707E-003    -0.237584698832E+003    -0.133128660720E+001    -0.261540989963E+002     0.291797704791E-002
     0.418821431115E-003    -0.231813520193E+003    -0.134465229665E+001    -0.300260744524E+002     0.365886905611E-002
     0.444950693017E-003    -0.225680398246E+003    -0.131551510499E+001    -0.340999251514E+002     0.455053771810E-002
     0.472647709137E-003    -0.219233399550E+003    -0.123978629301E+001    -0.382869028559E+002     0.561152650172E-002
     0.502006544641E-003    -0.212525988754E+003    -0.111714972900E+001    -0.424796851594E+002     0.685911178705E-002
     0.533126908594E-003    -0.205614827008E+003    -0.951991949511E+000    -0.465593145162E+002     0.830835745139E-002
     0.566114492604E-003    -0.198558015186E+003    -0.753699977173E+000    -0.504047851721E+002     0.997127541196E-002
     0.601081329767E-003    -0.191413896769E+003    -0.536015682429E+000    -0.539040308285E+002     0.118562220661E-001
     0.638146175159E-003    -0.184240283601E+003    -0.315327398813E+000    -0.569646029175E+002     0.139676386140E-001
     0.677434909153E-003    -0.177093768707E+003    -0.108111141779E+000    -0.595222145147E+002     0.163061949243E-001
     0.719080964939E-003    -0.170028743093E+003     0.719014450372E-001    -0.615455939263E+002     0.188693279115E-001
     0.763225781689E-003    -0.163095883377E+003     0.216024888743E+000    -0.630367120095E+002     0.216520883520E-001
     0.810019284919E-003    -0.156340175665E+003     0.321657953947E+000    -0.640263550794E+002     0.246481436131E-001
     0.859620395664E-003    -0.149798855438E+003     0.391731704513E+000    -0.645660728704E+002     0.278507514867E-001
     0.912197570216E-003    -0.143499816561E+003     0.432840751480E+000    -0.647184421658E+002     0.312535404183E-001
     0.967929372233E-003    -0.137460977514E+003     0.452831763673E+000    -0.645479461045E+002     0.348510022947E-001
     0.102700507918E-002    -0.131690808545E+003     0.458752586663E+000    -0.641143213769E+002     0.386386981118E-001
     0.108962532517E-002    -0.126189851181E+003     0.455758838900E+000    -0.634691325537E+002     0.426132532724E-001
     0.115600278233E-002    -0.120952776477E+003     0.447036651501E+000    -0.626551447371E+002     0.467722483139E-001
     0.122636288312E-002    -0.115970451344E+003     0.434359386304E+000    -0.617073554480E+002     0.511140916233E-001
     0.130094458593E-002    -0.111231616573E+003     0.418771481418E+000    -0.606545253251E+002     0.556379172226E-001
     0.138000118665E-002    -0.106724024255E+003     0.401062039824E+000    -0.595204948064E+002     0.603435120367E-001
     0.146380117888E-002    -0.102435103022E+003     0.381957899308E+000    -0.583250903698E+002     0.652312589625E-001
     0.155262916586E-002    -0.983523292019E+002     0.362141713196E+000    -0.570847320028E+002     0.703020828290E-001
     0.164678682697E-002    -0.944635168747E+002     0.342221752839E+000    -0.558128559995E+002     0.755573895974E-001
     0.174659394236E-002    -0.907569217756E+002     0.322663884076E+000    -0.545205552669E+002     0.809990242425E-001
     0.185238947896E-002    -0.872214395387E+002     0.303815587210E+000    -0.532169563501E+002     0.866292324454E-001
     0.196453274170E-002    -0.838467503715E+002     0.285892654558E+000    -0.519095801079E+002     0.924506304136E-001
     0.208340459379E-002    -0.806233693603E+002     0.268973437704E+000    -0.506046737352E+002     0.984661866766E-001
     0.220940875020E-002    -0.775426138244E+002     0.253025029836E+000    -0.493074606510E+002     0.104679213463E+000
     0.234297314879E-002    -0.745965232011E+002     0.237948838745E+000    -0.480223013970E+002     0.111093362006E+000
     0.248455140365E-002    -0.717777590325E+002     0.223632668699E+000    -0.467528016997E+002     0.117712617803E+000
     0.263462434571E-002    -0.690795049139E+002     0.209988375501E+000    -0.455018969456E+002     0.124541294063E+000
     0.279370165569E-002    -0.664953804294E+002     0.196964324234E+000    -0.442719289165E+002     0.131584023121E+000
     0.296232359518E-002    -0.640193776361E+002     0.184538066321E+000    -0.430647214752E+002     0.138845746650E+000
     0.314106284138E-002    -0.616458235367E+002     0.172702677345E+000    -0.418816556021E+002     0.146331705847E+000
     0.333052643213E-002    -0.593693641498E+002     0.161456642739E+000    -0.407237415940E+002     0.154047432798E+000
     0.353135782749E-002    -0.571861663296E+002     0.151700415774E+000    -0.395909670325E+002     0.161998600319E+000
     0.374423909507E-002    -0.550888578493E+002     0.140850739526E+000    -0.384849846067E+002     0.170191387495E+000
     0.396989322653E-002    -0.530735606738E+002     0.130904039629E+000    -0.374067124899E+002     0.178632418398E+000
     0.420908659296E-002    -0.511378382981E+002     0.122082748635E+000    -0.363541282369E+002     0.187328133746E+000
     0.446263154769E-002    -0.492771011584E+002     0.113854228253E+000    -0.353281303349E+002     0.196285449468E+000
     0.473138918520E-002    -0.474876818615E+002     0.106120380302E+000    -0.343285206848E+002     0.205511545670E+000
     0.501627226558E-002    -0.457659056659E+002     0.989024020496E-001    -0.333550811392E+002     0.215013885703E+000
     0.531824831448E-002    -0.441084693074E+002     0.921752393652E-001    -0.324073805814E+002     0.224800178031E+000
     0.563834290904E-002    -0.425122135908E+002     0.859099609622E-001    -0.314849372674E+002     0.234878373777E+000
     0.597764316095E-002    -0.409740566906E+002     0.800815244518E-001    -0.305871598025E+002     0.245256640373E+000
     0.633730140856E-002    -0.394909238482E+002     0.746710157079E-001    -0.297132606948E+002     0.255943293391E+000
     0.671853913045E-002    -0.380591315128E+002     0.697077715066E-001    -0.288623374977E+002     0.266946737279E+000
     0.712265109384E-002    -0.366753701814E+002     0.650289780764E-001    -0.280328539146E+002     0.278275179394E+000
     0.755100975191E-002    -0.353346693550E+002     0.606221053747E-001    -0.272228836571E+002     0.289936366220E+000
     0.800506990496E-002    -0.340310189538E+002     0.564898097565E-001    -0.264294595001E+002     0.301936958057E+000
     0.848637364120E-002    -0.327563772593E+002     0.525906725822E-001    -0.256482139229E+002     0.314281565197E+000
     0.899655557408E-002    -0.314997408094E+002     0.490020084060E-001    -0.248729456560E+002     0.326971317314E+000
     0.953734839373E-002    -0.302467170532E+002     0.456823693027E-001    -0.240948966477E+002     0.340001687831E+000
     0.101105887516E-001    -0.289786071975E+002     0.425340879931E-001    -0.233025173203E+002     0.353359653452E+000
     0.107182234982E-001    -0.276712636365E+002     0.398113391179E-001    -0.224805527888E+002     0.367019639868E+000
     0.113623162948E-001    -0.262921618799E+002     0.367105791157E-001    -0.216093943225E+002     0.380938115174E+000
     0.120450546223E-001    -0.248104838103E+002     0.344038562583E-001    -0.206663270562E+002     0.395047828296E+000
     0.127687572104E-001    -0.231798927471E+002     0.313773953524E-001    -0.196224874725E+002     0.409248691421E+000
     0.135358819124E-001    -0.213618543691E+002     0.282597219978E-001    -0.184487808432E+002     0.423401223531E+000
     0.143490340526E-001    -0.193150826173E+002     0.242826598239E-001    -0.171146684305E+002     0.437318066802E+000
     0.152109752747E-001    -0.169915414811E+002     0.222589460377E-001    -0.155862927389E+002     0.450752548713E+000
     0.161246329208E-001    -0.143765661663E+002     0.196963444840E-001    -0.138450920910E+002     0.463402235764E+000
     0.170931099734E-001    -0.114777769400E+002     0.176660663464E-001    -0.118892997992E+002     0.474916762502E+000
     0.181196955938E-001    -0.836487615129E+001     0.157489438557E-001    -0.976065067397E+001     0.484936919172E+000
     0.192078762926E-001    -0.521579856169E+001     0.130091253488E-001    -0.757790868608E+001     0.493183065293E+000
     0.203613477710E-001    -0.233575768299E+001     0.986663226288E-002    -0.555846711205E+001     0.499594608671E+000
     0.215840274722E-001    -0.974641351845E-001     0.655130984902E-002    -0.397223239323E+001     0.504451383192E+000
     0.228800678855E-001     0.130541181554E+001    -0.630145835168E-003    -0.296436643024E+001     0.508293321972E+000
     0.242538706494E-001     0.199823031090E+001    -0.591751589109E-002    -0.247379002086E+001     0.511691831264E+000
     0.257101015006E-001     0.222792385135E+001    -0.135571750914E-001    -0.231067903858E+001     0.515056771282E+000
     0.272537061195E-001     0.223398600202E+001    -0.179751723116E-001    -0.230845816736E+001     0.518620225997E+000
     0.288899269272E-001     0.210351601499E+001    -0.239166351147E-001    -0.240141600054E+001     0.522549667690E+000
     0.306243208897E-001     0.192428242809E+001    -0.265054029054E-001    -0.252923218439E+001     0.526936593592E+000
     0.324627783907E-001     0.172967565828E+001    -0.263268918317E-001    -0.266579544768E+001     0.531837784222E+000
     0.344115432366E-001     0.155595493442E+001    -0.229671941321E-001    -0.278854296124E+001     0.537272183031E+000
     0.364772338618E-001     0.140999889595E+001    -0.162301030230E-001    -0.289101889830E+001     0.543244227774E+000
     0.386668658063E-001     0.129603904329E+001    -0.827030007542E-002    -0.297026079643E+001     0.549748030908E+000
     0.409878755421E-001     0.120188340488E+001    -0.744042220220E-003    -0.303593374790E+001     0.556794462906E+000
     0.434481457293E-001     0.111872286909E+001     0.420393734228E-002    -0.309415956634E+001     0.564406938468E+000
     0.460560319869E-001     0.104523374638E+001     0.628890848089E-002    -0.314601494890E+001     0.572611404012E+000
     0.488203912708E-001     0.981890149909E+000     0.412281213759E-002    -0.319059367729E+001     0.581431358628E+000
     0.517506119535E-001     0.946214026404E+000     0.377826917413E-002    -0.321619531099E+001     0.590855527151E+000
     0.548566457095E-001     0.942372275690E+000     0.537123989486E-002    -0.321924442523E+001     0.600854622922E+000
     0.581490413132E-001     0.971332343659E+000     0.635776334496E-002    -0.319863786753E+001     0.611385824978E+000
     0.616389804647E-001     0.103625539621E+001     0.571585015848E-002    -0.315151492466E+001     0.622384438390E+000
     0.653383157655E-001     0.115997217005E+001     0.808414783799E-002    -0.306490107060E+001     0.633722574555E+000
     0.692596109728E-001     0.132141127032E+001     0.891557648413E-002    -0.295082698992E+001     0.645293691102E+000
     0.734161836681E-001     0.151588714317E+001     0.845367103082E-002    -0.281347930374E+001     0.656988175145E+000
     0.778221504872E-001     0.172296089289E+001     0.460164180171E-002    -0.266746769882E+001     0.668740966805E+000
     0.824924750635E-001     0.191791673330E+001    -0.107815175826E-002    -0.253059205427E+001     0.680559654141E+000
     0.874430188470E-001     0.206058611338E+001    -0.899153806035E-002    -0.243065604124E+001     0.692592805628E+000
     0.926905949743E-001     0.212892510732E+001    -0.161066776040E-001    -0.238321689599E+001     0.705099203326E+000
     0.982530253690E-001     0.212741015765E+001    -0.187336830948E-001    -0.238448295712E+001     0.718363133139E+000
     0.104149201269E+000     0.208409413919E+001    -0.155153261628E-001    -0.241462161944E+001     0.732600460845E+000
     0.110399147386E+000     0.202465166453E+001    -0.812478528102E-002    -0.245560025426E+001     0.747947914124E+000
     0.117024089912E+000     0.196552111455E+001     0.209688778660E-003    -0.249631522681E+001     0.764485859087E+000
     0.124046528610E+000     0.192521311525E+001     0.757567915041E-002    -0.252389356965E+001     0.782209826803E+000
     0.131490313229E+000     0.192049632852E+001     0.131214134196E-001    -0.252660598147E+001     0.801017591166E+000
     0.139380724499E+000     0.195413026290E+001     0.156951279542E-001    -0.250260492385E+001     0.820764561593E+000
     0.147744559993E+000     0.202046650776E+001     0.147267462460E-001    -0.245613976601E+001     0.841307679807E+000
     0.156610225139E+000     0.211432604970E+001     0.108077678863E-001    -0.239046397339E+001     0.862500949543E+000
     0.166007829686E+000     0.223598045929E+001     0.583238876051E-002    -0.230511469313E+001     0.884163575205E+000
     0.175969289968E+000     0.237480769061E+001     0.123168386905E-002    -0.220745335119E+001     0.906153037510E+000
     0.185969289968E+000     0.248504849369E+001    -0.436963388463E-002    -0.213020656270E+001     0.927455147954E+000
     0.195969289968E+000     0.253198522388E+001    -0.104342417201E-001    -0.209799118277E+001     0.948435319251E+000
     0.205969289968E+000     0.251281790173E+001    -0.148493433619E-001    -0.211257689201E+001     0.969561610046E+000
     0.215969289968E+000     0.246876321553E+001    -0.156267111326E-001    -0.214381102702E+001     0.991000289841E+000
     0.225969289968E+000     0.244250932828E+001    -0.127140711795E-001    -0.216197582276E+001     0.101262042191E+001
     0.235969289968E+000     0.244631088525E+001    -0.683742122184E-002    -0.215823602284E+001     0.103420289044E+001
     0.245969289968E+000     0.247658626157E+001     0.520654186599E-003    -0.213542887521E+001     0.105555717983E+001
     0.255969289968E+000     0.252106123932E+001     0.827905051122E-002    -0.210253398541E+001     0.107658268268E+001
     0.265969289968E+000     0.256406864286E+001     0.146618879355E-001    -0.207094232229E+001     0.109729262492E+001
     0.275969289968E+000     0.259272084211E+001     0.179353538647E-001    -0.205015327593E+001     0.111779494218E+001
     0.285969289968E+000     0.260145870274E+001     0.177836481761E-001    -0.204410804511E+001     0.113823679620E+001
     0.295969289968E+000     0.259101425732E+001     0.151111167387E-001    -0.205175869281E+001     0.115875493959E+001
     0.305969289968E+000     0.257863569746E+001     0.113032951163E-001    -0.206158341429E+001     0.117937108360E+001
     0.315969289968E+000     0.256744716831E+001     0.781551900714E-002    -0.207019559236E+001     0.120007318705E+001
     0.325969289968E+000     0.256789949442E+001     0.518474024238E-002    -0.207027409274E+001     0.122077599290E+001
     0.335969289968E+000     0.258493803561E+001     0.337384250194E-002    -0.205857845292E+001     0.124136180507E+001
     0.345969289968E+000     0.261477688225E+001     0.202729176082E-002    -0.203760872106E+001     0.126173790237E+001
     0.355969289968E+000     0.265225350959E+001     0.131628392992E-002    -0.201126663146E+001     0.128185057299E+001
     0.365969289968E+000     0.268339237452E+001     0.770340989618E-003    -0.198918570195E+001     0.130174243150E+001
     0.375969289968E+000     0.270272505125E+001    -0.246086674905E-003    -0.197584795223E+001     0.132150091118E+001
     0.385969289968E+000     0.270649746973E+001    -0.170881878638E-002    -0.197349785195E+001     0.134123589710E+001
     0.395969289968E+000     0.270237499351E+001    -0.314646180318E-002    -0.197682105814E+001     0.136100413272E+001
     0.405969289968E+000     0.269569492018E+001    -0.491118584088E-002    -0.198179867934E+001     0.138082218036E+001
     0.415969289968E+000     0.269424222670E+001    -0.603078193048E-002    -0.198287461153E+001     0.140065101819E+001
     0.425969289968E+000     0.270567110399E+001    -0.556900063686E-002    -0.197496366370E+001     0.142040073334E+001
     0.435969289968E+000     0.271958363241E+001    -0.439059835742E-002    -0.196472699045E+001     0.144004805231E+001
     0.445969289968E+000     0.273878397800E+001    -0.207731543918E-002    -0.195061667741E+001     0.145955423014E+001
     0.455969289968E+000     0.276178608802E+001     0.101852548631E-002    -0.193367644659E+001     0.147889099729E+001
     0.465969289968E+000     0.278697415153E+001     0.440076167551E-002    -0.191514754539E+001     0.149804252331E+001
     0.475969289968E+000     0.281156919194E+001     0.764172776819E-002    -0.189718428040E+001     0.151701452001E+001
     0.485969289968E+000     0.283170338696E+001     0.989723727752E-002    -0.188259042058E+001     0.153584068438E+001
     0.495969289968E+000     0.284303426122E+001     0.109749570617E-001    -0.187446286690E+001     0.155458563433E+001
     0.505969289968E+000     0.284067575441E+001     0.100423287749E-001    -0.187600112256E+001     0.157334591434E+001
     0.515969289968E+000     0.283559823202E+001     0.939099172112E-002    -0.188023726703E+001     0.159214852153E+001
     0.525969289968E+000     0.282603992879E+001     0.711946466941E-002    -0.188754895862E+001     0.161102414538E+001
     0.535969289968E+000     0.281533795706E+001     0.496223187916E-002    -0.189572874679E+001     0.162998149780E+001
     0.545969289968E+000     0.280591518015E+001     0.306724782982E-002    -0.190273012669E+001     0.164900882379E+001
     0.555969289968E+000     0.279999888105E+001     0.145184012663E-002    -0.190710034337E+001     0.166807983275E+001
     0.565969289968E+000     0.280324172106E+001     0.209238206429E-003    -0.190500514105E+001     0.168712988427E+001
     0.575969289968E+000     0.281069446449E+001    -0.640332608140E-003    -0.189956623878E+001     0.170612554774E+001
     0.585969289968E+000     0.282926213385E+001    -0.626203527436E-003    -0.188665124337E+001     0.172499206121E+001
     0.595969289968E+000     0.284998106300E+001    -0.376301151695E-003    -0.187202241275E+001     0.174371228572E+001
     0.605969289968E+000     0.287147514496E+001    -0.246557042178E-003    -0.185663929200E+001     0.176227867880E+001
     0.615969289968E+000     0.289391299093E+001     0.639564923648E-003    -0.184061466827E+001     0.178068482660E+001
     0.625969289968E+000     0.291413980034E+001     0.164034312646E-002    -0.182610785799E+001     0.179894591254E+001
     0.635969289968E+000     0.292991818232E+001     0.258468679124E-002    -0.181479399287E+001     0.181709387088E+001
     0.645969289968E+000     0.293998053561E+001     0.348687448886E-002    -0.180757134470E+001     0.183516961796E+001
     0.655969289968E+000     0.294010702629E+001     0.318491477810E-002    -0.180750253868E+001     0.185324467140E+001
     0.665969289968E+000     0.293950366211E+001     0.326258130359E-002    -0.180819722150E+001     0.187132667305E+001
     0.675969289968E+000     0.293299374415E+001     0.219933118986E-002    -0.181307105969E+001     0.188945739699E+001
     0.685969289968E+000     0.292078672894E+001     0.174122279179E-002    -0.182164163015E+001     0.190767382161E+001
     0.695969289968E+000     0.291084824183E+001     0.118742895376E-002    -0.182878650468E+001     0.192596169051E+001
     0.705969289968E+000     0.290270813225E+001     0.446703497597E-003    -0.183467872305E+001     0.194430847829E+001
     0.715969289968E+000     0.289608142811E+001     0.179921254626E-003    -0.183940543244E+001     0.196270253270E+001
     0.725969289968E+000     0.289358722559E+001     0.365157590895E-003    -0.184123444354E+001     0.198111487750E+001
     0.735969289968E+000     0.289399557078E+001     0.384186306789E-003    -0.184106315397E+001     0.199952550944E+001
     0.745969289968E+000     0.289141418304E+001     0.199147682607E-004    -0.184224316749E+001     0.201794794111E+001
     0.755969289968E+000     0.289804034956E+001     0.114408715858E-002    -0.183765570291E+001     0.203632450170E+001
