 #        time                      h  [L]            Darcian flow [L.T^{-1}]   in    x         z              directions   cumulative flux
 #-----------------------------------------------------------------------------------------------

     0.100000000000E-005    -0.280000000000E+003    -0.151733419804E-013    -0.309693789013E-014     0.154861657988E-019
     0.205999994278E-005    -0.280000000000E+003    -0.202311226405E-013    -0.626904148183E-014     0.379371348568E-019
     0.318359982147E-005    -0.280000000000E+003    -0.151733419804E-013    -0.309693789013E-014     0.553373888698E-019
     0.437461562859E-005    -0.280000000000E+003    -0.505778066013E-014     0.324726929327E-014     0.624959688514E-019
     0.563709231599E-005    -0.280000000000E+003    -0.786146445611E-030    -0.641937288497E-014     0.706002774664E-019
     0.697531753239E-005    -0.280000000000E+003    -0.505778066013E-014    -0.317210359170E-014     0.785897606773E-019
     0.839383618521E-005    -0.280000000000E+003    -0.505778066013E-014    -0.160108493616E-013     0.102407717135E-018
     0.989746587602E-005    -0.280000000000E+003    -0.505778066013E-014    -0.160108493616E-013     0.127654749616E-018
     0.114913132622E-004    -0.280000000000E+003    -0.505778066013E-014    -0.959147647667E-014     0.144937345209E-018
     0.131807914004E-004    -0.280000000000E+003    -0.101155613203E-013     0.751657015730E-016     0.162027836724E-018
     0.149716381303E-004    -0.280000000000E+003    -0.101155613203E-013     0.751657015730E-016     0.180143756752E-018
     0.168699355614E-004    -0.280000000000E+003    -0.151733419804E-013     0.974180787982E-014     0.214372808730E-018
     0.188821307298E-004    -0.280000000000E+003    -0.151733419804E-013     0.161611807648E-013     0.258978871948E-018
     0.210150574931E-004    -0.280000000000E+003    -0.252889033006E-013     0.162363464664E-013     0.323078469698E-018
     0.232759597402E-004    -0.280000000000E+003    -0.252889033006E-013     0.162363464664E-013     0.391024039647E-018
     0.256725159928E-004    -0.280000000000E+003    -0.202311226405E-013     0.150331403146E-015     0.439510401646E-018
     0.282128654833E-004    -0.280000000000E+003    -0.252889033006E-013    -0.302177218855E-014     0.504210052950E-018
     0.309056357980E-004    -0.280000000000E+003    -0.252889033006E-013    -0.944114507352E-014     0.576898087039E-018
     0.337599721774E-004    -0.280000000000E+003    -0.354044646209E-013    -0.294660648698E-014     0.678303729063E-018
     0.367855685763E-004    -0.280000000000E+003    -0.404622452810E-013    -0.125380829637E-013     0.806468964535E-018
     0.399927005860E-004    -0.280000000000E+003    -0.455200259411E-013    -0.157101865553E-013     0.960907697111E-018
     0.433922603327E-004    -0.280000000000E+003    -0.505778066013E-013    -0.604354437711E-014     0.113407310684E-017
     0.469957934698E-004    -0.280000000000E+003    -0.455200259411E-013    -0.287144078541E-014     0.129843206382E-017
     0.508155383889E-004    -0.280000000000E+003    -0.505778066013E-013     0.679520139284E-014     0.149336219441E-017
     0.548644677845E-004    -0.280000000000E+003    -0.556355872614E-013     0.362309780114E-014     0.171910391241E-017
     0.591563327122E-004    -0.280000000000E+003    -0.657511485817E-013     0.369826350271E-014     0.200174499226E-017
     0.637057092900E-004    -0.280000000000E+003    -0.758667099019E-013     0.377342920428E-014     0.234731787823E-017
     0.685280482021E-004    -0.280000000000E+003    -0.758667099019E-013     0.377342920428E-014     0.271362511758E-017
     0.736397271730E-004    -0.280000000000E+003    -0.708089292418E-013     0.133649056810E-013     0.308196850350E-017
     0.790581065897E-004    -0.280000000000E+003    -0.657511485817E-013     0.101176363877E-013     0.344242637667E-017
     0.848015884613E-004    -0.280000000000E+003    -0.657511485817E-013     0.369826350271E-014     0.382066379691E-017
     0.908896789166E-004    -0.280000000000E+003    -0.657511485817E-013     0.101176363877E-013     0.422567421948E-017
     0.973430544509E-004    -0.280000000000E+003    -0.657511485817E-013     0.369826350271E-014     0.465066173898E-017
     0.104183632148E-003    -0.280000000000E+003    -0.657511485817E-013    -0.272110938226E-014     0.510082258384E-017
     0.111434644115E-003    -0.280000000000E+003    -0.657511485817E-013    -0.914048226723E-014     0.558216974813E-017
     0.119120716386E-003    -0.280000000000E+003    -0.606933679215E-013    -0.188071244455E-013     0.607054648409E-017
     0.127267952553E-003    -0.280000000000E+003    -0.606933679215E-013    -0.596837867553E-014     0.656741478132E-017
     0.135904022424E-003    -0.280000000000E+003    -0.708089292418E-013    -0.589321297396E-014     0.718103987199E-017
     0.145058255993E-003    -0.280000000000E+003    -0.758667099019E-013    -0.906531656566E-014     0.788048188427E-017
     0.154761743052E-003    -0.280000000000E+003    -0.708089292418E-013     0.526159911011E-015     0.856759438162E-017
     0.165047438780E-003    -0.280000000000E+003    -0.758667099019E-013    -0.264594368069E-014     0.934841071587E-017
     0.175950275662E-003    -0.280000000000E+003    -0.758667099019E-013    -0.264594368069E-014     0.101760759855E-016
     0.187507282134E-003    -0.280000000000E+003    -0.758667099019E-013    -0.264594368069E-014     0.110534011239E-016
     0.199757708333E-003    -0.280000000000E+003    -0.657511485817E-013    -0.914048226723E-014     0.118666266349E-016
     0.212743159403E-003    -0.280000000000E+003    -0.657511485817E-013    -0.155598551522E-013     0.127440168312E-016
     0.226507736794E-003    -0.280000000000E+003    -0.758667099019E-013    -0.219040623356E-013     0.138309431687E-016
     0.241098188040E-003    -0.280000000000E+003    -0.859822712222E-013    -0.257077797911E-014     0.150860239164E-016
     0.256564065527E-003    -0.280000000000E+003    -0.859822712222E-013     0.384859490586E-014     0.164171466326E-016
     0.272957894778E-003    -0.280000000000E+003    -0.960978325424E-013     0.392376060743E-014     0.179938707769E-016
     0.290335352846E-003    -0.280000000000E+003    -0.101155613203E-012     0.200097756706E-013     0.197857596661E-016
     0.308755457403E-003    -0.280000000000E+003    -0.101155613203E-012     0.264291485556E-013     0.217116041029E-016
     0.328280767180E-003    -0.280000000000E+003    -0.910400518823E-013     0.199346099691E-013     0.235313042843E-016
     0.348977594427E-003    -0.280000000000E+003    -0.960978325424E-013     0.167625063774E-013     0.255502556523E-016
     0.370916230124E-003    -0.280000000000E+003    -0.960978325424E-013     0.231818792623E-013     0.277189863815E-016
     0.394171182707E-003    -0.280000000000E+003    -0.859822712222E-013     0.231067135608E-013     0.297894440639E-016
     0.418821431115E-003    -0.280000000000E+003    -0.910400518823E-013     0.199346099691E-013     0.320867731209E-016
     0.444950693017E-003    -0.280000000000E+003    -0.960978325424E-013     0.296012521473E-013     0.347141646101E-016
     0.472647709137E-003    -0.280000000000E+003    -0.960978325424E-013     0.296012521473E-013     0.374991994384E-016
     0.502006544641E-003    -0.280000000000E+003    -0.910400518823E-013     0.263539828540E-013     0.402817640522E-016
     0.533126908594E-003    -0.280000000000E+003    -0.101155613203E-012     0.392678943256E-013     0.436586355345E-016
     0.566114492604E-003    -0.280000000000E+003    -0.101155613203E-012     0.328485214406E-013     0.471670451397E-016
     0.601081329767E-003    -0.280000000000E+003    -0.106213393863E-012     0.232570449639E-013     0.509689832786E-016
     0.638146175159E-003    -0.280000000000E+003    -0.960978325424E-013     0.167625063774E-013     0.545846157336E-016
     0.677434909153E-003    -0.280000000000E+003    -0.859822712222E-013     0.231067135608E-013     0.580826087240E-016
     0.719080964939E-003    -0.280000000000E+003    -0.101155613203E-012     0.328485214406E-013     0.625118940604E-016
     0.763225781689E-003    -0.280000000000E+003    -0.859822712222E-013     0.231067135608E-013     0.664422385601E-016
     0.810019284919E-003    -0.280000000000E+003    -0.910400518823E-013     0.199346099691E-013     0.708032524075E-016
     0.859620395664E-003    -0.280000000000E+003    -0.758667099019E-013     0.230315478592E-013     0.747359073287E-016
     0.912197570216E-003    -0.280000000000E+003    -0.657511485817E-013     0.229563821576E-013     0.783975627381E-016
     0.967929372233E-003    -0.280000000000E+003    -0.657511485817E-013     0.293757550426E-013     0.824110839327E-016
     0.102700507918E-002    -0.280000000000E+003    -0.657511485817E-013     0.229563821576E-013     0.865253195066E-016
     0.108962532517E-002    -0.280000000000E+003    -0.708089292418E-013     0.197842785659E-013     0.911292160949E-016
     0.115600278233E-002    -0.280000000000E+003    -0.556355872614E-013     0.100424706861E-013     0.948818442449E-016
     0.122636288312E-002    -0.280000000000E+003    -0.505778066013E-013     0.132145742778E-013     0.985599614961E-016
     0.130094458593E-002    -0.280000000000E+003    -0.505778066013E-013     0.132145742778E-013     0.102458765572E-015
     0.138000118665E-002    -0.280000000000E+003    -0.505778066013E-013     0.132145742778E-013     0.106591497669E-015
     0.146380117888E-002    -0.280000000000E+003    -0.303466839608E-013     0.194836157596E-013     0.109613568123E-015
     0.155262916586E-002    -0.280000000000E+003    -0.303466839608E-013     0.130642428747E-013     0.112548383070E-015
     0.164678682697E-002    -0.280000000000E+003    -0.404622452810E-013     0.672003569126E-014     0.116410399515E-015
     0.174659394236E-002    -0.280000000000E+003    -0.404622452810E-013     0.195587814612E-013     0.120895881883E-015
     0.185238947896E-002    -0.280000000000E+003    -0.202311226405E-013     0.194084500581E-013     0.123861906983E-015
     0.196453274170E-002    -0.280000000000E+003    -0.202311226405E-013     0.194084500581E-013     0.127005893419E-015
     0.208340459379E-002    -0.280000000000E+003    -0.404622452810E-013     0.323975272311E-013     0.133167530836E-015
     0.220940875020E-002    -0.280000000000E+003    -0.354044646209E-013     0.355696308228E-013     0.139491225840E-015
     0.234297314879E-002    -0.280000000000E+003    -0.354044646209E-013     0.291502579379E-013     0.145616596995E-015
     0.248455140365E-002    -0.280000000000E+003    -0.404622452810E-013     0.195587814612E-013     0.151979337401E-015
     0.263462434571E-002    -0.280000000000E+003    -0.404622452810E-013     0.259781543462E-013     0.159195424055E-015
     0.279370165569E-002    -0.280000000000E+003    -0.354044646209E-013     0.227308850529E-013     0.165888344065E-015
     0.296232359518E-002    -0.280000000000E+003    -0.455200259411E-013     0.292254236394E-013     0.175009837415E-015
     0.314106284138E-002    -0.280000000000E+003    -0.455200259411E-013     0.292254236394E-013     0.184678619843E-015
     0.333052643213E-002    -0.280000000000E+003    -0.556355872614E-013     0.164618435711E-013     0.195671281808E-015
     0.353135782749E-002    -0.280000000000E+003    -0.505778066013E-013     0.196339471628E-013     0.206567391711E-015
     0.374423909507E-002    -0.280000000000E+003    -0.556355872614E-013     0.293005893410E-013     0.219953278988E-015
     0.396989322653E-002    -0.280000000000E+003    -0.505778066013E-013     0.324726929327E-013     0.233516181668E-015
     0.420908659296E-002    -0.280000000000E+003    -0.455200259411E-013     0.228060507545E-013     0.245694363067E-015
     0.446263154769E-002    -0.280000000000E+003    -0.354044646209E-013     0.163115121679E-013     0.255577874343E-015
     0.473138918520E-002    -0.280000000000E+003    -0.354044646209E-013     0.163115121679E-013     0.266054395730E-015
     0.501627226558E-002    -0.280000000000E+003    -0.101155613203E-013     0.129139114715E-013     0.270727639266E-015
     0.531824831448E-002    -0.280000000000E+003    -0.404622452810E-013     0.131394085762E-013     0.283574359658E-015
     0.563834290904E-002    -0.280000000000E+003    -0.354044646209E-013     0.989213928296E-014     0.295341180346E-015
     0.597764316095E-002    -0.280000000000E+003    -0.354044646209E-013     0.989213928296E-014     0.307814009601E-015
     0.633730140856E-002    -0.280000000000E+003    -0.303466839608E-013     0.130642428747E-013     0.319696868110E-015
     0.671853913045E-002    -0.280000000000E+003    -0.252889033006E-013     0.339760069642E-014     0.329424575127E-015
     0.712265109384E-002    -0.280000000000E+003    -0.303466839608E-013     0.664486998969E-014     0.341978581892E-015
     0.755100975191E-002    -0.280000000000E+003    -0.505778066013E-014     0.966664217824E-014     0.346651916275E-015
     0.800506990496E-002    -0.280000000000E+003    -0.505778066013E-014     0.966664217824E-014     0.351605650454E-015
     0.848637364120E-002    -0.280000000000E+003    -0.252889033006E-013     0.419138380062E-013     0.375166431651E-015
     0.899655557408E-002    -0.280000000000E+003    -0.151733419804E-013     0.974180787982E-014     0.384365750795E-015
     0.953734839373E-002    -0.280000000000E+003    -0.202311226405E-013     0.194084500581E-013     0.399527118924E-015
     0.101105887516E-001    -0.280000000000E+003    -0.101155613203E-013     0.193332843565E-013     0.412035066756E-015
     0.107182234982E-001    -0.280000000000E+003    -0.151733419804E-013     0.225805536498E-013     0.428565766518E-015
     0.113623162948E-001    -0.280000000000E+003     0.000000000000E+000     0.000000000000E+000     0.428565766518E-015
     0.120450546223E-001    -0.280000000000E+003     0.505778066013E-014     0.317210359170E-014     0.432641856506E-015
     0.127687572104E-001    -0.280000000000E+003     0.786146445611E-030     0.641937288497E-014     0.437287573276E-015
     0.135358819124E-001    -0.280000000000E+003    -0.505778066013E-014     0.324726929327E-014     0.441898363076E-015
     0.143490340526E-001    -0.280000000000E+003    -0.314458578245E-029    -0.256774915399E-013     0.462778070277E-015
     0.152109752747E-001    -0.280000000000E+003    -0.101155613203E-013     0.751657015730E-016     0.471497330272E-015
     0.161246329208E-001    -0.280000000000E+003    -0.505778066013E-014     0.966664217824E-014     0.481465210252E-015
     0.170931099734E-001    -0.280000000000E+003    -0.252889033006E-013    -0.302177218855E-014     0.506131157922E-015
     0.181196955938E-001    -0.280000000000E+003     0.471687867367E-029     0.385162373098E-013     0.545671373293E-015
     0.192078762926E-001    -0.280000000000E+003     0.101155613203E-013     0.256023258383E-013     0.575627066244E-015
     0.203613477710E-001    -0.280000000000E+003     0.252889033006E-013     0.944114507352E-014     0.606763614984E-015
     0.215840274722E-001    -0.280000000000E+003     0.303466839608E-012    -0.985455643218E-013     0.996879593747E-015
     0.228800678855E-001    -0.280000000012E+003    -0.122593016519E-008     0.527875090506E-009     0.173088649041E-011
     0.242538706494E-001    -0.280000000005E+003    -0.520981754657E-009     0.202936012283E-009     0.249899460892E-011
     0.257101015006E-001    -0.280000000003E+003    -0.267480730205E-009     0.944425870376E-010     0.291207507827E-011
     0.272537061195E-001    -0.279999983510E+003     0.177237712543E-005    -0.742999962165E-006     0.296943327020E-008
     0.288899269272E-001    -0.279999993309E+003     0.714935765447E-006    -0.267433379449E-006     0.421838941309E-008
     0.306243208897E-001    -0.279999996495E+003     0.350314745187E-006    -0.117467121483E-006     0.485922145022E-008
     0.324627783907E-001    -0.279999997636E+003     0.212467967168E-006    -0.672131290212E-007     0.526891394654E-008
     0.344115432366E-001    -0.279999910674E+003     0.967415095364E-005    -0.388471907074E-005     0.255847513809E-007
     0.364772338618E-001    -0.279999966074E+003     0.361058253121E-005    -0.127506278513E-005     0.334945101493E-007
     0.386668658063E-001    -0.279999982984E+003     0.164004869490E-005    -0.515244504195E-006     0.372586629981E-007
     0.409878755421E-001    -0.279999989614E+003     0.843003411435E-006    -0.242617169937E-006     0.392947030142E-007
     0.434481457293E-001    -0.279999993855E+003     0.362761374880E-006    -0.886686378363E-007     0.402134679891E-007
     0.460560319869E-001    -0.279999995111E+003     0.232354417285E-006    -0.603104709887E-007     0.408395015451E-007
     0.488203912708E-001    -0.279999996047E+003     0.149486925307E-006    -0.399491134505E-007     0.412672388931E-007
     0.517506119535E-001    -0.279999996719E+003     0.995660413579E-007    -0.272914219065E-007     0.415697509127E-007
     0.548566457095E-001    -0.279999996528E+003     0.146137722974E-006    -0.474601851978E-007     0.420469968478E-007
     0.581490413132E-001    -0.279999997384E+003     0.724879622168E-007    -0.207809800534E-007     0.422952695390E-007
     0.616389804647E-001    -0.280000043523E+003    -0.512188033458E-005     0.183640582028E-005     0.612845298813E-007
     0.653383157655E-001    -0.280000012100E+003    -0.150556912222E-005     0.457578109711E-006     0.671056853646E-007
     0.692596109728E-001    -0.280000004386E+003    -0.542663495362E-006     0.145634977656E-006     0.693089271684E-007
     0.734161836681E-001    -0.280000022771E+003    -0.261314744847E-005     0.877501350067E-006     0.807667127821E-007
     0.778221504872E-001    -0.280000006309E+003    -0.698146980194E-006     0.194914982497E-006     0.839603581789E-007
     0.824924750635E-001    -0.280000002507E+003    -0.235175213623E-006     0.587807739317E-007     0.850924911007E-007
     0.874430188470E-001    -0.280000001274E+003    -0.955202431250E-007     0.239560067052E-007     0.855800130292E-007
     0.926905949743E-001    -0.280000000719E+003    -0.436738952847E-007     0.118546135414E-007     0.858174877945E-007
     0.982530253690E-001    -0.280000000939E+003    -0.827674389944E-007     0.260804313249E-007     0.863001913203E-007
     0.104149201269E+000    -0.280000000355E+003    -0.250163040247E-007     0.737355452953E-008     0.864539656647E-007
     0.110399147386E+000    -0.280000000168E+003    -0.107646060666E-007     0.391250181108E-008     0.865255499006E-007
     0.117024089912E+000    -0.280000000069E+003    -0.566767313788E-008     0.199283701971E-008     0.865653513722E-007
     0.124046528610E+000    -0.280000000008E+003    -0.337202236588E-008     0.117090812713E-008     0.865904181938E-007
     0.131490313229E+000    -0.279999999972E+003    -0.209837204075E-008     0.156160846162E-008     0.866098887585E-007
     0.139380724499E+000    -0.279999999943E+003    -0.142718431621E-008     0.532512833043E-009     0.866219081756E-007
     0.147744559993E+000    -0.279999999914E+003     0.283953922017E-009    -0.130266336774E-009     0.866245211100E-007
     0.156610225139E+000    -0.279999999911E+003    -0.483235537956E-009     0.679161043551E-010     0.866288474199E-007
     0.166007829686E+000    -0.279999982248E+003     0.213789747595E-005    -0.594327413221E-006     0.107481855976E-006
     0.175969289968E+000    -0.279999997028E+003     0.313945172713E-006    -0.677119577915E-007     0.110681120978E-006
     0.185969289968E+000    -0.279999998994E+003     0.658006293837E-007    -0.271206666623E-008     0.111339685943E-006
     0.195969289968E+000    -0.279999999412E+003     0.185207735048E-007    -0.330656500963E-008     0.111527822176E-006
     0.205969289968E+000    -0.279999999598E+003     0.484214725517E-008    -0.173576629537E-008     0.111579260756E-006
     0.215969289968E+000    -0.279999999712E+003     0.178437996326E-008     0.626464035803E-008     0.111644398863E-006
     0.225969289968E+000    -0.279999998080E+003     0.198718126467E-006    -0.631681340225E-007     0.113729563292E-006
     0.235969289968E+000    -0.279999999500E+003     0.295785387001E-007    -0.682848230449E-008     0.114033128462E-006
     0.245969289968E+000    -0.279999999691E+003     0.676140305227E-008    -0.136034609557E-008     0.114102097377E-006
     0.255969289968E+000    -0.279999999741E+003     0.229435093008E-008    -0.324594369661E-009     0.114125269359E-006
     0.265969289968E+000    -0.279999999616E+003     0.191512865289E-008    -0.338877144966E-007     0.114464687230E-006
     0.275969289968E+000    -0.279999999702E+003     0.115222818830E-008    -0.205692277048E-008     0.114488263831E-006
     0.285969289968E+000    -0.279999999691E+003     0.214314857780E-008     0.685880281385E-008     0.114560122207E-006
     0.295969289968E+000    -0.279999999507E+003     0.339670434923E-008    -0.303746612660E-007     0.114865762134E-006
     0.305969289968E+000    -0.279999999572E+003     0.326591013913E-009    -0.406735346708E-008     0.114906566577E-006
     0.315969289968E+000    -0.280000000915E+003    -0.166322308713E-006     0.471817658924E-007     0.116635416756E-006
     0.325969289968E+000    -0.279999999339E+003     0.244900522648E-007    -0.468329708714E-008     0.116884755066E-006
     0.335969289968E+000    -0.279999999482E+003     0.525836214750E-008     0.163109987442E-008     0.116939810365E-006
     0.345969289968E+000    -0.279999998395E+003     0.135624106921E-006    -0.353449310259E-007     0.118341351036E-006
     0.355969289968E+000    -0.279999999196E+003     0.227682320119E-007    -0.301894744740E-007     0.118719477570E-006
     0.365969289968E+000    -0.279999999389E+003     0.635246632704E-008    -0.146224169202E-008     0.118784663442E-006
     0.375969289968E+000    -0.279999999391E+003     0.453294995664E-008     0.185156165654E-008     0.118833628650E-006
     0.385969289968E+000    -0.279999999386E+003     0.381034483032E-008     0.194393287966E-008     0.118876404348E-006
     0.395969289968E+000    -0.279999999448E+003     0.315483622084E-008     0.157280904355E-007     0.119036818131E-006
     0.405969289968E+000    -0.279999999508E+003    -0.115548186041E-007    -0.300265719118E-008     0.119156203969E-006
     0.415969289968E+000    -0.279999999458E+003    -0.306860611773E-009    -0.450160423449E-009     0.119161651977E-006
     0.425969289968E+000    -0.279999999465E+003     0.130666752362E-008     0.238964213514E-009     0.119174935365E-006
     0.435969289968E+000    -0.279999990657E+003     0.107341030104E-005    -0.294017542160E-006     0.130304427669E-006
     0.445969289968E+000    -0.279999998055E+003     0.158992242888E-006    -0.330711257933E-007     0.131928380644E-006
     0.455969289968E+000    -0.279999999027E+003     0.345771991143E-007    -0.608860250778E-008     0.132279472338E-006
     0.465969289968E+000    -0.279999999256E+003     0.108911265298E-007    -0.176222986606E-008     0.132389800074E-006
     0.475969289968E+000    -0.279999999336E+003     0.486521580309E-008    -0.311367957879E-008     0.132447562800E-006
     0.485969289968E+000    -0.279999999391E+003     0.290840091617E-008    -0.371720843887E-009     0.132476883394E-006
     0.495969289968E+000    -0.279999999380E+003     0.242307651299E-008    -0.934270601185E-008     0.132573401504E-006
     0.505969289968E+000    -0.279999999389E+003     0.143775002644E-008    -0.908741038926E-008     0.132665405934E-006
     0.515969289968E+000    -0.279999999409E+003     0.205550735898E-008     0.178292702663E-009     0.132686038188E-006
     0.525969289968E+000    -0.279999999401E+003     0.247049320649E-008     0.122188461160E-008     0.132713599644E-006
     0.535969289968E+000    -0.279999999418E+003     0.164226138806E-009     0.170113960756E-008     0.132730690127E-006
     0.545969289968E+000    -0.279999993031E+003     0.776781740910E-006    -0.211918510989E-006     0.140782393849E-006
     0.555969289968E+000    -0.279999998377E+003     0.115800150558E-006    -0.234646451014E-007     0.141963929479E-006
     0.565969289968E+000    -0.279999999159E+003     0.158963922958E-007    -0.200978213692E-008     0.142124158850E-006
     0.575969289968E+000    -0.279999999264E+003     0.685210425671E-008    -0.914536638297E-009     0.142193287505E-006
     0.585969289968E+000    -0.279999999289E+003     0.642152526969E-008    -0.401240780590E-008     0.142269007650E-006
     0.595969289968E+000    -0.279999999292E+003     0.299320472733E-008    -0.142654627931E-007     0.142414768654E-006
     0.605969289968E+000    -0.280000015412E+003    -0.195034627243E-005     0.535532562676E-006     0.162640113417E-006
     0.615969289968E+000    -0.280000005000E+003    -0.655497000978E-006     0.160746004466E-006     0.169389302971E-006
     0.625969289968E+000    -0.280000000779E+003    -0.118547549924E-006     0.323769984955E-007     0.170618196441E-006
     0.635969289968E+000    -0.280000000033E+003    -0.246565542670E-007     0.208403947017E-007     0.170941038155E-006
     0.645969289968E+000    -0.279999999796E+003    -0.255498342470E-008     0.853913971689E-008     0.171030169994E-006
     0.655969289968E+000    -0.280000000286E+003    -0.797834550608E-008     0.118538664748E-006     0.172218238554E-006
     0.665969289968E+000    -0.280000000021E+003    -0.471153511090E-008     0.668527489175E-008     0.172300025756E-006
     0.675969289968E+000    -0.279999999992E+003     0.119066428395E-007    -0.126271211988E-007     0.172473580454E-006
     0.685969289968E+000    -0.280000000222E+003    -0.629967822769E-008    -0.165811621476E-007     0.172650956012E-006
     0.695969289968E+000    -0.280000000368E+003    -0.881912566638E-008     0.254858100824E-008     0.172742755926E-006
     0.705969289968E+000    -0.280000013418E+003    -0.177067927146E-005     0.132790328003E-006     0.190499271219E-006
     0.715969289968E+000    -0.280000002019E+003    -0.263207017597E-006     0.441484399100E-007     0.193168110271E-006
     0.725969289968E+000    -0.279999999946E+003    -0.417135958701E-007     0.283438793775E-007     0.193672431556E-006
     0.735969289968E+000    -0.279999999337E+003    -0.157017334677E-007     0.265425787691E-007     0.193980823015E-006
     0.745969289968E+000    -0.279999998281E+003     0.792601834146E-007    -0.365317893116E-008     0.194774266295E-006
     0.755969289968E+000    -0.279999999761E+003    -0.119963415903E-006     0.469214228059E-007     0.196062398318E-006
