 #        time                      h  [L]            Darcian flow [L.T^{-1}]   in    x         z              directions   cumulative flux
 #-----------------------------------------------------------------------------------------------

     0.100000000000E-005    -0.280000000000E+003     0.786146445611E-030     0.641937288497E-014     0.641937288497E-020
     0.205999994278E-005    -0.280000000000E+003     0.101155613203E-013    -0.751657015730E-016     0.171421633244E-019
     0.318359982147E-005    -0.280000000000E+003     0.000000000000E+000     0.000000000000E+000     0.171421633244E-019
     0.437461562859E-005    -0.280000000000E+003     0.786146445611E-030     0.641937288497E-014     0.247877379022E-019
     0.563709231599E-005    -0.280000000000E+003     0.786146445611E-030     0.641937288497E-014     0.328920465172E-019
     0.697531753239E-005    -0.280000000000E+003    -0.101155613203E-013     0.751657015730E-016     0.464293194709E-019
     0.839383618521E-005    -0.280000000000E+003    -0.101155613203E-013    -0.634420718340E-014     0.633670229638E-019
     0.989746587602E-005    -0.280000000000E+003    -0.101155613203E-013     0.649453858654E-014     0.814421036471E-019
     0.114913132622E-004    -0.280000000000E+003    -0.101155613203E-013     0.193332843565E-013     0.116219417708E-018
     0.131807914004E-004    -0.280000000000E+003    -0.151733419804E-013     0.225805536498E-013     0.162181660676E-018
     0.149716381303E-004    -0.280000000000E+003    -0.202311226405E-013     0.194084500581E-013     0.212388848248E-018
     0.168699355614E-004    -0.280000000000E+003    -0.252889033006E-013     0.226557193513E-013     0.276841853877E-018
     0.188821307298E-004    -0.280000000000E+003    -0.303466839608E-013     0.259029886446E-013     0.357125315529E-018
     0.210150574931E-004    -0.280000000000E+003    -0.404622452810E-013     0.259781543462E-013     0.459684671931E-018
     0.232759597402E-004    -0.280000000000E+003    -0.505778066013E-013     0.260533200477E-013     0.588315704638E-018
     0.256725159928E-004    -0.280000000000E+003    -0.556355872614E-013     0.228812164561E-013     0.732485418549E-018
     0.282128654833E-004    -0.280000000000E+003    -0.606933679215E-013     0.261284857493E-013     0.900348181371E-018
     0.309056357980E-004    -0.280000000000E+003    -0.657511485817E-013     0.293757550426E-013     0.109426781682E-017
     0.337599721774E-004    -0.280000000000E+003    -0.657511485817E-013     0.422145008125E-013     0.131729503181E-017
     0.367855685763E-004    -0.280000000000E+003    -0.758667099019E-013     0.294509207442E-013     0.156352568832E-017
     0.399927005860E-004    -0.280000000000E+003    -0.809244905620E-013     0.198594442675E-013     0.183076217760E-017
     0.433922603327E-004    -0.280000000000E+003    -0.859822712222E-013     0.295260864457E-013     0.213981826034E-017
     0.469957934698E-004    -0.280000000000E+003    -0.960978325424E-013     0.296012521473E-013     0.250216650925E-017
     0.508155383889E-004    -0.280000000000E+003    -0.960978325424E-013     0.360206250323E-013     0.289417505640E-017
     0.548644677845E-004    -0.280000000000E+003    -0.106213393863E-012     0.296764178489E-013     0.334069643150E-017
     0.591563327122E-004    -0.280000000000E+003    -0.106213393863E-012     0.296764178489E-013     0.381400906356E-017
     0.637057092900E-004    -0.280000000000E+003    -0.111271174523E-012     0.329236871422E-013     0.434191797390E-017
     0.685280482021E-004    -0.280000000000E+003    -0.106213393863E-012     0.360957907339E-013     0.488288448706E-017
     0.736397271730E-004    -0.280000000000E+003    -0.111271174523E-012     0.457624329121E-013     0.549789136959E-017
     0.790581065897E-004    -0.280000000000E+003    -0.106213393863E-012     0.360957907339E-013     0.610572127816E-017
     0.848015884613E-004    -0.280000000000E+003    -0.101155613203E-012     0.392678943256E-013     0.672894664180E-017
     0.908896789166E-004    -0.280000000000E+003    -0.960978325424E-013     0.424399979173E-013     0.736851341976E-017
     0.973430544509E-004    -0.280000000000E+003    -0.101155613203E-012     0.392678943256E-013     0.806876936275E-017
     0.104183632148E-003    -0.280000000000E+003    -0.101155613203E-012     0.392678943256E-013     0.881104062224E-017
     0.111434644115E-003    -0.280000000000E+003    -0.960978325424E-013     0.360206250323E-013     0.955518944027E-017
     0.119120716386E-003    -0.280000000000E+003    -0.910400518823E-013     0.263539828540E-013     0.102836581398E-016
     0.127267952553E-003    -0.280000000000E+003    -0.960978325424E-013     0.360206250323E-013     0.111197836615E-016
     0.135904022424E-003    -0.280000000000E+003    -0.101155613203E-012     0.456872672105E-013     0.120783401303E-016
     0.145058255993E-003    -0.280000000000E+003    -0.101155613203E-012     0.456872672105E-013     0.130944099324E-016
     0.154761743052E-003    -0.280000000000E+003    -0.101155613203E-012     0.456872672105E-013     0.141714438645E-016
     0.165047438780E-003    -0.280000000000E+003    -0.101155613203E-012     0.392678943256E-013     0.152875449689E-016
     0.175950275662E-003    -0.280000000000E+003    -0.101155613203E-012     0.328485214406E-013     0.164471211789E-016
     0.187507282134E-003    -0.280000000000E+003    -0.101155613203E-012     0.392678943256E-013     0.177011722444E-016
     0.199757708333E-003    -0.280000000000E+003    -0.106213393863E-012     0.232570449639E-013     0.190331589599E-016
     0.212743159403E-003    -0.280000000000E+003    -0.910400518823E-013     0.135152370841E-013     0.202283110298E-016
     0.226507736794E-003    -0.280000000000E+003    -0.101155613203E-012     0.717102990070E-014     0.216241696056E-016
     0.241098188040E-003    -0.280000000000E+003    -0.960978325424E-013     0.167625063774E-013     0.230474511141E-016
     0.256564065527E-003    -0.280000000000E+003    -0.101155613203E-012     0.200097756706E-013     0.246422260186E-016
     0.272957894778E-003    -0.280000000000E+003    -0.960978325424E-013     0.231818792623E-013     0.262628282181E-016
     0.290335352846E-003    -0.280000000000E+003    -0.101155613203E-012     0.328485214406E-013     0.281110157296E-016
     0.308755457403E-003    -0.280000000000E+003    -0.960978325424E-013     0.360206250323E-013     0.300014138004E-016
     0.328280767180E-003    -0.280000000000E+003    -0.809244905620E-013     0.262788171525E-013     0.316627124113E-016
     0.348977594427E-003    -0.280000000000E+003    -0.809244905620E-013     0.198594442675E-013     0.333872898330E-016
     0.370916230124E-003    -0.280000000000E+003    -0.859822712222E-013     0.102679677908E-013     0.352870264815E-016
     0.394171182707E-003    -0.280000000000E+003    -0.758667099019E-013     0.101928020893E-013     0.370671548827E-016
     0.418821431115E-003    -0.280000000000E+003    -0.910400518823E-013     0.709586419913E-014     0.393181210801E-016
     0.444950693017E-003    -0.280000000000E+003    -0.859822712222E-013     0.166873406758E-013     0.416066951563E-016
     0.472647709137E-003    -0.280000000000E+003    -0.809244905620E-013     0.702069849756E-014     0.438564812360E-016
     0.502006544641E-003    -0.280000000000E+003    -0.809244905620E-013     0.702069849756E-014     0.462412543517E-016
     0.533126908594E-003    -0.280000000000E+003    -0.708089292418E-013     0.133649056810E-013     0.484837622037E-016
     0.566114492604E-003    -0.280000000000E+003    -0.758667099019E-013     0.230315478592E-013     0.510992033228E-016
     0.601081329767E-003    -0.280000000000E+003    -0.708089292418E-013     0.694553279598E-014     0.535870501422E-016
     0.638146175159E-003    -0.280000000000E+003    -0.708089292418E-013     0.133649056810E-013     0.562579124416E-016
     0.677434909153E-003    -0.280000000000E+003    -0.708089292418E-013     0.197842785659E-013     0.591464553649E-016
     0.719080964939E-003    -0.280000000000E+003    -0.657511485817E-013     0.101176363877E-013     0.619169606286E-016
     0.763225781689E-003    -0.280000000000E+003    -0.606933679215E-013     0.132897399794E-013     0.646597367814E-016
     0.810019284919E-003    -0.280000000000E+003    -0.606933679215E-013     0.261284857493E-013     0.677517864239E-016
     0.859620395664E-003    -0.280000000000E+003    -0.708089292418E-013     0.262036514509E-013     0.714967641679E-016
     0.912197570216E-003    -0.280000000000E+003    -0.657511485817E-013     0.293757550426E-013     0.752831051220E-016
     0.967929372233E-003    -0.280000000000E+003    -0.606933679215E-013     0.261284857493E-013     0.789657851226E-016
     0.102700507918E-002    -0.280000000000E+003    -0.556355872614E-013     0.293005893410E-013     0.826804414800E-016
     0.108962532517E-002    -0.280000000000E+003    -0.505778066013E-013     0.260533200477E-013     0.862431372665E-016
     0.115600278233E-002    -0.280000000000E+003    -0.505778066013E-013     0.260533200477E-013     0.900195945963E-016
     0.122636288312E-002    -0.280000000000E+003    -0.505778066013E-013     0.260533200477E-013     0.940226391499E-016
     0.130094458593E-002    -0.280000000000E+003    -0.505778066013E-013     0.324726929327E-013     0.985053595434E-016
     0.138000118665E-002    -0.280000000000E+003    -0.556355872614E-013     0.293005893410E-013     0.103476406351E-015
     0.146380117888E-002    -0.280000000000E+003    -0.505778066013E-013     0.324726929327E-013     0.108513190441E-015
     0.155262916586E-002    -0.280000000000E+003    -0.404622452810E-013     0.323975272311E-013     0.113117525602E-015
     0.164678682697E-002    -0.280000000000E+003    -0.404622452810E-013     0.323975272311E-013     0.117998120609E-015
     0.174659394236E-002    -0.280000000000E+003    -0.404622452810E-013     0.388169001161E-013     0.123594394684E-015
     0.185238947896E-002    -0.280000000000E+003    -0.354044646209E-013     0.484083765928E-013     0.129939346528E-015
     0.196453274170E-002    -0.280000000000E+003    -0.354044646209E-013     0.484083765928E-013     0.136664995120E-015
     0.208340459379E-002    -0.280000000000E+003    -0.404622452810E-013     0.580750187710E-013     0.145078822652E-015
     0.220940875020E-002    -0.280000000000E+003    -0.404622452810E-013     0.644943916560E-013     0.154672299393E-015
     0.234297314879E-002    -0.280000000000E+003    -0.354044646209E-013     0.612471223627E-013     0.164121153320E-015
     0.248455140365E-002    -0.280000000000E+003    -0.252889033006E-013     0.419138380062E-013     0.171051692258E-015
     0.263462434571E-002    -0.280000000000E+003    -0.354044646209E-013     0.419890037078E-013     0.179294171158E-015
     0.279370165569E-002    -0.280000000000E+003    -0.252889033006E-013     0.354944651213E-013     0.186227069285E-015
     0.296232359518E-002    -0.280000000000E+003    -0.303466839608E-013     0.323223615296E-013     0.193703044787E-015
     0.314106284138E-002    -0.280000000000E+003    -0.252889033006E-013     0.354944651213E-013     0.201492848281E-015
     0.333052643213E-002    -0.280000000000E+003    -0.354044646209E-013     0.355696308228E-013     0.211001343845E-015
     0.353135782749E-002    -0.280000000000E+003    -0.404622452810E-013     0.388169001161E-013     0.222262139500E-015
     0.374423909507E-002    -0.280000000000E+003    -0.404622452810E-013     0.388169001161E-013     0.234198582250E-015
     0.396989322653E-002    -0.280000000000E+003    -0.404622452810E-013     0.323975272311E-013     0.245895202729E-015
     0.420908659296E-002    -0.280000000000E+003    -0.151733419804E-013     0.354192994197E-013     0.255111932053E-015
     0.446263154769E-002    -0.280000000000E+003    -0.151733419804E-013     0.289999265347E-013     0.263410354407E-015
     0.473138918520E-002    -0.280000000000E+003    -0.202311226405E-013     0.386665687130E-013     0.275138790701E-015
     0.501627226558E-002    -0.280000000000E+003    -0.252889033006E-013     0.483332108912E-013     0.290678967952E-015
     0.531824831448E-002    -0.280000000000E+003    -0.202311226405E-013     0.579246873679E-013     0.309207032541E-015
     0.563834290904E-002    -0.280000000000E+003    -0.151733419804E-013     0.482580451896E-013     0.325399735826E-015
     0.597764316095E-002    -0.280000000000E+003    -0.151733419804E-013     0.354192994197E-013     0.338473838289E-015
     0.633730140856E-002    -0.280000000000E+003     0.101155613203E-013     0.191829529533E-013     0.346273616485E-015
     0.671853913045E-002    -0.280000000000E+003     0.101155613203E-013     0.634420718340E-014     0.350825753660E-015
     0.712265109384E-002    -0.280000000000E+003    -0.505778066013E-014     0.966664217824E-014     0.355234559920E-015
     0.755100975191E-002    -0.280000000000E+003    -0.151733419804E-013     0.289999265347E-013     0.369254563069E-015
     0.800506990496E-002    -0.280000000000E+003    -0.151733419804E-013     0.289999265347E-013     0.384115765604E-015
     0.848637364120E-002    -0.280000000000E+003    -0.303466839608E-013     0.194836157596E-013     0.401472972473E-015
     0.899655557408E-002    -0.280000000000E+003    -0.455200259411E-013     0.356447965244E-013     0.430969361778E-015
     0.953734839373E-002    -0.280000000000E+003    -0.151733419804E-013     0.418386723047E-013     0.455037405649E-015
     0.101105887516E-001    -0.280000000000E+003     0.157229289122E-029     0.128387457699E-013     0.462397092869E-015
     0.107182234982E-001    -0.280000000000E+003    -0.151733419804E-013     0.161611807648E-013     0.475867055597E-015
     0.113623162948E-001    -0.280000000000E+003     0.235843933683E-029     0.192581186549E-013     0.488271071098E-015
     0.120450546223E-001    -0.280000000000E+003    -0.202311226405E-013     0.129890771731E-013     0.504685418901E-015
     0.127687572104E-001    -0.280000000000E+003    -0.202311226405E-013     0.129890771731E-013     0.522084626632E-015
     0.135358819124E-001    -0.280000000000E+003    -0.354044646209E-013     0.227308850529E-013     0.554360155232E-015
     0.143490340526E-001    -0.280000000000E+003    -0.202311226405E-013     0.258278229430E-013     0.581038173301E-015
     0.152109752747E-001    -0.280000000000E+003     0.505778066013E-014     0.352689680166E-013     0.611748949748E-015
     0.161246329208E-001    -0.280000000000E+003    -0.505778066013E-014     0.289247608332E-013     0.638577257423E-015
     0.170931099734E-001    -0.280000000000E+003    -0.354044646209E-013     0.355696308228E-013     0.687181634243E-015
     0.181196955938E-001    -0.280000000000E+003    -0.151733419804E-013     0.289999265347E-013     0.720781360450E-015
     0.192078762926E-001    -0.280000000000E+003    -0.101155613203E-013    -0.634420718340E-014     0.733774691195E-015
     0.203613477710E-001    -0.280000000000E+003    -0.101155613203E-013     0.649453858654E-014     0.747640532077E-015
     0.215840274722E-001    -0.280000000000E+003    -0.106213393863E-012     0.360957907339E-013     0.884799862169E-015
     0.228800678855E-001    -0.280000000000E+003     0.290164876472E-010    -0.125183409490E-010     0.418418386172E-013
     0.242538706494E-001    -0.280000000000E+003     0.114457576339E-010    -0.444701386667E-011     0.587111800233E-013
     0.257101015006E-001    -0.280000000000E+003    -0.402548762738E-010     0.174741540631E-010     0.122616342820E-012
     0.272537061195E-001    -0.280000016206E+003    -0.174184167181E-005     0.730072068482E-006     0.291545916752E-008
     0.288899269272E-001    -0.280000006568E+003    -0.701944552449E-006     0.262547821255E-006     0.414170543259E-008
     0.306243208897E-001    -0.280000005087E+003    -0.522278760634E-006     0.188759072227E-006     0.510488779763E-008
     0.324627783907E-001    -0.280000048042E+003    -0.516996831415E-005     0.208267251017E-005     0.153518926754E-007
     0.344115432366E-001    -0.280000018885E+003    -0.198312680703E-005     0.703189270228E-006     0.194523028065E-007
     0.364772338618E-001    -0.280000008944E+003    -0.834727593202E-006     0.256135361337E-006     0.212559423067E-007
     0.386668658063E-001    -0.280000005826E+003    -0.457426131781E-006     0.130948960631E-006     0.222977706961E-007
     0.409878755421E-001    -0.280000004184E+003    -0.265995645560E-006     0.728253268836E-007     0.229378697158E-007
     0.434481457293E-001    -0.280000002928E+003    -0.141956787129E-006     0.377156962371E-007     0.232992381268E-007
     0.460560319869E-001    -0.280000005284E+003    -0.416258334910E-006     0.149109340653E-006     0.244523385525E-007
     0.488203912708E-001    -0.280000008877E+003    -0.829423327493E-006     0.301416555904E-006     0.268918679949E-007
     0.517506119535E-001    -0.280000004076E+003    -0.299523799131E-006     0.936516256864E-007     0.278114398443E-007
     0.548566457095E-001    -0.280000002568E+003    -0.132939928100E-006     0.371420265163E-007     0.282401687633E-007
     0.581490413132E-001    -0.280000001938E+003    -0.702784883387E-007     0.185856208293E-007     0.284795078357E-007
     0.616389804647E-001    -0.280000017983E+003    -0.189470316728E-005     0.673527715412E-006     0.354972710288E-007
     0.653383157655E-001    -0.280000006047E+003    -0.539767443492E-006     0.160184122253E-006     0.375801244233E-007
     0.692596109728E-001    -0.280000003048E+003    -0.185242486684E-006     0.466170042223E-007     0.383291628801E-007
     0.734161836681E-001    -0.280000002151E+003    -0.862924431818E-007     0.206466428604E-007     0.386979675346E-007
     0.778221504872E-001    -0.280000001684E+003    -0.442273982214E-007     0.101886751775E-007     0.388979359126E-007
     0.824924750635E-001    -0.279999999036E+003     0.248503519311E-006    -0.858722984066E-007     0.401258676362E-007
     0.874430188470E-001    -0.280000000641E+003     0.483199371979E-007    -0.143853581710E-007     0.403754533582E-007
     0.926905949743E-001    -0.280000000874E+003     0.778240198911E-008    -0.259788786566E-008     0.404185074106E-007
     0.982530253690E-001    -0.280000000887E+003    -0.273192985734E-008    -0.105846944450E-009     0.404337149816E-007
     0.104149201269E+000    -0.280000000846E+003    -0.448648407282E-008     0.919786881351E-010     0.404601736395E-007
     0.110399147386E+000    -0.280000000802E+003    -0.460867499658E-008    -0.252779533614E-010     0.404889780431E-007
     0.117024089912E+000    -0.280000000384E+003     0.403851038854E-007    -0.137014805148E-007     0.407715057979E-007
     0.124046528610E+000    -0.280000000648E+003     0.453172086998E-008    -0.214697633660E-008     0.408067203708E-007
     0.131490313229E+000    -0.280000000664E+003    -0.130669785767E-008    -0.617854629469E-009     0.408174796749E-007
     0.139380724499E+000    -0.280000000641E+003    -0.245180974013E-008    -0.167222046790E-008     0.408408966453E-007
     0.147744559993E+000    -0.280000000620E+003    -0.238687289498E-008    -0.408494172562E-009     0.408611503076E-007
     0.156610225139E+000    -0.280000000405E+003    -0.272820228362E-008    -0.470823349220E-007     0.412792667076E-007
     0.166007829686E+000    -0.280000000482E+003    -0.209543851935E-008    -0.345245709638E-008     0.413172199113E-007
     0.175969289968E+000    -0.280000000402E+003     0.422036390253E-009     0.219201025101E-008     0.413394565675E-007
     0.185969289968E+000    -0.280000000273E+003     0.136856817513E-007     0.958629816338E-008     0.415065478591E-007
     0.195969289968E+000    -0.280000000291E+003     0.314905515610E-008     0.206251775555E-008     0.415441916207E-007
     0.205969289968E+000    -0.280000000627E+003    -0.400297846009E-007     0.119495354377E-007     0.419619445444E-007
     0.215969289968E+000    -0.280000000351E+003    -0.557034119423E-008     0.322576959022E-008     0.420263140174E-007
     0.225969289968E+000    -0.279999995012E+003     0.642878472179E-006    -0.176562319002E-006     0.486931497172E-007
     0.235969289968E+000    -0.279999999448E+003     0.933222948960E-007    -0.200937449892E-007     0.496477600729E-007
     0.245969289968E+000    -0.279999994549E+003     0.683736872325E-006    -0.186650851498E-006     0.567353171340E-007
     0.255969289968E+000    -0.279999999259E+003     0.102716869782E-006    -0.213280724705E-007     0.577843949201E-007
     0.265969289968E+000    -0.279999999836E+003     0.292336738452E-007    -0.672396400932E-008     0.580843648150E-007
     0.275969289968E+000    -0.280000000077E+003     0.729857474147E-008     0.690772722530E-008     0.581848565503E-007
     0.285969289968E+000    -0.280000000205E+003     0.223860912093E-008     0.190633112864E-007     0.583767995648E-007
     0.295969289968E+000    -0.279999983281E+003     0.207386863203E-005    -0.536316903949E-006     0.797977400772E-007
     0.305969289968E+000    -0.279999997725E+003     0.286362862022E-006    -0.515740824485E-007     0.827074406585E-007
     0.315969289968E+000    -0.279999999517E+003     0.585640475494E-007    -0.158204411959E-007     0.833140734985E-007
     0.325969289968E+000    -0.279999999997E+003     0.133650741235E-007    -0.700596007909E-008     0.834649736916E-007
     0.335969289968E+000    -0.280000000179E+003     0.295654591173E-008    -0.404150446745E-008     0.835150485577E-007
     0.345969289968E+000    -0.279999995933E+003     0.526385358127E-006    -0.147001122070E-006     0.889803104465E-007
     0.355969289968E+000    -0.279999998927E+003     0.158438571574E-006    -0.402948433821E-007     0.906151332310E-007
     0.365969289968E+000    -0.279999999978E+003     0.274128171380E-007    -0.677714067523E-008     0.908975145652E-007
     0.375969289968E+000    -0.280000000198E+003     0.231272583874E-008    -0.934503926646E-009     0.909224584991E-007
     0.385969289968E+000    -0.280000000225E+003     0.124558975647E-008    -0.838683514657E-009     0.909374747699E-007
     0.395969289968E+000    -0.280000000244E+003     0.332746331193E-009    -0.475795367847E-009     0.909432808129E-007
     0.405969289968E+000    -0.280000000255E+003    -0.200116149187E-009    -0.235208113457E-009     0.909463690054E-007
     0.415969289968E+000    -0.280000000257E+003    -0.142872187791E-009    -0.187359792163E-009     0.909487251920E-007
     0.425969289968E+000    -0.280000000258E+003    -0.212750485246E-009    -0.100737499169E-009     0.909510791422E-007
     0.435969289968E+000    -0.279999999084E+003     0.142276766968E-006    -0.392039737198E-007     0.924268714709E-007
     0.445969289968E+000    -0.280000000064E+003     0.206710180449E-007    -0.451915885581E-008     0.926384639527E-007
     0.455969289968E+000    -0.280000000165E+003     0.322127520924E-008    -0.837716133360E-008     0.927282155243E-007
     0.465969289968E+000    -0.279999999771E+003     0.294377502526E-008    -0.100333784412E-006     0.937319851246E-007
     0.475969289968E+000    -0.280000000205E+003     0.363851682306E-009     0.451777381194E-007     0.941837771575E-007
     0.485969289968E+000    -0.279999999962E+003     0.512755780367E-008     0.844062562336E-008     0.942825374785E-007
     0.495969289968E+000    -0.279999999909E+003     0.444474224292E-008     0.359172592062E-008     0.943396831071E-007
     0.505969289968E+000    -0.279999999903E+003     0.333689102425E-008     0.204030398381E-008     0.943787953584E-007
     0.515969289968E+000    -0.279999999910E+003     0.254837796080E-008     0.911279044874E-009     0.944058594670E-007
     0.525969289968E+000    -0.279999999911E+003     0.327621788719E-008     0.600316449834E-010     0.944386271453E-007
     0.535969289968E+000    -0.279999999933E+003     0.179025710121E-008     0.289900166499E-009     0.944567629183E-007
     0.545969289968E+000    -0.280000000050E+003    -0.113854233637E-007     0.373223377312E-008     0.945765783739E-007
     0.555969289968E+000    -0.279999999976E+003    -0.104926694483E-008     0.656923774149E-009     0.945889578326E-007
     0.565969289968E+000    -0.280000000113E+003    -0.811505732833E-009     0.319575117039E-007     0.949086359669E-007
     0.575969289968E+000    -0.279999967145E+003     0.410988276371E-005    -0.909128343845E-006     0.137000975742E-006
     0.585969289968E+000    -0.279999995085E+003     0.596724248911E-006    -0.119347373741E-006     0.143086397870E-006
     0.595969289968E+000    -0.279999999401E+003     0.134815452672E-006     0.789069564064E-007     0.144648496268E-006
     0.605969289968E+000    -0.280000000399E+003     0.223961713312E-007    -0.141750346796E-007     0.144913547225E-006
     0.615969289968E+000    -0.280000000949E+003     0.886674462960E-009    -0.226471870057E-007     0.145140192603E-006
     0.625969289968E+000    -0.280000001344E+003    -0.128408299608E-007    -0.152680846522E-007     0.145339692308E-006
     0.635969289968E+000    -0.280000001423E+003    -0.137259719047E-007    -0.302958069296E-007     0.145672293905E-006
     0.645969289968E+000    -0.279999998861E+003     0.307922044166E-006    -0.100824934266E-006     0.148912381136E-006
     0.655969289968E+000    -0.280000001047E+003     0.372593952477E-007    -0.138356957779E-007     0.149309834153E-006
     0.665969289968E+000    -0.280000001476E+003    -0.223481323364E-007     0.312888848033E-008     0.149535495174E-006
     0.675969289968E+000    -0.279999975332E+003     0.315012806505E-005    -0.867600432603E-006     0.182209701112E-006
     0.685969289968E+000    -0.279999997010E+003     0.460106863988E-006    -0.996679398144E-007     0.186917482166E-006
     0.695969289968E+000    -0.279999999880E+003     0.838748306623E-007    -0.166939144307E-007     0.187772682376E-006
     0.705969289968E+000    -0.280000000441E+003     0.214877180535E-007    -0.225945206927E-008     0.187988744208E-006
     0.715969289968E+000    -0.280000002596E+003    -0.232225809187E-006     0.668743379119E-007     0.190405374166E-006
     0.725969289968E+000    -0.280000001011E+003    -0.341259585473E-007     0.169964620093E-008     0.190747056744E-006
     0.735969289968E+000    -0.280000000680E+003     0.119053378660E-007    -0.534810752549E-008     0.190877570852E-006
     0.745969289968E+000    -0.280000000776E+003     0.302667708369E-009    -0.848271018904E-009     0.190886577358E-006
     0.755969289968E+000    -0.280000001246E+003    -0.580261062450E-007     0.153602285036E-007     0.191486824442E-006
