 #        time                      h  [L]            Darcian flow [L.T^{-1}]   in    x         z              directions   cumulative flux
 #-----------------------------------------------------------------------------------------------

     0.100000000000E-005     0.400000000000E+001    -0.169615544526E-012    -0.138501602784E+004     0.138501602784E-002
     0.205999994278E-005     0.400000000000E+001    -0.164155461177E-012    -0.134043106381E+004     0.280587287878E-002
     0.318359982147E-005     0.400000000000E+001    -0.158477889842E-012    -0.129407017560E+004     0.425988997109E-002
     0.437461562859E-005     0.400000000000E+001    -0.152585132352E-012    -0.124595215909E+004     0.574383868749E-002
     0.563709231599E-005     0.400000000000E+001    -0.146482494660E-012    -0.119612034067E+004     0.725391273291E-002
     0.697531753239E-005     0.400000000000E+001    -0.140179160428E-012    -0.114464971064E+004     0.878571183964E-002
     0.839383618521E-005     0.400000000000E+001    -0.133689280557E-012    -0.109165581986E+004     0.103342459826E-001
     0.989746587602E-005     0.400000000000E+001    -0.127033304456E-012    -0.103730565045E+004     0.118939695570E-001
     0.114913132622E-004     0.400000000000E+001    -0.120239556050E-012    -0.981830484785E+003     0.134588575089E-001
     0.131807914004E-004     0.400000000000E+001    -0.113346008582E-012    -0.925540397942E+003     0.150225377773E-001
     0.149716381303E-004     0.400000000000E+001    -0.106402122071E-012    -0.868839261612E+003     0.165784957276E-001
     0.168699355614E-004     0.400000000000E+001    -0.994704590569E-013    -0.812237937715E+003     0.181203649183E-001
     0.188821307298E-004     0.400000000000E+001    -0.926275796701E-013    -0.756361587150E+003     0.196423120495E-001
     0.210150574931E-004     0.400000000000E+001    -0.859634573017E-013    -0.701944898411E+003     0.211395091097E-001
     0.232759597402E-004     0.400000000000E+001    -0.795784393550E-013    -0.649807270230E+003     0.226086598271E-001
     0.256725159928E-004     0.400000000000E+001    -0.735767959251E-013    -0.600800132547E+003     0.240485111413E-001
     0.282128654833E-004     0.400000000000E+001    -0.680564374525E-013    -0.555722984781E+003     0.254602417426E-001
     0.309056357980E-004     0.400000000000E+001    -0.630956635731E-013    -0.515215191980E+003     0.268475979172E-001
     0.337599721774E-004     0.400000000000E+001    -0.587396521694E-013    -0.479645659551E+003     0.282166679725E-001
     0.367855685763E-004     0.400000000000E+001    -0.549909179175E-013    -0.449034921382E+003     0.295752664136E-001
     0.399927005860E-004     0.400000000000E+001    -0.518078098179E-013    -0.423042871251E+003     0.309320207475E-001
     0.433922603327E-004     0.400000000000E+001    -0.491125873345E-013    -0.401034709507E+003     0.322953622030E-001
     0.469957934698E-004     0.400000000000E+001    -0.468068022077E-013    -0.382206545105E+003     0.336726561535E-001
     0.508155383889E-004     0.400000000000E+001    -0.447889836300E-013    -0.365729806024E+003     0.350696507218E-001
     0.548644677845E-004     0.400000000000E+001    -0.429695612752E-013    -0.350873095043E+003     0.364903111105E-001
     0.591563327122E-004     0.400000000000E+001    -0.412800503481E-013    -0.337077191373E+003     0.379370008860E-001
     0.637057092900E-004     0.400000000000E+001    -0.396760306941E-013    -0.323979376925E+003     0.394109050751E-001
     0.685280482021E-004     0.400000000000E+001    -0.381351040112E-013    -0.311396755683E+003     0.409125657671E-001
     0.736397271730E-004     0.400000000000E+001    -0.366516256932E-013    -0.299283235939E+003     0.424424055906E-001
     0.790581065897E-004     0.400000000000E+001    -0.352300024968E-013    -0.287674801594E+003     0.440011368143E-001
     0.848015884613E-004     0.400000000000E+001    -0.338781163255E-013    -0.276635813274E+003     0.455899895929E-001
     0.908896789166E-004     0.400000000000E+001    -0.326021065324E-013    -0.266216402599E+003     0.472107391326E-001
     0.973430544509E-004     0.400000000000E+001    -0.314032878593E-013    -0.256427305253E+003     0.488655608306E-001
     0.104183632148E-003     0.400000000000E+001    -0.302773992617E-013    -0.247233727168E+003     0.505567823506E-001
     0.111434644115E-003     0.400000000000E+001    -0.292157924311E-013    -0.238565049543E+003     0.522866203799E-001
     0.119120716386E-003     0.400000000000E+001    -0.282077608578E-013    -0.230333847093E+003     0.540569829750E-001
     0.127267952553E-003     0.400000000000E+001    -0.272430960069E-013    -0.222456760805E+003     0.558693907422E-001
     0.135904022424E-003     0.400000000000E+001    -0.263141136727E-013    -0.214871044378E+003     0.577250320947E-001
     0.145058255993E-003     0.400000000000E+001    -0.254166996698E-013    -0.207543102938E+003     0.596249301346E-001
     0.154761743052E-003     0.400000000000E+001    -0.245502532654E-013    -0.200468031130E+003     0.615701690805E-001
     0.165047438780E-003     0.400000000000E+001    -0.237166866150E-013    -0.193661442887E+003     0.635621117562E-001
     0.175950275662E-003     0.400000000000E+001    -0.229188441672E-013    -0.187146564896E+003     0.656025402264E-001
     0.187507282134E-003     0.400000000000E+001    -0.221588219998E-013    -0.180940512931E+003     0.676936709054E-001
     0.199757708333E-003     0.400000000000E+001    -0.214366672267E-013    -0.175043671707E+003     0.698380304872E-001
     0.212743159403E-003     0.400000000000E+001    -0.207498059267E-013    -0.169435023561E+003     0.720382206951E-001
     0.226507736794E-003     0.400000000000E+001    -0.200933140316E-013    -0.164074360424E+003     0.742966349271E-001
     0.241098188040E-003     0.400000000000E+001    -0.194608896443E-013    -0.158910223403E+003     0.766152067942E-001
     0.256564065527E-003     0.400000000000E+001    -0.188461983618E-013    -0.153890888172E+003     0.789952644170E-001
     0.272957894778E-003     0.400000000000E+001    -0.182441964806E-013    -0.148975169766E+003     0.814375379128E-001
     0.290335352846E-003     0.400000000000E+001    -0.176520852676E-013    -0.144140214794E+003     0.839423284512E-001
     0.308755457403E-003     0.400000000000E+001    -0.170696746841E-013    -0.139384471473E+003     0.865098049895E-001
     0.328280767180E-003     0.400000000000E+001    -0.164990969575E-013    -0.134725350762E+003     0.891403591980E-001
     0.348977594427E-003     0.400000000000E+001    -0.159439772587E-013    -0.130192454427E+003     0.918349299360E-001
     0.370916230124E-003     0.400000000000E+001    -0.154083083317E-013    -0.125818385697E+003     0.945952136638E-001
     0.394171182707E-003     0.400000000000E+001    -0.148953524166E-013    -0.121629782783E+003     0.974237084951E-001
     0.418821431115E-003     0.400000000000E+001    -0.144069461091E-013    -0.117641642628E+003     0.100323604209E+000
     0.444950693017E-003     0.400000000000E+001    -0.139435731359E-013    -0.113857915160E+003     0.103298627494E+000
     0.472647709137E-003     0.400000000000E+001    -0.135027749055E-013    -0.110258524457E+003     0.106352459623E+000
     0.502006544641E-003     0.400000000000E+001    -0.130818270179E-013    -0.106821224103E+003     0.109488606370E+000
     0.533126908594E-003     0.400000000000E+001    -0.126778391198E-013    -0.103522412573E+003     0.112710261526E+000
     0.566114492604E-003     0.400000000000E+001    -0.122883289046E-013    -0.100341820296E+003     0.116020295753E+000
     0.601081329767E-003     0.400000000000E+001    -0.119115767818E-013    -0.972654057490E+002     0.119421359358E+000
     0.638146175159E-003     0.400000000000E+001    -0.115466743523E-013    -0.942857512901E+002     0.122916046152E+000
     0.677434909153E-003     0.400000000000E+001    -0.111933262587E-013    -0.914004451450E+002     0.126507053928E+000
     0.719080964939E-003     0.400000000000E+001    -0.108515375841E-013    -0.886095288178E+002     0.130197291308E+000
     0.763225781689E-003     0.400000000000E+001    -0.105213262634E-013    -0.859131487599E+002     0.133989911517E+000
     0.810019284919E-003     0.400000000000E+001    -0.102025516413E-013    -0.833101564337E+002     0.137888285591E+000
     0.859620395664E-003     0.400000000000E+001    -0.989487742767E-014    -0.807978058209E+002     0.141895946506E+000
     0.912197570216E-003     0.400000000000E+001    -0.959782782122E-014    -0.783722117096E+002     0.146016535961E+000
     0.967929372233E-003     0.400000000000E+001    -0.931087361602E-014    -0.760290528053E+002     0.150253772079E+000
     0.102700507918E-002     0.400000000000E+001    -0.903349979837E-014    -0.737641237021E+002     0.154611439834E+000
     0.108962532517E-002     0.400000000000E+001    -0.876523734309E-014    -0.715735945188E+002     0.159093395929E+000
     0.115600278233E-002     0.400000000000E+001    -0.850566699456E-014    -0.694540417733E+002     0.163703578611E+000
     0.122636288312E-002     0.400000000000E+001    -0.825441103140E-014    -0.674023811367E+002     0.168446016942E+000
     0.130094458593E-002     0.400000000000E+001    -0.801112412541E-014    -0.654157927901E+002     0.173324838159E+000
     0.138000118665E-002     0.400000000000E+001    -0.777548663978E-014    -0.634916667009E+002     0.178344273502E+000
     0.146380117888E-002     0.400000000000E+001    -0.754720056119E-014    -0.616275694057E+002     0.183508663340E+000
     0.155262916586E-002     0.400000000000E+001    -0.732599499917E-014    -0.598212889159E+002     0.188822468012E+000
     0.164678682697E-002     0.400000000000E+001    -0.711176471151E-014    -0.580719658637E+002     0.194290388494E+000
     0.174659394236E-002     0.400000000000E+001    -0.690405361189E-014    -0.563758760215E+002     0.199917102057E+000
     0.185238947896E-002     0.400000000000E+001    -0.670258978135E-014    -0.547307990027E+002     0.205707376306E+000
     0.196453274170E-002     0.400000000000E+001    -0.650714735677E-014    -0.531348904949E+002     0.211666096292E+000
     0.208340459379E-002     0.400000000000E+001    -0.631752109200E-014    -0.515864745362E+002     0.217798276063E+000
     0.220940875020E-002     0.400000000000E+001    -0.613352314007E-014    -0.500840172394E+002     0.224109070405E+000
     0.234297314879E-002     0.400000000000E+001    -0.595498071847E-014    -0.486261077285E+002     0.230603787240E+000
     0.248455140365E-002     0.400000000000E+001    -0.578173302835E-014    -0.472114329811E+002     0.237287899531E+000
     0.263462434571E-002     0.400000000000E+001    -0.561362774613E-014    -0.458387491809E+002     0.244167055480E+000
     0.279370165569E-002     0.400000000000E+001    -0.545051775747E-014    -0.445068550481E+002     0.251247086257E+000
     0.296232359518E-002     0.400000000000E+001    -0.529225859004E-014    -0.432145708764E+002     0.258534011012E+000
     0.314106284138E-002     0.400000000000E+001    -0.513870725782E-014    -0.419607290967E+002     0.266034040101E+000
     0.333052643213E-002     0.400000000000E+001    -0.498972239039E-014    -0.407441753317E+002     0.273753577862E+000
     0.353135782749E-002     0.400000000000E+001    -0.484585761674E-014    -0.395694303053E+002     0.281700361763E+000
     0.374423909507E-002     0.400000000000E+001    -0.470489134296E-014    -0.384183533263E+002     0.289878909518E+000
     0.396989322653E-002     0.400000000000E+001    -0.456877980610E-014    -0.373069182827E+002     0.298297369760E+000
     0.420908659296E-002     0.400000000000E+001    -0.443669719249E-014    -0.362283818941E+002     0.306962958386E+000
     0.446263154769E-002     0.400000000000E+001    -0.430854811201E-014    -0.351819652410E+002     0.315883168170E+000
     0.473138918520E-002     0.400000000000E+001    -0.418415273045E-014    -0.341661998657E+002     0.325065595329E+000
     0.501627226558E-002     0.400000000000E+001    -0.406346928113E-014    -0.331807447173E+002     0.334518228093E+000
     0.531824831448E-002     0.400000000000E+001    -0.394631838869E-014    -0.322241350848E+002     0.344249145085E+000
     0.563834290904E-002     0.400000000000E+001    -0.383259829336E-014    -0.312955400368E+002     0.354266678285E+000
     0.597764316095E-002     0.400000000000E+001    -0.372219227818E-014    -0.303940065068E+002     0.364579372349E+000
     0.633730140856E-002     0.400000000000E+001    -0.361506164410E-014    -0.295192184931E+002     0.375196202744E+000
     0.671853913045E-002     0.400000000000E+001    -0.351087589618E-014    -0.286684773000E+002     0.386125707719E+000
     0.712265109384E-002     0.400000000000E+001    -0.340952256764E-014    -0.278408645661E+002     0.397376534162E+000
     0.755100975191E-002     0.400000000000E+001    -0.331064711045E-014    -0.270334851873E+002     0.408956561599E+000
     0.800506990496E-002     0.400000000000E+001    -0.321386657437E-014    -0.262432121376E+002     0.420872558519E+000
     0.848637364120E-002     0.400000000000E+001    -0.311861957940E-014    -0.254654614014E+002     0.433129180237E+000
     0.899655557408E-002     0.400000000000E+001    -0.302411386160E-014    -0.246937636526E+002     0.445727492307E+000
     0.953734839373E-002     0.400000000000E+001    -0.292937360968E-014    -0.239201507873E+002     0.458663338098E+000
     0.101105887516E-001     0.400000000000E+001    -0.283288191583E-014    -0.231322363133E+002     0.471923669521E+000
     0.107182234982E-001     0.400000000000E+001    -0.273266788994E-014    -0.223139266917E+002     0.485482386711E+000
     0.113623162948E-001     0.400000000000E+001    -0.262593551816E-014    -0.214423907366E+002     0.499293276126E+000
     0.120450546223E-001     0.400000000000E+001    -0.251055169093E-014    -0.205002102866E+002     0.513289555411E+000
     0.127687572104E-001     0.400000000000E+001    -0.238256042867E-014    -0.194550823171E+002     0.527369248836E+000
     0.135358819124E-001     0.400000000000E+001    -0.223862911246E-014    -0.182797939293E+002     0.541392130307E+000
     0.143490340526E-001     0.400000000000E+001    -0.207465746416E-014    -0.169408638116E+002     0.555167629972E+000
     0.152109752747E-001     0.400000000000E+001    -0.188683769633E-014    -0.154071990197E+002     0.568447729924E+000
     0.161246329208E-001     0.400000000000E+001    -0.167354594204E-014    -0.136655396740E+002     0.580933354736E+000
     0.170931099734E-001     0.400000000000E+001    -0.143493376272E-014    -0.117171233675E+002     0.592281119839E+000
     0.181196955938E-001     0.400000000000E+001    -0.117595953598E-014    -0.960243832585E+001     0.602138844945E+000
     0.192078762926E-001     0.400000000000E+001    -0.911616442579E-015    -0.744391316103E+001     0.610239167570E+000
     0.203613477710E-001     0.400000000000E+001    -0.668107682917E-015    -0.545551324171E+001     0.616531946495E+000
     0.215840274722E-001     0.400000000000E+001    -0.478473365957E-015    -0.390703153178E+001     0.621308994641E+000
     0.228800678855E-001     0.400000000000E+001    -0.359624190989E-015    -0.293655437012E+001     0.625114887780E+000
     0.242538706494E-001     0.400000000000E+001    -0.301424193513E-015    -0.246131532555E+001     0.628496249577E+000
     0.257101015006E-001     0.400000000000E+001    -0.282656910004E-015    -0.230806882605E+001     0.631857330609E+000
     0.272537061195E-001     0.400000000000E+001    -0.281553347063E-015    -0.229905755079E+001     0.635406166463E+000
     0.288899269272E-001     0.400000000000E+001    -0.293892927329E-015    -0.239981787021E+001     0.639332798397E+000
     0.306243208897E-001     0.400000000000E+001    -0.309423712414E-015    -0.252663635449E+001     0.643714981236E+000
     0.324627783907E-001     0.400000000000E+001    -0.326210077470E-015    -0.266370742729E+001     0.648612094136E+000
     0.344115432366E-001     0.400000000000E+001    -0.341621840443E-015    -0.278955402228E+001     0.654048278950E+000
     0.364772338618E-001     0.400000000000E+001    -0.354003381384E-015    -0.289065697661E+001     0.660019481967E+000
     0.386668658063E-001     0.400000000000E+001    -0.363828408286E-015    -0.297088440961E+001     0.666524625374E+000
     0.409878755421E-001     0.400000000000E+001    -0.372047574350E-015    -0.303799899374E+001     0.673575850616E+000
     0.434481457293E-001     0.400000000000E+001    -0.379271064571E-015    -0.309698326763E+001     0.681195266220E+000
     0.460560319869E-001     0.400000000000E+001    -0.385670824226E-015    -0.314924127099E+001     0.689408129252E+000
     0.488203912708E-001     0.400000000000E+001    -0.391115512819E-015    -0.319370052730E+001     0.698236664955E+000
     0.517506119535E-001     0.400000000000E+001    -0.393985264439E-015    -0.321713382760E+001     0.707663577035E+000
     0.548566457095E-001     0.400000000000E+001    -0.394495250714E-015    -0.322129818155E+001     0.717669037926E+000
     0.581490413132E-001     0.400000000000E+001    -0.391852847899E-015    -0.319972132513E+001     0.728203786349E+000
     0.616389804647E-001     0.400000000000E+001    -0.385528117255E-015    -0.314807598014E+001     0.739190379964E+000
     0.653383157655E-001     0.400000000000E+001    -0.375678225337E-015    -0.306764550888E+001     0.750538629286E+000
     0.692596109728E-001     0.400000000000E+001    -0.361409486168E-015    -0.295113241156E+001     0.762110890667E+000
     0.734161836681E-001     0.400000000000E+001    -0.344606713168E-015    -0.281392735773E+001     0.773807184289E+000
     0.778221504872E-001     0.400000000000E+001    -0.326713468535E-015    -0.266781792728E+001     0.785561501556E+000
     0.824924750635E-001     0.400000000000E+001    -0.309729850234E-015    -0.252913615950E+001     0.797373388318E+000
     0.874430188470E-001     0.400000000000E+001    -0.297341009871E-015    -0.242797360086E+001     0.809393177935E+000
     0.926905949743E-001     0.400000000000E+001    -0.291381589562E-015    -0.237931124113E+001     0.821878794803E+000
     0.982530253690E-001     0.400000000000E+001    -0.291446187057E-015    -0.237983871970E+001     0.835116482032E+000
     0.104149201269E+000     0.400000000000E+001    -0.295339294514E-015    -0.241162835455E+001     0.849335867016E+000
     0.110399147386E+000     0.400000000000E+001    -0.300614556741E-015    -0.245470413960E+001     0.864677635621E+000
     0.117024089912E+000     0.400000000000E+001    -0.305858618876E-015    -0.249752515655E+001     0.881223596240E+000
     0.124046528610E+000     0.400000000000E+001    -0.309448039605E-015    -0.252683500109E+001     0.898968140137E+000
     0.131490313229E+000     0.400000000000E+001    -0.309915884729E-015    -0.253065524643E+001     0.917805792735E+000
     0.139380724499E+000     0.400000000000E+001    -0.307074644736E-015    -0.250745476124E+001     0.937590642042E+000
     0.147744559993E+000     0.400000000000E+001    -0.301238930583E-015    -0.245980253893E+001     0.958164025826E+000
     0.156610225139E+000     0.400000000000E+001    -0.293051124064E-015    -0.239294402491E+001     0.979379066263E+000
     0.166007829686E+000     0.400000000000E+001    -0.282429784722E-015    -0.230621420739E+001     0.100105195538E+001
     0.175969289968E+000     0.400000000000E+001    -0.270349121984E-015    -0.220756811003E+001     0.102304255743E+001
     0.185969289968E+000     0.400000000000E+001    -0.260748356488E-015    -0.212917191038E+001     0.104433427654E+001
     0.195969289968E+000     0.400000000000E+001    -0.256606663256E-015    -0.209535241863E+001     0.106528780072E+001
     0.205969289968E+000     0.400000000000E+001    -0.257872314017E-015    -0.210568724139E+001     0.108634467314E+001
     0.215969289968E+000     0.400000000000E+001    -0.261954255321E-015    -0.213901882162E+001     0.110773486135E+001
     0.225969289968E+000     0.400000000000E+001    -0.264272485421E-015    -0.215794860694E+001     0.112931434742E+001
     0.235969289968E+000     0.400000000000E+001    -0.264053239290E-015    -0.215615832641E+001     0.115087593069E+001
     0.245969289968E+000     0.400000000000E+001    -0.261570846489E-015    -0.213588805091E+001     0.117223481120E+001
     0.255969289968E+000     0.400000000000E+001    -0.257871814545E-015    -0.210568316289E+001     0.119329164282E+001
     0.265969289968E+000     0.400000000000E+001    -0.254287489012E-015    -0.207641492379E+001     0.121405579206E+001
     0.275969289968E+000     0.400000000000E+001    -0.251877732387E-015    -0.205673776767E+001     0.123462316974E+001
     0.285969289968E+000     0.400000000000E+001    -0.251125166257E-015    -0.205059259888E+001     0.125512909573E+001
     0.295969289968E+000     0.400000000000E+001    -0.252050475971E-015    -0.205814832609E+001     0.127571057899E+001
     0.305969289968E+000     0.400000000000E+001    -0.252992129263E-015    -0.206583750874E+001     0.129636895408E+001
     0.315969289968E+000     0.400000000000E+001    -0.253871662822E-015    -0.207301944527E+001     0.131709914853E+001
     0.325969289968E+000     0.400000000000E+001    -0.253779613339E-015    -0.207226780420E+001     0.133782182657E+001
     0.335969289968E+000     0.400000000000E+001    -0.252252933992E-015    -0.205980152128E+001     0.135841984178E+001
     0.345969289968E+000     0.400000000000E+001    -0.249649045038E-015    -0.203853915440E+001     0.137880523333E+001
     0.355969289968E+000     0.400000000000E+001    -0.246387974479E-015    -0.201191049248E+001     0.139892433825E+001
     0.365969289968E+000     0.400000000000E+001    -0.243632394263E-015    -0.198940947245E+001     0.141881843298E+001
     0.375969289968E+000     0.400000000000E+001    -0.242003841552E-015    -0.197611133039E+001     0.143857954628E+001
     0.385969289968E+000     0.400000000000E+001    -0.241629768103E-015    -0.197305678887E+001     0.145831011417E+001
     0.395969289968E+000     0.400000000000E+001    -0.242278675256E-015    -0.197835551789E+001     0.147809366935E+001
     0.405969289968E+000     0.400000000000E+001    -0.242655596023E-015    -0.198143330952E+001     0.149790800244E+001
     0.415969289968E+000     0.400000000000E+001    -0.242709410223E-015    -0.198187273581E+001     0.151772672980E+001
     0.425969289968E+000     0.400000000000E+001    -0.241651589152E-015    -0.197323497126E+001     0.153745907951E+001
     0.435969289968E+000     0.400000000000E+001    -0.240480716846E-015    -0.196367407332E+001     0.155709582025E+001
     0.445969289968E+000     0.400000000000E+001    -0.238865548043E-015    -0.195048521916E+001     0.157660067244E+001
     0.455969289968E+000     0.400000000000E+001    -0.236961892020E-015    -0.193494068808E+001     0.159595007932E+001
     0.465969289968E+000     0.400000000000E+001    -0.234833884003E-015    -0.191756418394E+001     0.161512572116E+001
     0.475969289968E+000     0.400000000000E+001    -0.232777273365E-015    -0.190077068366E+001     0.163413342800E+001
     0.485969289968E+000     0.400000000000E+001    -0.231080837402E-015    -0.188691823278E+001     0.165300261032E+001
     0.495969289968E+000     0.400000000000E+001    -0.230095750720E-015    -0.187887438958E+001     0.167179135422E+001
     0.505969289968E+000     0.400000000000E+001    -0.230329801862E-015    -0.188078556219E+001     0.169059920984E+001
     0.515969289968E+000     0.400000000000E+001    -0.230753737061E-015    -0.188424725579E+001     0.170944168240E+001
     0.525969289968E+000     0.400000000000E+001    -0.231507165252E-015    -0.189039946385E+001     0.172834567704E+001
     0.535969289968E+000     0.400000000000E+001    -0.232370949473E-015    -0.189745279728E+001     0.174732020501E+001
     0.545969289968E+000     0.400000000000E+001    -0.233137413451E-015    -0.190371145062E+001     0.176635731952E+001
     0.555969289968E+000     0.400000000000E+001    -0.233625431032E-015    -0.190769641659E+001     0.178543428368E+001
     0.565969289968E+000     0.400000000000E+001    -0.233764764716E-015    -0.190883416246E+001     0.180452262531E+001
     0.575969289968E+000     0.400000000000E+001    -0.232612466150E-015    -0.189942493061E+001     0.182351687461E+001
     0.585969289968E+000     0.400000000000E+001    -0.231067621937E-015    -0.188681032031E+001     0.184238497782E+001
     0.595969289968E+000     0.400000000000E+001    -0.229292516259E-015    -0.187231548246E+001     0.186110813264E+001
     0.605969289968E+000     0.400000000000E+001    -0.227423951020E-015    -0.185705748938E+001     0.187967870754E+001
     0.615969289968E+000     0.400000000000E+001    -0.225495720952E-015    -0.184131229599E+001     0.189809183050E+001
     0.625969289968E+000     0.400000000000E+001    -0.223765883873E-015    -0.182718710431E+001     0.191636370154E+001
     0.635969289968E+000     0.400000000000E+001    -0.222419460335E-015    -0.181619272177E+001     0.193452562876E+001
     0.645969289968E+000     0.400000000000E+001    -0.221583878302E-015    -0.180936967668E+001     0.195261932552E+001
     0.655969289968E+000     0.400000000000E+001    -0.221554615489E-015    -0.180913072768E+001     0.197071063280E+001
     0.665969289968E+000     0.400000000000E+001    -0.221652802427E-015    -0.180993248487E+001     0.198880995765E+001
     0.675969289968E+000     0.400000000000E+001    -0.222176740778E-015    -0.181421076618E+001     0.200695206531E+001
     0.685969289968E+000     0.400000000000E+001    -0.223170107628E-015    -0.182232222207E+001     0.202517528753E+001
     0.695969289968E+000     0.400000000000E+001    -0.224028508867E-015    -0.182933160012E+001     0.204346860353E+001
     0.705969289968E+000     0.400000000000E+001    -0.224747488569E-015    -0.183520251493E+001     0.206182062868E+001
     0.715969289968E+000     0.400000000000E+001    -0.225302496514E-015    -0.183973449872E+001     0.208021797367E+001
     0.725969289968E+000     0.400000000000E+001    -0.225469500169E-015    -0.184109818705E+001     0.209862895554E+001
     0.735969289968E+000     0.400000000000E+001    -0.225503444818E-015    -0.184137536615E+001     0.211704270920E+001
     0.745969289968E+000     0.400000000000E+001    -0.225403451226E-015    -0.184055885651E+001     0.213544829777E+001
     0.755969289968E+000     0.400000000000E+001    -0.225065191902E-015    -0.183779675952E+001     0.215382626536E+001
