 #        time                      h  [L]            Darcian flow [L.T^{-1}]   in    x         z              directions   cumulative flux
 #-----------------------------------------------------------------------------------------------

     0.100000000000E-005    -0.280000000000E+003    -0.151733419804E-013     0.974180787982E-014     0.180314482952E-019
     0.205999994278E-005    -0.280000000000E+003    -0.101155613203E-013     0.751657015730E-016     0.287542387346E-019
     0.318359982147E-005    -0.280000000000E+003    -0.151733419804E-013     0.332243499485E-014     0.462069272910E-019
     0.437461562859E-005    -0.280000000000E+003    -0.101155613203E-013    -0.634420718340E-014     0.604281520569E-019
     0.563709231599E-005    -0.280000000000E+003     0.505778066013E-014    -0.160860150632E-013     0.817165573706E-019
     0.697531753239E-005    -0.280000000000E+003    -0.235843933683E-029    -0.192581186549E-013     0.107488257375E-018
     0.839383618521E-005    -0.280000000000E+003    -0.505778066013E-014    -0.224302222466E-013     0.140104810955E-018
     0.989746587602E-005    -0.280000000000E+003    -0.101155613203E-013    -0.127635800684E-013     0.164592913065E-018
     0.114913132622E-004    -0.280000000000E+003    -0.151733419804E-013    -0.951631077510E-014     0.193139715450E-018
     0.131807914004E-004    -0.280000000000E+003    -0.101155613203E-013    -0.634420718340E-014     0.213312788047E-018
     0.149716381303E-004    -0.280000000000E+003    -0.151733419804E-013    -0.951631077510E-014     0.245387971744E-018
     0.168699355614E-004    -0.280000000000E+003    -0.151733419804E-013    -0.951631077510E-014     0.279387664627E-018
     0.188821307298E-004    -0.280000000000E+003    -0.101155613203E-013     0.751657015730E-016     0.299742710173E-018
     0.210150574931E-004    -0.280000000000E+003    -0.151733419804E-013     0.332243499485E-014     0.332873104026E-018
     0.232759597402E-004    -0.280000000000E+003    -0.101155613203E-013    -0.634420718340E-014     0.359869218466E-018
     0.256725159928E-004    -0.280000000000E+003    -0.151733419804E-013    -0.951631077510E-014     0.402793038110E-018
     0.282128654833E-004    -0.280000000000E+003    -0.202311226405E-013     0.150331403146E-015     0.454188579055E-018
     0.309056357980E-004    -0.280000000000E+003    -0.202311226405E-013     0.150331403146E-015     0.508667849516E-018
     0.337599721774E-004    -0.280000000000E+003    -0.202311226405E-013     0.656970428812E-014     0.569382700092E-018
     0.367855685763E-004    -0.280000000000E+003    -0.252889033006E-013     0.339760069642E-014     0.646584177367E-018
     0.399927005860E-004    -0.280000000000E+003    -0.252889033006E-013     0.981697358139E-014     0.733585671306E-018
     0.433922603327E-004    -0.280000000000E+003    -0.202311226405E-013     0.150331403146E-015     0.802364480209E-018
     0.469957934698E-004    -0.280000000000E+003    -0.151733419804E-013    -0.951631077510E-014     0.866906009868E-018
     0.508155383889E-004    -0.280000000000E+003    -0.202311226405E-013    -0.126884143668E-013     0.958124700197E-018
     0.548644677845E-004    -0.280000000000E+003    -0.303466839608E-013    -0.190326215502E-013     0.110316240999E-017
     0.591563327122E-004    -0.280000000000E+003    -0.252889033006E-013    -0.222798908435E-013     0.124781304106E-017
     0.637057092900E-004    -0.280000000000E+003    -0.151733419804E-013    -0.351938023150E-013     0.142216958420E-017
     0.685280482021E-004    -0.280000000000E+003    -0.101155613203E-013    -0.384410716083E-013     0.161385622555E-017
     0.736397271730E-004    -0.280000000000E+003    -0.101155613203E-013    -0.448604444932E-013     0.184892588883E-017
     0.790581065897E-004    -0.280000000000E+003    -0.101155613203E-013    -0.384410716083E-013     0.206430497579E-017
     0.848015884613E-004    -0.280000000000E+003    -0.101155613203E-013    -0.448604444932E-013     0.232842922094E-017
     0.908896789166E-004    -0.280000000000E+003    -0.101155613203E-013    -0.384410716083E-013     0.257042913692E-017
     0.973430544509E-004    -0.280000000000E+003    -0.101155613203E-013    -0.448604444932E-013     0.286719910673E-017
     0.104183632148E-003    -0.280000000000E+003    -0.505778066013E-014    -0.481077137865E-013     0.319809739181E-017
     0.111434644115E-003    -0.280000000000E+003    -0.151733419804E-013    -0.416131752000E-013     0.351926784067E-017
     0.119120716386E-003    -0.280000000000E+003    -0.151733419804E-013    -0.416131752000E-013     0.385970849808E-017
     0.127267952553E-003    -0.280000000000E+003    -0.151733419804E-013    -0.480325480849E-013     0.427010250148E-017
     0.135904022424E-003    -0.280000000000E+003    -0.202311226405E-013    -0.383659059067E-013     0.464467714238E-017
     0.145058255993E-003    -0.280000000000E+003    -0.151733419804E-013    -0.480325480849E-013     0.510579579481E-017
     0.154761743052E-003    -0.280000000000E+003    -0.202311226405E-013    -0.447852787917E-013     0.558265278544E-017
     0.165047438780E-003    -0.280000000000E+003    -0.101155613203E-013    -0.576991902632E-013     0.618518047786E-017
     0.175950275662E-003    -0.280000000000E+003    -0.151733419804E-013    -0.544519209699E-013     0.680147937849E-017
     0.187507282134E-003    -0.280000000000E+003    -0.151733419804E-013    -0.480325480849E-013     0.738363092731E-017
     0.199757708333E-003    -0.280000000000E+003    -0.252889033006E-013    -0.351186366134E-013     0.791378533829E-017
     0.212743159403E-003    -0.280000000000E+003    -0.252889033006E-013    -0.351186366134E-013     0.847574898360E-017
     0.226507736794E-003    -0.280000000000E+003    -0.252889033006E-013    -0.543767552683E-013     0.930120601243E-017
     0.241098188040E-003    -0.280000000000E+003    -0.303466839608E-013    -0.447101130901E-013     0.100896191656E-016
     0.256564065527E-003    -0.280000000000E+003    -0.354044646209E-013    -0.414628437968E-013     0.109328490354E-016
     0.272957894778E-003    -0.280000000000E+003    -0.354044646209E-013    -0.478822166818E-013     0.119090988542E-016
     0.290335352846E-003    -0.280000000000E+003    -0.404622452810E-013    -0.382155745035E-013     0.128762638265E-016
     0.308755457403E-003    -0.280000000000E+003    -0.303466839608E-013    -0.447101130901E-013     0.138716170524E-016
     0.328280767180E-003    -0.280000000000E+003    -0.303466839608E-013    -0.447101130901E-013     0.149266914150E-016
     0.348977594427E-003    -0.280000000000E+003    -0.303466839608E-013    -0.447101130901E-013     0.160450701788E-016
     0.370916230124E-003    -0.280000000000E+003    -0.303466839608E-013    -0.447101130901E-013     0.172305516046E-016
     0.394171182707E-003    -0.280000000000E+003    -0.252889033006E-013    -0.415380094984E-013     0.183614538077E-016
     0.418821431115E-003    -0.280000000000E+003    -0.404622452810E-013    -0.510543202735E-013     0.199672688664E-016
     0.444950693017E-003    -0.280000000000E+003    -0.404622452810E-013    -0.446349473885E-013     0.215414288079E-016
     0.472647709137E-003    -0.280000000000E+003    -0.505778066013E-013    -0.445597816869E-013     0.234083984950E-016
     0.502006544641E-003    -0.280000000000E+003    -0.404622452810E-013    -0.382155745035E-013     0.250424025718E-016
     0.533126908594E-003    -0.280000000000E+003    -0.455200259411E-013    -0.285489323253E-013     0.267145580510E-016
     0.566114492604E-003    -0.280000000000E+003    -0.354044646209E-013    -0.286240980269E-013     0.282164226877E-016
     0.601081329767E-003    -0.280000000000E+003    -0.303466839608E-013    -0.382907402051E-013     0.299248316481E-016
     0.638146175159E-003    -0.280000000000E+003    -0.202311226405E-013    -0.447852787917E-013     0.317463037152E-016
     0.677434909153E-003    -0.280000000000E+003    -0.101155613203E-013    -0.384410716083E-013     0.333080200523E-016
     0.719080964939E-003    -0.280000000000E+003    -0.252889033006E-013    -0.351186366134E-013     0.351103116474E-016
     0.763225781689E-003    -0.280000000000E+003    -0.202311226405E-013    -0.383659059067E-013     0.370250169624E-016
     0.810019284919E-003    -0.280000000000E+003    -0.151733419804E-013    -0.416131752000E-013     0.390976504794E-016
     0.859620395664E-003    -0.280000000000E+003    -0.202311226405E-013    -0.383659059067E-013     0.412490131390E-016
     0.912197570216E-003    -0.280000000000E+003    -0.202311226405E-013    -0.512046516766E-013     0.441437266710E-016
     0.967929372233E-003    -0.280000000000E+003    -0.202311226405E-013    -0.447852787917E-013     0.468825461521E-016
     0.102700507918E-002    -0.280000000000E+003    -0.151733419804E-013    -0.416131752000E-013     0.494991976488E-016
     0.108962532517E-002    -0.280000000000E+003    -0.151733419804E-013    -0.480325480849E-013     0.526535156183E-016
     0.115600278233E-002    -0.280000000000E+003    -0.151733419804E-013    -0.480325480849E-013     0.559970924855E-016
     0.122636288312E-002    -0.280000000000E+003    -0.151733419804E-013    -0.480325480849E-013     0.595412837734E-016
     0.130094458593E-002    -0.280000000000E+003    -0.202311226405E-013    -0.447852787917E-013     0.632064410661E-016
     0.138000118665E-002    -0.280000000000E+003    -0.202311226405E-013    -0.447852787917E-013     0.670915075867E-016
     0.146380117888E-002    -0.280000000000E+003    -0.202311226405E-013    -0.447852787917E-013     0.712096778761E-016
     0.155262916586E-002    -0.280000000000E+003    -0.505778066013E-014    -0.545270866715E-013     0.760740012250E-016
     0.164678682697E-002    -0.280000000000E+003    -0.505778066013E-014    -0.545270866715E-013     0.812301836964E-016
     0.174659394236E-002    -0.280000000000E+003    -0.505778066013E-014    -0.481077137865E-013     0.860581389926E-016
     0.185238947896E-002    -0.280000000000E+003    -0.393073222806E-029    -0.320968644249E-013     0.894538439876E-016
     0.196453274170E-002    -0.280000000000E+003    -0.101155613203E-013    -0.320216987233E-013     0.932197773346E-016
     0.208340459379E-002    -0.280000000000E+003    -0.101155613203E-013    -0.191829529533E-013     0.957977081513E-016
     0.220940875020E-002    -0.280000000000E+003    -0.151733419804E-013    -0.951631077510E-014     0.980545213092E-016
     0.234297314879E-002    -0.280000000000E+003    -0.151733419804E-013    -0.951631077510E-014     0.100446743127E-015
     0.248455140365E-002    -0.280000000000E+003    -0.101155613203E-013    -0.127635800684E-013     0.102752485547E-015
     0.263462434571E-002    -0.280000000000E+003    -0.101155613203E-013    -0.127635800684E-013     0.105196572380E-015
     0.279370165569E-002    -0.280000000000E+003    -0.505778066013E-014    -0.959147647667E-014     0.106921498393E-015
     0.296232359518E-002    -0.280000000000E+003    -0.202311226405E-013     0.129890771731E-013     0.110975495437E-015
     0.314106284138E-002    -0.280000000000E+003    -0.151733419804E-013     0.974180787982E-014     0.114198422913E-015
     0.333052643213E-002    -0.280000000000E+003    -0.101155613203E-013     0.649453858654E-014     0.116475958207E-015
     0.353135782749E-002    -0.280000000000E+003    -0.101155613203E-013    -0.127635800684E-013     0.119746696838E-015
     0.374423909507E-002    -0.280000000000E+003    -0.101155613203E-013    -0.127635800684E-013     0.123213679600E-015
     0.396989322653E-002    -0.280000000000E+003    -0.303466839608E-013    -0.619387578025E-014     0.130202714185E-015
     0.420908659296E-002    -0.280000000000E+003    -0.303466839608E-013    -0.619387578025E-014     0.137611090447E-015
     0.446263154769E-002    -0.280000000000E+003    -0.303466839608E-013    -0.126132486652E-013     0.145943486812E-015
     0.473138918520E-002    -0.280000000000E+003    -0.354044646209E-013    -0.936597937195E-014     0.155786027353E-015
     0.501627226558E-002    -0.280000000000E+003    -0.252889033006E-013    -0.286992637284E-013     0.166683229212E-015
     0.531824831448E-002    -0.280000000000E+003    -0.354044646209E-013    -0.222047251419E-013     0.179303248475E-015
     0.563834290904E-002    -0.280000000000E+003    -0.404622452810E-013    -0.253768287336E-013     0.194591499558E-015
     0.597764316095E-002    -0.280000000000E+003    -0.354044646209E-013    -0.936597937195E-014     0.207017477536E-015
     0.633730140856E-002    -0.280000000000E+003    -0.303466839608E-013    -0.619387578025E-014     0.218156932043E-015
     0.671853913045E-002    -0.280000000000E+003    -0.303466839608E-013    -0.619387578025E-014     0.229964753183E-015
     0.712265109384E-002    -0.280000000000E+003    -0.202311226405E-013     0.150331403146E-015     0.238140617581E-015
     0.755100975191E-002    -0.280000000000E+003    -0.151733419804E-013    -0.159356836601E-013     0.247566224458E-015
     0.800506990496E-002    -0.280000000000E+003    -0.101155613203E-013    -0.634420718340E-014     0.252987891790E-015
     0.848637364120E-002    -0.280000000000E+003    -0.505778066013E-014    -0.224302222466E-013     0.264054696637E-015
     0.899655557408E-002    -0.280000000000E+003     0.151733419804E-013    -0.974180787982E-014     0.273254015780E-015
     0.953734839373E-002    -0.280000000000E+003     0.404622452810E-013    -0.131394085762E-013     0.296260522984E-015
     0.101105887516E-001    -0.280000000000E+003     0.404622452810E-013     0.611871007868E-014     0.319718817754E-015
     0.107182234982E-001    -0.280000000000E+003     0.455200259411E-013     0.929081367038E-014     0.347948615045E-015
     0.113623162948E-001    -0.280000000000E+003     0.303466839608E-013     0.254519944352E-013     0.373459286248E-015
     0.120450546223E-001    -0.280000000000E+003     0.505778066013E-013    -0.375828507865E-015     0.407991646655E-015
     0.127687572104E-001    -0.280000000000E+003     0.404622452810E-013    -0.323975272311E-013     0.445504252600E-015
     0.135358819124E-001    -0.280000000000E+003     0.101155613203E-013    -0.193332843565E-013     0.462242703794E-015
     0.143490340526E-001    -0.280000000000E+003     0.252889033006E-013     0.302177218855E-014     0.482952712446E-015
     0.152109752747E-001    -0.280000000000E+003     0.786146445611E-030     0.641937288497E-014     0.488485834555E-015
     0.161246329208E-001    -0.280000000000E+003     0.505778066013E-014     0.959147647667E-014     0.498392915838E-015
     0.170931099734E-001    -0.280000000000E+003    -0.151733419804E-013     0.225805536498E-013     0.524740328447E-015
     0.181196955938E-001    -0.280000000000E+003    -0.303466839608E-013     0.225497104719E-015     0.555894657888E-015
     0.192078762926E-001    -0.280000000000E+003     0.101155613203E-013    -0.129139114715E-013     0.573745256139E-015
     0.203613477710E-001    -0.280000000000E+003    -0.151733419804E-013    -0.287744294300E-013     0.611267633619E-015
     0.215840274722E-001    -0.280000000000E+003    -0.157229289122E-029    -0.128387457699E-013     0.626965307460E-015
     0.228800678855E-001    -0.280000000005E+003    -0.570704796322E-009     0.245702237505E-009     0.805919310291E-012
     0.242538706494E-001    -0.280000000002E+003    -0.243188209696E-009     0.947852554957E-010     0.116449170080E-011
     0.257101015006E-001    -0.280000000001E+003    -0.121993669521E-009     0.429084551469E-010     0.135281107205E-011
     0.272537061195E-001    -0.279999997404E+003     0.279060843516E-006    -0.116974639491E-006     0.468425277943E-009
     0.288899269272E-001    -0.279999998910E+003     0.115446823615E-006    -0.429780687668E-007     0.669986719456E-009
     0.306243208897E-001    -0.279999999413E+003     0.575757319639E-007    -0.191209327920E-007     0.775208485797E-009
     0.324627783907E-001    -0.279999981874E+003     0.195866830201E-005    -0.793917286343E-006     0.466070313397E-008
     0.344115432366E-001    -0.279999993034E+003     0.741015066353E-006    -0.264613364833E-006     0.619407716078E-008
     0.364772338618E-001    -0.279999996458E+003     0.343458847545E-006    -0.109260835739E-006     0.693859146674E-008
     0.386668658063E-001    -0.279999997824E+003     0.179754068999E-006    -0.524017369353E-007     0.734857025689E-008
     0.409878755421E-001    -0.279999978455E+003     0.230279242251E-005    -0.885618668143E-006     0.130750113509E-007
     0.434481457293E-001    -0.279999991096E+003     0.869761323797E-006    -0.286291475940E-006     0.153278016072E-007
     0.460560319869E-001    -0.279999995055E+003     0.401799392695E-006    -0.116064420392E-006     0.164184896731E-007
     0.488203912708E-001    -0.279999996711E+003     0.208602559782E-006    -0.550587567737E-007     0.170148901442E-007
     0.517506119535E-001    -0.279999997558E+003     0.118047055252E-006    -0.298843096292E-007     0.173717060803E-007
     0.548566457095E-001    -0.279999997837E+003     0.972804698027E-007    -0.274028514081E-007     0.176856215592E-007
     0.581490413132E-001    -0.279999998337E+003     0.533840815120E-007    -0.138698568774E-007     0.178672183862E-007
     0.616389804647E-001    -0.280000003805E+003    -0.552386848269E-006     0.201137729636E-006     0.199188384653E-007
     0.653383157655E-001    -0.279999968030E+003     0.352206887226E-005    -0.124937466673E-005     0.337436193642E-007
     0.692596109728E-001    -0.279999958544E+003     0.459673864838E-005    -0.155032633125E-005     0.527663546778E-007
     0.734161836681E-001    -0.280000037390E+003    -0.448599048689E-005     0.162149201360E-005     0.725934011904E-007
     0.778221504872E-001    -0.280000007079E+003    -0.100527108418E-005     0.301149311100E-006     0.772170658061E-007
     0.824924750635E-001    -0.280000001515E+003    -0.288903947990E-006     0.736821307310E-007     0.786095318901E-007
     0.874430188470E-001    -0.280000000000E+003    -0.798077831703E-007     0.172038226496E-007     0.790136992620E-007
     0.926905949743E-001    -0.279999999660E+003    -0.283569683002E-007     0.668748384993E-008     0.791665866600E-007
     0.982530253690E-001    -0.279999999531E+003    -0.931550137953E-008     0.292616902880E-008     0.792208997500E-007
     0.104149201269E+000    -0.279999999486E+003    -0.223669729282E-008     0.151513617126E-008     0.792368286513E-007
     0.110399147386E+000    -0.279999999474E+003     0.514229619677E-009     0.911456313469E-009     0.792433692870E-007
     0.117024089912E+000    -0.279999999445E+003     0.532941385210E-008    -0.549979938424E-009     0.792788638533E-007
     0.124046528610E+000    -0.280000013576E+003    -0.167030214542E-005     0.503765831166E-006     0.915303313841E-007
     0.131490313229E+000    -0.280000002405E+003    -0.318547183054E-006     0.779855642171E-007     0.939715529345E-007
     0.139380724499E+000    -0.279999977226E+003     0.271049812027E-005    -0.796726742852E-006     0.116263289431E-006
     0.147744559993E+000    -0.279999995892E+003     0.433774650026E-006    -0.983826013647E-007     0.119983453352E-006
     0.156610225139E+000    -0.279999998490E+003     0.962544782393E-007    -0.145381092602E-007     0.120846492098E-006
     0.166007829686E+000    -0.279999999080E+003     0.273547438988E-007    -0.472557190051E-008     0.121107368829E-006
     0.175969289968E+000    -0.279999999297E+003     0.100285978965E-007    -0.205876693058E-008     0.121209351658E-006
     0.185969289968E+000    -0.279999999426E+003     0.437918836479E-008     0.395396717748E-008     0.121268352630E-006
     0.195969289968E+000    -0.279999999474E+003     0.293427652020E-008    -0.203905289646E-009     0.121297766158E-006
     0.205969289968E+000    -0.280000016969E+003    -0.212290735728E-005     0.574677844256E-006     0.143290924804E-006
     0.215969289968E+000    -0.280000002539E+003    -0.303215320080E-006     0.116767804758E-006     0.146540143950E-006
     0.225969289968E+000    -0.280000000540E+003    -0.630612485872E-007     0.315649618425E-008     0.147171545925E-006
     0.235969289968E+000    -0.280000000305E+003    -0.192171842465E-007     0.213091674049E-007     0.147458492050E-006
     0.245969289968E+000    -0.280000003702E+003    -0.439272910605E-006     0.117388412673E-006     0.152005367124E-006
     0.255969289968E+000    -0.280000000722E+003    -0.692643534340E-007     0.119960840350E-007     0.152708322079E-006
     0.265969289968E+000    -0.279999993527E+003     0.817722522077E-006    -0.210649237740E-006     0.161152510758E-006
     0.275969289968E+000    -0.279999999152E+003     0.115190687259E-006    -0.253632227777E-007     0.162332010122E-006
     0.285969289968E+000    -0.280000002867E+003    -0.351916642610E-006     0.773954508002E-007     0.165935277794E-006
     0.295969289968E+000    -0.280000000499E+003    -0.514817531846E-007     0.752179321466E-008     0.166455561206E-006
     0.305969289968E+000    -0.280000000506E+003    -0.512607534569E-007     0.859116240905E-008     0.166975318160E-006
     0.315969289968E+000    -0.280000000154E+003    -0.915363212070E-008     0.138230103898E-008     0.167067892313E-006
     0.325969289968E+000    -0.280000000213E+003    -0.320116041434E-008     0.321735019292E-007     0.167391215936E-006
     0.335969289968E+000    -0.280000000032E+003     0.279088336753E-008     0.986288065262E-009     0.167420816264E-006
     0.345969289968E+000    -0.280000014244E+003    -0.171959002626E-005     0.475264274185E-006     0.185261404788E-006
     0.355969289968E+000    -0.280000002423E+003    -0.254303623536E-006     0.520642449599E-007     0.187857190190E-006
     0.365969289968E+000    -0.280000000912E+003    -0.554787248438E-007     0.896249089606E-008     0.188419170186E-006
     0.375969289968E+000    -0.280000000619E+003    -0.226260727102E-007     0.335130197523E-008     0.188647899368E-006
     0.385969289968E+000    -0.280000000439E+003    -0.769266181447E-008     0.380409382677E-009     0.188724919987E-006
     0.395969289968E+000    -0.280000000532E+003    -0.237381067239E-007     0.529284917584E-008     0.188968130177E-006
     0.405969289968E+000    -0.280000000358E+003    -0.591526666063E-008     0.471869967295E-009     0.189027470754E-006
     0.415969289968E+000    -0.280000000204E+003     0.163034676376E-007     0.724714160530E-008     0.189205887154E-006
     0.425969289968E+000    -0.280000056021E+003    -0.677277823663E-005     0.186129212825E-005     0.259444717888E-006
     0.435969289968E+000    -0.280000009368E+003    -0.996301850964E-006     0.213429953821E-006     0.269633779295E-006
     0.445969289968E+000    -0.280000003311E+003    -0.211845764457E-006     0.391324420341E-007     0.271788076766E-006
     0.455969289968E+000    -0.280000001933E+003    -0.620976142334E-007     0.109617412426E-007     0.272418653761E-006
     0.465969289968E+000    -0.280000001431E+003    -0.250991047338E-007     0.403859621845E-008     0.272672873217E-006
     0.475969289968E+000    -0.280000001185E+003    -0.135970440455E-007     0.224010538694E-008     0.272810676583E-006
     0.485969289968E+000    -0.280000000554E+003    -0.628571367846E-008    -0.109688803054E-006     0.273909364151E-006
     0.495969289968E+000    -0.280000000677E+003    -0.483721081912E-008    -0.105061107160E-007     0.274025026146E-006
     0.505969289968E+000    -0.280000000480E+003     0.752901226151E-009     0.693257273340E-008     0.274094759513E-006
     0.515969289968E+000    -0.280000000292E+003     0.324906771061E-008     0.657415078303E-008     0.274168091566E-006
     0.525969289968E+000    -0.280000000174E+003     0.367612142313E-008     0.476998711436E-008     0.274228313361E-006
     0.535969289968E+000    -0.280000000112E+003     0.307940446324E-008     0.320473040759E-008     0.274272757740E-006
     0.545969289968E+000    -0.280000016579E+003    -0.200278063343E-005     0.552596198906E-006     0.295048928766E-006
     0.555969289968E+000    -0.280000002751E+003    -0.292802052446E-006     0.637025777972E-007     0.298045444414E-006
     0.565969289968E+000    -0.280000000800E+003    -0.845669772030E-007    -0.646607415889E-007     0.299109990568E-006
     0.575969289968E+000    -0.280000000402E+003    -0.190297782853E-007    -0.723169402455E-009     0.299300425711E-006
     0.585969289968E+000    -0.280000000069E+003    -0.255288444009E-008    -0.823328176618E-008     0.299386625564E-006
     0.595969289968E+000    -0.279999999928E+003     0.257327235685E-008     0.497557136141E-008     0.299442641670E-006
     0.605969289968E+000    -0.279999999924E+003     0.390244699967E-008     0.302355817182E-007     0.299747505491E-006
     0.615969289968E+000    -0.280000000050E+003     0.323261981426E-008     0.614714082567E-007     0.300363068962E-006
     0.625969289968E+000    -0.279999999933E+003     0.240088801842E-008     0.443569595334E-008     0.300413506708E-006
     0.635969289968E+000    -0.280000000050E+003    -0.129831712159E-008     0.172049693974E-008     0.300435060680E-006
     0.645969289968E+000    -0.280000001072E+003    -0.126372290303E-006     0.136476338726E-007     0.301706131632E-006
     0.655969289968E+000    -0.280000000333E+003    -0.236104534362E-007     0.784778698177E-009     0.301942366555E-006
     0.665969289968E+000    -0.280000000212E+003    -0.590903042404E-008    -0.205718710852E-009     0.302001492659E-006
     0.675969289968E+000    -0.279999994805E+003     0.650726464925E-006    -0.179326795945E-006     0.308751329930E-006
     0.685969289968E+000    -0.279999969991E+003     0.365514087873E-005    -0.997579483688E-006     0.346639612643E-006
     0.695969289968E+000    -0.279999995099E+003     0.542056602310E-006    -0.114414305989E-006     0.352179612585E-006
     0.705969289968E+000    -0.280000000746E+003    -0.168881945502E-006     0.559122760113E-007     0.353958581222E-006
     0.715969289968E+000    -0.279999976670E+003     0.277277809234E-005    -0.761526341074E-006     0.382713095159E-006
     0.725969289968E+000    -0.279999995688E+003     0.432600476803E-006    -0.930303454814E-007     0.387137999878E-006
     0.735969289968E+000    -0.279999998399E+003     0.930413663131E-007    -0.178169913625E-007     0.388085319308E-006
     0.745969289968E+000    -0.279999999066E+003     0.261254705342E-007    -0.493112062842E-008     0.388351186975E-006
     0.755969289968E+000    -0.279999999299E+003     0.115867079308E-007    -0.220443264036E-008     0.388469132438E-006
