 #        time                      h  [L]            Darcian flow [L.T^{-1}]   in    x         z              directions   cumulative flux
 #-----------------------------------------------------------------------------------------------

     0.100000000000E-005    -0.278499999997E+003    -0.244492293578E-009    -0.183468735760E-008     0.185090631361E-014
     0.205999994278E-005    -0.278499999981E+003    -0.170444506421E-008    -0.128055796983E-007     0.155445304316E-013
     0.318359982147E-005    -0.278499999922E+003    -0.694243116083E-008    -0.522206338489E-007     0.747358738859E-013
     0.437461562859E-005    -0.278499999758E+003    -0.215785150318E-007    -0.162510195792E-006     0.269986909455E-012
     0.563709231599E-005    -0.278499999363E+003    -0.566800688808E-007    -0.427402458298E-006     0.814296660307E-012
     0.697531753239E-005    -0.278499998508E+003    -0.132549818442E-006    -0.100081451298E-005     0.216530719085E-011
     0.839383618521E-005    -0.278499996789E+003    -0.284603084478E-006    -0.215180593356E-005     0.524426644449E-011
     0.989746587602E-005    -0.278499993527E+003    -0.572333908373E-006    -0.433335171317E-005     0.118166081166E-010
     0.114913132622E-004    -0.278499987608E+003    -0.109280514996E-005    -0.828612351732E-005     0.251377845316E-010
     0.131807914004E-004    -0.278499977251E+003    -0.200071198917E-005    -0.151933110420E-004     0.510281508425E-010
     0.149716381303E-004    -0.278499959658E+003    -0.353791924674E-005    -0.269093048707E-004     0.996333134366E-010
     0.168699355614E-004    -0.278499930504E+003    -0.607654770365E-005    -0.462944923199E-004     0.188267836236E-009
     0.188821307298E-004    -0.278499883191E+003    -0.101812746465E-004    -0.777013640786E-004     0.345954628949E-009
     0.210150574931E-004    -0.278499807780E+003    -0.166986377882E-004    -0.127674658537E-003     0.620594630098E-009
     0.232759597402E-004    -0.278499689441E+003    -0.268838976361E-004    -0.205951606485E-003     0.109018140433E-008
     0.256725159928E-004    -0.278499506272E+003    -0.425795457679E-004    -0.326878829853E-003     0.188018314355E-008
     0.282128654833E-004    -0.278499226206E+003    -0.664639268777E-004    -0.511401465628E-003     0.319024734277E-008
     0.309056357980E-004    -0.278498802707E+003    -0.102393756421E-003    -0.789829036670E-003     0.533487346922E-008
     0.337599721774E-004    -0.278498168805E+003    -0.155870610937E-003    -0.120564290326E-002     0.880482442590E-008
     0.367855685763E-004    -0.278497228937E+003    -0.234668804155E-003    -0.182068338739E-002     0.143590460245E-007
     0.399927005860E-004    -0.278495847883E+003    -0.349670468152E-003    -0.272214266284E-002     0.231610489593E-007
     0.433922603327E-004    -0.278493835913E+003    -0.515963105888E-003    -0.403189406303E-002     0.369794910256E-007
     0.469957934698E-004    -0.278490929045E+003    -0.754265152056E-003    -0.591881087207E-002     0.584806104113E-007
     0.508155383889E-004    -0.278486763048E+003    -0.109275562971E-002    -0.861486771972E-002     0.916508804445E-007
     0.548644677845E-004    -0.278480839542E+003    -0.156939379028E-002    -0.124359725215E-001     0.142402625130E-006
     0.591563327122E-004    -0.278472482227E+003    -0.223482203159E-002    -0.178086397316E-001     0.219434376832E-006
     0.637057092900E-004    -0.278460780929E+003    -0.315594808858E-002    -0.253037751210E-001     0.335442680631E-006
     0.685280482021E-004    -0.278444520873E+003    -0.442029756793E-002    -0.356789822586E-001     0.508814235641E-006
     0.736397271730E-004    -0.278422094290E+003    -0.614121209455E-002    -0.499309020152E-001     0.765968242526E-006
     0.790581065897E-004    -0.278391391359E+003    -0.846393854469E-002    -0.693591393485E-001     0.114457024771E-005
     0.848015884613E-004    -0.278349667431E+003    -0.115726086592E-001    -0.956433018709E-001     0.169790238438E-005
     0.908896789166E-004    -0.278293383703E+003    -0.156980443951E-001    -0.130934567554E+000     0.250075255380E-005
     0.973430544509E-004    -0.278218018945E+003    -0.211262416981E-001    -0.177963020682E+000     0.365727874083E-005
     0.104183632148E-003    -0.278117850656E+003    -0.282072812244E-001    -0.240161756226E+000     0.531141642616E-005
     0.111434644115E-003    -0.277985705263E+003    -0.373642807524E-001    -0.321808449852E+000     0.766052908945E-005
     0.119120716386E-003    -0.277812678878E+003    -0.491018233582E-001    -0.428184682468E+000     0.109731558978E-004
     0.127267952553E-003    -0.277587832972E+003    -0.640130404802E-001    -0.565752695971E+000     0.156118875510E-004
     0.135904022424E-003    -0.277297873554E+003    -0.827841655662E-001    -0.742348286335E+000     0.220625993271E-004
     0.145058255993E-003    -0.276926828379E+003    -0.106194868155E+000    -0.967387024815E+000     0.309714842254E-004
     0.154761743052E-003    -0.276455744460E+003    -0.135112004762E+000    -0.125207874704E+001     0.431915476155E-004
     0.165047438780E-003    -0.275862437713E+003    -0.170473577028E+000    -0.160964207057E+001     0.598404286796E-004
     0.175950275662E-003    -0.275121337041E+003    -0.213258709290E+000    -0.205550636237E+001     0.823715722286E-004
     0.187507282134E-003    -0.274203475356E+003    -0.264438479261E+000    -0.260748275073E+001     0.112660839250E-003
     0.199757708333E-003    -0.273076687658E+003    -0.324901744582E+000    -0.328587800141E+001     0.153110543357E-003
     0.212743159403E-003    -0.271706078351E+003    -0.395350194723E+000    -0.411351478789E+001     0.206772526232E-003
     0.226507736794E-003    -0.270054813064E+003    -0.476158391728E+000    -0.511560854053E+001     0.277491085192E-003
     0.241098188040E-003    -0.268085271130E+003    -0.567198262318E+000    -0.631943443870E+001     0.370065130385E-003
     0.256564065527E-003    -0.265760562013E+003    -0.667633886909E+000    -0.775369891746E+001     0.490426608554E-003
     0.272957894778E-003    -0.263046363438E+003    -0.775701510182E+000    -0.944751098623E+001     0.645828675832E-003
     0.290335352846E-003    -0.259912985110E+003    -0.888500717913E+000    -0.114288360366E+002     0.845032054561E-003
     0.308755457403E-003    -0.256337506559E+003    -0.100183410087E+001    -0.137223205089E+002     0.109847137520E-002
     0.328280767180E-003    -0.252305789333E+003    -0.111014229159E+001    -0.163464179277E+002     0.141837544430E-002
     0.348977594427E-003    -0.247814132143E+003    -0.120658676622E+001    -0.193098467954E+002     0.181880745848E-002
     0.370916230124E-003    -0.242870334717E+003    -0.128333231896E+001    -0.226075836353E+002     0.231558546193E-002
     0.394171182707E-003    -0.237493976754E+003    -0.133207264988E+001    -0.262168324757E+002     0.292604312601E-002
     0.418821431115E-003    -0.231715815108E+003    -0.134482192078E+001    -0.300936678430E+002     0.366859985021E-002
     0.444950693017E-003    -0.225576353866E+003    -0.131495732447E+001    -0.341712297170E+002     0.456212970531E-002
     0.472647709137E-003    -0.219123788546E+003    -0.123843612527E+001    -0.383603829242E+002     0.562515139612E-002
     0.502006544641E-003    -0.212411674961E+003    -0.111500880465E+001    -0.425534905853E+002     0.687490112722E-002
     0.533126908594E-003    -0.205496730566E+003    -0.949143270202E+000    -0.466314081510E+002     0.832638809682E-002
     0.566114492604E-003    -0.198437085705E+003    -0.750310721870E+000    -0.504731120586E+002     0.999155807912E-002
     0.601081329767E-003    -0.191291095729E+003    -0.532323144576E+000    -0.539667050939E+002     0.118786948679E-001
     0.638146175159E-003    -0.184116572695E+003    -0.311607059828E+000    -0.570200824644E+002     0.139921669671E-001
     0.677434909153E-003    -0.176970097696E+003    -0.104631889503E+000    -0.595694340351E+002     0.163325782254E-001
     0.719080964939E-003    -0.169906030763E+003     0.749240169818E-001    -0.615840330425E+002     0.188973121992E-001
     0.763225781689E-003    -0.162974988679E+003     0.218463306972E+000    -0.630663865284E+002     0.216813829790E-001
     0.810019284919E-003    -0.156221861794E+003     0.323484599547E+000    -0.640477345739E+002     0.246784390794E-001
     0.859620395664E-003    -0.149683754656E+003     0.393004242145E+000    -0.645799448092E+002     0.278817353874E-001
     0.912197570216E-003    -0.143388405478E+003     0.433668233797E+000    -0.647257562557E+002     0.312849091558E-001
     0.967929372233E-003    -0.137353570080E+003     0.453335553578E+000    -0.645496755760E+002     0.348824676135E-001
     0.102700507918E-002    -0.131587568351E+003     0.459036383469E+000    -0.641113675918E+002     0.386699890580E-001
     0.108962532517E-002    -0.126090818495E+003     0.455895433471E+000    -0.634622801789E+002     0.426441151938E-001
     0.115600278233E-002    -0.120857901672E+003     0.447070006589E+000    -0.626450568288E+002     0.468024406584E-001
     0.122636288312E-002    -0.115879626347E+003     0.434314642566E+000    -0.616945894235E+002     0.511433857492E-001
     0.130094458593E-002    -0.111144699053E+003     0.418665068399E+000    -0.606395531948E+002     0.556660946733E-001
     0.138000118665E-002    -0.106640853369E+003     0.400907727767E+000    -0.595037191079E+002     0.603703632056E-001
     0.146380117888E-002    -0.102355508629E+003     0.381768747917E+000    -0.583068546248E+002     0.652565819051E-001
     0.155262916586E-002    -0.982761377950E+002     0.361930205969E+000    -0.570653276152E+002     0.703256820344E-001
     0.164678682697E-002    -0.943905561187E+002     0.341998369090E+000    -0.557925288020E+002     0.755790747484E-001
     0.174659394236E-002    -0.906870226737E+002     0.322437011608E+000    -0.544995151686E+002     0.810186093448E-001
     0.185238947896E-002    -0.871544405480E+002     0.303591703974E+000    -0.531953817750E+002     0.866465349559E-001
     0.196453274170E-002    -0.837825001281E+002     0.285675794217E+000    -0.518876232369E+002     0.924654705124E-001
     0.208340459379E-002    -0.805617275409E+002     0.268765268285E+000    -0.505824655254E+002     0.984783867501E-001
     0.220940875020E-002    -0.774834507317E+002     0.252825410188E+000    -0.492851143443E+002     0.104688597717E+000
     0.234297314879E-002    -0.745397186555E+002     0.237756657308E+000    -0.479999147650E+002     0.111099756112E+000
     0.248455140365E-002    -0.717232009605E+002     0.223446716311E+000    -0.467304586602E+002     0.117715848531E+000
     0.263462434571E-002    -0.690270879353E+002     0.209807878148E+000    -0.454796689196E+002     0.124541188877E+000
     0.279370165569E-002    -0.664450046804E+002     0.196789052782E+000    -0.442498761120E+002     0.131580409745E+000
     0.296232359518E-002    -0.639709479521E+002     0.184368158413E+000    -0.430428941728E+002     0.138838452623E+000
     0.314106284138E-002    -0.615992491368E+002     0.172538458507E+000    -0.418600953938E+002     0.146320558076E+000
     0.333052643213E-002    -0.593245585137E+002     0.161298464480E+000    -0.407024826435E+002     0.154032257143E+000
     0.353135782749E-002    -0.571430761172E+002     0.151513807908E+000    -0.395700364068E+002     0.161979221024E+000
     0.374423909507E-002    -0.550465604490E+002     0.140468590677E+000    -0.384653931560E+002     0.170167837277E+000
     0.396989322653E-002    -0.530335949556E+002     0.130959112800E+000    -0.373865727305E+002     0.178604323632E+000
     0.420908659296E-002    -0.510995444224E+002     0.122103627580E+000    -0.363343528273E+002     0.187295308876E+000
     0.446263154769E-002    -0.492402163875E+002     0.113833078218E+000    -0.353087884415E+002     0.196247720568E+000
     0.473138918520E-002    -0.474521093004E+002     0.106074429753E+000    -0.343095851592E+002     0.205468727688E+000
     0.501627226558E-002    -0.457315816025E+002     0.988417460147E-001    -0.333365446940E+002     0.214965786974E+000
     0.531824831448E-002    -0.440753395566E+002     0.921064910633E-001    -0.323892417152E+002     0.224746601762E+000
     0.563834290904E-002    -0.424802265248E+002     0.858372676444E-001    -0.314671950027E+002     0.234819118263E+000
     0.597764316095E-002    -0.409430427228E+002     0.799917221369E-001    -0.305697565463E+002     0.245191479870E+000
     0.633730140856E-002    -0.394610175079E+002     0.746023698432E-001    -0.296962691349E+002     0.255872021690E+000
     0.671853913045E-002    -0.380302197254E+002     0.696397247452E-001    -0.288457326540E+002     0.266869135141E+000
     0.712265109384E-002    -0.366473679891E+002     0.649617304478E-001    -0.280166056941E+002     0.278191011111E+000
     0.755100975191E-002    -0.353074776626E+002     0.605561388812E-001    -0.272069511507E+002     0.289845373064E+000
     0.800506990496E-002    -0.340045102789E+002     0.564259679810E-001    -0.264137813011E+002     0.301838846009E+000
     0.848637364120E-002    -0.327303746723E+002     0.525302971182E-001    -0.256327037403E+002     0.314175987997E+000
     0.899655557408E-002    -0.314740103976E+002     0.489445534866E-001    -0.248574699420E+002     0.326857844642E+000
     0.953734839373E-002    -0.302210385547E+002     0.456213379777E-001    -0.240793207339E+002     0.339879791769E+000
     0.101105887516E-001    -0.289524145890E+002     0.424782578561E-001    -0.232865144070E+002     0.353228583831E+000
     0.107182234982E-001    -0.276440560114E+002     0.397624089924E-001    -0.224638082413E+002     0.366878395642E+000
     0.113623162948E-001    -0.262632432621E+002     0.366646327438E-001    -0.215914640187E+002     0.380785322135E+000
     0.120450546223E-001    -0.247795934093E+002     0.344300087722E-001    -0.206469495427E+002     0.394881805533E+000
     0.127687572104E-001    -0.231481626359E+002     0.320832140123E-001    -0.196019617817E+002     0.409067815008E+000
     0.135358819124E-001    -0.213230551545E+002     0.283261456757E-001    -0.184243177279E+002     0.423201580959E+000
     0.143490340526E-001    -0.192704448939E+002     0.241983988924E-001    -0.170859438426E+002     0.437095066696E+000
     0.152109752747E-001    -0.169398518001E+002     0.222622306608E-001    -0.155526309401E+002     0.450500534149E+000
     0.161246329208E-001    -0.143170550121E+002     0.196411782608E-001    -0.138058504422E+002     0.463114367731E+000
     0.170931099734E-001    -0.114102965156E+002     0.176177737566E-001    -0.118441501217E+002     0.474585168022E+000
     0.181196955938E-001    -0.829086739280E+001     0.157298221049E-001    -0.971035919857E+001     0.484553696222E+000
     0.192078762926E-001    -0.513798529263E+001     0.128033678303E-001    -0.752480839302E+001     0.492742059331E+000
     0.203613477710E-001    -0.226614541060E+001     0.103946944048E-001    -0.551003361659E+001     0.499097737262E+000
     0.215840274722E-001    -0.470383303870E-001     0.551460264953E-002    -0.393645171969E+001     0.503910761598E+000
     0.228800678855E-001     0.133636456206E+001    -0.303695330147E-003    -0.294187457067E+001     0.507723549952E+000
     0.242538706494E-001     0.201267808664E+001    -0.606121006751E-002    -0.246371574901E+001     0.511108219701E+000
     0.257101015006E-001     0.223175762088E+001    -0.137001293471E-001    -0.230845281589E+001     0.514469919110E+000
     0.272537061195E-001     0.223991300061E+001    -0.182105605105E-001    -0.230501645878E+001     0.518028064200E+000
     0.288899269272E-001     0.210105629000E+001    -0.241172659895E-001    -0.240330409170E+001     0.521960598355E+000
     0.306243208897E-001     0.191995943715E+001    -0.265575620264E-001    -0.253225247645E+001     0.526352763294E+000
     0.324627783907E-001     0.172620421954E+001    -0.264160292311E-001    -0.266889435947E+001     0.531259652483E+000
     0.344115432366E-001     0.154763171542E+001    -0.230854145266E-001    -0.279435168507E+001     0.536705372645E+000
     0.364772338618E-001     0.140630342707E+001    -0.164250686751E-001    -0.289339584511E+001     0.542682329619E+000
     0.386668658063E-001     0.129383598637E+001    -0.813733816717E-002    -0.297179029464E+001     0.549189480975E+000
     0.409878755421E-001     0.120257062682E+001     0.666367203542E-003    -0.303652007273E+001     0.556237273796E+000
     0.434481457293E-001     0.111726126226E+001     0.424735261254E-002    -0.309512236858E+001     0.563852118255E+000
     0.460560319869E-001     0.104385754397E+001     0.626430653960E-002    -0.314697721899E+001     0.572059093158E+000
     0.488203912708E-001     0.984360880248E+000     0.586713689282E-002    -0.318916652284E+001     0.580875110162E+000
     0.517506119535E-001     0.946778431537E+000     0.340158400436E-002    -0.321598514166E+001     0.590298661611E+000
     0.548566457095E-001     0.942506462590E+000     0.538199985681E-002    -0.321917860197E+001     0.600297552989E+000
     0.581490413132E-001     0.971710741625E+000     0.636990969943E-002    -0.319837292551E+001     0.610827882832E+000
     0.616389804647E-001     0.104515270046E+001     0.781111183604E-002    -0.314626394851E+001     0.621808186406E+000
     0.653383157655E-001     0.116344966891E+001     0.921548660309E-002    -0.306234162629E+001     0.633136866182E+000
     0.692596109728E-001     0.132196309295E+001     0.850730053347E-002    -0.295045737111E+001     0.644706528625E+000
     0.734161836681E-001     0.151813153025E+001     0.838379919898E-002    -0.281199394583E+001     0.656394837828E+000
     0.778221504872E-001     0.172446276075E+001     0.469250184283E-002    -0.266637639684E+001     0.668142821952E+000
     0.824924750635E-001     0.191936745461E+001    -0.111745952924E-002    -0.252957738372E+001     0.679956770528E+000
     0.874430188470E-001     0.206143924718E+001    -0.904854609467E-002    -0.243006529874E+001     0.691986998585E+000
     0.926905949743E-001     0.212912530679E+001    -0.161502779249E-001    -0.238308329489E+001     0.704492696766E+000
     0.982530253690E-001     0.212777152718E+001    -0.188210919322E-001    -0.238436404279E+001     0.717755968975E+000
     0.104149201269E+000     0.208371496897E+001    -0.154827374304E-001    -0.241488339503E+001     0.731994838892E+000
     0.110399147386E+000     0.202420500824E+001    -0.807409505917E-002    -0.245590745588E+001     0.747344211109E+000
     0.117024089912E+000     0.196512524630E+001     0.257025743190E-003    -0.249658678449E+001     0.763883955155E+000
     0.124046528610E+000     0.192494692408E+001     0.764480832008E-002    -0.252405715622E+001     0.781609073107E+000
     0.131490313229E+000     0.192049421062E+001     0.131471848205E-001    -0.252660453544E+001     0.800416827703E+000
     0.139380724499E+000     0.195410168274E+001     0.157100307567E-001    -0.250254235707E+001     0.820163305199E+000
     0.147744559993E+000     0.202077150249E+001     0.147159987232E-001    -0.245592925755E+001     0.840704662248E+000
     0.156610225139E+000     0.211473127377E+001     0.107899450042E-001    -0.239017724807E+001     0.861895389286E+000
     0.166007829686E+000     0.223642687588E+001     0.606374362905E-002    -0.230475188321E+001     0.883554611026E+000
     0.175969289968E+000     0.237530963062E+001     0.121370185606E-002    -0.220710353060E+001     0.905540588508E+000
     0.185969289968E+000     0.248537038533E+001    -0.439339590171E-002    -0.212998211666E+001     0.926840454985E+000
     0.195969289968E+000     0.253202770148E+001    -0.104609141494E-001    -0.209797483205E+001     0.947820464105E+000
     0.205969289968E+000     0.251592737706E+001    -0.148838814296E-001    -0.211050947630E+001     0.968926083687E+000
     0.215969289968E+000     0.246886788635E+001    -0.156191936237E-001    -0.214373192573E+001     0.990363971943E+000
     0.225969289968E+000     0.244273220035E+001    -0.126810767988E-001    -0.216181320368E+001     0.101198247591E+001
     0.235969289968E+000     0.244653440041E+001    -0.680707910092E-002    -0.215807554658E+001     0.103356333873E+001
     0.245969289968E+000     0.247291962923E+001     0.734790051018E-003    -0.213768978079E+001     0.105494023780E+001
     0.255969289968E+000     0.252100269541E+001     0.837733383120E-002    -0.210255117897E+001     0.107596591648E+001
     0.265969289968E+000     0.256411295890E+001     0.146799338876E-001    -0.207091038403E+001     0.109667554062E+001
     0.275969289968E+000     0.259271228326E+001     0.179421806195E-001    -0.205015916674E+001     0.111717791739E+001
     0.285969289968E+000     0.260138544021E+001     0.177790791223E-001    -0.204416191047E+001     0.113762030964E+001
     0.295969289968E+000     0.259031830053E+001     0.151102140983E-001    -0.205240136561E+001     0.115814487951E+001
     0.305969289968E+000     0.257821027209E+001     0.112931278889E-001    -0.206187438477E+001     0.117876393263E+001
     0.315969289968E+000     0.256717683869E+001     0.780180529934E-002    -0.207037962989E+001     0.119946787592E+001
     0.325969289968E+000     0.256794822633E+001     0.514081438205E-002    -0.207029465352E+001     0.122017088629E+001
     0.335969289968E+000     0.258480561512E+001     0.327330775549E-002    -0.205851353054E+001     0.124075604762E+001
     0.345969289968E+000     0.261489750509E+001     0.206199353816E-002    -0.203752039957E+001     0.126113126205E+001
     0.355969289968E+000     0.265217817872E+001     0.142219347757E-002    -0.201126158978E+001     0.128124388297E+001
     0.365969289968E+000     0.268422344600E+001     0.752556197919E-003    -0.198870008200E+001     0.130113088522E+001
     0.375969289968E+000     0.270270266191E+001    -0.272310761995E-003    -0.197588131676E+001     0.132088969857E+001
     0.385969289968E+000     0.270642086745E+001    -0.173237327690E-002    -0.197355808466E+001     0.134062528702E+001
     0.395969289968E+000     0.269894317407E+001    -0.332780201649E-002    -0.197906484973E+001     0.136041596350E+001
     0.405969289968E+000     0.269428524413E+001    -0.492947173418E-002    -0.198273368232E+001     0.138024336160E+001
     0.415969289968E+000     0.269561683731E+001    -0.546015391533E-002    -0.198169454192E+001     0.140006038224E+001
     0.425969289968E+000     0.270556915397E+001    -0.538136662477E-002    -0.197497369051E+001     0.141981019246E+001
     0.435969289968E+000     0.271959969186E+001    -0.436115724809E-002    -0.196470081664E+001     0.143945724903E+001
     0.445969289968E+000     0.273881475932E+001    -0.206247043735E-002    -0.195059242081E+001     0.145896318414E+001
     0.455969289968E+000     0.276183212060E+001     0.103520059908E-002    -0.193363649432E+001     0.147829955186E+001
     0.465969289968E+000     0.278703700171E+001     0.441492718754E-002    -0.191510115581E+001     0.149745061430E+001
     0.475969289968E+000     0.281161550036E+001     0.763040728033E-002    -0.189714830267E+001     0.151642225078E+001
     0.485969289968E+000     0.283171160967E+001     0.995571260607E-002    -0.188256461374E+001     0.153524816016E+001
     0.495969289968E+000     0.284317328306E+001     0.110926330304E-001    -0.187438528629E+001     0.155399234125E+001
     0.505969289968E+000     0.284063440519E+001     0.100453766493E-001    -0.187605692687E+001     0.157275317946E+001
     0.515969289968E+000     0.283552121598E+001     0.938382231330E-002    -0.188029156833E+001     0.159155632930E+001
     0.525969289968E+000     0.282596673813E+001     0.711018784736E-002    -0.188759805172E+001     0.161043244373E+001
     0.535969289968E+000     0.281517569330E+001     0.500951161211E-002    -0.189576222762E+001     0.162939013219E+001
     0.545969289968E+000     0.280584074442E+001     0.306394050600E-002    -0.190278383705E+001     0.164841799523E+001
     0.555969289968E+000     0.279994799568E+001     0.144237329166E-002    -0.190713392355E+001     0.166748933992E+001
     0.565969289968E+000     0.280323712088E+001     0.205653896959E-003    -0.190500909791E+001     0.168653943101E+001
     0.575969289968E+000     0.281067893645E+001    -0.619683132390E-003    -0.189953705869E+001     0.170553480261E+001
     0.585969289968E+000     0.282928993832E+001    -0.696711799294E-003    -0.188666080110E+001     0.172440141190E+001
     0.595969289968E+000     0.284877974373E+001    -0.661045853324E-003    -0.187280753025E+001     0.174312948837E+001
     0.605969289968E+000     0.287138813194E+001    -0.175141402268E-003    -0.185670692083E+001     0.176169655766E+001
     0.615969289968E+000     0.289401528632E+001     0.618648715058E-003    -0.184055594289E+001     0.178010211813E+001
     0.625969289968E+000     0.291416502345E+001     0.165045797882E-002    -0.182609321028E+001     0.179836305769E+001
     0.635969289968E+000     0.292995268383E+001     0.258051720483E-002    -0.181476954882E+001     0.181651077153E+001
     0.645969289968E+000     0.293984214888E+001     0.350407433321E-002    -0.180761346189E+001     0.183458694011E+001
     0.655969289968E+000     0.294020060327E+001     0.295094198919E-002    -0.180720929851E+001     0.185265905719E+001
     0.665969289968E+000     0.293970355389E+001     0.328009302522E-002    -0.180806749055E+001     0.187073976185E+001
     0.675969289968E+000     0.293298952624E+001     0.218163476982E-002    -0.181306954783E+001     0.188887047045E+001
     0.685969289968E+000     0.292094789522E+001     0.203927507937E-002    -0.182155156961E+001     0.190708599756E+001
     0.695969289968E+000     0.291083787635E+001     0.119190607649E-002    -0.182879657263E+001     0.192537396717E+001
     0.705969289968E+000     0.290231114509E+001     0.709023911478E-003    -0.183488855344E+001     0.194372285408E+001
     0.715969289968E+000     0.289591744246E+001     0.136704835644E-003    -0.183947256713E+001     0.196211757980E+001
     0.725969289968E+000     0.289452248205E+001     0.145803280373E-003    -0.184054358601E+001     0.198052301572E+001
     0.735969289968E+000     0.289427402772E+001     0.520371921586E-003    -0.184090105817E+001     0.199893202703E+001
     0.745969289968E+000     0.289430279884E+001     0.590908472033E-003    -0.184045597737E+001     0.201733658776E+001
     0.755969289968E+000     0.289879377713E+001     0.108672179186E-002    -0.183712441723E+001     0.203570783514E+001
