 #        time                      h  [L]            Darcian flow [L.T^{-1}]   in    x         z              directions   cumulative flux
 #-----------------------------------------------------------------------------------------------

     0.100000000000E-005     0.400000000000E+001    -0.169616443840E-012    -0.138502337130E+004     0.138502337130E-002
     0.205999994278E-005     0.400000000000E+001    -0.164157291107E-012    -0.134044600632E+004     0.280589606129E-002
     0.318359982147E-005     0.400000000000E+001    -0.158480680331E-012    -0.129409296167E+004     0.425993875604E-002
     0.437461562859E-005     0.400000000000E+001    -0.152588910997E-012    -0.124598301406E+004     0.574392422120E-002
     0.563709231599E-005     0.400000000000E+001    -0.146487285315E-012    -0.119615945934E+004     0.725404765303E-002
     0.697531753239E-005     0.400000000000E+001    -0.140184981267E-012    -0.114469724140E+004     0.878591036662E-002
     0.839383618521E-005     0.400000000000E+001    -0.133696141405E-012    -0.109171184294E+004     0.103345239793E-001
     0.989746587602E-005     0.400000000000E+001    -0.127041203195E-012    -0.103737014855E+004     0.118943445350E-001
     0.114913132622E-004     0.400000000000E+001    -0.120248473890E-012    -0.981903304477E+003     0.134593485504E-001
     0.131807914004E-004     0.400000000000E+001    -0.113355904054E-012    -0.925621200604E+003     0.150231653331E-001
     0.149716381303E-004     0.400000000000E+001    -0.106412923783E-012    -0.868927464284E+003     0.165792812409E-001
     0.168699355614E-004     0.400000000000E+001    -0.994820576364E-013    -0.812332647304E+003     0.181213302185E-001
     0.188821307298E-004     0.400000000000E+001    -0.926398199921E-013    -0.756461536964E+003     0.196434784683E-001
     0.210150574931E-004     0.400000000000E+001    -0.859761331085E-013    -0.702048404228E+003     0.211408962988E-001
     0.232759597402E-004     0.400000000000E+001    -0.795912935329E-013    -0.649912232558E+003     0.226102843258E-001
     0.256725159928E-004     0.400000000000E+001    -0.735895304744E-013    -0.600904118033E+003     0.240503848471E-001
     0.282128654833E-004     0.400000000000E+001    -0.680687365088E-013    -0.555823414197E+003     0.254623705742E-001
     0.309056357980E-004     0.400000000000E+001    -0.631072295584E-013    -0.515309635418E+003     0.268499810633E-001
     0.337599721774E-004     0.400000000000E+001    -0.587502491770E-013    -0.479732190684E+003     0.282192981076E-001
     0.367855685763E-004     0.400000000000E+001    -0.550004101805E-013    -0.449112431591E+003     0.295781310633E-001
     0.399927005860E-004     0.400000000000E+001    -0.518161812024E-013    -0.423111228792E+003     0.309351046288E-001
     0.433922603327E-004     0.400000000000E+001    -0.491199334794E-013    -0.401094695332E+003     0.322986500097E-001
     0.469957934698E-004     0.400000000000E+001    -0.468132979600E-013    -0.382259586948E+003     0.336761350982E-001
     0.508155383889E-004     0.400000000000E+001    -0.447948378615E-013    -0.365777609452E+003     0.350733122634E-001
     0.548644677845E-004     0.400000000000E+001    -0.429749735931E-013    -0.350917289973E+003     0.364941515942E-001
     0.591563327122E-004     0.400000000000E+001    -0.412851800588E-013    -0.337119078640E+003     0.379410211443E-001
     0.637057092900E-004     0.400000000000E+001    -0.396809819319E-013    -0.324019806849E+003     0.394151092643E-001
     0.685280482021E-004     0.400000000000E+001    -0.381399258354E-013    -0.311436128865E+003     0.409169598272E-001
     0.736397271730E-004     0.400000000000E+001    -0.366563232042E-013    -0.299321594028E+003     0.424469957249E-001
     0.790581065897E-004     0.400000000000E+001    -0.352345540087E-013    -0.287711967510E+003     0.440059283276E-001
     0.848015884613E-004     0.400000000000E+001    -0.338824916135E-013    -0.276671540211E+003     0.455949863032E-001
     0.908896789166E-004     0.400000000000E+001    -0.326062818798E-013    -0.266250496898E+003     0.472159434121E-001
     0.973430544509E-004     0.400000000000E+001    -0.314072550528E-013    -0.256459699847E+003     0.488709741646E-001
     0.104183632148E-003     0.400000000000E+001    -0.302811676349E-013    -0.247264498270E+003     0.505624061767E-001
     0.111434644115E-003     0.400000000000E+001    -0.292193850142E-013    -0.238594385210E+003     0.522924569193E-001
     0.119120716386E-003     0.400000000000E+001    -0.282112070417E-013    -0.230361987320E+003     0.540630358022E-001
     0.127267952553E-003     0.400000000000E+001    -0.272464235290E-013    -0.222483932086E+003     0.558756649403E-001
     0.135904022424E-003     0.400000000000E+001    -0.263173422923E-013    -0.214897408058E+003     0.577315339713E-001
     0.145058255993E-003     0.400000000000E+001    -0.254198379871E-013    -0.207568729243E+003     0.596316666004E-001
     0.154761743052E-003     0.400000000000E+001    -0.245532991127E-013    -0.200492902360E+003     0.615771468839E-001
     0.165047438780E-003     0.400000000000E+001    -0.237196305227E-013    -0.193685481718E+003     0.635693368157E-001
     0.175950275662E-003     0.400000000000E+001    -0.229216746840E-013    -0.187169677820E+003     0.656100172824E-001
     0.187507282134E-003     0.400000000000E+001    -0.221615312234E-013    -0.180962635421E+003     0.677014036311E-001
     0.199757708333E-003     0.400000000000E+001    -0.214392549170E-013    -0.175064801802E+003     0.698460220656E-001
     0.212743159403E-003     0.400000000000E+001    -0.207522810614E-013    -0.169455234569E+003     0.720464747226E-001
     0.226507736794E-003     0.400000000000E+001    -0.200956935007E-013    -0.164093790264E+003     0.743051563981E-001
     0.241098188040E-003     0.400000000000E+001    -0.194631946473E-013    -0.158929045181E+003     0.766240028835E-001
     0.256564065527E-003     0.400000000000E+001    -0.188484496765E-013    -0.153909271552E+003     0.790043448213E-001
     0.272957894778E-003     0.400000000000E+001    -0.182464099592E-013    -0.148993244190E+003     0.814469146261E-001
     0.290335352846E-003     0.400000000000E+001    -0.176542687256E-013    -0.144158044082E+003     0.839520149923E-001
     0.308755457403E-003     0.400000000000E+001    -0.170718269061E-013    -0.139402045700E+003     0.865198152497E-001
     0.328280767180E-003     0.400000000000E+001    -0.165012089667E-013    -0.134742596626E+003     0.891507061889E-001
     0.348977594427E-003     0.400000000000E+001    -0.159460354068E-013    -0.130209260481E+003     0.918456247590E-001
     0.370916230124E-003     0.400000000000E+001    -0.154102982843E-013    -0.125834634893E+003     0.946062649720E-001
     0.394171182707E-003     0.400000000000E+001    -0.148972628611E-013    -0.121645382746E+003     0.974351225797E-001
     0.418821431115E-003     0.400000000000E+001    -0.144087686499E-013    -0.117656524803E+003     0.100335385143E+000
     0.444950693017E-003     0.400000000000E+001    -0.139453111958E-013    -0.113872107497E+003     0.103310779263E+000
     0.472647709137E-003     0.400000000000E+001    -0.135044353081E-013    -0.110272082673E+003     0.106364986914E+000
     0.502006544641E-003     0.400000000000E+001    -0.130834189900E-013    -0.106834223542E+003     0.109501515310E+000
     0.533126908594E-003     0.400000000000E+001    -0.126793722684E-013    -0.103534931682E+003     0.112723560065E+000
     0.566114492604E-003     0.400000000000E+001    -0.122898112205E-013    -0.100353924324E+003     0.116033993575E+000
     0.601081329767E-003     0.400000000000E+001    -0.119130135629E-013    -0.972771379569E+002     0.119435467417E+000
     0.638146175159E-003     0.400000000000E+001    -0.115480681943E-013    -0.942971328744E+002     0.122930576068E+000
     0.677434909153E-003     0.400000000000E+001    -0.111946778400E-013    -0.914114816434E+002     0.126522017455E+000
     0.719080964939E-003     0.400000000000E+001    -0.108528467581E-013    -0.886202190351E+002     0.130212700040E+000
     0.763225781689E-003     0.400000000000E+001    -0.105225929909E-013    -0.859234923755E+002     0.134005776866E+000
     0.810019284919E-003     0.400000000000E+001    -0.102037764890E-013    -0.833201580744E+002     0.137904618952E+000
     0.859620395664E-003     0.400000000000E+001    -0.989606161973E-014    -0.808074754829E+002     0.141912759492E+000
     0.912197570216E-003     0.400000000000E+001    -0.959897301380E-014    -0.783815629166E+002     0.146033840607E+000
     0.967929372233E-003     0.400000000000E+001    -0.931198160963E-014    -0.760381002597E+002     0.150271580957E+000
     0.102700507918E-002     0.400000000000E+001    -0.903457233213E-014    -0.737728816049E+002     0.154629766091E+000
     0.108962532517E-002     0.400000000000E+001    -0.876627600720E-014    -0.715820758549E+002     0.159112253289E+000
     0.115600278233E-002     0.400000000000E+001    -0.850667322457E-014    -0.694622582650E+002     0.163722981362E+000
     0.122636288312E-002     0.400000000000E+001    -0.825538613329E-014    -0.674103434479E+002     0.168465979921E+000
     0.130094458593E-002     0.400000000000E+001    -0.801206930163E-014    -0.654235107397E+002     0.173345376756E+000
     0.138000118665E-002     0.400000000000E+001    -0.777640300902E-014    -0.634991494236E+002     0.178365403658E+000
     0.146380117888E-002     0.400000000000E+001    -0.754808916597E-014    -0.616348254144E+002     0.183530401549E+000
     0.155262916586E-002     0.400000000000E+001    -0.732685665973E-014    -0.598283249083E+002     0.188844831214E+000
     0.164678682697E-002     0.400000000000E+001    -0.711260002788E-014    -0.580787867394E+002     0.194313393934E+000
     0.174659394236E-002     0.400000000000E+001    -0.690486425310E-014    -0.563824954093E+002     0.199940768159E+000
     0.185238947896E-002     0.400000000000E+001    -0.670337664501E-014    -0.547372242322E+002     0.205731722169E+000
     0.196453274170E-002     0.400000000000E+001    -0.650791125064E-014    -0.531411281618E+002     0.211691141667E+000
     0.208340459379E-002     0.400000000000E+001    -0.631826275686E-014    -0.515925306893E+002     0.217824041344E+000
     0.220940875020E-002     0.400000000000E+001    -0.613424325729E-014    -0.500898974428E+002     0.224135576616E+000
     0.234297314879E-002     0.400000000000E+001    -0.595567991796E-014    -0.486318171256E+002     0.230631056023E+000
     0.248455140365E-002     0.400000000000E+001    -0.578241190204E-014    -0.472169764055E+002     0.237315953142E+000
     0.263462434571E-002     0.400000000000E+001    -0.561428685515E-014    -0.458441312145E+002     0.244195916789E+000
     0.279370165569E-002     0.400000000000E+001    -0.545115764983E-014    -0.445120801657E+002     0.251276778764E+000
     0.296232359518E-002     0.400000000000E+001    -0.529287980364E-014    -0.432196434705E+002     0.258564558870E+000
     0.314106284138E-002     0.400000000000E+001    -0.513931033124E-014    -0.419656535649E+002     0.266065468154E+000
     0.333052643213E-002     0.400000000000E+001    -0.499030785094E-014    -0.407489559799E+002     0.273785911674E+000
     0.353135782749E-002     0.400000000000E+001    -0.484642544731E-014    -0.395740669937E+002     0.281733626768E+000
     0.374423909507E-002     0.400000000000E+001    -0.470544311721E-014    -0.384228589050E+002     0.289913133676E+000
     0.396989322653E-002     0.400000000000E+001    -0.456931550319E-014    -0.373112925814E+002     0.298332580997E+000
     0.420908659296E-002     0.400000000000E+001    -0.443723082614E-014    -0.362327393436E+002     0.306999211895E+000
     0.446263154769E-002     0.400000000000E+001    -0.430904174662E-014    -0.351859960734E+002     0.315920443677E+000
     0.473138918520E-002     0.400000000000E+001    -0.418466684342E-014    -0.341703979166E+002     0.325103999094E+000
     0.501627226558E-002     0.400000000000E+001    -0.406395024090E-014    -0.331846720518E+002     0.334557750689E+000
     0.531824831448E-002     0.400000000000E+001    -0.394678305178E-014    -0.322279293469E+002     0.344289813458E+000
     0.563834290904E-002     0.400000000000E+001    -0.383304863773E-014    -0.312992173776E+002     0.354308523754E+000
     0.597764316095E-002     0.400000000000E+001    -0.372262914907E-014    -0.303975738284E+002     0.364622428212E+000
     0.633730140856E-002     0.400000000000E+001    -0.361548568235E-014    -0.295226810283E+002     0.375240503935E+000
     0.671853913045E-002     0.400000000000E+001    -0.351128836698E-014    -0.286718453796E+002     0.386171292950E+000
     0.712265109384E-002     0.400000000000E+001    -0.340992423212E-014    -0.278441444055E+002     0.397423444815E+000
     0.755100975191E-002     0.400000000000E+001    -0.331103922365E-014    -0.270366870346E+002     0.409004843791E+000
     0.800506990496E-002     0.400000000000E+001    -0.321425098322E-014    -0.262463510741E+002     0.420922265977E+000
     0.848637364120E-002     0.400000000000E+001    -0.311900616983E-014    -0.254686181518E+002     0.433180407050E+000
     0.899655557408E-002     0.400000000000E+001    -0.302449107552E-014    -0.246968438379E+002     0.445780290576E+000
     0.953734839373E-002     0.400000000000E+001    -0.292976140299E-014    -0.239233173600E+002     0.458717848826E+000
     0.101105887516E-001     0.400000000000E+001    -0.283327110969E-014    -0.231354143224E+002     0.471980002012E+000
     0.107182234982E-001     0.400000000000E+001    -0.273308664481E-014    -0.223173460847E+002     0.485540796945E+000
     0.113623162948E-001     0.400000000000E+001    -0.262637306597E-014    -0.214459635856E+002     0.499353987606E+000
     0.120450546223E-001     0.400000000000E+001    -0.251106520642E-014    -0.205044034587E+002     0.513353129730E+000
     0.127687572104E-001     0.400000000000E+001    -0.238309484165E-014    -0.194594461302E+002     0.527435981258E+000
     0.135358819124E-001     0.400000000000E+001    -0.223882049493E-014    -0.182813566858E+002     0.541460061558E+000
     0.143490340526E-001     0.400000000000E+001    -0.207530031184E-014    -0.169461130612E+002     0.555239829662E+000
     0.152109752747E-001     0.400000000000E+001    -0.188762986164E-014    -0.154136675404E+002     0.568525505099E+000
     0.161246329208E-001     0.400000000000E+001    -0.167447382371E-014    -0.136731164029E+002     0.581018052446E+000
     0.170931099734E-001     0.400000000000E+001    -0.143599783801E-014    -0.117258122016E+002     0.592374232486E+000
     0.181196955938E-001     0.400000000000E+001    -0.117719762566E-014    -0.961254809534E+001     0.602242336136E+000
     0.192078762926E-001     0.400000000000E+001    -0.912641285697E-015    -0.745228164016E+001     0.610351765179E+000
     0.203613477710E-001     0.400000000000E+001    -0.669234231948E-015    -0.546471221264E+001     0.616655154854E+000
     0.215840274722E-001     0.400000000000E+001    -0.479492891585E-015    -0.391535659032E+001     0.621442381880E+000
     0.228800678855E-001     0.400000000000E+001    -0.360222198499E-015    -0.294143747201E+001     0.625254603717E+000
     0.242538706494E-001     0.400000000000E+001    -0.301653495057E-015    -0.246318771475E+001     0.628638537807E+000
     0.257101015006E-001     0.400000000000E+001    -0.282743319303E-015    -0.230877441153E+001     0.632000646334E+000
     0.272537061195E-001     0.400000000000E+001    -0.281746291007E-015    -0.230063305765E+001     0.635551914148E+000
     0.288899269272E-001     0.400000000000E+001    -0.293755330013E-015    -0.239869430286E+001     0.639476707678E+000
     0.306243208897E-001     0.400000000000E+001    -0.309263887836E-015    -0.252533128777E+001     0.643856627016E+000
     0.324627783907E-001     0.400000000000E+001    -0.326000891502E-015    -0.266199929424E+001     0.648750599587E+000
     0.344115432366E-001     0.400000000000E+001    -0.341590242419E-015    -0.278929600483E+001     0.654186281586E+000
     0.364772338618E-001     0.400000000000E+001    -0.353897780507E-015    -0.288979468001E+001     0.660155703365E+000
     0.386668658063E-001     0.400000000000E+001    -0.363793516421E-015    -0.297059949590E+001     0.666660222915E+000
     0.409878755421E-001     0.400000000000E+001    -0.371692810363E-015    -0.303510212595E+001     0.673704724499E+000
     0.434481457293E-001     0.400000000000E+001    -0.379259591305E-015    -0.309688958129E+001     0.681323909609E+000
     0.460560319869E-001     0.400000000000E+001    -0.385647010635E-015    -0.314904681826E+001     0.689536265531E+000
     0.488203912708E-001     0.400000000000E+001    -0.390755510944E-015    -0.319076088890E+001     0.698356675017E+000
     0.517506119535E-001     0.400000000000E+001    -0.393968110435E-015    -0.321699375452E+001     0.707783176652E+000
     0.548566457095E-001     0.400000000000E+001    -0.394347329278E-015    -0.322009031136E+001     0.717784885857E+000
     0.581490413132E-001     0.400000000000E+001    -0.391845110282E-015    -0.319965814269E+001     0.728319426259E+000
     0.616389804647E-001     0.400000000000E+001    -0.385533648977E-015    -0.314812115008E+001     0.739306177514E+000
     0.653383157655E-001     0.400000000000E+001    -0.375352644787E-015    -0.306498694194E+001     0.750644591905E+000
     0.692596109728E-001     0.400000000000E+001    -0.361562999324E-015    -0.295238594161E+001     0.762221768748E+000
     0.734161836681E-001     0.400000000000E+001    -0.344613148520E-015    -0.281397990637E+001     0.773918280792E+000
     0.778221504872E-001     0.400000000000E+001    -0.326747928380E-015    -0.266809931327E+001     0.785673837836E+000
     0.824924750635E-001     0.400000000000E+001    -0.309742824006E-015    -0.252924209839E+001     0.797486219368E+000
     0.874430188470E-001     0.400000000000E+001    -0.297347847225E-015    -0.242802943210E+001     0.809506285379E+000
     0.926905949743E-001     0.400000000000E+001    -0.291381939142E-015    -0.237931409567E+001     0.821991917227E+000
     0.982530253690E-001     0.400000000000E+001    -0.291448951123E-015    -0.237986129002E+001     0.835229730001E+000
     0.104149201269E+000     0.400000000000E+001    -0.295333444091E-015    -0.241158058222E+001     0.849448833311E+000
     0.110399147386E+000     0.400000000000E+001    -0.300607791726E-015    -0.245464889905E+001     0.864790256666E+000
     0.117024089912E+000     0.400000000000E+001    -0.305853128655E-015    -0.249748032549E+001     0.881335920282E+000
     0.124046528610E+000     0.400000000000E+001    -0.309445694189E-015    -0.252681584931E+001     0.899080329686E+000
     0.131490313229E+000     0.400000000000E+001    -0.309915374769E-015    -0.253065108229E+001     0.917917951288E+000
     0.139380724499E+000     0.400000000000E+001    -0.307050747069E-015    -0.250725962198E+001     0.937701260865E+000
     0.147744559993E+000     0.400000000000E+001    -0.301242417553E-015    -0.245983101220E+001     0.958274882796E+000
     0.156610225139E+000     0.400000000000E+001    -0.293040555782E-015    -0.239285772834E+001     0.979489158156E+000
     0.166007829686E+000     0.400000000000E+001    -0.282438671993E-015    -0.230628677746E+001     0.100116272926E+001
     0.175969289968E+000     0.400000000000E+001    -0.270354962936E-015    -0.220761580501E+001     0.102315380642E+001
     0.185969289968E+000     0.400000000000E+001    -0.260752348537E-015    -0.212920450793E+001     0.104444585150E+001
     0.195969289968E+000     0.400000000000E+001    -0.256603712918E-015    -0.209532832729E+001     0.106539913477E+001
     0.205969289968E+000     0.400000000000E+001    -0.257853569745E-015    -0.210553418279E+001     0.108645447660E+001
     0.215969289968E+000     0.400000000000E+001    -0.261958656351E-015    -0.213905475875E+001     0.110784502419E+001
     0.225969289968E+000     0.400000000000E+001    -0.264267392838E-015    -0.215790702284E+001     0.112942409442E+001
     0.235969289968E+000     0.400000000000E+001    -0.264053508849E-015    -0.215616052753E+001     0.115098569969E+001
     0.245969289968E+000     0.400000000000E+001    -0.261968932885E-015    -0.213913867302E+001     0.117237708642E+001
     0.255969289968E+000     0.400000000000E+001    -0.257914263213E-015    -0.210602978257E+001     0.119343738425E+001
     0.265969289968E+000     0.400000000000E+001    -0.254309044375E-015    -0.207659093668E+001     0.121420329362E+001
     0.275969289968E+000     0.400000000000E+001    -0.251894569988E-015    -0.205687525713E+001     0.123477204619E+001
     0.285969289968E+000     0.400000000000E+001    -0.251136070040E-015    -0.205068163502E+001     0.125527886254E+001
     0.295969289968E+000     0.400000000000E+001    -0.252060102975E-015    -0.205822693654E+001     0.127586113190E+001
     0.305969289968E+000     0.400000000000E+001    -0.253005291266E-015    -0.206594498464E+001     0.129652058175E+001
     0.315969289968E+000     0.400000000000E+001    -0.253883492839E-015    -0.207311604469E+001     0.131725174220E+001
     0.325969289968E+000     0.400000000000E+001    -0.253764980969E-015    -0.207214832183E+001     0.133797322542E+001
     0.335969289968E+000     0.400000000000E+001    -0.252305391618E-015    -0.206022987030E+001     0.135857552412E+001
     0.345969289968E+000     0.400000000000E+001    -0.249656643239E-015    -0.203860119843E+001     0.137896153610E+001
     0.355969289968E+000     0.400000000000E+001    -0.246423385057E-015    -0.201219964180E+001     0.139908353252E+001
     0.365969289968E+000     0.400000000000E+001    -0.243641633272E-015    -0.198948491468E+001     0.141897838167E+001
     0.375969289968E+000     0.400000000000E+001    -0.242025217640E-015    -0.197628587939E+001     0.143874124046E+001
     0.385969289968E+000     0.400000000000E+001    -0.241669309326E-015    -0.197337966746E+001     0.145847503714E+001
     0.395969289968E+000     0.400000000000E+001    -0.242288261481E-015    -0.197843379536E+001     0.147825937509E+001
     0.405969289968E+000     0.400000000000E+001    -0.242656411506E-015    -0.198143996845E+001     0.149807377477E+001
     0.415969289968E+000     0.400000000000E+001    -0.242560180524E-015    -0.198065418285E+001     0.151788031660E+001
     0.425969289968E+000     0.400000000000E+001    -0.241645355203E-015    -0.197318406721E+001     0.153761215727E+001
     0.435969289968E+000     0.400000000000E+001    -0.240481059452E-015    -0.196367687091E+001     0.155724892598E+001
     0.445969289968E+000     0.400000000000E+001    -0.238863127511E-015    -0.195046545402E+001     0.157675358052E+001
     0.455969289968E+000     0.400000000000E+001    -0.236941181982E-015    -0.193477157779E+001     0.159610129630E+001
     0.465969289968E+000     0.400000000000E+001    -0.234838460808E-015    -0.191760155640E+001     0.161527731187E+001
     0.475969289968E+000     0.400000000000E+001    -0.232776652450E-015    -0.190076561349E+001     0.163428496800E+001
     0.485969289968E+000     0.400000000000E+001    -0.231079575183E-015    -0.188690792598E+001     0.165315404726E+001
     0.495969289968E+000     0.400000000000E+001    -0.230096420114E-015    -0.187887985560E+001     0.167194284582E+001
     0.505969289968E+000     0.400000000000E+001    -0.230320019671E-015    -0.188070568454E+001     0.169074990266E+001
     0.515969289968E+000     0.400000000000E+001    -0.230712156982E-015    -0.188390772868E+001     0.170958897995E+001
     0.525969289968E+000     0.400000000000E+001    -0.231485967121E-015    -0.189022636798E+001     0.172849124363E+001
     0.535969289968E+000     0.400000000000E+001    -0.232364320042E-015    -0.189739866387E+001     0.174746523027E+001
     0.545969289968E+000     0.400000000000E+001    -0.233132445944E-015    -0.190367088785E+001     0.176650193915E+001
     0.555969289968E+000     0.400000000000E+001    -0.233621617079E-015    -0.190766527330E+001     0.178557859188E+001
     0.565969289968E+000     0.400000000000E+001    -0.233300497419E-015    -0.190504313228E+001     0.180462902320E+001
     0.575969289968E+000     0.400000000000E+001    -0.232697745559E-015    -0.190012128983E+001     0.182363023610E+001
     0.585969289968E+000     0.400000000000E+001    -0.231048427005E-015    -0.188665358180E+001     0.184249677192E+001
     0.595969289968E+000     0.400000000000E+001    -0.229373679018E-015    -0.187297822669E+001     0.186122655418E+001
     0.605969289968E+000     0.400000000000E+001    -0.227420193087E-015    -0.185702680353E+001     0.187979682222E+001
     0.615969289968E+000     0.400000000000E+001    -0.225479415896E-015    -0.184117915510E+001     0.189820861377E+001
     0.625969289968E+000     0.400000000000E+001    -0.223762489513E-015    -0.182715938725E+001     0.191648020764E+001
     0.635969289968E+000     0.400000000000E+001    -0.222414857001E-015    -0.181615513270E+001     0.193464175897E+001
     0.645969289968E+000     0.400000000000E+001    -0.221589226268E-015    -0.180941334614E+001     0.195273589243E+001
     0.655969289968E+000     0.400000000000E+001    -0.221567019338E-015    -0.180923201280E+001     0.197082821256E+001
     0.665969289968E+000     0.400000000000E+001    -0.221559915199E-015    -0.180917400309E+001     0.198891995259E+001
     0.675969289968E+000     0.400000000000E+001    -0.222110527657E-015    -0.181367009502E+001     0.200705665354E+001
     0.685969289968E+000     0.400000000000E+001    -0.223162486621E-015    -0.182225999183E+001     0.202527925346E+001
     0.695969289968E+000     0.400000000000E+001    -0.224026381544E-015    -0.182931422921E+001     0.204357239575E+001
     0.705969289968E+000     0.400000000000E+001    -0.224761622616E-015    -0.183531792817E+001     0.206192557503E+001
     0.715969289968E+000     0.400000000000E+001    -0.225300372381E-015    -0.183971715386E+001     0.208032274657E+001
     0.725969289968E+000     0.400000000000E+001    -0.225411551161E-015    -0.184062499749E+001     0.209872899655E+001
     0.735969289968E+000     0.400000000000E+001    -0.225403348365E-015    -0.184055801658E+001     0.211713457671E+001
     0.745969289968E+000     0.400000000000E+001    -0.225445865343E-015    -0.184090519405E+001     0.213554362865E+001
     0.755969289968E+000     0.400000000000E+001    -0.225079099423E-015    -0.183791032304E+001     0.215392273188E+001
