This is pdfTeX, Version 3.14159265-2.6-1.40.19 (TeX Live 2018/Debian) (preloaded format=pdflatex 2018.5.25)  30 MAY 2018 17:25
entering extended mode
 restricted \write18 enabled.
 %&-line parsing enabled.
**version2.tex
(./version2.tex
LaTeX2e <2018-04-01> patch level 4
Babel <3.20> and hyphenation patterns for 84 language(s) loaded.
(./elsarticle.cls
Document Class: elsarticle 2009/09/17, 1.20b: Elsevier Ltd
\@bls=\dimen102
(/usr/share/texlive/texmf-dist/tex/latex/base/article.cls
Document Class: article 2014/09/29 v1.4h Standard LaTeX document class
(/usr/share/texlive/texmf-dist/tex/latex/base/size10.clo
File: size10.clo 2014/09/29 v1.4h Standard LaTeX file (size option)
)
\c@part=\count80
\c@section=\count81
\c@subsection=\count82
\c@subsubsection=\count83
\c@paragraph=\count84
\c@subparagraph=\count85
\c@figure=\count86
\c@table=\count87
\abovecaptionskip=\skip41
\belowcaptionskip=\skip42
\bibindent=\dimen103
)
(/usr/share/texlive/texmf-dist/tex/latex/graphics/graphicx.sty
Package: graphicx 2017/06/01 v1.1a Enhanced LaTeX Graphics (DPC,SPQR)

(/usr/share/texlive/texmf-dist/tex/latex/graphics/keyval.sty
Package: keyval 2014/10/28 v1.15 key=value parser (DPC)
\KV@toks@=\toks14
)
(/usr/share/texlive/texmf-dist/tex/latex/graphics/graphics.sty
Package: graphics 2017/06/25 v1.2c Standard LaTeX Graphics (DPC,SPQR)

(/usr/share/texlive/texmf-dist/tex/latex/graphics/trig.sty
Package: trig 2016/01/03 v1.10 sin cos tan (DPC)
)
(/usr/share/texlive/texmf-dist/tex/latex/graphics-cfg/graphics.cfg
File: graphics.cfg 2016/06/04 v1.11 sample graphics configuration
)
Package graphics Info: Driver file: pdftex.def on input line 99.

(/usr/share/texlive/texmf-dist/tex/latex/graphics-def/pdftex.def
File: pdftex.def 2018/01/08 v1.0l Graphics/color driver for pdftex
))
\Gin@req@height=\dimen104
\Gin@req@width=\dimen105
)
(/usr/share/texlive/texmf-dist/tex/latex/psnfss/pifont.sty
Package: pifont 2005/04/12 PSNFSS-v9.2a Pi font support (SPQR) 
LaTeX Font Info:    Try loading font information for U+pzd on input line 63.

(/usr/share/texlive/texmf-dist/tex/latex/psnfss/upzd.fd
File: upzd.fd 2001/06/04 font definitions for U/pzd.
)
LaTeX Font Info:    Try loading font information for U+psy on input line 64.

(/usr/share/texlive/texmf-dist/tex/latex/psnfss/upsy.fd
File: upsy.fd 2001/06/04 font definitions for U/psy.
))
\c@tnote=\count88
\c@fnote=\count89
\c@cnote=\count90
\c@ead=\count91
\c@author=\count92
\@eadauthor=\toks15
\c@affn=\count93
\absbox=\box26
\keybox=\box27
\Columnwidth=\dimen106
\space@left=\dimen107
\els@boxa=\box28
\els@boxb=\box29
\leftMargin=\dimen108
\@enLab=\toks16
\@sep=\skip43
\@@sep=\skip44
 (./version2.spl)
(/usr/share/texlive/texmf-dist/tex/latex/natbib/natbib.sty
Package: natbib 2010/09/13 8.31b (PWD, AO)
\bibhang=\skip45
\bibsep=\skip46
LaTeX Info: Redefining \cite on input line 694.
\c@NAT@ctr=\count94
)
\splwrite=\write3
\openout3 = `version2.spl'.

\appnamewidth=\dimen109
)
(/usr/share/texlive/texmf-dist/tex/latex/base/inputenc.sty
Package: inputenc 2018/04/06 v1.3b Input encoding file
\inpenc@prehook=\toks17
\inpenc@posthook=\toks18
)
(/usr/share/texlive/texmf-dist/tex/latex/enumitem/enumitem.sty
Package: enumitem 2011/09/28 v3.5.2 Customized lists
\labelindent=\skip47
\enit@outerparindent=\dimen110
\enit@toks=\toks19
\enit@inbox=\box30
\enitdp@description=\count95
)
(/usr/share/texlive/texmf-dist/tex/latex/graphics/epsfig.sty
Package: epsfig 2017/06/25 v1.7b (e)psfig emulation (SPQR)
\epsfxsize=\dimen111
\epsfysize=\dimen112
)
(/usr/share/texlive/texmf-dist/tex/latex/subfigure/subfigure.sty
Package: subfigure 2002/03/15 v2.1.5 subfigure package
\subfigtopskip=\skip48
\subfigcapskip=\skip49
\subfigcaptopadj=\dimen113
\subfigbottomskip=\skip50
\subfigcapmargin=\dimen114
\subfiglabelskip=\skip51
\c@subfigure=\count96
\c@lofdepth=\count97
\c@subtable=\count98
\c@lotdepth=\count99

****************************************
* Local config file subfigure.cfg used *
****************************************
(/usr/share/texlive/texmf-dist/tex/latex/subfigure/subfigure.cfg)
\subfig@top=\skip52
\subfig@bottom=\skip53
)
(/usr/share/texlive/texmf-dist/tex/latex/tools/tabularx.sty
Package: tabularx 2016/02/03 v2.11b `tabularx' package (DPC)

(/usr/share/texlive/texmf-dist/tex/latex/tools/array.sty
Package: array 2018/04/30 v2.4h Tabular extension package (FMi)
\col@sep=\dimen115
\ar@mcellbox=\box31
\extrarowheight=\dimen116
\NC@list=\toks20
\extratabsurround=\skip54
\backup@length=\skip55
\ar@cellbox=\box32
)
\TX@col@width=\dimen117
\TX@old@table=\dimen118
\TX@old@col=\dimen119
\TX@target=\dimen120
\TX@delta=\dimen121
\TX@cols=\count100
\TX@ftn=\toks21
)
(/usr/share/texlive/texmf-dist/tex/latex/amsfonts/amssymb.sty
Package: amssymb 2013/01/14 v3.01 AMS font symbols

(/usr/share/texlive/texmf-dist/tex/latex/amsfonts/amsfonts.sty
Package: amsfonts 2013/01/14 v3.01 Basic AMSFonts support
\@emptytoks=\toks22
\symAMSa=\mathgroup4
\symAMSb=\mathgroup5
LaTeX Font Info:    Overwriting math alphabet `\mathfrak' in version `bold'
(Font)                  U/euf/m/n --> U/euf/b/n on input line 106.
))
(/usr/share/texlive/texmf-dist/tex/latex/amsmath/amsmath.sty
Package: amsmath 2017/09/02 v2.17a AMS math features
\@mathmargin=\skip56

For additional information on amsmath, use the `?' option.
(/usr/share/texlive/texmf-dist/tex/latex/amsmath/amstext.sty
Package: amstext 2000/06/29 v2.01 AMS text

(/usr/share/texlive/texmf-dist/tex/latex/amsmath/amsgen.sty
File: amsgen.sty 1999/11/30 v2.0 generic functions
\@emptytoks=\toks23
\ex@=\dimen122
))
(/usr/share/texlive/texmf-dist/tex/latex/amsmath/amsbsy.sty
Package: amsbsy 1999/11/29 v1.2d Bold Symbols
\pmbraise@=\dimen123
)
(/usr/share/texlive/texmf-dist/tex/latex/amsmath/amsopn.sty
Package: amsopn 2016/03/08 v2.02 operator names
)
\inf@bad=\count101
LaTeX Info: Redefining \frac on input line 213.
\uproot@=\count102
\leftroot@=\count103
LaTeX Info: Redefining \overline on input line 375.
\classnum@=\count104
\DOTSCASE@=\count105
LaTeX Info: Redefining \ldots on input line 472.
LaTeX Info: Redefining \dots on input line 475.
LaTeX Info: Redefining \cdots on input line 596.
\Mathstrutbox@=\box33
\strutbox@=\box34
\big@size=\dimen124
LaTeX Font Info:    Redeclaring font encoding OML on input line 712.
LaTeX Font Info:    Redeclaring font encoding OMS on input line 713.
\macc@depth=\count106
\c@MaxMatrixCols=\count107
\dotsspace@=\muskip10
\c@parentequation=\count108
\dspbrk@lvl=\count109
\tag@help=\toks24
\row@=\count110
\column@=\count111
\maxfields@=\count112
\andhelp@=\toks25
\eqnshift@=\dimen125
\alignsep@=\dimen126
\tagshift@=\dimen127
\tagwidth@=\dimen128
\totwidth@=\dimen129
\lineht@=\dimen130
\@envbody=\toks26
\multlinegap=\skip57
\multlinetaggap=\skip58
\mathdisplay@stack=\toks27
LaTeX Info: Redefining \[ on input line 2817.
LaTeX Info: Redefining \] on input line 2818.
)
(/usr/share/texlive/texmf-dist/tex/latex/colortbl/colortbl.sty
Package: colortbl 2018/05/02 v1.0c Color table columns (DPC)

(/usr/share/texlive/texmf-dist/tex/latex/graphics/color.sty
Package: color 2016/07/10 v1.1e Standard LaTeX Color (DPC)

(/usr/share/texlive/texmf-dist/tex/latex/graphics-cfg/color.cfg
File: color.cfg 2016/01/02 v1.6 sample color configuration
)
Package color Info: Driver file: pdftex.def on input line 147.
)
\everycr=\toks28
\minrowclearance=\skip59
)
(/usr/share/texlive/texmf-dist/tex/latex/preprint/fullpage.sty
Package: fullpage 1999/02/23 1.1 (PWD)
\FP@margin=\skip60
)
(/usr/share/texlive/texmf-dist/tex/latex/hyperref/hyperref.sty
Package: hyperref 2018/02/06 v6.86b Hypertext links for LaTeX

(/usr/share/texlive/texmf-dist/tex/generic/oberdiek/hobsub-hyperref.sty
Package: hobsub-hyperref 2016/05/16 v1.14 Bundle oberdiek, subset hyperref (HO)


(/usr/share/texlive/texmf-dist/tex/generic/oberdiek/hobsub-generic.sty
Package: hobsub-generic 2016/05/16 v1.14 Bundle oberdiek, subset generic (HO)
Package: hobsub 2016/05/16 v1.14 Construct package bundles (HO)
Package: infwarerr 2016/05/16 v1.4 Providing info/warning/error messages (HO)
Package: ltxcmds 2016/05/16 v1.23 LaTeX kernel commands for general use (HO)
Package: ifluatex 2016/05/16 v1.4 Provides the ifluatex switch (HO)
Package ifluatex Info: LuaTeX not detected.
Package: ifvtex 2016/05/16 v1.6 Detect VTeX and its facilities (HO)
Package ifvtex Info: VTeX not detected.
Package: intcalc 2016/05/16 v1.2 Expandable calculations with integers (HO)
Package: ifpdf 2017/03/15 v3.2 Provides the ifpdf switch
Package: etexcmds 2016/05/16 v1.6 Avoid name clashes with e-TeX commands (HO)
Package etexcmds Info: Could not find \expanded.
(etexcmds)             That can mean that you are not using pdfTeX 1.50 or
(etexcmds)             that some package has redefined \expanded.
(etexcmds)             In the latter case, load this package earlier.
Package: kvsetkeys 2016/05/16 v1.17 Key value parser (HO)
Package: kvdefinekeys 2016/05/16 v1.4 Define keys (HO)
Package: pdftexcmds 2018/01/30 v0.27 Utility functions of pdfTeX for LuaTeX (HO
)
Package pdftexcmds Info: LuaTeX not detected.
Package pdftexcmds Info: \pdf@primitive is available.
Package pdftexcmds Info: \pdf@ifprimitive is available.
Package pdftexcmds Info: \pdfdraftmode found.
Package: pdfescape 2016/05/16 v1.14 Implements pdfTeX's escape features (HO)
Package: bigintcalc 2016/05/16 v1.4 Expandable calculations on big integers (HO
)
Package: bitset 2016/05/16 v1.2 Handle bit-vector datatype (HO)
Package: uniquecounter 2016/05/16 v1.3 Provide unlimited unique counter (HO)
)
Package hobsub Info: Skipping package `hobsub' (already loaded).
Package: letltxmacro 2016/05/16 v1.5 Let assignment for LaTeX macros (HO)
Package: hopatch 2016/05/16 v1.3 Wrapper for package hooks (HO)
Package: xcolor-patch 2016/05/16 xcolor patch
Package: atveryend 2016/05/16 v1.9 Hooks at the very end of document (HO)
Package atveryend Info: \enddocument detected (standard20110627).
Package: atbegshi 2016/06/09 v1.18 At begin shipout hook (HO)
Package: refcount 2016/05/16 v3.5 Data extraction from label references (HO)
Package: hycolor 2016/05/16 v1.8 Color options for hyperref/bookmark (HO)
)
(/usr/share/texlive/texmf-dist/tex/generic/ifxetex/ifxetex.sty
Package: ifxetex 2010/09/12 v0.6 Provides ifxetex conditional
)
(/usr/share/texlive/texmf-dist/tex/latex/oberdiek/auxhook.sty
Package: auxhook 2016/05/16 v1.4 Hooks for auxiliary files (HO)
)
(/usr/share/texlive/texmf-dist/tex/latex/oberdiek/kvoptions.sty
Package: kvoptions 2016/05/16 v3.12 Key value format for package options (HO)
)
\@linkdim=\dimen131
\Hy@linkcounter=\count113
\Hy@pagecounter=\count114

(/usr/share/texlive/texmf-dist/tex/latex/hyperref/pd1enc.def
File: pd1enc.def 2018/02/06 v6.86b Hyperref: PDFDocEncoding definition (HO)
Now handling font encoding PD1 ...
... no UTF-8 mapping file for font encoding PD1
)
\Hy@SavedSpaceFactor=\count115

(/usr/share/texlive/texmf-dist/tex/latex/latexconfig/hyperref.cfg
File: hyperref.cfg 2002/06/06 v1.2 hyperref configuration of TeXLive
)
Package hyperref Info: Hyper figures OFF on input line 4509.
Package hyperref Info: Link nesting OFF on input line 4514.
Package hyperref Info: Hyper index ON on input line 4517.
Package hyperref Info: Plain pages OFF on input line 4524.
Package hyperref Info: Backreferencing OFF on input line 4529.
Package hyperref Info: Implicit mode ON; LaTeX internals redefined.
Package hyperref Info: Bookmarks ON on input line 4762.
\c@Hy@tempcnt=\count116

(/usr/share/texlive/texmf-dist/tex/latex/url/url.sty
\Urlmuskip=\muskip11
Package: url 2013/09/16  ver 3.4  Verb mode for urls, etc.
)
LaTeX Info: Redefining \url on input line 5115.
\XeTeXLinkMargin=\dimen132
\Fld@menulength=\count117
\Field@Width=\dimen133
\Fld@charsize=\dimen134
Package hyperref Info: Hyper figures OFF on input line 6369.
Package hyperref Info: Link nesting OFF on input line 6374.
Package hyperref Info: Hyper index ON on input line 6377.
Package hyperref Info: backreferencing OFF on input line 6384.
Package hyperref Info: Link coloring OFF on input line 6389.
Package hyperref Info: Link coloring with OCG OFF on input line 6394.
Package hyperref Info: PDF/A mode OFF on input line 6399.
LaTeX Info: Redefining \ref on input line 6439.
LaTeX Info: Redefining \pageref on input line 6443.
\Hy@abspage=\count118
\c@Item=\count119
\c@Hfootnote=\count120
)
Package hyperref Info: Driver (autodetected): hpdftex.

(/usr/share/texlive/texmf-dist/tex/latex/hyperref/hpdftex.def
File: hpdftex.def 2018/02/06 v6.86b Hyperref driver for pdfTeX
\Fld@listcount=\count121
\c@bookmark@seq@number=\count122

(/usr/share/texlive/texmf-dist/tex/latex/oberdiek/rerunfilecheck.sty
Package: rerunfilecheck 2016/05/16 v1.8 Rerun checks for auxiliary files (HO)
Package uniquecounter Info: New unique counter `rerunfilecheck' on input line 2
82.
)
\Hy@SectionHShift=\skip61
)
(/usr/share/texlive/texmf-dist/tex/latex/setspace/setspace.sty
Package: setspace 2011/12/19 v6.7a set line spacing
)
(/usr/share/texlive/texmf-dist/tex/latex/siunitx/siunitx.sty
(/usr/share/texlive/texmf-dist/tex/latex/l3kernel/expl3.sty
Package: expl3 2018-04-30 L3 programming layer (loader) 

(/usr/share/texlive/texmf-dist/tex/latex/l3kernel/expl3-code.tex
Package: expl3 2018-04-30 L3 programming layer (code)
\c_max_int=\count123
\l_tmpa_int=\count124
\l_tmpb_int=\count125
\g_tmpa_int=\count126
\g_tmpb_int=\count127
\g__kernel_prg_map_int=\count128
\c_log_iow=\count129
\l_iow_line_count_int=\count130
\l__iow_line_target_int=\count131
\l__iow_one_indent_int=\count132
\l__iow_indent_int=\count133
\c_zero_dim=\dimen135
\c_max_dim=\dimen136
\l_tmpa_dim=\dimen137
\l_tmpb_dim=\dimen138
\g_tmpa_dim=\dimen139
\g_tmpb_dim=\dimen140
\c_zero_skip=\skip62
\c_max_skip=\skip63
\l_tmpa_skip=\skip64
\l_tmpb_skip=\skip65
\g_tmpa_skip=\skip66
\g_tmpb_skip=\skip67
\c_zero_muskip=\muskip12
\c_max_muskip=\muskip13
\l_tmpa_muskip=\muskip14
\l_tmpb_muskip=\muskip15
\g_tmpa_muskip=\muskip16
\g_tmpb_muskip=\muskip17
\l_keys_choice_int=\count134
\c__fp_leading_shift_int=\count135
\c__fp_middle_shift_int=\count136
\c__fp_trailing_shift_int=\count137
\c__fp_big_leading_shift_int=\count138
\c__fp_big_middle_shift_int=\count139
\c__fp_big_trailing_shift_int=\count140
\c__fp_Bigg_leading_shift_int=\count141
\c__fp_Bigg_middle_shift_int=\count142
\c__fp_Bigg_trailing_shift_int=\count143
\c__fp_rand_size_int=\count144
\c__fp_rand_four_int=\count145
\c__fp_rand_eight_int=\count146
\c__intarray_sp_dim=\dimen141
\g__intarray_font_int=\count147
\l__sort_length_int=\count148
\l__sort_min_int=\count149
\l__sort_top_int=\count150
\l__sort_max_int=\count151
\l__sort_true_max_int=\count152
\l__sort_block_int=\count153
\l__sort_begin_int=\count154
\l__sort_end_int=\count155
\l__sort_A_int=\count156
\l__sort_B_int=\count157
\l__sort_C_int=\count158
\l__tl_analysis_normal_int=\count159
\l__tl_analysis_index_int=\count160
\l__tl_analysis_nesting_int=\count161
\l__tl_analysis_type_int=\count162
\l__regex_internal_a_int=\count163
\l__regex_internal_b_int=\count164
\l__regex_internal_c_int=\count165
\l__regex_balance_int=\count166
\l__regex_group_level_int=\count167
\l__regex_mode_int=\count168
\c__regex_cs_in_class_mode_int=\count169
\c__regex_cs_mode_int=\count170
\l__regex_catcodes_int=\count171
\l__regex_default_catcodes_int=\count172
\c__regex_catcode_D_int=\count173
\c__regex_catcode_S_int=\count174
\c__regex_catcode_L_int=\count175
\c__regex_catcode_O_int=\count176
\c__regex_catcode_A_int=\count177
\c__regex_all_catcodes_int=\count178
\l__regex_show_lines_int=\count179
\l__regex_min_state_int=\count180
\l__regex_max_state_int=\count181
\l__regex_left_state_int=\count182
\l__regex_right_state_int=\count183
\l__regex_capturing_group_int=\count184
\l__regex_min_pos_int=\count185
\l__regex_max_pos_int=\count186
\l__regex_curr_pos_int=\count187
\l__regex_start_pos_int=\count188
\l__regex_success_pos_int=\count189
\l__regex_curr_char_int=\count190
\l__regex_curr_catcode_int=\count191
\l__regex_last_char_int=\count192
\l__regex_case_changed_char_int=\count193
\l__regex_curr_state_int=\count194
\l__regex_step_int=\count195
\l__regex_min_active_int=\count196
\l__regex_max_active_int=\count197
\l__regex_replacement_csnames_int=\count198
\l__regex_match_count_int=\count199
\l__regex_min_submatch_int=\count266
\l__regex_submatch_int=\count267
\l__regex_zeroth_submatch_int=\count268
\g__regex_trace_regex_int=\count269
\c_empty_box=\box35
\l_tmpa_box=\box36
\l_tmpb_box=\box37
\g_tmpa_box=\box38
\g_tmpb_box=\box39
\l__box_top_dim=\dimen142
\l__box_bottom_dim=\dimen143
\l__box_left_dim=\dimen144
\l__box_right_dim=\dimen145
\l__box_top_new_dim=\dimen146
\l__box_bottom_new_dim=\dimen147
\l__box_left_new_dim=\dimen148
\l__box_right_new_dim=\dimen149
\l__box_internal_box=\box40
\l__coffin_internal_box=\box41
\l__coffin_internal_dim=\dimen150
\l__coffin_offset_x_dim=\dimen151
\l__coffin_offset_y_dim=\dimen152
\l__coffin_x_dim=\dimen153
\l__coffin_y_dim=\dimen154
\l__coffin_x_prime_dim=\dimen155
\l__coffin_y_prime_dim=\dimen156
\c_empty_coffin=\box42
\l__coffin_aligned_coffin=\box43
\l__coffin_aligned_internal_coffin=\box44
\l_tmpa_coffin=\box45
\l_tmpb_coffin=\box46
\l__coffin_display_coffin=\box47
\l__coffin_display_coord_coffin=\box48
\l__coffin_display_pole_coffin=\box49
\l__coffin_display_offset_dim=\dimen157
\l__coffin_display_x_dim=\dimen158
\l__coffin_display_y_dim=\dimen159
\g__file_internal_ior=\read1
\l__coffin_bounding_shift_dim=\dimen160
\l__coffin_left_corner_dim=\dimen161
\l__coffin_right_corner_dim=\dimen162
\l__coffin_bottom_corner_dim=\dimen163
\l__coffin_top_corner_dim=\dimen164
\l__coffin_scaled_total_height_dim=\dimen165
\l__coffin_scaled_width_dim=\dimen166
\l__seq_internal_a_int=\count270
\l__seq_internal_b_int=\count271
)
(/usr/share/texlive/texmf-dist/tex/latex/l3kernel/l3pdfmode.def
File: l3pdfmode.def 2018-04-30 v L3 Experimental driver: PDF mode
\l__driver_color_stack_int=\count272
))
(/usr/share/texlive/texmf-dist/tex/latex/l3packages/xparse/xparse.sty
Package: xparse 2018-04-30 L3 Experimental document command parser
\l__xparse_current_arg_int=\count273
\g__xparse_grabber_int=\count274
\l__xparse_m_args_int=\count275
\l__xparse_mandatory_args_int=\count276
\l__xparse_v_nesting_int=\count277
)
Package: siunitx 2018-05-02 v2.7o A comprehensive (SI) units package

(/usr/share/texlive/texmf-dist/tex/latex/l3packages/l3keys2e/l3keys2e.sty
Package: l3keys2e 2018-04-30 LaTeX2e option processing using LaTeX3 keys
)
\l__siunitx_tmp_box=\box50
\l__siunitx_tmp_dim=\dimen167
\l__siunitx_tmp_int=\count278
\l__siunitx_number_mantissa_length_int=\count279
\l__siunitx_number_uncert_length_int=\count280
\l__siunitx_round_int=\count281
\l__siunitx_process_decimal_int=\count282
\l__siunitx_process_uncertainty_int=\count283
\l__siunitx_process_fixed_int=\count284
\l__siunitx_process_integer_min_int=\count285
\l__siunitx_process_precision_int=\count286
\l__siunitx_group_min_int=\count287
\l__siunitx_angle_marker_box=\box51
\l__siunitx_angle_unit_box=\box52
\l__siunitx_angle_marker_dim=\dimen168
\l__siunitx_angle_unit_dim=\dimen169
\l__siunitx_unit_int=\count288
\l__siunitx_unit_denominator_int=\count289
\l__siunitx_unit_numerator_int=\count290
\l__siunitx_unit_prefix_int=\count291
\l__siunitx_unit_prefix_base_int=\count292
\l__siunitx_unit_prefix_gram_int=\count293
\l__siunitx_number_product_int=\count294
\c__siunitx_one_fill_skip=\skip68
\l__siunitx_table_unit_align_skip=\skip69
\l__siunitx_table_exponent_dim=\dimen170
\l__siunitx_table_integer_dim=\dimen171
\l__siunitx_table_mantissa_dim=\dimen172
\l__siunitx_table_marker_dim=\dimen173
\l__siunitx_table_result_dim=\dimen174
\l__siunitx_table_uncert_dim=\dimen175
\l__siunitx_table_fill_pre_dim=\dimen176
\l__siunitx_table_fill_post_dim=\dimen177
\l__siunitx_table_fill_mid_dim=\dimen178
\l__siunitx_table_pre_box=\box53
\l__siunitx_table_post_box=\box54
\l__siunitx_table_mantissa_box=\box55
\l__siunitx_table_result_box=\box56
\l__siunitx_table_number_align_skip=\skip70
\l__siunitx_table_text_align_skip=\skip71
.................................................
. LaTeX info: "xparse/define-command"
. 
. Defining command \DeclareBinaryPrefix with sig. 'mmm' on line 7244.
.................................................
.................................................
. LaTeX info: "xparse/define-command"
. 
. Defining command \DeclareSIPostPower with sig. 'mm' on line 7247.
.................................................
.................................................
. LaTeX info: "xparse/define-command"
. 
. Defining command \DeclareSIPrefix with sig. 'mmm' on line 7250.
.................................................
.................................................
. LaTeX info: "xparse/define-command"
. 
. Defining command \DeclareSIPrePower with sig. 'mm' on line 7253.
.................................................
.................................................
. LaTeX info: "xparse/define-command"
. 
. Defining command \DeclareSIQualifier with sig. 'mm' on line 7256.
.................................................
.................................................
. LaTeX info: "xparse/define-command"
. 
. Defining command \DeclareSIUnit with sig. 'O{}mm' on line 7259.
.................................................
.................................................
. LaTeX info: "xparse/define-command"
. 
. Defining command \DeclareSIUnitWithOptions with sig. 'mmm' on line 7262.
.................................................
.................................................
. LaTeX info: "xparse/define-command"
. 
. Defining command \ang with sig. 'o>{\SplitArgument {2}{;}}m' on line 7277.
.................................................
.................................................
. LaTeX info: "xparse/define-command"
. 
. Defining command \num with sig. 'om' on line 7286.
.................................................
.................................................
. LaTeX info: "xparse/define-command"
. 
. Defining command \numlist with sig. 'o>{\SplitList {;}}m' on line 7295.
.................................................
.................................................
. LaTeX info: "xparse/define-command"
. 
. Defining command \numrange with sig. 'omm' on line 7304.
.................................................
.................................................
. LaTeX info: "xparse/define-command"
. 
. Defining command \SIlist with sig. 'o>{\SplitList {;}}mm' on line 7316.
.................................................
.................................................
. LaTeX info: "xparse/define-command"
. 
. Defining command \SIrange with sig. 'ommm' on line 7328.
.................................................
.................................................
. LaTeX info: "xparse/define-command"
. 
. Defining command \SI with sig. 'omom' on line 7340.
.................................................
.................................................
. LaTeX info: "xparse/define-command"
. 
. Defining command \sisetup with sig. 'm' on line 7343.
.................................................
.................................................
. LaTeX info: "xparse/define-command"
. 
. Defining command \tablenum with sig. 'om' on line 7358.
.................................................
.................................................
. LaTeX info: "xparse/define-command"
. 
. Defining command \si with sig. 'om' on line 7370.
.................................................
.................................................
. LaTeX info: "xparse/define-command"
. 
. Defining command \numInBookmark with sig. 'om' on line 7417.
.................................................
.................................................
. LaTeX info: "xparse/define-command"
. 
. Defining command \numrangeInBookmark with sig. 'omm' on line 7419.
.................................................
.................................................
. LaTeX info: "xparse/define-command"
. 
. Defining command \SIInBookmark with sig. 'omom' on line 7421.
.................................................
.................................................
. LaTeX info: "xparse/define-command"
. 
. Defining command \SIlistInBookmark with sig. 'omm' on line 7423.
.................................................
.................................................
. LaTeX info: "xparse/define-command"
. 
. Defining command \SIrangeInBookmark with sig. 'ommm' on line 7425.
.................................................
.................................................
. LaTeX info: "xparse/define-command"
. 
. Defining command \siInBookmark with sig. 'om' on line 7426.
.................................................

(/usr/share/texlive/texmf-dist/tex/latex/translator/translator.sty
Package: translator 2018/01/04 v1.12 Easy translation of strings in LaTeX
))
(/usr/share/texlive/texmf-dist/tex/latex/booktabs/booktabs.sty
Package: booktabs 2016/04/27 v1.618033 publication quality tables
\heavyrulewidth=\dimen179
\lightrulewidth=\dimen180
\cmidrulewidth=\dimen181
\belowrulesep=\dimen182
\belowbottomsep=\dimen183
\aboverulesep=\dimen184
\abovetopsep=\dimen185
\cmidrulesep=\dimen186
\cmidrulekern=\dimen187
\defaultaddspace=\dimen188
\@cmidla=\count295
\@cmidlb=\count296
\@aboverulesep=\dimen189
\@belowrulesep=\dimen190
\@thisruleclass=\count297
\@lastruleclass=\count298
\@thisrulewidth=\dimen191
)
(/usr/share/texlive/texmf-dist/tex/latex/multirow/multirow.sty
Package: multirow 2016/11/25 v2.2 Span multiple rows of a table
\multirow@colwidth=\skip72
\multirow@cntb=\count299
\multirow@dima=\skip73
\bigstrutjot=\dimen192
)
(/usr/share/texlive/texmf-dist/tex/latex/blindtext/blindtext.sty
Package: blindtext 2012/01/06 V2.0 blindtext-Package

(/usr/share/texlive/texmf-dist/tex/latex/tools/xspace.sty
Package: xspace 2014/10/28 v1.13 Space after command names (DPC,MH)
)
\c@blindtext=\count300
\c@Blindtext=\count301
\c@blind@countparstart=\count302
\blind@countxx=\count303
\blindtext@numBlindtext=\count304
\blind@countyy=\count305
\c@blindlist=\count306
\c@blindlistlevel=\count307
\c@blindlist@level=\count308
\blind@listitem=\count309
\c@blind@listcount=\count310
\c@blind@levelcount=\count311
\blind@mathformula=\count312
\blind@Mathformula=\count313
\c@blind@randomcount=\count314
\c@blind@randommax=\count315
\c@blind@pangramcount=\count316
\c@blind@pangrammax=\count317
)
(/usr/share/texlive/texmf-dist/tex/latex/todonotes/todonotes.sty
Package: todonotes 2015/07/09 .dtx Todonotes source and documentation.
Package: todonotes 2012/07/25

(/usr/share/texlive/texmf-dist/tex/latex/base/ifthen.sty
Package: ifthen 2014/09/29 v1.1c Standard LaTeX ifthen package (DPC)
)
(/usr/share/texlive/texmf-dist/tex/latex/xkeyval/xkeyval.sty
Package: xkeyval 2014/12/03 v2.7a package option processing (HA)

(/usr/share/texlive/texmf-dist/tex/generic/xkeyval/xkeyval.tex
(/usr/share/texlive/texmf-dist/tex/generic/xkeyval/xkvutils.tex
\XKV@toks=\toks29
\XKV@tempa@toks=\toks30
)
\XKV@depth=\count318
File: xkeyval.tex 2014/12/03 v2.7a key=value parser (HA)
))
(/usr/share/texlive/texmf-dist/tex/latex/xcolor/xcolor.sty
Package: xcolor 2016/05/11 v2.12 LaTeX color extensions (UK)

(/usr/share/texlive/texmf-dist/tex/latex/graphics-cfg/color.cfg
File: color.cfg 2016/01/02 v1.6 sample color configuration
)
Package xcolor Info: Driver file: pdftex.def on input line 225.
LaTeX Info: Redefining \color on input line 709.
Package xcolor Info: Model `cmy' substituted by `cmy0' on input line 1348.
Package xcolor Info: Model `hsb' substituted by `rgb' on input line 1352.
Package xcolor Info: Model `RGB' extended on input line 1364.
Package xcolor Info: Model `HTML' substituted by `rgb' on input line 1366.
Package xcolor Info: Model `Hsb' substituted by `hsb' on input line 1367.
Package xcolor Info: Model `tHsb' substituted by `hsb' on input line 1368.
Package xcolor Info: Model `HSB' substituted by `hsb' on input line 1369.
Package xcolor Info: Model `Gray' substituted by `gray' on input line 1370.
Package xcolor Info: Model `wave' substituted by `hsb' on input line 1371.
)
(/usr/share/texlive/texmf-dist/tex/latex/pgf/frontendlayer/tikz.sty
(/usr/share/texlive/texmf-dist/tex/latex/pgf/basiclayer/pgf.sty
(/usr/share/texlive/texmf-dist/tex/latex/pgf/utilities/pgfrcs.sty
(/usr/share/texlive/texmf-dist/tex/generic/pgf/utilities/pgfutil-common.tex
\pgfutil@everybye=\toks31
\pgfutil@tempdima=\dimen193
\pgfutil@tempdimb=\dimen194

(/usr/share/texlive/texmf-dist/tex/generic/pgf/utilities/pgfutil-common-lists.t
ex)) (/usr/share/texlive/texmf-dist/tex/generic/pgf/utilities/pgfutil-latex.def
\pgfutil@abb=\box57
(/usr/share/texlive/texmf-dist/tex/latex/ms/everyshi.sty
Package: everyshi 2001/05/15 v3.00 EveryShipout Package (MS)
))
(/usr/share/texlive/texmf-dist/tex/generic/pgf/utilities/pgfrcs.code.tex
Package: pgfrcs 2015/08/07 v3.0.1a (rcs-revision 1.31)
))
Package: pgf 2015/08/07 v3.0.1a (rcs-revision 1.15)

(/usr/share/texlive/texmf-dist/tex/latex/pgf/basiclayer/pgfcore.sty
(/usr/share/texlive/texmf-dist/tex/latex/pgf/systemlayer/pgfsys.sty
(/usr/share/texlive/texmf-dist/tex/generic/pgf/systemlayer/pgfsys.code.tex
Package: pgfsys 2014/07/09 v3.0.1a (rcs-revision 1.48)

(/usr/share/texlive/texmf-dist/tex/generic/pgf/utilities/pgfkeys.code.tex
\pgfkeys@pathtoks=\toks32
\pgfkeys@temptoks=\toks33

(/usr/share/texlive/texmf-dist/tex/generic/pgf/utilities/pgfkeysfiltered.code.t
ex
\pgfkeys@tmptoks=\toks34
))
\pgf@x=\dimen195
\pgf@y=\dimen196
\pgf@xa=\dimen197
\pgf@ya=\dimen198
\pgf@xb=\dimen199
\pgf@yb=\dimen256
\pgf@xc=\dimen257
\pgf@yc=\dimen258
\w@pgf@writea=\write4
\r@pgf@reada=\read2
\c@pgf@counta=\count319
\c@pgf@countb=\count320
\c@pgf@countc=\count321
\c@pgf@countd=\count322
\t@pgf@toka=\toks35
\t@pgf@tokb=\toks36
\t@pgf@tokc=\toks37
 (/usr/share/texlive/texmf-dist/tex/generic/pgf/systemlayer/pgf.cfg
File: pgf.cfg 2008/05/14  (rcs-revision 1.7)
)
Driver file for pgf: pgfsys-pdftex.def

(/usr/share/texlive/texmf-dist/tex/generic/pgf/systemlayer/pgfsys-pdftex.def
File: pgfsys-pdftex.def 2014/10/11  (rcs-revision 1.35)

(/usr/share/texlive/texmf-dist/tex/generic/pgf/systemlayer/pgfsys-common-pdf.de
f
File: pgfsys-common-pdf.def 2013/10/10  (rcs-revision 1.13)
)))
(/usr/share/texlive/texmf-dist/tex/generic/pgf/systemlayer/pgfsyssoftpath.code.
tex
File: pgfsyssoftpath.code.tex 2013/09/09  (rcs-revision 1.9)
\pgfsyssoftpath@smallbuffer@items=\count323
\pgfsyssoftpath@bigbuffer@items=\count324
)
(/usr/share/texlive/texmf-dist/tex/generic/pgf/systemlayer/pgfsysprotocol.code.
tex
File: pgfsysprotocol.code.tex 2006/10/16  (rcs-revision 1.4)
))
(/usr/share/texlive/texmf-dist/tex/generic/pgf/basiclayer/pgfcore.code.tex
Package: pgfcore 2010/04/11 v3.0.1a (rcs-revision 1.7)

(/usr/share/texlive/texmf-dist/tex/generic/pgf/math/pgfmath.code.tex
(/usr/share/texlive/texmf-dist/tex/generic/pgf/math/pgfmathcalc.code.tex
(/usr/share/texlive/texmf-dist/tex/generic/pgf/math/pgfmathutil.code.tex)
(/usr/share/texlive/texmf-dist/tex/generic/pgf/math/pgfmathparser.code.tex
\pgfmath@dimen=\dimen259
\pgfmath@count=\count325
\pgfmath@box=\box58
\pgfmath@toks=\toks38
\pgfmath@stack@operand=\toks39
\pgfmath@stack@operation=\toks40
)
(/usr/share/texlive/texmf-dist/tex/generic/pgf/math/pgfmathfunctions.code.tex
(/usr/share/texlive/texmf-dist/tex/generic/pgf/math/pgfmathfunctions.basic.code
.tex)
(/usr/share/texlive/texmf-dist/tex/generic/pgf/math/pgfmathfunctions.trigonomet
ric.code.tex)
(/usr/share/texlive/texmf-dist/tex/generic/pgf/math/pgfmathfunctions.random.cod
e.tex)
(/usr/share/texlive/texmf-dist/tex/generic/pgf/math/pgfmathfunctions.comparison
.code.tex)
(/usr/share/texlive/texmf-dist/tex/generic/pgf/math/pgfmathfunctions.base.code.
tex)
(/usr/share/texlive/texmf-dist/tex/generic/pgf/math/pgfmathfunctions.round.code
.tex)
(/usr/share/texlive/texmf-dist/tex/generic/pgf/math/pgfmathfunctions.misc.code.
tex)
(/usr/share/texlive/texmf-dist/tex/generic/pgf/math/pgfmathfunctions.integerari
thmetics.code.tex)))
(/usr/share/texlive/texmf-dist/tex/generic/pgf/math/pgfmathfloat.code.tex
\c@pgfmathroundto@lastzeros=\count326
))
(/usr/share/texlive/texmf-dist/tex/generic/pgf/basiclayer/pgfcorepoints.code.te
x
File: pgfcorepoints.code.tex 2013/10/07  (rcs-revision 1.27)
\pgf@picminx=\dimen260
\pgf@picmaxx=\dimen261
\pgf@picminy=\dimen262
\pgf@picmaxy=\dimen263
\pgf@pathminx=\dimen264
\pgf@pathmaxx=\dimen265
\pgf@pathminy=\dimen266
\pgf@pathmaxy=\dimen267
\pgf@xx=\dimen268
\pgf@xy=\dimen269
\pgf@yx=\dimen270
\pgf@yy=\dimen271
\pgf@zx=\dimen272
\pgf@zy=\dimen273
)
(/usr/share/texlive/texmf-dist/tex/generic/pgf/basiclayer/pgfcorepathconstruct.
code.tex
File: pgfcorepathconstruct.code.tex 2013/10/07  (rcs-revision 1.29)
\pgf@path@lastx=\dimen274
\pgf@path@lasty=\dimen275
)
(/usr/share/texlive/texmf-dist/tex/generic/pgf/basiclayer/pgfcorepathusage.code
.tex
File: pgfcorepathusage.code.tex 2014/11/02  (rcs-revision 1.24)
\pgf@shorten@end@additional=\dimen276
\pgf@shorten@start@additional=\dimen277
)
(/usr/share/texlive/texmf-dist/tex/generic/pgf/basiclayer/pgfcorescopes.code.te
x
File: pgfcorescopes.code.tex 2015/05/08  (rcs-revision 1.46)
\pgfpic=\box59
\pgf@hbox=\box60
\pgf@layerbox@main=\box61
\pgf@picture@serial@count=\count327
)
(/usr/share/texlive/texmf-dist/tex/generic/pgf/basiclayer/pgfcoregraphicstate.c
ode.tex
File: pgfcoregraphicstate.code.tex 2014/11/02  (rcs-revision 1.12)
\pgflinewidth=\dimen278
)
(/usr/share/texlive/texmf-dist/tex/generic/pgf/basiclayer/pgfcoretransformation
s.code.tex
File: pgfcoretransformations.code.tex 2015/08/07  (rcs-revision 1.20)
\pgf@pt@x=\dimen279
\pgf@pt@y=\dimen280
\pgf@pt@temp=\dimen281
)
(/usr/share/texlive/texmf-dist/tex/generic/pgf/basiclayer/pgfcorequick.code.tex
File: pgfcorequick.code.tex 2008/10/09  (rcs-revision 1.3)
)
(/usr/share/texlive/texmf-dist/tex/generic/pgf/basiclayer/pgfcoreobjects.code.t
ex
File: pgfcoreobjects.code.tex 2006/10/11  (rcs-revision 1.2)
)
(/usr/share/texlive/texmf-dist/tex/generic/pgf/basiclayer/pgfcorepathprocessing
.code.tex
File: pgfcorepathprocessing.code.tex 2013/09/09  (rcs-revision 1.9)
)
(/usr/share/texlive/texmf-dist/tex/generic/pgf/basiclayer/pgfcorearrows.code.te
x
File: pgfcorearrows.code.tex 2015/05/14  (rcs-revision 1.43)
\pgfarrowsep=\dimen282
)
(/usr/share/texlive/texmf-dist/tex/generic/pgf/basiclayer/pgfcoreshade.code.tex
File: pgfcoreshade.code.tex 2013/07/15  (rcs-revision 1.15)
\pgf@max=\dimen283
\pgf@sys@shading@range@num=\count328
)
(/usr/share/texlive/texmf-dist/tex/generic/pgf/basiclayer/pgfcoreimage.code.tex
File: pgfcoreimage.code.tex 2013/07/15  (rcs-revision 1.18)

(/usr/share/texlive/texmf-dist/tex/generic/pgf/basiclayer/pgfcoreexternal.code.
tex
File: pgfcoreexternal.code.tex 2014/07/09  (rcs-revision 1.21)
\pgfexternal@startupbox=\box62
))
(/usr/share/texlive/texmf-dist/tex/generic/pgf/basiclayer/pgfcorelayers.code.te
x
File: pgfcorelayers.code.tex 2013/07/18  (rcs-revision 1.7)
)
(/usr/share/texlive/texmf-dist/tex/generic/pgf/basiclayer/pgfcoretransparency.c
ode.tex
File: pgfcoretransparency.code.tex 2013/09/30  (rcs-revision 1.5)
)
(/usr/share/texlive/texmf-dist/tex/generic/pgf/basiclayer/pgfcorepatterns.code.
tex
File: pgfcorepatterns.code.tex 2013/11/07  (rcs-revision 1.5)
)))
(/usr/share/texlive/texmf-dist/tex/generic/pgf/modules/pgfmoduleshapes.code.tex
File: pgfmoduleshapes.code.tex 2014/03/21  (rcs-revision 1.35)
\pgfnodeparttextbox=\box63
) (/usr/share/texlive/texmf-dist/tex/generic/pgf/modules/pgfmoduleplot.code.tex
File: pgfmoduleplot.code.tex 2015/08/03  (rcs-revision 1.13)
)
(/usr/share/texlive/texmf-dist/tex/latex/pgf/compatibility/pgfcomp-version-0-65
.sty
Package: pgfcomp-version-0-65 2007/07/03 v3.0.1a (rcs-revision 1.7)
\pgf@nodesepstart=\dimen284
\pgf@nodesepend=\dimen285
)
(/usr/share/texlive/texmf-dist/tex/latex/pgf/compatibility/pgfcomp-version-1-18
.sty
Package: pgfcomp-version-1-18 2007/07/23 v3.0.1a (rcs-revision 1.1)
)) (/usr/share/texlive/texmf-dist/tex/latex/pgf/utilities/pgffor.sty
(/usr/share/texlive/texmf-dist/tex/latex/pgf/utilities/pgfkeys.sty
(/usr/share/texlive/texmf-dist/tex/generic/pgf/utilities/pgfkeys.code.tex))
(/usr/share/texlive/texmf-dist/tex/latex/pgf/math/pgfmath.sty
(/usr/share/texlive/texmf-dist/tex/generic/pgf/math/pgfmath.code.tex))
(/usr/share/texlive/texmf-dist/tex/generic/pgf/utilities/pgffor.code.tex
Package: pgffor 2013/12/13 v3.0.1a (rcs-revision 1.25)

(/usr/share/texlive/texmf-dist/tex/generic/pgf/math/pgfmath.code.tex)
\pgffor@iter=\dimen286
\pgffor@skip=\dimen287
\pgffor@stack=\toks41
\pgffor@toks=\toks42
))
(/usr/share/texlive/texmf-dist/tex/generic/pgf/frontendlayer/tikz/tikz.code.tex
Package: tikz 2015/08/07 v3.0.1a (rcs-revision 1.151)

(/usr/share/texlive/texmf-dist/tex/generic/pgf/libraries/pgflibraryplothandlers
.code.tex
File: pgflibraryplothandlers.code.tex 2013/08/31 v3.0.1a (rcs-revision 1.20)
\pgf@plot@mark@count=\count329
\pgfplotmarksize=\dimen288
)
\tikz@lastx=\dimen289
\tikz@lasty=\dimen290
\tikz@lastxsaved=\dimen291
\tikz@lastysaved=\dimen292
\tikzleveldistance=\dimen293
\tikzsiblingdistance=\dimen294
\tikz@figbox=\box64
\tikz@figbox@bg=\box65
\tikz@tempbox=\box66
\tikz@tempbox@bg=\box67
\tikztreelevel=\count330
\tikznumberofchildren=\count331
\tikznumberofcurrentchild=\count332
\tikz@fig@count=\count333

(/usr/share/texlive/texmf-dist/tex/generic/pgf/modules/pgfmodulematrix.code.tex
File: pgfmodulematrix.code.tex 2013/09/17  (rcs-revision 1.8)
\pgfmatrixcurrentrow=\count334
\pgfmatrixcurrentcolumn=\count335
\pgf@matrix@numberofcolumns=\count336
)
\tikz@expandcount=\count337

(/usr/share/texlive/texmf-dist/tex/generic/pgf/frontendlayer/tikz/libraries/tik
zlibrarytopaths.code.tex
File: tikzlibrarytopaths.code.tex 2008/06/17 v3.0.1a (rcs-revision 1.2)
)))
(/usr/share/texlive/texmf-dist/tex/generic/pgf/frontendlayer/tikz/libraries/tik
zlibrarypositioning.code.tex
File: tikzlibrarypositioning.code.tex 2008/10/06 v3.0.1a (rcs-revision 1.7)
)
(/usr/share/texlive/texmf-dist/tex/latex/tools/calc.sty
Package: calc 2017/05/25 v4.3 Infix arithmetic (KKT,FJ)
\calc@Acount=\count338
\calc@Bcount=\count339
\calc@Adimen=\dimen295
\calc@Bdimen=\dimen296
\calc@Askip=\skip74
\calc@Bskip=\skip75
LaTeX Info: Redefining \setlength on input line 80.
LaTeX Info: Redefining \addtolength on input line 81.
\calc@Ccount=\count340
\calc@Cskip=\skip76
)
\c@@todonotes@numberoftodonotes=\count341
)
(/usr/share/texlive/texmf-dist/tex/latex/lineno/lineno.sty
Package: lineno 2005/11/02 line numbers on paragraphs v4.41
\linenopenalty=\count342
\output=\toks43
\linenoprevgraf=\count343
\linenumbersep=\dimen297
\linenumberwidth=\dimen298
\c@linenumber=\count344
\c@pagewiselinenumber=\count345
\c@LN@truepage=\count346
\c@internallinenumber=\count347
\c@internallinenumbers=\count348
\quotelinenumbersep=\dimen299
\bframerule=\dimen300
\bframesep=\dimen301
\bframebox=\box68
LaTeX Info: Redefining \\ on input line 3056.
) (./version2.aux)
\openout1 = `version2.aux'.

LaTeX Font Info:    Checking defaults for OML/cmm/m/it on input line 64.
LaTeX Font Info:    ... okay on input line 64.
LaTeX Font Info:    Checking defaults for T1/cmr/m/n on input line 64.
LaTeX Font Info:    ... okay on input line 64.
LaTeX Font Info:    Checking defaults for OT1/cmr/m/n on input line 64.
LaTeX Font Info:    ... okay on input line 64.
LaTeX Font Info:    Checking defaults for OMS/cmsy/m/n on input line 64.
LaTeX Font Info:    ... okay on input line 64.
LaTeX Font Info:    Checking defaults for OMX/cmex/m/n on input line 64.
LaTeX Font Info:    ... okay on input line 64.
LaTeX Font Info:    Checking defaults for U/cmr/m/n on input line 64.
LaTeX Font Info:    ... okay on input line 64.
LaTeX Font Info:    Checking defaults for PD1/pdf/m/n on input line 64.
LaTeX Font Info:    ... okay on input line 64.

(/usr/share/texlive/texmf-dist/tex/context/base/mkii/supp-pdf.mkii
[Loading MPS to PDF converter (version 2006.09.02).]
\scratchcounter=\count349
\scratchdimen=\dimen302
\scratchbox=\box69
\nofMPsegments=\count350
\nofMParguments=\count351
\everyMPshowfont=\toks44
\MPscratchCnt=\count352
\MPscratchDim=\dimen303
\MPnumerator=\count353
\makeMPintoPDFobject=\count354
\everyMPtoPDFconversion=\toks45
) (/usr/share/texlive/texmf-dist/tex/latex/oberdiek/epstopdf-base.sty
Package: epstopdf-base 2016/05/15 v2.6 Base part for package epstopdf

(/usr/share/texlive/texmf-dist/tex/latex/oberdiek/grfext.sty
Package: grfext 2016/05/16 v1.2 Manage graphics extensions (HO)
)
Package epstopdf-base Info: Redefining graphics rule for `.eps' on input line 4
38.
Package grfext Info: Graphics extension search list:
(grfext)             [.pdf,.png,.jpg,.mps,.jpeg,.jbig2,.jb2,.PDF,.PNG,.JPG,.JPE
G,.JBIG2,.JB2,.eps]
(grfext)             \AppendGraphicsExtensions on input line 456.

(/usr/share/texlive/texmf-dist/tex/latex/latexconfig/epstopdf-sys.cfg
File: epstopdf-sys.cfg 2010/07/13 v1.3 Configuration of (r)epstopdf for TeX Liv
e
))
\AtBeginShipoutBox=\box70
Package hyperref Info: Link coloring OFF on input line 64.

(/usr/share/texlive/texmf-dist/tex/latex/hyperref/nameref.sty
Package: nameref 2016/05/21 v2.44 Cross-referencing by name of section

(/usr/share/texlive/texmf-dist/tex/generic/oberdiek/gettitlestring.sty
Package: gettitlestring 2016/05/16 v1.5 Cleanup title references (HO)
)
\c@section@level=\count355
)
LaTeX Info: Redefining \ref on input line 64.
LaTeX Info: Redefining \pageref on input line 64.
LaTeX Info: Redefining \nameref on input line 64.

(./version2.out) (./version2.out)
\@outlinefile=\write5
\openout5 = `version2.out'.

Now handling font encoding TS1 ...
... processing UTF-8 mapping file for font encoding TS1

(/usr/share/texlive/texmf-dist/tex/latex/base/ts1enc.dfu
File: ts1enc.dfu 2018/04/05 v1.2c UTF-8 support for inputenc
   defining Unicode char U+00A2 (decimal 162)
   defining Unicode char U+00A3 (decimal 163)
   defining Unicode char U+00A4 (decimal 164)
   defining Unicode char U+00A5 (decimal 165)
   defining Unicode char U+00A6 (decimal 166)
   defining Unicode char U+00A7 (decimal 167)
   defining Unicode char U+00A8 (decimal 168)
   defining Unicode char U+00A9 (decimal 169)
   defining Unicode char U+00AA (decimal 170)
   defining Unicode char U+00AC (decimal 172)
   defining Unicode char U+00AE (decimal 174)
   defining Unicode char U+00AF (decimal 175)
   defining Unicode char U+00B0 (decimal 176)
   defining Unicode char U+00B1 (decimal 177)
   defining Unicode char U+00B2 (decimal 178)
   defining Unicode char U+00B3 (decimal 179)
   defining Unicode char U+00B4 (decimal 180)
   defining Unicode char U+00B5 (decimal 181)
   defining Unicode char U+00B6 (decimal 182)
   defining Unicode char U+00B7 (decimal 183)
   defining Unicode char U+00B9 (decimal 185)
   defining Unicode char U+00BA (decimal 186)
   defining Unicode char U+00BC (decimal 188)
   defining Unicode char U+00BD (decimal 189)
   defining Unicode char U+00BE (decimal 190)
   defining Unicode char U+00D7 (decimal 215)
   defining Unicode char U+00F7 (decimal 247)
   defining Unicode char U+0192 (decimal 402)
   defining Unicode char U+02C7 (decimal 711)
   defining Unicode char U+02D8 (decimal 728)
   defining Unicode char U+02DD (decimal 733)
   defining Unicode char U+0E3F (decimal 3647)
   defining Unicode char U+2016 (decimal 8214)
   defining Unicode char U+2020 (decimal 8224)
   defining Unicode char U+2021 (decimal 8225)
   defining Unicode char U+2022 (decimal 8226)
   defining Unicode char U+2030 (decimal 8240)
   defining Unicode char U+2031 (decimal 8241)
   defining Unicode char U+203B (decimal 8251)
   defining Unicode char U+203D (decimal 8253)
   defining Unicode char U+2044 (decimal 8260)
   defining Unicode char U+204E (decimal 8270)
   defining Unicode char U+2052 (decimal 8274)
   defining Unicode char U+20A1 (decimal 8353)
   defining Unicode char U+20A4 (decimal 8356)
   defining Unicode char U+20A6 (decimal 8358)
   defining Unicode char U+20A9 (decimal 8361)
   defining Unicode char U+20AB (decimal 8363)
   defining Unicode char U+20AC (decimal 8364)
   defining Unicode char U+20B1 (decimal 8369)
   defining Unicode char U+2103 (decimal 8451)
   defining Unicode char U+2116 (decimal 8470)
   defining Unicode char U+2117 (decimal 8471)
   defining Unicode char U+211E (decimal 8478)
   defining Unicode char U+2120 (decimal 8480)
   defining Unicode char U+2122 (decimal 8482)
   defining Unicode char U+2126 (decimal 8486)
   defining Unicode char U+2127 (decimal 8487)
   defining Unicode char U+212E (decimal 8494)
   defining Unicode char U+2190 (decimal 8592)
   defining Unicode char U+2191 (decimal 8593)
   defining Unicode char U+2192 (decimal 8594)
   defining Unicode char U+2193 (decimal 8595)
   defining Unicode char U+2329 (decimal 9001)
   defining Unicode char U+232A (decimal 9002)
   defining Unicode char U+2422 (decimal 9250)
   defining Unicode char U+25E6 (decimal 9702)
   defining Unicode char U+25EF (decimal 9711)
   defining Unicode char U+266A (decimal 9834)
   defining Unicode char U+FEFF (decimal 65279)
)
(/usr/share/texlive/texmf-dist/tex/latex/translator/translator-basic-dictionary
-English.dict
Dictionary: translator-basic-dictionary, Language: English 
)
(/usr/share/texlive/texmf-dist/tex/latex/siunitx/siunitx-abbreviations.cfg
File: siunitx-abbreviations.cfg 2017/11/26 v2.7k siunitx: Abbreviated units
)
ABD: EveryShipout initializing macros
LaTeX Font Info:    Try loading font information for U+msa on input line 64.

(/usr/share/texlive/texmf-dist/tex/latex/amsfonts/umsa.fd
File: umsa.fd 2013/01/14 v3.01 AMS symbols A
)
LaTeX Font Info:    Try loading font information for U+msb on input line 64.

(/usr/share/texlive/texmf-dist/tex/latex/amsfonts/umsb.fd
File: umsb.fd 2013/01/14 v3.01 AMS symbols B
) [1


{/var/lib/texmf/fonts/map/pdftex/updmap/pdftex.map}] [2] [3]
LaTeX Font Info:    Try loading font information for OMS+cmr on input line 150.


(/usr/share/texlive/texmf-dist/tex/latex/base/omscmr.fd
File: omscmr.fd 2014/09/29 v2.5h Standard LaTeX font definitions
)
LaTeX Font Info:    Font shape `OMS/cmr/m/n' in size <10> not available
(Font)              Font shape `OMS/cmsy/m/n' tried instead on input line 150.
 [4]
Underfull \hbox (badness 10000) in paragraph at lines 255--255
[]|\OT1/cmr/m/n/9 GP ex-per-i-
 []

<valec-exp.pdf, id=270, 397.485pt x 614.295pt>
File: valec-exp.pdf Graphic file (type pdf)
<use valec-exp.pdf>
Package pdftex.def Info: valec-exp.pdf  used on input line 276.
(pdftex.def)             Requested size: 138.07863pt x 213.39566pt.
[5] [6 <./valec-exp.pdf>] [7]
<valcovazk.pdf, id=328, 397.485pt x 614.295pt>
File: valcovazk.pdf Graphic file (type pdf)
<use valcovazk.pdf>
Package pdftex.def Info: valcovazk.pdf  used on input line 333.
(pdftex.def)             Requested size: 138.07863pt x 213.39566pt.
<infilsit.pdf, id=331, 597.23125pt x 845.1575pt>
File: infilsit.pdf Graphic file (type pdf)
<use infilsit.pdf>
Package pdftex.def Info: infilsit.pdf  used on input line 354.
(pdftex.def)             Requested size: 221.17258pt x 312.9803pt.
 [8 <./valcovazk.pdf>] [9 <./infilsit.pdf>]
[10]
<schemabc.pdf, id=383, 397.485pt x 614.295pt>
File: schemabc.pdf Graphic file (type pdf)
<use schemabc.pdf>
Package pdftex.def Info: schemabc.pdf  used on input line 408.
(pdftex.def)             Requested size: 220.92824pt x 341.43306pt.
 [11 <./schemabc.pdf>] [12]
<flowchart/Flow_chart_barvy_new.png, id=433, 759.83875pt x 1117.17375pt>
File: flowchart/Flow_chart_barvy_new.png Graphic file (type png)
<use flowchart/Flow_chart_barvy_new.png>
Package pdftex.def Info: flowchart/Flow_chart_barvy_new.png  used on input line
 464.
(pdftex.def)             Requested size: 341.43306pt x 502.00758pt.
 [13] [14 <./flowchart/Flow_chart_barvy_new.png>]
Overfull \hbox (1.19788pt too wide) in paragraph at lines 472--472
[]\OT1/cmr/m/n/10 Then this cal-i-bra-tion will gen-er-ate vec-tors of SHP val-
ues $\OT1/cmr/bx/n/10 p[]$\OT1/cmr/m/n/10 , where the su-per-script $\OML/cmm/m
/it/10 i[] \OT1/cmr/m/n/10 = \OMS/cmsy/m/n/10 f\OT1/cmr/m/n/10 1\OML/cmm/m/it/1
0 ; :::; n[]\OMS/cmsy/m/n/10 g$\OT1/cmr/m/n/10 ,
 []

[15] [16] [17] [18]
Package epstopdf Info: Source file: <images/badfit/2.eps>
(epstopdf)                    date: 2018-05-30 14:05:47
(epstopdf)                    size: 25675 bytes
(epstopdf)             Output file: <images/badfit/2-eps-converted-to.pdf>
(epstopdf)                    date: 2018-05-30 14:05:47
(epstopdf)                    size: 7995 bytes
(epstopdf)             Command: <repstopdf --outfile=images/badfit/2-eps-conver
ted-to.pdf images/badfit/2.eps>
(epstopdf)             \includegraphics on input line 665.
Package epstopdf Info: Output file is already uptodate.
<images/badfit/2-eps-converted-to.pdf, id=544, 505.89pt x 722.7pt>
File: images/badfit/2-eps-converted-to.pdf Graphic file (type pdf)
<use images/badfit/2-eps-converted-to.pdf>
Package pdftex.def Info: images/badfit/2-eps-converted-to.pdf  used on input li
ne 665.
(pdftex.def)             Requested size: 139.41736pt x 199.16928pt.
Package epstopdf Info: Source file: <images/hezky/1.eps>
(epstopdf)                    date: 2018-05-30 14:05:47
(epstopdf)                    size: 21485 bytes
(epstopdf)             Output file: <images/hezky/1-eps-converted-to.pdf>
(epstopdf)                    date: 2018-05-30 14:05:47
(epstopdf)                    size: 8222 bytes
(epstopdf)             Command: <repstopdf --outfile=images/hezky/1-eps-convert
ed-to.pdf images/hezky/1.eps>
(epstopdf)             \includegraphics on input line 667.
Package epstopdf Info: Output file is already uptodate.
<images/hezky/1-eps-converted-to.pdf, id=545, 505.89pt x 722.7pt>
File: images/hezky/1-eps-converted-to.pdf Graphic file (type pdf)
<use images/hezky/1-eps-converted-to.pdf>
Package pdftex.def Info: images/hezky/1-eps-converted-to.pdf  used on input lin
e 667.
(pdftex.def)             Requested size: 139.41736pt x 199.16928pt.
 [19]
Package epstopdf Info: Source file: <data/objvals/alpha-4.eps>
(epstopdf)                    date: 2018-05-30 14:05:47
(epstopdf)                    size: 26123 bytes
(epstopdf)             Output file: <data/objvals/alpha-4-eps-converted-to.pdf>

(epstopdf)                    date: 2018-05-30 14:05:47
(epstopdf)                    size: 8500 bytes
(epstopdf)             Command: <repstopdf --outfile=data/objvals/alpha-4-eps-c
onverted-to.pdf data/objvals/alpha-4.eps>
(epstopdf)             \includegraphics on input line 683.
Package epstopdf Info: Output file is already uptodate.
<data/objvals/alpha-4-eps-converted-to.pdf, id=564, 505.89pt x 722.7pt>
File: data/objvals/alpha-4-eps-converted-to.pdf Graphic file (type pdf)
<use data/objvals/alpha-4-eps-converted-to.pdf>
Package pdftex.def Info: data/objvals/alpha-4-eps-converted-to.pdf  used on inp
ut line 683.
(pdftex.def)             Requested size: 139.41736pt x 199.16928pt.
Package epstopdf Info: Source file: <data/objvals/n-4.eps>
(epstopdf)                    date: 2018-05-30 14:05:47
(epstopdf)                    size: 27509 bytes
(epstopdf)             Output file: <data/objvals/n-4-eps-converted-to.pdf>
(epstopdf)                    date: 2018-05-30 14:05:47
(epstopdf)                    size: 8418 bytes
(epstopdf)             Command: <repstopdf --outfile=data/objvals/n-4-eps-conve
rted-to.pdf data/objvals/n-4.eps>
(epstopdf)             \includegraphics on input line 685.
Package epstopdf Info: Output file is already uptodate.
<data/objvals/n-4-eps-converted-to.pdf, id=565, 505.89pt x 722.7pt>
File: data/objvals/n-4-eps-converted-to.pdf Graphic file (type pdf)
<use data/objvals/n-4-eps-converted-to.pdf>
Package pdftex.def Info: data/objvals/n-4-eps-converted-to.pdf  used on input l
ine 685.
(pdftex.def)             Requested size: 139.41736pt x 199.16928pt.
Package epstopdf Info: Source file: <data/objvals/n-5.eps>
(epstopdf)                    date: 2018-05-30 14:05:47
(epstopdf)                    size: 26536 bytes
(epstopdf)             Output file: <data/objvals/n-5-eps-converted-to.pdf>
(epstopdf)                    date: 2018-05-30 14:05:47
(epstopdf)                    size: 8189 bytes
(epstopdf)             Command: <repstopdf --outfile=data/objvals/n-5-eps-conve
rted-to.pdf data/objvals/n-5.eps>
(epstopdf)             \includegraphics on input line 693.
Package epstopdf Info: Output file is already uptodate.
<data/objvals/n-5-eps-converted-to.pdf, id=567, 505.89pt x 722.7pt>
File: data/objvals/n-5-eps-converted-to.pdf Graphic file (type pdf)
<use data/objvals/n-5-eps-converted-to.pdf>
Package pdftex.def Info: data/objvals/n-5-eps-converted-to.pdf  used on input l
ine 693.
(pdftex.def)             Requested size: 139.41736pt x 199.16928pt.
Package epstopdf Info: Source file: <data/objvals/Ss-6.eps>
(epstopdf)                    date: 2018-05-30 14:05:47
(epstopdf)                    size: 27466 bytes
(epstopdf)             Output file: <data/objvals/Ss-6-eps-converted-to.pdf>
(epstopdf)                    date: 2018-05-30 14:05:47
(epstopdf)                    size: 8994 bytes
(epstopdf)             Command: <repstopdf --outfile=data/objvals/Ss-6-eps-conv
erted-to.pdf data/objvals/Ss-6.eps>
(epstopdf)             \includegraphics on input line 695.
Package epstopdf Info: Output file is already uptodate.
<data/objvals/Ss-6-eps-converted-to.pdf, id=568, 505.89pt x 722.7pt>
File: data/objvals/Ss-6-eps-converted-to.pdf Graphic file (type pdf)
<use data/objvals/Ss-6-eps-converted-to.pdf>
Package pdftex.def Info: data/objvals/Ss-6-eps-converted-to.pdf  used on input 
line 695.
(pdftex.def)             Requested size: 139.41736pt x 199.16928pt.
 [20 <./images/badfit/2-eps-converted-to.pdf> <./images/hezky/1-eps-converted-t
o.pdf> <./data/objvals/alpha-4-eps-converted-to.pdf> <./data/objvals/n-4-eps-co
nverted-to.pdf>]
Package epstopdf Info: Source file: <images/fitrf1/7.eps>
(epstopdf)                    date: 2018-05-30 14:05:47
(epstopdf)                    size: 25840 bytes
(epstopdf)             Output file: <images/fitrf1/7-eps-converted-to.pdf>
(epstopdf)                    date: 2018-05-30 14:05:47
(epstopdf)                    size: 8096 bytes
(epstopdf)             Command: <repstopdf --outfile=images/fitrf1/7-eps-conver
ted-to.pdf images/fitrf1/7.eps>
(epstopdf)             \includegraphics on input line 727.
Package epstopdf Info: Output file is already uptodate.
<images/fitrf1/7-eps-converted-to.pdf, id=605, 505.89pt x 722.7pt>
File: images/fitrf1/7-eps-converted-to.pdf Graphic file (type pdf)
<use images/fitrf1/7-eps-converted-to.pdf>
Package pdftex.def Info: images/fitrf1/7-eps-converted-to.pdf  used on input li
ne 727.
(pdftex.def)             Requested size: 139.41736pt x 199.16928pt.
Package epstopdf Info: Source file: <images/fitrf1/7-new.eps>
(epstopdf)                    date: 2018-05-30 14:05:47
(epstopdf)                    size: 21494 bytes
(epstopdf)             Output file: <images/fitrf1/7-new-eps-converted-to.pdf>
(epstopdf)                    date: 2018-05-30 14:05:47
(epstopdf)                    size: 8156 bytes
(epstopdf)             Command: <repstopdf --outfile=images/fitrf1/7-new-eps-co
nverted-to.pdf images/fitrf1/7-new.eps>
(epstopdf)             \includegraphics on input line 729.
Package epstopdf Info: Output file is already uptodate.
<images/fitrf1/7-new-eps-converted-to.pdf, id=606, 505.89pt x 722.7pt>
File: images/fitrf1/7-new-eps-converted-to.pdf Graphic file (type pdf)
<use images/fitrf1/7-new-eps-converted-to.pdf>
Package pdftex.def Info: images/fitrf1/7-new-eps-converted-to.pdf  used on inpu
t line 729.
(pdftex.def)             Requested size: 139.41736pt x 199.16928pt.
 [21 <./data/objvals/n-5-eps-converted-to.pdf> <./data/objvals/Ss-6-eps-convert
ed-to.pdf> <./images/fitrf1/7-eps-converted-to.pdf> <./images/fitrf1/7-new-eps-
converted-to.pdf>]
Package epstopdf Info: Source file: <data/objvals2nd/ths-4.eps>
(epstopdf)                    date: 2018-05-30 14:05:47
(epstopdf)                    size: 27490 bytes
(epstopdf)             Output file: <data/objvals2nd/ths-4-eps-converted-to.pdf
>
(epstopdf)                    date: 2018-05-30 14:05:47
(epstopdf)                    size: 9005 bytes
(epstopdf)             Command: <repstopdf --outfile=data/objvals2nd/ths-4-eps-
converted-to.pdf data/objvals2nd/ths-4.eps>
(epstopdf)             \includegraphics on input line 741.
Package epstopdf Info: Output file is already uptodate.
<data/objvals2nd/ths-4-eps-converted-to.pdf, id=644, 505.89pt x 722.7pt>
File: data/objvals2nd/ths-4-eps-converted-to.pdf Graphic file (type pdf)
<use data/objvals2nd/ths-4-eps-converted-to.pdf>
Package pdftex.def Info: data/objvals2nd/ths-4-eps-converted-to.pdf  used on in
put line 741.
(pdftex.def)             Requested size: 139.41736pt x 199.16928pt.
Package epstopdf Info: Source file: <data/objvals2nd/n-4.eps>
(epstopdf)                    date: 2018-05-30 14:05:47
(epstopdf)                    size: 27357 bytes
(epstopdf)             Output file: <data/objvals2nd/n-4-eps-converted-to.pdf>
(epstopdf)                    date: 2018-05-30 14:05:47
(epstopdf)                    size: 8708 bytes
(epstopdf)             Command: <repstopdf --outfile=data/objvals2nd/n-4-eps-co
nverted-to.pdf data/objvals2nd/n-4.eps>
(epstopdf)             \includegraphics on input line 743.
Package epstopdf Info: Output file is already uptodate.
<data/objvals2nd/n-4-eps-converted-to.pdf, id=645, 505.89pt x 722.7pt>
File: data/objvals2nd/n-4-eps-converted-to.pdf Graphic file (type pdf)
<use data/objvals2nd/n-4-eps-converted-to.pdf>
Package pdftex.def Info: data/objvals2nd/n-4-eps-converted-to.pdf  used on inpu
t line 743.
(pdftex.def)             Requested size: 139.41736pt x 199.16928pt.
Package epstopdf Info: Source file: <images/retc.eps>
(epstopdf)                    date: 2018-05-30 14:05:47
(epstopdf)                    size: 26126 bytes
(epstopdf)             Output file: <images/retc-eps-converted-to.pdf>
(epstopdf)                    date: 2018-05-30 14:05:47
(epstopdf)                    size: 8516 bytes
(epstopdf)             Command: <repstopdf --outfile=images/retc-eps-converted-
to.pdf images/retc.eps>
(epstopdf)             \includegraphics on input line 770.
Package epstopdf Info: Output file is already uptodate.
<images/retc-eps-converted-to.pdf, id=648, 505.89pt x 722.7pt>
File: images/retc-eps-converted-to.pdf Graphic file (type pdf)
<use images/retc-eps-converted-to.pdf>
Package pdftex.def Info: images/retc-eps-converted-to.pdf  used on input line 7
70.
(pdftex.def)             Requested size: 179.24869pt x 256.0748pt.
 [22 <./data/objvals2nd/ths-4-eps-converted-to.pdf> <./data/objvals2nd/n-4-eps-
converted-to.pdf>]
(./version2.bbl [23 <./images/retc-eps-converted-to.pdf>] [24] [25] [26]
[27] [28]
Underfull \hbox (badness 2680) in paragraph at lines 572--581
[]\OT1/cmr/m/n/10 Zou, Z.Y., Young, M., Li, Z., Wierenga, P., 2001.  Es-ti-ma-t
ion of depth av-er-aged un-sat-u-
 []


Underfull \hbox (badness 1286) in paragraph at lines 572--581
\OT1/cmr/m/n/10 rated soil hy-draulic prop-er-ties from in-fil-tra-tion ex-per-
i-ments.  Jour-nal of Hy-drol-ogy 242, 26 --
 []

)

Package hyperref Warning: Token not allowed in a PDF string (PDFDocEncoding):
(hyperref)                removing `math shift' on input line 795.


Package hyperref Warning: Token not allowed in a PDF string (PDFDocEncoding):
(hyperref)                removing `subscript' on input line 795.


Package hyperref Warning: Token not allowed in a PDF string (PDFDocEncoding):
(hyperref)                removing `math shift' on input line 795.


Package hyperref Warning: Token not allowed in a PDF string (PDFDocEncoding):
(hyperref)                removing `math shift' on input line 795.


Package hyperref Warning: Token not allowed in a PDF string (PDFDocEncoding):
(hyperref)                removing `subscript' on input line 795.


Package hyperref Warning: Token not allowed in a PDF string (PDFDocEncoding):
(hyperref)                removing `math shift' on input line 795.

Package epstopdf Info: Source file: <images/badfit/1.eps>
(epstopdf)                    date: 2018-05-30 14:05:47
(epstopdf)                    size: 25642 bytes
(epstopdf)             Output file: <images/badfit/1-eps-converted-to.pdf>
(epstopdf)                    date: 2018-05-30 14:05:47
(epstopdf)                    size: 8073 bytes
(epstopdf)             Command: <repstopdf --outfile=images/badfit/1-eps-conver
ted-to.pdf images/badfit/1.eps>
(epstopdf)             \includegraphics on input line 799.
Package epstopdf Info: Output file is already uptodate.
<images/badfit/1-eps-converted-to.pdf, id=816, 505.89pt x 722.7pt>
File: images/badfit/1-eps-converted-to.pdf Graphic file (type pdf)
<use images/badfit/1-eps-converted-to.pdf>
Package pdftex.def Info: images/badfit/1-eps-converted-to.pdf  used on input li
ne 799.
(pdftex.def)             Requested size: 139.41736pt x 199.16928pt.
Package epstopdf Info: Source file: <images/badfit/2.eps>
(epstopdf)                    date: 2018-05-30 14:05:47
(epstopdf)                    size: 25675 bytes
(epstopdf)             Output file: <images/badfit/2-eps-converted-to.pdf>
(epstopdf)                    date: 2018-05-30 14:05:47
(epstopdf)                    size: 7995 bytes
(epstopdf)             Command: <repstopdf --outfile=images/badfit/2-eps-conver
ted-to.pdf images/badfit/2.eps>
(epstopdf)             \includegraphics on input line 801.
Package epstopdf Info: Output file is already uptodate.
File: images/badfit/2-eps-converted-to.pdf Graphic file (type pdf)
<use images/badfit/2-eps-converted-to.pdf>
Package pdftex.def Info: images/badfit/2-eps-converted-to.pdf  used on input li
ne 801.
(pdftex.def)             Requested size: 139.41736pt x 199.16928pt.
Package epstopdf Info: Source file: <images/badfit/3.eps>
(epstopdf)                    date: 2018-05-30 14:05:47
(epstopdf)                    size: 26334 bytes
(epstopdf)             Output file: <images/badfit/3-eps-converted-to.pdf>
(epstopdf)                    date: 2018-05-30 14:05:47
(epstopdf)                    size: 8142 bytes
(epstopdf)             Command: <repstopdf --outfile=images/badfit/3-eps-conver
ted-to.pdf images/badfit/3.eps>
(epstopdf)             \includegraphics on input line 809.
Package epstopdf Info: Output file is already uptodate.
<images/badfit/3-eps-converted-to.pdf, id=817, 505.89pt x 722.7pt>
File: images/badfit/3-eps-converted-to.pdf Graphic file (type pdf)
<use images/badfit/3-eps-converted-to.pdf>
Package pdftex.def Info: images/badfit/3-eps-converted-to.pdf  used on input li
ne 809.
(pdftex.def)             Requested size: 139.41736pt x 199.16928pt.
Package epstopdf Info: Source file: <images/badfit/4.eps>
(epstopdf)                    date: 2018-05-30 14:05:47
(epstopdf)                    size: 25875 bytes
(epstopdf)             Output file: <images/badfit/4-eps-converted-to.pdf>
(epstopdf)                    date: 2018-05-30 14:05:47
(epstopdf)                    size: 8110 bytes
(epstopdf)             Command: <repstopdf --outfile=images/badfit/4-eps-conver
ted-to.pdf images/badfit/4.eps>
(epstopdf)             \includegraphics on input line 811.
Package epstopdf Info: Output file is already uptodate.
<images/badfit/4-eps-converted-to.pdf, id=818, 505.89pt x 722.7pt>
File: images/badfit/4-eps-converted-to.pdf Graphic file (type pdf)
<use images/badfit/4-eps-converted-to.pdf>
Package pdftex.def Info: images/badfit/4-eps-converted-to.pdf  used on input li
ne 811.
(pdftex.def)             Requested size: 139.41736pt x 199.16928pt.
Package epstopdf Info: Source file: <images/badfit/5.eps>
(epstopdf)                    date: 2018-05-30 14:05:47
(epstopdf)                    size: 26475 bytes
(epstopdf)             Output file: <images/badfit/5-eps-converted-to.pdf>
(epstopdf)                    date: 2018-05-30 14:05:47
(epstopdf)                    size: 8078 bytes
(epstopdf)             Command: <repstopdf --outfile=images/badfit/5-eps-conver
ted-to.pdf images/badfit/5.eps>
(epstopdf)             \includegraphics on input line 819.
Package epstopdf Info: Output file is already uptodate.
<images/badfit/5-eps-converted-to.pdf, id=819, 505.89pt x 722.7pt>
File: images/badfit/5-eps-converted-to.pdf Graphic file (type pdf)
<use images/badfit/5-eps-converted-to.pdf>
Package pdftex.def Info: images/badfit/5-eps-converted-to.pdf  used on input li
ne 819.
(pdftex.def)             Requested size: 139.41736pt x 199.16928pt.
Package epstopdf Info: Source file: <images/goodfit/6.eps>
(epstopdf)                    date: 2018-05-30 14:05:47
(epstopdf)                    size: 21500 bytes
(epstopdf)             Output file: <images/goodfit/6-eps-converted-to.pdf>
(epstopdf)                    date: 2018-05-30 14:05:47
(epstopdf)                    size: 8162 bytes
(epstopdf)             Command: <repstopdf --outfile=images/goodfit/6-eps-conve
rted-to.pdf images/goodfit/6.eps>
(epstopdf)             \includegraphics on input line 821.
Package epstopdf Info: Output file is already uptodate.
<images/goodfit/6-eps-converted-to.pdf, id=820, 505.89pt x 722.7pt>
File: images/goodfit/6-eps-converted-to.pdf Graphic file (type pdf)
<use images/goodfit/6-eps-converted-to.pdf>
Package pdftex.def Info: images/goodfit/6-eps-converted-to.pdf  used on input l
ine 821.
(pdftex.def)             Requested size: 139.41736pt x 199.16928pt.
Package epstopdf Info: Source file: <images/goodfit/7.eps>
(epstopdf)                    date: 2018-05-30 14:05:47
(epstopdf)                    size: 21494 bytes
(epstopdf)             Output file: <images/goodfit/7-eps-converted-to.pdf>
(epstopdf)                    date: 2018-05-30 14:05:47
(epstopdf)                    size: 8156 bytes
(epstopdf)             Command: <repstopdf --outfile=images/goodfit/7-eps-conve
rted-to.pdf images/goodfit/7.eps>
(epstopdf)             \includegraphics on input line 828.
Package epstopdf Info: Output file is already uptodate.
<images/goodfit/7-eps-converted-to.pdf, id=821, 505.89pt x 722.7pt>
File: images/goodfit/7-eps-converted-to.pdf Graphic file (type pdf)
<use images/goodfit/7-eps-converted-to.pdf>
Package pdftex.def Info: images/goodfit/7-eps-converted-to.pdf  used on input l
ine 828.
(pdftex.def)             Requested size: 139.41736pt x 199.16928pt.
Package epstopdf Info: Source file: <images/goodfit/8.eps>
(epstopdf)                    date: 2018-05-30 14:05:47
(epstopdf)                    size: 21501 bytes
(epstopdf)             Output file: <images/goodfit/8-eps-converted-to.pdf>
(epstopdf)                    date: 2018-05-30 14:05:47
(epstopdf)                    size: 8156 bytes
(epstopdf)             Command: <repstopdf --outfile=images/goodfit/8-eps-conve
rted-to.pdf images/goodfit/8.eps>
(epstopdf)             \includegraphics on input line 830.
Package epstopdf Info: Output file is already uptodate.
<images/goodfit/8-eps-converted-to.pdf, id=822, 505.89pt x 722.7pt>
File: images/goodfit/8-eps-converted-to.pdf Graphic file (type pdf)
<use images/goodfit/8-eps-converted-to.pdf>
Package pdftex.def Info: images/goodfit/8-eps-converted-to.pdf  used on input l
ine 830.
(pdftex.def)             Requested size: 139.41736pt x 199.16928pt.

Package hyperref Warning: Token not allowed in a PDF string (PDFDocEncoding):
(hyperref)                removing `math shift' on input line 836.


Package hyperref Warning: Token not allowed in a PDF string (PDFDocEncoding):
(hyperref)                removing `subscript' on input line 836.


Package hyperref Warning: Token not allowed in a PDF string (PDFDocEncoding):
(hyperref)                removing `math shift' on input line 836.

Package epstopdf Info: Source file: <data/objvals/alpha-4.eps>
(epstopdf)                    date: 2018-05-30 14:05:47
(epstopdf)                    size: 26123 bytes
(epstopdf)             Output file: <data/objvals/alpha-4-eps-converted-to.pdf>

(epstopdf)                    date: 2018-05-30 14:05:47
(epstopdf)                    size: 8500 bytes
(epstopdf)             Command: <repstopdf --outfile=data/objvals/alpha-4-eps-c
onverted-to.pdf data/objvals/alpha-4.eps>
(epstopdf)             \includegraphics on input line 842.
Package epstopdf Info: Output file is already uptodate.
File: data/objvals/alpha-4-eps-converted-to.pdf Graphic file (type pdf)
<use data/objvals/alpha-4-eps-converted-to.pdf>
Package pdftex.def Info: data/objvals/alpha-4-eps-converted-to.pdf  used on inp
ut line 842.
(pdftex.def)             Requested size: 139.41736pt x 199.16928pt.
Package epstopdf Info: Source file: <data/objvals/n-4.eps>
(epstopdf)                    date: 2018-05-30 14:05:47
(epstopdf)                    size: 27509 bytes
(epstopdf)             Output file: <data/objvals/n-4-eps-converted-to.pdf>
(epstopdf)                    date: 2018-05-30 14:05:47
(epstopdf)                    size: 8418 bytes
(epstopdf)             Command: <repstopdf --outfile=data/objvals/n-4-eps-conve
rted-to.pdf data/objvals/n-4.eps>
(epstopdf)             \includegraphics on input line 844.
Package epstopdf Info: Output file is already uptodate.
File: data/objvals/n-4-eps-converted-to.pdf Graphic file (type pdf)
<use data/objvals/n-4-eps-converted-to.pdf>
Package pdftex.def Info: data/objvals/n-4-eps-converted-to.pdf  used on input l
ine 844.
(pdftex.def)             Requested size: 139.41736pt x 199.16928pt.
Package epstopdf Info: Source file: <data/objvals/Ks-4.eps>
(epstopdf)                    date: 2018-05-30 14:05:47
(epstopdf)                    size: 27577 bytes
(epstopdf)             Output file: <data/objvals/Ks-4-eps-converted-to.pdf>
(epstopdf)                    date: 2018-05-30 14:05:47
(epstopdf)                    size: 8790 bytes
(epstopdf)             Command: <repstopdf --outfile=data/objvals/Ks-4-eps-conv
erted-to.pdf data/objvals/Ks-4.eps>
(epstopdf)             \includegraphics on input line 852.
Package epstopdf Info: Output file is already uptodate.
<data/objvals/Ks-4-eps-converted-to.pdf, id=825, 505.89pt x 722.7pt>
File: data/objvals/Ks-4-eps-converted-to.pdf Graphic file (type pdf)
<use data/objvals/Ks-4-eps-converted-to.pdf>
Package pdftex.def Info: data/objvals/Ks-4-eps-converted-to.pdf  used on input 
line 852.
(pdftex.def)             Requested size: 139.41736pt x 199.16928pt.
Package epstopdf Info: Source file: <data/objvals/ths-4.eps>
(epstopdf)                    date: 2018-05-30 14:05:47
(epstopdf)                    size: 27752 bytes
(epstopdf)             Output file: <data/objvals/ths-4-eps-converted-to.pdf>
(epstopdf)                    date: 2018-05-30 14:05:47
(epstopdf)                    size: 8746 bytes
(epstopdf)             Command: <repstopdf --outfile=data/objvals/ths-4-eps-con
verted-to.pdf data/objvals/ths-4.eps>
(epstopdf)             \includegraphics on input line 854.
Package epstopdf Info: Output file is already uptodate.
<data/objvals/ths-4-eps-converted-to.pdf, id=826, 505.89pt x 722.7pt>
File: data/objvals/ths-4-eps-converted-to.pdf Graphic file (type pdf)
<use data/objvals/ths-4-eps-converted-to.pdf>
Package pdftex.def Info: data/objvals/ths-4-eps-converted-to.pdf  used on input
 line 854.
(pdftex.def)             Requested size: 139.41736pt x 199.16928pt.
Package epstopdf Info: Source file: <data/objvals/Ss-4.eps>
(epstopdf)                    date: 2018-05-30 14:05:47
(epstopdf)                    size: 26938 bytes
(epstopdf)             Output file: <data/objvals/Ss-4-eps-converted-to.pdf>
(epstopdf)                    date: 2018-05-30 14:05:47
(epstopdf)                    size: 7978 bytes
(epstopdf)             Command: <repstopdf --outfile=data/objvals/Ss-4-eps-conv
erted-to.pdf data/objvals/Ss-4.eps>
(epstopdf)             \includegraphics on input line 861.
Package epstopdf Info: Output file is already uptodate.
<data/objvals/Ss-4-eps-converted-to.pdf, id=827, 505.89pt x 722.7pt>
File: data/objvals/Ss-4-eps-converted-to.pdf Graphic file (type pdf)
<use data/objvals/Ss-4-eps-converted-to.pdf>
Package pdftex.def Info: data/objvals/Ss-4-eps-converted-to.pdf  used on input 
line 861.
(pdftex.def)             Requested size: 139.41736pt x 199.16928pt.
Package epstopdf Info: Source file: <data/objvals/alpha-5.eps>
(epstopdf)                    date: 2018-05-30 14:05:47
(epstopdf)                    size: 25895 bytes
(epstopdf)             Output file: <data/objvals/alpha-5-eps-converted-to.pdf>

(epstopdf)                    date: 2018-05-30 14:05:47
(epstopdf)                    size: 8169 bytes
(epstopdf)             Command: <repstopdf --outfile=data/objvals/alpha-5-eps-c
onverted-to.pdf data/objvals/alpha-5.eps>
(epstopdf)             \includegraphics on input line 870.
Package epstopdf Info: Output file is already uptodate.
<data/objvals/alpha-5-eps-converted-to.pdf, id=830, 505.89pt x 722.7pt>
File: data/objvals/alpha-5-eps-converted-to.pdf Graphic file (type pdf)
<use data/objvals/alpha-5-eps-converted-to.pdf>
Package pdftex.def Info: data/objvals/alpha-5-eps-converted-to.pdf  used on inp
ut line 870.
(pdftex.def)             Requested size: 139.41736pt x 199.16928pt.
Package epstopdf Info: Source file: <data/objvals/n-5.eps>
(epstopdf)                    date: 2018-05-30 14:05:47
(epstopdf)                    size: 26536 bytes
(epstopdf)             Output file: <data/objvals/n-5-eps-converted-to.pdf>
(epstopdf)                    date: 2018-05-30 14:05:47
(epstopdf)                    size: 8189 bytes
(epstopdf)             Command: <repstopdf --outfile=data/objvals/n-5-eps-conve
rted-to.pdf data/objvals/n-5.eps>
(epstopdf)             \includegraphics on input line 872.
Package epstopdf Info: Output file is already uptodate.
File: data/objvals/n-5-eps-converted-to.pdf Graphic file (type pdf)
<use data/objvals/n-5-eps-converted-to.pdf>
Package pdftex.def Info: data/objvals/n-5-eps-converted-to.pdf  used on input l
ine 872.
(pdftex.def)             Requested size: 139.41736pt x 199.16928pt.
Package epstopdf Info: Source file: <data/objvals/Ks-5.eps>
(epstopdf)                    date: 2018-05-30 14:05:47
(epstopdf)                    size: 27323 bytes
(epstopdf)             Output file: <data/objvals/Ks-5-eps-converted-to.pdf>
(epstopdf)                    date: 2018-05-30 14:05:47
(epstopdf)                    size: 8727 bytes
(epstopdf)             Command: <repstopdf --outfile=data/objvals/Ks-5-eps-conv
erted-to.pdf data/objvals/Ks-5.eps>
(epstopdf)             \includegraphics on input line 880.
Package epstopdf Info: Output file is already uptodate.
<data/objvals/Ks-5-eps-converted-to.pdf, id=831, 505.89pt x 722.7pt>
File: data/objvals/Ks-5-eps-converted-to.pdf Graphic file (type pdf)
<use data/objvals/Ks-5-eps-converted-to.pdf>
Package pdftex.def Info: data/objvals/Ks-5-eps-converted-to.pdf  used on input 
line 880.
(pdftex.def)             Requested size: 139.41736pt x 199.16928pt.
Package epstopdf Info: Source file: <data/objvals/ths-5.eps>
(epstopdf)                    date: 2018-05-30 14:05:47
(epstopdf)                    size: 27767 bytes
(epstopdf)             Output file: <data/objvals/ths-5-eps-converted-to.pdf>
(epstopdf)                    date: 2018-05-30 14:05:47
(epstopdf)                    size: 8786 bytes
(epstopdf)             Command: <repstopdf --outfile=data/objvals/ths-5-eps-con
verted-to.pdf data/objvals/ths-5.eps>
(epstopdf)             \includegraphics on input line 882.
Package epstopdf Info: Output file is already uptodate.
<data/objvals/ths-5-eps-converted-to.pdf, id=832, 505.89pt x 722.7pt>
File: data/objvals/ths-5-eps-converted-to.pdf Graphic file (type pdf)
<use data/objvals/ths-5-eps-converted-to.pdf>
Package pdftex.def Info: data/objvals/ths-5-eps-converted-to.pdf  used on input
 line 882.
(pdftex.def)             Requested size: 139.41736pt x 199.16928pt.
Package epstopdf Info: Source file: <data/objvals/Ss-5.eps>
(epstopdf)                    date: 2018-05-30 14:05:47
(epstopdf)                    size: 27220 bytes
(epstopdf)             Output file: <data/objvals/Ss-5-eps-converted-to.pdf>
(epstopdf)                    date: 2018-05-30 14:05:47
(epstopdf)                    size: 8421 bytes
(epstopdf)             Command: <repstopdf --outfile=data/objvals/Ss-5-eps-conv
erted-to.pdf data/objvals/Ss-5.eps>
(epstopdf)             \includegraphics on input line 889.
Package epstopdf Info: Output file is already uptodate.
<data/objvals/Ss-5-eps-converted-to.pdf, id=833, 505.89pt x 722.7pt>
File: data/objvals/Ss-5-eps-converted-to.pdf Graphic file (type pdf)
<use data/objvals/Ss-5-eps-converted-to.pdf>
Package pdftex.def Info: data/objvals/Ss-5-eps-converted-to.pdf  used on input 
line 889.
(pdftex.def)             Requested size: 139.41736pt x 199.16928pt.
[29]
Package epstopdf Info: Source file: <data/objvals/alpha-5.eps>
(epstopdf)                    date: 2018-05-30 14:05:47
(epstopdf)                    size: 25895 bytes
(epstopdf)             Output file: <data/objvals/alpha-5-eps-converted-to.pdf>

(epstopdf)                    date: 2018-05-30 14:05:47
(epstopdf)                    size: 8169 bytes
(epstopdf)             Command: <repstopdf --outfile=data/objvals/alpha-5-eps-c
onverted-to.pdf data/objvals/alpha-5.eps>
(epstopdf)             \includegraphics on input line 898.
Package epstopdf Info: Output file is already uptodate.
File: data/objvals/alpha-5-eps-converted-to.pdf Graphic file (type pdf)
<use data/objvals/alpha-5-eps-converted-to.pdf>
Package pdftex.def Info: data/objvals/alpha-5-eps-converted-to.pdf  used on inp
ut line 898.
(pdftex.def)             Requested size: 139.41736pt x 199.16928pt.
Package epstopdf Info: Source file: <data/objvals/n-5.eps>
(epstopdf)                    date: 2018-05-30 14:05:47
(epstopdf)                    size: 26536 bytes
(epstopdf)             Output file: <data/objvals/n-5-eps-converted-to.pdf>
(epstopdf)                    date: 2018-05-30 14:05:47
(epstopdf)                    size: 8189 bytes
(epstopdf)             Command: <repstopdf --outfile=data/objvals/n-5-eps-conve
rted-to.pdf data/objvals/n-5.eps>
(epstopdf)             \includegraphics on input line 900.
Package epstopdf Info: Output file is already uptodate.
File: data/objvals/n-5-eps-converted-to.pdf Graphic file (type pdf)
<use data/objvals/n-5-eps-converted-to.pdf>
Package pdftex.def Info: data/objvals/n-5-eps-converted-to.pdf  used on input l
ine 900.
(pdftex.def)             Requested size: 139.41736pt x 199.16928pt.
Package epstopdf Info: Source file: <data/objvals/Ks-5.eps>
(epstopdf)                    date: 2018-05-30 14:05:47
(epstopdf)                    size: 27323 bytes
(epstopdf)             Output file: <data/objvals/Ks-5-eps-converted-to.pdf>
(epstopdf)                    date: 2018-05-30 14:05:47
(epstopdf)                    size: 8727 bytes
(epstopdf)             Command: <repstopdf --outfile=data/objvals/Ks-5-eps-conv
erted-to.pdf data/objvals/Ks-5.eps>
(epstopdf)             \includegraphics on input line 908.
Package epstopdf Info: Output file is already uptodate.
File: data/objvals/Ks-5-eps-converted-to.pdf Graphic file (type pdf)
<use data/objvals/Ks-5-eps-converted-to.pdf>
Package pdftex.def Info: data/objvals/Ks-5-eps-converted-to.pdf  used on input 
line 908.
(pdftex.def)             Requested size: 139.41736pt x 199.16928pt.
Package epstopdf Info: Source file: <data/objvals/ths-5.eps>
(epstopdf)                    date: 2018-05-30 14:05:47
(epstopdf)                    size: 27767 bytes
(epstopdf)             Output file: <data/objvals/ths-5-eps-converted-to.pdf>
(epstopdf)                    date: 2018-05-30 14:05:47
(epstopdf)                    size: 8786 bytes
(epstopdf)             Command: <repstopdf --outfile=data/objvals/ths-5-eps-con
verted-to.pdf data/objvals/ths-5.eps>
(epstopdf)             \includegraphics on input line 910.
Package epstopdf Info: Output file is already uptodate.
File: data/objvals/ths-5-eps-converted-to.pdf Graphic file (type pdf)
<use data/objvals/ths-5-eps-converted-to.pdf>
Package pdftex.def Info: data/objvals/ths-5-eps-converted-to.pdf  used on input
 line 910.
(pdftex.def)             Requested size: 139.41736pt x 199.16928pt.
Package epstopdf Info: Source file: <data/objvals/Ss-5.eps>
(epstopdf)                    date: 2018-05-30 14:05:47
(epstopdf)                    size: 27220 bytes
(epstopdf)             Output file: <data/objvals/Ss-5-eps-converted-to.pdf>
(epstopdf)                    date: 2018-05-30 14:05:47
(epstopdf)                    size: 8421 bytes
(epstopdf)             Command: <repstopdf --outfile=data/objvals/Ss-5-eps-conv
erted-to.pdf data/objvals/Ss-5.eps>
(epstopdf)             \includegraphics on input line 917.
Package epstopdf Info: Output file is already uptodate.
File: data/objvals/Ss-5-eps-converted-to.pdf Graphic file (type pdf)
<use data/objvals/Ss-5-eps-converted-to.pdf>
Package pdftex.def Info: data/objvals/Ss-5-eps-converted-to.pdf  used on input 
line 917.
(pdftex.def)             Requested size: 139.41736pt x 199.16928pt.


Package hyperref Warning: Token not allowed in a PDF string (PDFDocEncoding):
(hyperref)                removing `math shift' on input line 923.


Package hyperref Warning: Token not allowed in a PDF string (PDFDocEncoding):
(hyperref)                removing `subscript' on input line 923.


Package hyperref Warning: Token not allowed in a PDF string (PDFDocEncoding):
(hyperref)                removing `math shift' on input line 923.

[30 <./images/badfit/1-eps-converted-to.pdf> <./images/badfit/3-eps-converted-t
o.pdf> <./images/badfit/4-eps-converted-to.pdf> <./images/badfit/5-eps-converte
d-to.pdf> <./images/goodfit/6-eps-converted-to.pdf>]
Package epstopdf Info: Source file: <images/fitrf1/7.eps>
(epstopdf)                    date: 2018-05-30 14:05:47
(epstopdf)                    size: 25840 bytes
(epstopdf)             Output file: <images/fitrf1/7-eps-converted-to.pdf>
(epstopdf)                    date: 2018-05-30 14:05:47
(epstopdf)                    size: 8096 bytes
(epstopdf)             Command: <repstopdf --outfile=images/fitrf1/7-eps-conver
ted-to.pdf images/fitrf1/7.eps>
(epstopdf)             \includegraphics on input line 929.
Package epstopdf Info: Output file is already uptodate.
File: images/fitrf1/7-eps-converted-to.pdf Graphic file (type pdf)
<use images/fitrf1/7-eps-converted-to.pdf>
Package pdftex.def Info: images/fitrf1/7-eps-converted-to.pdf  used on input li
ne 929.
(pdftex.def)             Requested size: 139.41736pt x 199.16928pt.
Package epstopdf Info: Source file: <images/fitrf1/7-new.eps>
(epstopdf)                    date: 2018-05-30 14:05:47
(epstopdf)                    size: 21494 bytes
(epstopdf)             Output file: <images/fitrf1/7-new-eps-converted-to.pdf>
(epstopdf)                    date: 2018-05-30 14:05:47
(epstopdf)                    size: 8156 bytes
(epstopdf)             Command: <repstopdf --outfile=images/fitrf1/7-new-eps-co
nverted-to.pdf images/fitrf1/7-new.eps>
(epstopdf)             \includegraphics on input line 931.
Package epstopdf Info: Output file is already uptodate.
File: images/fitrf1/7-new-eps-converted-to.pdf Graphic file (type pdf)
<use images/fitrf1/7-new-eps-converted-to.pdf>
Package pdftex.def Info: images/fitrf1/7-new-eps-converted-to.pdf  used on inpu
t line 931.
(pdftex.def)             Requested size: 139.41736pt x 199.16928pt.
Package epstopdf Info: Source file: <images/fitrf1/8.eps>
(epstopdf)                    date: 2018-05-30 14:05:47
(epstopdf)                    size: 25851 bytes
(epstopdf)             Output file: <images/fitrf1/8-eps-converted-to.pdf>
(epstopdf)                    date: 2018-05-30 14:05:47
(epstopdf)                    size: 8069 bytes
(epstopdf)             Command: <repstopdf --outfile=images/fitrf1/8-eps-conver
ted-to.pdf images/fitrf1/8.eps>
(epstopdf)             \includegraphics on input line 938.
Package epstopdf Info: Output file is already uptodate.
<images/fitrf1/8-eps-converted-to.pdf, id=886, 505.89pt x 722.7pt>
File: images/fitrf1/8-eps-converted-to.pdf Graphic file (type pdf)
<use images/fitrf1/8-eps-converted-to.pdf>
Package pdftex.def Info: images/fitrf1/8-eps-converted-to.pdf  used on input li
ne 938.
(pdftex.def)             Requested size: 139.41736pt x 199.16928pt.
Package epstopdf Info: Source file: <images/fitrf1/8-new.eps>
(epstopdf)                    date: 2018-05-30 14:05:47
(epstopdf)                    size: 21501 bytes
(epstopdf)             Output file: <images/fitrf1/8-new-eps-converted-to.pdf>
(epstopdf)                    date: 2018-05-30 14:05:47
(epstopdf)                    size: 8156 bytes
(epstopdf)             Command: <repstopdf --outfile=images/fitrf1/8-new-eps-co
nverted-to.pdf images/fitrf1/8-new.eps>
(epstopdf)             \includegraphics on input line 940.
Package epstopdf Info: Output file is already uptodate.
<images/fitrf1/8-new-eps-converted-to.pdf, id=887, 505.89pt x 722.7pt>
File: images/fitrf1/8-new-eps-converted-to.pdf Graphic file (type pdf)
<use images/fitrf1/8-new-eps-converted-to.pdf>
Package pdftex.def Info: images/fitrf1/8-new-eps-converted-to.pdf  used on inpu
t line 940.
(pdftex.def)             Requested size: 139.41736pt x 199.16928pt.
 [31 <./images/goodfit/7-eps-converted-to.pdf> <./images/goodfit/8-eps-converte
d-to.pdf> <./data/objvals/Ks-4-eps-converted-to.pdf> <./data/objvals/ths-4-eps-
converted-to.pdf>]

Package hyperref Warning: Token not allowed in a PDF string (PDFDocEncoding):
(hyperref)                removing `math shift' on input line 945.


Package hyperref Warning: Token not allowed in a PDF string (PDFDocEncoding):
(hyperref)                removing `subscript' on input line 945.


Package hyperref Warning: Token not allowed in a PDF string (PDFDocEncoding):
(hyperref)                removing `math shift' on input line 945.

Package epstopdf Info: Source file: <data/objvals2nd/alpha-3.eps>
(epstopdf)                    date: 2018-05-30 14:05:47
(epstopdf)                    size: 25456 bytes
(epstopdf)             Output file: <data/objvals2nd/alpha-3-eps-converted-to.p
df>
(epstopdf)                    date: 2018-05-30 14:05:47
(epstopdf)                    size: 8340 bytes
(epstopdf)             Command: <repstopdf --outfile=data/objvals2nd/alpha-3-ep
s-converted-to.pdf data/objvals2nd/alpha-3.eps>
(epstopdf)             \includegraphics on input line 952.
Package epstopdf Info: Output file is already uptodate.
<data/objvals2nd/alpha-3-eps-converted-to.pdf, id=928, 505.89pt x 722.7pt>
File: data/objvals2nd/alpha-3-eps-converted-to.pdf Graphic file (type pdf)
<use data/objvals2nd/alpha-3-eps-converted-to.pdf>
Package pdftex.def Info: data/objvals2nd/alpha-3-eps-converted-to.pdf  used on 
input line 952.
(pdftex.def)             Requested size: 139.41736pt x 199.16928pt.
Package epstopdf Info: Source file: <data/objvals2nd/n-3.eps>
(epstopdf)                    date: 2018-05-30 14:05:47
(epstopdf)                    size: 27377 bytes
(epstopdf)             Output file: <data/objvals2nd/n-3-eps-converted-to.pdf>
(epstopdf)                    date: 2018-05-30 14:05:47
(epstopdf)                    size: 8593 bytes
(epstopdf)             Command: <repstopdf --outfile=data/objvals2nd/n-3-eps-co
nverted-to.pdf data/objvals2nd/n-3.eps>
(epstopdf)             \includegraphics on input line 954.
Package epstopdf Info: Output file is already uptodate.
<data/objvals2nd/n-3-eps-converted-to.pdf, id=929, 505.89pt x 722.7pt>
File: data/objvals2nd/n-3-eps-converted-to.pdf Graphic file (type pdf)
<use data/objvals2nd/n-3-eps-converted-to.pdf>
Package pdftex.def Info: data/objvals2nd/n-3-eps-converted-to.pdf  used on inpu
t line 954.
(pdftex.def)             Requested size: 139.41736pt x 199.16928pt.
Package epstopdf Info: Source file: <data/objvals2nd/Ks-3.eps>
(epstopdf)                    date: 2018-05-30 14:05:47
(epstopdf)                    size: 27753 bytes
(epstopdf)             Output file: <data/objvals2nd/Ks-3-eps-converted-to.pdf>

(epstopdf)                    date: 2018-05-30 14:05:47
(epstopdf)                    size: 9005 bytes
(epstopdf)             Command: <repstopdf --outfile=data/objvals2nd/Ks-3-eps-c
onverted-to.pdf data/objvals2nd/Ks-3.eps>
(epstopdf)             \includegraphics on input line 962.
Package epstopdf Info: Output file is already uptodate.
<data/objvals2nd/Ks-3-eps-converted-to.pdf, id=930, 505.89pt x 722.7pt>
File: data/objvals2nd/Ks-3-eps-converted-to.pdf Graphic file (type pdf)
<use data/objvals2nd/Ks-3-eps-converted-to.pdf>
Package pdftex.def Info: data/objvals2nd/Ks-3-eps-converted-to.pdf  used on inp
ut line 962.
(pdftex.def)             Requested size: 139.41736pt x 199.16928pt.
Package epstopdf Info: Source file: <data/objvals2nd/ths-3.eps>
(epstopdf)                    date: 2018-05-30 14:05:47
(epstopdf)                    size: 27524 bytes
(epstopdf)             Output file: <data/objvals2nd/ths-3-eps-converted-to.pdf
>
(epstopdf)                    date: 2018-05-30 14:05:47
(epstopdf)                    size: 8896 bytes
(epstopdf)             Command: <repstopdf --outfile=data/objvals2nd/ths-3-eps-
converted-to.pdf data/objvals2nd/ths-3.eps>
(epstopdf)             \includegraphics on input line 964.
Package epstopdf Info: Output file is already uptodate.
<data/objvals2nd/ths-3-eps-converted-to.pdf, id=931, 505.89pt x 722.7pt>
File: data/objvals2nd/ths-3-eps-converted-to.pdf Graphic file (type pdf)
<use data/objvals2nd/ths-3-eps-converted-to.pdf>
Package pdftex.def Info: data/objvals2nd/ths-3-eps-converted-to.pdf  used on in
put line 964.
(pdftex.def)             Requested size: 139.41736pt x 199.16928pt.
Package epstopdf Info: Source file: <data/objvals2nd/alpha-4.eps>
(epstopdf)                    date: 2018-05-30 14:05:47
(epstopdf)                    size: 25186 bytes
(epstopdf)             Output file: <data/objvals2nd/alpha-4-eps-converted-to.p
df>
(epstopdf)                    date: 2018-05-30 14:05:47
(epstopdf)                    size: 8324 bytes
(epstopdf)             Command: <repstopdf --outfile=data/objvals2nd/alpha-4-ep
s-converted-to.pdf data/objvals2nd/alpha-4.eps>
(epstopdf)             \includegraphics on input line 972.
Package epstopdf Info: Output file is already uptodate.
<data/objvals2nd/alpha-4-eps-converted-to.pdf, id=932, 505.89pt x 722.7pt>
File: data/objvals2nd/alpha-4-eps-converted-to.pdf Graphic file (type pdf)
<use data/objvals2nd/alpha-4-eps-converted-to.pdf>
Package pdftex.def Info: data/objvals2nd/alpha-4-eps-converted-to.pdf  used on 
input line 972.
(pdftex.def)             Requested size: 139.41736pt x 199.16928pt.
Package epstopdf Info: Source file: <data/objvals2nd/n-4.eps>
(epstopdf)                    date: 2018-05-30 14:05:47
(epstopdf)                    size: 27357 bytes
(epstopdf)             Output file: <data/objvals2nd/n-4-eps-converted-to.pdf>
(epstopdf)                    date: 2018-05-30 14:05:47
(epstopdf)                    size: 8708 bytes
(epstopdf)             Command: <repstopdf --outfile=data/objvals2nd/n-4-eps-co
nverted-to.pdf data/objvals2nd/n-4.eps>
(epstopdf)             \includegraphics on input line 974.
Package epstopdf Info: Output file is already uptodate.
File: data/objvals2nd/n-4-eps-converted-to.pdf Graphic file (type pdf)
<use data/objvals2nd/n-4-eps-converted-to.pdf>
Package pdftex.def Info: data/objvals2nd/n-4-eps-converted-to.pdf  used on inpu
t line 974.
(pdftex.def)             Requested size: 139.41736pt x 199.16928pt.
Package epstopdf Info: Source file: <data/objvals2nd/Ks-4.eps>
(epstopdf)                    date: 2018-05-30 14:05:47
(epstopdf)                    size: 27753 bytes
(epstopdf)             Output file: <data/objvals2nd/Ks-4-eps-converted-to.pdf>

(epstopdf)                    date: 2018-05-30 14:05:47
(epstopdf)                    size: 9005 bytes
(epstopdf)             Command: <repstopdf --outfile=data/objvals2nd/Ks-4-eps-c
onverted-to.pdf data/objvals2nd/Ks-4.eps>
(epstopdf)             \includegraphics on input line 982.
Package epstopdf Info: Output file is already uptodate.
<data/objvals2nd/Ks-4-eps-converted-to.pdf, id=933, 505.89pt x 722.7pt>
File: data/objvals2nd/Ks-4-eps-converted-to.pdf Graphic file (type pdf)
<use data/objvals2nd/Ks-4-eps-converted-to.pdf>
Package pdftex.def Info: data/objvals2nd/Ks-4-eps-converted-to.pdf  used on inp
ut line 982.
(pdftex.def)             Requested size: 139.41736pt x 199.16928pt.
Package epstopdf Info: Source file: <data/objvals2nd/ths-4.eps>
(epstopdf)                    date: 2018-05-30 14:05:47
(epstopdf)                    size: 27490 bytes
(epstopdf)             Output file: <data/objvals2nd/ths-4-eps-converted-to.pdf
>
(epstopdf)                    date: 2018-05-30 14:05:47
(epstopdf)                    size: 9005 bytes
(epstopdf)             Command: <repstopdf --outfile=data/objvals2nd/ths-4-eps-
converted-to.pdf data/objvals2nd/ths-4.eps>
(epstopdf)             \includegraphics on input line 984.
Package epstopdf Info: Output file is already uptodate.
File: data/objvals2nd/ths-4-eps-converted-to.pdf Graphic file (type pdf)
<use data/objvals2nd/ths-4-eps-converted-to.pdf>
Package pdftex.def Info: data/objvals2nd/ths-4-eps-converted-to.pdf  used on in
put line 984.
(pdftex.def)             Requested size: 139.41736pt x 199.16928pt.
[32 <./data/objvals/Ss-4-eps-converted-to.pdf> <./data/objvals/alpha-5-eps-conv
erted-to.pdf> <./data/objvals/Ks-5-eps-converted-to.pdf> <./data/objvals/ths-5-
eps-converted-to.pdf>]
Package atveryend Info: Empty hook `BeforeClearDocument' on input line 1173.
 [33 <./data/objvals/Ss-5-eps-converted-to.pdf>] [34 <./images/fitrf1/8-eps-con
verted-to.pdf> <./images/fitrf1/8-new-eps-converted-to.pdf>] [35 <./data/objval
s2nd/alpha-3-eps-converted-to.pdf> <./data/objvals2nd/n-3-eps-converted-to.pdf>
 <./data/objvals2nd/Ks-3-eps-converted-to.pdf> <./data/objvals2nd/ths-3-eps-con
verted-to.pdf> <./data/objvals2nd/alpha-4-eps-converted-to.pdf>] [36 <./data/ob
jvals2nd/Ks-4-eps-converted-to.pdf>]
Package atveryend Info: Empty hook `AfterLastShipout' on input line 1173.
 (./version2.aux)
Package atveryend Info: Executing hook `AtVeryEndDocument' on input line 1173.
Package atveryend Info: Executing hook `AtEndAfterFileList' on input line 1173.

Package rerunfilecheck Info: File `version2.out' has not changed.
(rerunfilecheck)             Checksum: 290ADAA0D87CF17E2AA64BFEAC680853;2101.
Package atveryend Info: Empty hook `AtVeryVeryEnd' on input line 1173.
 ) 
Here is how much of TeX's memory you used:
 29414 strings out of 492649
 584396 string characters out of 6132031
 623792 words of memory out of 5000000
 32644 multiletter control sequences out of 15000+600000
 545155 words of font info for 78 fonts, out of 8000000 for 9000
 1141 hyphenation exceptions out of 8191
 62i,16n,56p,10415b,975s stack positions out of 5000i,500n,10000p,200000b,80000s
</usr/share/texlive/texmf-dist/fonts/type1/public/amsfonts/cm/cmbx10.pfb></us
r/share/texlive/texmf-dist/fonts/type1/public/amsfonts/cm/cmbx7.pfb></usr/share
/texlive/texmf-dist/fonts/type1/public/amsfonts/cm/cmbx8.pfb></usr/share/texliv
e/texmf-dist/fonts/type1/public/amsfonts/cm/cmbx9.pfb></usr/share/texlive/texmf
-dist/fonts/type1/public/amsfonts/cm/cmex10.pfb></usr/share/texlive/texmf-dist/
fonts/type1/public/amsfonts/cm/cmmi10.pfb></usr/share/texlive/texmf-dist/fonts/
type1/public/amsfonts/cm/cmmi5.pfb></usr/share/texlive/texmf-dist/fonts/type1/p
ublic/amsfonts/cm/cmmi6.pfb></usr/share/texlive/texmf-dist/fonts/type1/public/a
msfonts/cm/cmmi7.pfb></usr/share/texlive/texmf-dist/fonts/type1/public/amsfonts
/cm/cmmi8.pfb></usr/share/texlive/texmf-dist/fonts/type1/public/amsfonts/cm/cmm
i9.pfb></usr/share/texlive/texmf-dist/fonts/type1/public/amsfonts/cm/cmmib10.pf
b></usr/share/texlive/texmf-dist/fonts/type1/public/amsfonts/cmextra/cmmib7.pfb
></usr/share/texlive/texmf-dist/fonts/type1/public/amsfonts/cm/cmr10.pfb></usr/
share/texlive/texmf-dist/fonts/type1/public/amsfonts/cm/cmr12.pfb></usr/share/t
exlive/texmf-dist/fonts/type1/public/amsfonts/cm/cmr5.pfb></usr/share/texlive/t
exmf-dist/fonts/type1/public/amsfonts/cm/cmr6.pfb></usr/share/texlive/texmf-dis
t/fonts/type1/public/amsfonts/cm/cmr7.pfb></usr/share/texlive/texmf-dist/fonts/
type1/public/amsfonts/cm/cmr8.pfb></usr/share/texlive/texmf-dist/fonts/type1/pu
blic/amsfonts/cm/cmr9.pfb></usr/share/texlive/texmf-dist/fonts/type1/public/ams
fonts/cm/cmss8.pfb></usr/share/texlive/texmf-dist/fonts/type1/public/amsfonts/c
m/cmsy10.pfb></usr/share/texlive/texmf-dist/fonts/type1/public/amsfonts/cm/cmsy
6.pfb></usr/share/texlive/texmf-dist/fonts/type1/public/amsfonts/cm/cmsy7.pfb><
/usr/share/texlive/texmf-dist/fonts/type1/public/amsfonts/cm/cmsy9.pfb></usr/sh
are/texlive/texmf-dist/fonts/type1/public/amsfonts/cm/cmti10.pfb></usr/share/te
xlive/texmf-dist/fonts/type1/public/amsfonts/cm/cmti7.pfb></usr/share/texlive/t
exmf-dist/fonts/type1/public/amsfonts/cm/cmti8.pfb></usr/share/texlive/texmf-di
st/fonts/type1/public/amsfonts/cm/cmtt10.pfb></usr/share/texlive/texmf-dist/fon
ts/type1/public/amsfonts/symbols/msbm10.pfb>
Output written on version2.pdf (36 pages, 871850 bytes).
PDF statistics:
 1208 PDF objects out of 1440 (max. 8388607)
 1037 compressed objects within 11 object streams
 192 named destinations out of 1000 (max. 500000)
 395 words of extra memory for PDF output out of 10000 (max. 10000000)

