\BOOKMARK [1][-]{section.1}{Introduction}{}% 1
\BOOKMARK [2][-]{subsection.1.1}{Comment on system of units applied in this manuscript}{section.1}% 2
\BOOKMARK [1][-]{section.2}{Methodology}{}% 3
\BOOKMARK [2][-]{subsubsection.2.0.1}{Comment on soil hydraulic parameters}{section.2}% 4
\BOOKMARK [2][-]{subsection.2.1}{Obtaining the input data for the inverse problem}{section.2}% 5
\BOOKMARK [3][-]{subsubsection.2.1.1}{Site description and assembling the experimental data}{subsection.2.1}% 6
\BOOKMARK [2][-]{subsection.2.2}{Mathematical model of the field infiltration experiment \205 governing equation}{section.2}% 7
\BOOKMARK [2][-]{subsection.2.3}{Domain setup}{section.2}% 8
\BOOKMARK [3][-]{subsubsection.2.3.1}{Initial and boundary condition setup}{subsection.2.3}% 9
\BOOKMARK [3][-]{subsubsection.2.3.2}{Domain shape restrictions}{subsection.2.3}% 10
\BOOKMARK [3][-]{subsubsection.2.3.3}{Stability restrictions of convection dominant problems}{subsection.2.3}% 11
\BOOKMARK [2][-]{subsection.2.4}{Optimization}{section.2}% 12
\BOOKMARK [3][-]{subsubsection.2.4.1}{Objective function}{subsection.2.4}% 13
\BOOKMARK [3][-]{subsubsection.2.4.2}{Optimization algorithms}{subsection.2.4}% 14
\BOOKMARK [2][-]{subsection.2.5}{Numerical solution and computational issues}{section.2}% 15
\BOOKMARK [1][-]{section.3}{Automatic calibration methodology}{}% 16
\BOOKMARK [2][-]{subsection.3.1}{Mathematical model of the synthetic infiltration experiment}{section.3}% 17
\BOOKMARK [1][-]{section.4}{Results and discussion}{}% 18
\BOOKMARK [2][-]{subsection.4.1}{Synthetic problem}{section.4}% 19
\BOOKMARK [2][-]{subsection.4.2}{Real-world problem}{section.4}% 20
\BOOKMARK [2][-]{subsection.4.3}{Remarks on convergence behavior of the nonlinear operator}{section.4}% 21
\BOOKMARK [2][-]{subsection.4.4}{Limitations and realism of results}{section.4}% 22
\BOOKMARK [1][-]{section.5}{Conclusions}{}% 23
\BOOKMARK [1][-]{section.6}{Acknowledgement}{}% 24
\BOOKMARK [1][-]{appendix.A}{Sensitivity analyses}{}% 25
\BOOKMARK [1][-]{appendix.B}{Solutions after the first identification run with rf=0 and rf=1.}{}% 26
\BOOKMARK [1][-]{appendix.C}{New solutions for rf=1}{}% 27
