 #        time                      h  [L]            Darcian flow [L.T^{-1}]   in    x         z              directions   cumulative flux
 #-----------------------------------------------------------------------------------------------

     0.100000000000E-005     0.400000000000E+001    -0.905686751055E-014    -0.739549355525E+002     0.739549355525E-004
     0.205999994278E-005     0.400000000000E+001    -0.905075561903E-014    -0.739050281708E+002     0.152294261185E-003
     0.318359982147E-005     0.400000000000E+001    -0.904428606174E-014    -0.738522002265E+002     0.235274584400E-003
     0.437461562859E-005     0.400000000000E+001    -0.903743847860E-014    -0.737962854669E+002     0.323167126898E-003
     0.563709231599E-005     0.400000000000E+001    -0.903019142044E-014    -0.737371087462E+002     0.416258507687E-003
     0.697531753239E-005     0.400000000000E+001    -0.902252229932E-014    -0.736744856198E+002     0.514851562149E-003
     0.839383618521E-005     0.400000000000E+001    -0.901440733776E-014    -0.736082219301E+002     0.619266197957E-003
     0.989746587602E-005     0.400000000000E+001    -0.900582151696E-014    -0.735381133828E+002     0.729840288646E-003
     0.114913132622E-004     0.400000000000E+001    -0.899673852415E-014    -0.734639451180E+002     0.846930605554E-003
     0.131807914004E-004     0.400000000000E+001    -0.898713069922E-014    -0.733854912737E+002     0.970913788721E-003
     0.149716381303E-004     0.400000000000E+001    -0.897696898101E-014    -0.733025145475E+002     0.110218735719E-002
     0.168699355614E-004     0.400000000000E+001    -0.896622285336E-014    -0.732147657561E+002     0.124117075894E-002
     0.188821307298E-004     0.400000000000E+001    -0.895486029140E-014    -0.731219833966E+002     0.138830646063E-002
     0.210150574931E-004     0.400000000000E+001    -0.894284770828E-014    -0.730238932116E+002     0.154406107683E-002
     0.232759597402E-004     0.400000000000E+001    -0.893014990292E-014    -0.729202077623E+002     0.170892653842E-002
     0.256725159928E-004     0.400000000000E+001    -0.891673000916E-014    -0.728106260137E+002     0.188342129944E-002
     0.282128654833E-004     0.400000000000E+001    -0.890254944692E-014    -0.726948329356E+002     0.206809158126E-002
     0.309056357980E-004     0.400000000000E+001    -0.888756787596E-014    -0.725724991250E+002     0.226351265256E-002
     0.337599721774E-004     0.400000000000E+001    -0.887174315298E-014    -0.724432804557E+002     0.247029014341E-002
     0.367855685763E-004     0.400000000000E+001    -0.885503129285E-014    -0.723068177618E+002     0.268906139085E-002
     0.399927005860E-004     0.400000000000E+001    -0.883738643479E-014    -0.721627365616E+002     0.292049681318E-002
     0.433922603327E-004     0.400000000000E+001    -0.881876081460E-014    -0.720106468309E+002     0.316530130948E-002
     0.469957934698E-004     0.400000000000E+001    -0.879910474395E-014    -0.718501428336E+002     0.342421568009E-002
     0.508155383889E-004     0.400000000000E+001    -0.877836659797E-014    -0.716808030207E+002     0.369801806322E-002
     0.548644677845E-004     0.400000000000E+001    -0.875649281243E-014    -0.715021900072E+002     0.398752538219E-002
     0.591563327122E-004     0.400000000000E+001    -0.873342789206E-014    -0.713138506395E+002     0.429359479661E-002
     0.637057092900E-004     0.400000000000E+001    -0.870911443142E-014    -0.711153161670E+002     0.461712515030E-002
     0.685280482021E-004     0.400000000000E+001    -0.868349315022E-014    -0.709061025291E+002     0.495905840764E-002
     0.736397271730E-004     0.400000000000E+001    -0.865650294478E-014    -0.706857107764E+002     0.532038106896E-002
     0.790581065897E-004     0.400000000000E+001    -0.862808095768E-014    -0.704536276393E+002     0.570212555479E-002
     0.848015884613E-004     0.400000000000E+001    -0.859816266768E-014    -0.702093262618E+002     0.610537154739E-002
     0.908896789166E-004     0.400000000000E+001    -0.856668200209E-014    -0.699522671194E+002     0.653124727717E-002
     0.973430544509E-004     0.400000000000E+001    -0.853357147402E-014    -0.696818991399E+002     0.698093074026E-002
     0.104183632148E-003     0.400000000000E+001    -0.849876234673E-014    -0.693976610452E+002     0.745565083263E-002
     0.111434644115E-003     0.400000000000E+001    -0.846218482779E-014    -0.690989829368E+002     0.795668838484E-002
     0.119120716386E-003     0.400000000000E+001    -0.842376829538E-014    -0.687852881438E+002     0.848537708067E-002
     0.127267952553E-003     0.400000000000E+001    -0.838344155932E-014    -0.684559953544E+002     0.904310424187E-002
     0.135904022424E-003     0.400000000000E+001    -0.834113315942E-014    -0.681105210517E+002     0.963131146061E-002
     0.145058255993E-003     0.400000000000E+001    -0.829677170325E-014    -0.677482822723E+002     0.102514950604E-001
     0.154761743052E-003     0.400000000000E+001    -0.825028624591E-014    -0.673686997072E+002     0.109052063662E-001
     0.165047438780E-003     0.400000000000E+001    -0.820160671352E-014    -0.669712011596E+002     0.115940517639E-001
     0.175950275662E-003     0.400000000000E+001    -0.815066437217E-014    -0.665552253747E+002     0.123196925298E-001
     0.187507282134E-003     0.400000000000E+001    -0.809739234370E-014    -0.661202262508E+002     0.130838444125E-001
     0.199757708333E-003     0.400000000000E+001    -0.804172616878E-014    -0.656656774376E+002     0.138882769478E-001
     0.212743159403E-003     0.400000000000E+001    -0.798360441764E-014    -0.651910773228E+002     0.147348124925E-001
     0.226507736794E-003     0.400000000000E+001    -0.792296934738E-014    -0.646959544000E+002     0.156253249637E-001
     0.241098188040E-003     0.400000000000E+001    -0.785976760458E-014    -0.641798730054E+002     0.165617382718E-001
     0.256564065527E-003     0.400000000000E+001    -0.779395097009E-014    -0.636424393998E+002     0.175460244426E-001
     0.272957894778E-003     0.400000000000E+001    -0.772547714225E-014    -0.630833081638E+002     0.185802014252E-001
     0.290335352846E-003     0.400000000000E+001    -0.765431055307E-014    -0.625021888629E+002     0.196663305913E-001
     0.308755457403E-003     0.400000000000E+001    -0.758042321045E-014    -0.618988529242E+002     0.208065139342E-001
     0.328280767180E-003     0.400000000000E+001    -0.750379555784E-014    -0.612731406563E+002     0.220028909865E-001
     0.348977594427E-003     0.400000000000E+001    -0.742441734096E-014    -0.606249683266E+002     0.232576354828E-001
     0.370916230124E-003     0.400000000000E+001    -0.734228846939E-014    -0.599543351969E+002     0.245729518011E-001
     0.394171182707E-003     0.400000000000E+001    -0.725741985879E-014    -0.592613304002E+002     0.259510712296E-001
     0.418821431115E-003     0.400000000000E+001    -0.716983423783E-014    -0.585461395304E+002     0.273942481123E-001
     0.444950693017E-003     0.400000000000E+001    -0.707956690209E-014    -0.578090507975E+002     0.289047559409E-001
     0.472647709137E-003     0.400000000000E+001    -0.698666639533E-014    -0.570504605916E+002     0.304848834676E-001
     0.502006544641E-003     0.400000000000E+001    -0.689119509776E-014    -0.562708782856E+002     0.321369309268E-001
     0.533126908594E-003     0.400000000000E+001    -0.679322969930E-014    -0.554709301003E+002     0.338632064604E-001
     0.566114492604E-003     0.400000000000E+001    -0.669286153599E-014    -0.546513618510E+002     0.356660228507E-001
     0.601081329767E-003     0.400000000000E+001    -0.659019676746E-014    -0.538130403970E+002     0.375476946715E-001
     0.638146175159E-003     0.400000000000E+001    -0.648535637450E-014    -0.529569536214E+002     0.395105359699E-001
     0.677434909153E-003     0.400000000000E+001    -0.637847595735E-014    -0.520842087841E+002     0.415568585941E-001
     0.719080964939E-003     0.400000000000E+001    -0.626970531813E-014    -0.511960291122E+002     0.436889712785E-001
     0.763225781689E-003     0.400000000000E+001    -0.615920781443E-014    -0.502937485218E+002     0.459091795907E-001
     0.810019284919E-003     0.400000000000E+001    -0.604715947579E-014    -0.493788044030E+002     0.482197868340E-001
     0.859620395664E-003     0.400000000000E+001    -0.593374788040E-014    -0.484527284482E+002     0.506230959837E-001
     0.912197570216E-003     0.400000000000E+001    -0.581916410907E-014    -0.475170809504E+002     0.531214098430E-001
     0.967929372233E-003     0.400000000000E+001    -0.570362292381E-014    -0.465736155745E+002     0.557170413654E-001
     0.102700507918E-002     0.400000000000E+001    -0.558733761158E-014    -0.456240739409E+002     0.584123157873E-001
     0.108962532517E-002     0.400000000000E+001    -0.547052627916E-014    -0.446702370264E+002     0.612095770182E-001
     0.115600278233E-002     0.400000000000E+001    -0.535340973799E-014    -0.437139078934E+002     0.641111950667E-001
     0.122636288312E-002     0.400000000000E+001    -0.523620928852E-014    -0.427568935971E+002     0.671195744098E-001
     0.130094458593E-002     0.400000000000E+001    -0.511914445222E-014    -0.418009866664E+002     0.702371631747E-001
     0.138000118665E-002     0.400000000000E+001    -0.500243070467E-014    -0.408479465929E+002     0.734664629785E-001
     0.146380117888E-002     0.400000000000E+001    -0.488627726523E-014    -0.398994817823E+002     0.768100392420E-001
     0.155262916586E-002     0.400000000000E+001    -0.477088499983E-014    -0.389572324294E+002     0.802705317768E-001
     0.164678682697E-002     0.400000000000E+001    -0.465644449077E-014    -0.380227547568E+002     0.838506654336E-001
     0.174659394236E-002     0.400000000000E+001    -0.454313432346E-014    -0.370975070251E+002     0.875532605979E-001
     0.185238947896E-002     0.400000000000E+001    -0.443111963251E-014    -0.361828376606E+002     0.913812433239E-001
     0.196453274170E-002     0.400000000000E+001    -0.432055094090E-014    -0.352799757767E+002     0.953376549170E-001
     0.208340459379E-002     0.400000000000E+001    -0.421156331492E-014    -0.343900242736E+002     0.994256607958E-001
     0.220940875020E-002     0.400000000000E+001    -0.410427584614E-014    -0.335139556074E+002     0.103648558500E+000
     0.234297314879E-002     0.400000000000E+001    -0.399879145915E-014    -0.326526102215E+002     0.108009784747E+000
     0.248455140365E-002     0.400000000000E+001    -0.389519703245E-014    -0.318066975324E+002     0.112512921476E+000
     0.263462434571E-002     0.400000000000E+001    -0.379356380890E-014    -0.309767992824E+002     0.117161700880E+000
     0.279370165569E-002     0.400000000000E+001    -0.369394806306E-014    -0.301633749880E+002     0.121960009433E+000
     0.296232359518E-002     0.400000000000E+001    -0.359639198543E-014    -0.293667691610E+002     0.126911891006E+000
     0.314106284138E-002     0.400000000000E+001    -0.350092473875E-014    -0.285872199331E+002     0.132021549148E+000
     0.333052643213E-002     0.400000000000E+001    -0.340756363830E-014    -0.278248686941E+002     0.137293348682E+000
     0.353135782749E-002     0.400000000000E+001    -0.331631540762E-014    -0.270797703463E+002     0.142731816747E+000
     0.374423909507E-002     0.400000000000E+001    -0.322717746245E-014    -0.263519037873E+002     0.148341643428E+000
     0.396989322653E-002     0.400000000000E+001    -0.314013917834E-014    -0.256411822619E+002     0.154127682141E+000
     0.420908659296E-002     0.400000000000E+001    -0.305518310280E-014    -0.249474632598E+002     0.160094949862E+000
     0.446263154769E-002     0.400000000000E+001    -0.297228607893E-014    -0.242705576906E+002     0.166248627313E+000
     0.473138918520E-002     0.400000000000E+001    -0.289142025573E-014    -0.236102381335E+002     0.172594059135E+000
     0.501627226558E-002     0.400000000000E+001    -0.281255396965E-014    -0.229662460361E+002     0.179136754051E+000
     0.531824831448E-002     0.400000000000E+001    -0.273565249217E-014    -0.223382978184E+002     0.185882384965E+000
     0.563834290904E-002     0.400000000000E+001    -0.266067864912E-014    -0.217260899304E+002     0.192836788913E+000
     0.597764316095E-002     0.400000000000E+001    -0.258759332726E-014    -0.211293029881E+002     0.200005966739E+000
     0.633730140856E-002     0.400000000000E+001    -0.251635589213E-014    -0.205476051861E+002     0.207396082413E+000
     0.671853913045E-002     0.400000000000E+001    -0.244692454689E-014    -0.199806552272E+002     0.215013461894E+000
     0.712265109384E-002     0.400000000000E+001    -0.237925666323E-014    -0.194281050250E+002     0.222864591560E+000
     0.755100975191E-002     0.400000000000E+001    -0.231330911305E-014    -0.188896024116E+002     0.230956116301E+000
     0.800506990496E-002     0.400000000000E+001    -0.224903862234E-014    -0.183647940280E+002     0.239294837488E+000
     0.848637364120E-002     0.400000000000E+001    -0.218640215820E-014    -0.178533284839E+002     0.247887711192E+000
     0.899655557408E-002     0.400000000000E+001    -0.212535734726E-014    -0.173548597746E+002     0.256741847096E+000
     0.953734839373E-002     0.400000000000E+001    -0.206586291102E-014    -0.168690508354E+002     0.265864508662E+000
     0.101105887516E-001     0.400000000000E+001    -0.200787909279E-014    -0.163955770283E+002     0.275263115106E+000
     0.107182234982E-001     0.400000000000E+001    -0.195136804431E-014    -0.159341292989E+002     0.284945245724E+000
     0.113623162948E-001     0.400000000000E+001    -0.189629413823E-014    -0.154844167278E+002     0.294918646998E+000
     0.120450546223E-001     0.400000000000E+001    -0.184262417654E-014    -0.150461682326E+002     0.305191242733E+000
     0.127687572104E-001     0.400000000000E+001    -0.179032747370E-014    -0.146191332468E+002     0.315771147299E+000
     0.135358819124E-001     0.400000000000E+001    -0.173937580541E-014    -0.142030813017E+002     0.326666681810E+000
     0.143490340526E-001     0.400000000000E+001    -0.168974322760E-014    -0.137978005477E+002     0.337886392856E+000
     0.152109752747E-001     0.400000000000E+001    -0.164140578292E-014    -0.134030953583E+002     0.349439073249E+000
     0.161246329208E-001     0.400000000000E+001    -0.159434112256E-014    -0.130187832416E+002     0.361333784101E+000
     0.170931099734E-001     0.400000000000E+001    -0.154852807761E-014    -0.126446913403E+002     0.373579877501E+000
     0.181196955938E-001     0.400000000000E+001    -0.150394621588E-014    -0.122806528129E+002     0.386187019087E+000
     0.192078762926E-001     0.400000000000E+001    -0.146057541798E-014    -0.119265033722E+002     0.399165209861E+000
     0.203613477710E-001     0.400000000000E+001    -0.141839550079E-014    -0.115820782104E+002     0.412524806738E+000
     0.215840274722E-001     0.400000000000E+001    -0.137738590822E-014    -0.112472094745E+002     0.426276541457E+000
     0.228800678855E-001     0.400000000000E+001    -0.133752548084E-014    -0.109217243843E+002     0.440431537642E+000
     0.242538706494E-001     0.400000000000E+001    -0.129879230724E-014    -0.106054440198E+002     0.455001325949E+000
     0.257101015006E-001     0.400000000000E+001    -0.126116365337E-014    -0.102981827434E+002     0.469997857371E+000
     0.272537061195E-001     0.400000000000E+001    -0.122461596070E-014    -0.999974818500E+001     0.485433514857E+000
     0.288899269272E-001     0.400000000000E+001    -0.118912490094E-014    -0.970994168905E+001     0.501321123490E+000
     0.306243208897E-001     0.400000000000E+001    -0.115466547382E-014    -0.942855911289E+001     0.517673959491E+000
     0.324627783907E-001     0.400000000000E+001    -0.112121213456E-014    -0.915539186757E+001     0.534505758345E+000
     0.344115432366E-001     0.400000000000E+001    -0.108873893879E-014    -0.889022810125E+001     0.551830722341E+000
     0.364772338618E-001     0.400000000000E+001    -0.105721969457E-014    -0.863285394050E+001     0.569663527794E+000
     0.386668658063E-001     0.400000000000E+001    -0.102662811320E-014    -0.838305472166E+001     0.588019332204E+000
     0.409878755421E-001     0.400000000000E+001    -0.996937952450E-015    -0.814061616087E+001     0.606913781570E+000
     0.434481457293E-001     0.400000000000E+001    -0.968123148053E-015    -0.790532542711E+001     0.626363018038E+000
     0.460560319869E-001     0.400000000000E+001    -0.940157930358E-015    -0.767697209524E+001     0.646383688065E+000
     0.488203912708E-001     0.400000000000E+001    -0.913016924921E-015    -0.745534896720E+001     0.666992951197E+000
     0.517506119535E-001     0.400000000000E+001    -0.886675236498E-015    -0.724025275790E+001     0.688208489577E+000
     0.548566457095E-001     0.400000000000E+001    -0.861108516853E-015    -0.703148464890E+001     0.710048518251E+000
     0.581490413132E-001     0.400000000000E+001    -0.836293017369E-015    -0.682885071803E+001     0.732531796333E+000
     0.616389804647E-001     0.400000000000E+001    -0.812205628014E-015    -0.663216225756E+001     0.755677639055E+000
     0.653383157655E-001     0.400000000000E+001    -0.788823905148E-015    -0.644123600125E+001     0.779505930775E+000
     0.692596109728E-001     0.400000000000E+001    -0.766126102197E-015    -0.625589437485E+001     0.804037139404E+000
     0.734161836681E-001     0.400000000000E+001    -0.744091131738E-015    -0.607596518650E+001     0.829292330396E+000
     0.778221504872E-001     0.400000000000E+001    -0.722698529299E-015    -0.590128133109E+001     0.855293180132E+000
     0.824924750635E-001     0.400000000000E+001    -0.701928549130E-015    -0.573168157234E+001     0.882061993442E+000
     0.874430188470E-001     0.400000000000E+001    -0.681762119721E-015    -0.556701017956E+001     0.909621721079E+000
     0.926905949743E-001     0.400000000000E+001    -0.662180821114E-015    -0.540711674235E+001     0.937995977814E+000
     0.982530253690E-001     0.400000000000E+001    -0.643166865111E-015    -0.525185600908E+001     0.967209061307E+000
     0.104149201269E+000     0.400000000000E+001    -0.624703075249E-015    -0.510108772328E+001     0.997285971805E+000
     0.110399147386E+000     0.400000000000E+001    -0.606772866205E-015    -0.495467645551E+001     0.102825243268E+001
     0.117024089912E+000     0.400000000000E+001    -0.589360222801E-015    -0.481249143191E+001     0.106013491182E+001
     0.124046528610E+000     0.400000000000E+001    -0.572449678830E-015    -0.467440636132E+001     0.109296064395E+001
     0.131490313229E+000     0.400000000000E+001    -0.556026295853E-015    -0.454029926213E+001     0.112675765376E+001
     0.139380724499E+000     0.400000000000E+001    -0.540075642124E-015    -0.441005229018E+001     0.116155478005E+001
     0.147744559993E+000     0.400000000000E+001    -0.524583771712E-015    -0.428355156831E+001     0.119738170070E+001
     0.156610225139E+000     0.400000000000E+001    -0.509537203940E-015    -0.416068701845E+001     0.123426895858E+001
     0.166007829686E+000     0.400000000000E+001    -0.494922903229E-015    -0.404135219700E+001     0.127224798836E+001
     0.175969289968E+000     0.400000000000E+001    -0.480728259449E-015    -0.392544413446E+001     0.131135114420E+001
     0.185969289968E+000     0.400000000000E+001    -0.467615748463E-015    -0.381837235674E+001     0.134953486776E+001
     0.195969289968E+000     0.400000000000E+001    -0.455499537109E-015    -0.371943598290E+001     0.138672922759E+001
     0.205969289968E+000     0.400000000000E+001    -0.444261729577E-015    -0.362767232060E+001     0.142300595080E+001
     0.215969289968E+000     0.400000000000E+001    -0.433802787389E-015    -0.354226857647E+001     0.145842863656E+001
     0.225969289968E+000     0.400000000000E+001    -0.424038057740E-015    -0.346253350791E+001     0.149305397164E+001
     0.235969289968E+000     0.400000000000E+001    -0.414895063353E-015    -0.338787529304E+001     0.152693272457E+001
     0.245969289968E+000     0.400000000000E+001    -0.406311365710E-015    -0.331778408267E+001     0.156011056540E+001
     0.255969289968E+000     0.400000000000E+001    -0.398232864917E-015    -0.325181811763E+001     0.159262874658E+001
     0.265969289968E+000     0.400000000000E+001    -0.390612435709E-015    -0.318959259095E+001     0.162452467249E+001
     0.275969289968E+000     0.400000000000E+001    -0.383408827252E-015    -0.313077066399E+001     0.165583237913E+001
     0.285969289968E+000     0.400000000000E+001    -0.376585748810E-015    -0.307505600041E+001     0.168658293913E+001
     0.295969289968E+000     0.400000000000E+001    -0.370111142121E-015    -0.302218682463E+001     0.171680480738E+001
     0.305969289968E+000     0.400000000000E+001    -0.363956578651E-015    -0.297193100006E+001     0.174652411738E+001
     0.315969289968E+000     0.400000000000E+001    -0.358096748494E-015    -0.292408185562E+001     0.177576493593E+001
     0.325969289968E+000     0.400000000000E+001    -0.352509036686E-015    -0.287845472614E+001     0.180454948319E+001
     0.335969289968E+000     0.400000000000E+001    -0.347173167665E-015    -0.283488404907E+001     0.183289832368E+001
     0.345969289968E+000     0.400000000000E+001    -0.342070905113E-015    -0.279322091359E+001     0.186083053282E+001
     0.355969289968E+000     0.400000000000E+001    -0.337185797304E-015    -0.275333098113E+001     0.188836384263E+001
     0.365969289968E+000     0.400000000000E+001    -0.332502960029E-015    -0.271509271294E+001     0.191551476976E+001
     0.375969289968E+000     0.400000000000E+001    -0.328008890783E-015    -0.267839585268E+001     0.194229872829E+001
     0.385969289968E+000     0.400000000000E+001    -0.323691309027E-015    -0.264314012214E+001     0.196873012951E+001
     0.395969289968E+000     0.400000000000E+001    -0.319539018340E-015    -0.260923409560E+001     0.199482247047E+001
     0.405969289968E+000     0.400000000000E+001    -0.315541787024E-015    -0.257659422492E+001     0.202058841271E+001
     0.415969289968E+000     0.400000000000E+001    -0.311690244316E-015    -0.254514399199E+001     0.204603985263E+001
     0.425969289968E+000     0.400000000000E+001    -0.307975789862E-015    -0.251481316961E+001     0.207118798433E+001
     0.435969289968E+000     0.400000000000E+001    -0.304383920545E-015    -0.248548333084E+001     0.209604281764E+001
     0.445969289968E+000     0.400000000000E+001    -0.300916351184E-015    -0.245716847824E+001     0.212061450242E+001
     0.455969289968E+000     0.400000000000E+001    -0.297565185026E-015    -0.242980412992E+001     0.214491254372E+001
     0.465969289968E+000     0.400000000000E+001    -0.294323757230E-015    -0.240333586333E+001     0.216894590235E+001
     0.475969289968E+000     0.400000000000E+001    -0.291186072545E-015    -0.237771472352E+001     0.219272304959E+001
     0.485969289968E+000     0.400000000000E+001    -0.288146640813E-015    -0.235289587997E+001     0.221625200839E+001
     0.495969289968E+000     0.400000000000E+001    -0.285200396895E-015    -0.232883797266E+001     0.223954038811E+001
     0.505969289968E+000     0.400000000000E+001    -0.282342648229E-015    -0.230550268392E+001     0.226259541495E+001
     0.515969289968E+000     0.400000000000E+001    -0.279569034993E-015    -0.228285441310E+001     0.228542395909E+001
     0.525969289968E+000     0.400000000000E+001    -0.276875497511E-015    -0.226086001044E+001     0.230803255919E+001
     0.535969289968E+000     0.400000000000E+001    -0.274258248549E-015    -0.223948855082E+001     0.233042744470E+001
     0.545969289968E+000     0.400000000000E+001    -0.271713749228E-015    -0.221871113710E+001     0.235261455607E+001
     0.555969289968E+000     0.400000000000E+001    -0.269238687811E-015    -0.219850072689E+001     0.237459956334E+001
     0.565969289968E+000     0.400000000000E+001    -0.266829960857E-015    -0.217883197868E+001     0.239638788312E+001
     0.575969289968E+000     0.400000000000E+001    -0.264484656357E-015    -0.215968111410E+001     0.241798469427E+001
     0.585969289968E+000     0.400000000000E+001    -0.262200038598E-015    -0.214102579438E+001     0.243939495221E+001
     0.595969289968E+000     0.400000000000E+001    -0.259973534506E-015    -0.212284500876E+001     0.246062340230E+001
     0.605969289968E+000     0.400000000000E+001    -0.257802721296E-015    -0.210511897370E+001     0.248167459203E+001
     0.615969289968E+000     0.400000000000E+001    -0.255685315269E-015    -0.208782904138E+001     0.250255288245E+001
     0.625969289968E+000     0.400000000000E+001    -0.253619161633E-015    -0.207095761659E+001     0.252326245861E+001
     0.635969289968E+000     0.400000000000E+001    -0.251602225226E-015    -0.205448808098E+001     0.254380733942E+001
     0.645969289968E+000     0.400000000000E+001    -0.249632582056E-015    -0.203840472396E+001     0.256419138666E+001
     0.655969289968E+000     0.400000000000E+001    -0.247708411556E-015    -0.202269267946E+001     0.258441831346E+001
     0.665969289968E+000     0.400000000000E+001    -0.245827989502E-015    -0.200733786814E+001     0.260449169214E+001
     0.675969289968E+000     0.400000000000E+001    -0.243989681511E-015    -0.199232694423E+001     0.262441496158E+001
     0.685969289968E+000     0.400000000000E+001    -0.242191937068E-015    -0.197764724684E+001     0.264419143405E+001
     0.695969289968E+000     0.400000000000E+001    -0.240433284038E-015    -0.196328675505E+001     0.266382430160E+001
     0.705969289968E+000     0.400000000000E+001    -0.238712323604E-015    -0.194923404667E+001     0.268331664207E+001
     0.715969289968E+000     0.400000000000E+001    -0.237027725604E-015    -0.193547826009E+001     0.270267142467E+001
     0.725969289968E+000     0.400000000000E+001    -0.235378224220E-015    -0.192200905914E+001     0.272189151526E+001
     0.735969289968E+000     0.400000000000E+001    -0.233762614000E-015    -0.190881660053E+001     0.274097968126E+001
     0.745969289968E+000     0.400000000000E+001    -0.232179746168E-015    -0.189589150382E+001     0.275993859630E+001
     0.755969289968E+000     0.400000000000E+001    -0.230628525214E-015    -0.188322482347E+001     0.277877084454E+001
