 #        time                      h  [L]            Darcian flow [L.T^{-1}]   in    x         z              directions   cumulative flux
 #-----------------------------------------------------------------------------------------------

     0.100000000000E-005    -0.278500000000E+003    -0.609479514299E-014     0.326314504361E-014     0.691336700969E-020
     0.205999994278E-005    -0.278500000000E+003    -0.609479514299E-014     0.326314504361E-014     0.142415356444E-019
     0.318359982147E-005    -0.278500000000E+003    -0.610288420415E-014    -0.314436598041E-014     0.219553768032E-019
     0.437461562859E-005    -0.278500000000E+003    -0.182924744901E-013     0.338192410680E-014     0.441112172196E-019
     0.563709231599E-005    -0.278500000000E+003    -0.121895902860E-013     0.652629008721E-014     0.615671465819E-019
     0.697531753239E-005    -0.278500000000E+003    -0.121895902860E-013     0.652629008721E-014     0.800704307071E-019
     0.839383618521E-005    -0.278500000000E+003    -0.121895902860E-013     0.652629008721E-014     0.996839108211E-019
     0.989746587602E-005    -0.278500000000E+003    -0.121895902860E-013     0.652629008721E-014     0.120474198620E-018
     0.114913132622E-004    -0.278500000000E+003    -0.121895902860E-013     0.652629008721E-014     0.142511902496E-018
     0.131807914004E-004    -0.278500000000E+003    -0.121976793471E-013     0.118779063192E-015     0.163120592136E-018
     0.149716381303E-004    -0.278500000000E+003    -0.609479514299E-014     0.326314504361E-014     0.175501372837E-018
     0.168699355614E-004    -0.278500000000E+003    -0.609479514299E-014     0.326314504361E-014     0.188624999672E-018
     0.188821307298E-004    -0.278500000000E+003     0.808906115952E-017     0.640751102402E-014     0.201518172670E-018
     0.210150574931E-004    -0.278500000000E+003     0.808906115952E-017     0.640751102402E-014     0.215184935310E-018
     0.232759597402E-004    -0.278500000000E+003     0.808906115952E-017     0.640751102402E-014     0.229671702927E-018
     0.256725159928E-004    -0.278500000000E+003    -0.607861702067E-014     0.160781670916E-013     0.270865782162E-018
     0.282128654833E-004    -0.278500000000E+003    -0.121815012248E-013     0.129338011112E-013     0.316000592945E-018
     0.309056357980E-004    -0.278500000000E+003    -0.182682073067E-013     0.226044571789E-013     0.394262008701E-018
     0.337599721774E-004    -0.278500000000E+003    -0.121734121637E-013     0.193413121353E-013     0.459493326397E-018
     0.367855685763E-004    -0.278500000000E+003    -0.121815012248E-013     0.129338011112E-013     0.513249599491E-018
     0.399927005860E-004    -0.278500000000E+003    -0.182843854290E-013     0.978943513082E-014     0.579765841385E-018
     0.433922603327E-004    -0.278500000000E+003    -0.182843854290E-013     0.978943513082E-014     0.650273053987E-018
     0.469957934698E-004    -0.278500000000E+003    -0.121815012248E-013     0.129338011112E-013     0.714297624974E-018
     0.508155383889E-004    -0.278500000000E+003    -0.182762963678E-013     0.161969461548E-013     0.807577960212E-018
     0.548644677845E-004    -0.278500000000E+003    -0.243710915108E-013     0.194600911984E-013     0.933852978187E-018
     0.591563327122E-004    -0.278500000000E+003    -0.182762963678E-013     0.161969461548E-013     0.103866275155E-017
     0.637057092900E-004    -0.278500000000E+003    -0.243791805720E-013     0.130525801744E-013     0.116446879133E-017
     0.685280482021E-004    -0.278500000000E+003    -0.243710915108E-013     0.194600911984E-013     0.131486433379E-017
     0.736397271730E-004    -0.278500000000E+003    -0.243710915108E-013     0.194600911984E-013     0.147428360018E-017
     0.790581065897E-004    -0.278500000000E+003    -0.304658866538E-013     0.227232362421E-013     0.168021878235E-017
     0.848015884613E-004    -0.278500000000E+003    -0.365525927356E-013     0.323938923097E-013     0.196073694562E-017
     0.908896789166E-004    -0.278500000000E+003    -0.304658866538E-013     0.227232362421E-013     0.219212569133E-017
     0.973430544509E-004    -0.278500000000E+003    -0.304577975926E-013     0.291307472661E-013     0.246410908656E-017
     0.104183632148E-003    -0.278500000000E+003    -0.365606817968E-013     0.259863812857E-013     0.277094353778E-017
     0.111434644115E-003    -0.278500000000E+003    -0.365525927356E-013     0.323938923097E-013     0.312509117930E-017
     0.119120716386E-003    -0.278500000000E+003    -0.365525927356E-013     0.323938923097E-013     0.350048765904E-017
     0.127267952553E-003    -0.278500000000E+003    -0.426554769398E-013     0.292495263293E-013     0.392186792007E-017
     0.135904022424E-003    -0.278500000000E+003    -0.426554769398E-013     0.292495263293E-013     0.436853097264E-017
     0.145058255993E-003    -0.278500000000E+003    -0.365606817968E-013     0.259863812857E-013     0.477914457252E-017
     0.154761743052E-003    -0.278500000000E+003    -0.365687708580E-013     0.195788702616E-013     0.518164717641E-017
     0.165047438780E-003    -0.278500000000E+003    -0.365687708580E-013     0.195788702616E-013     0.560829991350E-017
     0.175950275662E-003    -0.278500000000E+003    -0.304739757150E-013     0.163157252180E-013     0.598517647758E-017
     0.187507282134E-003    -0.278500000000E+003    -0.365687708580E-013     0.195788702616E-013     0.646456344122E-017
     0.199757708333E-003    -0.278500000000E+003    -0.304739757150E-013     0.163157252180E-013     0.688802190291E-017
     0.212743159403E-003    -0.278500000000E+003    -0.304820647761E-013     0.990821419401E-014     0.730423123168E-017
     0.226507736794E-003    -0.278500000000E+003    -0.121976793471E-013     0.118779063192E-015     0.747213509326E-017
     0.241098188040E-003    -0.278500000000E+003    -0.608670608183E-014     0.967065606763E-014     0.763885587072E-017
     0.256564065527E-003    -0.278500000000E+003    -0.121895902860E-013     0.652629008721E-014     0.785269844510E-017
     0.272957894778E-003    -0.278500000000E+003    -0.243791805720E-013     0.130525801744E-013     0.830604467832E-017
     0.290335352846E-003    -0.278500000000E+003    -0.304901538373E-013     0.350070316999E-014     0.883936687951E-017
     0.308755457403E-003    -0.278500000000E+003    -0.243953586943E-013     0.237558126384E-015     0.928875324251E-017
     0.328280767180E-003    -0.278500000000E+003    -0.305063319596E-013    -0.931431887805E-014     0.991154415701E-017
     0.348977594427E-003    -0.278500000000E+003    -0.366253942861E-013    -0.252737069065E-013     0.108325366368E-016
     0.370916230124E-003    -0.278500000000E+003    -0.305629553877E-013    -0.541668960462E-013     0.121969975342E-016
     0.394171182707E-003    -0.278500000000E+003    -0.245328727340E-013    -0.108690129282E-012     0.147881676259E-016
     0.418821431115E-003    -0.278500000000E+003    -0.307570928555E-013    -0.207947160623E-012     0.199698832259E-016
     0.444950693017E-003    -0.278500000000E+003    -0.309593193845E-013    -0.368134936223E-012     0.296229326505E-016
     0.472647709137E-003    -0.278500000000E+003    -0.312909708921E-013    -0.630842888208E-012     0.471168792195E-016
     0.502006544641E-003    -0.278500000000E+003    -0.379439112551E-013    -0.106969800382E-011     0.785417182337E-016
     0.533126908594E-003    -0.278500000000E+003    -0.327793581454E-013    -0.180982491663E-011     0.134873365596E-015
     0.566114492604E-003    -0.278500000000E+003    -0.221428676021E-013    -0.304659332333E-011     0.235375773203E-015
     0.601081329767E-003    -0.278500000000E+003    -0.247475452954E-013    -0.510981187306E-011     0.414051828380E-015
     0.638146175159E-003    -0.278500000000E+003    -0.229884869339E-013    -0.854750092698E-011     0.730864774536E-015
     0.677434909153E-003    -0.278500000000E+003    -0.179658048353E-013    -0.142310819843E-010     0.128998641462E-014
     0.719080964939E-003    -0.278500000000E+003    -0.544518792318E-014    -0.236375457257E-010     0.227439698868E-014
     0.763225781689E-003    -0.278500000000E+003    -0.680913205067E-014    -0.392111794382E-010     0.400536734564E-014
     0.810019284919E-003    -0.278500000000E+003     0.348201118989E-014    -0.648768805716E-010     0.704118387054E-014
     0.859620395664E-003    -0.278499999999E+003     0.233611742315E-013    -0.107103090894E-009     0.123536162695E-013
     0.912197570216E-003    -0.278499999999E+003     0.395461186503E-013    -0.176410943508E-009     0.216288054723E-013
     0.967929372233E-003    -0.278499999998E+003     0.670320891918E-013    -0.289908849183E-009     0.377859484897E-013
     0.102700507918E-002    -0.278499999997E+003     0.131846560260E-012    -0.475290664462E-009     0.658640815792E-013
     0.108962532517E-002    -0.278499999995E+003     0.232348685005E-012    -0.777335814641E-009     0.114541043680E-012
     0.115600278233E-002    -0.278499999992E+003     0.381172309995E-012    -0.126816504967E-008     0.198718618740E-012
     0.122636288312E-002    -0.278499999987E+003     0.615105201225E-012    -0.206357028296E-008     0.343911638292E-012
     0.130094458593E-002    -0.278499999980E+003     0.986756061356E-012    -0.334893961852E-008     0.593681268506E-012
     0.138000118665E-002    -0.278499999967E+003     0.154366296707E-011    -0.541996136171E-008     0.102216500715E-011
     0.146380117888E-002    -0.278499999946E+003     0.243640611939E-011    -0.874674902688E-008     0.175514253612E-011
     0.155262916586E-002    -0.278499999914E+003     0.381063816257E-011    -0.140738595589E-007     0.300529519551E-011
     0.164678682697E-002    -0.278499999861E+003     0.591526784408E-011    -0.225761526009E-007     0.513101299423E-011
     0.174659394236E-002    -0.278499999777E+003     0.912716331382E-011    -0.361001005665E-007     0.873406001214E-011
     0.185238947896E-002    -0.278499999644E+003     0.140121690418E-010    -0.575357594332E-007     0.148210867356E-010
     0.196453274170E-002    -0.278499999433E+003     0.213855800926E-010    -0.913872434596E-007     0.250695506708E-010
     0.208340459379E-002    -0.278499999100E+003     0.324152848616E-010    -0.144642745530E-006     0.422635021552E-010
     0.220940875020E-002    -0.278499998576E+003     0.488219465344E-010    -0.228094278340E-006     0.710043299386E-010
     0.234297314879E-002    -0.278499997756E+003     0.730139467219E-010    -0.358327469438E-006     0.118864123886E-009
     0.248455140365E-002    -0.278499996475E+003     0.108348294149E-009    -0.560703399780E-006     0.198247534203E-009
     0.263462434571E-002    -0.278499994486E+003     0.159477874323E-009    -0.873798669643E-006     0.329381073502E-009
     0.279370165569E-002    -0.278499991408E+003     0.232667238416E-009    -0.135597190309E-005     0.545085439440E-009
     0.296232359518E-002    -0.278499986668E+003     0.336236948259E-009    -0.209500726825E-005     0.898349632797E-009
     0.314106284138E-002    -0.278499979401E+003     0.480905213391E-009    -0.322217282966E-005     0.147427838193E-008
     0.333052643213E-002    -0.278499968312E+003     0.680059106859E-009    -0.493255710881E-005     0.240881837222E-008
     0.353135782749E-002    -0.278499951477E+003     0.949679411488E-009    -0.751425034128E-005     0.391791576535E-008
     0.374423909507E-002    -0.278499926045E+003     0.130767383736E-008    -0.113898643327E-004     0.634260453807E-008
     0.396989322653E-002    -0.278499887830E+003     0.177204786347E-008    -0.171750847048E-004     0.102182333805E-007
     0.420908659296E-002    -0.278499830717E+003     0.235730510152E-008    -0.257604765533E-004     0.163799685139E-007
     0.446263154769E-002    -0.278499745837E+003     0.306766889248E-008    -0.384246641402E-004     0.261223482750E-007
     0.473138918520E-002    -0.278499620415E+003     0.388594387085E-008    -0.569893134466E-004     0.414386615557E-007
     0.501627226558E-002    -0.278499436182E+003     0.475530890426E-008    -0.840290684255E-004     0.653771214485E-007
     0.531824831448E-002    -0.278499167207E+003     0.555152643921E-008    -0.123152694680E-003     0.102566285637E-006
     0.563834290904E-002    -0.278498776964E+003     0.604110145931E-008    -0.179375061564E-003     0.159983273275E-006
     0.597764316095E-002    -0.278498214411E+003     0.582073684909E-008    -0.259603055903E-003     0.248066655562E-006
     0.633730140856E-002    -0.278497408799E+003     0.423167755063E-008    -0.373261751585E-003     0.382313323047E-006
     0.671853913045E-002    -0.278496262884E+003     0.241708356053E-009    -0.533089705115E-003     0.585547227789E-006
     0.712265109384E-002    -0.278494644160E+003    -0.771367740262E-008    -0.756133488968E-003     0.891109816616E-006
     0.755100975191E-002    -0.278492373675E+003    -0.219396983750E-007    -0.106497073067E-002     0.134729924979E-005
     0.800506990496E-002    -0.278489211946E+003    -0.457495138488E-007    -0.148918707331E-002     0.202347976052E-005
     0.848637364120E-002    -0.278484841493E+003    -0.837980237875E-007    -0.206712460138E-002     0.301839455526E-005
     0.899655557408E-002    -0.278478845477E+003    -0.142488189526E-006    -0.284790638752E-002     0.447134494252E-005
     0.953734839373E-002    -0.278470682003E+003    -0.230451896156E-006    -0.389372306859E-002     0.657704242344E-005
     0.101105887516E-001    -0.278459653717E+003    -0.359101985404E-006    -0.528234225858E-002     0.960509419726E-005
     0.107182234982E-001    -0.278444872501E+003    -0.543244196977E-006    -0.710977022951E-002     0.139252376414E-004
     0.113623162948E-001    -0.278425219269E+003    -0.801728952493E-006    -0.949295851501E-002     0.200395838611E-004
     0.120450546223E-001    -0.278399299184E+003    -0.115811127992E-005    -0.125724078043E-001     0.286232485748E-004
     0.127687572104E-001    -0.278365392972E+003    -0.164127548922E-005    -0.165144807154E-001     0.405748210689E-004
     0.135358819124E-001    -0.278321405438E+003    -0.228596810139E-005    -0.215131979107E-001     0.570781266982E-004
     0.143490340526E-001    -0.278264812772E+003    -0.313317032052E-005    -0.277912636292E-001     0.796766523412E-004
     0.152109752747E-001    -0.278192610711E+003    -0.423023005156E-005    -0.356000526754E-001     0.110361805468E-003
     0.161246329208E-001    -0.278101266095E+003    -0.563066512739E-005    -0.452182967433E-001     0.151675848351E-003
     0.170931099734E-001    -0.277986674730E+003    -0.739354238656E-005    -0.569492382880E-001     0.206829879261E-003
     0.181196955938E-001    -0.277844128757E+003    -0.958233763172E-005    -0.711160778316E-001     0.279836622800E-003
     0.192078762926E-001    -0.277668296822E+003    -0.122631853884E-004    -0.880556257980E-001     0.375657056144E-003
     0.203613477710E-001    -0.277453220216E+003    -0.155024398137E-004    -0.108110179663E+000     0.500359066200E-003
     0.215840274722E-001    -0.277192327830E+003    -0.193634919110E-004    -0.131617774806E+000     0.661285449510E-003
     0.228800678855E-001    -0.276878472153E+003    -0.239028246948E-004    -0.158901093066E+000     0.867227690169E-003
     0.242538706494E-001    -0.276503987720E+003    -0.291653403300E-004    -0.190255444365E+000     0.112860114856E-002
     0.257101015006E-001    -0.276060772410E+003    -0.351790668399E-004    -0.225936350222E+000     0.145761663614E-002
     0.272537061195E-001    -0.275540390818E+003    -0.419494409171E-004    -0.266147340621E+000     0.186844290553E-002
     0.288899269272E-001    -0.274934197742E+003    -0.494534720624E-004    -0.311028616641E+000     0.237735440630E-002
     0.306243208897E-001    -0.274233478670E+003    -0.576342036922E-004    -0.360647223534E+000     0.300285878139E-002
     0.324627783907E-001    -0.273429603089E+003    -0.663959933101E-004    -0.414989320670E+000     0.376579902059E-002
     0.344115432366E-001    -0.272514185659E+003    -0.756012102000E-004    -0.473955029304E+000     0.468942593199E-002
     0.364772338618E-001    -0.271479249734E+003    -0.850689763254E-004    -0.537356195135E+000     0.579943760056E-002
     0.386668658063E-001    -0.270317387480E+003    -0.945765321657E-004    -0.604917232730E+000     0.712398371329E-002
     0.409878755421E-001    -0.269021910996E+003    -0.103863678608E-003    -0.676279038316E+000     0.869363396388E-002
     0.434481457293E-001    -0.267586989224E+003    -0.112640525289E-003    -0.751005781828E+000     0.105413111201E-001
     0.460560319869E-001    -0.266007766179E+003    -0.120598476944E-003    -0.828594233115E+000     0.127021906567E-001
     0.488203912708E-001    -0.264280456938E+003    -0.127424041082E-003    -0.908485152302E+000     0.152135700464E-001
     0.517506119535E-001    -0.262402418879E+003    -0.132814682781E-003    -0.990076188445E+000     0.181147117974E-001
     0.548566457095E-001    -0.260372196815E+003    -0.136495639797E-003    -0.107273568706E+001     0.214466650796E-001
     0.581490413132E-001    -0.258189541753E+003    -0.138236391949E-003    -0.115581680515E+001     0.252520712748E-001
     0.616389804647E-001    -0.255855404055E+003    -0.137865396158E-003    -0.123867136743E+001     0.295749590026E-001
     0.653383157655E-001    -0.253371902680E+003    -0.135281774532E-003    -0.132066296289E+001     0.344605341474E-001
     0.692596109728E-001    -0.250742272900E+003    -0.130462878517E-003    -0.140117886745E+001     0.399549701486E-001
     0.734161836681E-001    -0.247970795454E+003    -0.123467022200E-003    -0.147964047782E+001     0.461052033790E-001
     0.778221504872E-001    -0.245062710423E+003    -0.114431135092E-003    -0.155551204513E+001     0.529587378552E-001
     0.824924750635E-001    -0.242024119296E+003    -0.103563572442E-003    -0.162830759641E+001     0.605634628557E-001
     0.874430188470E-001    -0.238861878669E+003    -0.911327707648E-004    -0.169759602270E+001     0.689674863050E-001
     0.926905949743E-001    -0.235583488920E+003    -0.774527940612E-004    -0.176300438985E+001     0.782189860624E-001
     0.982530253690E-001    -0.232196980899E+003    -0.628670364585E-004    -0.182421958977E+001     0.883660805611E-001
     0.104149201269E+000    -0.228710803400E+003    -0.477314187427E-004    -0.188098849574E+001     0.994567196015E-001
     0.110399147386E+000    -0.225133713737E+003    -0.323983300579E-004    -0.193311681551E+001     0.111538595537E+000
     0.117024089912E+000    -0.221474673392E+003    -0.172023626426E-004    -0.198046685143E+001     0.124659074603E+000
     0.124046528610E+000    -0.217742750264E+003    -0.244859228607E-005    -0.202295438130E+001     0.138865147736E+000
     0.131490313229E+000    -0.213947028657E+003     0.115961691794E-004    -0.206054486692E+001     0.154203399923E+000
     0.139380724499E+000    -0.210096527784E+003     0.247090454903E-004    -0.209324918443E+001     0.170719996879E+000
     0.147744559993E+000    -0.206200129223E+003     0.367138560668E-004    -0.212111905197E+001     0.188460687697E+000
     0.156610225139E+000    -0.202266513504E+003     0.474813310493E-004    -0.214424230848E+001     0.207470821999E+000
     0.166007829686E+000    -0.198304105719E+003     0.569272619658E-004    -0.216273817475E+001     0.227795380111E+000
     0.175969289968E+000    -0.194321029911E+003     0.650091082430E-004    -0.217675260462E+001     0.249479014736E+000
     0.185969289968E+000    -0.190526134334E+003     0.714455660150E-004    -0.218615430360E+001     0.271340557784E+000
     0.195969289968E+000    -0.186920572084E+003     0.764510757076E-004    -0.219168442127E+001     0.293257402010E+000
     0.205969289968E+000    -0.183491057418E+003     0.802447433908E-004    -0.219399887945E+001     0.315197390819E+000
     0.215969289968E+000    -0.180225280766E+003     0.830186862100E-004    -0.219364022798E+001     0.337133793114E+000
     0.225969289968E+000    -0.177111880468E+003     0.849393530534E-004    -0.219105860110E+001     0.359044379142E+000
     0.235969289968E+000    -0.174140395419E+003     0.861497053017E-004    -0.218662857749E+001     0.380910664934E+000
     0.245969289968E+000    -0.171301207747E+003     0.867717359317E-004    -0.218066276821E+001     0.402717292633E+000
     0.255969289968E+000    -0.168585481392E+003     0.869090267236E-004    -0.217342279396E+001     0.424451520590E+000
     0.265969289968E+000    -0.165985100268E+003     0.866491799862E-004    -0.216512817807E+001     0.446102802388E+000
     0.275969289968E+000    -0.163492608222E+003     0.860660431239E-004    -0.215596357302E+001     0.467662438136E+000
     0.285969289968E+000    -0.161101152110E+003     0.852216981474E-004    -0.214608465218E+001     0.489123284674E+000
     0.295969289968E+000    -0.158804428646E+003     0.841682073943E-004    -0.213562292926E+001     0.510479513983E+000
     0.305969289968E+000    -0.156596635318E+003     0.829491290469E-004    -0.212468971383E+001     0.531726411138E+000
     0.315969289968E+000    -0.154472425392E+003     0.816008231779E-004    -0.211337936876E+001     0.552860204841E+000
     0.325969289968E+000    -0.152426866884E+003     0.801535707070E-004    -0.210177200170E+001     0.573877924873E+000
     0.335969289968E+000    -0.150455405286E+003     0.786325281476E-004    -0.208993569627E+001     0.594777281851E+000
     0.345969289968E+000    -0.148553829796E+003     0.770585396015E-004    -0.207792836756E+001     0.615556565541E+000
     0.355969289968E+000    -0.146718242756E+003     0.754488249233E-004    -0.206579931009E+001     0.636214558656E+000
     0.365969289968E+000    -0.144945032042E+003     0.738175624129E-004    -0.205359049300E+001     0.656750463599E+000
     0.375969289968E+000    -0.143230846112E+003     0.721763809142E-004    -0.204133764699E+001     0.677163840081E+000
     0.385969289968E+000    -0.141572571480E+003     0.705347748136E-004    -0.202907117903E+001     0.697454551884E+000
     0.395969289968E+000    -0.139967312359E+003     0.689004539588E-004    -0.201681694419E+001     0.717622721338E+000
     0.405969289968E+000    -0.138412372264E+003     0.672796382391E-004    -0.200459689869E+001     0.737668690336E+000
     0.415969289968E+000    -0.136905237383E+003     0.656773051161E-004    -0.199242965368E+001     0.757592986883E+000
     0.425969289968E+000    -0.135443561515E+003     0.640973978089E-004    -0.198033094618E+001     0.777396296356E+000
     0.435969289968E+000    -0.134024804643E+003     0.625317691800E-004    -0.196833586495E+001     0.797079655015E+000
     0.445969289968E+000    -0.132647285204E+003     0.609993638302E-004    -0.195642970819E+001     0.816643952106E+000
     0.455969289968E+000    -0.131309087032E+003     0.595002867167E-004    -0.194462226987E+001     0.836090174814E+000
     0.465969289968E+000    -0.130008412314E+003     0.580343357147E-004    -0.193292175171E+001     0.855419392340E+000
     0.475969289968E+000    -0.128743572608E+003     0.566013632177E-004    -0.192133496396E+001     0.874632741988E+000
     0.485969289968E+000    -0.127512980832E+003     0.552012923056E-004    -0.190986749252E+001     0.893731416921E+000
     0.495969289968E+000    -0.126315143976E+003     0.538340539684E-004    -0.189852384792E+001     0.912716655408E+000
     0.505969289968E+000    -0.125148656401E+003     0.524995329390E-004    -0.188730760081E+001     0.931589731423E+000
     0.515969289968E+000    -0.124012193664E+003     0.511975386944E-004    -0.187622150437E+001     0.950351946474E+000
     0.525969289968E+000    -0.122904506804E+003     0.499277959160E-004    -0.186526760350E+001     0.969004622516E+000
     0.535969289968E+000    -0.121824417073E+003     0.486899465839E-004    -0.185444733121E+001     0.987549095834E+000
     0.545969289968E+000    -0.120770811072E+003     0.474835586680E-004    -0.184376159304E+001     0.100598671177E+001
     0.555969289968E+000    -0.119742636268E+003     0.463081371023E-004    -0.183321084053E+001     0.102431882018E+001
     0.565969289968E+000    -0.118738896862E+003     0.451631353509E-004    -0.182279513518E+001     0.104254677154E+001
     0.575969289968E+000    -0.117758649976E+003     0.440479663961E-004    -0.181251420393E+001     0.106067191358E+001
     0.585969289968E+000    -0.116801002143E+003     0.429620126068E-004    -0.180236748729E+001     0.107869558846E+001
     0.595969289968E+000    -0.115865106062E+003     0.419046343133E-004    -0.179235418116E+001     0.109661913028E+001
     0.605969289968E+000    -0.114950157609E+003     0.408751772211E-004    -0.178247327315E+001     0.111444386301E+001
     0.615969289968E+000    -0.114055393069E+003     0.398729784450E-004    -0.177272357417E+001     0.113217109876E+001
     0.625969289968E+000    -0.113180086581E+003     0.388973716644E-004    -0.176310374589E+001     0.114980213622E+001
     0.635969289968E+000    -0.112323547775E+003     0.379476912537E-004    -0.175361232466E+001     0.116733825947E+001
     0.645969289968E+000    -0.111485119576E+003     0.370232755919E-004    -0.174424774230E+001     0.118478073690E+001
     0.655969289968E+000    -0.110664176177E+003     0.361234697513E-004    -0.173500834429E+001     0.120213082035E+001
     0.665969289968E+000    -0.109860121157E+003     0.352476275906E-004    -0.172589240555E+001     0.121938974441E+001
     0.675969289968E+000    -0.109072385728E+003     0.343951133864E-004    -0.171689814425E+001     0.123655872585E+001
     0.685969289968E+000    -0.108300427108E+003     0.335653030202E-004    -0.170802373378E+001     0.125363896319E+001
     0.695969289968E+000    -0.107543727017E+003     0.327575849796E-004    -0.169926731327E+001     0.127063163633E+001
     0.705969289968E+000    -0.106801790263E+003     0.319713608775E-004    -0.169062699664E+001     0.128753790630E+001
     0.715969289968E+000    -0.106074143430E+003     0.312060460075E-004    -0.168210088058E+001     0.130435891511E+001
     0.725969289968E+000    -0.105360333664E+003     0.304610695176E-004    -0.167368705145E+001     0.132109578563E+001
     0.735969289968E+000    -0.104659927522E+003     0.297358745886E-004    -0.166538359120E+001     0.133774962154E+001
     0.745969289968E+000    -0.103972509917E+003     0.290299183976E-004    -0.165718858265E+001     0.135432150737E+001
     0.755969289968E+000    -0.103297683116E+003     0.283426721378E-004    -0.164910011392E+001     0.137081250851E+001
