 #        time                      h  [L]            Darcian flow [L.T^{-1}]   in    x         z              directions   cumulative flux
 #-----------------------------------------------------------------------------------------------

     0.100000000000E-005    -0.280000000000E+003    -0.761005097869E-015    -0.528457402645E-015     0.926496619202E-021
     0.205999994278E-005    -0.280000000000E+003     0.761005097869E-015    -0.137382418161E-014     0.259124387227E-020
     0.318359982147E-005    -0.280000000000E+003     0.761005097869E-015    -0.422683389484E-015     0.356935031711E-020
     0.437461562859E-005    -0.280000000000E+003     0.152201019574E-014    -0.179650757110E-014     0.637366892470E-020
     0.563709231599E-005    -0.280000000000E+003     0.152201019574E-014    -0.274764836323E-014     0.103391495112E-019
     0.697531753239E-005    -0.280000000000E+003     0.761005097869E-015    -0.327610576587E-014     0.148400443306E-019
     0.839383618521E-005    -0.280000000000E+003     0.761005097869E-015    -0.327610576587E-014     0.196109925816E-019
     0.989746587602E-005    -0.280000000000E+003     0.761005097869E-015    -0.232496497374E-014     0.232893855713E-019
     0.114913132622E-004    -0.280000000000E+003    -0.152201019574E-014    -0.200805559742E-014     0.273053757026E-019
     0.131807914004E-004    -0.280000000000E+003    -0.761005097869E-015    -0.147959819477E-014     0.301163848391E-019
     0.149716381303E-004    -0.280000000000E+003    -0.349443457986E-030    -0.285342237639E-014     0.352264269706E-019
     0.168699355614E-004    -0.280000000000E+003    -0.349443457986E-030    -0.285342237639E-014     0.406430713376E-019
     0.188821307298E-004    -0.280000000000E+003    -0.761005097869E-015    -0.147959819477E-014     0.439910276531E-019
     0.210150574931E-004    -0.280000000000E+003    -0.761005097869E-015    -0.528457402645E-015     0.459671770883E-019
     0.232759597402E-004    -0.280000000000E+003    -0.232962305324E-030    -0.190228158426E-014     0.502680497968E-019
     0.256725159928E-004    -0.280000000000E+003    -0.761005097869E-015    -0.147959819477E-014     0.542555186901E-019
     0.282128654833E-004    -0.280000000000E+003    -0.761005097869E-015    -0.147959819477E-014     0.584822354888E-019
     0.309056357980E-004    -0.280000000000E+003    -0.152201019574E-014    -0.200805559742E-014     0.652671630189E-019
     0.337599721774E-004    -0.280000000000E+003    -0.761005097869E-015    -0.147959819477E-014     0.700163015012E-019
     0.367855685763E-004    -0.280000000000E+003    -0.228301529361E-014    -0.253651300007E-014     0.803415485303E-019
     0.399927005860E-004    -0.280000000000E+003    -0.152201019574E-014    -0.295919638955E-014     0.910138113755E-019
     0.433922603327E-004    -0.280000000000E+003    -0.228301529361E-014    -0.158537220794E-014     0.100462853212E-018
     0.469957934698E-004    -0.280000000000E+003    -0.228301529361E-014    -0.253651300007E-014     0.112760385636E-018
     0.508155383889E-004    -0.280000000000E+003    -0.761005097869E-015    -0.147959819477E-014     0.119115802509E-018
     0.548644677845E-004    -0.280000000000E+003    -0.761005097869E-015    -0.338187977903E-014     0.133151192786E-018
     0.591563327122E-004    -0.280000000000E+003    -0.152201019574E-014    -0.486147797381E-014     0.155014646596E-018
     0.637057092900E-004    -0.280000000000E+003    -0.152201019574E-014    -0.581261876594E-014     0.182349946656E-018
     0.685280482021E-004    -0.280000000000E+003    -0.304402039148E-014    -0.591839277910E-014     0.214444209220E-018
     0.736397271730E-004    -0.280000000000E+003    -0.304402039148E-014    -0.496725198697E-014     0.244223699941E-018
     0.790581065897E-004    -0.280000000000E+003    -0.228301529361E-014    -0.443879458432E-014     0.271269532084E-018
     0.848015884613E-004    -0.280000000000E+003    -0.228301529361E-014    -0.443879458432E-014     0.299938112608E-018
     0.908896789166E-004    -0.280000000000E+003    -0.304402039148E-014    -0.401611119484E-014     0.330618228407E-018
     0.973430544509E-004    -0.280000000000E+003    -0.152201019574E-014    -0.391033718168E-014     0.357697234949E-018
     0.104183632148E-003    -0.280000000000E+003    -0.152201019574E-014    -0.391033718168E-014     0.386400980334E-018
     0.111434644115E-003    -0.280000000000E+003    -0.152201019574E-014    -0.486147797381E-014     0.423338807571E-018
     0.119120716386E-003    -0.280000000000E+003    -0.304402039148E-014    -0.401611119484E-014     0.462071738533E-018
     0.127267952553E-003    -0.280000000000E+003    -0.152201019574E-014    -0.391033718168E-014     0.496258353010E-018
     0.135904022424E-003    -0.280000000000E+003    -0.761005097869E-015    -0.433302057116E-014     0.534251364163E-018
     0.145058255993E-003    -0.280000000000E+003    -0.761005097869E-015    -0.433302057116E-014     0.574523953811E-018
     0.154761743052E-003    -0.280000000000E+003    -0.228301529361E-014    -0.538993537645E-014     0.631323398151E-018
     0.165047438780E-003    -0.280000000000E+003    -0.304402039148E-014    -0.496725198697E-014     0.691245545497E-018
     0.175950275662E-003    -0.280000000000E+003    -0.304402039148E-014    -0.496725198697E-014     0.754763018255E-018
     0.187507282134E-003    -0.280000000000E+003    -0.304402039148E-014    -0.591839277910E-014     0.831678723874E-018
     0.199757708333E-003    -0.280000000000E+003    -0.380502548934E-014    -0.644685018174E-014     0.923385332773E-018
     0.212743159403E-003    -0.280000000000E+003    -0.380502548934E-014    -0.644685018174E-014     0.102059433296E-017
     0.226507736794E-003    -0.280000000000E+003    -0.304402039148E-014    -0.686953357123E-014     0.112401802944E-017
     0.241098188040E-003    -0.280000000000E+003    -0.380502548934E-014    -0.644685018174E-014     0.123324205025E-017
     0.256564065527E-003    -0.280000000000E+003    -0.304402039148E-014    -0.591839277910E-014     0.133617258705E-017
     0.272957894778E-003    -0.280000000000E+003    -0.380502548934E-014    -0.549570938961E-014     0.144575529979E-017
     0.290335352846E-003    -0.280000000000E+003    -0.304402039148E-014    -0.496725198697E-014     0.154699245773E-017
     0.308755457403E-003    -0.280000000000E+003    -0.380502548934E-014    -0.549570938961E-014     0.167011958047E-017
     0.328280767180E-003    -0.280000000000E+003    -0.380502548934E-014    -0.549570938961E-014     0.180063432353E-017
     0.348977594427E-003    -0.280000000000E+003    -0.380502548934E-014    -0.549570938961E-014     0.193897994371E-017
     0.370916230124E-003    -0.280000000000E+003    -0.380502548934E-014    -0.644685018174E-014     0.210321242436E-017
     0.394171182707E-003    -0.280000000000E+003    -0.380502548934E-014    -0.549570938961E-014     0.225865754641E-017
     0.418821431115E-003    -0.280000000000E+003    -0.380502548934E-014    -0.644685018174E-014     0.244318914174E-017
     0.444950693017E-003    -0.280000000000E+003    -0.380502548934E-014    -0.739799097387E-014     0.266056275633E-017
     0.472647709137E-003    -0.280000000000E+003    -0.380502548934E-014    -0.644685018174E-014     0.286790243446E-017
     0.502006544641E-003    -0.280000000000E+003    -0.380502548934E-014    -0.739799097387E-014     0.311214340145E-017
     0.533126908594E-003    -0.280000000000E+003    -0.380502548934E-014    -0.644685018174E-014     0.334511023865E-017
     0.566114492604E-003    -0.280000000000E+003    -0.228301529361E-014    -0.634107616858E-014     0.356743139623E-017
     0.601081329767E-003    -0.280000000000E+003    -0.380502548934E-014    -0.739799097387E-014     0.385832624866E-017
     0.638146175159E-003    -0.280000000000E+003    -0.456603058721E-014    -0.887758916865E-014     0.422834448097E-017
     0.677434909153E-003    -0.280000000000E+003    -0.456603058721E-014    -0.792644837652E-014     0.458773916935E-017
     0.719080964939E-003    -0.280000000000E+003    -0.456603058721E-014    -0.697530758439E-014     0.493493729667E-017
     0.763225781689E-003    -0.280000000000E+003    -0.380502548934E-014    -0.644685018174E-014     0.526540510072E-017
     0.810019284919E-003    -0.280000000000E+003    -0.380502548934E-014    -0.644685018174E-014     0.561570095410E-017
     0.859620395664E-003    -0.280000000000E+003    -0.304402039148E-014    -0.591839277910E-014     0.594581277344E-017
     0.912197570216E-003    -0.280000000000E+003    -0.380502548934E-014    -0.739799097387E-014     0.638321091045E-017
     0.967929372233E-003    -0.280000000000E+003    -0.380502548934E-014    -0.454456859748E-014     0.671354267435E-017
     0.102700507918E-002    -0.280000000000E+003    -0.456603058721E-014    -0.507302600013E-014     0.711674996789E-017
     0.108962532517E-002    -0.280000000000E+003    -0.380502548934E-014    -0.549570938961E-014     0.753532797810E-017
     0.115600278233E-002    -0.280000000000E+003    -0.380502548934E-014    -0.644685018174E-014     0.803222918013E-017
     0.122636288312E-002    -0.280000000000E+003    -0.380502548934E-014    -0.549570938961E-014     0.850254338162E-017
     0.130094458593E-002    -0.280000000000E+003    -0.380502548934E-014    -0.644685018174E-014     0.906086151195E-017
     0.138000118665E-002    -0.280000000000E+003    -0.456603058721E-014    -0.697530758439E-014     0.971994682512E-017
     0.146380117888E-002    -0.280000000000E+003    -0.380502548934E-014    -0.454456859748E-014     0.102166434731E-016
     0.155262916586E-002    -0.280000000000E+003    -0.532703568508E-014    -0.465034261065E-014     0.108447710079E-016
     0.164678682697E-002    -0.280000000000E+003    -0.532703568508E-014    -0.465034261065E-014     0.115105861588E-016
     0.174659394236E-002    -0.280000000000E+003    -0.456603058721E-014    -0.507302600013E-014     0.121917960663E-016
     0.185238947896E-002    -0.280000000000E+003    -0.304402039148E-014    -0.496725198697E-014     0.128081370413E-016
     0.196453274170E-002    -0.280000000000E+003    -0.380502548934E-014    -0.549570938961E-014     0.135577461020E-016
     0.208340459379E-002    -0.280000000000E+003    -0.456603058721E-014    -0.507302600013E-014     0.143690778700E-016
     0.220940875020E-002    -0.280000000000E+003    -0.380502548934E-014    -0.454456859748E-014     0.151159256972E-016
     0.234297314879E-002    -0.280000000000E+003    -0.532703568508E-014    -0.465034261065E-014     0.160603969081E-016
     0.248455140365E-002    -0.280000000000E+003    -0.532703568508E-014    -0.369920181852E-014     0.169785993295E-016
     0.263462434571E-002    -0.280000000000E+003    -0.456603058721E-014    -0.412188520800E-014     0.179017440097E-016
     0.279370165569E-002    -0.280000000000E+003    -0.380502548934E-014    -0.359342780536E-014     0.187342966941E-016
     0.296232359518E-002    -0.280000000000E+003    -0.456603058721E-014    -0.412188520800E-014     0.197715419448E-016
     0.314106284138E-002    -0.280000000000E+003    -0.380502548934E-014    -0.549570938961E-014     0.209663043870E-016
     0.333052643213E-002    -0.280000000000E+003    -0.532703568508E-014    -0.655262419490E-014     0.225662814252E-016
     0.353135782749E-002    -0.280000000000E+003    -0.456603058721E-014    -0.602416679226E-014     0.240843757711E-016
     0.374423909507E-002    -0.280000000000E+003    -0.380502548934E-014    -0.549570938961E-014     0.255073567255E-016
     0.396989322653E-002    -0.280000000000E+003    -0.228301529361E-014    -0.538993537645E-014     0.268282251104E-016
     0.420908659296E-002    -0.280000000000E+003    -0.380502548934E-014    -0.549570938961E-014     0.284270863382E-016
     0.446263154769E-002    -0.280000000000E+003    -0.228301529361E-014    -0.538993537645E-014     0.299112138952E-016
     0.473138918520E-002    -0.280000000000E+003    -0.304402039148E-014    -0.686953357123E-014     0.319305936072E-016
     0.501627226558E-002    -0.280000000000E+003    -0.380502548934E-014    -0.644685018174E-014     0.340632264488E-016
     0.531824831448E-002    -0.280000000000E+003    -0.456603058721E-014    -0.697530758439E-014     0.365807642250E-016
     0.563834290904E-002    -0.280000000000E+003    -0.456603058721E-014    -0.697530758439E-014     0.392493541238E-016
     0.597764316095E-002    -0.280000000000E+003    -0.380502548934E-014    -0.644685018174E-014     0.417893535488E-016
     0.633730140856E-002    -0.280000000000E+003    -0.456603058721E-014    -0.697530758439E-014     0.447877808353E-016
     0.671853913045E-002    -0.280000000000E+003    -0.380502548934E-014    -0.549570938961E-014     0.473361216241E-016
     0.712265109384E-002    -0.280000000000E+003    -0.456603058721E-014    -0.697530758439E-014     0.507051541595E-016
     0.755100975191E-002    -0.280000000000E+003    -0.532703568508E-014    -0.655262419490E-014     0.543225458404E-016
     0.800506990496E-002    -0.280000000000E+003    -0.456603058721E-014    -0.602416679226E-014     0.577548087586E-016
     0.848637364120E-002    -0.280000000000E+003    -0.532703568508E-014    -0.655262419490E-014     0.618193096124E-016
     0.899655557408E-002    -0.280000000000E+003    -0.532703568508E-014    -0.845490577916E-014     0.669176263839E-016
     0.953734839373E-002    -0.280000000000E+003    -0.456603058721E-014    -0.887758916865E-014     0.723163593628E-016
     0.101105887516E-001    -0.280000000000E+003    -0.456603058721E-014    -0.982872996078E-014     0.785288824654E-016
     0.107182234982E-001    -0.280000000000E+003    -0.532703568508E-014    -0.103571873634E-013     0.856059008056E-016
     0.113623162948E-001    -0.280000000000E+003    -0.456603058721E-014    -0.107798707529E-013     0.931463061726E-016
     0.120450546223E-001    -0.280000000000E+003    -0.380502548934E-014    -0.930027255813E-014     0.100006834068E-015
     0.127687572104E-001    -0.280000000000E+003    -0.380502548934E-014    -0.102514133503E-013     0.107920371953E-015
     0.135358819124E-001    -0.280000000000E+003    -0.380502548934E-014    -0.112025541424E-013     0.116996317584E-015
     0.143490340526E-001    -0.280000000000E+003    -0.532703568508E-014    -0.122594689477E-013     0.127865576214E-015
     0.152109752747E-001    -0.280000000000E+003    -0.532703568508E-014    -0.113083281555E-013     0.138640034386E-015
     0.161246329208E-001    -0.280000000000E+003    -0.456603058721E-014    -0.107798707529E-013     0.149336240049E-015
     0.170931099734E-001    -0.280000000000E+003    -0.456603058721E-014    -0.107798707529E-013     0.160674217440E-015
     0.181196955938E-001    -0.280000000000E+003    -0.456603058721E-014    -0.982872996078E-014     0.171799894122E-015
     0.192078762926E-001    -0.280000000000E+003    -0.456603058721E-014    -0.982872996078E-014     0.183593110768E-015
     0.203613477710E-001    -0.280000000000E+003    -0.228301529361E-014    -0.110967801292E-013     0.196661015537E-015
     0.215840274722E-001    -0.280000000000E+003    -0.228301529361E-014    -0.110967801292E-013     0.210512993844E-015
     0.228800678855E-001    -0.280000000000E+003    -0.228301529361E-014    -0.110967801292E-013     0.225196090056E-015
     0.242538706494E-001    -0.280000000000E+003    -0.228301529361E-014    -0.110967801292E-013     0.240760171202E-015
     0.257101015006E-001    -0.280000000000E+003    -0.228301529361E-014    -0.110967801292E-013     0.257258096325E-015
     0.272537061195E-001    -0.280000000000E+003    -0.304402039148E-014    -0.116252375319E-013     0.275807844718E-015
     0.288899269272E-001    -0.280000000000E+003    -0.228301529361E-014    -0.110967801292E-013     0.294344911385E-015
     0.306243208897E-001    -0.280000000000E+003    -0.228301529361E-014    -0.101456393371E-013     0.312381454218E-015
     0.324627783907E-001    -0.280000000000E+003    -0.152201019574E-014    -0.115194635187E-013     0.333743551537E-015
     0.344115432366E-001    -0.280000000000E+003    -0.152201019574E-014    -0.105683227266E-013     0.354551210216E-015
     0.364772338618E-001    -0.280000000000E+003    -0.228301529361E-014    -0.101456393371E-013     0.376033017837E-015
     0.386668658063E-001    -0.280000000000E+003    -0.228301529361E-014    -0.110967801292E-013     0.400839787889E-015
     0.409878755421E-001    -0.280000000000E+003    -0.228301529361E-014    -0.110967801292E-013     0.427134962725E-015
     0.434481457293E-001    -0.280000000000E+003    -0.152201019574E-014    -0.105683227266E-013     0.453404146727E-015
     0.460560319869E-001    -0.280000000000E+003    -0.380502548934E-014    -0.112025541424E-013     0.484258366157E-015
     0.488203912708E-001    -0.280000000000E+003    -0.304402039148E-014    -0.106740967397E-013     0.514941808005E-015
     0.517506119535E-001    -0.280000000000E+003    -0.456603058721E-014    -0.117310115450E-013     0.551828301569E-015
     0.548566457095E-001    -0.280000000000E+003    -0.456603058721E-014    -0.117310115450E-013     0.590927982636E-015
     0.581490413132E-001    -0.280000000000E+003    -0.380502548934E-014    -0.102514133503E-013     0.626929646539E-015
     0.616389804647E-001    -0.280000000000E+003    -0.304402039148E-014    -0.116252375319E-013     0.668868814363E-015
     0.653383157655E-001    -0.280000000000E+003    -0.304402039148E-014    -0.972295594761E-014     0.706558838556E-015
     0.692596109728E-001    -0.280000000000E+003    -0.380502548934E-014    -0.739799097387E-014     0.739180736422E-015
     0.734161836681E-001    -0.280000000000E+003    -0.380502548934E-014    -0.739799097387E-014     0.773759946293E-015
     0.778221504872E-001    -0.280000000000E+003    -0.380502548934E-014    -0.834913176600E-014     0.814186035290E-015
     0.824924750635E-001    -0.280000000000E+003    -0.380502548934E-014    -0.834913176600E-014     0.857037687312E-015
     0.874430188470E-001    -0.280000000000E+003    -0.456603058721E-014    -0.982872996078E-014     0.910689470900E-015
     0.926905949743E-001    -0.280000000000E+003    -0.456603058721E-014    -0.982872996078E-014     0.967560358434E-015
     0.982530253690E-001    -0.280000000000E+003    -0.608804078295E-014    -0.993450397394E-014     0.103237129248E-014
     0.104149201269E+000    -0.280000000000E+003    -0.684904588082E-014    -0.104629613766E-013     0.110610484991E-014
     0.110399147386E+000    -0.280000000000E+003    -0.837105607656E-014    -0.866645380549E-014     0.118141138445E-014
     0.117024089912E+000    -0.280000000000E+003    -0.761005097869E-014    -0.908913719497E-014     0.125994568161E-014
     0.124046528610E+000    -0.280000000000E+003    -0.684904588082E-014    -0.760953900020E-014     0.133184067825E-014
     0.131490313229E+000    -0.280000000000E+003    -0.684904588082E-014    -0.951182058445E-014     0.141909001423E-014
     0.139380724499E+000    -0.280000000000E+003    -0.761005097869E-014    -0.813799640284E-014     0.150700345309E-014
     0.147744559993E+000    -0.280000000000E+003    -0.608804078295E-014    -0.517880001329E-014     0.157385358169E-014
     0.156610225139E+000    -0.280000000000E+003    -0.684904588082E-014    -0.665839820807E-014     0.165853980374E-014
     0.166007829686E+000    -0.280000000000E+003    -0.608804078295E-014    -0.612994080542E-014     0.173973011159E-014
     0.175969289968E+000    -0.280000000000E+003    -0.456603058721E-014    -0.602416679226E-014     0.181502927737E-014
     0.185969289968E+000    -0.280000000000E+003    -0.380502548934E-014    -0.549570938961E-014     0.188187315568E-014
     0.195969289968E+000    -0.280000000000E+003    -0.456603058721E-014    -0.507302600013E-014     0.195012579528E-014
     0.205969289968E+000    -0.280000000000E+003    -0.380502548934E-014    -0.359342780536E-014     0.200246215202E-014
     0.215969289968E+000    -0.280000000000E+003    -0.380502548934E-014    -0.264228701323E-014     0.204878698298E-014
     0.225969289968E+000    -0.280000000000E+003    -0.380502548934E-014    -0.264228701323E-014     0.209511181394E-014
     0.235969289968E+000    -0.280000000000E+003    -0.380502548934E-014    -0.264228701323E-014     0.214143664490E-014
     0.245969289968E+000    -0.280000000000E+003    -0.380502548934E-014    -0.264228701323E-014     0.218776147586E-014
     0.255969289968E+000    -0.280000000000E+003    -0.380502548934E-014    -0.264228701323E-014     0.223408630682E-014
     0.265969289968E+000    -0.280000000000E+003    -0.304402039148E-014    -0.211382961058E-014     0.227114617158E-014
     0.275969289968E+000    -0.280000000000E+003    -0.152201019574E-014    -0.200805559742E-014     0.229634300138E-014
     0.285969289968E+000    -0.280000000000E+003    -0.228301529361E-014    -0.634231415807E-015     0.232003774409E-014
     0.295969289968E+000    -0.280000000000E+003    -0.456603058721E-014     0.158495954477E-014     0.236837068532E-014
     0.305969289968E+000    -0.280000000000E+003    -0.684904588082E-014     0.285300971322E-014     0.244256576191E-014
     0.315969289968E+000    -0.280000000000E+003    -0.684904588082E-014     0.380415050535E-014     0.252091178322E-014
     0.325969289968E+000    -0.280000000000E+003    -0.684904588082E-014     0.475529129748E-014     0.260429177170E-014
     0.335969289968E+000    -0.280000000000E+003    -0.684904588082E-014     0.475529129748E-014     0.268767176019E-014
     0.345969289968E+000    -0.280000000000E+003    -0.761005097869E-014     0.422683389484E-014     0.277472289498E-014
     0.355969289968E+000    -0.280000000000E+003    -0.913206117443E-014     0.316991908955E-014     0.287138877744E-014
     0.365969289968E+000    -0.280000000000E+003    -0.106540713702E-013     0.306414507638E-014     0.298224824786E-014
     0.375969289968E+000    -0.280000000000E+003    -0.114150764680E-013     0.443796925800E-014     0.310472254798E-014
     0.385969289968E+000    -0.280000000000E+003    -0.106540713702E-013     0.496642666064E-014     0.322227025342E-014
     0.395969289968E+000    -0.280000000000E+003    -0.114150764680E-013     0.443796925800E-014     0.334474455354E-014
     0.405969289968E+000    -0.280000000000E+003    -0.114150764680E-013     0.443796925800E-014     0.346721885366E-014
     0.415969289968E+000    -0.280000000000E+003    -0.121760815659E-013     0.486065264748E-014     0.359832297505E-014
     0.425969289968E+000    -0.280000000000E+003    -0.106540713702E-013     0.591756745277E-014     0.372019456375E-014
     0.435969289968E+000    -0.280000000000E+003    -0.989306627229E-014     0.644602485542E-014     0.383827250272E-014
     0.445969289968E+000    -0.280000000000E+003    -0.989306627229E-014     0.644602485542E-014     0.395635044169E-014
     0.455969289968E+000    -0.280000000000E+003    -0.913206117443E-014     0.697448225806E-014     0.407125820646E-014
     0.465969289968E+000    -0.280000000000E+003    -0.837105607656E-014     0.845408045284E-014     0.419023133626E-014
     0.475969289968E+000    -0.280000000000E+003    -0.684904588082E-014     0.951099525813E-014     0.430743562811E-014
     0.485969289968E+000    -0.280000000000E+003    -0.532703568508E-014     0.115190508555E-013     0.443434734617E-014
     0.495969289968E+000    -0.280000000000E+003    -0.456603058721E-014     0.120475082582E-013     0.456318487585E-014
     0.505969289968E+000    -0.280000000000E+003    -0.456603058721E-014     0.120475082582E-013     0.469202240554E-014
     0.515969289968E+000    -0.280000000000E+003    -0.456603058721E-014     0.120475082582E-013     0.482085993522E-014
     0.525969289968E+000    -0.280000000000E+003    -0.456603058721E-014     0.120475082582E-013     0.494969746491E-014
     0.535969289968E+000    -0.280000000000E+003    -0.456603058721E-014     0.120475082582E-013     0.507853499459E-014
     0.545969289968E+000    -0.280000000000E+003    -0.456603058721E-014     0.120475082582E-013     0.520737252428E-014
     0.555969289968E+000    -0.280000000000E+003    -0.456603058721E-014     0.120475082582E-013     0.533621005397E-014
     0.565969289968E+000    -0.280000000000E+003    -0.532703568508E-014     0.124701916477E-013     0.547181351591E-014
     0.575969289968E+000    -0.280000000000E+003    -0.608804078295E-014     0.119417342450E-013     0.560585427738E-014
     0.585969289968E+000    -0.280000000000E+003    -0.761005097869E-014     0.118359602319E-013     0.574656775595E-014
     0.595969289968E+000    -0.280000000000E+003    -0.837105607656E-014     0.113075028292E-013     0.588725684582E-014
     0.605969289968E+000    -0.280000000000E+003    -0.761005097869E-014     0.127871010240E-013     0.603605967794E-014
     0.615969289968E+000    -0.280000000000E+003    -0.684904588082E-014     0.123644176345E-013     0.617740615046E-014
     0.625969289968E+000    -0.280000000000E+003    -0.608804078295E-014     0.128928750372E-013     0.631998611655E-014
     0.635969289968E+000    -0.280000000000E+003    -0.608804078295E-014     0.128928750372E-013     0.646256608263E-014
     0.645969289968E+000    -0.280000000000E+003    -0.608804078295E-014     0.128928750372E-013     0.660514604872E-014
     0.655969289968E+000    -0.280000000000E+003    -0.608804078295E-014     0.128928750372E-013     0.674772601481E-014
     0.665969289968E+000    -0.280000000000E+003    -0.608804078295E-014     0.128928750372E-013     0.689030598090E-014
     0.675969289968E+000    -0.280000000000E+003    -0.608804078295E-014     0.128928750372E-013     0.703288594699E-014
     0.685969289968E+000    -0.280000000000E+003    -0.608804078295E-014     0.128928750372E-013     0.717546591308E-014
     0.695969289968E+000    -0.280000000000E+003    -0.608804078295E-014     0.128928750372E-013     0.731804587917E-014
     0.705969289968E+000    -0.280000000000E+003    -0.608804078295E-014     0.128928750372E-013     0.746062584526E-014
     0.715969289968E+000    -0.280000000000E+003    -0.608804078295E-014     0.128928750372E-013     0.760320581134E-014
     0.725969289968E+000    -0.280000000000E+003    -0.608804078295E-014     0.128928750372E-013     0.774578577743E-014
     0.735969289968E+000    -0.280000000000E+003    -0.608804078295E-014     0.128928750372E-013     0.788836574352E-014
     0.745969289968E+000    -0.280000000000E+003    -0.608804078295E-014     0.128928750372E-013     0.803094570961E-014
     0.755969289968E+000    -0.280000000000E+003    -0.608804078295E-014     0.128928750372E-013     0.817352567570E-014
