 #        time                      h  [L]            Darcian flow [L.T^{-1}]   in    x         z              directions   cumulative flux
 #-----------------------------------------------------------------------------------------------

     0.100000000000E-005     0.400000000000E+001    -0.174966393999E-012    -0.142870902958E+004     0.142870902958E-002
     0.205999994278E-005     0.400000000000E+001    -0.169396645599E-012    -0.138322858245E+004     0.289493124783E-002
     0.318359982147E-005     0.400000000000E+001    -0.163659839607E-012    -0.133638400656E+004     0.439649215549E-002
     0.437461562859E-005     0.400000000000E+001    -0.157766921282E-012    -0.128826467673E+004     0.593083574924E-002
     0.563709231599E-005     0.400000000000E+001    -0.151731953163E-012    -0.123898542231E+004     0.749502596093E-002
     0.697531753239E-005     0.400000000000E+001    -0.145572483980E-012    -0.118868953956E+004     0.908576027724E-002
     0.839383618521E-005     0.400000000000E+001    -0.139309899912E-012    -0.113755165987E+004     0.106993985253E-001
     0.989746587602E-005     0.400000000000E+001    -0.132969728430E-012    -0.108578023086E+004     0.123320099181E-001
     0.114913132622E-004     0.400000000000E+001    -0.126581853675E-012    -0.103361927507E+004     0.139794412980E-001
     0.131807914004E-004     0.400000000000E+001    -0.120180589541E-012    -0.981348986702E+003     0.156374089570E-001
     0.149716381303E-004     0.400000000000E+001    -0.113804543847E-012    -0.929284622525E+003     0.173016152843E-001
     0.168699355614E-004     0.400000000000E+001    -0.107496196952E-012    -0.877773060989E+003     0.189678896311E-001
     0.188821307298E-004     0.400000000000E+001    -0.101301115312E-012    -0.827186380456E+003     0.206323500692E-001
     0.210150574931E-004     0.400000000000E+001    -0.952667309861E-013    -0.777911893065E+003     0.222915791655E-001
     0.232759597402E-004     0.400000000000E+001    -0.894406490251E-013    -0.730338323567E+003     0.239428027224E-001
     0.256725159928E-004     0.400000000000E+001    -0.838685022149E-013    -0.684838291933E+003     0.255840562129E-001
     0.282128654833E-004     0.400000000000E+001    -0.785914579648E-013    -0.641747955570E+003     0.272143203049E-001
     0.309056357980E-004     0.400000000000E+001    -0.736435873122E-013    -0.601345525612E+003     0.288336056851E-001
     0.337599721774E-004     0.400000000000E+001    -0.690494095949E-013    -0.563831217645E+003     0.304429696415E-001
     0.367855685763E-004     0.400000000000E+001    -0.648219943548E-013    -0.529311752580E+003     0.320444533740E-001
     0.399927005860E-004     0.400000000000E+001    -0.609619962747E-013    -0.497792476305E+003     0.336409395589E-001
     0.433922603327E-004     0.400000000000E+001    -0.574578935896E-013    -0.469179306471E+003     0.352359426432E-001
     0.469957934698E-004     0.400000000000E+001    -0.542875004830E-013    -0.443291082137E+003     0.368333567470E-001
     0.508155383889E-004     0.400000000000E+001    -0.514205737811E-013    -0.419880849049E+003     0.384371944868E-001
     0.548644677845E-004     0.400000000000E+001    -0.488221064274E-013    -0.398662752896E+003     0.400513518260E-001
     0.591563327122E-004     0.400000000000E+001    -0.464557667374E-013    -0.379340122963E+003     0.416794283954E-001
     0.637057092900E-004     0.400000000000E+001    -0.442869433655E-013    -0.361630336161E+003     0.433246209765E-001
     0.685280482021E-004     0.400000000000E+001    -0.422849838738E-013    -0.345283096345E+003     0.449896930877E-001
     0.736397271730E-004     0.400000000000E+001    -0.404244227750E-013    -0.330090462026E+003     0.466770095610E-001
     0.790581065897E-004     0.400000000000E+001    -0.386852191714E-013    -0.315888786859E+003     0.483886148616E-001
     0.848015884613E-004     0.400000000000E+001    -0.370522076123E-013    -0.302554235540E+003     0.501263296287E-001
     0.908896789166E-004     0.400000000000E+001    -0.355140724554E-013    -0.289994408838E+003     0.518918418212E-001
     0.973430544509E-004     0.400000000000E+001    -0.340621750131E-013    -0.278138766515E+003     0.536867757321E-001
     0.104183632148E-003     0.400000000000E+001    -0.326895058607E-013    -0.266930072274E+003     0.555127316312E-001
     0.111434644115E-003     0.400000000000E+001    -0.313899298470E-013    -0.256318228806E+003     0.573712981758E-001
     0.119120716386E-003     0.400000000000E+001    -0.301577735199E-013    -0.246256908856E+003     0.592640465744E-001
     0.127267952553E-003     0.400000000000E+001    -0.289877056326E-013    -0.236702579493E+003     0.611925183908E-001
     0.135904022424E-003     0.400000000000E+001    -0.278748015711E-013    -0.227615028191E+003     0.631582176779E-001
     0.145058255993E-003     0.400000000000E+001    -0.268146675537E-013    -0.218958376998E+003     0.651626138029E-001
     0.154761743052E-003     0.400000000000E+001    -0.258035229760E-013    -0.210701754938E+003     0.672071555553E-001
     0.165047438780E-003     0.400000000000E+001    -0.248381842442E-013    -0.202819165995E+003     0.692932917844E-001
     0.175950275662E-003     0.400000000000E+001    -0.239159438660E-013    -0.195288501816E+003     0.714224904648E-001
     0.187507282134E-003     0.400000000000E+001    -0.230343799435E-013    -0.188089986105E+003     0.735962476515E-001
     0.199757708333E-003     0.400000000000E+001    -0.221911541006E-013    -0.181204524571E+003     0.758160803066E-001
     0.212743159403E-003     0.400000000000E+001    -0.213838570413E-013    -0.174612443818E+003     0.780835016520E-001
     0.226507736794E-003     0.400000000000E+001    -0.206099431907E-013    -0.168292957652E+003     0.803999830919E-001
     0.241098188040E-003     0.400000000000E+001    -0.198667666880E-013    -0.162224460978E+003     0.827669111808E-001
     0.256564065527E-003     0.400000000000E+001    -0.191516999382E-013    -0.156385497855E+003     0.851855501314E-001
     0.272957894778E-003     0.400000000000E+001    -0.184622916033E-013    -0.150756051591E+003     0.876570190997E-001
     0.290335352846E-003     0.400000000000E+001    -0.177964081797E-013    -0.145318700805E+003     0.901822887294E-001
     0.308755457403E-003     0.400000000000E+001    -0.171523008942E-013    -0.140059165680E+003     0.927621932055E-001
     0.328280767180E-003     0.400000000000E+001    -0.165285349585E-013    -0.134965730283E+003     0.953974408985E-001
     0.348977594427E-003     0.400000000000E+001    -0.159236583781E-013    -0.130026538175E+003     0.980885776966E-001
     0.370916230124E-003     0.400000000000E+001    -0.153350085954E-013    -0.125219847927E+003     0.100835730322E+000
     0.394171182707E-003     0.400000000000E+001    -0.147469425096E-013    -0.120417923926E+003     0.103636043433E+000
     0.418821431115E-003     0.400000000000E+001    -0.142201019123E-013    -0.116115943978E+003     0.106498330297E+000
     0.444950693017E-003     0.400000000000E+001    -0.137243240862E-013    -0.112067610806E+003     0.109426574250E+000
     0.472647709137E-003     0.400000000000E+001    -0.132521124164E-013    -0.108211709904E+003     0.112423715724E+000
     0.502006544641E-003     0.400000000000E+001    -0.128007313435E-013    -0.104525903733E+003     0.115492474537E+000
     0.533126908594E-003     0.400000000000E+001    -0.123685561035E-013    -0.100996925090E+003     0.118635535604E+000
     0.566114492604E-003     0.400000000000E+001    -0.119542662558E-013    -0.976139917578E+002     0.121855585358E+000
     0.601081329767E-003     0.400000000000E+001    -0.115566712643E-013    -0.943673822720E+002     0.125155314247E+000
     0.638146175159E-003     0.400000000000E+001    -0.111746881710E-013    -0.912482536086E+002     0.128537416659E+000
     0.677434909153E-003     0.400000000000E+001    -0.108073495018E-013    -0.882487057437E+002     0.132004596585E+000
     0.719080964939E-003     0.400000000000E+001    -0.104538056554E-013    -0.853618011552E+002     0.135559578918E+000
     0.763225781689E-003     0.400000000000E+001    -0.101133137514E-013    -0.825814737640E+002     0.139205122944E+000
     0.810019284919E-003     0.400000000000E+001    -0.978521599668E-014    -0.799023522822E+002     0.142944033924E+000
     0.859620395664E-003     0.400000000000E+001    -0.946891406476E-014    -0.773195510032E+002     0.146779169536E+000
     0.912197570216E-003     0.400000000000E+001    -0.916384499845E-014    -0.748284730326E+002     0.150713439224E+000
     0.967929372233E-003     0.400000000000E+001    -0.886946089186E-014    -0.724246443794E+002     0.154749795165E+000
     0.102700507918E-002     0.400000000000E+001    -0.858521028884E-014    -0.701035620623E+002     0.158891212654E+000
     0.108962532517E-002     0.400000000000E+001    -0.831051281386E-014    -0.678604869555E+002     0.163140653040E+000
     0.115600278233E-002     0.400000000000E+001    -0.804470134347E-014    -0.656899715826E+002     0.167500986314E+000
     0.122636288312E-002     0.400000000000E+001    -0.778681312558E-014    -0.635841544762E+002     0.171974773832E+000
     0.130094458593E-002     0.400000000000E+001    -0.753352117372E-014    -0.615158687302E+002     0.176562732072E+000
     0.138000118665E-002     0.400000000000E+001    -0.729516300606E-014    -0.595695265863E+002     0.181272096350E+000
     0.146380117888E-002     0.400000000000E+001    -0.706928349396E-014    -0.577250803977E+002     0.186109457639E+000
     0.155262916586E-002     0.400000000000E+001    -0.685148475382E-014    -0.559466187197E+002     0.191079083158E+000
     0.164678682697E-002     0.400000000000E+001    -0.664097011230E-014    -0.542276362207E+002     0.196185030552E+000
     0.174659394236E-002     0.400000000000E+001    -0.643732862510E-014    -0.525647772859E+002     0.201431369344E+000
     0.185238947896E-002     0.400000000000E+001    -0.624023964274E-014    -0.509554236134E+002     0.206822225728E+000
     0.196453274170E-002     0.400000000000E+001    -0.604942132198E-014    -0.493972737788E+002     0.212361797180E+000
     0.208340459379E-002     0.400000000000E+001    -0.586461776248E-014    -0.478882381971E+002     0.218054360748E+000
     0.220940875020E-002     0.400000000000E+001    -0.568559350131E-014    -0.464263941674E+002     0.223904279380E+000
     0.234297314879E-002     0.400000000000E+001    -0.551212963910E-014    -0.450099542410E+002     0.229916006849E+000
     0.248455140365E-002     0.400000000000E+001    -0.534402068639E-014    -0.436372404690E+002     0.236094091202E+000
     0.263462434571E-002     0.400000000000E+001    -0.518107184157E-014    -0.423066621754E+002     0.242443176463E+000
     0.279370165569E-002     0.400000000000E+001    -0.502309650472E-014    -0.410166956564E+002     0.248968002072E+000
     0.296232359518E-002     0.400000000000E+001    -0.486991383023E-014    -0.397658641955E+002     0.255673399218E+000
     0.314106284138E-002     0.400000000000E+001    -0.472134555331E-014    -0.385527121501E+002     0.262564281927E+000
     0.333052643213E-002     0.400000000000E+001    -0.457721590168E-014    -0.373758042308E+002     0.269645636004E+000
     0.353135782749E-002     0.400000000000E+001    -0.443734455578E-014    -0.362336680165E+002     0.276922494110E+000
     0.374423909507E-002     0.400000000000E+001    -0.430153792748E-014    -0.351247227403E+002     0.284399889611E+000
     0.396989322653E-002     0.400000000000E+001    -0.416957205117E-014    -0.340471395840E+002     0.292082767322E+000
     0.420908659296E-002     0.400000000000E+001    -0.404114409911E-014    -0.329984457717E+002     0.299975776653E+000
     0.446263154769E-002     0.400000000000E+001    -0.391565962271E-014    -0.319737872620E+002     0.308082569097E+000
     0.473138918520E-002     0.400000000000E+001    -0.379161320079E-014    -0.309608713584E+002     0.316403539739E+000
     0.501627226558E-002     0.400000000000E+001    -0.367725358931E-014    -0.300270542647E+002     0.324957739453E+000
     0.531824831448E-002     0.400000000000E+001    -0.356652025017E-014    -0.291228479318E+002     0.333752142004E+000
     0.563834290904E-002     0.400000000000E+001    -0.345885105331E-014    -0.282436622193E+002     0.342792785611E+000
     0.597764316095E-002     0.400000000000E+001    -0.335390704321E-014    -0.273867293455E+002     0.352085109777E+000
     0.633730140856E-002     0.400000000000E+001    -0.325123777469E-014    -0.265483711463E+002     0.361633450420E+000
     0.671853913045E-002     0.400000000000E+001    -0.314980101042E-014    -0.257200771081E+002     0.371438914024E+000
     0.712265109384E-002     0.400000000000E+001    -0.304823136133E-014    -0.248906979829E+002     0.381497542856E+000
     0.755100975191E-002     0.400000000000E+001    -0.295844649015E-014    -0.241575488721E+002     0.391845638073E+000
     0.800506990496E-002     0.400000000000E+001    -0.287049324082E-014    -0.234393560888E+002     0.402488515686E+000
     0.848637364120E-002     0.400000000000E+001    -0.278379223864E-014    -0.227313886794E+002     0.413429217987E+000
     0.899655557408E-002     0.400000000000E+001    -0.269776651607E-014    -0.220289353465E+002     0.424667982801E+000
     0.953734839373E-002     0.400000000000E+001    -0.261177505450E-014    -0.213267617759E+002     0.436201342436E+000
     0.101105887516E-001     0.400000000000E+001    -0.252506582469E-014    -0.206187271828E+002     0.448020828986E+000
     0.107182234982E-001     0.400000000000E+001    -0.243680598745E-014    -0.198980309192E+002     0.460111563961E+000
     0.113623162948E-001     0.400000000000E+001    -0.234612955154E-014    -0.191576016299E+002     0.472450837170E+000
     0.120450546223E-001     0.400000000000E+001    -0.225216324158E-014    -0.183903084804E+002     0.485006605625E+000
     0.127687572104E-001     0.400000000000E+001    -0.215393781516E-014    -0.175882370057E+002     0.497735258266E+000
     0.135358819124E-001     0.400000000000E+001    -0.204968752005E-014    -0.167369687446E+002     0.510574600427E+000
     0.143490340526E-001     0.400000000000E+001    -0.194018154975E-014    -0.158427846388E+002     0.523457194663E+000
     0.152109752747E-001     0.400000000000E+001    -0.182320902273E-014    -0.148876314705E+002     0.536289457927E+000
     0.161246329208E-001     0.400000000000E+001    -0.169969139057E-014    -0.138790334630E+002     0.548970142971E+000
     0.170931099734E-001     0.400000000000E+001    -0.156959610064E-014    -0.128167248037E+002     0.561382846832E+000
     0.181196955938E-001     0.400000000000E+001    -0.143355509482E-014    -0.117058656897E+002     0.573399920223E+000
     0.192078762926E-001     0.400000000000E+001    -0.129194485770E-014    -0.105495303511E+002     0.584879715533E+000
     0.203613477710E-001     0.400000000000E+001    -0.114726241040E-014    -0.936810851257E+001     0.595685561509E+000
     0.215840274722E-001     0.400000000000E+001    -0.100194423249E-014    -0.818149553967E+001     0.605688910031E+000
     0.228800678855E-001     0.400000000000E+001    -0.860380795219E-015    -0.702554235080E+001     0.614794296843E+000
     0.242538706494E-001     0.400000000000E+001    -0.726357029136E-015    -0.593115524935E+001     0.622942534317E+000
     0.257101015006E-001     0.400000000000E+001    -0.604898820676E-015    -0.493937371246E+001     0.630135402703E+000
     0.272537061195E-001     0.400000000000E+001    -0.500816867413E-015    -0.408948006692E+001     0.636447943023E+000
     0.288899269272E-001     0.400000000000E+001    -0.418118349175E-015    -0.341419541917E+001     0.642034320609E+000
     0.306243208897E-001     0.400000000000E+001    -0.359346404891E-015    -0.293428607449E+001     0.647123528661E+000
     0.324627783907E-001     0.400000000000E+001    -0.324096898573E-015    -0.264645201211E+001     0.651988918214E+000
     0.344115432366E-001     0.400000000000E+001    -0.310041288348E-015    -0.253167924470E+001     0.656922565727E+000
     0.364772338618E-001     0.400000000000E+001    -0.310468222321E-015    -0.253516542514E+001     0.662159433179E+000
     0.386668658063E-001     0.400000000000E+001    -0.319390449778E-015    -0.260802094122E+001     0.667870039144E+000
     0.409878755421E-001     0.400000000000E+001    -0.331738104772E-015    -0.270884719580E+001     0.674157299858E+000
     0.434481457293E-001     0.400000000000E+001    -0.343568815986E-015    -0.280545228408E+001     0.681059470474E+000
     0.460560319869E-001     0.400000000000E+001    -0.353792352927E-015    -0.288893379849E+001     0.688593481227E+000
     0.488203912708E-001     0.400000000000E+001    -0.362374773922E-015    -0.295901458424E+001     0.696773260664E+000
     0.517506119535E-001     0.400000000000E+001    -0.369415873883E-015    -0.301650952863E+001     0.705612299274E+000
     0.548566457095E-001     0.400000000000E+001    -0.375644301856E-015    -0.306736850264E+001     0.715139649386E+000
     0.581490413132E-001     0.400000000000E+001    -0.379239807321E-015    -0.309672803281E+001     0.725335303146E+000
     0.616389804647E-001     0.400000000000E+001    -0.379593388718E-015    -0.309961524402E+001     0.736152771741E+000
     0.653383157655E-001     0.400000000000E+001    -0.377647424016E-015    -0.308372523636E+001     0.747560505366E+000
     0.692596109728E-001     0.400000000000E+001    -0.370946703346E-015    -0.302900969981E+001     0.759438146585E+000
     0.734161836681E-001     0.400000000000E+001    -0.360521383514E-015    -0.294388050306E+001     0.771674599902E+000
     0.778221504872E-001     0.400000000000E+001    -0.346558641861E-015    -0.282986606508E+001     0.784142895887E+000
     0.824924750635E-001     0.400000000000E+001    -0.330648021590E-015    -0.269994599112E+001     0.796752520004E+000
     0.874430188470E-001     0.400000000000E+001    -0.314764147465E-015    -0.257024431603E+001     0.809476627025E+000
     0.926905949743E-001     0.400000000000E+001    -0.301124330913E-015    -0.245886676161E+001     0.822379717543E+000
     0.982530253690E-001     0.400000000000E+001    -0.292850231775E-015    -0.239130361488E+001     0.835681177454E+000
     0.104149201269E+000     0.400000000000E+001    -0.290890034784E-015    -0.237529739176E+001     0.849686348691E+000
     0.110399147386E+000     0.400000000000E+001    -0.292688600501E-015    -0.238998379537E+001     0.864623618631E+000
     0.117024089912E+000     0.400000000000E+001    -0.297065376967E-015    -0.242572288739E+001     0.880693893344E+000
     0.124046528610E+000     0.400000000000E+001    -0.301818281749E-015    -0.246453330020E+001     0.898000927366E+000
     0.131490313229E+000     0.400000000000E+001    -0.305190504343E-015    -0.249206958737E+001     0.916551356629E+000
     0.139380724499E+000     0.400000000000E+001    -0.305522777424E-015    -0.249478280298E+001     0.936236218973E+000
     0.147744559993E+000     0.400000000000E+001    -0.303049208580E-015    -0.247458458056E+001     0.956933237322E+000
     0.156610225139E+000     0.400000000000E+001    -0.297088910015E-015    -0.242591504932E+001     0.978440587821E+000
     0.166007829686E+000     0.400000000000E+001    -0.288998463911E-015    -0.235985154342E+001     0.100061753942E+001
     0.175969289968E+000     0.400000000000E+001    -0.278647951579E-015    -0.227533319626E+001     0.102328318068E+001
     0.185969289968E+000     0.400000000000E+001    -0.268541896987E-015    -0.219281099802E+001     0.104521129066E+001
     0.195969289968E+000     0.400000000000E+001    -0.260850290219E-015    -0.213000426245E+001     0.106651133328E+001
     0.205969289968E+000     0.400000000000E+001    -0.258448068404E-015    -0.211038863274E+001     0.108761521961E+001
     0.215969289968E+000     0.400000000000E+001    -0.260651895743E-015    -0.212838424862E+001     0.110889906210E+001
     0.225969289968E+000     0.400000000000E+001    -0.263819285372E-015    -0.215424794770E+001     0.113044154157E+001
     0.235969289968E+000     0.400000000000E+001    -0.265280891959E-015    -0.216618287121E+001     0.115210337029E+001
     0.245969289968E+000     0.400000000000E+001    -0.264462733802E-015    -0.215950210286E+001     0.117369839131E+001
     0.255969289968E+000     0.400000000000E+001    -0.261803102442E-015    -0.213778456470E+001     0.119507623696E+001
     0.265969289968E+000     0.400000000000E+001    -0.258310310860E-015    -0.210926375702E+001     0.121616887453E+001
     0.275969289968E+000     0.400000000000E+001    -0.255170885436E-015    -0.208362840301E+001     0.123700515856E+001
     0.285969289968E+000     0.400000000000E+001    -0.253294277764E-015    -0.206830473848E+001     0.125768820595E+001
     0.295969289968E+000     0.400000000000E+001    -0.252939515384E-015    -0.206540788381E+001     0.127834228478E+001
     0.305969289968E+000     0.400000000000E+001    -0.253893319546E-015    -0.207319628584E+001     0.129907424764E+001
     0.315969289968E+000     0.400000000000E+001    -0.254815436758E-015    -0.208072594429E+001     0.131988150709E+001
     0.325969289968E+000     0.400000000000E+001    -0.255537786758E-015    -0.208662437967E+001     0.134074775088E+001
     0.335969289968E+000     0.400000000000E+001    -0.254994099176E-015    -0.208218483365E+001     0.136156959922E+001
     0.345969289968E+000     0.400000000000E+001    -0.253510645667E-015    -0.207007151649E+001     0.138227031438E+001
     0.355969289968E+000     0.400000000000E+001    -0.250485984246E-015    -0.204537328167E+001     0.140272404720E+001
     0.365969289968E+000     0.400000000000E+001    -0.247647469814E-015    -0.202219505237E+001     0.142294599772E+001
     0.375969289968E+000     0.400000000000E+001    -0.245268676727E-015    -0.200277073273E+001     0.144297370505E+001
     0.385969289968E+000     0.400000000000E+001    -0.244150841674E-015    -0.199364291683E+001     0.146291013422E+001
     0.395969289968E+000     0.400000000000E+001    -0.244055660729E-015    -0.199286570544E+001     0.148283879127E+001
     0.405969289968E+000     0.400000000000E+001    -0.244698722847E-015    -0.199811670612E+001     0.150281995834E+001
     0.415969289968E+000     0.400000000000E+001    -0.244980884868E-015    -0.200042073387E+001     0.152282416567E+001
     0.425969289968E+000     0.400000000000E+001    -0.244574731820E-015    -0.199710424255E+001     0.154279520810E+001
     0.435969289968E+000     0.400000000000E+001    -0.243592270203E-015    -0.198908183464E+001     0.156268602645E+001
     0.445969289968E+000     0.400000000000E+001    -0.242300702452E-015    -0.197853538360E+001     0.158247138028E+001
     0.455969289968E+000     0.400000000000E+001    -0.240657265213E-015    -0.196511570014E+001     0.160212253728E+001
     0.465969289968E+000     0.400000000000E+001    -0.238717328772E-015    -0.194927491696E+001     0.162161528645E+001
     0.475969289968E+000     0.400000000000E+001    -0.236668617505E-015    -0.193254591994E+001     0.164094074565E+001
     0.485969289968E+000     0.400000000000E+001    -0.234791644102E-015    -0.191721926898E+001     0.166011293834E+001
     0.495969289968E+000     0.400000000000E+001    -0.233389498549E-015    -0.190576988166E+001     0.167917063716E+001
     0.505969289968E+000     0.400000000000E+001    -0.232875212421E-015    -0.190157041674E+001     0.169818634133E+001
     0.515969289968E+000     0.400000000000E+001    -0.233230524979E-015    -0.190447176395E+001     0.171723105897E+001
     0.525969289968E+000     0.400000000000E+001    -0.233773080332E-015    -0.190890206462E+001     0.173632007961E+001
     0.535969289968E+000     0.400000000000E+001    -0.234663645447E-015    -0.191617408064E+001     0.175548182042E+001
     0.545969289968E+000     0.400000000000E+001    -0.235505327823E-015    -0.192304693882E+001     0.177471228981E+001
     0.555969289968E+000     0.400000000000E+001    -0.236134403750E-015    -0.192818373358E+001     0.179399412714E+001
     0.565969289968E+000     0.400000000000E+001    -0.236490279286E-015    -0.193108967786E+001     0.181330502392E+001
     0.575969289968E+000     0.400000000000E+001    -0.235734210352E-015    -0.192491590650E+001     0.183255418299E+001
     0.585969289968E+000     0.400000000000E+001    -0.234717583984E-015    -0.191661452222E+001     0.185172032821E+001
     0.595969289968E+000     0.400000000000E+001    -0.233107654003E-015    -0.190346844629E+001     0.187075501267E+001
     0.605969289968E+000     0.400000000000E+001    -0.231258754626E-015    -0.188837103716E+001     0.188963872304E+001
     0.615969289968E+000     0.400000000000E+001    -0.229404486181E-015    -0.187322978626E+001     0.190837102091E+001
     0.625969289968E+000     0.400000000000E+001    -0.227611951761E-015    -0.185859263193E+001     0.192695694722E+001
     0.635969289968E+000     0.400000000000E+001    -0.226103937489E-015    -0.184627876092E+001     0.194541973483E+001
     0.645969289968E+000     0.400000000000E+001    -0.225053658796E-015    -0.183770258455E+001     0.196379676068E+001
     0.655969289968E+000     0.400000000000E+001    -0.224586679045E-015    -0.183388940552E+001     0.198213565473E+001
     0.665969289968E+000     0.400000000000E+001    -0.224753280269E-015    -0.183524980774E+001     0.200048815281E+001
     0.675969289968E+000     0.400000000000E+001    -0.225115850019E-015    -0.183821041443E+001     0.201887025696E+001
     0.685969289968E+000     0.400000000000E+001    -0.226052319399E-015    -0.184585726723E+001     0.203732882963E+001
     0.695969289968E+000     0.400000000000E+001    -0.226912757312E-015    -0.185288327597E+001     0.205585766239E+001
     0.705969289968E+000     0.400000000000E+001    -0.227658173133E-015    -0.185897005807E+001     0.207444736297E+001
     0.715969289968E+000     0.400000000000E+001    -0.228313907196E-015    -0.186432453304E+001     0.209309060830E+001
     0.725969289968E+000     0.400000000000E+001    -0.228583021381E-015    -0.186652201713E+001     0.211175582847E+001
     0.735969289968E+000     0.400000000000E+001    -0.228649857019E-015    -0.186706777153E+001     0.213042650619E+001
     0.745969289968E+000     0.400000000000E+001    -0.228815080251E-015    -0.186841692160E+001     0.214911067540E+001
     0.755969289968E+000     0.400000000000E+001    -0.228425098462E-015    -0.186523247863E+001     0.216776300019E+001
