 #        time                      h  [L]            Darcian flow [L.T^{-1}]   in    x         z              directions   cumulative flux
 #-----------------------------------------------------------------------------------------------

     0.100000000000E-005    -0.280000000000E+003     0.116897531088E-028     0.954540779998E-013     0.954540779998E-019
     0.205999994278E-005    -0.280000000000E+003    -0.381862709345E-013     0.689367555649E-013     0.178988984429E-018
     0.318359982147E-005    -0.280000000000E+003     0.116897531088E-028     0.954540779998E-013     0.286241174891E-018
     0.437461562859E-005    -0.280000000000E+003     0.381862709345E-013     0.265173224349E-013     0.341612006718E-018
     0.563709231599E-005    -0.280000000000E+003     0.116897531088E-028     0.954540779998E-013     0.462120554910E-018
     0.697531753239E-005    -0.280000000000E+003     0.584487655440E-029     0.477270389999E-013     0.525990082004E-018
     0.839383618521E-005    -0.280000000000E+003     0.584487655440E-029     0.477270389999E-013     0.593691777068E-018
     0.989746587602E-005    -0.280000000000E+003     0.381862709345E-013     0.742443614347E-013     0.719228346687E-018
     0.114913132622E-004    -0.280000000000E+003     0.381862709345E-013     0.742443614347E-013     0.852297103300E-018
     0.131807914004E-004    -0.280000000000E+003     0.116897531088E-028     0.954540779998E-013     0.101356468128E-017
     0.149716381303E-004    -0.280000000000E+003    -0.381862709345E-013     0.689367555649E-013     0.115469507947E-017
     0.168699355614E-004    -0.280000000000E+003     0.116897531088E-028     0.954540779998E-013     0.133589531053E-017
     0.188821307298E-004    -0.280000000000E+003     0.116897531088E-028     0.954540779998E-013     0.152796754508E-017
     0.210150574931E-004    -0.280000000000E+003     0.175346296632E-028     0.143181117000E-012     0.183336238154E-017
     0.232759597402E-004    -0.280000000000E+003     0.381862709345E-013     0.121971400435E-012     0.212232668543E-017
     0.256725159928E-004    -0.280000000000E+003     0.116897531088E-028     0.954540779998E-013     0.235108775290E-017
     0.282128654833E-004    -0.280000000000E+003     0.381862709345E-013     0.742443614347E-013     0.256317904281E-017
     0.309056357980E-004    -0.280000000000E+003    -0.381862709345E-013    -0.265173224349E-013     0.268836708091E-017
     0.337599721774E-004    -0.280000000000E+003    -0.381862709345E-013    -0.742443614347E-013     0.292667282853E-017
     0.367855685763E-004    -0.280000000000E+003     0.000000000000E+000     0.000000000000E+000     0.292667282853E-017
     0.399927005860E-004    -0.280000000000E+003    -0.584487655440E-029    -0.477270389999E-013     0.307973974304E-017
     0.433922603327E-004    -0.280000000000E+003    -0.381862709345E-013    -0.265173224349E-013     0.323778672268E-017
     0.469957934698E-004    -0.280000000000E+003    -0.763725418690E-013    -0.530760586983E-014     0.351366150490E-017
     0.508155383889E-004    -0.280000000000E+003    -0.381862709345E-013     0.212097165650E-013     0.368051237750E-017
     0.548644677845E-004    -0.280000000000E+003    -0.381862709345E-013     0.212097165650E-013     0.385737429292E-017
     0.591563327122E-004    -0.280000000000E+003     0.381862709345E-013    -0.212097165650E-013     0.404484791313E-017
     0.637057092900E-004    -0.280000000000E+003     0.381862709345E-013    -0.212097165650E-013     0.424356993984E-017
     0.685280482021E-004    -0.280000000000E+003     0.000000000000E+000     0.000000000000E+000     0.424356993984E-017
     0.736397271730E-004    -0.280000000000E+003    -0.381862709345E-013     0.212097165650E-013     0.446685398493E-017
     0.790581065897E-004    -0.280000000000E+003     0.584487655440E-029     0.477270389999E-013     0.472545719067E-017
     0.848015884613E-004    -0.280000000000E+003    -0.584487655440E-029    -0.477270389999E-013     0.499957657395E-017
     0.908896789166E-004    -0.280000000000E+003     0.381862709345E-013    -0.212097165650E-013     0.526551140114E-017
     0.973430544509E-004    -0.280000000000E+003    -0.381862709345E-013    -0.265173224349E-013     0.556553157660E-017
     0.104183632148E-003    -0.280000000000E+003    -0.381862709345E-013    -0.265173224349E-013     0.588355294542E-017
     0.111434644115E-003    -0.280000000000E+003    -0.763725418690E-013     0.901464721299E-013     0.674025169626E-017
     0.119120716386E-003    -0.280000000000E+003    -0.763725418690E-013     0.424194331300E-013     0.741172473564E-017
     0.127267952553E-003    -0.280000000000E+003    -0.114558812803E-012    -0.795519673046E-013     0.854803016744E-017
     0.135904022424E-003    -0.280000000000E+003    -0.114558812803E-012    -0.318249283047E-013     0.957483482064E-017
     0.145058255993E-003    -0.280000000000E+003    -0.114558812803E-012    -0.127279006304E-012     0.111424199284E-016
     0.154761743052E-003    -0.280000000000E+003    -0.381862709345E-013    -0.169698439434E-012     0.128302619853E-016
     0.165047438780E-003    -0.280000000000E+003    -0.763725418690E-013    -0.100761683870E-012     0.141307287532E-016
     0.175950275662E-003    -0.280000000000E+003    -0.763725418690E-013    -0.196215761869E-012     0.164263751156E-016
     0.187507282134E-003    -0.280000000000E+003    -0.114558812803E-012    -0.175006045304E-012     0.188437195876E-016
     0.199757708333E-003    -0.280000000000E+003    -0.763725418690E-013    -0.196215761869E-012     0.214231075619E-016
     0.212743159403E-003    -0.280000000000E+003    -0.763725418690E-013    -0.530346448697E-013     0.226305058568E-016
     0.226507736794E-003    -0.280000000000E+003    -0.381862709345E-013    -0.121971400435E-012     0.243897466773E-016
     0.241098188040E-003    -0.280000000000E+003    -0.152745083738E-012    -0.583422507395E-013     0.267754027492E-016
     0.256564065527E-003    -0.280000000000E+003    -0.763725418690E-013     0.424194331300E-013     0.281265375548E-016
     0.272957894778E-003    -0.280000000000E+003    -0.381862709345E-013     0.212097165650E-013     0.288426389631E-016
     0.290335352846E-003    -0.280000000000E+003    -0.381862709345E-013     0.212097165650E-013     0.296017064149E-016
     0.308755457403E-003    -0.280000000000E+003     0.381862709345E-013     0.742443614347E-013     0.311395828962E-016
     0.328280767180E-003    -0.280000000000E+003     0.114558812803E-012     0.795519673046E-013     0.338628027836E-016
     0.348977594427E-003    -0.280000000000E+003     0.381862709345E-013     0.742443614347E-013     0.355907606115E-016
     0.370916230124E-003    -0.280000000000E+003     0.114558812803E-012     0.175006045304E-012     0.401795994129E-016
     0.394171182707E-003    -0.280000000000E+003     0.114558812803E-012     0.318187162304E-012     0.480439963915E-016
     0.418821431115E-003    -0.280000000000E+003     0.233795062176E-028     0.190908156000E-012     0.527499298600E-016
     0.444950693017E-003    -0.280000000000E+003     0.763725418690E-013     0.196215761869E-012     0.582515755034E-016
     0.472647709137E-003    -0.280000000000E+003     0.305490167476E-012     0.689574624792E-013     0.669256236123E-016
     0.502006544641E-003    -0.280000000000E+003     0.305490167476E-012     0.116684501479E-012     0.765264348549E-016
     0.533126908594E-003    -0.280000000000E+003     0.229117625607E-012     0.159103934609E-012     0.852072286541E-016
     0.566114492604E-003    -0.280000000000E+003     0.152745083738E-012     0.201523367739E-012     0.935487658518E-016
     0.601081329767E-003    -0.280000000000E+003     0.152745083738E-012     0.392431523739E-012     0.108273647715E-015
     0.638146175159E-003    -0.280000000000E+003     0.114558812803E-012     0.270460123304E-012     0.119160394769E-015
     0.677434909153E-003    -0.280000000000E+003     0.233795062176E-028     0.190908156000E-012     0.126660934528E-015
     0.719080964939E-003    -0.280000000000E+003    -0.381862709345E-013     0.116663794565E-012     0.131773169342E-015
     0.763225781689E-003    -0.280000000000E+003    -0.763725418690E-013     0.137873511130E-012     0.138730968089E-015
     0.810019284919E-003    -0.280000000000E+003    -0.381862709345E-013     0.116663794565E-012     0.144475074506E-015
     0.859620395664E-003    -0.280000000000E+003    -0.584487655440E-029    -0.477270389999E-013     0.146842388653E-015
     0.912197570216E-003    -0.280000000000E+003    -0.763725418690E-013    -0.530346448697E-013     0.151731059102E-015
     0.967929372233E-003    -0.280000000000E+003     0.381862709345E-013     0.265173224349E-013     0.154322054300E-015
     0.102700507918E-002    -0.280000000000E+003    -0.381862709345E-013     0.212097165650E-013     0.156902549454E-015
     0.108962532517E-002    -0.280000000000E+003    -0.381862709345E-013     0.212097165650E-013     0.159637874170E-015
     0.115600278233E-002    -0.280000000000E+003     0.000000000000E+000     0.000000000000E+000     0.159637874170E-015
     0.122636288312E-002    -0.280000000000E+003    -0.116897531088E-028    -0.954540779998E-013     0.166354032719E-015
     0.130094458593E-002    -0.280000000000E+003    -0.152745083738E-012    -0.106069289739E-012     0.180223373157E-015
     0.138000118665E-002    -0.280000000000E+003    -0.763725418690E-013    -0.530760586983E-014     0.186275689502E-015
     0.146380117888E-002    -0.280000000000E+003     0.381862709345E-013    -0.212097165650E-013     0.189936170012E-015
     0.155262916586E-002    -0.280000000000E+003    -0.763725418690E-013     0.901464721299E-013     0.200431094833E-015
     0.164678682697E-002    -0.280000000000E+003     0.322521244313E-009    -0.110410329948E-009     0.322984441108E-013
     0.174659394236E-002    -0.280000000000E+003     0.147437192078E-009    -0.453795308226E-010     0.476949743541E-013
     0.185238947896E-002    -0.280000000000E+003     0.664441114260E-010    -0.185777238472E-010     0.549940627235E-013
     0.196453274170E-002    -0.280000000000E+003    -0.673223956575E-010    -0.258933234097E-010     0.630829813386E-013
     0.208340459379E-002    -0.280000000049E+003    -0.407447892727E-007     0.132774345893E-007     0.515716574493E-011
     0.220940875020E-002    -0.280000004307E+003    -0.360945617609E-005     0.116072230498E-005     0.482901557667E-009
     0.234297314879E-002    -0.280000001969E+003    -0.162720899423E-005     0.468497693940E-006     0.709067506953E-009
     0.248455140365E-002    -0.280000000894E+003    -0.667363776690E-006     0.176058951586E-006     0.806784318448E-009
     0.263462434571E-002    -0.280000000449E+003    -0.258995327675E-006     0.719807236955E-007     0.847125701861E-009
     0.279370165569E-002    -0.280000000370E+003    -0.187693884414E-006     0.523803217645E-007     0.878124434173E-009
     0.296232359518E-002    -0.279999987490E+003     0.107887150839E-004    -0.326288852293E-005     0.277871747093E-008
     0.314106284138E-002    -0.279999897233E+003     0.880504997673E-004    -0.258220901740E-004     0.191796098584E-007
     0.333052643213E-002    -0.279999967249E+003     0.269353472969E-004    -0.674764151746E-005     0.244405726741E-007
     0.353135782749E-002    -0.279999984638E+003     0.107191129009E-004    -0.248168924971E-005     0.266502489110E-007
     0.374423909507E-002    -0.279999991091E+003     0.478925475356E-005    -0.110087552192E-005     0.276963797773E-007
     0.396989322653E-002    -0.279999994078E+003     0.230837081267E-005    -0.550331201988E-006     0.282318718294E-007
     0.420908659296E-002    -0.279999995642E+003     0.122770067910E-005    -0.306373392909E-006     0.285345354383E-007
     0.446263154769E-002    -0.279999996562E+003     0.733758972492E-006    -0.187333137129E-006     0.287265438011E-007
     0.473138918520E-002    -0.279999997146E+003     0.506394707359E-006    -0.125902494485E-006     0.288667845746E-007
     0.501627226558E-002    -0.279999997484E+003     0.449440991563E-006    -0.110592610071E-006     0.289986420337E-007
     0.531824831448E-002    -0.279999997977E+003     0.211060751110E-006    -0.454725515278E-007     0.290638397701E-007
     0.563834290904E-002    -0.279999997764E+003     0.576132690094E-006    -0.107878482412E-006     0.292514618026E-007
     0.597764316095E-002    -0.279999995555E+003     0.268682486218E-005    -0.597208784961E-006     0.301853506087E-007
     0.633730140856E-002    -0.279999997873E+003     0.660382295968E-006    -0.930633666655E-007     0.304252093789E-007
     0.671853913045E-002    -0.279999998424E+003    -0.722770261611E-007    -0.447794240886E-006     0.305981348974E-007
     0.712265109384E-002    -0.279999997765E+003     0.798220070634E-006    -0.245808780493E-006     0.309356536117E-007
     0.755100975191E-002    -0.279999998548E+003     0.474037150394E-006     0.392760842752E-006     0.311993543118E-007
     0.800506990496E-002    -0.279999991491E+003     0.679103280882E-005    -0.132026693864E-005     0.343406247356E-007
     0.848637364120E-002    -0.280000001946E+003    -0.287866577007E-005     0.846405889385E-006     0.357847861641E-007
     0.899655557408E-002    -0.279999998492E+003    -0.178943561635E-005    -0.300524328828E-005     0.375692248421E-007
     0.953734839373E-002    -0.279999997814E+003     0.306010722934E-006    -0.799872620085E-006     0.380323654364E-007
     0.101105887516E-001    -0.280000002749E+003    -0.381328452533E-005     0.610360825585E-006     0.402461184076E-007
     0.107182234982E-001    -0.280000027716E+003    -0.269888726667E-004     0.488724726733E-005     0.569122051556E-007
     0.113623162948E-001    -0.280000003988E+003    -0.391316720700E-005     0.521377574961E-006     0.594549210334E-007
     0.120450546223E-001    -0.280000051982E+003    -0.464485633480E-004     0.119686584664E-004     0.922030100574E-007
     0.127687572104E-001    -0.280000008337E+003    -0.601965360523E-005     0.116147396744E-005     0.966397998691E-007
     0.135358819124E-001    -0.280000003246E+003    -0.121598073681E-005     0.138440704972E-006     0.975786348294E-007
     0.143490340526E-001    -0.280000002160E+003    -0.413005025901E-006    -0.327196080011E-007     0.979155230096E-007
     0.152109752747E-001    -0.280000002002E+003    -0.439832561432E-006     0.197625670358E-007     0.982950153220E-007
     0.161246329208E-001    -0.280000001535E+003    -0.149296023302E-006    -0.130750994516E-007     0.984319428887E-007
     0.170931099734E-001    -0.280000000030E+003     0.104718161141E-005    -0.372054521614E-006     0.995082228555E-007
     0.181196955938E-001    -0.280000001073E+003     0.101468559093E-007    -0.477905621579E-007     0.995583775941E-007
     0.192078762926E-001    -0.280000001150E+003    -0.521360211780E-007     0.777639907543E-007     0.996602571309E-007
     0.203613477710E-001    -0.280000029000E+003    -0.270888556152E-004     0.421462542847E-005     0.131282402988E-006
     0.215840274722E-001    -0.280000003824E+003    -0.228723963062E-005     0.237710504807E-006     0.134094027050E-006
     0.228800678855E-001    -0.280000001756E+003    -0.337517680074E-006     0.410564228240E-007     0.134534688060E-006
     0.242538706494E-001    -0.280000009739E+003    -0.816159721784E-005     0.143940434819E-005     0.145920152877E-006
     0.257101015006E-001    -0.280000007655E+003    -0.649664702209E-005     0.981398977849E-006     0.155488106715E-006
     0.272537061195E-001    -0.280000001265E+003    -0.442892847473E-006     0.863673375127E-007     0.156184635771E-006
     0.288899269272E-001    -0.280000000680E+003    -0.437060200161E-007     0.221584149473E-007     0.156264814123E-006
     0.306243208897E-001    -0.280000000470E+003     0.604111388446E-007    -0.158056766731E-007     0.156373117619E-006
     0.324627783907E-001    -0.280000000636E+003     0.373623906757E-006     0.508413974533E-006     0.157533065704E-006
     0.344115432366E-001    -0.280000000414E+003    -0.113829455014E-007     0.951605922429E-008     0.157561978889E-006
     0.364772338618E-001    -0.280000000348E+003    -0.499804825698E-008    -0.481951238581E-008     0.157576321415E-006
     0.386668658063E-001    -0.279999993711E+003     0.758592058895E-005     0.446209018859E-006     0.174215405542E-006
     0.409878755421E-001    -0.280000000258E+003     0.232856061512E-008     0.601655244414E-007     0.174355154857E-006
     0.434481457293E-001    -0.279999997889E+003     0.225947458825E-005    -0.377509909521E-006     0.179991128112E-006
     0.460560319869E-001    -0.280000000031E+003     0.285494232188E-006    -0.621727425624E-007     0.180753114841E-006
     0.488203912708E-001    -0.280000009121E+003    -0.869380989170E-005     0.108722318334E-005     0.204973127969E-006
     0.517506119535E-001    -0.280000000854E+003    -0.334632592843E-006     0.267964202919E-007     0.205956814095E-006
     0.548566457095E-001    -0.280000000461E+003    -0.935035521631E-007    -0.951185482053E-007     0.206371099533E-006
     0.581490413132E-001    -0.280000001542E+003    -0.844763062307E-006     0.467604556301E-006     0.209550058213E-006
     0.616389804647E-001    -0.280000000026E+003     0.311244151150E-006    -0.314809179101E-007     0.210641823469E-006
     0.653383157655E-001    -0.280000000623E+003     0.961558177918E-006     0.149234840022E-005     0.217209261542E-006
     0.692596109728E-001    -0.280000001455E+003     0.386911778100E-005     0.695456544404E-005     0.248416478192E-006
     0.734161836681E-001    -0.279999999004E+003     0.171885547324E-005     0.605251421737E-006     0.255991019012E-006
     0.778221504872E-001    -0.280000000041E+003    -0.107167287269E-006    -0.956365310629E-007     0.256623872514E-006
     0.824924750635E-001    -0.280000001633E+003    -0.165026567385E-005     0.139413041544E-006     0.264358602316E-006
     0.874430188470E-001    -0.280000000185E+003    -0.106147408340E-006    -0.911532885345E-007     0.265051257421E-006
     0.926905949743E-001    -0.280000000392E+003     0.745181592637E-006     0.111601059877E-005     0.272093135568E-006
     0.982530253690E-001    -0.279999999922E+003    -0.277974744471E-006    -0.415824087798E-006     0.274875349768E-006
     0.104149201269E+000    -0.279999999891E+003     0.397201752530E-007    -0.120676954306E-007     0.275120117180E-006
     0.110399147386E+000    -0.280000000741E+003     0.330354649840E-005     0.502207261816E-005     0.312689849114E-006
     0.117024089912E+000    -0.279999999643E+003     0.140855444622E-006     0.129331570885E-009     0.313623008733E-006
     0.124046528610E+000    -0.279999999748E+003    -0.475197592801E-008    -0.771218566755E-008     0.313686622525E-006
     0.131490313229E+000    -0.280000000003E+003    -0.873447252926E-006    -0.786171256025E-006     0.322434179131E-006
     0.139380724499E+000    -0.280000000051E+003     0.127562460015E-005     0.195999564239E-005     0.340886274993E-006
     0.147744559993E+000    -0.279999999898E+003     0.805822345657E-007     0.144757962966E-006     0.342271957445E-006
     0.156610225139E+000    -0.279999998815E+003     0.107405730023E-005    -0.100285846131E-006     0.351835607870E-006
     0.166007829686E+000    -0.279999992479E+003     0.747808821410E-005    -0.779400192572E-006     0.422492388694E-006
     0.175969289968E+000    -0.279999999466E+003     0.313208414797E-006    -0.401529828564E-007     0.425637936046E-006
     0.185969289968E+000    -0.279999999816E+003    -0.180944117383E-007    -0.477095527883E-007     0.426148191782E-006
     0.195969289968E+000    -0.279999999799E+003     0.884300860398E-007     0.599346489316E-007     0.427216463389E-006
     0.205969289968E+000    -0.279999999912E+003    -0.168858468116E-006    -0.110886857460E-006     0.429236589064E-006
     0.215969289968E+000    -0.279999999043E+003     0.781621414801E-006    -0.136220703489E-006     0.437170617776E-006
     0.225969289968E+000    -0.279999999895E+003    -0.411357785029E-007    -0.778024043010E-007     0.438050695408E-006
     0.235969289968E+000    -0.279999999959E+003     0.307255404226E-006     0.471605953824E-006     0.443679354744E-006
     0.245969289968E+000    -0.279999999900E+003     0.370639764329E-007     0.533927906272E-007     0.444329318469E-006
     0.255969289968E+000    -0.279999999856E+003    -0.688047866983E-007    -0.104226926845E-006     0.445578212017E-006
     0.265969289968E+000    -0.279999999848E+003    -0.290055658641E-007    -0.469179254414E-007     0.446129811018E-006
     0.275969289968E+000    -0.279999999415E+003     0.421690608145E-006    -0.814261089239E-007     0.450424612296E-006
     0.285969289968E+000    -0.279999999889E+003    -0.635010955273E-008    -0.843513447736E-008     0.450530194201E-006
     0.295969289968E+000    -0.279999999863E+003    -0.522500835906E-007    -0.781353602034E-007     0.451470151952E-006
     0.305969289968E+000    -0.279999999883E+003    -0.287576987791E-008    -0.320294428154E-009     0.451499087468E-006
     0.315969289968E+000    -0.279999999881E+003    -0.204792971029E-009     0.114867670148E-007     0.451613973393E-006
     0.325969289968E+000    -0.279999999646E+003     0.222339600727E-006    -0.230590104846E-007     0.453849294757E-006
     0.335969289968E+000    -0.280000000207E+003     0.108723095225E-005     0.168766999691E-005     0.473924904741E-006
     0.345969289968E+000    -0.279999999370E+003    -0.738068903494E-006    -0.110452167836E-005     0.487209157991E-006
     0.355969289968E+000    -0.279999999974E+003     0.214855435277E-007    -0.764840058441E-008     0.487437220836E-006
     0.365969289968E+000    -0.279999999203E+003     0.797759925705E-006    -0.814489341737E-007     0.495456290782E-006
     0.375969289968E+000    -0.279999999966E+003     0.857659826571E-007     0.116516950714E-006     0.496903080455E-006
     0.385969289968E+000    -0.279999999909E+003     0.239728062856E-007     0.142038180209E-007     0.497181727882E-006
     0.395969289968E+000    -0.280000003716E+003    -0.391147876319E-005     0.347546706252E-006     0.536450614839E-006
     0.405969289968E+000    -0.279999999982E+003    -0.885878335199E-007    -0.602700840627E-007     0.537522075864E-006
     0.415969289968E+000    -0.280000000286E+003    -0.254817635089E-006     0.133611828891E-006     0.540399299316E-006
     0.425969289968E+000    -0.279999998291E+003     0.158665452721E-005    -0.128203125461E-006     0.556317554969E-006
     0.435969289968E+000    -0.279999999772E+003    -0.125763428430E-007    -0.480605867799E-007     0.556814343093E-006
     0.445969289968E+000    -0.279999999950E+003    -0.135298540276E-006     0.203975913537E-007     0.558182617799E-006
     0.455969289968E+000    -0.279999999807E+003     0.986206270469E-008     0.213081822797E-007     0.558417415353E-006
     0.465969289968E+000    -0.279999999336E+003     0.459987581098E-006    -0.485163846037E-007     0.563042806303E-006
     0.475969289968E+000    -0.279999995115E+003     0.473718574307E-005    -0.490769954448E-006     0.610668202797E-006
     0.485969289968E+000    -0.279999999685E+003     0.100850705273E-006     0.695243904844E-007     0.611893131596E-006
     0.495969289968E+000    -0.279999999760E+003    -0.298482986782E-008     0.115083842565E-007     0.612012023193E-006
     0.505969289968E+000    -0.279999999774E+003    -0.116365405290E-007     0.102557441123E-007     0.612167132626E-006
     0.515969289968E+000    -0.279999999633E+003    -0.346281849530E-006    -0.524015643318E-006     0.618448084096E-006
     0.525969289968E+000    -0.279999997603E+003     0.209931796945E-005    -0.469423864484E-006     0.639959696545E-006
     0.535969289968E+000    -0.280000001798E+003    -0.206009119624E-005     0.141521678765E-006     0.660609161726E-006
     0.545969289968E+000    -0.280000000047E+003     0.491008312746E-006     0.764321403078E-006     0.669693634029E-006
     0.555969289968E+000    -0.279999999714E+003    -0.206096650330E-007    -0.104082894182E-006     0.670754671595E-006
     0.565969289968E+000    -0.279999997519E+003     0.174048463616E-005    -0.845671534152E-006     0.690105245520E-006
     0.575969289968E+000    -0.279999999836E+003    -0.100986075599E-006    -0.204603108353E-006     0.692386925152E-006
     0.585969289968E+000    -0.279999999897E+003    -0.842763362298E-008    -0.166699397788E-007     0.692573716988E-006
     0.595969289968E+000    -0.279999999902E+003     0.209749548996E-008     0.319399861455E-008     0.692611928393E-006
     0.605969289968E+000    -0.279999994930E+003     0.487465922109E-005    -0.704961137303E-006     0.741865631529E-006
     0.615969289968E+000    -0.279999999815E+003     0.410054487612E-007    -0.193202241415E-007     0.742318921491E-006
     0.625969289968E+000    -0.279999999727E+003     0.187468279964E-006     0.125900904057E-007     0.744197827193E-006
     0.635969289968E+000    -0.279999999892E+003     0.786270593077E-008     0.961657058546E-008     0.744322044975E-006
     0.645969289968E+000    -0.279999999891E+003    -0.104984750958E-007    -0.160049776550E-007     0.744513454820E-006
     0.655969289968E+000    -0.279999999886E+003     0.197816339329E-008    -0.373459585724E-008     0.744555716312E-006
     0.665969289968E+000    -0.280000001051E+003    -0.114496920457E-005     0.166613821398E-006     0.756125999994E-006
     0.675969289968E+000    -0.279999995763E+003     0.418970027757E-005    -0.467301499996E-006     0.798282801471E-006
     0.685969289968E+000    -0.279999999737E+003     0.114351614107E-006    -0.132977753281E-007     0.799434023538E-006
     0.695969289968E+000    -0.279999999868E+003     0.311523598297E-008     0.208305401176E-008     0.799471498609E-006
     0.705969289968E+000    -0.279999999867E+003    -0.328841835892E-007    -0.471718919808E-007     0.800046525297E-006
     0.715969289968E+000    -0.279999999792E+003     0.331404211052E-006     0.293733820060E-006     0.804474937068E-006
     0.725969289968E+000    -0.279999999842E+003    -0.824592807150E-007    -0.136357083113E-006     0.806068448508E-006
     0.735969289968E+000    -0.280000000019E+003    -0.106354530679E-006     0.262233650763E-007     0.807163845746E-006
     0.745969289968E+000    -0.279999999472E+003    -0.101047517321E-006    -0.730257212192E-006     0.814535997377E-006
     0.755969289968E+000    -0.280000011132E+003    -0.113864411866E-004     0.119359741418E-005     0.929024301445E-006
