 #        time                      h  [L]            Darcian flow [L.T^{-1}]   in    x         z              directions   cumulative flux
 #-----------------------------------------------------------------------------------------------

     0.100000000000E-005     0.400000000000E+001    -0.169611748694E-012    -0.138498503251E+004     0.138498503251E-002
     0.205999994278E-005     0.400000000000E+001    -0.164147737374E-012    -0.134036799417E+004     0.280577502964E-002
     0.318359982147E-005     0.400000000000E+001    -0.158466111659E-012    -0.129397399944E+004     0.425968405844E-002
     0.437461562859E-005     0.400000000000E+001    -0.152569183287E-012    -0.124582192509E+004     0.574347766409E-002
     0.563709231599E-005     0.400000000000E+001    -0.146462274003E-012    -0.119595522648E+004     0.725334325669E-002
     0.697531753239E-005     0.400000000000E+001    -0.140154591461E-012    -0.114444908980E+004     0.878487388755E-002
     0.839383618521E-005     0.400000000000E+001    -0.133660321820E-012    -0.109141935384E+004     0.103330725990E-001
     0.989746587602E-005     0.400000000000E+001    -0.126999964945E-012    -0.103703341268E+004     0.118923868287E-001
     0.114913132622E-004     0.400000000000E+001    -0.120201915203E-012    -0.981523123946E+003     0.134567848943E-001
     0.131807914004E-004     0.400000000000E+001    -0.113304241675E-012    -0.925199345263E+003     0.150198889616E-001
     0.149716381303E-004     0.400000000000E+001    -0.106356530839E-012    -0.868466980955E+003     0.165751802144E-001
     0.168699355614E-004     0.400000000000E+001    -0.994215057637E-013    -0.811838203741E+003     0.181162905910E-001
     0.188821307298E-004     0.400000000000E+001    -0.925759199458E-013    -0.755939753488E+003     0.196373889106E-001
     0.210150574931E-004     0.400000000000E+001    -0.859099628536E-013    -0.701508083093E+003     0.211336542757E-001
     0.232759597402E-004     0.400000000000E+001    -0.795241967095E-013    -0.649364345417E+003     0.226018035835E-001
     0.256725159928E-004     0.400000000000E+001    -0.735230641267E-013    -0.600361379117E+003     0.240406034004E-001
     0.282128654833E-004     0.400000000000E+001    -0.680045505332E-013    -0.555299295932E+003     0.254512576839E-001
     0.309056357980E-004     0.400000000000E+001    -0.630468775339E-013    -0.514816823739E+003     0.268375411444E-001
     0.337599721774E-004     0.400000000000E+001    -0.586949615391E-013    -0.479280732861E+003     0.282055695761E-001
     0.367855685763E-004     0.400000000000E+001    -0.549508933866E-013    -0.448708096284E+003     0.295631791764E-001
     0.399927005860E-004     0.400000000000E+001    -0.517725164076E-013    -0.422754678685E+003     0.309190092387E-001
     0.433922603327E-004     0.400000000000E+001    -0.490816183296E-013    -0.400781828391E+003     0.322814910097E-001
     0.469957934698E-004     0.400000000000E+001    -0.467794173577E-013    -0.381982930836E+003     0.336579791587E-001
     0.508155383889E-004     0.400000000000E+001    -0.447643003021E-013    -0.365528251356E+003     0.350542038396E-001
     0.548644677845E-004     0.400000000000E+001    -0.429467371906E-013    -0.350686722249E+003     0.364741096180E-001
     0.591563327122E-004     0.400000000000E+001    -0.412584142732E-013    -0.336900519414E+003     0.379200411414E-001
     0.637057092900E-004     0.400000000000E+001    -0.396551447453E-013    -0.323808830211E+003     0.393931694492E-001
     0.685280482021E-004     0.400000000000E+001    -0.381147627816E-013    -0.311230656939E+003     0.408940291568E-001
     0.736397271730E-004     0.400000000000E+001    -0.366318089749E-013    -0.299121420154E+003     0.424230418300E-001
     0.790581065897E-004     0.400000000000E+001    -0.352108025966E-013    -0.287518022511E+003     0.439809235651E-001
     0.848015884613E-004     0.400000000000E+001    -0.338596610107E-013    -0.276485114192E+003     0.455689108062E-001
     0.908896789166E-004     0.400000000000E+001    -0.325844956300E-013    -0.266072598669E+003     0.471887848546E-001
     0.973430544509E-004     0.400000000000E+001    -0.313865554967E-013    -0.256290675144E+003     0.488427248272E-001
     0.104183632148E-003     0.400000000000E+001    -0.302615054740E-013    -0.247103944542E+003     0.505330585591E-001
     0.111434644115E-003     0.400000000000E+001    -0.292006395990E-013    -0.238441317279E+003     0.522619994043E-001
     0.119120716386E-003     0.400000000000E+001    -0.281932247767E-013    -0.230215150983E+003     0.540314496925E-001
     0.127267952553E-003     0.400000000000E+001    -0.272290597223E-013    -0.222342145844E+003     0.558429236646E-001
     0.135904022424E-003     0.400000000000E+001    -0.263004941051E-013    -0.214759832169E+003     0.576976045806E-001
     0.145058255993E-003     0.400000000000E+001    -0.254034609252E-013    -0.207435000385E+003     0.595965130245E-001
     0.154761743052E-003     0.400000000000E+001    -0.245374048585E-013    -0.200363115925E+003     0.615407339270E-001
     0.165047438780E-003     0.400000000000E+001    -0.237042687344E-013    -0.193560043197E+003     0.635316336364E-001
     0.175950275662E-003     0.400000000000E+001    -0.229069051672E-013    -0.187049075563E+003     0.655709991963E-001
     0.187507282134E-003     0.400000000000E+001    -0.221473950597E-013    -0.180847204885E+003     0.676610515136E-001
     0.199757708333E-003     0.400000000000E+001    -0.214257530558E-013    -0.174954550739E+003     0.698043193255E-001
     0.212743159403E-003     0.400000000000E+001    -0.207393662970E-013    -0.169349777515E+003     0.720034025751E-001
     0.226507736794E-003     0.400000000000E+001    -0.200832773931E-013    -0.163992405052E+003     0.742606887260E-001
     0.241098188040E-003     0.400000000000E+001    -0.194511664068E-013    -0.158830827144E+003     0.765781021659E-001
     0.256564065527E-003     0.400000000000E+001    -0.188367008947E-013    -0.153813335468E+003     0.789569603681E-001
     0.272957894778E-003     0.400000000000E+001    -0.182348581036E-013    -0.148898916131E+003     0.813979837748E-001
     0.290335352846E-003     0.400000000000E+001    -0.176428733180E-013    -0.144064993518E+003     0.839014671587E-001
     0.308755457403E-003     0.400000000000E+001    -0.170605946314E-013    -0.139310327217E+003     0.864675779520E-001
     0.328280767180E-003     0.400000000000E+001    -0.164901869614E-013    -0.134652595123E+003     0.890967115840E-001
     0.348977594427E-003     0.400000000000E+001    -0.159352950646E-013    -0.130121558932E+003     0.917898150103E-001
     0.370916230124E-003     0.400000000000E+001    -0.153999144271E-013    -0.125749844264E+003     0.945485950325E-001
     0.394171182707E-003     0.400000000000E+001    -0.148872944060E-013    -0.121563984133E+003     0.973755597194E-001
     0.418821431115E-003     0.400000000000E+001    -0.143992591949E-013    -0.117578874210E+003     0.100273908176E+000
     0.444950693017E-003     0.400000000000E+001    -0.139362425886E-013    -0.113798056699E+003     0.103247367404E+000
     0.472647709137E-003     0.400000000000E+001    -0.134957717763E-013    -0.110201339568E+003     0.106299615682E+000
     0.502006544641E-003     0.400000000000E+001    -0.130751122797E-013    -0.106766394105E+003     0.109434152684E+000
     0.533126908594E-003     0.400000000000E+001    -0.126713722324E-013    -0.103469606431E+003     0.112654164494E+000
     0.566114492604E-003     0.400000000000E+001    -0.122820762213E-013    -0.100290763262E+003     0.115962514473E+000
     0.601081329767E-003     0.400000000000E+001    -0.119055160510E-013    -0.972159161258E+002     0.119361847581E+000
     0.638146175159E-003     0.400000000000E+001    -0.115407947188E-013    -0.942377404392E+002     0.122854754861E+000
     0.677434909153E-003     0.400000000000E+001    -0.111876249258E-013    -0.913538902287E+002     0.126443933553E+000
     0.719080964939E-003     0.400000000000E+001    -0.108460151929E-013    -0.885644350717E+002     0.130132292957E+000
     0.763225781689E-003     0.400000000000E+001    -0.105159829709E-013    -0.858695174659E+002     0.133922987070E+000
     0.810019284919E-003     0.400000000000E+001    -0.101973850327E-013    -0.832679678733E+002     0.137819386994E+000
     0.859620395664E-003     0.400000000000E+001    -0.988988231443E-014    -0.807570176260E+002     0.141825024768E+000
     0.912197570216E-003     0.400000000000E+001    -0.959299720114E-014    -0.783327667032E+002     0.145943540316E+000
     0.967929372233E-003     0.400000000000E+001    -0.930619988807E-014    -0.759908889204E+002     0.150178649493E+000
     0.102700507918E-002     0.400000000000E+001    -0.902897562726E-014    -0.737271810415E+002     0.154534134834E+000
     0.108962532517E-002     0.400000000000E+001    -0.876085602447E-014    -0.715378183372E+002     0.159013850616E+000
     0.115600278233E-002     0.400000000000E+001    -0.850142247662E-014    -0.694193826541E+002     0.163621732714E+000
     0.122636288312E-002     0.400000000000E+001    -0.825029780828E-014    -0.673687941211E+002     0.168361807859E+000
     0.130094458593E-002     0.400000000000E+001    -0.800713712722E-014    -0.653832364792E+002     0.173238200971E+000
     0.138000118665E-002     0.400000000000E+001    -0.777162114939E-014    -0.634601025765E+002     0.178255140962E+000
     0.146380117888E-002     0.400000000000E+001    -0.754345218330E-014    -0.615969615774E+002     0.183416965863E+000
     0.155262916586E-002     0.400000000000E+001    -0.732236214482E-014    -0.597916244090E+002     0.188728135498E+000
     0.164678682697E-002     0.400000000000E+001    -0.710824140881E-014    -0.580431959138E+002     0.194193347068E+000
     0.174659394236E-002     0.400000000000E+001    -0.690063422805E-014    -0.563479546335E+002     0.199817273878E+000
     0.185238947896E-002     0.400000000000E+001    -0.669927063588E-014    -0.547036961232E+002     0.205604680763E+000
     0.196453274170E-002     0.400000000000E+001    -0.650392507370E-014    -0.531085785570E+002     0.211560450042E+000
     0.208340459379E-002     0.400000000000E+001    -0.631439255956E-014    -0.515609281301E+002     0.217689593065E+000
     0.220940875020E-002     0.400000000000E+001    -0.613048549106E-014    -0.500592129529E+002     0.223997261964E+000
     0.234297314879E-002     0.400000000000E+001    -0.595203129844E-014    -0.486020238863E+002     0.230488762054E+000
     0.248455140365E-002     0.400000000000E+001    -0.577886935080E-014    -0.471880492793E+002     0.237169563722E+000
     0.263462434571E-002     0.400000000000E+001    -0.561084743604E-014    -0.458160462261E+002     0.244045312572E+000
     0.279370165569E-002     0.400000000000E+001    -0.544781850588E-014    -0.444848139862E+002     0.251121837116E+000
     0.296232359518E-002     0.400000000000E+001    -0.528963812299E-014    -0.431931731392E+002     0.258405153743E+000
     0.314106284138E-002     0.400000000000E+001    -0.513616331539E-014    -0.419399562304E+002     0.265901469906E+000
     0.333052643213E-002     0.400000000000E+001    -0.498725274301E-014    -0.407240091305E+002     0.273617186905E+000
     0.353135782749E-002     0.400000000000E+001    -0.484346195031E-014    -0.395498682043E+002     0.281560042123E+000
     0.374423909507E-002     0.400000000000E+001    -0.470309781252E-014    -0.384037080388E+002     0.289735472170E+000
     0.396989322653E-002     0.400000000000E+001    -0.456709843984E-014    -0.372931888853E+002     0.298150834317E+000
     0.420908659296E-002     0.400000000000E+001    -0.443445676625E-014    -0.362100874255E+002     0.306812047027E+000
     0.446263154769E-002     0.400000000000E+001    -0.430637519127E-014    -0.351642219967E+002     0.315727758102E+000
     0.473138918520E-002     0.400000000000E+001    -0.418207426036E-014    -0.341492278694E+002     0.324905623907E+000
     0.501627226558E-002     0.400000000000E+001    -0.406143739197E-014    -0.331641530832E+002     0.334353529995E+000
     0.531824831448E-002     0.400000000000E+001    -0.394434675490E-014    -0.322080354732E+002     0.344079585290E+000
     0.563834290904E-002     0.400000000000E+001    -0.383068561721E-014    -0.312799218508E+002     0.354092119193E+000
     0.597764316095E-002     0.400000000000E+001    -0.372033683630E-014    -0.303788556741E+002     0.364399672576E+000
     0.633730140856E-002     0.400000000000E+001    -0.361326122431E-014    -0.295045169499E+002     0.375011215439E+000
     0.671853913045E-002     0.400000000000E+001    -0.350912567717E-014    -0.286541856772E+002     0.385935271909E+000
     0.712265109384E-002     0.400000000000E+001    -0.340781847080E-014    -0.278269495594E+002     0.397180475131E+000
     0.755100975191E-002     0.400000000000E+001    -0.330898410310E-014    -0.270199057019E+002     0.408754685678E+000
     0.800506990496E-002     0.400000000000E+001    -0.321223757240E-014    -0.262299103271E+002     0.420664642776E+000
     0.848637364120E-002     0.400000000000E+001    -0.311702107823E-014    -0.254524086487E+002     0.432914982155E+000
     0.899655557408E-002     0.400000000000E+001    -0.302251712585E-014    -0.246807253157E+002     0.445506642301E+000
     0.953734839373E-002     0.400000000000E+001    -0.292776781247E-014    -0.239070384580E+002     0.458435397038E+000
     0.101105887516E-001     0.400000000000E+001    -0.283123610568E-014    -0.231187972536E+002     0.471688024650E+000
     0.107182234982E-001     0.400000000000E+001    -0.273096372026E-014    -0.223000110903E+002     0.485238286237E+000
     0.113623162948E-001     0.400000000000E+001    -0.262409905152E-014    -0.214273948484E+002     0.499039516909E+000
     0.120450546223E-001     0.400000000000E+001    -0.250847831102E-014    -0.204832798548E+002     0.513024237139E+000
     0.127687572104E-001     0.400000000000E+001    -0.238021536148E-014    -0.194359333902E+002     0.527090072436E+000
     0.135358819124E-001     0.400000000000E+001    -0.223567913898E-014    -0.182557055678E+002     0.541094475129E+000
     0.143490340526E-001     0.400000000000E+001    -0.207164902333E-014    -0.169162980279E+002     0.554849999075E+000
     0.152109752747E-001     0.400000000000E+001    -0.188337961364E-014    -0.153789616316E+002     0.568105760059E+000
     0.161246329208E-001     0.400000000000E+001    -0.166953417478E-014    -0.136327811083E+002     0.580561454756E+000
     0.170931099734E-001     0.400000000000E+001    -0.143035793813E-014    -0.116797589242E+002     0.591873033254E+000
     0.181196955938E-001     0.400000000000E+001    -0.117096425947E-014    -0.956164879769E+001     0.601688884416E+000
     0.192078762926E-001     0.400000000000E+001    -0.906419382747E-015    -0.740147594701E+001     0.609743027685E+000
     0.203613477710E-001     0.400000000000E+001    -0.663329984112E-015    -0.541650037034E+001     0.615990806375E+000
     0.215840274722E-001     0.400000000000E+001    -0.474871648865E-015    -0.387762127983E+001     0.620731895203E+000
     0.228800678855E-001     0.400000000000E+001    -0.357434453764E-015    -0.291867380875E+001     0.624514614412E+000
     0.242538706494E-001     0.400000000000E+001    -0.300439722030E-015    -0.245327650584E+001     0.627884932456E+000
     0.257101015006E-001     0.400000000000E+001    -0.280864518770E-015    -0.229343284093E+001     0.631224700114E+000
     0.272537061195E-001     0.400000000000E+001    -0.280341835586E-015    -0.228916480884E+001     0.634758265487E+000
     0.288899269272E-001     0.400000000000E+001    -0.294393384256E-015    -0.240390441114E+001     0.638691583904E+000
     0.306243208897E-001     0.400000000000E+001    -0.309285676578E-015    -0.252550920636E+001     0.643071811824E+000
     0.324627783907E-001     0.400000000000E+001    -0.326563532351E-015    -0.266659360543E+001     0.647974230840E+000
     0.344115432366E-001     0.400000000000E+001    -0.341892201951E-015    -0.279176169153E+001     0.653414717882E+000
     0.364772338618E-001     0.400000000000E+001    -0.354180165709E-015    -0.289210053018E+001     0.659388902835E+000
     0.386668658063E-001     0.400000000000E+001    -0.363985760002E-015    -0.297216928387E+001     0.665896859643E+000
     0.409878755421E-001     0.400000000000E+001    -0.372175757790E-015    -0.303904569096E+001     0.672950514279E+000
     0.434481457293E-001     0.400000000000E+001    -0.379360535892E-015    -0.309771385640E+001     0.680571727329E+000
     0.460560319869E-001     0.400000000000E+001    -0.385776723390E-015    -0.315010600328E+001     0.688786845485E+000
     0.488203912708E-001     0.400000000000E+001    -0.391139223370E-015    -0.319389413864E+001     0.697615916398E+000
     0.517506119535E-001     0.400000000000E+001    -0.394202960295E-015    -0.321891144916E+001     0.707048037303E+000
     0.548566457095E-001     0.400000000000E+001    -0.394071833430E-015    -0.321784071705E+001     0.717042759191E+000
     0.581490413132E-001     0.400000000000E+001    -0.391799669190E-015    -0.319928708803E+001     0.727576077935E+000
     0.616389804647E-001     0.400000000000E+001    -0.385602957351E-015    -0.314868709590E+001     0.738564804306E+000
     0.653383157655E-001     0.400000000000E+001    -0.375273326873E-015    -0.306433926202E+001     0.749900822712E+000
     0.692596109728E-001     0.400000000000E+001    -0.361463448594E-015    -0.295157304821E+001     0.761474811960E+000
     0.734161836681E-001     0.400000000000E+001    -0.344467615976E-015    -0.281279154297E+001     0.773166384485E+000
     0.778221504872E-001     0.400000000000E+001    -0.326588707657E-015    -0.266679917740E+001     0.784916213174E+000
     0.824924750635E-001     0.400000000000E+001    -0.309952565878E-015    -0.253095477074E+001     0.796736593441E+000
     0.874430188470E-001     0.400000000000E+001    -0.297280419394E-015    -0.242747884207E+001     0.808753933733E+000
     0.926905949743E-001     0.400000000000E+001    -0.291369799258E-015    -0.237921496599E+001     0.821239045390E+000
     0.982530253690E-001     0.400000000000E+001    -0.291414981999E-015    -0.237958391106E+001     0.834475315263E+000
     0.104149201269E+000     0.400000000000E+001    -0.295337121784E-015    -0.241161061287E+001     0.848694595639E+000
     0.110399147386E+000     0.400000000000E+001    -0.300652736006E-015    -0.245501589695E+001     0.864038312711E+000
     0.117024089912E+000     0.400000000000E+001    -0.305889412510E-015    -0.249777660565E+001     0.880585939166E+000
     0.124046528610E+000     0.400000000000E+001    -0.309461463265E-015    -0.252694461358E+001     0.898331252810E+000
     0.131490313229E+000     0.400000000000E+001    -0.309916223542E-015    -0.253065801306E+001     0.917168926002E+000
     0.139380724499E+000     0.400000000000E+001    -0.307012492123E-015    -0.250694724664E+001     0.936949770810E+000
     0.147744559993E+000     0.400000000000E+001    -0.301215919262E-015    -0.245961463723E+001     0.957521583015E+000
     0.156610225139E+000     0.400000000000E+001    -0.293004266758E-015    -0.239256140597E+001     0.978733231281E+000
     0.166007829686E+000     0.400000000000E+001    -0.282399673502E-015    -0.230596833062E+001     0.100040380975E+001
     0.175969289968E+000     0.400000000000E+001    -0.270314437172E-015    -0.220728488704E+001     0.102239159048E+001
     0.185969289968E+000     0.400000000000E+001    -0.260722382201E-015    -0.212895981423E+001     0.104368118863E+001
     0.195969289968E+000     0.400000000000E+001    -0.256610865205E-015    -0.209538673014E+001     0.106463505593E+001
     0.205969289968E+000     0.400000000000E+001    -0.257863324346E-015    -0.210561383515E+001     0.108569119428E+001
     0.215969289968E+000     0.400000000000E+001    -0.261973416317E-015    -0.213917528302E+001     0.110708294711E+001
     0.225969289968E+000     0.400000000000E+001    -0.264272183850E-015    -0.215794614442E+001     0.112866240855E+001
     0.235969289968E+000     0.400000000000E+001    -0.264046057747E-015    -0.215609968467E+001     0.115022340540E+001
     0.245969289968E+000     0.400000000000E+001    -0.261543829444E-015    -0.213566744000E+001     0.117158007980E+001
     0.255969289968E+000     0.400000000000E+001    -0.257854248824E-015    -0.210553972789E+001     0.119263547708E+001
     0.265969289968E+000     0.400000000000E+001    -0.254274530082E-015    -0.207630910609E+001     0.121339856814E+001
     0.275969289968E+000     0.400000000000E+001    -0.251871338198E-015    -0.205668555516E+001     0.123396542369E+001
     0.285969289968E+000     0.400000000000E+001    -0.251125200545E-015    -0.205059287886E+001     0.125447135248E+001
     0.295969289968E+000     0.400000000000E+001    -0.252051726681E-015    -0.205815853891E+001     0.127505293787E+001
     0.305969289968E+000     0.400000000000E+001    -0.253005619971E-015    -0.206594766872E+001     0.129571241456E+001
     0.315969289968E+000     0.400000000000E+001    -0.253880223275E-015    -0.207308934667E+001     0.131644330802E+001
     0.325969289968E+000     0.400000000000E+001    -0.253757517874E-015    -0.207208738104E+001     0.133716418183E+001
     0.335969289968E+000     0.400000000000E+001    -0.252247726979E-015    -0.205975900280E+001     0.135776177186E+001
     0.345969289968E+000     0.400000000000E+001    -0.249638811260E-015    -0.203845558927E+001     0.137814632775E+001
     0.355969289968E+000     0.400000000000E+001    -0.246400971986E-015    -0.201201662518E+001     0.139826649401E+001
     0.365969289968E+000     0.400000000000E+001    -0.243631112319E-015    -0.198939900458E+001     0.141816048405E+001
     0.375969289968E+000     0.400000000000E+001    -0.242005738131E-015    -0.197612681713E+001     0.143792175222E+001
     0.385969289968E+000     0.400000000000E+001    -0.241630558995E-015    -0.197306324700E+001     0.145765238469E+001
     0.395969289968E+000     0.400000000000E+001    -0.242280087460E-015    -0.197836704941E+001     0.147743605519E+001
     0.405969289968E+000     0.400000000000E+001    -0.242656978077E-015    -0.198144459485E+001     0.149725050114E+001
     0.415969289968E+000     0.400000000000E+001    -0.242289585360E-015    -0.197844460565E+001     0.151703494719E+001
     0.425969289968E+000     0.400000000000E+001    -0.241647268318E-015    -0.197319968897E+001     0.153676694408E+001
     0.435969289968E+000     0.400000000000E+001    -0.240461884722E-015    -0.196352029736E+001     0.155640214706E+001
     0.445969289968E+000     0.400000000000E+001    -0.238848038962E-015    -0.195034224666E+001     0.157590556952E+001
     0.455969289968E+000     0.400000000000E+001    -0.236923538359E-015    -0.193462750668E+001     0.159525184459E+001
     0.465969289968E+000     0.400000000000E+001    -0.234822041721E-015    -0.191746748438E+001     0.161442651943E+001
     0.475969289968E+000     0.400000000000E+001    -0.232761898318E-015    -0.190064513687E+001     0.163343297080E+001
     0.485969289968E+000     0.400000000000E+001    -0.231068250123E-015    -0.188681544984E+001     0.165230112530E+001
     0.495969289968E+000     0.400000000000E+001    -0.230105730460E-015    -0.187895588034E+001     0.167109068410E+001
     0.505969289968E+000     0.400000000000E+001    -0.230093525168E-015    -0.187885621657E+001     0.168987924627E+001
     0.515969289968E+000     0.400000000000E+001    -0.230622975391E-015    -0.188317950573E+001     0.170871104133E+001
     0.525969289968E+000     0.400000000000E+001    -0.231447870069E-015    -0.188991528194E+001     0.172761019415E+001
     0.535969289968E+000     0.400000000000E+001    -0.232351908151E-015    -0.189729731310E+001     0.174658316728E+001
     0.545969289968E+000     0.400000000000E+001    -0.233123745323E-015    -0.190359984189E+001     0.176561916570E+001
     0.555969289968E+000     0.400000000000E+001    -0.233614032066E-015    -0.190760333697E+001     0.178469519907E+001
     0.565969289968E+000     0.400000000000E+001    -0.233755367309E-015    -0.190875742681E+001     0.180378277333E+001
     0.575969289968E+000     0.400000000000E+001    -0.232601574021E-015    -0.189933598963E+001     0.182277613323E+001
     0.585969289968E+000     0.400000000000E+001    -0.231050078224E-015    -0.188666706502E+001     0.184164280388E+001
     0.595969289968E+000     0.400000000000E+001    -0.229276269100E-015    -0.187218281434E+001     0.186036463202E+001
     0.605969289968E+000     0.400000000000E+001    -0.227406242329E-015    -0.185691288694E+001     0.187893376089E+001
     0.615969289968E+000     0.400000000000E+001    -0.225466690094E-015    -0.184107524105E+001     0.189734451330E+001
     0.625969289968E+000     0.400000000000E+001    -0.223751303537E-015    -0.182706804683E+001     0.191561519377E+001
     0.635969289968E+000     0.400000000000E+001    -0.222406491857E-015    -0.181608682611E+001     0.193377606203E+001
     0.645969289968E+000     0.400000000000E+001    -0.221573265708E-015    -0.180928301827E+001     0.195186889222E+001
     0.655969289968E+000     0.400000000000E+001    -0.221549984965E-015    -0.180909291658E+001     0.196995982138E+001
     0.665969289968E+000     0.400000000000E+001    -0.221582183509E-015    -0.180935583765E+001     0.198805337976E+001
     0.675969289968E+000     0.400000000000E+001    -0.222173486146E-015    -0.181418419009E+001     0.200619522166E+001
     0.685969289968E+000     0.400000000000E+001    -0.223189618446E-015    -0.182248153999E+001     0.202442003706E+001
     0.695969289968E+000     0.400000000000E+001    -0.223956568608E-015    -0.182874416333E+001     0.204270747869E+001
     0.705969289968E+000     0.400000000000E+001    -0.224729010229E-015    -0.183505162783E+001     0.206105799497E+001
     0.715969289968E+000     0.400000000000E+001    -0.225290679556E-015    -0.183963800594E+001     0.207945437503E+001
     0.725969289968E+000     0.400000000000E+001    -0.225475991999E-015    -0.184115119687E+001     0.209786588700E+001
     0.735969289968E+000     0.400000000000E+001    -0.225457419776E-015    -0.184099954316E+001     0.211627588243E+001
     0.745969289968E+000     0.400000000000E+001    -0.225383637806E-015    -0.184039706765E+001     0.213467985311E+001
     0.755969289968E+000     0.400000000000E+001    -0.225050345436E-015    -0.183767552891E+001     0.215305660840E+001
