 #        time                      h  [L]            Darcian flow [L.T^{-1}]   in    x         z              directions   cumulative flux
 #-----------------------------------------------------------------------------------------------

     0.100000000000E-005    -0.280000000000E+003     0.505778066013E-014    -0.324726929327E-014     0.601048276505E-020
     0.205999994278E-005    -0.280000000000E+003     0.505778066013E-014    -0.966664217824E-014     0.175749371894E-019
     0.318359982147E-005    -0.280000000000E+003     0.505778066013E-014    -0.966664217824E-014     0.298332582175E-019
     0.437461562859E-005    -0.280000000000E+003     0.101155613203E-013    -0.649453858654E-014     0.441504181807E-019
     0.563709231599E-005    -0.280000000000E+003     0.151733419804E-013    -0.974180787982E-014     0.669147012934E-019
     0.697531753239E-005    -0.280000000000E+003     0.151733419804E-013    -0.974180787982E-014     0.910448400902E-019
     0.839383618521E-005    -0.280000000000E+003     0.151733419804E-013    -0.161611807648E-013     0.122490364708E-018
     0.989746587602E-005    -0.280000000000E+003     0.101155613203E-013    -0.257526572415E-013     0.164092946198E-018
     0.114913132622E-004    -0.280000000000E+003    -0.314458578245E-029    -0.256774915399E-013     0.205018948974E-018
     0.131807914004E-004    -0.280000000000E+003     0.101155613203E-013    -0.321720301264E-013     0.261996310590E-018
     0.149716381303E-004    -0.280000000000E+003     0.101155613203E-013    -0.321720301264E-013     0.322392310642E-018
     0.168699355614E-004    -0.280000000000E+003     0.151733419804E-013    -0.289999265347E-013     0.384522806806E-018
     0.188821307298E-004    -0.280000000000E+003     0.151733419804E-013    -0.225805536498E-013     0.439264564711E-018
     0.210150574931E-004    -0.280000000000E+003     0.101155613203E-013    -0.257526572415E-013     0.498278602561E-018
     0.232759597402E-004    -0.280000000000E+003     0.151733419804E-013    -0.354192994197E-013     0.585396921724E-018
     0.256725159928E-004    -0.280000000000E+003     0.101155613203E-013    -0.385914030114E-013     0.681007832041E-018
     0.282128654833E-004    -0.280000000000E+003     0.505778066013E-014    -0.353441337181E-013     0.771708944023E-018
     0.309056357980E-004    -0.280000000000E+003     0.101155613203E-013    -0.385914030114E-013     0.879137351257E-018
     0.337599721774E-004    -0.280000000000E+003     0.505778066013E-014    -0.225053879482E-013     0.944977533041E-018
     0.367855685763E-004    -0.280000000000E+003    -0.101155613203E-013    -0.256023258383E-013     0.102826685881E-017
     0.399927005860E-004    -0.280000000000E+003    -0.101155613203E-013    -0.256023258383E-013     0.111655353936E-017
     0.433922603327E-004    -0.280000000000E+003    -0.202311226405E-013    -0.191077872518E-013     0.121115699331E-017
     0.469957934698E-004    -0.280000000000E+003    -0.252889033006E-013    -0.158605179585E-013     0.131872620941E-017
     0.508155383889E-004    -0.280000000000E+003    -0.252889033006E-013    -0.158605179585E-013     0.143274957232E-017
     0.548644677845E-004    -0.280000000000E+003    -0.202311226405E-013    -0.255271601367E-013     0.156463124118E-017
     0.591563327122E-004    -0.280000000000E+003    -0.202311226405E-013    -0.255271601367E-013     0.170442580261E-017
     0.637057092900E-004    -0.280000000000E+003    -0.151733419804E-013    -0.223550565450E-013     0.182734140927E-017
     0.685280482021E-004    -0.280000000000E+003    -0.101155613203E-013    -0.256023258383E-013     0.196009188344E-017
     0.736397271730E-004    -0.280000000000E+003    -0.151733419804E-013    -0.351938023150E-013     0.215599887416E-017
     0.790581065897E-004    -0.280000000000E+003    -0.151733419804E-013    -0.351938023150E-013     0.236366027312E-017
     0.848015884613E-004    -0.280000000000E+003    -0.151733419804E-013    -0.351938023150E-013     0.258378134413E-017
     0.908896789166E-004    -0.280000000000E+003    -0.202311226405E-013    -0.319465330217E-013     0.281399484289E-017
     0.973430544509E-004    -0.280000000000E+003    -0.252889033006E-013    -0.351186366134E-013     0.309327373897E-017
     0.104183632148E-003    -0.280000000000E+003    -0.252889033006E-013    -0.415380094984E-013     0.342593510907E-017
     0.111434644115E-003    -0.280000000000E+003    -0.303466839608E-013    -0.447101130901E-013     0.381775254585E-017
     0.119120716386E-003    -0.280000000000E+003    -0.252889033006E-013    -0.479573823834E-013     0.423446521199E-017
     0.127267952553E-003    -0.280000000000E+003    -0.252889033006E-013    -0.543767552683E-013     0.472305219644E-017
     0.135904022424E-003    -0.280000000000E+003    -0.303466839608E-013    -0.447101130901E-013     0.518971295715E-017
     0.145058255993E-003    -0.280000000000E+003    -0.303466839608E-013    -0.511294859750E-013     0.573399704728E-017
     0.154761743052E-003    -0.280000000000E+003    -0.252889033006E-013    -0.415380094984E-013     0.620588340584E-017
     0.165047438780E-003    -0.280000000000E+003    -0.252889033006E-013    -0.543767552683E-013     0.682271308347E-017
     0.175950275662E-003    -0.280000000000E+003    -0.252889033006E-013    -0.543767552683E-013     0.747655250647E-017
     0.187507282134E-003    -0.280000000000E+003    -0.202311226405E-013    -0.768821432165E-013     0.839532814416E-017
     0.199757708333E-003    -0.280000000000E+003    -0.252889033006E-013    -0.800542468082E-013     0.942379582489E-017
     0.212743159403E-003    -0.280000000000E+003    -0.252889033006E-013    -0.864736196932E-013     0.105937277145E-016
     0.226507736794E-003    -0.280000000000E+003    -0.303466839608E-013    -0.832263503999E-013     0.118130817906E-016
     0.241098188040E-003    -0.280000000000E+003    -0.303466839608E-013    -0.768069775149E-013     0.130180298604E-016
     0.256564065527E-003    -0.280000000000E+003    -0.404622452810E-013    -0.831511846983E-013     0.144482107226E-016
     0.272957894778E-003    -0.280000000000E+003    -0.404622452810E-013    -0.703124389284E-013     0.157781365512E-016
     0.290335352846E-003    -0.280000000000E+003    -0.404622452810E-013    -0.703124389284E-013     0.171878578535E-016
     0.308755457403E-003    -0.280000000000E+003    -0.354044646209E-013    -0.671403353367E-013     0.185860033373E-016
     0.328280767180E-003    -0.280000000000E+003    -0.252889033006E-013    -0.672155010383E-013     0.199882213415E-016
     0.348977594427E-003    -0.280000000000E+003    -0.252889033006E-013    -0.672155010383E-013     0.214745723457E-016
     0.370916230124E-003    -0.280000000000E+003    -0.303466839608E-013    -0.575488588600E-013     0.229018980930E-016
     0.394171182707E-003    -0.280000000000E+003    -0.303466839608E-013    -0.511294859750E-013     0.242845699041E-016
     0.418821431115E-003    -0.280000000000E+003    -0.252889033006E-013    -0.543767552683E-013     0.257628369248E-016
     0.444950693017E-003    -0.280000000000E+003    -0.303466839608E-013    -0.575488588600E-013     0.274628044518E-016
     0.472647709137E-003    -0.280000000000E+003    -0.202311226405E-013    -0.576240245616E-013     0.291543250887E-016
     0.502006544641E-003    -0.280000000000E+003    -0.151733419804E-013    -0.672906667398E-013     0.311795026132E-016
     0.533126908594E-003    -0.280000000000E+003    -0.151733419804E-013    -0.544519209699E-013     0.329386269858E-016
     0.566114492604E-003    -0.280000000000E+003    -0.202311226405E-013    -0.447852787917E-013     0.345597308161E-016
     0.601081329767E-003    -0.280000000000E+003    -0.252889033006E-013    -0.351186366134E-013     0.360729698381E-016
     0.638146175159E-003    -0.280000000000E+003    -0.202311226405E-013    -0.319465330217E-013     0.374745304426E-016
     0.677434909153E-003    -0.280000000000E+003    -0.252889033006E-013    -0.222798908435E-013     0.387986961054E-016
     0.719080964939E-003    -0.280000000000E+003    -0.151733419804E-013    -0.159356836601E-013     0.397150762051E-016
     0.763225781689E-003    -0.280000000000E+003    -0.101155613203E-013    -0.320216987233E-013     0.411975231522E-016
     0.810019284919E-003    -0.280000000000E+003    -0.101155613203E-013    -0.256023258383E-013     0.424856656605E-016
     0.859620395664E-003    -0.280000000000E+003    -0.101155613203E-013    -0.191829529533E-013     0.435613469903E-016
     0.912197570216E-003    -0.280000000000E+003    -0.202311226405E-013    -0.255271601367E-013     0.452738899482E-016
     0.967929372233E-003    -0.280000000000E+003    -0.252889033006E-013    -0.286992637284E-013     0.474057143294E-016
     0.102700507918E-002    -0.280000000000E+003    -0.202311226405E-013    -0.191077872518E-013     0.490496818836E-016
     0.108962532517E-002    -0.280000000000E+003    -0.151733419804E-013    -0.287744294300E-013     0.510867157865E-016
     0.115600278233E-002    -0.280000000000E+003    -0.202311226405E-013    -0.255271601367E-013     0.532487613470E-016
     0.122636288312E-002    -0.280000000000E+003    -0.202311226405E-013    -0.255271601367E-013     0.555405295174E-016
     0.130094458593E-002    -0.280000000000E+003    -0.202311226405E-013    -0.191077872518E-013     0.576160002295E-016
     0.138000118665E-002    -0.280000000000E+003    -0.151733419804E-013    -0.223550565450E-013     0.597519610299E-016
     0.146380117888E-002    -0.280000000000E+003    -0.151733419804E-013    -0.223550565450E-013     0.620160793562E-016
     0.155262916586E-002    -0.280000000000E+003    -0.505778066013E-014    -0.288495951316E-013     0.646178149817E-016
     0.164678682697E-002    -0.280000000000E+003    -0.151733419804E-013    -0.351938023150E-013     0.682264422344E-016
     0.174659394236E-002    -0.280000000000E+003    -0.151733419804E-013    -0.351938023150E-013     0.720515869157E-016
     0.185238947896E-002    -0.280000000000E+003    -0.303466839608E-013    -0.318713673201E-013     0.767074383548E-016
     0.196453274170E-002    -0.280000000000E+003    -0.303466839608E-013    -0.318713673201E-013     0.816426406138E-016
     0.208340459379E-002    -0.280000000000E+003    -0.202311226405E-013    -0.383659059067E-013     0.867985022472E-016
     0.220940875020E-002    -0.280000000000E+003    -0.202311226405E-013    -0.383659059067E-013     0.922637152836E-016
     0.234297314879E-002    -0.280000000000E+003    -0.202311226405E-013    -0.255271601367E-013     0.966141729142E-016
     0.248455140365E-002    -0.280000000000E+003    -0.202311226405E-013    -0.319465330217E-013     0.101967776912E-015
     0.263462434571E-002    -0.280000000000E+003    -0.151733419804E-013    -0.287744294300E-013     0.106849643249E-015
     0.279370165569E-002    -0.280000000000E+003    -0.202311226405E-013    -0.255271601367E-013     0.112031107055E-015
     0.296232359518E-002    -0.280000000000E+003    -0.151733419804E-013    -0.223550565450E-013     0.116586955012E-015
     0.314106284138E-002    -0.280000000000E+003    -0.202311226405E-013     0.150331403146E-015     0.120203150453E-015
     0.333052643213E-002    -0.280000000000E+003    -0.151733419804E-013    -0.159356836601E-013     0.124372108615E-015
     0.353135782749E-002    -0.280000000000E+003    -0.505778066013E-014     0.324726929327E-014     0.125579202256E-015
     0.374423909507E-002    -0.280000000000E+003    -0.505778066013E-014     0.160860150632E-013     0.129168894448E-015
     0.396989322653E-002    -0.280000000000E+003     0.505778066013E-014     0.160108493616E-013     0.132957790891E-015
     0.420908659296E-002    -0.280000000000E+003     0.151733419804E-013     0.951631077510E-014     0.137241893511E-015
     0.446263154769E-002    -0.280000000000E+003     0.505778066013E-014     0.160108493616E-013     0.141499097094E-015
     0.473138918520E-002    -0.280000000000E+003     0.314458578245E-029     0.256774915399E-013     0.148400119058E-015
     0.501627226558E-002    -0.280000000000E+003     0.505778066013E-014     0.160108493616E-013     0.153183512487E-015
     0.531824831448E-002    -0.280000000000E+003    -0.505778066013E-014     0.225053879482E-013     0.160149109849E-015
     0.563834290904E-002    -0.280000000000E+003    -0.505778066013E-014     0.417635066031E-013     0.173615058517E-015
     0.597764316095E-002    -0.280000000000E+003    -0.101155613203E-013     0.450107758964E-013     0.189268147218E-015
     0.633730140856E-002    -0.280000000000E+003    -0.101155613203E-013     0.321720301264E-013     0.201397560183E-015
     0.671853913045E-002    -0.280000000000E+003    -0.202311226405E-013     0.194084500581E-013     0.212085729915E-015
     0.712265109384E-002    -0.280000000000E+003    -0.101155613203E-013     0.193332843565E-013     0.220903342434E-015
     0.755100975191E-002    -0.280000000000E+003    -0.202311226405E-013     0.150331403146E-015     0.229569758229E-015
     0.800506990496E-002    -0.280000000000E+003    -0.202311226405E-013     0.129890771731E-013     0.240486241126E-015
     0.848637364120E-002    -0.280000000000E+003    -0.151733419804E-013    -0.309693789013E-014     0.247939790585E-015
     0.899655557408E-002    -0.280000000000E+003    -0.202311226405E-013     0.656970428812E-014     0.258791917210E-015
     0.953734839373E-002    -0.280000000000E+003    -0.101155613203E-013     0.129139114715E-013     0.267663123409E-015
     0.101105887516E-001    -0.280000000000E+003    -0.505778066013E-014     0.324726929327E-014     0.271108574701E-015
     0.107182234982E-001    -0.280000000000E+003    -0.202311226405E-013     0.656970428812E-014     0.284033629052E-015
     0.113623162948E-001    -0.280000000000E+003     0.505778066013E-014    -0.966664217824E-014     0.291060593386E-015
     0.120450546223E-001    -0.280000000000E+003     0.101155613203E-013     0.127635800684E-013     0.302179664778E-015
     0.127687572104E-001    -0.280000000000E+003     0.505778066013E-014     0.959147647667E-014     0.310027002778E-015
     0.135358819124E-001    -0.280000000000E+003    -0.101155613203E-013     0.129139114715E-013     0.322610974244E-015
     0.143490340526E-001    -0.280000000000E+003    -0.101155613203E-013     0.129139114715E-013     0.335949983278E-015
     0.152109752747E-001    -0.280000000000E+003    -0.151733419804E-013     0.225805536498E-013     0.359399089235E-015
     0.161246329208E-001    -0.280000000000E+003    -0.202311226405E-013     0.129890771731E-013     0.381365183376E-015
     0.170931099734E-001    -0.280000000000E+003    -0.157229289122E-029    -0.128387457699E-013     0.393799214038E-015
     0.181196955938E-001    -0.280000000000E+003    -0.252889033006E-013    -0.158605179585E-013     0.424443863674E-015
     0.192078762926E-001    -0.280000000000E+003    -0.101155613203E-013     0.129139114715E-013     0.442294461926E-015
     0.203613477710E-001    -0.280000000000E+003    -0.101155613203E-013     0.257526572415E-013     0.474208829854E-015
     0.215840274722E-001    -0.280000000000E+003    -0.257946813666E-012     0.120675123762E-012     0.822402258059E-015
     0.228800678855E-001    -0.279999999988E+003     0.124652544827E-008    -0.536559474538E-009     0.175967949314E-011
     0.242538706494E-001    -0.279999999995E+003     0.524557605625E-009    -0.204063505824E-009     0.253292739750E-011
     0.257101015006E-001    -0.279999999998E+003     0.192458669682E-009    -0.624013063006E-010     0.282755519085E-011
     0.272537061195E-001    -0.280000001837E+003    -0.197457514154E-006     0.827667166399E-007     0.333316870297E-009
     0.288899269272E-001    -0.280000000712E+003    -0.771351755593E-007     0.290568789534E-007     0.468184920192E-009
     0.306243208897E-001    -0.280000000358E+003    -0.368071742295E-007     0.125268244650E-007     0.535618938239E-009
     0.324627783907E-001    -0.279999994408E+003     0.610433225652E-006    -0.250276522735E-006     0.174853709230E-008
     0.344115432366E-001    -0.279999997951E+003     0.224836450797E-006    -0.814220100877E-007     0.221453633244E-008
     0.364772338618E-001    -0.279999999006E+003     0.102117558382E-006    -0.328991833433E-007     0.243615665415E-008
     0.386668658063E-001    -0.279999999418E+003     0.522110906659E-007    -0.153187555278E-007     0.255529883740E-008
     0.409878755421E-001    -0.279999999611E+003     0.288710563126E-007    -0.794402204090E-008     0.262479923985E-008
     0.434481457293E-001    -0.279999999517E+003     0.383453113351E-007    -0.126029387947E-007     0.272410389339E-008
     0.460560319869E-001    -0.279999999661E+003     0.228064788638E-007    -0.701181027602E-008     0.278632813390E-008
     0.488203912708E-001    -0.279999999769E+003     0.115733705193E-007    -0.322285369767E-008     0.281953839796E-008
     0.517506119535E-001    -0.279999999820E+003     0.683138755635E-008    -0.184106410774E-008     0.284027007127E-008
     0.548566457095E-001    -0.279999999855E+003     0.409832473149E-008    -0.106979161883E-008     0.285342613903E-008
     0.581490413132E-001    -0.279999999868E+003     0.375305027615E-008    -0.107974376496E-008     0.286628387463E-008
     0.616389804647E-001    -0.279999999891E+003     0.213406480027E-008    -0.551775731412E-009     0.287397655002E-008
     0.653383157655E-001    -0.279999999904E+003     0.161891972385E-008    -0.411735169483E-009     0.288015613094E-008
     0.692596109728E-001    -0.279999999902E+003     0.266130808764E-008    -0.788286655992E-009     0.289104007878E-008
     0.734161836681E-001    -0.279999999995E+003    -0.734031661010E-008     0.266523844938E-008     0.292349962335E-008
     0.778221504872E-001    -0.279999999948E+003    -0.130054760393E-008     0.445366075093E-009     0.292955646574E-008
     0.824924750635E-001    -0.279999999944E+003    -0.216043100994E-009     0.124475358232E-009     0.293072094856E-008
     0.874430188470E-001    -0.279999999944E+003     0.294979883793E-009    -0.176690150572E-010     0.293218387676E-008
     0.926905949743E-001    -0.279999999947E+003     0.330298366151E-009    -0.146672049906E-010     0.293391885064E-008
     0.982530253690E-001    -0.279999999950E+003     0.279447439365E-009     0.474409360339E-011     0.293547348156E-008
     0.104149201269E+000    -0.279999999998E+003    -0.505440206274E-008     0.168174530313E-008     0.296688147997E-008
     0.110399147386E+000    -0.280000006139E+003    -0.727843253281E-006     0.225622133049E-006     0.772941074565E-008
     0.117024089912E+000    -0.280000001255E+003    -0.142445299842E-006     0.352749065857E-007     0.870160796897E-008
     0.124046528610E+000    -0.280000000134E+003    -0.214017459511E-008    -0.242930995664E-008     0.872434364341E-008
     0.131490313229E+000    -0.280000000160E+003    -0.521487026290E-008     0.331860353006E-008     0.877035562721E-008
     0.139380724499E+000    -0.279999978808E+003     0.254611894699E-005    -0.743139612894E-006     0.296985142178E-007
     0.147744559993E+000    -0.279999996226E+003     0.421148480701E-006    -0.962002079131E-007     0.333116574907E-007
     0.156610225139E+000    -0.279999998731E+003     0.974888850710E-007    -0.209541208653E-007     0.341957006990E-007
     0.166007829686E+000    -0.279999998426E+003     0.140406339718E-006    -0.373910845810E-007     0.355611708106E-007
     0.175969289968E+000    -0.279999999428E+003     0.265425148219E-007    -0.567502159928E-008     0.358315489493E-007
     0.185969289968E+000    -0.280000001334E+003    -0.214534858280E-006     0.284393642873E-007     0.379956654633E-007
     0.195969289968E+000    -0.279999999991E+003    -0.347339951035E-007     0.592229575685E-008     0.383480181279E-007
     0.205969289968E+000    -0.280000001872E+003    -0.258578718763E-006     0.780736635279E-007     0.410491003320E-007
     0.215969289968E+000    -0.279999999951E+003    -0.355910967412E-007    -0.124433366440E-007     0.414261365099E-007
     0.225969289968E+000    -0.279999999763E+003    -0.568927999089E-008     0.138870349151E-008     0.414846996418E-007
     0.235969289968E+000    -0.279999999749E+003     0.597354243852E-009     0.172104448952E-007     0.416569077268E-007
     0.245969289968E+000    -0.279999999663E+003     0.189649073038E-008    -0.238788327209E-008     0.416874014370E-007
     0.255969289968E+000    -0.279999999673E+003     0.167378147383E-008    -0.975484529495E-009     0.417067743937E-007
     0.265969289968E+000    -0.279999999365E+003     0.307294063807E-008    -0.741008344548E-007     0.424484196344E-007
     0.275969289968E+000    -0.279999999535E+003     0.204165409560E-008    -0.409219168610E-008     0.424941518815E-007
     0.285969289968E+000    -0.279999999444E+003     0.573696476182E-008     0.390155823190E-008     0.425635312166E-007
     0.295969289968E+000    -0.279999999373E+003     0.618250466567E-008     0.458446568689E-008     0.426404991901E-007
     0.305969289968E+000    -0.279999998844E+003     0.656757629730E-007    -0.129636734192E-007     0.433099289976E-007
     0.315969289968E+000    -0.279999999855E+003    -0.597325565729E-007     0.207302189069E-007     0.439422042771E-007
     0.325969289968E+000    -0.279999998913E+003     0.557066596835E-007    -0.130628003074E-007     0.445143815822E-007
     0.335969289968E+000    -0.279999999293E+003     0.107777159102E-007    -0.515884362590E-009     0.446222821368E-007
     0.345969289968E+000    -0.279999998781E+003     0.745077052023E-007    -0.187577150505E-007     0.453906082400E-007
     0.355969289968E+000    -0.279999999294E+003     0.133038345907E-007    -0.168811379672E-008     0.455247133268E-007
     0.365969289968E+000    -0.279999999379E+003     0.468234162517E-008    -0.944611472114E-010     0.455715462703E-007
     0.375969289968E+000    -0.279999999411E+003     0.311242167294E-008     0.991776307247E-010     0.456026862846E-007
     0.385969289968E+000    -0.279999999439E+003     0.220058473958E-008     0.545699520132E-009     0.456253586492E-007
     0.395969289968E+000    -0.279999999459E+003     0.181169704036E-008     0.163263159084E-009     0.456435490341E-007
     0.405969289968E+000    -0.279999999478E+003     0.158059186741E-008     0.161607051802E-009     0.456594373552E-007
     0.415969289968E+000    -0.279999999494E+003     0.137208991642E-008     0.163689175180E-009     0.456732555493E-007
     0.425969289968E+000    -0.279999999508E+003     0.127822762240E-008     0.143703418191E-009     0.456861183504E-007
     0.435969289968E+000    -0.279999999515E+003     0.193972464190E-008    -0.785590957141E-010     0.457055314986E-007
     0.445969289968E+000    -0.279999999536E+003     0.116148392848E-008     0.930905570639E-009     0.457204164914E-007
     0.455969289968E+000    -0.279999999546E+003     0.100701424868E-008     0.163580628480E-009     0.457306186300E-007
     0.465969289968E+000    -0.279999999260E+003     0.354824052326E-008    -0.667320567527E-007     0.463988818572E-007
     0.475969289968E+000    -0.279999999430E+003     0.150735014594E-008    -0.267086883329E-008     0.464295504809E-007
     0.485969289968E+000    -0.279999999458E+003     0.374960088211E-008     0.279386783733E-007     0.467114421722E-007
     0.495969289968E+000    -0.279999999346E+003     0.466800281818E-008     0.627305028552E-008     0.467896351451E-007
     0.505969289968E+000    -0.279999992870E+003     0.790512898996E-006    -0.213729316340E-006     0.549785963988E-007
     0.515969289968E+000    -0.279999998314E+003     0.118085918519E-006    -0.238617049941E-007     0.561833231362E-007
     0.525969289968E+000    -0.279999999037E+003     0.269406937491E-007    -0.459296511255E-008     0.564566171735E-007
     0.535969289968E+000    -0.279999999293E+003     0.180067108089E-009     0.103478086175E-008     0.564671204853E-007
     0.545969289968E+000    -0.279999999300E+003     0.426838250993E-008    -0.559318910969E-009     0.565101692099E-007
     0.555969289968E+000    -0.279999999240E+003     0.154166010935E-007    -0.367569684824E-008     0.566686565396E-007
     0.565969289968E+000    -0.279999999377E+003    -0.146889179381E-007    -0.274650106484E-007     0.569801193978E-007
     0.575969289968E+000    -0.279999999338E+003     0.692147171471E-009    -0.173063848182E-008     0.569987585427E-007
     0.585969289968E+000    -0.279999998710E+003     0.588383263213E-008    -0.136749997294E-006     0.583675237252E-007
     0.595969289968E+000    -0.279999999060E+003    -0.147015017341E-008    -0.146409078044E-010     0.583822259559E-007
     0.605969289968E+000    -0.279999998799E+003     0.970523378489E-008     0.363227876900E-008     0.584858526957E-007
     0.615969289968E+000    -0.279999998967E+003     0.102421020200E-007     0.796544156718E-007     0.592889545939E-007
     0.625969289968E+000    -0.279999998723E+003     0.107853582664E-007     0.846719133862E-008     0.594260739879E-007
     0.635969289968E+000    -0.279999999016E+003     0.130109385402E-008     0.447296188307E-007     0.598735593671E-007
     0.645969289968E+000    -0.279999999546E+003     0.515741895801E-009     0.131651773529E-006     0.611900872044E-007
     0.655969289968E+000    -0.280000000348E+003    -0.168524745345E-007     0.206087658627E-006     0.632578427251E-007
     0.665969289968E+000    -0.280000000124E+003    -0.121044323972E-007     0.264866149969E-008     0.633817510345E-007
     0.675969289968E+000    -0.280000000577E+003    -0.208845372267E-007    -0.188493345097E-007     0.636630802557E-007
     0.685969289968E+000    -0.280000000911E+003    -0.224588118518E-007    -0.182347867736E-007     0.639523734769E-007
     0.695969289968E+000    -0.280000000957E+003    -0.512938867910E-008    -0.175495928747E-007     0.641352118860E-007
     0.705969289968E+000    -0.280000000047E+003     0.115236737521E-006    -0.456955642751E-007     0.653748727375E-007
     0.715969289968E+000    -0.280000000952E+003     0.520597865127E-008    -0.100790036495E-007     0.654883137038E-007
     0.725969289968E+000    -0.279999997263E+003     0.450362193629E-006    -0.130420604894E-006     0.701769770488E-007
     0.735969289968E+000    -0.280000000400E+003     0.584771595188E-007    -0.170928244899E-007     0.707862177923E-007
     0.745969289968E+000    -0.280000000946E+003    -0.165898390788E-007     0.166735475278E-008     0.709529519617E-007
     0.755969289968E+000    -0.280000021718E+003    -0.254523797667E-005     0.695519555709E-006     0.973385234171E-007
