 #        time                      h  [L]            Darcian flow [L.T^{-1}]   in    x         z              directions   cumulative flux
 #-----------------------------------------------------------------------------------------------

     0.100000000000E-005    -0.278499999997E+003    -0.245490921597E-009    -0.184217656915E-008     0.185846181142E-014
     0.205999994278E-005    -0.278499999981E+003    -0.171135097129E-008    -0.128578970946E-007     0.156080233854E-013
     0.318359982147E-005    -0.278499999922E+003    -0.697067686173E-008    -0.524341898993E-007     0.750414080554E-013
     0.437461562859E-005    -0.278499999757E+003    -0.216665763858E-007    -0.163175801475E-006     0.271092098439E-012
     0.563709231599E-005    -0.278499999361E+003    -0.569117920664E-007    -0.429155813874E-006     0.817634667282E-012
     0.697531753239E-005    -0.278499998502E+003    -0.133092709818E-006    -0.100492772374E-005     0.217419733771E-011
     0.839383618521E-005    -0.278499996776E+003    -0.285771094843E-006    -0.216066750122E-005     0.526583561019E-011
     0.989746587602E-005    -0.278499993500E+003    -0.574687835668E-006    -0.435123742263E-005     0.118653026748E-010
     0.114913132622E-004    -0.278499987557E+003    -0.109731039782E-005    -0.832040955788E-005     0.252415955577E-010
     0.131807914004E-004    -0.278499977157E+003    -0.200898208961E-005    -0.152563510684E-004     0.512393791825E-010
     0.149716381303E-004    -0.278499959490E+003    -0.355258624679E-005    -0.270212954038E-004     0.100046812324E-009
     0.168699355614E-004    -0.278499930213E+003    -0.610181910892E-005    -0.464877950833E-004     0.189051403776E-009
     0.188821307298E-004    -0.278499882700E+003    -0.102237619018E-004    -0.780269562662E-004     0.347398905941E-009
     0.210150574931E-004    -0.278499806968E+003    -0.167685739466E-004    -0.128211661396E-003     0.623193967282E-009
     0.232759597402E-004    -0.278499688125E+003    -0.269969096460E-004    -0.206821222647E-003     0.109476339131E-008
     0.256725159928E-004    -0.278499504171E+003    -0.427592031013E-004    -0.328264519948E-003     0.188811380926E-008
     0.282128654833E-004    -0.278499222899E+003    -0.667453642425E-004    -0.513577847255E-003     0.320375281225E-008
     0.309056357980E-004    -0.278498797570E+003    -0.102828756351E-003    -0.793202811732E-003     0.535753894130E-008
     0.337599721774E-004    -0.278498160919E+003    -0.156534641757E-003    -0.121081014036E-002     0.884236021266E-008
     0.367855685763E-004    -0.278497216966E+003    -0.235670633254E-003    -0.182850873255E-002     0.144204513784E-007
     0.399927005860E-004    -0.278495829901E+003    -0.351165116531E-003    -0.273386755633E-002     0.232603618772E-007
     0.433922603327E-004    -0.278493809173E+003    -0.518169076308E-003    -0.404928283955E-002     0.371383918831E-007
     0.469957934698E-004    -0.278490889665E+003    -0.757487046055E-003    -0.594434575117E-002     0.587322565541E-007
     0.508155383889E-004    -0.278486705599E+003    -0.109741346388E-002    -0.865200616901E-002     0.920454971997E-007
     0.548644677845E-004    -0.278480756501E+003    -0.157606051246E-002    -0.124894832575E-001     0.143015577818E-006
     0.591563327122E-004    -0.278472363263E+003    -0.224427089612E-002    -0.178850366240E-001     0.220377712461E-006
     0.637057092900E-004    -0.278460611994E+003    -0.316921163423E-002    -0.254118712811E-001     0.336881473544E-006
     0.685280482021E-004    -0.278444283029E+003    -0.443873990125E-002    -0.358305893458E-001     0.510989516939E-006
     0.736397271730E-004    -0.278421762246E+003    -0.616661595577E-002    -0.501417019374E-001     0.769228858523E-006
     0.790581065897E-004    -0.278390931649E+003    -0.849860816759E-002    -0.696497567160E-001     0.114941669866E-005
     0.848015884613E-004    -0.278349036181E+003    -0.116194886988E-001    -0.960406055847E-001     0.170504656249E-005
     0.908896789166E-004    -0.278292523941E+003    -0.157608541674E-001    -0.131473228767E+000     0.251119835163E-005
     0.973430544509E-004    -0.278216857402E+003    -0.212096226600E-001    -0.178687352326E+000     0.367242976219E-005
     0.104183632148E-003    -0.278116294028E+003    -0.283169539565E-001    -0.241127856654E+000     0.533321852958E-005
     0.111434644115E-003    -0.277983635928E+003    -0.375072055277E-001    -0.323086669868E+000     0.769165725809E-005
     0.119120716386E-003    -0.277809950072E+003    -0.492863553120E-001    -0.429862430136E+000     0.110172569827E-004
     0.127267952553E-003    -0.277584263507E+003    -0.642490658736E-001    -0.567937584945E+000     0.156738927778E-004
     0.135904022424E-003    -0.277293242212E+003    -0.830831989709E-001    -0.745171617655E+000     0.221491230461E-004
     0.145058255993E-003    -0.276920868234E+003    -0.106570080918E+000    -0.971007565278E+000     0.310913281114E-004
     0.154761743052E-003    -0.276448137524E+003    -0.135578142383E+000    -0.125668672573E+001     0.433563321610E-004
     0.165047438780E-003    -0.275852810463E+003    -0.171046707069E+000    -0.161546325559E+001     0.600653760336E-004
     0.175950275662E-003    -0.275109257585E+003    -0.213955723164E+000    -0.206280599915E+001     0.826764656614E-004
     0.187507282134E-003    -0.274188453161E+003    -0.265276253423E+000    -0.261656903679E+001     0.113071183985E-003
     0.199757708333E-003    -0.273058176869E+003    -0.325895855170E+000    -0.329710463337E+001     0.153658950042E-003
     0.212743159403E-003    -0.271683485745E+003    -0.396513083503E+000    -0.412728193405E+001     0.207500330228E-003
     0.226507736794E-003    -0.270027511509E+003    -0.477496912143E+000    -0.513236135241E+001     0.278450199689E-003
     0.241098188040E-003    -0.268052619040E+003    -0.568710603938E+000    -0.633965790679E+001     0.371320105693E-003
     0.256564065527E-003    -0.265721928750E+003    -0.669305991650E+000    -0.777790750142E+001     0.492056829267E-003
     0.272957894778E-003    -0.263001159860E+003    -0.777503252314E+000    -0.947623105274E+001     0.647930566689E-003
     0.290335352846E-003    -0.259860697672E+003    -0.890382307720E+000    -0.114625788423E+002     0.847721080377E-003
     0.308755457403E-003    -0.256277732550E+003    -0.100372336303E+001    -0.137615435231E+002     0.110188350980E-002
     0.328280767180E-003    -0.252238270116E+003    -0.111194363066E+001    -0.163914730885E+002     0.142266765721E-002
     0.348977594427E-003    -0.247738780693E+003    -0.120818272945E+001    -0.193609162807E+002     0.182415665160E-002
     0.370916230124E-003    -0.242787253581E+003    -0.128458866818E+001    -0.226646071812E+002     0.232218522709E-002
     0.394171182707E-003    -0.237403463100E+003    -0.133284771435E+001    -0.262794349271E+002     0.293409774981E-002
     0.418821431115E-003    -0.231618351206E+003    -0.134498058300E+001    -0.301611002812E+002     0.367831522102E-002
     0.444950693017E-003    -0.225472583662E+003    -0.131438944617E+001    -0.342423407144E+002     0.457370121338E-002
     0.472647709137E-003    -0.219014483930E+003    -0.123707776412E+001    -0.384336359231E+002     0.563874952818E-002
     0.502006544641E-003    -0.212297698061E+003    -0.111286272728E+001    -0.426270370684E+002     0.689065611287E-002
     0.533126908594E-003    -0.205378999068E+003    -0.946293540714E+000    -0.467032155476E+002     0.834437549350E-002
     0.566114492604E-003    -0.198316546266E+003    -0.746925279515E+000    -0.505411329402E+002     0.100117874188E-001
     0.601081329767E-003    -0.191168706595E+003    -0.528639501053E+000    -0.540290635600E+002     0.119011033154E-001
     0.638146175159E-003    -0.183993292157E+003    -0.307900200928E+000    -0.570752478734E+002     0.140166193358E-001
     0.677434909153E-003    -0.176846871955E+003    -0.101169475187E+000    -0.596163527599E+002     0.163588737338E-001
     0.719080964939E-003    -0.169783774812E+003     0.779281669444E-001    -0.616221952676E+002     0.189251971676E-001
     0.763225781689E-003    -0.162854557379E+003     0.220883669554E+000    -0.630958163102E+002     0.217105674840E-001
     0.810019284919E-003    -0.156104013979E+003     0.325295236885E+000    -0.640689066072E+002     0.247086147144E-001
     0.859620395664E-003    -0.149569118138E+003     0.394263868214E+000    -0.645936483117E+002     0.279125910995E-001
     0.912197570216E-003    -0.143277452628E+003     0.434486178353E+000    -0.647329396958E+002     0.313161428327E-001
     0.967929372233E-003    -0.137246611160E+003     0.453832806320E+000    -0.645513088397E+002     0.349137925076E-001
     0.102700507918E-002    -0.131484764068E+003     0.459315921018E+000    -0.641083476610E+002     0.387011356705E-001
     0.108962532517E-002    -0.125992207149E+003     0.456029297614E+000    -0.634553872253E+002     0.426748302391E-001
     0.115600278233E-002    -0.120763432517E+003     0.447101594299E+000    -0.626349498546E+002     0.468324848606E-001
     0.122636288312E-002    -0.115789190864E+003     0.434268763158E+000    -0.616818224165E+002     0.511725316630E-001
     0.130094458593E-002    -0.111058154927E+003     0.418557993343E+000    -0.606245953049E+002     0.556941249737E-001
     0.138000118665E-002    -0.106558040048E+003     0.400753151374E+000    -0.594869704501E+002     0.603970693618E-001
     0.146380117888E-002    -0.102276256421E+003     0.381579673584E+000    -0.582886566303E+002     0.652817629984E-001
     0.155262916586E-002    -0.982002771070E+002     0.361719092761E+000    -0.570459662340E+002     0.703491432109E-001
     0.164678682697E-002    -0.943179114707E+002     0.341775095404E+000    -0.557722539699E+002     0.756006268011E-001
     0.174659394236E-002    -0.906174253629E+002     0.322210504847E+000    -0.544785348824E+002     0.810380673186E-001
     0.185238947896E-002    -0.870877298743E+002     0.303368413510E+000    -0.531738724628E+002     0.866637172427E-001
     0.196453274170E-002    -0.837185256122E+002     0.285459648452E+000    -0.518657357357E+002     0.924801981671E-001
     0.208340459379E-002    -0.805003496604E+002     0.268557855208E+000    -0.505603298657E+002     0.984904830042E-001
     0.220940875020E-002    -0.774245404957E+002     0.252626541368E+000    -0.492628430504E+002     0.104697887604E+000
     0.234297314879E-002    -0.744831565079E+002     0.237565201774E+000    -0.479776050056E+002     0.111106066119E+000
     0.248455140365E-002    -0.716688753798E+002     0.223261461929E+000    -0.467081938311E+002     0.117719006234E+000
     0.263462434571E-002    -0.689748940402E+002     0.209628061334E+000    -0.454575199862E+002     0.124541022534E+000
     0.279370165569E-002    -0.663948430579E+002     0.196614448321E+000    -0.442279028841E+002     0.131576747871E+000
     0.296232359518E-002    -0.639227238911E+002     0.184198922591E+000    -0.430211465768E+002     0.138831123539E+000
     0.314106284138E-002    -0.615528722041E+002     0.172374891475E+000    -0.418386147615E+002     0.146309389472E+000
     0.333052643213E-002    -0.592799425771E+002     0.161140922082E+000    -0.406813028753E+002     0.154017075657E+000
     0.353135782749E-002    -0.571001562960E+002     0.151346634624E+000    -0.395491731440E+002     0.161959849442E+000
     0.374423909507E-002    -0.550059591019E+002     0.140462738608E+000    -0.384439325604E+002     0.170143897163E+000
     0.396989322653E-002    -0.529946217929E+002     0.129533425451E+000    -0.373652926091E+002     0.178575580478E+000
     0.420908659296E-002    -0.510608176805E+002     0.121490280542E+000    -0.363144863757E+002     0.187261813334E+000
     0.446263154769E-002    -0.492028136782E+002     0.113429925248E+000    -0.352892259862E+002     0.196209264760E+000
     0.473138918520E-002    -0.474160464181E+002     0.105783766937E+000    -0.342904182786E+002     0.205425120418E+000
     0.501627226558E-002    -0.456968429278E+002     0.986184327943E-001    -0.333177868877E+002     0.214916835758E+000
     0.531824831448E-002    -0.440418701586E+002     0.919276643488E-001    -0.323709059053E+002     0.224692113439E+000
     0.563834290904E-002    -0.424479634220E+002     0.856899002634E-001    -0.314492833426E+002     0.234758896407E+000
     0.597764316095E-002    -0.409119214615E+002     0.798697602813E-001    -0.305522633383E+002     0.245125322476E+000
     0.633730140856E-002    -0.394309757619E+002     0.744966592959E-001    -0.296791844635E+002     0.255799719578E+000
     0.671853913045E-002    -0.380011856275E+002     0.695473346704E-001    -0.288290414465E+002     0.266790469644E+000
     0.712265109384E-002    -0.366192575983E+002     0.648811334224E-001    -0.280002805171E+002     0.278105748357E+000
     0.755100975191E-002    -0.352801936256E+002     0.604841672587E-001    -0.271909513817E+002     0.289753256618E+000
     0.800506990496E-002    -0.339779230924E+002     0.563624101524E-001    -0.263980470710E+002     0.301739585232E+000
     0.848637364120E-002    -0.327043033348E+002     0.524723767803E-001    -0.256171417942E+002     0.314069237155E+000
     0.899655557408E-002    -0.314482174466E+002     0.488921118096E-001    -0.248419465155E+002     0.326743173991E+000
     0.953734839373E-002    -0.301951071605E+002     0.455811584746E-001    -0.240635950587E+002     0.339756616760E+000
     0.101105887516E-001    -0.289260764584E+002     0.424372575709E-001    -0.232704078128E+002     0.353096175844E+000
     0.107182234982E-001    -0.276166480414E+002     0.397006553869E-001    -0.224469274873E+002     0.366735730272E+000
     0.113623162948E-001    -0.262341987603E+002     0.366308795207E-001    -0.215734375387E+002     0.380631046019E+000
     0.120450546223E-001    -0.247475812309E+002     0.343565208194E-001    -0.206270081019E+002     0.394713914567E+000
     0.127687572104E-001    -0.231122577710E+002     0.315236761513E-001    -0.195795569661E+002     0.408883708983E+000
     0.135358819124E-001    -0.212833771969E+002     0.281932039886E-001    -0.183989032221E+002     0.422997978705E+000
     0.143490340526E-001    -0.192251991688E+002     0.241435065701E-001    -0.170567749387E+002     0.436867745646E+000
     0.152109752747E-001    -0.168877019571E+002     0.221570338467E-001    -0.155186887575E+002     0.450243956833E+000
     0.161246329208E-001    -0.142571430789E+002     0.196244766088E-001    -0.137663348378E+002     0.462821686696E+000
     0.170931099734E-001    -0.113424686540E+002     0.176174115403E-001    -0.117987360082E+002     0.474248504508E+000
     0.181196955938E-001    -0.821663900090E+001     0.157553278860E-001    -0.965989190841E+001     0.484165223825E+000
     0.192078762926E-001    -0.506414530793E+001     0.130264689395E-001    -0.747330607148E+001     0.492297543602E+000
     0.203613477710E-001    -0.219727616325E+001     0.103636387608E-001    -0.546202948745E+001     0.498597850172E+000
     0.215840274722E-001     0.629334566197E-002     0.640743874298E-002    -0.389894511566E+001     0.503365017658E+000
     0.228800678855E-001     0.136736831393E+001    -0.271481913586E-003    -0.292073022312E+001     0.507150402080E+000
     0.242538706494E-001     0.202660221288E+001    -0.623386507283E-002    -0.245400731928E+001     0.510521734995E+000
     0.257101015006E-001     0.225156893072E+001    -0.126339634718E-001    -0.229589795064E+001     0.513865143042E+000
     0.272537061195E-001     0.225485652155E+001    -0.171901885665E-001    -0.229561598354E+001     0.517408765826E+000
     0.288899269272E-001     0.209450637622E+001    -0.245744474668E-001    -0.240708964951E+001     0.521347501243E+000
     0.306243208897E-001     0.191833642270E+001    -0.265604279745E-001    -0.253383578524E+001     0.525742412165E+000
     0.324627783907E-001     0.172032240306E+001    -0.267556402881E-001    -0.267263029225E+001     0.530656175582E+000
     0.344115432366E-001     0.154405831014E+001    -0.229745504991E-001    -0.279689567719E+001     0.536106851438E+000
     0.364772338618E-001     0.140354559074E+001    -0.163712834590E-001    -0.289519577743E+001     0.542087525827E+000
     0.386668658063E-001     0.129165183391E+001    -0.798848643829E-002    -0.297330723374E+001     0.548597997825E+000
     0.409878755421E-001     0.119832950255E+001    -0.537191692227E-003    -0.303840137810E+001     0.555650157115E+000
     0.434481457293E-001     0.111610798983E+001     0.472424854660E-002    -0.309607960798E+001     0.563267358339E+000
     0.460560319869E-001     0.104232436759E+001     0.618961831590E-002    -0.314804126281E+001     0.571477107756E+000
     0.488203912708E-001     0.979928080033E+000     0.417222357652E-002    -0.319206633381E+001     0.580301133498E+000
     0.517506119535E-001     0.945211234342E+000     0.370208297137E-002    -0.321670404205E+001     0.589726792454E+000
     0.548566457095E-001     0.946365213511E+000     0.698162593499E-002    -0.321640942036E+001     0.599717092222E+000
     0.581490413132E-001     0.972253782859E+000     0.643132931839E-002    -0.319797888513E+001     0.610246125136E+000
     0.616389804647E-001     0.104501633293E+001     0.784135801887E-002    -0.314603696609E+001     0.621225636820E+000
     0.653383157655E-001     0.116432566684E+001     0.914191023885E-002    -0.306161919407E+001     0.632551643274E+000
     0.692596109728E-001     0.132386656654E+001     0.866224207687E-002    -0.294898640819E+001     0.644115539429E+000
     0.734161836681E-001     0.152005739116E+001     0.851134945690E-002    -0.281058396316E+001     0.655797989556E+000
     0.778221504872E-001     0.172628775742E+001     0.456701532078E-002    -0.266511918357E+001     0.667540433489E+000
     0.824924750635E-001     0.191810115123E+001    -0.185555250778E-002    -0.252965206054E+001     0.679354732855E+000
     0.874430188470E-001     0.206220222656E+001    -0.911742147943E-002    -0.242954065120E+001     0.691382364914E+000
     0.926905949743E-001     0.212925367760E+001    -0.162021122769E-001    -0.238300236372E+001     0.703887640259E+000
     0.982530253690E-001     0.212808286433E+001    -0.188545220079E-001    -0.238420519065E+001     0.717150030361E+000
     0.104149201269E+000     0.208352551994E+001    -0.154403476504E-001    -0.241509471666E+001     0.731390144641E+000
     0.110399147386E+000     0.202371105534E+001    -0.800711357780E-002    -0.245623863424E+001     0.746741585324E+000
     0.117024089912E+000     0.196471468770E+001     0.303985470260E-003    -0.249686984052E+001     0.763283204635E+000
     0.124046528610E+000     0.192471461724E+001     0.768908825439E-002    -0.252423051967E+001     0.781009540959E+000
     0.131490313229E+000     0.192048989685E+001     0.131736028758E-001    -0.252660440174E+001     0.799817295585E+000
     0.139380724499E+000     0.195436022026E+001     0.156949824139E-001    -0.250241224952E+001     0.819562745754E+000
     0.147744559993E+000     0.202107611140E+001     0.147074333574E-001    -0.245571606133E+001     0.840102319268E+000
     0.156610225139E+000     0.211514590183E+001     0.107723667288E-001    -0.238988718055E+001     0.861290473987E+000
     0.166007829686E+000     0.223693172359E+001     0.603330631498E-002    -0.230437354729E+001     0.882946139537E+000
     0.175969289968E+000     0.237580106250E+001     0.119560782647E-002    -0.220674446355E+001     0.904928540090E+000
     0.185969289968E+000     0.248570815305E+001    -0.441710875635E-002    -0.212975628990E+001     0.926226148794E+000
     0.195969289968E+000     0.253201571507E+001    -0.104758743714E-001    -0.209795931987E+001     0.947206003541E+000
     0.205969289968E+000     0.251587714567E+001    -0.149211124055E-001    -0.211053172950E+001     0.968311848278E+000
     0.215969289968E+000     0.246869856990E+001    -0.156171639487E-001    -0.214385116321E+001     0.989750928729E+000
     0.225969289968E+000     0.244268465991E+001    -0.126615160514E-001    -0.216184068891E+001     0.101136970640E+001
     0.235969289968E+000     0.244662591604E+001    -0.677825283102E-002    -0.215800580968E+001     0.103294987094E+001
     0.245969289968E+000     0.247699653182E+001     0.509478994409E-003    -0.213522226660E+001     0.105430209422E+001
     0.255969289968E+000     0.252161030816E+001     0.835180638110E-002    -0.210213509252E+001     0.107532361105E+001
     0.265969289968E+000     0.256452692899E+001     0.147130097776E-001    -0.207061079672E+001     0.109603024174E+001
     0.275969289968E+000     0.259298240139E+001     0.179541979516E-001    -0.204996717366E+001     0.111653069970E+001
     0.285969289968E+000     0.260150860589E+001     0.177737258811E-001    -0.204407657289E+001     0.113697223815E+001
     0.295969289968E+000     0.259040540696E+001     0.150608602909E-001    -0.205231151397E+001     0.115749590590E+001
     0.305969289968E+000     0.257819832028E+001     0.112571391798E-001    -0.206188533109E+001     0.117811506651E+001
     0.315969289968E+000     0.256721069490E+001     0.778374620023E-002    -0.207035929096E+001     0.119881880574E+001
     0.325969289968E+000     0.256803232305E+001     0.512877656544E-002    -0.207023753879E+001     0.121952124465E+001
     0.335969289968E+000     0.258512222780E+001     0.336837901480E-002    -0.205844759081E+001     0.124010574812E+001
     0.345969289968E+000     0.261509082428E+001     0.201790882384E-002    -0.203738930781E+001     0.126047965119E+001
     0.355969289968E+000     0.265241236525E+001     0.142219014801E-002    -0.201109944547E+001     0.128059065068E+001
     0.365969289968E+000     0.268441070706E+001     0.792899425663E-003    -0.198855525972E+001     0.130047620485E+001
     0.375969289968E+000     0.270284891234E+001    -0.290053199812E-003    -0.197579058461E+001     0.132023411091E+001
     0.385969289968E+000     0.270685293983E+001    -0.149724021792E-002    -0.197326132458E+001     0.133996672984E+001
     0.395969289968E+000     0.269903561496E+001    -0.333726097348E-002    -0.197900537475E+001     0.135975681173E+001
     0.405969289968E+000     0.269429745441E+001    -0.493071494214E-002    -0.198273840263E+001     0.137958425706E+001
     0.415969289968E+000     0.269812080496E+001    -0.582394996563E-002    -0.198036268093E+001     0.139938796951E+001
     0.425969289968E+000     0.270578131803E+001    -0.545556777983E-002    -0.197480271985E+001     0.141913607206E+001
     0.435969289968E+000     0.271976114853E+001    -0.435558567686E-002    -0.196459994699E+001     0.143878211981E+001
     0.445969289968E+000     0.273899400421E+001    -0.204637064924E-002    -0.195046162099E+001     0.145828674676E+001
     0.455969289968E+000     0.276202845905E+001     0.105266204132E-002    -0.193349886106E+001     0.147762173824E+001
     0.465969289968E+000     0.278723107765E+001     0.443455411869E-002    -0.191496070563E+001     0.149677139664E+001
     0.475969289968E+000     0.281179072861E+001     0.764870079505E-002    -0.189702123657E+001     0.151574176320E+001
     0.485969289968E+000     0.283184479203E+001     0.996564117758E-002    -0.188246645226E+001     0.153456669151E+001
     0.495969289968E+000     0.284310766192E+001     0.109826675077E-001    -0.187441299338E+001     0.155331114319E+001
     0.505969289968E+000     0.284319521097E+001     0.106603202793E-001    -0.187443653701E+001     0.157205581169E+001
     0.515969289968E+000     0.283648653121E+001     0.933545282094E-002    -0.187968424476E+001     0.159085288596E+001
     0.525969289968E+000     0.282636133668E+001     0.710230554614E-002    -0.188734364712E+001     0.160972645607E+001
     0.535969289968E+000     0.281533726875E+001     0.499735205841E-002    -0.189564759057E+001     0.162868299785E+001
     0.545969289968E+000     0.280593418281E+001     0.305364432343E-002    -0.190272397937E+001     0.164771026214E+001
     0.555969289968E+000     0.280003156976E+001     0.143407051872E-002    -0.190707851371E+001     0.166678105267E+001
     0.565969289968E+000     0.279915789353E+001     0.184552596642E-003    -0.190724265590E+001     0.168585347932E+001
     0.575969289968E+000     0.281156525777E+001    -0.637652269532E-003    -0.189906585811E+001     0.170484413897E+001
     0.585969289968E+000     0.282928135712E+001    -0.753181683935E-003    -0.188664625452E+001     0.172371060302E+001
     0.595969289968E+000     0.284997703777E+001    -0.360703644478E-003    -0.187192602833E+001     0.174242986365E+001
     0.605969289968E+000     0.287154868590E+001    -0.166235641870E-003    -0.185659150927E+001     0.176099577882E+001
     0.615969289968E+000     0.289416383793E+001     0.631108017992E-003    -0.184044938179E+001     0.177940027372E+001
     0.625969289968E+000     0.291429975457E+001     0.165327697349E-002    -0.182599137280E+001     0.179766019493E+001
     0.635969289968E+000     0.293004975950E+001     0.257860974163E-002    -0.181472138571E+001     0.181580742711E+001
     0.645969289968E+000     0.293993129722E+001     0.350796433679E-002    -0.180757019497E+001     0.183388316310E+001
     0.655969289968E+000     0.294007098524E+001     0.318936323127E-002    -0.180753316795E+001     0.185195852291E+001
     0.665969289968E+000     0.293945538424E+001     0.325600573502E-002    -0.180823474507E+001     0.187004089968E+001
     0.675969289968E+000     0.293264347178E+001     0.218772407712E-002    -0.181314491568E+001     0.188817236203E+001
     0.685969289968E+000     0.292065267249E+001     0.185378125772E-002    -0.182170691560E+001     0.190638944062E+001
     0.695969289968E+000     0.291132560444E+001     0.134726971655E-002    -0.182860482568E+001     0.192467549384E+001
     0.705969289968E+000     0.290237886560E+001     0.655095729054E-003    -0.183496062670E+001     0.194302510128E+001
     0.715969289968E+000     0.289593073297E+001     0.140002049529E-003    -0.183950900882E+001     0.196142019142E+001
     0.725969289968E+000     0.289398777649E+001     0.274411834985E-003    -0.184082430318E+001     0.197982843466E+001
     0.735969289968E+000     0.289385034528E+001     0.185438673712E-003    -0.184105425436E+001     0.199823897729E+001
     0.745969289968E+000     0.289499076986E+001     0.584786670339E-003    -0.184001549846E+001     0.201663913321E+001
     0.755969289968E+000     0.289915136857E+001     0.122877979756E-002    -0.183691619041E+001     0.203500829922E+001
