 #        time                      h  [L]            Darcian flow [L.T^{-1}]   in    x         z              directions   cumulative flux
 #-----------------------------------------------------------------------------------------------

     0.100000000000E-005     0.400000000000E+001    -0.169613349804E-012    -0.138499810658E+004     0.138499810658E-002
     0.205999994278E-005     0.400000000000E+001    -0.164150995336E-012    -0.134039459745E+004     0.280581630317E-002
     0.318359982147E-005     0.400000000000E+001    -0.158471079797E-012    -0.129401456736E+004     0.425977091409E-002
     0.437461562859E-005     0.400000000000E+001    -0.152575910748E-012    -0.124587685898E+004     0.574362994686E-002
     0.563709231599E-005     0.400000000000E+001    -0.146470803271E-012    -0.119602487324E+004     0.725358346687E-002
     0.697531753239E-005     0.400000000000E+001    -0.140164954899E-012    -0.114453371370E+004     0.878522734357E-002
     0.839383618521E-005     0.400000000000E+001    -0.133672536914E-012    -0.109151909765E+004     0.103335675435E-001
     0.989746587602E-005     0.400000000000E+001    -0.127014027889E-012    -0.103714824533E+004     0.118930544389E-001
     0.114913132622E-004     0.400000000000E+001    -0.120217792464E-012    -0.981652771625E+003     0.134576591432E-001
     0.131807914004E-004     0.400000000000E+001    -0.113321859274E-012    -0.925343203873E+003     0.150210062564E-001
     0.149716381303E-004     0.400000000000E+001    -0.106375761420E-012    -0.868624010567E+003     0.165765787252E-001
     0.168699355614E-004     0.400000000000E+001    -0.994421542191E-013    -0.812006811174E+003     0.181180091689E-001
     0.188821307298E-004     0.400000000000E+001    -0.925977095521E-013    -0.756117679126E+003     0.196394655096E-001
     0.210150574931E-004     0.400000000000E+001    -0.859325256946E-013    -0.701692322672E+003     0.211361238442E-001
     0.232759597402E-004     0.400000000000E+001    -0.795470742241E-013    -0.649551154500E+003     0.226046955091E-001
     0.256725159928E-004     0.400000000000E+001    -0.735457249949E-013    -0.600546419148E+003     0.240439387848E-001
     0.282128654833E-004     0.400000000000E+001    -0.680264318871E-013    -0.555477970746E+003     0.254550469648E-001
     0.309056357980E-004     0.400000000000E+001    -0.630674495867E-013    -0.514984807298E+003     0.268417827664E-001
     0.337599721774E-004     0.400000000000E+001    -0.587138050261E-013    -0.479434601609E+003     0.282102503913E-001
     0.367855685763E-004     0.400000000000E+001    -0.549677680512E-013    -0.448845888378E+003     0.295682768949E-001
     0.399927005860E-004     0.400000000000E+001    -0.517873954305E-013    -0.422876175127E+003     0.309244966123E-001
     0.433922603327E-004     0.400000000000E+001    -0.490946738659E-013    -0.400888434936E+003     0.322873407986E-001
     0.469957934698E-004     0.400000000000E+001    -0.467909620947E-013    -0.382077200767E+003     0.336641686525E-001
     0.508155383889E-004     0.400000000000E+001    -0.447747067425E-013    -0.365613226391E+003     0.350607179163E-001
     0.548644677845E-004     0.400000000000E+001    -0.429563605687E-013    -0.350765303095E+003     0.364809418630E-001
     0.591563327122E-004     0.400000000000E+001    -0.412675374895E-013    -0.336975016129E+003     0.379271931162E-001
     0.637057092900E-004     0.400000000000E+001    -0.396639521775E-013    -0.323880748352E+003     0.394006486068E-001
     0.685280482021E-004     0.400000000000E+001    -0.381233407440E-013    -0.311300701317E+003     0.409018460921E-001
     0.736397271730E-004     0.400000000000E+001    -0.366401657312E-013    -0.299189658248E+003     0.424312075765E-001
     0.790581065897E-004     0.400000000000E+001    -0.352188990588E-013    -0.287584135143E+003     0.439894475349E-001
     0.848015884613E-004     0.400000000000E+001    -0.338674432478E-013    -0.276548660981E+003     0.455777997559E-001
     0.908896789166E-004     0.400000000000E+001    -0.325919215890E-013    -0.266133236225E+003     0.471980429712E-001
     0.973430544509E-004     0.400000000000E+001    -0.313936108887E-013    -0.256348286792E+003     0.488523547334E-001
     0.104183632148E-003     0.400000000000E+001    -0.302682072691E-013    -0.247158668852E+003     0.505430628112E-001
     0.111434644115E-003     0.400000000000E+001    -0.292070290549E-013    -0.238493491145E+003     0.522723819697E-001
     0.119120716386E-003     0.400000000000E+001    -0.281993543134E-013    -0.230265202449E+003     0.540422169571E-001
     0.127267952553E-003     0.400000000000E+001    -0.272349786484E-013    -0.222390477543E+003     0.558540846989E-001
     0.135904022424E-003     0.400000000000E+001    -0.263062374007E-013    -0.214806729737E+003     0.577091706256E-001
     0.145058255993E-003     0.400000000000E+001    -0.254090436508E-013    -0.207480586798E+003     0.596084963782E-001
     0.154761743052E-003     0.400000000000E+001    -0.245428229287E-013    -0.200407357826E+003     0.615531465815E-001
     0.165047438780E-003     0.400000000000E+001    -0.237095051541E-013    -0.193602801809E+003     0.635444860929E-001
     0.175950275662E-003     0.400000000000E+001    -0.229119395365E-013    -0.187090184308E+003     0.655842998547E-001
     0.187507282134E-003     0.400000000000E+001    -0.221522134177E-013    -0.180886549764E+003     0.676748068810E-001
     0.199757708333E-003     0.400000000000E+001    -0.214303551636E-013    -0.174992129800E+003     0.698185350525E-001
     0.212743159403E-003     0.400000000000E+001    -0.207437683453E-013    -0.169385722967E+003     0.720180850700E-001
     0.226507736794E-003     0.400000000000E+001    -0.200875096136E-013    -0.164026963755E+003     0.742758469068E-001
     0.241098188040E-003     0.400000000000E+001    -0.194552666110E-013    -0.158864307853E+003     0.765937488454E-001
     0.256564065527E-003     0.400000000000E+001    -0.188407060323E-013    -0.153846039898E+003     0.789731128502E-001
     0.272957894778E-003     0.400000000000E+001    -0.182387962557E-013    -0.148931073583E+003     0.814146634407E-001
     0.290335352846E-003     0.400000000000E+001    -0.176467581977E-013    -0.144096715968E+003     0.839186980802E-001
     0.308755457403E-003     0.400000000000E+001    -0.170644238647E-013    -0.139341595280E+003     0.864853848344E-001
     0.328280767180E-003     0.400000000000E+001    -0.164939443992E-013    -0.134683276931E+003     0.891151175383E-001
     0.348977594427E-003     0.400000000000E+001    -0.159389563221E-013    -0.130151455368E+003     0.918088397259E-001
     0.370916230124E-003     0.400000000000E+001    -0.154034539934E-013    -0.125778747016E+003     0.945682538351E-001
     0.394171182707E-003     0.400000000000E+001    -0.148906922295E-013    -0.121591729468E+003     0.973958637385E-001
     0.418821431115E-003     0.400000000000E+001    -0.144025004729E-013    -0.117605341254E+003     0.100294864614E+000
     0.444950693017E-003     0.400000000000E+001    -0.139393335903E-013    -0.113823296644E+003     0.103268983343E+000
     0.472647709137E-003     0.400000000000E+001    -0.134987247416E-013    -0.110225452359E+003     0.106321899474E+000
     0.502006544641E-003     0.400000000000E+001    -0.130779436864E-013    -0.106789514295E+003     0.109457115258E+000
     0.533126908594E-003     0.400000000000E+001    -0.126740991789E-013    -0.103491873638E+003     0.112677820031E+000
     0.566114492604E-003     0.400000000000E+001    -0.122847128841E-013    -0.100312293248E+003     0.115986880232E+000
     0.601081329767E-003     0.400000000000E+001    -0.119080717942E-013    -0.972367853528E+002     0.119386943072E+000
     0.638146175159E-003     0.400000000000E+001    -0.115432741013E-013    -0.942579861335E+002     0.122880600755E+000
     0.677434909153E-003     0.400000000000E+001    -0.111900291144E-013    -0.913735219182E+002     0.126470550752E+000
     0.719080964939E-003     0.400000000000E+001    -0.108483439125E-013    -0.885834505105E+002     0.130159702073E+000
     0.763225781689E-003     0.400000000000E+001    -0.105182361571E-013    -0.858879161276E+002     0.133951208392E+000
     0.810019284919E-003     0.400000000000E+001    -0.101995637087E-013    -0.832857581125E+002     0.137848440783E+000
     0.859620395664E-003     0.400000000000E+001    -0.989198867298E-014    -0.807742173488E+002     0.141854931683E+000
     0.912197570216E-003     0.400000000000E+001    -0.959503419815E-014    -0.783494000461E+002     0.145974321765E+000
     0.967929372233E-003     0.400000000000E+001    -0.930817072999E-014    -0.760069820659E+002     0.150210327842E+000
     0.102700507918E-002     0.400000000000E+001    -0.903088340712E-014    -0.737427592462E+002     0.154566733476E+000
     0.108962532517E-002     0.400000000000E+001    -0.876270356873E-014    -0.715529046810E+002     0.159047393969E+000
     0.115600278233E-002     0.400000000000E+001    -0.850321233652E-014    -0.694339979694E+002     0.163656246194E+000
     0.122636288312E-002     0.400000000000E+001    -0.825203230498E-014    -0.673829573615E+002     0.168397317866E+000
     0.130094458593E-002     0.400000000000E+001    -0.800881839816E-014    -0.653969650984E+002     0.173274734882E+000
     0.138000118665E-002     0.400000000000E+001    -0.777325118338E-014    -0.634734128141E+002     0.178292727135E+000
     0.146380117888E-002     0.400000000000E+001    -0.754503283333E-014    -0.616098685644E+002     0.183455633642E+000
     0.155262916586E-002     0.400000000000E+001    -0.732389304174E-014    -0.598041251309E+002     0.188767913690E+000
     0.164678682697E-002     0.400000000000E+001    -0.710972697402E-014    -0.580553264743E+002     0.194234267446E+000
     0.174659394236E-002     0.400000000000E+001    -0.690207606421E-014    -0.563597281193E+002     0.199859369334E+000
     0.185238947896E-002     0.400000000000E+001    -0.670067023601E-014    -0.547151247256E+002     0.205647985314E+000
     0.196453274170E-002     0.400000000000E+001    -0.650528384423E-014    -0.531196737603E+002     0.211604998845E+000
     0.208340459379E-002     0.400000000000E+001    -0.631571180586E-014    -0.515717005937E+002     0.217735422410E+000
     0.220940875020E-002     0.400000000000E+001    -0.613176641871E-014    -0.500696725209E+002     0.224044409258E+000
     0.234297314879E-002     0.400000000000E+001    -0.595327502463E-014    -0.486121796813E+002     0.230537265801E+000
     0.248455140365E-002     0.400000000000E+001    -0.578007692358E-014    -0.471979098594E+002     0.237219463513E+000
     0.263462434571E-002     0.400000000000E+001    -0.561201985489E-014    -0.458256197526E+002     0.244096649090E+000
     0.279370165569E-002     0.400000000000E+001    -0.544895674514E-014    -0.444941084151E+002     0.251174652167E+000
     0.296232359518E-002     0.400000000000E+001    -0.529074314168E-014    -0.432021963015E+002     0.258459490297E+000
     0.314106284138E-002     0.400000000000E+001    -0.513723606500E-014    -0.419487158957E+002     0.265957372156E+000
     0.333052643213E-002     0.400000000000E+001    -0.498829416411E-014    -0.407325129791E+002     0.273674700325E+000
     0.353135782749E-002     0.400000000000E+001    -0.484447230138E-014    -0.395581183469E+002     0.281619212430E+000
     0.374423909507E-002     0.400000000000E+001    -0.470354522699E-014    -0.384073614553E+002     0.289795420222E+000
     0.396989322653E-002     0.400000000000E+001    -0.456747295530E-014    -0.372962470361E+002     0.298211472453E+000
     0.420908659296E-002     0.400000000000E+001    -0.443544198046E-014    -0.362181323100E+002     0.306874609446E+000
     0.446263154769E-002     0.400000000000E+001    -0.430730532078E-014    -0.351718170805E+002     0.315792246216E+000
     0.473138918520E-002     0.400000000000E+001    -0.418295570265E-014    -0.341564253919E+002     0.324972046410E+000
     0.501627226558E-002     0.400000000000E+001    -0.406230765213E-014    -0.331712592966E+002     0.334421976938E+000
     0.531824831448E-002     0.400000000000E+001    -0.394519052557E-014    -0.322149253836E+002     0.344150112821E+000
     0.563834290904E-002     0.400000000000E+001    -0.383150302251E-014    -0.312865964716E+002     0.354164783234E+000
     0.597764316095E-002     0.400000000000E+001    -0.372112872411E-014    -0.303853219287E+002     0.364474530619E+000
     0.633730140856E-002     0.400000000000E+001    -0.361402872795E-014    -0.295107840927E+002     0.375088327511E+000
     0.671853913045E-002     0.400000000000E+001    -0.350987078770E-014    -0.286602699663E+002     0.386014703542E+000
     0.712265109384E-002     0.400000000000E+001    -0.340854354555E-014    -0.278328702441E+002     0.397262299383E+000
     0.755100975191E-002     0.400000000000E+001    -0.330969118821E-014    -0.270256794899E+002     0.408838983183E+000
     0.800506990496E-002     0.400000000000E+001    -0.321292986210E-014    -0.262355633015E+002     0.420751507071E+000
     0.848637364120E-002     0.400000000000E+001    -0.311770326659E-014    -0.254579791395E+002     0.433004527548E+000
     0.899655557408E-002     0.400000000000E+001    -0.302319516203E-014    -0.246862619013E+002     0.445599012360E+000
     0.953734839373E-002     0.400000000000E+001    -0.292845805435E-014    -0.239126747107E+002     0.458530815142E+000
     0.101105887516E-001     0.400000000000E+001    -0.283194006960E-014    -0.231245455553E+002     0.471786737912E+000
     0.107182234982E-001     0.400000000000E+001    -0.273166657912E-014    -0.223057503683E+002     0.485340486885E+000
     0.113623162948E-001     0.400000000000E+001    -0.262487678096E-014    -0.214337454912E+002     0.499145807959E+000
     0.120450546223E-001     0.400000000000E+001    -0.250944333994E-014    -0.204911599139E+002     0.513135908208E+000
     0.127687572104E-001     0.400000000000E+001    -0.238127227301E-014    -0.194445637278E+002     0.527207989303E+000
     0.135358819124E-001     0.400000000000E+001    -0.223678077876E-014    -0.182647011393E+002     0.541219292721E+000
     0.143490340526E-001     0.400000000000E+001    -0.207290809722E-014    -0.169265791464E+002     0.554983176781E+000
     0.152109752747E-001     0.400000000000E+001    -0.188484227242E-014    -0.153909051470E+002     0.568249232372E+000
     0.161246329208E-001     0.400000000000E+001    -0.167123013703E-014    -0.136466296910E+002     0.580717579933E+000
     0.170931099734E-001     0.400000000000E+001    -0.143228741697E-014    -0.116955143146E+002     0.592044417165E+000
     0.181196955938E-001     0.400000000000E+001    -0.117304034709E-014    -0.957860133965E+001     0.601877671563E+000
     0.192078762926E-001     0.400000000000E+001    -0.908608148089E-015    -0.741934857235E+001     0.609951263477E+000
     0.203613477710E-001     0.400000000000E+001    -0.665379427851E-015    -0.543323534847E+001     0.616218345488E+000
     0.215840274722E-001     0.400000000000E+001    -0.476396812924E-015    -0.389007518948E+001     0.620974661458E+000
     0.228800678855E-001     0.400000000000E+001    -0.358438721567E-015    -0.292687427768E+001     0.624768008806E+000
     0.242538706494E-001     0.400000000000E+001    -0.300836978815E-015    -0.245652035366E+001     0.628142783258E+000
     0.257101015006E-001     0.400000000000E+001    -0.280962520409E-015    -0.229423308503E+001     0.631483716256E+000
     0.272537061195E-001     0.400000000000E+001    -0.280555224229E-015    -0.229090725934E+001     0.635019971283E+000
     0.288899269272E-001     0.400000000000E+001    -0.294277905761E-015    -0.240296145767E+001     0.638951746820E+000
     0.306243208897E-001     0.400000000000E+001    -0.309433666295E-015    -0.252671763410E+001     0.643334070630E+000
     0.324627783907E-001     0.400000000000E+001    -0.326518594296E-015    -0.266622665836E+001     0.648235815029E+000
     0.344115432366E-001     0.400000000000E+001    -0.341747380481E-015    -0.279057913448E+001     0.653673997546E+000
     0.364772338618E-001     0.400000000000E+001    -0.354125524673E-015    -0.289165435225E+001     0.659647260833E+000
     0.386668658063E-001     0.400000000000E+001    -0.363922602475E-015    -0.297165356353E+001     0.666154088403E+000
     0.409878755421E-001     0.400000000000E+001    -0.371811505297E-015    -0.303607134364E+001     0.673200839551E+000
     0.434481457293E-001     0.400000000000E+001    -0.378031371093E-015    -0.308686040217E+001     0.680795350170E+000
     0.460560319869E-001     0.400000000000E+001    -0.386075104636E-015    -0.315254247106E+001     0.689016822357E+000
     0.488203912708E-001     0.400000000000E+001    -0.391205471375E-015    -0.319443509465E+001     0.697847388668E+000
     0.517506119535E-001     0.400000000000E+001    -0.394115192466E-015    -0.321819477044E+001     0.707277409545E+000
     0.548566457095E-001     0.400000000000E+001    -0.394053948264E-015    -0.321769467359E+001     0.717271677818E+000
     0.581490413132E-001     0.400000000000E+001    -0.391807676965E-015    -0.319935247647E+001     0.727805211846E+000
     0.616389804647E-001     0.400000000000E+001    -0.385468799025E-015    -0.314759161003E+001     0.738790115039E+000
     0.653383157655E-001     0.400000000000E+001    -0.375605054735E-015    -0.306704802557E+001     0.750136154069E+000
     0.692596109728E-001     0.400000000000E+001    -0.361319950534E-015    -0.295040129763E+001     0.761705548537E+000
     0.734161836681E-001     0.400000000000E+001    -0.344603224171E-015    -0.281389886791E+001     0.773401723738E+000
     0.778221504872E-001     0.400000000000E+001    -0.326602157364E-015    -0.266690900259E+001     0.785152036314E+000
     0.824924750635E-001     0.400000000000E+001    -0.310210315106E-015    -0.253305945292E+001     0.796982246130E+000
     0.874430188470E-001     0.400000000000E+001    -0.297318610400E-015    -0.242779069530E+001     0.809001130264E+000
     0.926905949743E-001     0.400000000000E+001    -0.291383139268E-015    -0.237932389543E+001     0.821486813537E+000
     0.982530253690E-001     0.400000000000E+001    -0.291456129109E-015    -0.237991990272E+001     0.834724952341E+000
     0.104149201269E+000     0.400000000000E+001    -0.295363139413E-015    -0.241182306294E+001     0.848945485359E+000
     0.110399147386E+000     0.400000000000E+001    -0.300639739180E-015    -0.245490976981E+001     0.864288539142E+000
     0.117024089912E+000     0.400000000000E+001    -0.305880598613E-015    -0.249770463473E+001     0.880835688794E+000
     0.124046528610E+000     0.400000000000E+001    -0.309458319230E-015    -0.252691894059E+001     0.898580822151E+000
     0.131490313229E+000     0.400000000000E+001    -0.309917264690E-015    -0.253066651467E+001     0.917418558627E+000
     0.139380724499E+000     0.400000000000E+001    -0.307001313278E-015    -0.250685596444E+001     0.937198683181E+000
     0.147744559993E+000     0.400000000000E+001    -0.301224641727E-015    -0.245968586156E+001     0.957771091095E+000
     0.156610225139E+000     0.400000000000E+001    -0.293031127444E-015    -0.239278074012E+001     0.978984683904E+000
     0.166007829686E+000     0.400000000000E+001    -0.282380067482E-015    -0.230580823531E+001     0.100065375786E+001
     0.175969289968E+000     0.400000000000E+001    -0.270328613363E-015    -0.220740064442E+001     0.102264269171E+001
     0.185969289968E+000     0.400000000000E+001    -0.260732240867E-015    -0.212904031635E+001     0.104393309487E+001
     0.195969289968E+000     0.400000000000E+001    -0.256605094686E-015    -0.209533961028E+001     0.106488649097E+001
     0.205969289968E+000     0.400000000000E+001    -0.257861574247E-015    -0.210559954451E+001     0.108594248642E+001
     0.215969289968E+000     0.400000000000E+001    -0.261969316693E-015    -0.213914180705E+001     0.110733390449E+001
     0.225969289968E+000     0.400000000000E+001    -0.264275372778E-015    -0.215797218399E+001     0.112891362633E+001
     0.235969289968E+000     0.400000000000E+001    -0.264050277816E-015    -0.215613414415E+001     0.115047496777E+001
     0.245969289968E+000     0.400000000000E+001    -0.261562860803E-015    -0.213582284284E+001     0.117183319620E+001
     0.255969289968E+000     0.400000000000E+001    -0.257876686053E-015    -0.210572294177E+001     0.119289042562E+001
     0.265969289968E+000     0.400000000000E+001    -0.254277903692E-015    -0.207633665371E+001     0.121365379215E+001
     0.275969289968E+000     0.400000000000E+001    -0.251872714008E-015    -0.205669678950E+001     0.123422076005E+001
     0.285969289968E+000     0.400000000000E+001    -0.251125306788E-015    -0.205059374640E+001     0.125472669751E+001
     0.295969289968E+000     0.400000000000E+001    -0.252042197798E-015    -0.205808072967E+001     0.127530750481E+001
     0.305969289968E+000     0.400000000000E+001    -0.252999748705E-015    -0.206589972620E+001     0.129596650207E+001
     0.315969289968E+000     0.400000000000E+001    -0.253875621226E-015    -0.207305176809E+001     0.131669701975E+001
     0.325969289968E+000     0.400000000000E+001    -0.253779346876E-015    -0.207226562837E+001     0.133741967604E+001
     0.335969289968E+000     0.400000000000E+001    -0.252324847055E-015    -0.206038873601E+001     0.135802356340E+001
     0.345969289968E+000     0.400000000000E+001    -0.249632696798E-015    -0.203840566090E+001     0.137840762000E+001
     0.355969289968E+000     0.400000000000E+001    -0.246409797185E-015    -0.201208868840E+001     0.139852850689E+001
     0.365969289968E+000     0.400000000000E+001    -0.243629783008E-015    -0.198938814994E+001     0.141842238839E+001
     0.375969289968E+000     0.400000000000E+001    -0.242027816278E-015    -0.197630709888E+001     0.143818545938E+001
     0.385969289968E+000     0.400000000000E+001    -0.241629876644E-015    -0.197305767518E+001     0.145791603613E+001
     0.395969289968E+000     0.400000000000E+001    -0.242281854082E-015    -0.197838147498E+001     0.147769985088E+001
     0.405969289968E+000     0.400000000000E+001    -0.242650677579E-015    -0.198139314738E+001     0.149751378235E+001
     0.415969289968E+000     0.400000000000E+001    -0.242677534541E-015    -0.198161245112E+001     0.151732990686E+001
     0.425969289968E+000     0.400000000000E+001    -0.241648695452E-015    -0.197321134241E+001     0.153706202029E+001
     0.435969289968E+000     0.400000000000E+001    -0.240521729346E-015    -0.196400896580E+001     0.155670210995E+001
     0.445969289968E+000     0.400000000000E+001    -0.238863179352E-015    -0.195046587733E+001     0.157620676872E+001
     0.455969289968E+000     0.400000000000E+001    -0.236965893447E-015    -0.193497336221E+001     0.159555650234E+001
     0.465969289968E+000     0.400000000000E+001    -0.234829278003E-015    -0.191752657311E+001     0.161473176807E+001
     0.475969289968E+000     0.400000000000E+001    -0.232773331000E-015    -0.190073849180E+001     0.163373915299E+001
     0.485969289968E+000     0.400000000000E+001    -0.231079391689E-015    -0.188690642763E+001     0.165260821727E+001
     0.495969289968E+000     0.400000000000E+001    -0.230108804614E-015    -0.187898098272E+001     0.167139802709E+001
     0.505969289968E+000     0.400000000000E+001    -0.230325568373E-015    -0.188075099313E+001     0.169020553702E+001
     0.515969289968E+000     0.400000000000E+001    -0.230751922886E-015    -0.188423244193E+001     0.170904786144E+001
     0.525969289968E+000     0.400000000000E+001    -0.231500508161E-015    -0.189034510458E+001     0.172795131249E+001
     0.535969289968E+000     0.400000000000E+001    -0.232371552963E-015    -0.189745772515E+001     0.174692588974E+001
     0.545969289968E+000     0.400000000000E+001    -0.233138279467E-015    -0.190371852219E+001     0.176596307496E+001
     0.555969289968E+000     0.400000000000E+001    -0.233626442200E-015    -0.190770467340E+001     0.178504012170E+001
     0.565969289968E+000     0.400000000000E+001    -0.233300191093E-015    -0.190504063094E+001     0.180409052801E+001
     0.575969289968E+000     0.400000000000E+001    -0.232675510676E-015    -0.189993972824E+001     0.182308992529E+001
     0.585969289968E+000     0.400000000000E+001    -0.231053332168E-015    -0.188669363549E+001     0.184195686164E+001
     0.595969289968E+000     0.400000000000E+001    -0.229282001904E-015    -0.187222962624E+001     0.186067915791E+001
     0.605969289968E+000     0.400000000000E+001    -0.227291025180E-015    -0.185597206752E+001     0.187923887858E+001
     0.615969289968E+000     0.400000000000E+001    -0.225475401501E-015    -0.184114637508E+001     0.189765034233E+001
     0.625969289968E+000     0.400000000000E+001    -0.223759966483E-015    -0.182713878515E+001     0.191592173018E+001
     0.635969289968E+000     0.400000000000E+001    -0.222414615876E-015    -0.181615316376E+001     0.193408326182E+001
     0.645969289968E+000     0.400000000000E+001    -0.221588673237E-015    -0.180940883030E+001     0.195217735012E+001
     0.655969289968E+000     0.400000000000E+001    -0.221552217300E-015    -0.180911114498E+001     0.197026846157E+001
     0.665969289968E+000     0.400000000000E+001    -0.221584384276E-015    -0.180937380827E+001     0.198836219966E+001
     0.675969289968E+000     0.400000000000E+001    -0.222142202721E-015    -0.181392874154E+001     0.200650148707E+001
     0.685969289968E+000     0.400000000000E+001    -0.223188479972E-015    -0.182247224365E+001     0.202472620951E+001
     0.695969289968E+000     0.400000000000E+001    -0.224046717974E-015    -0.182948028876E+001     0.204302101240E+001
     0.705969289968E+000     0.400000000000E+001    -0.224738292305E-015    -0.183512742173E+001     0.206137228661E+001
     0.715969289968E+000     0.400000000000E+001    -0.225288321609E-015    -0.183961875184E+001     0.207976847413E+001
     0.725969289968E+000     0.400000000000E+001    -0.225471552984E-015    -0.184111494956E+001     0.209817962363E+001
     0.735969289968E+000     0.400000000000E+001    -0.225503352955E-015    -0.184137461603E+001     0.211659336979E+001
     0.745969289968E+000     0.400000000000E+001    -0.225405160179E-015    -0.184057281116E+001     0.213499909790E+001
     0.755969289968E+000     0.400000000000E+001    -0.225067778381E-015    -0.183781787972E+001     0.215337727670E+001
