 #        time                      h  [L]            Darcian flow [L.T^{-1}]   in    x         z              directions   cumulative flux
 #-----------------------------------------------------------------------------------------------

     0.100000000000E-005    -0.278499999997E+003    -0.245131611172E-009    -0.183961467207E-008     0.185587490109E-014
     0.205999994278E-005    -0.278499999981E+003    -0.170899254583E-008    -0.128400761116E-007     0.155863815372E-013
     0.318359982147E-005    -0.278499999922E+003    -0.696104487752E-008    -0.523613207039E-007     0.749371782396E-013
     0.437461562859E-005    -0.278499999758E+003    -0.216365259628E-007    -0.162948638648E-006     0.270714957115E-012
     0.563709231599E-005    -0.278499999362E+003    -0.568327365145E-007    -0.428557298207E-006     0.816495351011E-012
     0.697531753239E-005    -0.278499998504E+003    -0.132907464821E-006    -0.100352361258E-005     0.217116272252E-011
     0.839383618521E-005    -0.278499996780E+003    -0.285372480048E-006    -0.215764238759E-005     0.525847272196E-011
     0.989746587602E-005    -0.278499993509E+003    -0.573884337784E-006    -0.434513170317E-005     0.118486798920E-010
     0.114913132622E-004    -0.278499987574E+003    -0.109577252474E-005    -0.830870518289E-005     0.252061574477E-010
     0.131807914004E-004    -0.278499977189E+003    -0.200615894407E-005    -0.152348307869E-004     0.511672715128E-010
     0.149716381303E-004    -0.278499959547E+003    -0.354757937196E-005    -0.269830644098E-004     0.999056541618E-010
     0.168699355614E-004    -0.278499930312E+003    -0.609319210102E-005    -0.464218054011E-004     0.188783911641E-009
     0.188821307298E-004    -0.278499882868E+003    -0.102092576984E-004    -0.779158047983E-004     0.346905859229E-009
     0.210150574931E-004    -0.278499807245E+003    -0.167446990197E-004    -0.128028336495E-003     0.622306600028E-009
     0.232759597402E-004    -0.278499688574E+003    -0.269583289711E-004    -0.206524345923E-003     0.109319917083E-008
     0.256725159928E-004    -0.278499504888E+003    -0.426978701414E-004    -0.327791457548E-003     0.188540637949E-008
     0.282128654833E-004    -0.278499224028E+003    -0.666492839952E-004    -0.512834843416E-003     0.319914217764E-008
     0.309056357980E-004    -0.278498799324E+003    -0.102680250099E-003    -0.792051016054E-003     0.534980111247E-008
     0.337599721774E-004    -0.278498163611E+003    -0.156307944534E-003    -0.120904605103E-002     0.882954567478E-008
     0.367855685763E-004    -0.278497221053E+003    -0.235328611887E-003    -0.182583715439E-002     0.143994877555E-007
     0.399927005860E-004    -0.278495836040E+003    -0.350654847509E-003    -0.272986465688E-002     0.232264565473E-007
     0.433922603327E-004    -0.278493818302E+003    -0.517415964757E-003    -0.404334627393E-002     0.370841431077E-007
     0.469957934698E-004    -0.278490903110E+003    -0.756387105345E-003    -0.593562809885E-002     0.586463443852E-007
     0.508155383889E-004    -0.278486725212E+003    -0.109582330914E-002    -0.863932708138E-002     0.919107747982E-007
     0.548644677845E-004    -0.278480784851E+003    -0.157378455560E-002    -0.124712147653E-001     0.142806315853E-006
     0.591563327122E-004    -0.278472403877E+003    -0.224104517632E-002    -0.178589550309E-001     0.220055659129E-006
     0.637057092900E-004    -0.278460669668E+003    -0.316468368928E-002    -0.253749680407E-001     0.336390274784E-006
     0.685280482021E-004    -0.278444364227E+003    -0.443244409945E-002    -0.357788323811E-001     0.510246889398E-006
     0.736397271730E-004    -0.278421875603E+003    -0.615794378487E-002    -0.500697381336E-001     0.768115714844E-006
     0.790581065897E-004    -0.278391088587E+003    -0.848677313660E-002    -0.695505459137E-001     0.114776218379E-005
     0.848015884613E-004    -0.278349251677E+003    -0.116034857607E-001    -0.959049763976E-001     0.170260766361E-005
     0.908896789166E-004    -0.278292817442E+003    -0.157394139224E-001    -0.131289346937E+000     0.250763238536E-005
     0.973430544509E-004    -0.278217253916E+003    -0.211811610474E-001    -0.178440093030E+000     0.366725761251E-005
     0.104183632148E-003    -0.278116825400E+003    -0.282795187124E-001    -0.240798073071E+000     0.532577599889E-005
     0.111434644115E-003    -0.277984342304E+003    -0.374584214298E-001    -0.322650351447E+000     0.768103129198E-005
     0.119120716386E-003    -0.277810881541E+003    -0.492233712797E-001    -0.429289745648E+000     0.110022028288E-004
     0.127267952553E-003    -0.277585481903E+003    -0.641685085375E-001    -0.567191808387E+000     0.156527273397E-004
     0.135904022424E-003    -0.277294823029E+003    -0.829811396028E-001    -0.744207940451E+000     0.221195888099E-004
     0.145058255993E-003    -0.276922902559E+003    -0.106442025845E+000    -0.969771807409E+000     0.310504210933E-004
     0.154761743052E-003    -0.276450733863E+003    -0.135419061359E+000    -0.125511397261E+001     0.433000864250E-004
     0.165047438780E-003    -0.275856096264E+003    -0.170851119538E+000    -0.161347646786E+001     0.599885965765E-004
     0.175950275662E-003    -0.275113380201E+003    -0.213717868587E+000    -0.206031467003E+001     0.825724010465E-004
     0.187507282134E-003    -0.274193579939E+003    -0.264990377914E+000    -0.261346800814E+001     0.112931130292E-003
     0.199757708333E-003    -0.273064494010E+003    -0.325556650583E+000    -0.329327322890E+001     0.153471778890E-003
     0.212743159403E-003    -0.271691195586E+003    -0.396116313788E+000    -0.412258363053E+001     0.207251936393E-003
     0.226507736794E-003    -0.270036827920E+003    -0.477040251163E+000    -0.512664429162E+001     0.278122869026E-003
     0.241098188040E-003    -0.268063760786E+003    -0.568194685205E+000    -0.633275665619E+001     0.370891812839E-003
     0.256564065527E-003    -0.265735110815E+003    -0.668735631090E+000    -0.776964659949E+001     0.491500488479E-003
     0.272957894778E-003    -0.263016583028E+003    -0.776888751028E+000    -0.946643101050E+001     0.647213279983E-003
     0.290335352846E-003    -0.259878536893E+003    -0.889740677618E+000    -0.114510653732E+002     0.846803456284E-003
     0.308755457403E-003    -0.256298124924E+003    -0.100307925301E+001    -0.137481607531E+002     0.110071916378E-002
     0.328280767180E-003    -0.252261303565E+003    -0.111132967605E+001    -0.163761012243E+002     0.142120304777E-002
     0.348977594427E-003    -0.247764484581E+003    -0.120763901426E+001    -0.193434935330E+002     0.182233144591E-002
     0.370916230124E-003    -0.242815592607E+003    -0.128416098915E+001    -0.226451545615E+002     0.231993341056E-002
     0.394171182707E-003    -0.237434335602E+003    -0.133258438402E+001    -0.262580809460E+002     0.293134967505E-002
     0.418821431115E-003    -0.231651592433E+003    -0.134492765248E+001    -0.301381009899E+002     0.367500071313E-002
     0.444950693017E-003    -0.225507973784E+003    -0.131458441479E+001    -0.342180894404E+002     0.456975369979E-002
     0.472647709137E-003    -0.219051759558E+003    -0.123754234128E+001    -0.384086572510E+002     0.563411095254E-002
     0.502006544641E-003    -0.212336565110E+003    -0.111359584139E+001    -0.426019617851E+002     0.688528216925E-002
     0.533126908594E-003    -0.205419144571E+003    -0.947266378576E+000    -0.466787369338E+002     0.833824053685E-002
     0.566114492604E-003    -0.198357647423E+003    -0.748080432105E+000    -0.505179490180E+002     0.100048883279E-001
     0.601081329767E-003    -0.191210436681E+003    -0.529895872446E+000    -0.540078135292E+002     0.118934616442E-001
     0.638146175159E-003    -0.184035324450E+003    -0.309163983887E+000    -0.570564529183E+002     0.140082812959E-001
     0.677434909153E-003    -0.176888883879E+003    -0.102349445023E+000    -0.596003712172E+002     0.163499078794E-001
     0.719080964939E-003    -0.169825454468E+003     0.769047962519E-001    -0.616091999761E+002     0.189156900575E-001
     0.763225781689E-003    -0.162895613429E+003     0.220059525514E+000    -0.630857981375E+002     0.217006179991E-001
     0.810019284919E-003    -0.156144187890E+003     0.324678985265E+000    -0.640617029509E+002     0.246983280031E-001
     0.859620395664E-003    -0.149608196112E+003     0.393835350827E+000    -0.645889895881E+002     0.279020731850E-001
     0.912197570216E-003    -0.143315273900E+003     0.434208046385E+000    -0.647305022967E+002     0.313054966714E-001
     0.967929372233E-003    -0.137283070238E+003     0.453663803590E+000    -0.645507620812E+002     0.349031158091E-001
     0.102700507918E-002    -0.131519806420E+003     0.459220978726E+000    -0.641093858590E+002     0.386905202625E-001
     0.108962532517E-002    -0.126025819919E+003     0.455983908894E+000    -0.634577445799E+002     0.426643624250E-001
     0.115600278233E-002    -0.120795633153E+003     0.447091009199E+000    -0.626384018758E+002     0.468222461720E-001
     0.122636288312E-002    -0.115820016455E+003     0.434284550166E+000    -0.616861803899E+002     0.511625996020E-001
     0.130094458593E-002    -0.111087654050E+003     0.418594615925E+000    -0.606296994110E+002     0.556845735955E-001
     0.138000118665E-002    -0.106586267473E+003     0.400805943569E+000    -0.594926843848E+002     0.603879697256E-001
     0.146380117888E-002    -0.102303270019E+003     0.381644203114E+000    -0.582948640835E+002     0.652731835710E-001
     0.155262916586E-002    -0.982261324747E+002     0.361791065988E+000    -0.570525722254E+002     0.703411506092E-001
     0.164678682697E-002    -0.943426709357E+002     0.341851546440E+000    -0.557791695948E+002     0.755932853904E-001
     0.174659394236E-002    -0.906411466682E+002     0.322287977513E+000    -0.544856897051E+002     0.810314400433E-001
     0.185238947896E-002    -0.871104676953E+002     0.303444690294E+000    -0.531812069684E+002     0.866578659588E-001
     0.196453274170E-002    -0.837403311099E+002     0.285533426723E+000    -0.518731988094E+002     0.924751838495E-001
     0.208340459379E-002    -0.805212702958E+002     0.268628621006E+000    -0.505678772975E+002     0.984863658958E-001
     0.220940875020E-002    -0.774446201727E+002     0.252694375030E+000    -0.492704365287E+002     0.104694727337E+000
     0.234297314879E-002    -0.745024359364E+002     0.237630497523E+000    -0.479852114314E+002     0.111103921831E+000
     0.248455140365E-002    -0.716873925454E+002     0.223324637276E+000    -0.467157847936E+002     0.117717936690E+000
     0.263462434571E-002    -0.689926846741E+002     0.209689377889E+000    -0.454650713095E+002     0.124541086270E+000
     0.279370165569E-002    -0.664119410345E+002     0.196673984466E+000    -0.442353941949E+002     0.131578003336E+000
     0.296232359518E-002    -0.639391614914E+002     0.184256628214E+000    -0.430285608662E+002     0.138833629245E+000
     0.314106284138E-002    -0.615686802385E+002     0.172430660341E+000    -0.418459379573E+002     0.146313204151E+000
     0.333052643213E-002    -0.592951504005E+002     0.161194634242E+000    -0.406885234291E+002     0.154022258398E+000
     0.353135782749E-002    -0.571147965015E+002     0.151387099442E+000    -0.395562949035E+002     0.161966462477E+000
     0.374423909507E-002    -0.550193208200E+002     0.140363269751E+000    -0.384518861765E+002     0.170152203284E+000
     0.396989322653E-002    -0.530073581970E+002     0.130864422982E+000    -0.373733059501E+002     0.178585695878E+000
     0.420908659296E-002    -0.510742683324E+002     0.122015491736E+000    -0.363213361894E+002     0.187273567576E+000
     0.446263154769E-002    -0.492158815747E+002     0.113747913484E+000    -0.352960301091E+002     0.196222744404E+000
     0.473138918520E-002    -0.474284161856E+002     0.106023970679E+000    -0.342970959537E+002     0.205440394929E+000
     0.501627226558E-002    -0.457088528335E+002     0.987886502857E-001    -0.333242794839E+002     0.214933960035E+000
     0.531824831448E-002    -0.440534550523E+002     0.920479554312E-001    -0.323772539915E+002     0.224711154781E+000
     0.563834290904E-002    -0.424591230432E+002     0.857791147029E-001    -0.314554828034E+002     0.234779922234E+000
     0.597764316095E-002    -0.409226742207E+002     0.799370888993E-001    -0.305583126596E+002     0.245148400892E+000
     0.633730140856E-002    -0.394413439435E+002     0.745494670945E-001    -0.296850863993E+002     0.255824920714E+000
     0.671853913045E-002    -0.380111934976E+002     0.695900660330E-001    -0.288348011885E+002     0.266817866645E+000
     0.712265109384E-002    -0.366289400077E+002     0.649148504884E-001    -0.280059088231E+002     0.278135419848E+000
     0.755100975191E-002    -0.352895843526E+002     0.605116264440E-001    -0.271964629911E+002     0.289785289076E+000
     0.800506990496E-002    -0.339870679900E+002     0.563852424979E-001    -0.264034645733E+002     0.301774077578E+000
     0.848637364120E-002    -0.327132658055E+002     0.524910415777E-001    -0.256224954633E+002     0.314106306255E+000
     0.899655557408E-002    -0.314570799832E+002     0.489078543309E-001    -0.248472840199E+002     0.326782966200E+000
     0.953734839373E-002    -0.302040735183E+002     0.455855887366E-001    -0.240690338646E+002     0.339799350235E+000
     0.101105887516E-001    -0.289351650043E+002     0.424486975644E-001    -0.232759610403E+002     0.353142092661E+000
     0.107182234982E-001    -0.276259080048E+002     0.396225731296E-001    -0.224526426523E+002     0.366785119732E+000
     0.113623162948E-001    -0.262441255722E+002     0.366365824180E-001    -0.215795977265E+002     0.380684403212E+000
     0.120450546223E-001    -0.247589155408E+002     0.344367455459E-001    -0.206340505695E+002     0.394772080007E+000
     0.127687572104E-001    -0.231252087233E+002     0.320748408447E-001    -0.195874775372E+002     0.408947607201E+000
     0.135358819124E-001    -0.212971885244E+002     0.281728673787E-001    -0.184077331077E+002     0.423068650514E+000
     0.143490340526E-001    -0.192408136590E+002     0.241359948292E-001    -0.170668530208E+002     0.436946612453E+000
     0.152109752747E-001    -0.169056507675E+002     0.221476516563E-001    -0.155303891462E+002     0.450332908665E+000
     0.161246329208E-001    -0.142777284804E+002     0.196119147559E-001    -0.137799237938E+002     0.462923054153E+000
     0.170931099734E-001    -0.113656620384E+002     0.176400227006E-001    -0.118142958496E+002     0.474364941330E+000
     0.181196955938E-001    -0.824172033992E+001     0.152960086649E-001    -0.967704549037E+001     0.484299269488E+000
     0.192078762926E-001    -0.508950032688E+001     0.128970354370E-001    -0.749086239196E+001     0.492450693442E+000
     0.203613477710E-001    -0.222122508508E+001     0.978909909044E-002    -0.547865546994E+001     0.498770176354E+000
     0.215840274722E-001    -0.116467366472E-001     0.616018705332E-002    -0.391155780590E+001     0.503552764614E+000
     0.228800678855E-001     0.135670571892E+001    -0.100659287773E-003    -0.292764173739E+001     0.507347106624E+000
     0.242538706494E-001     0.202200355261E+001    -0.616642723277E-002    -0.245725139950E+001     0.510722896018E+000
     0.257101015006E-001     0.225030743869E+001    -0.125391259761E-001    -0.229686940893E+001     0.514067717954E+000
     0.272537061195E-001     0.225273037909E+001    -0.170907241946E-001    -0.229681162766E+001     0.517613185142E+000
     0.288899269272E-001     0.209598427465E+001    -0.245215860707E-001    -0.240644462610E+001     0.521550864331E+000
     0.306243208897E-001     0.191840183450E+001    -0.254244775054E-001    -0.253313031630E+001     0.525944531544E+000
     0.324627783907E-001     0.172167544846E+001    -0.265958603941E-001    -0.267145266361E+001     0.530856127117E+000
     0.344115432366E-001     0.154525301961E+001    -0.231173613607E-001    -0.279623407246E+001     0.536305515998E+000
     0.364772338618E-001     0.140440039604E+001    -0.164284968268E-001    -0.289450345753E+001     0.542284760960E+000
     0.386668658063E-001     0.129236949428E+001    -0.803683503030E-002    -0.297280857453E+001     0.548794141367E+000
     0.409878755421E-001     0.120123013552E+001     0.503644219188E-003    -0.303738756774E+001     0.555843947580E+000
     0.434481457293E-001     0.112895112726E+001     0.545695431130E-002    -0.308868387143E+001     0.563442956287E+000
     0.460560319869E-001     0.103918699931E+001     0.543809235445E-002    -0.314985825154E+001     0.571657440577E+000
     0.488203912708E-001     0.980177553138E+000     0.522683041847E-002    -0.319171948350E+001     0.580480511793E+000
     0.517506119535E-001     0.945360140611E+000     0.371946553579E-002    -0.321681007732E+001     0.589906481515E+000
     0.548566457095E-001     0.945979818163E+000     0.623343538228E-002    -0.321661129661E+001     0.599897403542E+000
     0.581490413132E-001     0.972159275135E+000     0.643429536422E-002    -0.319804466190E+001     0.610426653038E+000
     0.616389804647E-001     0.104593800909E+001     0.786283234420E-002    -0.314575151360E+001     0.621405168701E+000
     0.653383157655E-001     0.115988480177E+001     0.717013164990E-002    -0.306460858100E+001     0.632742214437E+000
     0.692596109728E-001     0.132526122229E+001     0.924218855253E-002    -0.294809349035E+001     0.644302616119E+000
     0.734161836681E-001     0.151886147936E+001     0.841457498004E-002    -0.281128448455E+001     0.655987976790E+000
     0.778221504872E-001     0.172606836460E+001     0.462002778719E-002    -0.266531390924E+001     0.667731279079E+000
     0.824924750635E-001     0.191493991619E+001    -0.177224567048E-002    -0.253220515956E+001     0.679557501964E+000
     0.874430188470E-001     0.206175729988E+001    -0.913500901562E-002    -0.242985966719E+001     0.691586713642E+000
     0.926905949743E-001     0.212909749499E+001    -0.162067562355E-001    -0.238311486657E+001     0.704092579506E+000
     0.982530253690E-001     0.212783465340E+001    -0.188004266593E-001    -0.238427581711E+001     0.717355360074E+000
     0.104149201269E+000     0.208337497920E+001    -0.154668619152E-001    -0.241512115174E+001     0.731595631217E+000
     0.110399147386E+000     0.202384197893E+001    -0.804372060940E-002    -0.245615939576E+001     0.746946577414E+000
     0.117024089912E+000     0.196481314167E+001     0.286619431471E-003    -0.249680303504E+001     0.763487754129E+000
     0.124046528610E+000     0.192480696818E+001     0.763822096148E-002    -0.252417235321E+001     0.781213680900E+000
     0.131490313229E+000     0.192047561496E+001     0.131630660488E-001    -0.252661597532E+001     0.800021521267E+000
     0.139380724499E+000     0.195439077694E+001     0.156984131791E-001    -0.250241655165E+001     0.819767005551E+000
     0.147744559993E+000     0.202097585778E+001     0.147087130973E-001    -0.245578588122E+001     0.840307163081E+000
     0.156610225139E+000     0.211497140495E+001     0.107864567351E-001    -0.238995273298E+001     0.861495899523E+000
     0.166007829686E+000     0.223680746361E+001     0.577125867275E-002    -0.230455392761E+001     0.883153253903E+000
     0.175969289968E+000     0.237564088895E+001     0.120056426198E-002    -0.220685580175E+001     0.905136763574E+000
     0.185969289968E+000     0.248559871538E+001    -0.441036523011E-002    -0.212982486153E+001     0.926435057853E+000
     0.195969289968E+000     0.253203142289E+001    -0.104746281983E-001    -0.209796318662E+001     0.947414951204E+000
     0.205969289968E+000     0.251574978318E+001    -0.148112441060E-001    -0.211072706313E+001     0.968522741491E+000
     0.215969289968E+000     0.246874421965E+001    -0.156193686024E-001    -0.214381914841E+001     0.989961501963E+000
     0.225969289968E+000     0.244259853091E+001    -0.126837634555E-001    -0.216190755505E+001     0.101158094958E+001
     0.235969289968E+000     0.244658123189E+001    -0.678590376629E-002    -0.215803802978E+001     0.103316143657E+001
     0.245969289968E+000     0.247700612234E+001     0.579465421987E-003    -0.213512118156E+001     0.105451264917E+001
     0.255969289968E+000     0.252144747754E+001     0.840057665790E-002    -0.210223040174E+001     0.107553512104E+001
     0.265969289968E+000     0.256446842964E+001     0.146994330996E-001    -0.207066185030E+001     0.109624226128E+001
     0.275969289968E+000     0.259296412862E+001     0.179502612646E-001    -0.204998649172E+001     0.111674291207E+001
     0.285969289968E+000     0.260150783706E+001     0.177757942912E-001    -0.204407683150E+001     0.113718445329E+001
     0.295969289968E+000     0.259046446605E+001     0.149686308251E-001    -0.205224865290E+001     0.115770748570E+001
     0.305969289968E+000     0.257827479637E+001     0.112613555135E-001    -0.206182453852E+001     0.117832603862E+001
     0.315969289968E+000     0.256726134339E+001     0.778955481478E-002    -0.207032409380E+001     0.119902942610E+001
     0.325969289968E+000     0.256789203115E+001     0.516621927213E-002    -0.207027022815E+001     0.121973219284E+001
     0.335969289968E+000     0.258462092067E+001     0.319135918088E-002    -0.205854185622E+001     0.124031763614E+001
     0.345969289968E+000     0.261514891958E+001     0.204630159820E-002    -0.203736616642E+001     0.126069130808E+001
     0.355969289968E+000     0.265231628133E+001     0.141456410071E-002    -0.201116282077E+001     0.128080294126E+001
     0.365969289968E+000     0.268435527957E+001     0.747283371095E-003    -0.198860798866E+001     0.130068902255E+001
     0.375969289968E+000     0.270265950918E+001    -0.351717125560E-003    -0.197589681979E+001     0.132044799106E+001
     0.385969289968E+000     0.270685086947E+001    -0.149833473809E-002    -0.197326390650E+001     0.134018063581E+001
     0.395969289968E+000     0.269907961008E+001    -0.335152824983E-002    -0.197897042559E+001     0.135997036845E+001
     0.405969289968E+000     0.269434837090E+001    -0.493374276127E-002    -0.198269206672E+001     0.137979735050E+001
     0.415969289968E+000     0.269390304016E+001    -0.602626372200E-002    -0.198314952210E+001     0.139962893729E+001
     0.425969289968E+000     0.270554796582E+001    -0.537031831802E-002    -0.197503792389E+001     0.141937938954E+001
     0.435969289968E+000     0.271899035504E+001    -0.465287983029E-002    -0.196516950687E+001     0.143903113969E+001
     0.445969289968E+000     0.273881576428E+001    -0.205844311054E-002    -0.195059030607E+001     0.145853705361E+001
     0.455969289968E+000     0.276180668173E+001     0.107622806128E-002    -0.193353254752E+001     0.147787238208E+001
     0.465969289968E+000     0.278706818996E+001     0.442950571659E-002    -0.191509721165E+001     0.149702340542E+001
     0.475969289968E+000     0.281165021657E+001     0.763534806168E-002    -0.189712409303E+001     0.151599480000E+001
     0.485969289968E+000     0.283172548048E+001     0.996198894408E-002    -0.188255626988E+001     0.153482062628E+001
     0.495969289968E+000     0.284309123996E+001     0.109612368076E-001    -0.187442675882E+001     0.155356521436E+001
     0.505969289968E+000     0.284050080470E+001     0.105664806751E-001    -0.187629366408E+001     0.157232844853E+001
     0.515969289968E+000     0.283510211216E+001     0.928043664618E-002    -0.188055638581E+001     0.159113424138E+001
     0.525969289968E+000     0.282578458944E+001     0.710313284552E-002    -0.188772827618E+001     0.161001165778E+001
     0.535969289968E+000     0.281510067869E+001     0.501015527131E-002    -0.189583935951E+001     0.162897011757E+001
     0.545969289968E+000     0.280577572281E+001     0.305584029224E-002    -0.190282887856E+001     0.164799843090E+001
     0.555969289968E+000     0.279989824627E+001     0.144261398906E-002    -0.190716926646E+001     0.166707012902E+001
     0.565969289968E+000     0.280323854450E+001     0.202498206855E-003    -0.190500868257E+001     0.168612021595E+001
     0.575969289968E+000     0.281063337021E+001    -0.864797788844E-003    -0.189980331682E+001     0.170511825109E+001
     0.585969289968E+000     0.282928781654E+001    -0.660876675419E-003    -0.188663166032E+001     0.172398456885E+001
     0.595969289968E+000     0.284983693539E+001    -0.421102834123E-003    -0.187204016057E+001     0.174270497093E+001
     0.605969289968E+000     0.287250358908E+001    -0.223219340429E-003    -0.185613069822E+001     0.176126627804E+001
     0.615969289968E+000     0.289400870708E+001     0.649672770382E-003    -0.184054655226E+001     0.177967174471E+001
     0.625969289968E+000     0.291419500231E+001     0.165562625241E-002    -0.182606960671E+001     0.179793244828E+001
     0.635969289968E+000     0.292996741300E+001     0.259001445506E-002    -0.181475834692E+001     0.181608005024E+001
     0.645969289968E+000     0.293983876909E+001     0.350705648747E-002    -0.180761293853E+001     0.183415621364E+001
     0.655969289968E+000     0.294003621248E+001     0.319520002027E-002    -0.180755735006E+001     0.185223181538E+001
     0.665969289968E+000     0.293943226328E+001     0.325935239194E-002    -0.180824849417E+001     0.187031432970E+001
     0.675969289968E+000     0.293241211379E+001     0.227891965232E-002    -0.181344573081E+001     0.188844880133E+001
     0.685969289968E+000     0.292067287449E+001     0.184837847385E-002    -0.182168221018E+001     0.190666563281E+001
     0.695969289968E+000     0.291079891671E+001     0.129878173765E-002    -0.182872987988E+001     0.192495293622E+001
     0.705969289968E+000     0.290248231047E+001     0.692410370203E-003    -0.183479602333E+001     0.194330089776E+001
     0.715969289968E+000     0.289593569023E+001     0.143059245511E-003    -0.183951101655E+001     0.196169600798E+001
     0.725969289968E+000     0.289374652540E+001     0.444062133825E-003    -0.184111304393E+001     0.198010713895E+001
     0.735969289968E+000     0.289358817185E+001     0.232946322318E-003    -0.184115320627E+001     0.199851867116E+001
     0.745969289968E+000     0.289482181196E+001     0.576113141399E-003    -0.184011364588E+001     0.201691980852E+001
     0.755969289968E+000     0.289889049050E+001     0.111448987438E-002    -0.183713486391E+001     0.203529116054E+001
