 #        time                      h  [L]            Darcian flow [L.T^{-1}]   in    x         z              directions   cumulative flux
 #-----------------------------------------------------------------------------------------------

     0.100000000000E-005    -0.280000000000E+003     0.505778066013E-014     0.317210359170E-014     0.597020823778E-020
     0.205999994278E-005    -0.280000000000E+003     0.786146445611E-030     0.641937288497E-014     0.127747431285E-019
     0.318359982147E-005    -0.280000000000E+003    -0.101155613203E-013     0.649453858654E-014     0.262814985399E-019
     0.437461562859E-005    -0.280000000000E+003    -0.101155613203E-013     0.649453858654E-014     0.405986585031E-019
     0.563709231599E-005    -0.280000000000E+003    -0.505778066013E-014     0.324726929327E-014     0.481867528740E-019
     0.697531753239E-005    -0.280000000000E+003    -0.505778066013E-014    -0.317210359170E-014     0.561762360850E-019
     0.839383618521E-005    -0.280000000000E+003     0.505778066013E-014    -0.966664217824E-014     0.716520806096E-019
     0.989746587602E-005    -0.280000000000E+003     0.505778066013E-014    -0.324726929327E-014     0.806896209512E-019
     0.114913132622E-004    -0.280000000000E+003     0.505778066013E-014     0.959147647667E-014     0.979722165439E-019
     0.131807914004E-004    -0.280000000000E+003     0.151733419804E-013     0.951631077510E-014     0.128231825439E-018
     0.149716381303E-004    -0.280000000000E+003     0.202311226405E-013     0.626904148183E-014     0.166162246843E-018
     0.168699355614E-004    -0.280000000000E+003     0.202311226405E-013     0.126884143668E-013     0.211495170688E-018
     0.188821307298E-004    -0.280000000000E+003     0.202311226405E-013     0.191077872518E-013     0.267490836934E-018
     0.210150574931E-004    -0.280000000000E+003     0.202311226405E-013     0.191077872518E-013     0.326846239951E-018
     0.232759597402E-004    -0.280000000000E+003     0.202311226405E-013     0.255271601367E-013     0.400488314762E-018
     0.256725159928E-004    -0.280000000000E+003     0.202311226405E-013     0.255271601367E-013     0.478548909848E-018
     0.282128654833E-004    -0.280000000000E+003     0.252889033006E-013     0.222798908435E-013     0.564167437725E-018
     0.309056357980E-004    -0.280000000000E+003     0.303466839608E-013     0.254519944352E-013     0.670820358679E-018
     0.337599721774E-004    -0.280000000000E+003     0.303466839608E-013     0.447101130901E-013     0.825057969776E-018
     0.367855685763E-004    -0.280000000000E+003     0.252889033006E-013     0.415380094984E-013     0.972194525782E-018
     0.399927005860E-004    -0.280000000000E+003     0.303466839608E-013     0.382907402051E-013     0.112888851091E-017
     0.433922603327E-004    -0.280000000000E+003     0.252889033006E-013     0.351186366134E-013     0.127600923682E-017
     0.469957934698E-004    -0.280000000000E+003     0.202311226405E-013     0.319465330217E-013     0.141227231923E-017
     0.508155383889E-004    -0.280000000000E+003     0.151733419804E-013     0.351938023150E-013     0.155866545868E-017
     0.548644677845E-004    -0.280000000000E+003     0.202311226405E-013     0.319465330217E-013     0.171177064154E-017
     0.591563327122E-004    -0.280000000000E+003     0.151733419804E-013     0.287744294300E-013     0.185138482265E-017
     0.637057092900E-004    -0.280000000000E+003     0.151733419804E-013     0.287744294300E-013     0.199937584665E-017
     0.685280482021E-004    -0.280000000000E+003     0.202311226405E-013     0.255271601367E-013     0.215644899892E-017
     0.736397271730E-004    -0.280000000000E+003     0.151733419804E-013     0.223550565450E-013     0.229455695965E-017
     0.790581065897E-004    -0.280000000000E+003     0.151733419804E-013     0.159356836601E-013     0.241378301783E-017
     0.848015884613E-004    -0.280000000000E+003     0.202311226405E-013     0.126884143668E-013     0.255094214896E-017
     0.908896789166E-004    -0.280000000000E+003     0.202311226405E-013     0.126884143668E-013     0.269633082012E-017
     0.973430544509E-004    -0.280000000000E+003     0.151733419804E-013     0.223550565450E-013     0.287068890088E-017
     0.104183632148E-003    -0.280000000000E+003     0.101155613203E-013     0.127635800684E-013     0.298209449905E-017
     0.111434644115E-003    -0.280000000000E+003     0.505778066013E-014     0.160108493616E-013     0.310384424621E-017
     0.119120716386E-003    -0.280000000000E+003     0.505778066013E-014     0.959147647667E-014     0.318718677944E-017
     0.127267952553E-003    -0.280000000000E+003     0.157229289122E-029     0.128387457699E-013     0.329178707331E-017
     0.135904022424E-003    -0.280000000000E+003     0.314458578245E-029     0.256774915399E-013     0.351353968436E-017
     0.145058255993E-003    -0.280000000000E+003    -0.505778066013E-014     0.289247608332E-013     0.378234123795E-017
     0.154761743052E-003    -0.280000000000E+003    -0.505778066013E-014     0.289247608332E-013     0.406727086937E-017
     0.165047438780E-003    -0.280000000000E+003    -0.101155613203E-013     0.257526572415E-013     0.435185656046E-017
     0.175950275662E-003    -0.280000000000E+003    -0.151733419804E-013     0.225805536498E-013     0.464846817473E-017
     0.187507282134E-003    -0.280000000000E+003    -0.151733419804E-013     0.289999265347E-013     0.502672425541E-017
     0.199757708333E-003    -0.280000000000E+003    -0.202311226405E-013     0.322471958280E-013     0.549307466065E-017
     0.212743159403E-003    -0.280000000000E+003    -0.151733419804E-013     0.354192994197E-013     0.599343714745E-017
     0.226507736794E-003    -0.280000000000E+003    -0.101155613203E-013     0.321720301264E-013     0.645764516870E-017
     0.241098188040E-003    -0.280000000000E+003    -0.202311226405E-013     0.450859415979E-013     0.717866158123E-017
     0.256564065527E-003    -0.280000000000E+003    -0.303466839608E-013     0.451611072995E-013     0.802015979620E-017
     0.272957894778E-003    -0.280000000000E+003    -0.354044646209E-013     0.548277494778E-013     0.909010783519E-017
     0.290335352846E-003    -0.280000000000E+003    -0.404622452810E-013     0.580750187710E-013     0.103200956966E-016
     0.308755457403E-003    -0.280000000000E+003    -0.404622452810E-013     0.452362730011E-013     0.114380478969E-016
     0.328280767180E-003    -0.280000000000E+003    -0.303466839608E-013     0.387417344145E-013     0.123989318594E-016
     0.348977594427E-003    -0.280000000000E+003    -0.252889033006E-013     0.226557193513E-013     0.131016524663E-016
     0.370916230124E-003    -0.280000000000E+003    -0.354044646209E-013     0.227308850529E-013     0.140246850086E-016
     0.394171182707E-003    -0.280000000000E+003    -0.303466839608E-013     0.259029886446E-013     0.149525214944E-016
     0.418821431115E-003    -0.280000000000E+003    -0.354044646209E-013     0.355696308228E-013     0.161896287229E-016
     0.444950693017E-003    -0.280000000000E+003    -0.303466839608E-013     0.323223615296E-013     0.173480884255E-016
     0.472647709137E-003    -0.280000000000E+003    -0.303466839608E-013     0.259029886446E-013     0.184531563466E-016
     0.502006544641E-003    -0.280000000000E+003    -0.303466839608E-013     0.387417344145E-013     0.198979700019E-016
     0.533126908594E-003    -0.280000000000E+003    -0.202311226405E-013     0.258278229430E-013     0.209189715966E-016
     0.566114492604E-003    -0.280000000000E+003    -0.252889033006E-013     0.226557193513E-013     0.220390009993E-016
     0.601081329767E-003    -0.280000000000E+003    -0.202311226405E-013     0.258278229430E-013     0.231861982672E-016
     0.638146175159E-003    -0.280000000000E+003    -0.101155613203E-013     0.257526572415E-013     0.242117122353E-016
     0.677434909153E-003    -0.280000000000E+003    -0.101155613203E-013     0.321720301264E-013     0.255367180780E-016
     0.719080964939E-003    -0.280000000000E+003    -0.151733419804E-013     0.225805536498E-013     0.266696987846E-016
     0.763225781689E-003    -0.280000000000E+003     0.235843933683E-029     0.192581186549E-013     0.275198449035E-016
     0.810019284919E-003    -0.280000000000E+003     0.314458578245E-029     0.256774915399E-013     0.287213846868E-016
     0.859620395664E-003    -0.280000000000E+003    -0.505778066013E-014     0.289247608332E-013     0.301778534920E-016
     0.912197570216E-003    -0.280000000000E+003     0.314458578245E-029     0.256774915399E-013     0.315279034467E-016
     0.967929372233E-003    -0.280000000000E+003     0.505778066013E-014     0.288495951316E-013     0.331602652700E-016
     0.102700507918E-002    -0.280000000000E+003     0.393073222806E-029     0.320968644249E-013     0.350564102268E-016
     0.108962532517E-002    -0.280000000000E+003     0.393073222806E-029     0.320968644249E-013     0.370663237724E-016
     0.115600278233E-002    -0.280000000000E+003     0.471687867367E-029     0.385162373098E-013     0.396229336644E-016
     0.122636288312E-002    -0.280000000000E+003     0.471687867367E-029     0.385162373098E-013     0.423329400037E-016
     0.130094458593E-002    -0.280000000000E+003     0.471687867367E-029     0.385162373098E-013     0.452055465683E-016
     0.138000118665E-002    -0.280000000000E+003     0.471687867367E-029     0.385162373098E-013     0.482505093623E-016
     0.146380117888E-002    -0.280000000000E+003     0.628917156489E-029     0.513549830798E-013     0.525540565456E-016
     0.155262916586E-002    -0.280000000000E+003     0.202311226405E-013     0.383659059067E-013     0.564068173292E-016
     0.164678682697E-002    -0.280000000000E+003     0.151733419804E-013     0.287744294300E-013     0.594697619869E-016
     0.174659394236E-002    -0.280000000000E+003     0.505778066013E-014     0.416883409015E-013     0.636610654086E-016
     0.185238947896E-002    -0.280000000000E+003    -0.505778066013E-014     0.546022523730E-013     0.694624696595E-016
     0.196453274170E-002    -0.280000000000E+003    -0.101155613203E-013     0.514301487813E-013     0.753405150021E-016
     0.208340459379E-002    -0.280000000000E+003    -0.101155613203E-013     0.514301487813E-013     0.815712427289E-016
     0.220940875020E-002    -0.280000000000E+003    -0.101155613203E-013     0.514301487813E-013     0.881758137628E-016
     0.234297314879E-002    -0.280000000000E+003    -0.101155613203E-013     0.450107758964E-013     0.943375992806E-016
     0.248455140365E-002    -0.280000000000E+003    -0.151733419804E-013     0.289999265347E-013     0.989713974812E-016
     0.263462434571E-002    -0.280000000000E+003    -0.101155613203E-013     0.321720301264E-013     0.104032581817E-015
     0.279370165569E-002    -0.280000000000E+003    -0.101155613203E-013     0.257526572415E-013     0.108433949249E-015
     0.296232359518E-002    -0.280000000000E+003    -0.202311226405E-013     0.322471958280E-013     0.114853065494E-015
     0.314106284138E-002    -0.280000000000E+003    -0.202311226405E-013     0.322471958280E-013     0.121657328345E-015
     0.333052643213E-002    -0.280000000000E+003    -0.101155613203E-013     0.257526572415E-013     0.126899426531E-015
     0.353135782749E-002    -0.280000000000E+003    -0.505778066013E-014     0.289247608332E-013     0.132796565890E-015
     0.374423909507E-002    -0.280000000000E+003    -0.202311226405E-013     0.322471958280E-013     0.140900550502E-015
     0.396989322653E-002    -0.280000000000E+003    -0.151733419804E-013     0.225805536498E-013     0.147039469841E-015
     0.420908659296E-002    -0.280000000000E+003    -0.303466839608E-013     0.387417344145E-013     0.158810707909E-015
     0.446263154769E-002    -0.280000000000E+003    -0.101155613203E-013     0.321720301264E-013     0.167361468197E-015
     0.473138918520E-002    -0.280000000000E+003    -0.101155613203E-013     0.193332843565E-013     0.173225686344E-015
     0.501627226558E-002    -0.280000000000E+003    -0.202311226405E-013     0.129890771731E-013     0.180074825723E-015
     0.531824831448E-002    -0.280000000000E+003    -0.202311226405E-013     0.150331403146E-015     0.186184308864E-015
     0.563834290904E-002    -0.280000000000E+003    -0.202311226405E-013    -0.626904148183E-014     0.192963963794E-015
     0.597764316095E-002    -0.280000000000E+003    -0.505778066013E-014    -0.224302222466E-013     0.200765627046E-015
     0.633730140856E-002    -0.280000000000E+003    -0.157229289122E-029    -0.128387457699E-013     0.205383187851E-015
     0.671853913045E-002    -0.280000000000E+003     0.101155613203E-013    -0.321720301264E-013     0.218240364899E-015
     0.712265109384E-002    -0.280000000000E+003     0.252889033006E-013    -0.290750922363E-013     0.233812522594E-015
     0.755100975191E-002    -0.280000000000E+003     0.252889033006E-013    -0.290750922363E-013     0.250319008859E-015
     0.800506990496E-002    -0.280000000000E+003     0.303466839608E-013    -0.323223615296E-013     0.270450093765E-015
     0.848637364120E-002    -0.280000000000E+003     0.455200259411E-013    -0.354793209956E-014     0.292425499917E-015
     0.899655557408E-002    -0.280000000000E+003     0.404622452810E-013    -0.131394085762E-013     0.314129753168E-015
     0.953734839373E-002    -0.280000000000E+003     0.202311226405E-013    -0.656970428812E-014     0.325633006770E-015
     0.101105887516E-001    -0.280000000000E+003     0.303466839608E-013    -0.259029886446E-013     0.348504406629E-015
     0.107182234982E-001    -0.280000000000E+003     0.151733419804E-013    -0.332243499485E-014     0.357942695284E-015
     0.113623162948E-001    -0.280000000000E+003     0.303466839608E-013     0.619387578025E-014     0.377891750959E-015
     0.120450546223E-001    -0.280000000000E+003     0.151733419804E-013    -0.225805536498E-013     0.396465643207E-015
     0.127687572104E-001    -0.280000000000E+003    -0.202311226405E-013     0.656970428812E-014     0.411859587248E-015
     0.135358819124E-001    -0.280000000000E+003    -0.404622452810E-013    -0.611871007868E-014     0.443252068842E-015
     0.143490340526E-001    -0.280000000000E+003    -0.455200259411E-013    -0.929081367038E-014     0.481029895431E-015
     0.152109752747E-001    -0.280000000000E+003    -0.252889033006E-013     0.162363464664E-013     0.506933309730E-015
     0.161246329208E-001    -0.280000000000E+003     0.101155613203E-013     0.127635800684E-013     0.521813131450E-015
     0.170931099734E-001    -0.280000000000E+003     0.202311226405E-013     0.191077872518E-013     0.548764054828E-015
     0.181196955938E-001    -0.280000000000E+003     0.202311226405E-013     0.191077872518E-013     0.577332032067E-015
     0.192078762926E-001    -0.280000000000E+003     0.151733419804E-013     0.223550565450E-013     0.606732629809E-015
     0.203613477710E-001    -0.280000000000E+003    -0.151733419804E-013     0.332243499485E-014     0.624649308917E-015
     0.215840274722E-001    -0.280000000000E+003    -0.101155613203E-013     0.751657015730E-016     0.637017741858E-015
     0.228800678855E-001    -0.279999999989E+003     0.122174738081E-008    -0.525940665525E-009     0.172455602603E-011
     0.242538706494E-001    -0.279999999995E+003     0.518619771129E-009    -0.201952345488E-009     0.248915004490E-011
     0.257101015006E-001    -0.279999999997E+003     0.265007475474E-009    -0.934516740355E-010     0.289835396499E-011
     0.272537061195E-001    -0.280000005024E+003    -0.539989980172E-006     0.226331076124E-006     0.906685033652E-009
     0.288899269272E-001    -0.280000002149E+003    -0.226319606991E-006     0.839939921087E-007     0.130167414283E-008
     0.306243208897E-001    -0.280000002489E+003    -0.256272334137E-006     0.961568870208E-007     0.177640934634E-008
     0.324627783907E-001    -0.280000001042E+003    -0.946131455237E-007     0.293060564734E-007     0.195850475449E-008
     0.344115432366E-001    -0.280000000710E+003    -0.547867042148E-007     0.157233452265E-007     0.206958104363E-008
     0.364772338618E-001    -0.280000000491E+003    -0.296753190962E-007     0.763609409837E-008     0.213287801439E-008
     0.386668658063E-001    -0.280000000386E+003    -0.184786572199E-007     0.462783721015E-008     0.217458907476E-008
     0.409878755421E-001    -0.280000107560E+003    -0.118121123864E-004     0.460318614597E-005     0.315988527156E-007
     0.434481457293E-001    -0.280000036013E+003    -0.392590548232E-005     0.132501817817E-005     0.417929272469E-007
     0.460560319869E-001    -0.280000016695E+003    -0.163803904586E-005     0.489140496580E-006     0.462511393843E-007
     0.488203912708E-001    -0.280000009587E+003    -0.775010235621E-006     0.212439517638E-006     0.484725758457E-007
     0.517506119535E-001    -0.280000006362E+003    -0.399331412104E-006     0.105133298395E-006     0.496825781356E-007
     0.548566457095E-001    -0.280000046368E+003    -0.489910211207E-005     0.177526372759E-005     0.658675960414E-007
     0.581490413132E-001    -0.280000016299E+003    -0.151460759214E-005     0.464645752073E-006     0.710836608219E-007
     0.616389804647E-001    -0.280000008537E+003    -0.602948910726E-006     0.164162225204E-006     0.732645143458E-007
     0.653383157655E-001    -0.280000005637E+003    -0.280823097305E-006     0.722476461584E-007     0.743372025239E-007
     0.692596109728E-001    -0.280000004206E+003    -0.146974877750E-006     0.375794841901E-007     0.749320751857E-007
     0.734161836681E-001    -0.280000006453E+003    -0.436470501068E-006     0.142484090722E-006     0.768405179746E-007
     0.778221504872E-001    -0.280000003644E+003    -0.142496527355E-006     0.387348951581E-007     0.774911355108E-007
     0.824924750635E-001    -0.280000002789E+003    -0.664422472944E-007     0.161886518699E-007     0.778105203163E-007
     0.874430188470E-001    -0.280000002379E+003    -0.416109979728E-007     0.960226801526E-008     0.780219310674E-007
     0.926905949743E-001    -0.280000002073E+003    -0.263710656097E-007     0.523734569458E-008     0.781630179744E-007
     0.982530253690E-001    -0.279999991176E+003     0.122869497728E-005    -0.395551059464E-006     0.853429758669E-007
     0.104149201269E+000    -0.279999999302E+003     0.248941654087E-006    -0.658047681762E-007     0.868611949603E-007
     0.110399147386E+000    -0.280000000876E+003     0.370663954482E-007    -0.926841533743E-008     0.870999904421E-007
     0.117024089912E+000    -0.280000001025E+003     0.101431767188E-007    -0.394978979539E-008     0.871721034431E-007
     0.124046528610E+000    -0.280000001086E+003    -0.157904416605E-008    -0.126206595660E-008     0.871862988317E-007
     0.131490313229E+000    -0.280000001522E+003    -0.578718235766E-007     0.138496949143E-007     0.876292485527E-007
     0.139380724499E+000    -0.280000001125E+003    -0.131128627138E-007     0.132369844328E-008     0.877332402658E-007
     0.147744559993E+000    -0.280000001690E+003    -0.843350368938E-007     0.224885966973E-007     0.884632519759E-007
     0.156610225139E+000    -0.280000001102E+003    -0.166054676000E-007     0.243373215804E-008     0.886120432501E-007
     0.166007829686E+000    -0.279999999416E+003     0.184454328030E-006    -0.518957500839E-007     0.904127716157E-007
     0.175969289968E+000    -0.280000000748E+003     0.238451849563E-007     0.985451838608E-008     0.906697897190E-007
     0.185969289968E+000    -0.280000000892E+003     0.735839812273E-008     0.181942604925E-007     0.908660490214E-007
     0.195969289968E+000    -0.280000000911E+003    -0.118081475314E-008    -0.515832916543E-009     0.908789346998E-007
     0.205969289968E+000    -0.280000004727E+003    -0.464192282810E-006     0.121990362050E-006     0.956784776348E-007
     0.215969289968E+000    -0.280000001571E+003    -0.715865014180E-007     0.118062951104E-007     0.964040130089E-007
     0.225969289968E+000    -0.280000001081E+003    -0.177351734812E-007    -0.162561839961E-007     0.966445956135E-007
     0.235969289968E+000    -0.280000001383E+003    -0.913912125737E-008     0.852379627594E-007     0.975018606736E-007
     0.245969289968E+000    -0.280000001060E+003    -0.403091964936E-008    -0.748793545097E-008     0.975869003647E-007
     0.255969289968E+000    -0.280000001142E+003    -0.678486601745E-008    -0.483945428460E-008     0.976702398659E-007
     0.265969289968E+000    -0.280000001118E+003     0.138679286670E-008    -0.471444050758E-008     0.977193816442E-007
     0.275969289968E+000    -0.280000001725E+003    -0.736787129633E-008     0.124118936519E-006     0.989627559213E-007
     0.285969289968E+000    -0.280000001050E+003     0.418367625721E-007    -0.760639415362E-008     0.993879819711E-007
     0.295969289968E+000    -0.280000011378E+003    -0.131397726617E-005     0.128995631997E-006     0.112590921527E-006
     0.305969289968E+000    -0.280000013981E+003    -0.154144198124E-005     0.386018205569E-006     0.128481338251E-006
     0.315969289968E+000    -0.280000009048E+003    -0.929557285836E-006     0.243856449460E-006     0.138091451234E-006
     0.325969289968E+000    -0.280000007228E+003    -0.716668571777E-006     0.195670856039E-006     0.145520454705E-006
     0.335969289968E+000    -0.280000002100E+003    -0.107067813052E-006     0.295044682135E-007     0.146631041497E-006
     0.345969289968E+000    -0.280000012807E+003    -0.142598027989E-005     0.395509373587E-006     0.161429174566E-006
     0.355969289968E+000    -0.280000002863E+003    -0.212385996877E-006     0.481292979672E-007     0.163606885314E-006
     0.365969289968E+000    -0.280000001488E+003    -0.460955350758E-007     0.111806926409E-007     0.164081206538E-006
     0.375969289968E+000    -0.280000001131E+003    -0.134818581556E-007     0.410167643671E-008     0.164222126462E-006
     0.385969289968E+000    -0.280000001012E+003    -0.864317049059E-008     0.277633921568E-008     0.164312907768E-006
     0.395969289968E+000    -0.280000000129E+003     0.918361110581E-007    -0.250483207249E-007     0.165264815834E-006
     0.405969289968E+000    -0.280000000728E+003     0.127447675971E-007    -0.266266994226E-008     0.165395015263E-006
     0.415969289968E+000    -0.280000000786E+003     0.147157644708E-008    -0.340117072884E-009     0.165410118961E-006
     0.425969289968E+000    -0.280000000779E+003    -0.468750050853E-009    -0.714481985741E-009     0.165418664200E-006
     0.435969289968E+000    -0.280000000781E+003    -0.226102519429E-008     0.270356598228E-009     0.165441435514E-006
     0.445969289968E+000    -0.280000000758E+003    -0.107370107643E-008    -0.145504384060E-010     0.165452173511E-006
     0.455969289968E+000    -0.280000000746E+003    -0.951565789890E-009     0.294071330822E-009     0.165462133207E-006
     0.465969289968E+000    -0.280000000901E+003    -0.170888751256E-008     0.386235215095E-007     0.165848746284E-006
     0.475969289968E+000    -0.280000000691E+003     0.109209015584E-007    -0.488865678630E-008     0.165968397884E-006
     0.485969289968E+000    -0.279999980898E+003     0.242103826458E-005    -0.666443670773E-006     0.191079298794E-006
     0.495969289968E+000    -0.279999997637E+003     0.352751924658E-006    -0.747024395133E-007     0.194685049407E-006
     0.505969289968E+000    -0.279999999843E+003     0.698896878108E-007    -0.116454184989E-007     0.195393581991E-006
     0.515969289968E+000    -0.280000000319E+003     0.181807590075E-007    -0.529614316488E-008     0.195582946489E-006
     0.525969289968E+000    -0.280000000523E+003     0.189282382625E-008    -0.187564461856E-008     0.195609593862E-006
     0.535969289968E+000    -0.280000000584E+003     0.471283999690E-009    -0.140581397013E-008     0.195624420937E-006
     0.545969289968E+000    -0.280000002256E+003    -0.199232233052E-006     0.536917132830E-007     0.197687823049E-006
     0.555969289968E+000    -0.280000000901E+003    -0.296626340843E-007     0.560012781653E-008     0.197989689459E-006
     0.565969289968E+000    -0.280000000732E+003    -0.655263298442E-008     0.166280664580E-008     0.198057292658E-006
     0.575969289968E+000    -0.279999976835E+003     0.289773883245E-005    -0.795141013098E-006     0.228105819363E-006
     0.585969289968E+000    -0.279999997417E+003     0.354745879482E-006    -0.585444000767E-007     0.231701262115E-006
     0.595969289968E+000    -0.280000024257E+003    -0.292433599053E-005     0.822448912572E-006     0.262079154075E-006
     0.605969289968E+000    -0.280000004090E+003    -0.419569465496E-006     0.887221221429E-007     0.266367628761E-006
     0.615969289968E+000    -0.280000003421E+003    -0.301261289940E-006     0.797798189377E-007     0.269484088039E-006
     0.625969289968E+000    -0.280000001585E+003    -0.751981462040E-007     0.154077053386E-007     0.270251692011E-006
     0.635969289968E+000    -0.279999998867E+003     0.274512281935E-006    -0.358637383914E-007     0.273020142853E-006
     0.645969289968E+000    -0.279999969921E+003     0.375601486078E-005    -0.106159235599E-005     0.312051701834E-006
     0.655969289968E+000    -0.279999979691E+003     0.246297408425E-005    -0.753668605574E-006     0.337808754668E-006
     0.665969289968E+000    -0.279999996433E+003     0.396015583219E-006    -0.893946393745E-007     0.341868554462E-006
     0.675969289968E+000    -0.279999999221E+003     0.366539288698E-007     0.188951047021E-009     0.342235098621E-006
     0.685969289968E+000    -0.280000007944E+003    -0.101929563947E-005     0.288687769812E-006     0.352828984731E-006
     0.695969289968E+000    -0.280000000857E+003    -0.136190621178E-006     0.348218366080E-007     0.354234703252E-006
     0.705969289968E+000    -0.279999999791E+003     0.113394481613E-007     0.844244854408E-008     0.354376074402E-006
     0.715969289968E+000    -0.279999999849E+003     0.428515914949E-008     0.295494803901E-008     0.354428126594E-006
     0.725969289968E+000    -0.279999999871E+003     0.378632035725E-008     0.125933762613E-008     0.354468029167E-006
     0.735969289968E+000    -0.279999999900E+003     0.331054504484E-008     0.657827816430E-009     0.354501781864E-006
     0.745969289968E+000    -0.279999999930E+003     0.278162257345E-008     0.239196440714E-009     0.354529700745E-006
     0.755969289968E+000    -0.280000002809E+003    -0.344303676555E-006     0.954847435596E-007     0.358102687702E-006
