 #        time                      h  [L]            Darcian flow [L.T^{-1}]   in    x         z              directions   cumulative flux
 #-----------------------------------------------------------------------------------------------

     0.100000000000E-005     0.400000000000E+001    -0.169622672183E-012    -0.138507422957E+004     0.138507422957E-002
     0.205999994278E-005     0.400000000000E+001    -0.164169964529E-012    -0.134054949267E+004     0.280605661509E-002
     0.318359982147E-005     0.400000000000E+001    -0.158500006156E-012    -0.129425076901E+004     0.426027662215E-002
     0.437461562859E-005     0.400000000000E+001    -0.152615080282E-012    -0.124619670250E+004     0.574451659360E-002
     0.563709231599E-005     0.400000000000E+001    -0.146520463218E-012    -0.119643037748E+004     0.725498205327E-002
     0.697531753239E-005     0.400000000000E+001    -0.140225293619E-012    -0.114502641673E+004     0.878728527759E-002
     0.839383618521E-005     0.400000000000E+001    -0.133743656283E-012    -0.109209983136E+004     0.103364492591E-001
     0.989746587602E-005     0.400000000000E+001    -0.127095906070E-012    -0.103781683142E+004     0.118969414605E-001
     0.114913132622E-004     0.400000000000E+001    -0.120310234947E-012    -0.982407621778E+003     0.134627492806E-001
     0.131807914004E-004     0.400000000000E+001    -0.113424436695E-012    -0.926180812081E+003     0.150275115147E-001
     0.149716381303E-004     0.400000000000E+001    -0.106487734580E-012    -0.869538340799E+003     0.165847214087E-001
     0.168699355614E-004     0.400000000000E+001    -0.995623906574E-013    -0.812988616201E+003     0.181280156104E-001
     0.188821307298E-004     0.400000000000E+001    -0.927246030795E-013    -0.757153843410E+003     0.196515569158E-001
     0.210150574931E-004     0.400000000000E+001    -0.860639406080E-013    -0.702765406875E+003     0.211505040605E-001
     0.232759597402E-004     0.400000000000E+001    -0.796803479935E-013    -0.650639417414E+003     0.226215361814E-001
     0.256725159928E-004     0.400000000000E+001    -0.736777711503E-013    -0.601624657833E+003     0.240633635168E-001
     0.282128654833E-004     0.400000000000E+001    -0.681539779015E-013    -0.556519462991E+003     0.254771174511E-001
     0.309056357980E-004     0.400000000000E+001    -0.631874107155E-013    -0.515964364252E+003     0.268664909746E-001
     0.337599721774E-004     0.400000000000E+001    -0.588237333503E-013    -0.480332234496E+003     0.282375207457E-001
     0.367855685763E-004     0.400000000000E+001    -0.550662512544E-013    -0.449650064760E+003     0.295979803624E-001
     0.399927005860E-004     0.400000000000E+001    -0.518742597901E-013    -0.423585476451E+003     0.309564749028E-001
     0.433922603327E-004     0.400000000000E+001    -0.491709043659E-013    -0.401510904206E+003     0.323214352106E-001
     0.469957934698E-004     0.400000000000E+001    -0.468583664399E-013    -0.382627599015E+003     0.337002464428E-001
     0.508155383889E-004     0.400000000000E+001    -0.448354479216E-013    -0.366109215758E+003     0.350986902595E-001
     0.548644677845E-004     0.400000000000E+001    -0.430125081752E-013    -0.351223783095E+003     0.365207705593E-001
     0.591563327122E-004     0.400000000000E+001    -0.413207453513E-013    -0.337409491293E+003     0.379688865213E-001
     0.637057092900E-004     0.400000000000E+001    -0.397153032238E-013    -0.324300061467E+003     0.394442496251E-001
     0.685280482021E-004     0.400000000000E+001    -0.381733470393E-013    -0.311709033706E+003     0.409474162276E-001
     0.736397271730E-004     0.400000000000E+001    -0.366888829457E-013    -0.299587464494E+003     0.424788111698E-001
     0.790581065897E-004     0.400000000000E+001    -0.352661040455E-013    -0.287969593111E+003     0.440391396858E-001
     0.848015884613E-004     0.400000000000E+001    -0.339128231171E-013    -0.276919215734E+003     0.456296201812E-001
     0.908896789166E-004     0.400000000000E+001    -0.326352299224E-013    -0.266486875604E+003     0.472520163851E-001
     0.973430544509E-004     0.400000000000E+001    -0.314347614160E-013    -0.256684306348E+003     0.489084966077E-001
     0.104183632148E-003     0.400000000000E+001    -0.303072955363E-013    -0.247477848776E+003     0.506013880605E-001
     0.111434644115E-003     0.400000000000E+001    -0.292442929195E-013    -0.238797773692E+003     0.523329135753E-001
     0.119120716386E-003     0.400000000000E+001    -0.282350981183E-013    -0.230557072766E+003     0.541049918991E-001
     0.127267952553E-003     0.400000000000E+001    -0.272694901665E-013    -0.222672285474E+003     0.559191555967E-001
     0.135904022424E-003     0.400000000000E+001    -0.263397221300E-013    -0.215080153301E+003     0.577766028285E-001
     0.145058255993E-003     0.400000000000E+001    -0.254415915964E-013    -0.207746360943E+003     0.596783615396E-001
     0.154761743052E-003     0.400000000000E+001    -0.245744123919E-013    -0.200665305368E+003     0.616255147335E-001
     0.165047438780E-003     0.400000000000E+001    -0.237400384439E-013    -0.193852125040E+003     0.636194187078E-001
     0.175950275662E-003     0.400000000000E+001    -0.229412979942E-013    -0.187329914308E+003     0.656618462068E-001
     0.187507282134E-003     0.400000000000E+001    -0.221803147663E-013    -0.181116014689E+003     0.677550051607E-001
     0.199757708333E-003     0.400000000000E+001    -0.214571962738E-013    -0.175211304098E+003     0.699014183107E-001
     0.212743159403E-003     0.400000000000E+001    -0.207694415755E-013    -0.169595360800E+003     0.721036905701E-001
     0.226507736794E-003     0.400000000000E+001    -0.201121894923E-013    -0.164228490258E+003     0.743642263340E-001
     0.241098188040E-003     0.400000000000E+001    -0.194791726560E-013    -0.159059515524E+003     0.766849764406E-001
     0.256564065527E-003     0.400000000000E+001    -0.188640537684E-013    -0.154036688631E+003     0.790672889954E-001
     0.272957894778E-003     0.400000000000E+001    -0.182617504827E-013    -0.149118509071E+003     0.815119123713E-001
     0.290335352846E-003     0.400000000000E+001    -0.176694006183E-013    -0.144281605363E+003     0.840191599184E-001
     0.308755457403E-003     0.400000000000E+001    -0.170867425972E-013    -0.139523841561E+003     0.865892036682E-001
     0.328280767180E-003     0.400000000000E+001    -0.165158469604E-013    -0.134862124915E+003     0.892224284344E-001
     0.348977594427E-003     0.400000000000E+001    -0.159603015305E-013    -0.130325752222E+003     0.919197580139E-001
     0.370916230124E-003     0.400000000000E+001    -0.154240932314E-013    -0.125947279184E+003     0.946828694890E-001
     0.394171182707E-003     0.400000000000E+001    -0.149105079287E-013    -0.121753536931E+003     0.975142422171E-001
     0.418821431115E-003     0.400000000000E+001    -0.144214072649E-013    -0.117759726927E+003     0.100417048738E+000
     0.444950693017E-003     0.400000000000E+001    -0.139573621762E-013    -0.113970511219E+003     0.103395014075E+000
     0.472647709137E-003     0.400000000000E+001    -0.135159474750E-013    -0.110366086650E+003     0.106451825356E+000
     0.502006544641E-003     0.400000000000E+001    -0.130944561210E-013    -0.106924348556E+003     0.109590999717E+000
     0.533126908594E-003     0.400000000000E+001    -0.126900009277E-013    -0.103621721271E+003     0.112815745396E+000
     0.566114492604E-003     0.400000000000E+001    -0.123000869474E-013    -0.100437832001E+003     0.116128946817E+000
     0.601081329767E-003     0.400000000000E+001    -0.119229733254E-013    -0.973584655898E+002     0.119533264430E+000
     0.638146175159E-003     0.400000000000E+001    -0.115577302230E-013    -0.943760293255E+002     0.123031297365E+000
     0.677434909153E-003     0.400000000000E+001    -0.112040469965E-013    -0.914879866124E+002     0.126625744535E+000
     0.719080964939E-003     0.400000000000E+001    -0.108619220888E-013    -0.886943247337E+002     0.130319513331E+000
     0.763225781689E-003     0.400000000000E+001    -0.105313742030E-013    -0.859951964134E+002     0.134115755518E+000
     0.810019284919E-003     0.400000000000E+001    -0.102122674496E-013    -0.833894920289E+002     0.138017841982E+000
     0.859620395664E-003     0.400000000000E+001    -0.990427075295E-014    -0.808745081426E+002     0.142029307417E+000
     0.912197570216E-003     0.400000000000E+001    -0.960691176018E-014    -0.784463877003E+002     0.146153796836E+000
     0.967929372233E-003     0.400000000000E+001    -0.931966243526E-014    -0.761008189606E+002     0.150395032612E+000
     0.102700507918E-002     0.400000000000E+001    -0.904200729438E-014    -0.738335926789E+002     0.154756804296E+000
     0.108962532517E-002     0.400000000000E+001    -0.877347613809E-014    -0.716408693853E+002     0.159242973160E+000
     0.115600278233E-002     0.400000000000E+001    -0.851364848465E-014    -0.695192155859E+002     0.163857481914E+000
     0.122636288312E-002     0.400000000000E+001    -0.826214558326E-014    -0.674655385456E+002     0.168604364006E+000
     0.130094458593E-002     0.400000000000E+001    -0.801862128286E-014    -0.654770117265E+002     0.173487751036E+000
     0.138000118665E-002     0.400000000000E+001    -0.778275528098E-014    -0.635510196605E+002     0.178511878622E+000
     0.146380117888E-002     0.400000000000E+001    -0.755424896090E-014    -0.616851239571E+002     0.183681091531E+000
     0.155262916586E-002     0.400000000000E+001    -0.733283122686E-014    -0.598771109512E+002     0.188999854762E+000
     0.164678682697E-002     0.400000000000E+001    -0.711839065674E-014    -0.581260708124E+002     0.194472869640E+000
     0.174659394236E-002     0.400000000000E+001    -0.691048367214E-014    -0.564283814480E+002     0.200104823618E+000
     0.185238947896E-002     0.400000000000E+001    -0.670883117512E-014    -0.547817638505E+002     0.205900489720E+000
     0.196453274170E-002     0.400000000000E+001    -0.651320652147E-014    -0.531843673295E+002     0.211864758200E+000
     0.208340459379E-002     0.400000000000E+001    -0.632340391807E-014    -0.516345114564E+002     0.218002648208E+000
     0.220940875020E-002     0.400000000000E+001    -0.613923504091E-014    -0.501306584493E+002     0.224319319537E+000
     0.234297314879E-002     0.400000000000E+001    -0.596052669992E-014    -0.486713941038E+002     0.230820085019E+000
     0.248455140365E-002     0.400000000000E+001    -0.578711777492E-014    -0.472554027737E+002     0.237510422476E+000
     0.263462434571E-002     0.400000000000E+001    -0.561885572689E-014    -0.458814388835E+002     0.244395984995E+000
     0.279370165569E-002     0.400000000000E+001    -0.545559331430E-014    -0.445483001148E+002     0.251482608742E+000
     0.296232359518E-002     0.400000000000E+001    -0.529718600553E-014    -0.432548062774E+002     0.258776318068E+000
     0.314106284138E-002     0.400000000000E+001    -0.514349077168E-014    -0.419997894516E+002     0.266283328776E+000
     0.333052643213E-002     0.400000000000E+001    -0.499436619800E-014    -0.407820948985E+002     0.274010050913E+000
     0.353135782749E-002     0.400000000000E+001    -0.485036189105E-014    -0.396062104962E+002     0.281964221432E+000
     0.374423909507E-002     0.400000000000E+001    -0.470926816277E-014    -0.384540927723E+002     0.290150377445E+000
     0.396989322653E-002     0.400000000000E+001    -0.457302895542E-014    -0.373416152200E+002     0.298576667195E+000
     0.420908659296E-002     0.400000000000E+001    -0.444083603129E-014    -0.362621780777E+002     0.307250339643E+000
     0.446263154769E-002     0.400000000000E+001    -0.431254272364E-014    -0.352145837203E+002     0.316178819679E+000
     0.473138918520E-002     0.400000000000E+001    -0.418806585718E-014    -0.341981529703E+002     0.325369834478E+000
     0.501627226558E-002     0.400000000000E+001    -0.406725030278E-014    -0.332116191020E+002     0.334831262832E+000
     0.531824831448E-002     0.400000000000E+001    -0.394998746006E-014    -0.322540953262E+002     0.344571227100E+000
     0.563834290904E-002     0.400000000000E+001    -0.383616055409E-014    -0.313246281031E+002     0.354598071232E+000
     0.597764316095E-002     0.400000000000E+001    -0.372565547766E-014    -0.304222856766E+002     0.364920360426E+000
     0.633730140856E-002     0.400000000000E+001    -0.361842346851E-014    -0.295466698727E+002     0.375547063935E+000
     0.671853913045E-002     0.400000000000E+001    -0.351414558787E-014    -0.286951763588E+002     0.386486747599E+000
     0.712265109384E-002     0.400000000000E+001    -0.341270664396E-014    -0.278668645224E+002     0.397748080935E+000
     0.755100975191E-002     0.400000000000E+001    -0.331375555469E-014    -0.270588675608E+002     0.409338981132E+000
     0.800506990496E-002     0.400000000000E+001    -0.321691290866E-014    -0.262680873448E+002     0.421266272892E+000
     0.848637364120E-002     0.400000000000E+001    -0.312163098845E-014    -0.254900514223E+002     0.433534729879E+000
     0.899655557408E-002     0.400000000000E+001    -0.302710127318E-014    -0.247181577193E+002     0.446145487361E+000
     0.953734839373E-002     0.400000000000E+001    -0.293241459060E-014    -0.239449822809E+002     0.459094761846E+000
     0.101105887516E-001     0.400000000000E+001    -0.283596180431E-014    -0.231573855114E+002     0.472369509804E+000
     0.107182234982E-001     0.400000000000E+001    -0.273589415557E-014    -0.223402711498E+002     0.485944234802E+000
     0.113623162948E-001     0.400000000000E+001    -0.262937536155E-014    -0.214704791894E+002     0.499773215788E+000
     0.120450546223E-001     0.400000000000E+001    -0.251434716512E-014    -0.205312026853E+002     0.513790654771E+000
     0.127687572104E-001     0.400000000000E+001    -0.238675434961E-014    -0.194893282804E+002     0.527895132088E+000
     0.135358819124E-001     0.400000000000E+001    -0.224304074235E-014    -0.183158176212E+002     0.541945648223E+000
     0.143490340526E-001     0.400000000000E+001    -0.208010319448E-014    -0.169853315742E+002     0.555757306944E+000
     0.152109752747E-001     0.400000000000E+001    -0.189420199858E-014    -0.154673331110E+002     0.569089238949E+000
     0.161246329208E-001     0.400000000000E+001    -0.168118340844E-014    -0.137279043199E+002     0.581631843696E+000
     0.170931099734E-001     0.400000000000E+001    -0.144349002824E-014    -0.117869905776E+002     0.593047273589E+000
     0.181196955938E-001     0.400000000000E+001    -0.118546372787E-014    -0.968004594221E+001     0.602984669558E+000
     0.192078762926E-001     0.400000000000E+001    -0.921238551959E-015    -0.752248364671E+001     0.611170491069E+000
     0.203613477710E-001     0.400000000000E+001    -0.677099766150E-015    -0.552893917350E+001     0.617547964712E+000
     0.215840274722E-001     0.400000000000E+001    -0.485303396229E-015    -0.396280296137E+001     0.622393203452E+000
     0.228800678855E-001     0.400000000000E+001    -0.363817437506E-015    -0.297079482639E+001     0.626243473607E+000
     0.242538706494E-001     0.400000000000E+001    -0.303329321490E-015    -0.247687187605E+001     0.629646207036E+000
     0.257101015006E-001     0.400000000000E+001    -0.283285284464E-015    -0.231319989291E+001     0.633014760085E+000
     0.272537061195E-001     0.400000000000E+001    -0.282328737772E-015    -0.230538909642E+001     0.636573369343E+000
     0.288899269272E-001     0.400000000000E+001    -0.293508950725E-015    -0.239668246330E+001     0.640494871059E+000
     0.306243208897E-001     0.400000000000E+001    -0.308617419028E-015    -0.252005246935E+001     0.644865634847E+000
     0.324627783907E-001     0.400000000000E+001    -0.325753025993E-015    -0.265997531876E+001     0.649755886424E+000
     0.344115432366E-001     0.400000000000E+001    -0.341149313291E-015    -0.278569554527E+001     0.655184551974E+000
     0.364772338618E-001     0.400000000000E+001    -0.353638465072E-015    -0.288767720880E+001     0.661149599713E+000
     0.386668658063E-001     0.400000000000E+001    -0.363543893524E-015    -0.296856117027E+001     0.667649656080E+000
     0.409878755421E-001     0.400000000000E+001    -0.371816606067E-015    -0.303611299459E+001     0.674696503900E+000
     0.434481457293E-001     0.400000000000E+001    -0.379061022250E-015    -0.309526814192E+001     0.682311699831E+000
     0.460560319869E-001     0.400000000000E+001    -0.385459987360E-015    -0.314751965733E+001     0.690520073091E+000
     0.488203912708E-001     0.400000000000E+001    -0.390988420138E-015    -0.319266273680E+001     0.699345739968E+000
     0.517506119535E-001     0.400000000000E+001    -0.393976917406E-015    -0.321706566890E+001     0.708772452328E+000
     0.548566457095E-001     0.400000000000E+001    -0.393944483693E-015    -0.321680082753E+001     0.718763944285E+000
     0.581490413132E-001     0.400000000000E+001    -0.391860318956E-015    -0.319978233095E+001     0.729298893564E+000
     0.616389804647E-001     0.400000000000E+001    -0.385611840308E-015    -0.314875963074E+001     0.740287873078E+000
     0.653383157655E-001     0.400000000000E+001    -0.375825907021E-015    -0.306885142135E+001     0.751640583474E+000
     0.692596109728E-001     0.400000000000E+001    -0.361604989840E-015    -0.295272882019E+001     0.763219104845E+000
     0.734161836681E-001     0.400000000000E+001    -0.344812905274E-015    -0.281561104405E+001     0.774922396831E+000
     0.778221504872E-001     0.400000000000E+001    -0.326919262084E-015    -0.266949835913E+001     0.786684118025E+000
     0.824924750635E-001     0.400000000000E+001    -0.309898661457E-015    -0.253051460775E+001     0.798502442588E+000
     0.874430188470E-001     0.400000000000E+001    -0.297442902638E-015    -0.242880561844E+001     0.810526351144E+000
     0.926905949743E-001     0.400000000000E+001    -0.291406332416E-015    -0.237951328186E+001     0.823013028237E+000
     0.982530253690E-001     0.400000000000E+001    -0.291503243353E-015    -0.238030461971E+001     0.836253307002E+000
     0.104149201269E+000     0.400000000000E+001    -0.295287938227E-015    -0.241120899865E+001     0.850470219390E+000
     0.110399147386E+000     0.400000000000E+001    -0.300553455172E-015    -0.245420520743E+001     0.865808869695E+000
     0.117024089912E+000     0.400000000000E+001    -0.305804349305E-015    -0.249708201188E+001     0.882351894507E+000
     0.124046528610E+000     0.400000000000E+001    -0.309413089025E-015    -0.252654960794E+001     0.900094434247E+000
     0.131490313229E+000     0.400000000000E+001    -0.309911775924E-015    -0.253062169549E+001     0.918931837100E+000
     0.139380724499E+000     0.400000000000E+001    -0.307005331525E-015    -0.250688877592E+001     0.938712220550E+000
     0.147744559993E+000     0.400000000000E+001    -0.301276363887E-015    -0.246010820505E+001     0.959288160875E+000
     0.156610225139E+000     0.400000000000E+001    -0.293086998286E-015    -0.239323696016E+001     0.980505798378E+000
     0.166007829686E+000     0.400000000000E+001    -0.282491662240E-015    -0.230671947566E+001     0.100218343581E+001
     0.175969289968E+000     0.400000000000E+001    -0.270411961462E-015    -0.220808123330E+001     0.102417914932E+001
     0.185969289968E+000     0.400000000000E+001    -0.260790848160E-015    -0.212951888121E+001     0.104547433813E+001
     0.195969289968E+000     0.400000000000E+001    -0.256613672764E-015    -0.209540965560E+001     0.106642843468E+001
     0.205969289968E+000     0.400000000000E+001    -0.258195479905E-015    -0.210832609112E+001     0.108751169560E+001
     0.215969289968E+000     0.400000000000E+001    -0.261965600236E-015    -0.213911145988E+001     0.110890281019E+001
     0.225969289968E+000     0.400000000000E+001    -0.264275769940E-015    -0.215797542707E+001     0.113048256447E+001
     0.235969289968E+000     0.400000000000E+001    -0.264072130017E-015    -0.215631258090E+001     0.115204569027E+001
     0.245969289968E+000     0.400000000000E+001    -0.261599496798E-015    -0.213612199844E+001     0.117340691026E+001
     0.255969289968E+000     0.400000000000E+001    -0.257918260373E-015    -0.210606242186E+001     0.119446753448E+001
     0.265969289968E+000     0.400000000000E+001    -0.254314335787E-015    -0.207663414434E+001     0.121523387592E+001
     0.275969289968E+000     0.400000000000E+001    -0.251894249694E-015    -0.205687264172E+001     0.123580260234E+001
     0.285969289968E+000     0.400000000000E+001    -0.251128529094E-015    -0.205062005853E+001     0.125630880292E+001
     0.295969289968E+000     0.400000000000E+001    -0.252046953956E-015    -0.205811956665E+001     0.127688999859E+001
     0.305969289968E+000     0.400000000000E+001    -0.252995412870E-015    -0.206586432142E+001     0.129754864180E+001
     0.315969289968E+000     0.400000000000E+001    -0.253875126885E-015    -0.207304773149E+001     0.131827911912E+001
     0.325969289968E+000     0.400000000000E+001    -0.253786877418E-015    -0.207232711991E+001     0.133900239032E+001
     0.335969289968E+000     0.400000000000E+001    -0.252269997363E-015    -0.205994085428E+001     0.135960179886E+001
     0.345969289968E+000     0.400000000000E+001    -0.249676141253E-015    -0.203876041179E+001     0.137998940298E+001
     0.355969289968E+000     0.400000000000E+001    -0.246411844285E-015    -0.201210540424E+001     0.140011045702E+001
     0.365969289968E+000     0.400000000000E+001    -0.243756276805E-015    -0.199042105018E+001     0.142001466752E+001
     0.375969289968E+000     0.400000000000E+001    -0.242020840269E-015    -0.197625013545E+001     0.143977716888E+001
     0.385969289968E+000     0.400000000000E+001    -0.241631918602E-015    -0.197307434903E+001     0.145950791237E+001
     0.395969289968E+000     0.400000000000E+001    -0.242282324792E-015    -0.197838531862E+001     0.147929176555E+001
     0.405969289968E+000     0.400000000000E+001    -0.242653755598E-015    -0.198141828131E+001     0.149910594837E+001
     0.415969289968E+000     0.400000000000E+001    -0.242695754045E-015    -0.198176122466E+001     0.151892356061E+001
     0.425969289968E+000     0.400000000000E+001    -0.241701947902E-015    -0.197364618166E+001     0.153866002243E+001
     0.435969289968E+000     0.400000000000E+001    -0.240487374299E-015    -0.196372843555E+001     0.155829730679E+001
     0.445969289968E+000     0.400000000000E+001    -0.238880814502E-015    -0.195060987926E+001     0.157780340558E+001
     0.455969289968E+000     0.400000000000E+001    -0.236957666784E-015    -0.193490618641E+001     0.159715246744E+001
     0.465969289968E+000     0.400000000000E+001    -0.234856446357E-015    -0.191774841955E+001     0.161632995164E+001
     0.475969289968E+000     0.400000000000E+001    -0.232792764389E-015    -0.190089717747E+001     0.163533892341E+001
     0.485969289968E+000     0.400000000000E+001    -0.231084052540E-015    -0.188694448637E+001     0.165420836828E+001
     0.495969289968E+000     0.400000000000E+001    -0.230076331623E-015    -0.187871582062E+001     0.167299552648E+001
     0.505969289968E+000     0.400000000000E+001    -0.230343899812E-015    -0.188090068069E+001     0.169180453329E+001
     0.515969289968E+000     0.400000000000E+001    -0.230760417035E-015    -0.188430180192E+001     0.171064755131E+001
     0.525969289968E+000     0.400000000000E+001    -0.231506232559E-015    -0.189039184784E+001     0.172955146979E+001
     0.535969289968E+000     0.400000000000E+001    -0.232370528440E-015    -0.189744935929E+001     0.174852596338E+001
     0.545969289968E+000     0.400000000000E+001    -0.233136112407E-015    -0.190370082679E+001     0.176756297165E+001
     0.555969289968E+000     0.400000000000E+001    -0.233625458859E-015    -0.190769664382E+001     0.178663993809E+001
     0.565969289968E+000     0.400000000000E+001    -0.233306912232E-015    -0.190509551321E+001     0.180569089322E+001
     0.575969289968E+000     0.400000000000E+001    -0.232694428119E-015    -0.190009420088E+001     0.182469183523E+001
     0.585969289968E+000     0.400000000000E+001    -0.231061029257E-015    -0.188675648700E+001     0.184355940010E+001
     0.595969289968E+000     0.400000000000E+001    -0.229276916298E-015    -0.187218809912E+001     0.186228128109E+001
     0.605969289968E+000     0.400000000000E+001    -0.227313400553E-015    -0.185615477631E+001     0.188084282885E+001
     0.615969289968E+000     0.400000000000E+001    -0.225491989771E-015    -0.184128182859E+001     0.189925564714E+001
     0.625969289968E+000     0.400000000000E+001    -0.223773970241E-015    -0.182725313451E+001     0.191752817848E+001
     0.635969289968E+000     0.400000000000E+001    -0.222428309879E-015    -0.181626498378E+001     0.193569082832E+001
     0.645969289968E+000     0.400000000000E+001    -0.221585779714E-015    -0.180938520289E+001     0.195378468035E+001
     0.655969289968E+000     0.400000000000E+001    -0.221551371673E-015    -0.180910423991E+001     0.197187572275E+001
     0.665969289968E+000     0.400000000000E+001    -0.221580129801E-015    -0.180933906785E+001     0.198996911343E+001
     0.675969289968E+000     0.400000000000E+001    -0.222146026565E-015    -0.181395996560E+001     0.200810871308E+001
     0.685969289968E+000     0.400000000000E+001    -0.223205964632E-015    -0.182261501674E+001     0.202633486325E+001
     0.695969289968E+000     0.400000000000E+001    -0.224025171974E-015    -0.182930435233E+001     0.204462790677E+001
     0.705969289968E+000     0.400000000000E+001    -0.224711245739E-015    -0.183490656976E+001     0.206297697247E+001
     0.715969289968E+000     0.400000000000E+001    -0.225309531876E-015    -0.183979194681E+001     0.208137489194E+001
     0.725969289968E+000     0.400000000000E+001    -0.225448530018E-015    -0.184092695278E+001     0.209978416147E+001
     0.735969289968E+000     0.400000000000E+001    -0.225417742759E-015    -0.184067555573E+001     0.211819091702E+001
     0.745969289968E+000     0.400000000000E+001    -0.225374864936E-015    -0.184032543173E+001     0.213659417134E+001
     0.755969289968E+000     0.400000000000E+001    -0.225082258366E-015    -0.183793611777E+001     0.215497353252E+001
