 #        time                      h  [L]            Darcian flow [L.T^{-1}]   in    x         z              directions   cumulative flux
 #-----------------------------------------------------------------------------------------------

     0.100000000000E-005    -0.280000000000E+003    -0.505778066013E-014     0.324726929327E-014     0.601048276505E-020
     0.205999994278E-005    -0.280000000000E+003     0.786146445611E-030     0.641937288497E-014     0.128150176558E-019
     0.318359982147E-005    -0.280000000000E+003    -0.505778066013E-014     0.160860150632E-013     0.317616246441E-019
     0.437461562859E-005    -0.280000000000E+003     0.505778066013E-014     0.959147647667E-014     0.446761889348E-019
     0.563709231599E-005    -0.280000000000E+003     0.101155613203E-013     0.634420718340E-014     0.597506863730E-019
     0.697531753239E-005    -0.280000000000E+003     0.786146445611E-030     0.641937288497E-014     0.683412530412E-019
     0.839383618521E-005    -0.280000000000E+003     0.786146445611E-030     0.641937288497E-014     0.774472532179E-019
     0.989746587602E-005    -0.280000000000E+003     0.235843933683E-029     0.192581186549E-013     0.106404332217E-018
     0.114913132622E-004    -0.280000000000E+003     0.505778066013E-014     0.959147647667E-014     0.123686927809E-018
     0.131807914004E-004    -0.280000000000E+003     0.101155613203E-013    -0.751657015730E-016     0.140777419324E-018
     0.149716381303E-004    -0.280000000000E+003     0.101155613203E-013     0.634420718340E-014     0.162160875122E-018
     0.168699355614E-004    -0.280000000000E+003     0.101155613203E-013     0.127635800684E-013     0.193076533156E-018
     0.188821307298E-004    -0.280000000000E+003     0.505778066013E-014     0.224302222466E-013     0.239343722799E-018
     0.210150574931E-004    -0.280000000000E+003     0.505778066013E-014     0.959147647667E-014     0.262471728026E-018
     0.232759597402E-004    -0.280000000000E+003     0.505778066013E-014     0.160108493616E-013     0.300433915670E-018
     0.256725159928E-004    -0.280000000000E+003     0.151733419804E-013     0.951631077510E-014     0.343357735314E-018
     0.282128654833E-004    -0.280000000000E+003     0.151733419804E-013    -0.332243499485E-014     0.382816558089E-018
     0.309056357980E-004    -0.280000000000E+003     0.101155613203E-013    -0.649453858654E-014     0.415186257222E-018
     0.337599721774E-004    -0.280000000000E+003     0.101155613203E-013     0.634420718340E-014     0.449268222354E-018
     0.367855685763E-004    -0.280000000000E+003     0.786146445611E-030     0.641937288497E-014     0.468690653838E-018
     0.399927005860E-004    -0.280000000000E+003     0.235843933683E-029     0.192581186549E-013     0.530453982622E-018
     0.433922603327E-004    -0.280000000000E+003     0.786146445611E-030     0.641937288497E-014     0.552277024281E-018
     0.469957934698E-004    -0.280000000000E+003     0.505778066013E-014     0.317210359170E-014     0.573790867501E-018
     0.508155383889E-004    -0.280000000000E+003     0.101155613203E-013    -0.751657015730E-016     0.612430798171E-018
     0.548644677845E-004    -0.280000000000E+003     0.101155613203E-013    -0.649453858654E-014     0.661102838870E-018
     0.591563327122E-004    -0.280000000000E+003     0.101155613203E-013    -0.751657015730E-016     0.704518660284E-018
     0.637057092900E-004    -0.280000000000E+003     0.101155613203E-013     0.634420718340E-014     0.758840111327E-018
     0.685280482021E-004    -0.280000000000E+003     0.151733419804E-013     0.951631077510E-014     0.845211213822E-018
     0.736397271730E-004    -0.280000000000E+003     0.151733419804E-013     0.159356836601E-013     0.957688633275E-018
     0.790581065897E-004    -0.280000000000E+003     0.151733419804E-013     0.159356836601E-013     0.107691469146E-017
     0.848015884613E-004    -0.280000000000E+003     0.151733419804E-013     0.223550565450E-013     0.123209277937E-017
     0.908896789166E-004    -0.280000000000E+003     0.151733419804E-013     0.223550565450E-013     0.139658154369E-017
     0.973430544509E-004    -0.280000000000E+003     0.252889033006E-013     0.286992637284E-013     0.164343276340E-017
     0.104183632148E-003    -0.280000000000E+003     0.202311226405E-013     0.191077872518E-013     0.183379337637E-017
     0.111434644115E-003    -0.280000000000E+003     0.151733419804E-013     0.951631077510E-014     0.196366353051E-017
     0.119120716386E-003    -0.280000000000E+003     0.151733419804E-013     0.159356836601E-013     0.213278791794E-017
     0.127267952553E-003    -0.280000000000E+003     0.202311226405E-013     0.126884143668E-013     0.232735070386E-017
     0.135904022424E-003    -0.280000000000E+003     0.101155613203E-013     0.127635800684E-013     0.246799767441E-017
     0.145058255993E-003    -0.280000000000E+003     0.101155613203E-013     0.634420718340E-014     0.257730303573E-017
     0.154761743052E-003    -0.280000000000E+003     0.101155613203E-013    -0.751657015730E-016     0.267546196393E-017
     0.165047438780E-003    -0.280000000000E+003     0.151733419804E-013    -0.974180787982E-014     0.286092795462E-017
     0.175950275662E-003    -0.280000000000E+003     0.151733419804E-013    -0.161611807648E-013     0.310262052941E-017
     0.187507282134E-003    -0.280000000000E+003     0.202311226405E-013    -0.258278229430E-013     0.348178454095E-017
     0.199757708333E-003    -0.280000000000E+003     0.252889033006E-013    -0.226557193513E-013     0.389772399059E-017
     0.212743159403E-003    -0.280000000000E+003     0.252889033006E-013    -0.162363464664E-013     0.428796813985E-017
     0.226507736794E-003    -0.280000000000E+003     0.202311226405E-013    -0.194084500581E-013     0.467386421202E-017
     0.241098188040E-003    -0.280000000000E+003     0.151733419804E-013    -0.974180787982E-014     0.493695117928E-017
     0.256564065527E-003    -0.280000000000E+003     0.101155613203E-013    -0.193332843565E-013     0.527441239623E-017
     0.272957894778E-003    -0.280000000000E+003    -0.157229289122E-029    -0.128387457699E-013     0.548488860218E-017
     0.290335352846E-003    -0.280000000000E+003    -0.505778066013E-014    -0.160108493616E-013     0.577666871996E-017
     0.308755457403E-003    -0.280000000000E+003    -0.505778066013E-014    -0.959147647667E-014     0.597640378908E-017
     0.328280767180E-003    -0.280000000000E+003     0.505778066013E-014    -0.160860150632E-013     0.630564765755E-017
     0.348977594427E-003    -0.280000000000E+003     0.101155613203E-013    -0.193332843565E-013     0.675724676762E-017
     0.370916230124E-003    -0.280000000000E+003     0.101155613203E-013    -0.129139114715E-013     0.711712980216E-017
     0.394171182707E-003    -0.280000000000E+003    -0.786146445611E-030    -0.641937288497E-014     0.726641201422E-017
     0.418821431115E-003    -0.280000000000E+003    -0.101155613203E-013    -0.634420718340E-014     0.756074624643E-017
     0.444950693017E-003    -0.280000000000E+003    -0.505778066013E-014    -0.959147647667E-014     0.784407416759E-017
     0.472647709137E-003    -0.280000000000E+003    -0.151733419804E-013    -0.159356836601E-013     0.845351950200E-017
     0.502006544641E-003    -0.280000000000E+003    -0.314458578245E-029    -0.256774915399E-013     0.920738075225E-017
     0.533126908594E-003    -0.280000000000E+003    -0.101155613203E-013    -0.127635800684E-013     0.971420677123E-017
     0.566114492604E-003    -0.280000000000E+003    -0.505778066013E-014    -0.288495951316E-013     0.106803996958E-016
     0.601081329767E-003    -0.280000000000E+003    -0.101155613203E-013    -0.384410716083E-013     0.120703218262E-016
     0.638146175159E-003    -0.280000000000E+003    -0.505778066013E-014    -0.352689680166E-013     0.133909341274E-016
     0.677434909153E-003    -0.280000000000E+003     0.505778066013E-014    -0.353441337181E-013     0.147937064132E-016
     0.719080964939E-003    -0.280000000000E+003    -0.505778066013E-014    -0.352689680166E-013     0.162775462347E-016
     0.763225781689E-003    -0.280000000000E+003    -0.505778066013E-014    -0.352689680166E-013     0.178504163606E-016
     0.810019284919E-003    -0.280000000000E+003    -0.505778066013E-014    -0.288495951316E-013     0.192209790463E-016
     0.859620395664E-003    -0.280000000000E+003    -0.505778066013E-014    -0.160108493616E-013     0.200538176513E-016
     0.912197570216E-003    -0.280000000000E+003    -0.314458578245E-029    -0.256774915399E-013     0.214038676060E-016
     0.967929372233E-003    -0.280000000000E+003    -0.505778066013E-014    -0.224302222466E-013     0.226853307034E-016
     0.102700507918E-002    -0.280000000000E+003    -0.505778066013E-014    -0.224302222466E-013     0.240436815133E-016
     0.108962532517E-002    -0.280000000000E+003    -0.505778066013E-014    -0.224302222466E-013     0.254835332941E-016
     0.115600278233E-002    -0.280000000000E+003    -0.505778066013E-014    -0.224302222466E-013     0.270097760994E-016
     0.122636288312E-002    -0.280000000000E+003    -0.505778066013E-014    -0.352689680166E-013     0.295166910384E-016
     0.130094458593E-002    -0.280000000000E+003    -0.505778066013E-014    -0.288495951316E-013     0.317011587926E-016
     0.138000118665E-002    -0.280000000000E+003    -0.505778066013E-014    -0.959147647667E-014     0.325583947306E-016
     0.146380117888E-002    -0.280000000000E+003    -0.505778066013E-014    -0.317210359170E-014     0.330586981345E-016
     0.155262916586E-002    -0.280000000000E+003    -0.151733419804E-013     0.974180787982E-014     0.346603953888E-016
     0.164678682697E-002    -0.280000000000E+003     0.786146445611E-030     0.641937288497E-014     0.352648285254E-016
     0.174659394236E-002    -0.280000000000E+003    -0.101155613203E-013     0.129139114715E-013     0.369020719735E-016
     0.185238947896E-002    -0.280000000000E+003    -0.101155613203E-013     0.649453858654E-014     0.381738364722E-016
     0.196453274170E-002    -0.280000000000E+003     0.000000000000E+000     0.000000000000E+000     0.381738364722E-016
     0.208340459379E-002    -0.280000000000E+003    -0.505778066013E-014     0.324726929327E-014     0.388883136905E-016
     0.220940875020E-002    -0.280000000000E+003    -0.505778066013E-014     0.324726929327E-014     0.396456595009E-016
     0.234297314879E-002    -0.280000000000E+003     0.505778066013E-014    -0.324726929327E-014     0.404484460167E-016
     0.248455140365E-002    -0.280000000000E+003     0.505778066013E-014    -0.966664217824E-014     0.419930454169E-016
     0.263462434571E-002    -0.280000000000E+003    -0.314458578245E-029    -0.256774915399E-013     0.458465421168E-016
     0.279370165569E-002    -0.280000000000E+003     0.505778066013E-014    -0.966664217824E-014     0.475820538154E-016
     0.296232359518E-002    -0.280000000000E+003     0.505778066013E-014    -0.966664217824E-014     0.494216961168E-016
     0.314106284138E-002    -0.280000000000E+003     0.505778066013E-014    -0.324726929327E-014     0.504960052755E-016
     0.333052643213E-002    -0.280000000000E+003    -0.786146445611E-030    -0.641937288497E-014     0.517122427127E-016
     0.353135782749E-002    -0.280000000000E+003    -0.101155613203E-013     0.649453858654E-014     0.541264299936E-016
     0.374423909507E-002    -0.280000000000E+003    -0.101155613203E-013     0.257526572415E-013     0.600164508788E-016
     0.396989322653E-002    -0.280000000000E+003    -0.252889033006E-013     0.290750922363E-013     0.687118670947E-016
     0.420908659296E-002    -0.280000000000E+003    -0.202311226405E-013     0.194084500581E-013     0.754177599075E-016
     0.446263154769E-002    -0.280000000000E+003    -0.151733419804E-013     0.225805536498E-013     0.823154489330E-016
     0.473138918520E-002    -0.280000000000E+003    -0.101155613203E-013     0.257526572415E-013     0.897514629889E-016
     0.501627226558E-002    -0.280000000000E+003     0.314458578245E-029     0.256774915399E-013     0.970665458752E-016
     0.531824831448E-002    -0.280000000000E+003    -0.505778066013E-014     0.225053879482E-013     0.104032143237E-015
     0.563834290904E-002    -0.280000000000E+003     0.157229289122E-029     0.128387457699E-013     0.108141756359E-015
     0.597764316095E-002    -0.280000000000E+003     0.505778066013E-014     0.317210359170E-014     0.110167449518E-015
     0.633730140856E-002    -0.280000000000E+003     0.202311226405E-013     0.126884143668E-013     0.118756388049E-015
     0.671853913045E-002    -0.280000000000E+003     0.202311226405E-013    -0.150331403146E-015     0.126469468087E-015
     0.712265109384E-002    -0.280000000000E+003     0.151733419804E-013    -0.332243499485E-014     0.132746471469E-015
     0.755100975191E-002    -0.280000000000E+003    -0.505778066013E-014    -0.288495951316E-013     0.145292922414E-015
     0.800506990496E-002    -0.280000000000E+003    -0.314458578245E-029    -0.256774915399E-013     0.156952048153E-015
     0.848637364120E-002    -0.280000000000E+003    -0.235843933683E-029    -0.192581186549E-013     0.166221052614E-015
     0.899655557408E-002    -0.280000000000E+003     0.505778066013E-014    -0.353441337181E-013     0.184436683494E-015
     0.953734839373E-002    -0.280000000000E+003    -0.101155613203E-013    -0.127635800684E-013     0.193244031386E-015
     0.101105887516E-001    -0.280000000000E+003    -0.202311226405E-013    -0.255271601367E-013     0.211915607911E-015
     0.107182234982E-001    -0.280000000000E+003    -0.404622452810E-013    -0.611871007868E-014     0.236781399024E-015
     0.113623162948E-001    -0.280000000000E+003    -0.606933679215E-013     0.450994209438E-015     0.275874639331E-015
     0.120450546223E-001    -0.280000000000E+003    -0.303466839608E-013    -0.254519944352E-013     0.302915949346E-015
     0.127687572104E-001    -0.280000000000E+003    -0.202311226405E-013    -0.255271601367E-013     0.326488379425E-015
     0.135358819124E-001    -0.280000000000E+003     0.101155613203E-013    -0.450107758964E-013     0.361878482844E-015
     0.143490340526E-001    -0.280000000000E+003     0.202311226405E-013    -0.386665687130E-013     0.397363997460E-015
     0.152109752747E-001    -0.280000000000E+003    -0.786146445611E-030    -0.641937288497E-014     0.402897119569E-015
     0.161246329208E-001    -0.280000000000E+003     0.505778066013E-013     0.188822901470E-013     0.452223256125E-015
     0.170931099734E-001    -0.280000000000E+003     0.252889033006E-013     0.302177218855E-014     0.476889203795E-015
     0.181196955938E-001    -0.280000000000E+003     0.505778066013E-014    -0.324726929327E-014     0.483059478973E-015
     0.192078762926E-001    -0.280000000000E+003     0.354044646209E-013    -0.347276639799E-014     0.521770828212E-015
     0.203613477710E-001    -0.280000000000E+003     0.101155613203E-013     0.127635800684E-013     0.540556256247E-015
     0.215840274722E-001    -0.280000000000E+003     0.293351278287E-012    -0.130567263045E-012     0.933154086858E-015
     0.228800678855E-001    -0.280000000585E+003    -0.623526383239E-007     0.268468466824E-007     0.879848460436E-010
     0.242538706494E-001    -0.280000000248E+003    -0.264793935438E-007     0.103165872134E-007     0.127025755003E-009
     0.257101015006E-001    -0.280000000133E+003    -0.135410899334E-007     0.477721316090E-008     0.147935875270E-009
     0.272537061195E-001    -0.280000005332E+003    -0.571828054260E-006     0.238988598309E-006     0.110460079213E-008
     0.288899269272E-001    -0.280000002193E+003    -0.232657314490E-006     0.866767421258E-007     0.151083947075E-008
     0.306243208897E-001    -0.280000001162E+003    -0.114626540543E-006     0.382759190505E-007     0.172043787595E-008
     0.324627783907E-001    -0.280000000704E+003    -0.605200880123E-007     0.182294050807E-007     0.183663933098E-008
     0.344115432366E-001    -0.280000000498E+003    -0.359788563949E-007     0.102277625655E-007     0.190953160907E-008
     0.364772338618E-001    -0.280000000374E+003    -0.221322968038E-007     0.606620840227E-008     0.195693628113E-008
     0.386668658063E-001    -0.280000000298E+003    -0.143896438902E-007     0.391675552160E-008     0.198959064819E-008
     0.409878755421E-001    -0.280000000245E+003    -0.963112201179E-008     0.263497884093E-008     0.201276609308E-008
     0.434481457293E-001    -0.280000000193E+003    -0.592345521537E-008     0.171773529872E-008     0.202793978552E-008
     0.460560319869E-001    -0.280000005865E+003    -0.636076004701E-006     0.242023033227E-006     0.380277419726E-008
     0.488203912708E-001    -0.280000062547E+003    -0.694133759134E-005     0.260276154089E-005     0.242957090662E-007
     0.517506119535E-001    -0.280000020276E+003    -0.218879088150E-005     0.700939946991E-006     0.310301966571E-007
     0.548566457095E-001    -0.279999981960E+003     0.219894090672E-005    -0.881934301277E-006     0.383890384341E-007
     0.581490413132E-001    -0.279999997085E+003     0.514354855181E-006    -0.179868658461E-006     0.401830576728E-007
     0.616389804647E-001    -0.279999999412E+003     0.209236548047E-006    -0.663574480979E-007     0.409491231173E-007
     0.653383157655E-001    -0.280000000481E+003     0.578511478552E-007    -0.150565824901E-007     0.411702634280E-007
     0.692596109728E-001    -0.280000002789E+003    -0.224170236228E-006     0.802199494386E-007     0.421038902612E-007
     0.734161836681E-001    -0.280000001283E+003    -0.624526657001E-007     0.184804926142E-007     0.423746061547E-007
     0.778221504872E-001    -0.280000000905E+003    -0.247158009359E-007     0.619005423720E-008     0.424868664877E-007
     0.824924750635E-001    -0.280000009869E+003    -0.106450262500E-005     0.353962739592E-006     0.477260786868E-007
     0.874430188470E-001    -0.280000003434E+003    -0.315960120617E-006     0.888491441813E-007     0.493509205249E-007
     0.926905949743E-001    -0.280000001610E+003    -0.960856572164E-007     0.227616501785E-007     0.498690916648E-007
     0.982530253690E-001    -0.279999976175E+003     0.287098959632E-005    -0.921616127055E-006     0.666414174336E-007
     0.104149201269E+000    -0.279999995271E+003     0.596964406624E-006    -0.154109482653E-006     0.702766202071E-007
     0.110399147386E+000    -0.279999998633E+003     0.161094751475E-006    -0.400066915755E-007     0.713140369819E-007
     0.117024089912E+000    -0.279999999526E+003     0.514274886599E-007    -0.122061617351E-007     0.716642062124E-007
     0.124046528610E+000    -0.279999999840E+003     0.190482898487E-007    -0.489667975943E-008     0.718023207865E-007
     0.131490313229E+000    -0.279999999966E+003     0.769892843403E-008    -0.629070516266E-008     0.718763280561E-007
     0.139380724499E+000    -0.280000000047E+003     0.355400637069E-008    -0.160949993078E-008     0.719071122419E-007
     0.147744559993E+000    -0.279999999967E+003     0.159165069859E-007    -0.456468472509E-008     0.720456016850E-007
     0.156610225139E+000    -0.280000003829E+003    -0.437052868213E-006     0.146905812879E-006     0.761333995013E-007
     0.166007829686E+000    -0.280000000767E+003    -0.664049775924E-007     0.163160212052E-007     0.767760083322E-007
     0.175969289968E+000    -0.280000000315E+003    -0.584329444405E-008    -0.849489320474E-009     0.768348279692E-007
     0.185969289968E+000    -0.280000000300E+003    -0.383219947243E-008    -0.353819183536E-008     0.768869859544E-007
     0.195969289968E+000    -0.279999999090E+003     0.144041871731E-006    -0.411454436334E-007     0.783850182753E-007
     0.205969289968E+000    -0.280000003713E+003    -0.420506228417E-006     0.116424060848E-006     0.827482745144E-007
     0.215969289968E+000    -0.280000000807E+003    -0.621602098908E-007     0.138438244207E-007     0.833851059810E-007
     0.225969289968E+000    -0.280000000267E+003     0.530351797986E-008    -0.396424552137E-008     0.834513196846E-007
     0.235969289968E+000    -0.280000000377E+003    -0.190286352307E-008     0.149535448670E-007     0.836020609841E-007
     0.245969289968E+000    -0.280000000233E+003     0.810298439810E-008    -0.475643466855E-008     0.836960194999E-007
     0.255969289968E+000    -0.280000000314E+003    -0.433598477115E-009     0.974358661147E-010     0.837004636127E-007
     0.265969289968E+000    -0.280000000557E+003    -0.687904698268E-008     0.469057912233E-007     0.841745389799E-007
     0.275969289968E+000    -0.280000002107E+003    -0.244819213358E-006    -0.615289006470E-008     0.866235041754E-007
     0.285969289968E+000    -0.280000000643E+003    -0.392160635586E-007     0.422573143255E-010     0.870156650386E-007
     0.295969289968E+000    -0.280000000448E+003    -0.169010949661E-007     0.530465032981E-008     0.871928051883E-007
     0.305969289968E+000    -0.280000000139E+003     0.135240705009E-007    -0.186891498988E-008     0.873293311294E-007
     0.315969289968E+000    -0.280000002450E+003    -0.273584712452E-006     0.765575394571E-007     0.901702755452E-007
     0.325969289968E+000    -0.280000000506E+003    -0.367391268050E-007     0.899701180643E-008     0.905485227739E-007
     0.335969289968E+000    -0.280000000265E+003    -0.732543660344E-008     0.339304624219E-008     0.906292536752E-007
     0.345969289968E+000    -0.280000013999E+003    -0.167908294667E-005     0.461045502554E-006     0.108041555353E-006
     0.355969289968E+000    -0.280000002592E+003    -0.255123838405E-006     0.805705026867E-007     0.110716995108E-006
     0.365969289968E+000    -0.280000000964E+003    -0.528521131308E-007     0.117284258635E-007     0.111258373149E-006
     0.375969289968E+000    -0.280000000869E+003    -0.431262336881E-007     0.906437893123E-008     0.111699058411E-006
     0.385969289968E+000    -0.279999993972E+003     0.792454351518E-006    -0.220144337374E-006     0.119923700826E-006
     0.395969289968E+000    -0.279999999562E+003     0.974856221484E-007    -0.211786750352E-007     0.120921297077E-006
     0.405969289968E+000    -0.280000000139E+003     0.193380500565E-007    -0.474604537528E-008     0.121120416420E-006
     0.415969289968E+000    -0.280000000236E+003     0.761236955923E-008    -0.267927384449E-008     0.121201117522E-006
     0.425969289968E+000    -0.280000008933E+003    -0.104860268637E-005     0.287300786207E-006     0.132073602682E-006
     0.435969289968E+000    -0.280000001713E+003    -0.154528008390E-006     0.321574520343E-007     0.133651988158E-006
     0.445969289968E+000    -0.280000000776E+003    -0.331425085733E-007     0.587404955018E-008     0.133988578462E-006
     0.455969289968E+000    -0.280000000559E+003    -0.992155998275E-008     0.162883967801E-008     0.134089122220E-006
     0.465969289968E+000    -0.280000000331E+003     0.135460060747E-007    -0.435936134888E-008     0.134231424121E-006
     0.475969289968E+000    -0.280000000410E+003     0.185610434051E-009    -0.333523986796E-009     0.134235241050E-006
     0.485969289968E+000    -0.280000000399E+003    -0.114635104071E-008     0.325619517495E-010     0.134246709184E-006
     0.495969289968E+000    -0.280000000381E+003    -0.950023169594E-009    -0.865351192022E-010     0.134256248746E-006
     0.505969289968E+000    -0.280000000342E+003     0.229091162813E-008    -0.944821456930E-009     0.134281029714E-006
     0.515969289968E+000    -0.280000000353E+003    -0.429526963557E-009    -0.167756213429E-009     0.134285640956E-006
     0.525969289968E+000    -0.280000001041E+003    -0.851880977873E-007     0.231000417828E-007     0.135168286068E-006
     0.535969289968E+000    -0.280000000451E+003    -0.131246524718E-007     0.254696866770E-008     0.135301981076E-006
     0.545969289968E+000    -0.280000000402E+003    -0.739426793213E-008     0.150722819701E-008     0.135377444269E-006
     0.555969289968E+000    -0.280000000397E+003    -0.774879812444E-008     0.181585485090E-008     0.135457031455E-006
     0.565969289968E+000    -0.280000000341E+003    -0.183881178952E-008     0.229184473738E-009     0.135475561847E-006
     0.575969289968E+000    -0.280000000348E+003    -0.455458710724E-008    -0.812425364286E-009     0.135521826627E-006
     0.585969289968E+000    -0.279999999968E+003     0.342425356209E-007    -0.237110174895E-007     0.135938331560E-006
     0.595969289968E+000    -0.280000008401E+003    -0.995273106220E-006     0.259172523810E-006     0.146222975225E-006
     0.605969289968E+000    -0.279999981109E+003     0.233803034613E-005    -0.651111167120E-006     0.170492980687E-006
     0.615969289968E+000    -0.279999997053E+003     0.385643655944E-006    -0.419669728141E-007     0.174372184938E-006
     0.625969289968E+000    -0.279999999307E+003     0.763749161294E-007    -0.104078464533E-007     0.175142993026E-006
     0.635969289968E+000    -0.279999999664E+003     0.199150366921E-007    -0.417192542064E-007     0.175605281340E-006
     0.645969289968E+000    -0.279999962308E+003     0.460658529254E-005    -0.121470646239E-005     0.223245747173E-006
     0.655969289968E+000    -0.279999993598E+003     0.772249621722E-006    -0.653132681627E-007     0.230995813632E-006
     0.665969289968E+000    -0.279999998263E+003     0.154102344807E-006    -0.258022016019E-007     0.232558288793E-006
     0.675969289968E+000    -0.279999999478E+003     0.358561852783E-007    -0.164434231982E-007     0.232952757066E-006
     0.685969289968E+000    -0.279999988586E+003     0.139275165974E-005    -0.391466141871E-006     0.247419971470E-006
     0.695969289968E+000    -0.279999998349E+003     0.207074490197E-006    -0.512814570287E-007     0.249553270144E-006
     0.705969289968E+000    -0.280000008176E+003    -0.984227107987E-006     0.268521221883E-006     0.259755263315E-006
     0.715969289968E+000    -0.280000001571E+003    -0.155126824500E-006     0.296013775753E-007     0.261334521788E-006
     0.725969289968E+000    -0.280000000686E+003    -0.314743615049E-007     0.362893840245E-008     0.261651350547E-006
     0.735969289968E+000    -0.280000000552E+003    -0.128296472899E-007     0.134237347004E-008     0.261780347375E-006
     0.745969289968E+000    -0.280000000474E+003    -0.448455201408E-008     0.168127336853E-010     0.261825193210E-006
     0.755969289968E+000    -0.280000000445E+003    -0.249657616046E-008    -0.158992496435E-009     0.261850209547E-006
