 #        time                      h  [L]            Darcian flow [L.T^{-1}]   in    x         z              directions   cumulative flux
 #-----------------------------------------------------------------------------------------------

     0.100000000000E-005    -0.280000000000E+003     0.109417243291E-013    -0.607733790377E-014     0.125162041886E-019
     0.205999994278E-005    -0.280000000000E+003     0.000000000000E+000     0.000000000000E+000     0.125162041886E-019
     0.318359982147E-005    -0.280000000000E+003     0.218834486583E-013    -0.258301694078E-013     0.505543829049E-019
     0.437461562859E-005    -0.280000000000E+003     0.328251729874E-013    -0.455830009118E-013     0.117456211555E-018
     0.563709231599E-005    -0.280000000000E+003     0.328251729874E-013    -0.455830009118E-013     0.188372146096E-018
     0.697531753239E-005    -0.280000000000E+003     0.328251729874E-013    -0.592584945121E-013     0.279027014468E-018
     0.839383618521E-005    -0.280000000000E+003     0.328251729874E-013    -0.592584945121E-013     0.375121169756E-018
     0.989746587602E-005    -0.280000000000E+003     0.218834486583E-013    -0.668566502086E-013     0.480896971207E-018
     0.114913132622E-004    -0.280000000000E+003     0.328251729874E-013    -0.592584945121E-013     0.588868352432E-018
     0.131807914004E-004    -0.280000000000E+003     0.547086216457E-013    -0.714131703197E-013     0.740854487257E-018
     0.149716381303E-004    -0.280000000000E+003     0.437668973166E-013    -0.653358324159E-013     0.881687387992E-018
     0.168699355614E-004    -0.280000000000E+003     0.218834486583E-013    -0.668566502086E-013     0.101522687142E-017
     0.188821307298E-004    -0.280000000000E+003     0.109417243291E-013    -0.607793123049E-013     0.113949269024E-017
     0.210150574931E-004    -0.280000000000E+003     0.328251729874E-013    -0.866094817127E-013     0.133704701425E-017
     0.232759597402E-004    -0.280000000000E+003     0.218834486583E-013    -0.805321438089E-013     0.152572484735E-017
     0.256725159928E-004    -0.280000000000E+003     0.218834486583E-013    -0.531811566084E-013     0.166354497663E-017
     0.282128654833E-004    -0.280000000000E+003     0.328251729874E-013    -0.729339881124E-013     0.186672305323E-017
     0.309056357980E-004    -0.280000000000E+003     0.218834486583E-013    -0.805321438089E-013     0.209144133490E-017
     0.337599721774E-004    -0.280000000000E+003     0.109417243291E-013    -0.607793123049E-013     0.226771471681E-017
     0.367855685763E-004    -0.280000000000E+003     0.328251729874E-013    -0.729339881124E-013     0.250970301769E-017
     0.399927005860E-004    -0.280000000000E+003     0.218834486583E-013    -0.531811566084E-013     0.269413739004E-017
     0.433922603327E-004    -0.280000000000E+003     0.109417243291E-013    -0.881302995054E-013     0.299604185844E-017
     0.469957934698E-004    -0.280000000000E+003     0.109417243291E-013    -0.744548059051E-013     0.326722393533E-017
     0.508155383889E-004    -0.280000000000E+003     0.218834486583E-013    -0.668566502086E-013     0.353593143866E-017
     0.548644677845E-004    -0.280000000000E+003     0.218834486583E-013    -0.805321438089E-013     0.387382451904E-017
     0.591563327122E-004    -0.280000000000E+003     0.218834486583E-013    -0.805321438089E-013     0.423199116492E-017
     0.637057092900E-004    -0.280000000000E+003     0.437668973166E-013    -0.790113260162E-013     0.464290668674E-017
     0.685280482021E-004    -0.280000000000E+003     0.218834486583E-013    -0.805321438089E-013     0.504534268659E-017
     0.736397271730E-004    -0.280000000000E+003     0.109417243291E-013    -0.744548059051E-013     0.543001952096E-017
     0.790581065897E-004    -0.280000000000E+003     0.218834486583E-013    -0.805321438089E-013     0.588219656158E-017
     0.848015884613E-004    -0.280000000000E+003     0.109417243291E-013    -0.607793123049E-013     0.623689300898E-017
     0.908896789166E-004    -0.280000000000E+003     0.218834486583E-013    -0.531811566084E-013     0.658700430420E-017
     0.973430544509E-004    -0.280000000000E+003     0.328251729874E-013    -0.866094817127E-013     0.718472395551E-017
     0.104183632148E-003    -0.280000000000E+003     0.328251729874E-013    -0.866094817127E-013     0.781830675170E-017
     0.111434644115E-003    -0.280000000000E+003     0.218834486583E-013    -0.942076374092E-013     0.851959486101E-017
     0.119120716386E-003    -0.280000000000E+003     0.109417243291E-013    -0.101805793106E-012     0.930658789270E-017
     0.127267952553E-003    -0.280000000000E+003    -0.117233546250E-028    -0.957284552019E-013     0.100865102251E-016
     0.135904022424E-003    -0.280000000000E+003    -0.218834486583E-013    -0.972492729946E-013     0.109473625079E-016
     0.145058255993E-003    -0.280000000000E+003    -0.109417243291E-013    -0.103326610898E-012     0.118985270161E-016
     0.154761743052E-003    -0.280000000000E+003    -0.150728845179E-028    -0.123079442402E-012     0.130928267927E-016
     0.165047438780E-003    -0.280000000000E+003     0.109417243291E-013    -0.142832273906E-012     0.145662605070E-016
     0.175950275662E-003    -0.280000000000E+003     0.328251729874E-013    -0.141311456114E-012     0.161479769415E-016
     0.187507282134E-003    -0.280000000000E+003     0.218834486583E-013    -0.121558624610E-012     0.175754138969E-016
     0.199757708333E-003    -0.280000000000E+003     0.218834486583E-013    -0.121558624610E-012     0.190884969879E-016
     0.212743159403E-003    -0.280000000000E+003     0.109417243291E-013    -0.115481286706E-012     0.205947896608E-016
     0.226507736794E-003    -0.280000000000E+003    -0.150728845179E-028    -0.123079442402E-012     0.222889261709E-016
     0.241098188040E-003    -0.280000000000E+003    -0.109417243291E-013    -0.117002104499E-012     0.240034881954E-016
     0.256564065527E-003    -0.280000000000E+003     0.109417243291E-013    -0.115481286706E-012     0.257975065789E-016
     0.272957894778E-003    -0.280000000000E+003     0.109417243291E-013    -0.115481286706E-012     0.276991659628E-016
     0.290335352846E-003    -0.280000000000E+003    -0.150728845179E-028    -0.123079442402E-012     0.298379738122E-016
     0.308755457403E-003    -0.280000000000E+003    -0.109417243291E-013    -0.117002104499E-012     0.320025683971E-016
     0.328280767180E-003    -0.280000000000E+003    -0.133981195715E-028    -0.109403948802E-012     0.341387143883E-016
     0.348977594427E-003    -0.280000000000E+003    -0.150728845179E-028    -0.123079442402E-012     0.366860683453E-016
     0.370916230124E-003    -0.280000000000E+003    -0.218834486583E-013    -0.110924766595E-012     0.391665111905E-016
     0.394171182707E-003    -0.280000000000E+003    -0.109417243291E-013    -0.103326610898E-012     0.415828014644E-016
     0.418821431115E-003    -0.280000000000E+003    -0.109417243291E-013    -0.103326610898E-012     0.441440690164E-016
     0.444950693017E-003    -0.280000000000E+003    -0.218834486583E-013    -0.835737793944E-013     0.464014107083E-016
     0.472647709137E-003    -0.280000000000E+003    -0.218834486583E-013    -0.972492729946E-013     0.491622776199E-016
     0.502006544641E-003    -0.280000000000E+003    -0.328251729874E-013    -0.104847428691E-012     0.523878070677E-016
     0.533126908594E-003    -0.280000000000E+003    -0.328251729874E-013    -0.118522922291E-012     0.562151279311E-016
     0.566114492604E-003    -0.280000000000E+003    -0.218834486583E-013    -0.110924766595E-012     0.599447954395E-016
     0.601081329767E-003    -0.280000000000E+003    -0.218834486583E-013    -0.972492729946E-013     0.634303255524E-016
     0.638146175159E-003    -0.280000000000E+003    -0.109417243291E-013    -0.117002104499E-012     0.677859123177E-016
     0.677434909153E-003    -0.280000000000E+003    -0.109417243291E-013    -0.130677598099E-012     0.729380356192E-016
     0.719080964939E-003    -0.280000000000E+003    -0.150728845179E-028    -0.123079442402E-012     0.780638089436E-016
     0.763225781689E-003    -0.280000000000E+003    -0.150728845179E-028    -0.123079442402E-012     0.834971283741E-016
     0.810019284919E-003    -0.280000000000E+003     0.109417243291E-013    -0.129156780306E-012     0.895624753371E-016
     0.859620395664E-003    -0.280000000000E+003     0.218834486583E-013    -0.135234118210E-012     0.963574929747E-016
     0.912197570216E-003    -0.280000000000E+003     0.218834486583E-013    -0.121558624610E-012     0.102851441226E-015
     0.967929372233E-003    -0.280000000000E+003     0.218834486583E-013    -0.148909611810E-012     0.111239578781E-015
     0.102700507918E-002    -0.280000000000E+003     0.109417243291E-013    -0.142832273906E-012     0.119702218608E-015
     0.108962532517E-002    -0.280000000000E+003    -0.184224144108E-028    -0.150430429603E-012     0.129122209114E-015
     0.115600278233E-002    -0.280000000000E+003     0.109417243291E-013    -0.142832273906E-012     0.138630830197E-015
     0.122636288312E-002    -0.280000000000E+003    -0.184224144108E-028    -0.150430429603E-012     0.149215130386E-015
     0.130094458593E-002    -0.280000000000E+003    -0.109417243291E-013    -0.158028585300E-012     0.161029388876E-015
     0.138000118665E-002    -0.280000000000E+003    -0.184224144108E-028    -0.150430429603E-012     0.172921907285E-015
     0.146380117888E-002    -0.280000000000E+003    -0.167476494643E-028    -0.136754936003E-012     0.184381969860E-015
     0.155262916586E-002    -0.280000000000E+003     0.109417243291E-013    -0.142832273906E-012     0.197106646367E-015
     0.164678682697E-002    -0.280000000000E+003    -0.109417243291E-013    -0.144353091699E-012     0.210737585444E-015
     0.174659394236E-002    -0.280000000000E+003    -0.150728845179E-028    -0.123079442402E-012     0.223021789554E-015
     0.185238947896E-002    -0.280000000000E+003    -0.109417243291E-013    -0.130677598099E-012     0.236895274237E-015
     0.196453274170E-002    -0.280000000000E+003    -0.184224144108E-028    -0.150430429603E-012     0.253765033429E-015
     0.208340459379E-002    -0.280000000000E+003    -0.184224144108E-028    -0.150430429603E-012     0.271646977206E-015
     0.220940875020E-002    -0.280000000000E+003    -0.109417243291E-013    -0.130677598099E-012     0.288170516764E-015
     0.234297314879E-002    -0.280000000000E+003    -0.218834486583E-013    -0.138275753795E-012     0.306869088657E-015
     0.248455140365E-002    -0.280000000000E+003    -0.218834486583E-013    -0.138275753795E-012     0.326689573793E-015
     0.263462434571E-002    -0.280000000000E+003    -0.184224144108E-028    -0.150430429603E-012     0.349265110937E-015
     0.279370165569E-002    -0.280000000000E+003     0.109417243291E-013    -0.170183261107E-012     0.376393302846E-015
     0.296232359518E-002    -0.280000000000E+003    -0.200971793572E-028    -0.164105923203E-012     0.404065161897E-015
     0.314106284138E-002    -0.280000000000E+003    -0.234467092501E-028    -0.191456910404E-012     0.438286025744E-015
     0.333052643213E-002    -0.280000000000E+003    -0.109417243291E-013    -0.212730559701E-012     0.478643999761E-015
     0.353135782749E-002    -0.280000000000E+003    -0.218834486583E-013    -0.220328715397E-012     0.523110641402E-015
     0.374423909507E-002    -0.280000000000E+003    -0.218834486583E-013    -0.234004208997E-012     0.573143108656E-015
     0.396989322653E-002    -0.280000000000E+003    -0.218834486583E-013    -0.234004208997E-012     0.626177521082E-015
     0.420908659296E-002    -0.280000000000E+003    -0.218834486583E-013    -0.261355196198E-012     0.688910706474E-015
     0.446263154769E-002    -0.280000000000E+003    -0.328251729874E-013    -0.268953351894E-012     0.757608475667E-015
     0.473138918520E-002    -0.280000000000E+003    -0.547086216457E-013    -0.284149663287E-012     0.835378440207E-015
     0.501627226558E-002    -0.280000000000E+003    -0.765920703040E-013    -0.285670481080E-012     0.919635455915E-015
     0.531824831448E-002    -0.280000000000E+003    -0.656503459749E-013    -0.305423312584E-012     0.101397258403E-014
     0.563834290904E-002    -0.280000000000E+003    -0.656503459749E-013    -0.305423312584E-012     0.111396993444E-014
     0.597764316095E-002    -0.280000000000E+003    -0.875337946332E-013    -0.293268636777E-012     0.121781391623E-014
     0.633730140856E-002    -0.280000000000E+003    -0.765920703040E-013    -0.285670481080E-012     0.132418643431E-014
     0.671853913045E-002    -0.280000000000E+003    -0.765920703040E-013    -0.299345974680E-012     0.144198479279E-014
     0.712265109384E-002    -0.280000000000E+003    -0.765920703040E-013    -0.326696961881E-012     0.157758663813E-014
     0.755100975191E-002    -0.280000000000E+003    -0.656503459749E-013    -0.346449793385E-012     0.172863238043E-014
     0.800506990496E-002    -0.280000000000E+003    -0.765920703040E-013    -0.326696961881E-012     0.188099459741E-014
     0.848637364120E-002    -0.280000000000E+003    -0.765920703040E-013    -0.326696961881E-012     0.204249853868E-014
     0.899655557408E-002    -0.280000000000E+003    -0.875337946332E-013    -0.320619623977E-012     0.221205948890E-014
     0.953734839373E-002    -0.280000000000E+003    -0.875337946332E-013    -0.320619623977E-012     0.239179408643E-014
     0.101105887516E-001    -0.280000000000E+003    -0.875337946332E-013    -0.306944130377E-012     0.257476183464E-014
     0.107182234982E-001    -0.280000000000E+003    -0.984755189623E-013    -0.300866792473E-012     0.276712238803E-014
     0.113623162948E-001    -0.280000000000E+003    -0.984755189623E-013    -0.287191298873E-012     0.296267247214E-014
     0.120450546223E-001    -0.280000000000E+003    -0.109417243291E-012    -0.253762973769E-012     0.315134530351E-014
     0.127687572104E-001    -0.280000000000E+003    -0.109417243291E-012    -0.267438467369E-012     0.336046337960E-014
     0.135358819124E-001    -0.280000000000E+003    -0.984755189623E-013    -0.246164818072E-012     0.356385206122E-014
     0.143490340526E-001    -0.280000000000E+003    -0.984755189623E-013    -0.246164818072E-012     0.377944405210E-014
     0.152109752747E-001    -0.280000000000E+003    -0.984755189623E-013    -0.246164818072E-012     0.400797155009E-014
     0.161246329208E-001    -0.280000000000E+003    -0.984755189623E-013    -0.246164818072E-012     0.425021068488E-014
     0.170931099734E-001    -0.280000000000E+003    -0.984755189623E-013    -0.246164818072E-012     0.450698415391E-014
     0.181196955938E-001    -0.280000000000E+003    -0.984755189623E-013    -0.246164818072E-012     0.477916401638E-014
     0.192078762926E-001    -0.280000000000E+003    -0.984755189623E-013    -0.259840311672E-012     0.508154203182E-014
     0.203613477710E-001    -0.280000000000E+003    -0.875337946332E-013    -0.238566662376E-012     0.537466048634E-014
     0.215840274722E-001    -0.280000000000E+003    -0.984755189623E-013    -0.246164818072E-012     0.569883100492E-014
     0.228800678855E-001    -0.280000000000E+003    -0.984755189623E-013    -0.232489324472E-012     0.602606186775E-014
     0.242538706494E-001    -0.280000000000E+003    -0.109417243291E-012    -0.253762973769E-012     0.640570842743E-014
     0.257101015006E-001    -0.280000000000E+003    -0.875337946332E-013    -0.252242155976E-012     0.679452007519E-014
     0.272537061195E-001    -0.280000000000E+003    -0.109417243291E-012    -0.253762973769E-012     0.722109090360E-014
     0.288899269272E-001    -0.280000000000E+003    -0.109417243291E-012    -0.240087480168E-012     0.765279941901E-014
     0.306243208897E-001    -0.280000000000E+003    -0.984755189623E-013    -0.259840311672E-012     0.813474382858E-014
     0.324627783907E-001    -0.280000000000E+003    -0.984755189623E-013    -0.246164818072E-012     0.862217624521E-014
     0.344115432366E-001    -0.280000000000E+003    -0.875337946332E-013    -0.224891168775E-012     0.909246372796E-014
     0.364772338618E-001    -0.280000000000E+003    -0.875337946332E-013    -0.211215675175E-012     0.956475409402E-014
     0.386668658063E-001    -0.280000000000E+003    -0.875337946332E-013    -0.197540181575E-012     0.100378579554E-013
     0.409878755421E-001    -0.280000000000E+003    -0.765920703040E-013    -0.203617519479E-012     0.105427852855E-013
     0.434481457293E-001    -0.280000000000E+003    -0.765920703040E-013    -0.162591038678E-012     0.109849649797E-013
     0.460560319869E-001    -0.280000000000E+003    -0.656503459749E-013    -0.154992882981E-012     0.114239332204E-013
     0.488203912708E-001    -0.280000000000E+003    -0.765920703040E-013    -0.162591038678E-012     0.119207662712E-013
     0.517506119535E-001    -0.280000000000E+003    -0.656503459749E-013    -0.154992882981E-012     0.124139909332E-013
     0.548566457095E-001    -0.280000000000E+003    -0.547086216457E-013    -0.174745714485E-012     0.129827352978E-013
     0.581490413132E-001    -0.280000000000E+003    -0.328251729874E-013    -0.159549403092E-012     0.135190371741E-013
     0.616389804647E-001    -0.280000000000E+003    -0.218834486583E-013    -0.138275753795E-012     0.140076170563E-013
     0.653383157655E-001    -0.280000000000E+003    -0.328251729874E-013    -0.118522922291E-012     0.144625777758E-013
     0.692596109728E-001    -0.280000000000E+003    -0.437668973166E-013    -0.112445584388E-012     0.149357328761E-013
     0.734161836681E-001    -0.280000000000E+003    -0.328251729874E-013    -0.911719350909E-013     0.153385091398E-013
     0.778221504872E-001    -0.280000000000E+003    -0.328251729874E-013    -0.104847428691E-012     0.158225738337E-013
     0.824924750635E-001    -0.280000000000E+003    -0.437668973166E-013    -0.714191035868E-013     0.162137739382E-013
     0.874430188470E-001    -0.280000000000E+003    -0.547086216457E-013    -0.516662720828E-013     0.165862982281E-013
     0.926905949743E-001    -0.280000000000E+003    -0.328251729874E-013    -0.501454542901E-013     0.169008053268E-013
     0.982530253690E-001    -0.280000000000E+003     0.218834486583E-013    -0.668566502086E-013     0.172921054831E-013
     0.104149201269E+000    -0.280000000000E+003     0.547086216457E-013    -0.440621831191E-013     0.177062886225E-013
     0.110399147386E+000    -0.280000000000E+003     0.547086216457E-013    -0.303866895188E-013     0.180974166313E-013
     0.117024089912E+000    -0.280000000000E+003     0.656503459749E-013    -0.911304022206E-014     0.185365166739E-013
     0.124046528610E+000    -0.280000000000E+003     0.765920703040E-013    -0.151488452556E-014     0.190744849863E-013
     0.131490313229E+000    -0.280000000000E+003     0.656503459749E-013    -0.911304022206E-014     0.195678577409E-013
     0.139380724499E+000    -0.280000000000E+003     0.656503459749E-013     0.182379469785E-013     0.201054832119E-013
     0.147744559993E+000    -0.280000000000E+003     0.437668973166E-013     0.167171291857E-013     0.204973361536E-013
     0.156610225139E+000    -0.280000000000E+003     0.109417243291E-013     0.212736492968E-013     0.207094256727E-013
     0.166007829686E+000    -0.280000000000E+003    -0.167476494643E-029    -0.136754936003E-013     0.208379425536E-013
     0.175969289968E+000    -0.280000000000E+003    -0.109417243291E-013     0.607733790377E-014     0.209626222245E-013
     0.185969289968E+000    -0.280000000000E+003    -0.334952989287E-029    -0.273509872005E-013     0.212361320965E-013
     0.195969289968E+000    -0.280000000000E+003     0.547086216457E-013    -0.440621831191E-013     0.219385927191E-013
     0.205969289968E+000    -0.280000000000E+003     0.109417243291E-012    -0.607733790377E-013     0.231902131380E-013
     0.215969289968E+000    -0.280000000000E+003     0.120358967621E-012    -0.531752233412E-013     0.245060355221E-013
     0.225969289968E+000    -0.280000000000E+003     0.131300691950E-012    -0.182260804441E-013     0.258316320563E-013
     0.235969289968E+000    -0.280000000000E+003     0.153184140608E-012    -0.303807562517E-013     0.273933097210E-013
     0.245969289968E+000    -0.280000000000E+003     0.164125864937E-012    -0.501335877557E-013     0.291094296516E-013
     0.255969289968E+000    -0.280000000000E+003     0.142242416279E-012    -0.379789119482E-013     0.305816831196E-013
     0.265969289968E+000    -0.280000000000E+003     0.175067589266E-012    -0.151844448586E-013     0.323389317696E-013
     0.275969289968E+000    -0.280000000000E+003     0.175067589266E-012    -0.151844448586E-013     0.340961804195E-013
     0.285969289968E+000    -0.280000000000E+003     0.164125864937E-012    -0.910710695488E-014     0.357399638279E-013
     0.295969289968E+000    -0.280000000000E+003     0.164125864937E-012    -0.227826005552E-013     0.373969594957E-013
     0.305969289968E+000    -0.280000000000E+003     0.153184140608E-012    -0.303807562517E-013     0.389586371604E-013
     0.315969289968E+000    -0.280000000000E+003     0.153184140608E-012    -0.167052626514E-013     0.404995604789E-013
     0.325969289968E+000    -0.280000000000E+003     0.153184140608E-012    -0.167052626514E-013     0.420404837973E-013
     0.335969289968E+000    -0.280000000000E+003     0.153184140608E-012    -0.167052626514E-013     0.435814071158E-013
     0.345969289968E+000    -0.280000000000E+003     0.153184140608E-012    -0.302976905111E-014     0.451135481157E-013
     0.355969289968E+000    -0.280000000000E+003     0.142242416279E-012    -0.243034183479E-013     0.465565852300E-013
     0.365969289968E+000    -0.280000000000E+003     0.153184140608E-012    -0.303807562517E-013     0.481182628947E-013
     0.375969289968E+000    -0.280000000000E+003     0.164125864937E-012    -0.227826005552E-013     0.497752585624E-013
     0.385969289968E+000    -0.280000000000E+003     0.164125864937E-012    -0.364580941554E-013     0.514565227347E-013
     0.395969289968E+000    -0.280000000000E+003     0.164125864937E-012    -0.364580941554E-013     0.531377869070E-013
     0.405969289968E+000    -0.280000000000E+003     0.131300691950E-012    -0.455058684385E-014     0.544515821554E-013
     0.415969289968E+000    -0.280000000000E+003     0.142242416279E-012    -0.243034183479E-013     0.558946192697E-013
     0.425969289968E+000    -0.280000000000E+003     0.153184140608E-012    -0.303807562517E-013     0.574562969344E-013
     0.435969289968E+000    -0.280000000000E+003     0.175067589266E-012    -0.288599384589E-013     0.592306012166E-013
     0.445969289968E+000    -0.280000000000E+003     0.153184140608E-012    -0.303807562517E-013     0.607922788813E-013
     0.455969289968E+000    -0.280000000000E+003     0.142242416279E-012    -0.653298991487E-013     0.623575552375E-013
     0.465969289968E+000    -0.280000000000E+003     0.175067589266E-012    -0.151844448586E-013     0.641148038874E-013
     0.475969289968E+000    -0.280000000000E+003     0.142242416279E-012     0.167230624529E-013     0.655470247435E-013
     0.485969289968E+000    -0.280000000000E+003     0.109417243291E-012    -0.197468982369E-013     0.666588733447E-013
     0.495969289968E+000    -0.280000000000E+003     0.656503459749E-013    -0.911304022206E-014     0.673216716118E-013
     0.505969289968E+000    -0.280000000000E+003     0.875337946332E-013     0.608327117095E-014     0.681991208349E-013
     0.515969289968E+000    -0.280000000000E+003     0.109417243291E-012     0.760408896369E-014     0.692959323638E-013
     0.525969289968E+000    -0.280000000000E+003     0.120358967621E-012     0.288777382605E-013     0.705336805148E-013
     0.535969289968E+000    -0.280000000000E+003     0.131300691950E-012     0.364758939570E-013     0.718964116896E-013
     0.545969289968E+000    -0.280000000000E+003     0.131300691950E-012     0.501513875572E-013     0.733019376900E-013
     0.555969289968E+000    -0.280000000000E+003     0.131300691950E-012     0.228004003567E-013     0.746345940585E-013
     0.565969289968E+000    -0.280000000000E+003     0.131300691950E-012     0.364758939570E-013     0.759973252332E-013
     0.575969289968E+000    -0.280000000000E+003     0.120358967621E-012     0.699042190613E-013     0.773891902026E-013
     0.585969289968E+000    -0.280000000000E+003     0.984755189623E-013     0.547079076683E-013     0.785157062032E-013
     0.595969289968E+000    -0.280000000000E+003     0.109417243291E-012     0.623060633648E-013     0.797748399793E-013
     0.605969289968E+000    -0.280000000000E+003     0.120358967621E-012     0.562287254610E-013     0.811032958745E-013
     0.615969289968E+000    -0.280000000000E+003     0.120358967621E-012     0.699042190613E-013     0.824951608438E-013
     0.625969289968E+000    -0.280000000000E+003     0.131300691950E-012     0.501513875572E-013     0.839006868443E-013
     0.635969289968E+000    -0.280000000000E+003     0.120358967621E-012     0.425532318607E-013     0.851772861796E-013
     0.645969289968E+000    -0.280000000000E+003     0.984755189623E-013     0.273569204677E-013     0.861993345607E-013
     0.655969289968E+000    -0.280000000000E+003     0.984755189623E-013     0.593326718061E-017     0.871840897521E-013
     0.665969289968E+000    -0.280000000000E+003     0.875337946332E-013    -0.759222242932E-014     0.880627140770E-013
     0.675969289968E+000    -0.280000000000E+003     0.547086216457E-013     0.106397912820E-013     0.886200504603E-013
     0.685969289968E+000    -0.280000000000E+003     0.547086216457E-013     0.243152848823E-013     0.892187378880E-013
     0.695969289968E+000    -0.280000000000E+003     0.547086216457E-013     0.379907784825E-013     0.898847958834E-013
     0.705969289968E+000    -0.280000000000E+003     0.547086216457E-013     0.243152848823E-013     0.904834833111E-013
     0.715969289968E+000    -0.280000000000E+003     0.218834486583E-013     0.151963113930E-013     0.907499065093E-013
     0.725969289968E+000    -0.280000000000E+003     0.218834486583E-013     0.288718049933E-013     0.911121862974E-013
     0.735969289968E+000    -0.280000000000E+003     0.218834486583E-013     0.288718049933E-013     0.914744660855E-013
     0.745969289968E+000    -0.280000000000E+003     0.328251729874E-013     0.227944670895E-013     0.918741008827E-013
     0.755969289968E+000    -0.280000000000E+003     0.218834486583E-013     0.288718049933E-013     0.922363806708E-013
