 #        time                      h  [L]            Darcian flow [L.T^{-1}]   in    x         z              directions   cumulative flux
 #-----------------------------------------------------------------------------------------------

     0.100000000000E-005    -0.278500000000E+003    -0.881468019066E-013    -0.454155438520E-013     0.991586118789E-019
     0.205999994278E-005    -0.278500000000E+003    -0.880299678250E-013     0.471311252400E-013     0.205002768080E-018
     0.318359982147E-005    -0.278500000000E+003     0.116834081688E-015     0.925466690921E-013     0.308988277108E-018
     0.437461562859E-005    -0.278500000000E+003     0.883804700700E-013     0.230508882036E-012     0.603015930113E-018
     0.563709231599E-005    -0.278500000000E+003     0.883804700700E-013     0.230508882036E-012     0.914685225475E-018
     0.697531753239E-005    -0.278500000000E+003     0.883804700700E-013     0.230508882036E-012     0.124505466072E-017
     0.839383618521E-005    -0.278500000000E+003     0.883804700700E-013     0.230508882036E-012     0.159524624318E-017
     0.989746587602E-005    -0.278500000000E+003     0.882636359883E-013     0.137962212944E-012     0.184151141737E-017
     0.114913132622E-004    -0.278500000000E+003    -0.880299678250E-013     0.471311252400E-013     0.200066183323E-017
     0.131807914004E-004    -0.278500000000E+003     0.881468019066E-013     0.454155438520E-013     0.216818814021E-017
     0.149716381303E-004    -0.278500000000E+003     0.000000000000E+000     0.000000000000E+000     0.216818814021E-017
     0.168699355614E-004    -0.278500000000E+003     0.881468019066E-013     0.454155438520E-013     0.235642067842E-017
     0.188821307298E-004    -0.278500000000E+003     0.883804700700E-013     0.230508882036E-012     0.285317397020E-017
     0.210150574931E-004    -0.278500000000E+003     0.176293603813E-012     0.908310877041E-013     0.327617008438E-017
     0.232759597402E-004    -0.278500000000E+003     0.264440405720E-012     0.136246631556E-012     0.394873386963E-017
     0.256725159928E-004    -0.278500000000E+003     0.176410437895E-012     0.183377756796E-012     0.455855287440E-017
     0.282128654833E-004    -0.278500000000E+003     0.176410437895E-012     0.183377756796E-012     0.520496098456E-017
     0.309056357980E-004    -0.278500000000E+003     0.883804700700E-013     0.230508882036E-012     0.586972876595E-017
     0.337599721774E-004    -0.278500000000E+003     0.176410437895E-012     0.183377756796E-012     0.659603284012E-017
     0.367855685763E-004    -0.278500000000E+003     0.882636359883E-013     0.137962212944E-012     0.709156643375E-017
     0.399927005860E-004    -0.278500000000E+003     0.176410437895E-012     0.183377756796E-012     0.790764160338E-017
     0.433922603327E-004    -0.278500000000E+003     0.264557239802E-012     0.228793300648E-012     0.909669519020E-017
     0.469957934698E-004    -0.278500000000E+003     0.352470373545E-012     0.891155063160E-013     0.104068009710E-016
     0.508155383889E-004    -0.278500000000E+003     0.440383507288E-012    -0.505622880161E-013     0.121000046596E-016
     0.548644677845E-004    -0.278500000000E+003     0.440500341370E-012     0.419843810760E-013     0.138916421416E-016
     0.591563327122E-004    -0.278500000000E+003     0.440383507288E-012    -0.505622880161E-013     0.157941256008E-016
     0.637057092900E-004    -0.278500000000E+003     0.440500341370E-012     0.419843810760E-013     0.178072092582E-016
     0.685280482021E-004    -0.278500000000E+003     0.440500341370E-012     0.419843810760E-013     0.199410778199E-016
     0.736397271730E-004    -0.278500000000E+003     0.440617175452E-012     0.134531050168E-012     0.222960150558E-016
     0.790581065897E-004    -0.278500000000E+003     0.352704041708E-012     0.274208844500E-012     0.247167067992E-016
     0.848015884613E-004    -0.278500000000E+003     0.528763977358E-012     0.179946594020E-012     0.279246978422E-016
     0.908896789166E-004    -0.278500000000E+003     0.440734009533E-012     0.227077719260E-012     0.309431308349E-016
     0.973430544509E-004    -0.278500000000E+003     0.440734009533E-012     0.227077719260E-012     0.341426696345E-016
     0.104183632148E-003    -0.278500000000E+003     0.264440405720E-012     0.136246631556E-012     0.361775762011E-016
     0.111434644115E-003    -0.278500000000E+003     0.352353539463E-012    -0.343116277603E-014     0.387326170655E-016
     0.119120716386E-003    -0.278500000000E+003     0.352353539463E-012    -0.343116277603E-014     0.414409602356E-016
     0.127267952553E-003    -0.278500000000E+003     0.440734009533E-012     0.227077719260E-012     0.454803033804E-016
     0.135904022424E-003    -0.278500000000E+003     0.352353539463E-012    -0.343116277603E-014     0.485233974377E-016
     0.145058255993E-003    -0.278500000000E+003     0.352119871300E-012    -0.188524500960E-012     0.521797075512E-016
     0.154761743052E-003    -0.278500000000E+003     0.263739401230E-012    -0.419033382996E-012     0.569841336683E-016
     0.165047438780E-003    -0.278500000000E+003     0.262804728576E-012    -0.115940673573E-011     0.692119628341E-016
     0.175950275662E-003    -0.278500000000E+003     0.261052217351E-012    -0.254760677211E-011     0.971335480875E-016
     0.187507282134E-003    -0.278500000000E+003     0.258365033472E-012    -0.467618016123E-011     0.151258617774E-015
     0.199757708333E-003    -0.278500000000E+003     0.341487969866E-012    -0.861027138834E-011     0.256821036781E-015
     0.212743159403E-003    -0.278500000000E+003     0.333192750066E-012    -0.151810848939E-010     0.454001746643E-015
     0.226507736794E-003    -0.278500000000E+003     0.318938992101E-012    -0.264717785231E-010     0.818401036145E-015
     0.241098188040E-003    -0.278500000000E+003     0.294403834946E-012    -0.459065790324E-010     0.148821251298E-014
     0.256564065527E-003    -0.278500000000E+003     0.768678002970E-013    -0.786663843097E-010     0.270485775586E-014
     0.272957894778E-003    -0.278500000000E+003     0.946804850276E-013    -0.134334063559E-009     0.490710800343E-014
     0.290335352846E-003    -0.278500000000E+003     0.152153827765E-012    -0.228363194938E-009     0.887548072855E-014
     0.308755457403E-003    -0.278500000000E+003     0.128544317810E-012    -0.386619714667E-009     0.159970566904E-013
     0.328280767180E-003    -0.278500000000E+003     0.145116706503E-012    -0.652602272801E-009     0.287393185431E-013
     0.348977594427E-003    -0.278500000000E+003     0.287384516185E-012    -0.109812880014E-008     0.514671013922E-013
     0.370916230124E-003    -0.278499999999E+003     0.669539523526E-012    -0.184207806650E-008     0.918797836878E-013
     0.394171182707E-003    -0.278499999999E+003     0.112982042970E-011    -0.308236198153E-008     0.163559970229E-012
     0.418821431115E-003    -0.278499999998E+003     0.187469988502E-011    -0.514387163162E-008     0.290357692147E-012
     0.444950693017E-003    -0.278499999996E+003     0.311046175047E-011    -0.856098006205E-008     0.514049797088E-012
     0.472647709137E-003    -0.278499999994E+003     0.522918290492E-011    -0.142093321649E-007     0.907605925776E-012
     0.502006544641E-003    -0.278499999990E+003     0.827545761740E-011    -0.235189308116E-007     0.159809438943E-011
     0.533126908594E-003    -0.278499999984E+003     0.130100367276E-010    -0.388178234907E-007     0.280611925218E-011
     0.566114492604E-003    -0.278499999973E+003     0.205646817177E-010    -0.638846093547E-007     0.491351827939E-011
     0.601081329767E-003    -0.278499999956E+003     0.331805197592E-010    -0.104828899971E-006     0.857905353826E-011
     0.638146175159E-003    -0.278499999927E+003     0.530533993120E-010    -0.171494379108E-006     0.149354664896E-010
     0.677434909153E-003    -0.278499999881E+003     0.841942921212E-010    -0.279683346217E-006     0.259238715797E-010
     0.719080964939E-003    -0.278499999807E+003     0.133373913583E-009    -0.454664889100E-006     0.448588717299E-010
     0.763225781689E-003    -0.278499999686E+003     0.210481087255E-009    -0.736682546268E-006     0.773795890653E-010
     0.810019284919E-003    -0.278499999492E+003     0.329989782848E-009    -0.118956108233E-005     0.133043321555E-009
     0.859620395664E-003    -0.278499999180E+003     0.514333765529E-009    -0.191408217819E-005     0.227983927078E-009
     0.912197570216E-003    -0.278499998681E+003     0.797224929354E-009    -0.306866158795E-005     0.389325488474E-009
     0.967929372233E-003    -0.278499997887E+003     0.122819275958E-008    -0.490113051924E-005     0.662474332807E-009
     0.102700507918E-002    -0.278499996627E+003     0.187964029793E-008    -0.779729378446E-005     0.112310498879E-008
     0.108962532517E-002    -0.278499994637E+003     0.285726868027E-008    -0.123546608593E-004     0.189675691156E-008
     0.115600278233E-002    -0.278499991506E+003     0.431249841618E-008    -0.194936706924E-004     0.319069723452E-008
     0.122636288312E-002    -0.278499986604E+003     0.645901620795E-008    -0.306243315076E-004     0.534542833403E-008
     0.130094458593E-002    -0.278499978962E+003     0.959606879065E-008    -0.478941101448E-004     0.891745269509E-008
     0.138000118665E-002    -0.278499967107E+003     0.141350357851E-007    -0.745539393977E-004     0.148114338198E-007
     0.146380117888E-002    -0.278499948804E+003     0.206307592152E-007    -0.115494413525E-003     0.244898649307E-007
     0.155262916586E-002    -0.278499920691E+003     0.298184695156E-007    -0.178024913581E-003     0.403034598571E-007
     0.164678682697E-002    -0.278499877737E+003     0.426473151294E-007    -0.272996080695E-003     0.660081326210E-007
     0.174659394236E-002    -0.278499812463E+003     0.603092718315E-007    -0.416402538001E-003     0.107568069215E-006
     0.185238947896E-002    -0.278499713822E+003     0.842438921629E-007    -0.631650001302E-003     0.174393820641E-006
     0.196453274170E-002    -0.278499565616E+003     0.116107772963E-006    -0.952730899592E-003     0.281236173030E-006
     0.208340459379E-002    -0.278499344260E+003     0.157668109875E-006    -0.142862710174E-002     0.451059723594E-006
     0.220940875020E-002    -0.278499015663E+003     0.210582699642E-006    -0.212934847773E-002     0.719366483554E-006
     0.234297314879E-002    -0.278498530920E+003     0.276001114031E-006    -0.315412188042E-002     0.114064487720E-005
     0.248455140365E-002    -0.278497820430E+003     0.353901009900E-006    -0.464236488994E-002     0.179790279866E-005
     0.263462434571E-002    -0.278496785920E+003     0.442049349764E-006    -0.678820793131E-002     0.281662913633E-005
     0.279370165569E-002    -0.278495289791E+003     0.534451073854E-006    -0.985945896196E-002     0.438504534824E-005
     0.296232359518E-002    -0.278493141003E+003     0.619117146776E-006    -0.142220240839E-001     0.678319063493E-005
     0.314106284138E-002    -0.278490076641E+003     0.674960370901E-006    -0.203708867424E-001     0.104242675778E-004
     0.333052643213E-002    -0.278485738107E+003     0.667608309645E-006    -0.289687830874E-001     0.159127972427E-004
     0.353135782749E-002    -0.278479640794E+003     0.543919643279E-006    -0.408936609218E-001     0.241255282274E-004
     0.374423909507E-002    -0.278471135984E+003     0.225002233284E-006    -0.572958386539E-001     0.363227389874E-004
     0.396989322653E-002    -0.278459363663E+003    -0.402436463821E-006    -0.796654500967E-001     0.542995769363E-004
     0.420908659296E-002    -0.278443195022E+003    -0.149651652936E-005    -0.109910233022E+000     0.805893755807E-004
     0.446263154769E-002    -0.278421163514E+003    -0.327242230678E-005    -0.150442962609E+000     0.118733429734E-003
     0.473138918520E-002    -0.278391383691E+003    -0.601637372064E-005    -0.204276827059E+000     0.173634387196E-003
     0.501627226558E-002    -0.278351457521E+003    -0.101011600996E-004    -0.275125794670E+000     0.252013071126E-003
     0.531824831448E-002    -0.278298368571E+003    -0.160029385151E-004    -0.367505561924E+000     0.362990948771E-003
     0.563834290904E-002    -0.278228365433E+003    -0.243188908771E-004    -0.486829069346E+000     0.518822302536E-003
     0.597764316095E-002    -0.278136836905E+003    -0.357852052924E-004    -0.639488935805E+000     0.735801059890E-003
     0.633730140856E-002    -0.278018182873E+003    -0.512946817146E-004    -0.832917643533E+000     0.103536676054E-002
     0.671853913045E-002    -0.277865686428E+003    -0.719130301044E-004    -0.107561509249E+001     0.144543180895E-002
     0.712265109384E-002    -0.277671394395E+003    -0.988925265504E-004    -0.137713244602E+001     0.200194750699E-002
     0.755100975191E-002    -0.277426015118E+003    -0.133681063004E-003    -0.174800123066E+001     0.275071897065E-002
     0.800506990496E-002    -0.277118843735E+003    -0.177924003961E-003    -0.219959764861E+001     0.374946861887E-002
     0.848637364120E-002    -0.276737726255E+003    -0.233455922535E-003    -0.274393408969E+001     0.507013435302E-002
     0.899655557408E-002    -0.276269074265E+003    -0.302277293258E-003    -0.339337277212E+001     0.680137183975E-002
     0.953734839373E-002    -0.275697941732E+003    -0.386509927350E-003    -0.416026074788E+001     0.905121098982E-002
     0.101105887516E-001    -0.275008173904E+003    -0.488323423335E-003    -0.505649083576E+001     0.119497956197E-001
     0.107182234982E-001    -0.274182635612E+003    -0.609824619294E-003    -0.609299932977E+001     0.156521137418E-001
     0.113623162948E-001    -0.273203522196E+003    -0.752903148222E-003    -0.727921809396E+001     0.203406057060E-001
     0.120450546223E-001    -0.272052751064E+003    -0.919029373017E-003    -0.862250535896E+001     0.262275206274E-001
     0.127687572104E-001    -0.270712425654E+003    -0.110900639482E-002    -0.101275855041E+002     0.335568805120E-001
     0.135358819124E-001    -0.269165356969E+003    -0.132268544487E-002    -0.117960326068E+002     0.426059085671E-001
     0.143490340526E-001    -0.267395621381E+003    -0.155866324813E-002    -0.136258348344E+002     0.536857853974E-001
     0.152109752747E-001    -0.265389127945E+003    -0.181398984684E-002    -0.156110761954E+002     0.671416155824E-001
     0.161246329208E-001    -0.263134164630E+003    -0.208392436573E-002    -0.177417682816E+002     0.833515179401E-001
     0.170931099734E-001    -0.260621891535E+003    -0.236178220715E-002    -0.200038572456E+002     0.102724794781E+000
     0.181196955938E-001    -0.257846750484E+003    -0.263891820191E-002    -0.223794205772E+002     0.125699186296E+000
     0.192078762926E-001    -0.254806764723E+003    -0.290488442910E-002    -0.248470549509E+002     0.152737272101E+000
     0.203613477710E-001    -0.251503709254E+003    -0.314778793118E-002    -0.273824416826E+002     0.184322137801E+000
     0.215840274722E-001    -0.247943141126E+003    -0.335485294385E-002    -0.299590617143E+002     0.220952474655E+000
     0.228800678855E-001    -0.244134288721E+003    -0.351316653392E-002    -0.325490193244E+002     0.263137319358E+000
     0.242538706494E-001    -0.240089808667E+003    -0.361055943298E-002    -0.351239246256E+002     0.311390664344E+000
     0.257101015006E-001    -0.235825427407E+003    -0.363654914634E-002    -0.376557807259E+002     0.366226174217E+000
     0.272537061195E-001    -0.231359490714E+003    -0.358325116955E-002    -0.401178230819E+002     0.428152231473E+000
     0.288899269272E-001    -0.226712447202E+003    -0.344625019076E-002    -0.424852672318E+002     0.497667509967E+000
     0.306243208897E-001    -0.221906304233E+003    -0.322532769730E-002    -0.447359090493E+002     0.575257200732E+000
     0.324627783907E-001    -0.216964097128E+003    -0.292461618754E-002    -0.468505365943E+002     0.661389921330E+000
     0.344115432366E-001    -0.211909362461E+003    -0.255249441743E-002    -0.488132185560E+002     0.756515405797E+000
     0.364772338618E-001    -0.206765641749E+003    -0.212117296293E-002    -0.506114516848E+002     0.861063007160E+000
     0.386668658063E-001    -0.201556032364E+003    -0.164602705541E-002    -0.522361720641E+002     0.975440998225E+000
     0.409878755421E-001    -0.196302802269E+003    -0.114469540403E-002    -0.536816372837E+002     0.110003660102E+001
     0.434481457293E-001    -0.191027077430E+003    -0.635994369930E-003    -0.549452007375E+002     0.123521664034E+001
     0.460560319869E-001    -0.185748603708E+003    -0.138728047418E-003    -0.560270071250E+002     0.138132870227E+001
     0.488203912708E-001    -0.180485579759E+003     0.329502917646E-003    -0.569296394405E+002     0.153870267959E+001
     0.517506119535E-001    -0.175254554176E+003     0.753383546291E-003    -0.576577444160E+002     0.170765259481E+001
     0.548566457095E-001    -0.170070378382E+003     0.112075682908E-002    -0.582176580581E+002     0.188847860597E+001
     0.581490413132E-001    -0.164946206131E+003     0.142320930548E-002    -0.586170472813E+002     0.208146911480E+001
     0.616389804647E-001    -0.159893530526E+003     0.165632801618E-002    -0.588645785302E+002     0.228690291213E+001
     0.653383157655E-001    -0.154922250012E+003     0.181962673862E-002    -0.589696200262E+002     0.250505130927E+001
     0.692596109728E-001    -0.150040755603E+003     0.191617805142E-002    -0.589419809075E+002     0.273618021663E+001
     0.734161836681E-001    -0.145256032556E+003     0.195200370973E-002    -0.587916879863E+002     0.298055214176E+001
     0.778221504872E-001    -0.140573770772E+003     0.193527651250E-002    -0.585287990415E+002     0.323842808844E+001
     0.824924750635E-001    -0.135998479089E+003     0.187545042162E-002    -0.581632504284E+002     0.351006934649E+001
     0.874430188470E-001    -0.131533599546E+003     0.178242667800E-002    -0.577047361727E+002     0.379573916957E+001
     0.926905949743E-001    -0.127181618225E+003     0.166585368029E-002    -0.571626157248E+002     0.409570434735E+001
     0.982530253690E-001    -0.122944168973E+003     0.153460310621E-002    -0.565458489128E+002     0.441023669615E+001
     0.104149201269E+000    -0.118822120030E+003     0.139654616984E-002    -0.558629671187E+002     0.473961457668E+001
     0.110399147386E+000    -0.114815704536E+003     0.125528011414E-002    -0.551219667498E+002     0.508412389880E+001
     0.117024089912E+000    -0.110924756277E+003     0.111499688136E-002    -0.543300808142E+002     0.544405756171E+001
     0.124046528610E+000    -0.107148703583E+003     0.982125385887E-003    -0.534940565443E+002     0.581971629459E+001
     0.131490313229E+000    -0.103486446844E+003     0.860196464976E-003    -0.526203825076E+002     0.621141108858E+001
     0.139380724499E+000    -0.999364558838E+002     0.750089046114E-003    -0.517151343151E+002     0.661946476724E+001
     0.147744559993E+000    -0.964968612479E+002     0.650894978438E-003    -0.507839125272E+002     0.704421305742E+001
     0.156610225139E+000    -0.931655059190E+002     0.560749737972E-003    -0.498318689192E+002     0.748600572086E+001
     0.166007829686E+000    -0.899399321193E+002     0.468069626435E-003    -0.488638098085E+002     0.794520848212E+001
     0.175969289968E+000    -0.868181697795E+002     0.375641719234E-003    -0.478830789120E+002     0.842219387091E+001
     0.185969289968E+000    -0.839457605259E+002     0.298175181440E-003    -0.469427036035E+002     0.889162090695E+001
     0.195969289968E+000    -0.813021214540E+002     0.235491934944E-003    -0.460453670913E+002     0.935207457787E+001
     0.205969289968E+000    -0.788597244177E+002     0.184150065066E-003    -0.451894822459E+002     0.980396940033E+001
     0.215969289968E+000    -0.765952959046E+002     0.140813724627E-003    -0.443731159606E+002     0.102477005599E+002
     0.225969289968E+000    -0.744890464622E+002     0.103196241906E-003    -0.435941731159E+002     0.106836422911E+002
     0.235969289968E+000    -0.725240579064E+002     0.926675998824E-004    -0.428505211671E+002     0.111121475028E+002
     0.245969289968E+000    -0.706857287683E+002     0.568406948428E-004    -0.421400612672E+002     0.115335481154E+002
     0.255969289968E+000    -0.689614652989E+002     0.262805226360E-004    -0.414607668500E+002     0.119481557839E+002
     0.265969289968E+000    -0.673402891984E+002    -0.593720891167E-006    -0.408107159678E+002     0.123562629436E+002
     0.275969289968E+000    -0.658125964306E+002    -0.248275760110E-004    -0.401880931703E+002     0.127581438753E+002
     0.285969289968E+000    -0.643699432275E+002    -0.472856553379E-004    -0.395911953514E+002     0.131540558288E+002
     0.295969289968E+000    -0.630048687136E+002    -0.685284802815E-004    -0.390184335924E+002     0.135442401648E+002
     0.305969289968E+000    -0.617107434593E+002    -0.889014497822E-004    -0.384683378350E+002     0.139289235431E+002
     0.315969289968E+000    -0.604816097113E+002    -0.105990660096E-003    -0.379396052699E+002     0.143083195958E+002
     0.325969289968E+000    -0.593123357158E+002    -0.132780359236E-003    -0.374306844680E+002     0.146826264405E+002
     0.335969289968E+000    -0.581984405391E+002    -0.162921036186E-003    -0.369400890030E+002     0.150520273305E+002
     0.345969289968E+000    -0.571357643849E+002    -0.183301948629E-003    -0.364667290566E+002     0.154166946211E+002
     0.355969289968E+000    -0.561204378240E+002    -0.194864485026E-003    -0.360096919216E+002     0.157767915403E+002
     0.365969289968E+000    -0.551489317217E+002    -0.203185593846E-003    -0.355680779594E+002     0.161324723199E+002
     0.375969289968E+000    -0.542180398573E+002    -0.205722394568E-003    -0.351410137832E+002     0.164838824578E+002
     0.385969289968E+000    -0.533248458801E+002    -0.209066077601E-003    -0.347276523834E+002     0.168311589816E+002
     0.395969289968E+000    -0.524666885125E+002    -0.212000665042E-003    -0.343271978379E+002     0.171744309600E+002
     0.405969289968E+000    -0.516411227534E+002    -0.214245024677E-003    -0.339389099707E+002     0.175138200597E+002
     0.415969289968E+000    -0.508459101620E+002    -0.221738005243E-003    -0.335620771664E+002     0.178494408314E+002
     0.425969289968E+000    -0.500791060935E+002    -0.230499187787E-003    -0.331958566721E+002     0.181813993981E+002
     0.435969289968E+000    -0.493388857818E+002    -0.235976843867E-003    -0.328395972402E+002     0.185097953705E+002
     0.445969289968E+000    -0.486235019317E+002    -0.237472633656E-003    -0.324927635098E+002     0.188347230056E+002
     0.455969289968E+000    -0.479313254477E+002    -0.235675341997E-003    -0.321548371767E+002     0.191562713774E+002
     0.465969289968E+000    -0.472608477974E+002    -0.231741551660E-003    -0.318253125270E+002     0.194745245027E+002
     0.475969289968E+000    -0.466106726388E+002    -0.226657934380E-003    -0.315037032415E+002     0.197895615351E+002
     0.485969289968E+000    -0.459795056115E+002    -0.220981620282E-003    -0.311895465011E+002     0.201014570001E+002
     0.495969289968E+000    -0.453661449869E+002    -0.214975566439E-003    -0.308824042445E+002     0.204102810426E+002
     0.505969289968E+000    -0.447694735650E+002    -0.208879033444E-003    -0.305818629610E+002     0.207160996722E+002
     0.515969289968E+000    -0.441884515272E+002    -0.202931659893E-003    -0.302875329624E+002     0.210189750018E+002
     0.525969289968E+000    -0.436221100693E+002    -0.197267488948E-003    -0.299990474118E+002     0.213189654759E+002
     0.535969289968E+000    -0.430695457803E+002    -0.191893791840E-003    -0.297160612453E+002     0.216161260884E+002
     0.545969289968E+000    -0.425299156622E+002    -0.186741193305E-003    -0.294382500797E+002     0.219105085892E+002
     0.555969289968E+000    -0.420024327186E+002    -0.181812837544E-003    -0.291653091501E+002     0.222021616807E+002
     0.565969289968E+000    -0.414863618807E+002    -0.177167640770E-003    -0.288969524191E+002     0.224911312049E+002
     0.575969289968E+000    -0.409810162430E+002    -0.172942263874E-003    -0.286329117642E+002     0.227774603226E+002
     0.585969289968E+000    -0.404857534374E+002    -0.169290203333E-003    -0.283729364384E+002     0.230611896869E+002
     0.595969289968E+000    -0.399999718536E+002    -0.166237495632E-003    -0.281167930124E+002     0.233423576171E+002
     0.605969289968E+000    -0.395231059337E+002    -0.163631848801E-003    -0.278642669166E+002     0.236210002862E+002
     0.615969289968E+000    -0.390546124226E+002    -0.159370098978E-003    -0.276151771163E+002     0.238971520574E+002
     0.625969289968E+000    -0.385940398197E+002    -0.162415270911E-003    -0.273692574656E+002     0.241708446321E+002
     0.635969289968E+000    -0.381409908117E+002    -0.168201501855E-003    -0.271262597988E+002     0.244421072301E+002
     0.645969289968E+000    -0.376950583035E+002    -0.171696746287E-003    -0.268860323344E+002     0.247109675534E+002
     0.655969289968E+000    -0.372558366866E+002    -0.172224205923E-003    -0.266484538682E+002     0.249774520921E+002
     0.665969289968E+000    -0.368229434076E+002    -0.170297649862E-003    -0.264134002024E+002     0.252415860941E+002
     0.675969289968E+000    -0.363960225684E+002    -0.166669463786E-003    -0.261807468131E+002     0.255033935623E+002
     0.685969289968E+000    -0.359747434581E+002    -0.162203895784E-003    -0.259503741365E+002     0.257628973036E+002
     0.695969289968E+000    -0.355587972443E+002    -0.157622429631E-003    -0.257221716003E+002     0.260201190196E+002
     0.705969289968E+000    -0.351478914611E+002    -0.153224565594E-003    -0.254960429936E+002     0.262750794496E+002
     0.715969289968E+000    -0.347417278178E+002    -0.145119786842E-003    -0.252719349063E+002     0.265277987986E+002
     0.725969289968E+000    -0.343401308536E+002    -0.150491411556E-003    -0.250496215356E+002     0.267782950140E+002
     0.735969289968E+000    -0.339429804868E+002    -0.160349722858E-003    -0.248288964398E+002     0.270265839784E+002
     0.745969289968E+000    -0.335500998283E+002    -0.165759852925E-003    -0.246097136271E+002     0.272726811147E+002
     0.755969289968E+000    -0.331612817693E+002    -0.165780207025E-003    -0.243920635931E+002     0.275166017506E+002
