 #        time                      h  [L]            Darcian flow [L.T^{-1}]   in    x         z              directions   cumulative flux
 #-----------------------------------------------------------------------------------------------

     0.100000000000E-005     0.400000000000E+001    -0.394933884304E-012    -0.322487989663E+004     0.322487989663E-002
     0.205999994278E-005     0.400000000000E+001    -0.393959197736E-012    -0.321692097681E+004     0.663481594797E-002
     0.318359982147E-005     0.400000000000E+001    -0.392929312051E-012    -0.320851132199E+004     0.102398988802E-001
     0.437461562859E-005     0.400000000000E+001    -0.391841312905E-012    -0.319962713476E+004     0.140507053745E-001
     0.563709231599E-005     0.400000000000E+001    -0.390692158682E-012    -0.319024357842E+004     0.180783135194E-001
     0.697531753239E-005     0.400000000000E+001    -0.389478678443E-012    -0.318033476031E+004     0.223343176923E-001
     0.839383618521E-005     0.400000000000E+001    -0.388197570380E-012    -0.316987371911E+004     0.268308426899E-001
     0.989746587602E-005     0.400000000000E+001    -0.386845400878E-012    -0.315883241721E+004     0.315805569007E-001
     0.114913132622E-004     0.400000000000E+001    -0.385418604287E-012    -0.314718173889E+004     0.365966842892E-001
     0.131807914004E-004     0.400000000000E+001    -0.383913483541E-012    -0.313489149531E+004     0.418930149362E-001
     0.149716381303E-004     0.400000000000E+001    -0.382326211741E-012    -0.312193043747E+004     0.474839138508E-001
     0.168699355614E-004     0.400000000000E+001    -0.380652834871E-012    -0.310826627838E+004     0.533843277423E-001
     0.188821307298E-004     0.400000000000E+001    -0.378889275797E-012    -0.309386572570E+004     0.596097894072E-001
     0.210150574931E-004     0.400000000000E+001    -0.377031339752E-012    -0.307869452658E+004     0.661764193591E-001
     0.232759597402E-004     0.400000000000E+001    -0.375074721496E-012    -0.306271752604E+004     0.731009242959E-001
     0.256725159928E-004     0.400000000000E+001    -0.373015014370E-012    -0.304589874101E+004     0.804005919683E-001
     0.282128654833E-004     0.400000000000E+001    -0.370847721502E-012    -0.302820145172E+004     0.880932819835E-001
     0.309056357980E-004     0.400000000000E+001    -0.368568269399E-012    -0.300958831277E+004     0.961974120515E-001
     0.337599721774E-004     0.400000000000E+001    -0.366172024226E-012    -0.299002148604E+004     0.104731939154E+000
     0.367855685763E-004     0.400000000000E+001    -0.363654311052E-012    -0.296946279781E+004     0.113716335102E+000
     0.399927005860E-004     0.400000000000E+001    -0.361010436386E-012    -0.294787392281E+004     0.123170555920E+000
     0.433922603327E-004     0.400000000000E+001    -0.358235714323E-012    -0.292521659774E+004     0.133115004517E+000
     0.469957934698E-004     0.400000000000E+001    -0.355325496644E-012    -0.290145286700E+004     0.143570486068E+000
     0.508155383889E-004     0.400000000000E+001    -0.352275207207E-012    -0.287654536354E+004     0.154558155605E+000
     0.548644677845E-004     0.400000000000E+001    -0.349080380972E-012    -0.285045762758E+004     0.166099457285E+000
     0.591563327122E-004     0.400000000000E+001    -0.345736708003E-012    -0.282315446579E+004     0.178216054922E+000
     0.637057092900E-004     0.400000000000E+001    -0.342240082735E-012    -0.279460235370E+004     0.190929753414E+000
     0.685280482021E-004     0.400000000000E+001    -0.338586658806E-012    -0.276476988338E+004     0.204262410806E+000
     0.736397271730E-004     0.400000000000E+001    -0.334772909665E-012    -0.273362825835E+004     0.218235840888E+000
     0.790581065897E-004     0.400000000000E+001    -0.330795695108E-012    -0.270115183691E+004     0.232871706403E+000
     0.848015884613E-004     0.400000000000E+001    -0.326652333799E-012    -0.266731872428E+004     0.248191403141E+000
     0.908896789166E-004     0.400000000000E+001    -0.322340681693E-012    -0.263211141300E+004     0.264215935512E+000
     0.973430544509E-004     0.400000000000E+001    -0.317859216130E-012    -0.259551746962E+004     0.280965784449E+000
     0.104183632148E-003     0.400000000000E+001    -0.313207125149E-012    -0.255753026397E+004     0.298460768933E+000
     0.111434644115E-003     0.400000000000E+001    -0.308384401345E-012    -0.251814973558E+004     0.316719902801E+000
     0.119120716386E-003     0.400000000000E+001    -0.303391939273E-012    -0.247738318905E+004     0.335761249034E+000
     0.127267952553E-003     0.400000000000E+001    -0.298231635077E-012    -0.243524610757E+004     0.355601774197E+000
     0.135904022424E-003     0.400000000000E+001    -0.292906486605E-012    -0.239176297043E+004     0.376257206324E+000
     0.145058255993E-003     0.400000000000E+001    -0.287390637607E-012    -0.234672264531E+004     0.397739653541E+000
     0.154761743052E-003     0.400000000000E+001    -0.281718911558E-012    -0.230040948749E+004     0.420061647234E+000
     0.165047438780E-003     0.400000000000E+001    -0.275898397218E-012    -0.225288138106E+004     0.443234099630E+000
     0.175950275662E-003     0.400000000000E+001    -0.269937681310E-012    -0.220420844196E+004     0.467266224728E+000
     0.187507282134E-003     0.400000000000E+001    -0.263846909152E-012    -0.215447351298E+004     0.492165489061E+000
     0.199757708333E-003     0.400000000000E+001    -0.257637823498E-012    -0.210377248099E+004     0.517937598578E+000
     0.212743159403E-003     0.400000000000E+001    -0.251323776082E-012    -0.205221437117E+004     0.544586527880E+000
     0.226507736794E-003     0.400000000000E+001    -0.244919706107E-012    -0.199992117138E+004     0.572114597619E+000
     0.241098188040E-003     0.400000000000E+001    -0.238442080003E-012    -0.194702734020E+004     0.600522605102E+000
     0.256564065527E-003     0.400000000000E+001    -0.231908787121E-012    -0.189367895529E+004     0.629810011824E+000
     0.272957894778E-003     0.400000000000E+001    -0.225338986929E-012    -0.184003246557E+004     0.659975189880E+000
     0.290335352846E-003     0.400000000000E+001    -0.218752904573E-012    -0.178625302189E+004     0.691015726867E+000
     0.308755457403E-003     0.400000000000E+001    -0.212171573695E-012    -0.173251237698E+004     0.722928785998E+000
     0.328280767180E-003     0.400000000000E+001    -0.205616527895E-012    -0.167898636601E+004     0.755711514906E+000
     0.348977594427E-003     0.400000000000E+001    -0.199109445420E-012    -0.162585200532E+004     0.789361492988E+000
     0.370916230124E-003     0.400000000000E+001    -0.192671755235E-012    -0.157328427567E+004     0.823877203560E+000
     0.394171182707E-003     0.400000000000E+001    -0.186324216498E-012    -0.152145268846E+004     0.859258513688E+000
     0.418821431115E-003     0.400000000000E+001    -0.180086487257E-012    -0.147051776384E+004     0.895507141855E+000
     0.444950693017E-003     0.400000000000E+001    -0.173976701527E-012    -0.142062757726E+004     0.932627091886E+000
     0.472647709137E-003     0.400000000000E+001    -0.168011076341E-012    -0.137191455085E+004     0.970625031317E+000
     0.502006544641E-003     0.400000000000E+001    -0.162203571365E-012    -0.132449267395E+004     0.100951059386E+001
     0.533126908594E-003     0.400000000000E+001    -0.156565622861E-012    -0.127845533071E+004     0.104929658905E+001
     0.566114492604E-003     0.400000000000E+001    -0.151105970795E-012    -0.123387388838E+004     0.108999910760E+001
     0.601081329767E-003     0.400000000000E+001    -0.145830592737E-012    -0.119079715750E+004     0.113163751790E+001
     0.638146175159E-003     0.400000000000E+001    -0.140742750983E-012    -0.114925177676E+004     0.117423435732E+001
     0.677434909153E-003     0.400000000000E+001    -0.135843150741E-012    -0.110924350462E+004     0.121781513031E+001
     0.719080964939E-003     0.400000000000E+001    -0.131130198000E-012    -0.107075932498E+004     0.126240803289E+001
     0.763225781689E-003     0.400000000000E+001    -0.126600337010E-012    -0.103377020295E+004     0.130804362906E+001
     0.810019284919E-003     0.400000000000E+001    -0.122248440385E-012    -0.998234270244E+003     0.135475450761E+001
     0.859620395664E-003     0.400000000000E+001    -0.118068220681E-012    -0.964100185974E+003     0.140257494770E+001
     0.912197570216E-003     0.400000000000E+001    -0.114052631752E-012    -0.931310414004E+003     0.145154061790E+001
     0.967929372233E-003     0.400000000000E+001    -0.110194231512E-012    -0.899804185085E+003     0.150168832660E+001
     0.102700507918E-002     0.400000000000E+001    -0.106485484442E-012    -0.869519967030E+003     0.155305583336E+001
     0.108962532517E-002     0.400000000000E+001    -0.102918991411E-012    -0.840397341361E+003     0.160568172160E+001
     0.115600278233E-002     0.400000000000E+001    -0.994876445311E-013    -0.812378267761E+003     0.165960532527E+001
     0.122636288312E-002     0.400000000000E+001    -0.961847141433E-013    -0.785407794396E+003     0.171486669684E+001
     0.130094458593E-002     0.400000000000E+001    -0.930038821031E-013    -0.759434329701E+003     0.177150660233E+001
     0.138000118665E-002     0.400000000000E+001    -0.899392391174E-013    -0.734409620635E+003     0.182956653047E+001
     0.146380117888E-002     0.400000000000E+001    -0.869852636798E-013    -0.710288580678E+003     0.188908870801E+001
     0.155262916586E-002     0.400000000000E+001    -0.841367965899E-013    -0.687029081761E+003     0.195011611834E+001
     0.164678682697E-002     0.400000000000E+001    -0.813890193147E-013    -0.664591777575E+003     0.201269252571E+001
     0.174659394236E-002     0.400000000000E+001    -0.787374381785E-013    -0.642939974475E+003     0.207686250993E+001
     0.185238947896E-002     0.400000000000E+001    -0.761778711851E-013    -0.622039523870E+003     0.214267151514E+001
     0.196453274170E-002     0.400000000000E+001    -0.737064314465E-013    -0.601858686912E+003     0.221016591200E+001
     0.208340459379E-002     0.400000000000E+001    -0.713195012749E-013    -0.582367922935E+003     0.227939306560E+001
     0.220940875020E-002     0.400000000000E+001    -0.690136937385E-013    -0.563539575546E+003     0.235040139442E+001
     0.234297314879E-002     0.400000000000E+001    -0.667858029003E-013    -0.545347466280E+003     0.242324040078E+001
     0.248455140365E-002     0.400000000000E+001    -0.646327486175E-013    -0.527766443864E+003     0.249796065287E+001
     0.263462434571E-002     0.400000000000E+001    -0.625515252127E-013    -0.510771965078E+003     0.257461370439E+001
     0.279370165569E-002     0.400000000000E+001    -0.605391644001E-013    -0.494339792031E+003     0.265325194873E+001
     0.296232359518E-002     0.400000000000E+001    -0.585927211219E-013    -0.478445876499E+003     0.273392842036E+001
     0.314106284138E-002     0.400000000000E+001    -0.567092867176E-013    -0.463066467467E+003     0.281669657170E+001
     0.333052643213E-002     0.400000000000E+001    -0.548860281302E-013    -0.448178431271E+003     0.290161006658E+001
     0.353135782749E-002     0.400000000000E+001    -0.531202460367E-013    -0.433759726263E+003     0.298872263766E+001
     0.374423909507E-002     0.400000000000E+001    -0.514094403184E-013    -0.419789937427E+003     0.307808805166E+001
     0.396989322653E-002     0.400000000000E+001    -0.497513692462E-013    -0.406250759654E+003     0.316976021398E+001
     0.420908659296E-002     0.400000000000E+001    -0.481440896231E-013    -0.393126325538E+003     0.326379342322E+001
     0.446263154769E-002     0.400000000000E+001    -0.465859686504E-013    -0.380403302265E+003     0.336024276127E+001
     0.473138918520E-002     0.400000000000E+001    -0.450756635716E-013    -0.368070725396E+003     0.345916457986E+001
     0.501627226558E-002     0.400000000000E+001    -0.436120708771E-013    -0.356119584091E+003     0.356061702396E+001
     0.531824831448E-002     0.400000000000E+001    -0.421942515751E-013    -0.344542210901E+003     0.366466051949E+001
     0.563834290904E-002     0.400000000000E+001    -0.408213414034E-013    -0.333331548589E+003     0.377135814639E+001
     0.597764316095E-002     0.400000000000E+001    -0.394924535815E-013    -0.322480356042E+003     0.388077581243E+001
     0.633730140856E-002     0.400000000000E+001    -0.382065745721E-013    -0.311980357102E+003     0.399298212096E+001
     0.671853913045E-002     0.400000000000E+001    -0.369624326964E-013    -0.301821167721E+003     0.410804773536E+001
     0.712265109384E-002     0.400000000000E+001    -0.357582468122E-013    -0.291988243770E+003     0.422604367783E+001
     0.755100975191E-002     0.400000000000E+001    -0.345908311907E-013    -0.282455571801E+003     0.434703596753E+001
     0.800506990496E-002     0.400000000000E+001    -0.334522000666E-013    -0.273157943089E+003     0.447106610498E+001
     0.848637364120E-002     0.400000000000E+001    -0.323809998591E-013    -0.264410929598E+003     0.459832807330E+001
     0.899655557408E-002     0.400000000000E+001    -0.313563363182E-013    -0.256043916826E+003     0.472895705368E+001
     0.953734839373E-002     0.400000000000E+001    -0.303710070016E-013    -0.247998092370E+003     0.486307264133E+001
     0.101105887516E-001     0.400000000000E+001    -0.294214857145E-013    -0.240244662665E+003     0.500079057774E+001
     0.107182234982E-001     0.400000000000E+001    -0.285054836850E-013    -0.232764938469E+003     0.514222664213E+001
     0.113623162948E-001     0.400000000000E+001    -0.276212150417E-013    -0.225544337036E+003     0.528749812493E+001
     0.120450546223E-001     0.400000000000E+001    -0.267671460724E-013    -0.218570334655E+003     0.543672446966E+001
     0.127687572104E-001     0.400000000000E+001    -0.259418973509E-013    -0.211831667457E+003     0.559002759564E+001
     0.135358819124E-001     0.400000000000E+001    -0.251442001988E-013    -0.205317975896E+003     0.574753208671E+001
     0.143490340526E-001     0.400000000000E+001    -0.243728745890E-013    -0.199019624319E+003     0.590936532017E+001
     0.152109752747E-001     0.400000000000E+001    -0.236268161527E-013    -0.192927594871E+003     0.607565756707E+001
     0.161246329208E-001     0.400000000000E+001    -0.229049871983E-013    -0.187033414159E+003     0.624654207600E+001
     0.170931099734E-001     0.400000000000E+001    -0.222064094747E-013    -0.181329094154E+003     0.642215514265E+001
     0.181196955938E-001     0.400000000000E+001    -0.215301575679E-013    -0.175807078277E+003     0.660263616116E+001
     0.192078762926E-001     0.400000000000E+001    -0.208753522281E-013    -0.170460186910E+003     0.678812764647E+001
     0.203613477710E-001     0.400000000000E+001    -0.202411528877E-013    -0.165281556297E+003     0.697877520758E+001
     0.215840274722E-001     0.400000000000E+001    -0.196267480837E-013    -0.160264560340E+003     0.717472743233E+001
     0.228800678855E-001     0.400000000000E+001    -0.190313408396E-013    -0.155402691232E+003     0.737613560049E+001
     0.242538706494E-001     0.400000000000E+001    -0.184541207874E-013    -0.150689331816E+003     0.758315302104E+001
     0.257101015006E-001     0.400000000000E+001    -0.178941936785E-013    -0.146117179998E+003     0.779593336643E+001
     0.272537061195E-001     0.400000000000E+001    -0.173503046820E-013    -0.141675989307E+003     0.801462507791E+001
     0.288899269272E-001     0.400000000000E+001    -0.168198072276E-013    -0.137344148854E+003     0.823935043208E+001
     0.306243208897E-001     0.400000000000E+001    -0.163153967878E-013    -0.133225325042E+003     0.847041563149E+001
     0.324627783907E-001     0.400000000000E+001    -0.158281155266E-013    -0.129246371588E+003     0.870802959282E+001
     0.344115432366E-001     0.400000000000E+001    -0.153562579406E-013    -0.125393361999E+003     0.895239176859E+001
     0.364772338618E-001     0.400000000000E+001    -0.148990008434E-013    -0.121659574448E+003     0.920370281099E+001
     0.386668658063E-001     0.400000000000E+001    -0.144557426536E-013    -0.118040096652E+003     0.946216717735E+001
     0.409878755421E-001     0.400000000000E+001    -0.140259673209E-013    -0.114530714739E+003     0.972799408131E+001
     0.434481457293E-001     0.400000000000E+001    -0.136092047057E-013    -0.111127589728E+003     0.100013979773E+002
     0.460560319869E-001     0.400000000000E+001    -0.132050152462E-013    -0.107827132324E+003     0.102825988739E+002
     0.488203912708E-001     0.400000000000E+001    -0.128129826097E-013    -0.104625942914E+003     0.105718225705E+002
     0.517506119535E-001     0.400000000000E+001    -0.124327095205E-013    -0.101520777494E+003     0.108693008524E+002
     0.548566457095E-001     0.400000000000E+001    -0.120638150104E-013    -0.985085252237E+002     0.111752716570E+002
     0.581490413132E-001     0.400000000000E+001    -0.117059323424E-013    -0.955861914678E+002     0.114899792136E+002
     0.616389804647E-001     0.400000000000E+001    -0.113587072395E-013    -0.927508833356E+002     0.118136741527E+002
     0.653383157655E-001     0.400000000000E+001    -0.110217961951E-013    -0.899997958818E+002     0.121466135747E+002
     0.692596109728E-001     0.400000000000E+001    -0.106948646769E-013    -0.873301974445E+002     0.124890610594E+002
     0.734161836681E-001     0.400000000000E+001    -0.103775849861E-013    -0.847394121584E+002     0.128412865861E+002
     0.778221504872E-001     0.400000000000E+001    -0.100696333379E-013    -0.822247961203E+002     0.132035663096E+002
     0.824924750635E-001     0.400000000000E+001    -0.977068524477E-014    -0.797836996885E+002     0.135761820830E+002
     0.874430188470E-001     0.400000000000E+001    -0.948040689947E-014    -0.774133971205E+002     0.139594204949E+002
     0.926905949743E-001     0.400000000000E+001    -0.919843566694E-014    -0.751109272759E+002     0.143535708038E+002
     0.982530253690E-001     0.400000000000E+001    -0.892432199896E-014    -0.728726193150E+002     0.147589196764E+002
     0.104149201269E+000     0.400000000000E+001    -0.865722918341E-014    -0.706916409649E+002     0.151757300262E+002
     0.110399147386E+000     0.400000000000E+001    -0.839823238394E-014    -0.685767716030E+002     0.156043311535E+002
     0.117024089912E+000     0.400000000000E+001    -0.815107328103E-014    -0.665585643690E+002     0.160452778171E+002
     0.124046528610E+000     0.400000000000E+001    -0.791141272091E-014    -0.646015873835E+002     0.164989385043E+002
     0.131490313229E+000     0.400000000000E+001    -0.767866740129E-014    -0.627010776220E+002     0.169656718215E+002
     0.139380724499E+000     0.400000000000E+001    -0.745243853297E-014    -0.608537787234E+002     0.174458331629E+002
     0.147744559993E+000     0.400000000000E+001    -0.723227259111E-014    -0.590559873765E+002     0.179397677263E+002
     0.156610225139E+000     0.400000000000E+001    -0.701735775741E-014    -0.573010745816E+002     0.184477798661E+002
     0.166007829686E+000     0.400000000000E+001    -0.680591924235E-014    -0.555745480827E+002     0.189700474918E+002
     0.175969289968E+000     0.400000000000E+001    -0.661034119538E-014    -0.539775321340E+002     0.195077425343E+002
     0.185969289968E+000     0.400000000000E+001    -0.642999797054E-014    -0.525049179487E+002     0.200327917138E+002
     0.195969289968E+000     0.400000000000E+001    -0.626352232854E-014    -0.511455411708E+002     0.205442471255E+002
     0.205969289968E+000     0.400000000000E+001    -0.610920059463E-014    -0.498854085838E+002     0.210431012113E+002
     0.215969289968E+000     0.400000000000E+001    -0.596562600308E-014    -0.487130330740E+002     0.215302315421E+002
     0.225969289968E+000     0.400000000000E+001    -0.583161692196E-014    -0.476187658843E+002     0.220064192009E+002
     0.235969289968E+000     0.400000000000E+001    -0.570616645006E-014    -0.465943850426E+002     0.224723630513E+002
     0.245969289968E+000     0.400000000000E+001    -0.558841408870E-014    -0.456328640437E+002     0.229286916918E+002
     0.255969289968E+000     0.400000000000E+001    -0.547760942043E-014    -0.447280752642E+002     0.233759724444E+002
     0.265969289968E+000     0.400000000000E+001    -0.537310380686E-014    -0.438747221697E+002     0.238147196661E+002
     0.275969289968E+000     0.400000000000E+001    -0.527432951722E-014    -0.430681688867E+002     0.242454013550E+002
     0.285969289968E+000     0.400000000000E+001    -0.518078881766E-014    -0.423043511098E+002     0.246684448661E+002
     0.295969289968E+000     0.400000000000E+001    -0.509204582363E-014    -0.415797095716E+002     0.250842419618E+002
     0.305969289968E+000     0.400000000000E+001    -0.500772565554E-014    -0.408911831479E+002     0.254931537933E+002
     0.315969289968E+000     0.400000000000E+001    -0.492756431709E-014    -0.402366161453E+002     0.258955199547E+002
     0.325969289968E+000     0.400000000000E+001    -0.485077064921E-014    -0.396095482599E+002     0.262916154373E+002
     0.335969289968E+000     0.400000000000E+001    -0.477717848297E-014    -0.390086226191E+002     0.266817016635E+002
     0.345969289968E+000     0.400000000000E+001    -0.470688788648E-014    -0.384346563414E+002     0.270660482269E+002
     0.355969289968E+000     0.400000000000E+001    -0.463961416515E-014    -0.378853247188E+002     0.274449014741E+002
     0.365969289968E+000     0.400000000000E+001    -0.457511869793E-014    -0.373586792626E+002     0.278184882667E+002
     0.375969289968E+000     0.400000000000E+001    -0.451319439836E-014    -0.368530289836E+002     0.281870185566E+002
     0.385969289968E+000     0.400000000000E+001    -0.445366594758E-014    -0.363669422945E+002     0.285506879795E+002
     0.395969289968E+000     0.400000000000E+001    -0.439637104886E-014    -0.358990939422E+002     0.289096789189E+002
     0.405969289968E+000     0.400000000000E+001    -0.434117593118E-014    -0.354483916032E+002     0.292641628350E+002
     0.415969289968E+000     0.400000000000E+001    -0.428793081868E-014    -0.350136122649E+002     0.296142989576E+002
     0.425969289968E+000     0.400000000000E+001    -0.423626265137E-014    -0.345917096612E+002     0.299602160542E+002
     0.435969289968E+000     0.400000000000E+001    -0.418634686394E-014    -0.341841163252E+002     0.303020572175E+002
     0.445969289968E+000     0.400000000000E+001    -0.413804494193E-014    -0.337897012005E+002     0.306399542295E+002
     0.455969289968E+000     0.400000000000E+001    -0.409124179313E-014    -0.334075244877E+002     0.309740294744E+002
     0.465969289968E+000     0.400000000000E+001    -0.404583820721E-014    -0.330367760731E+002     0.313043972351E+002
     0.475969289968E+000     0.400000000000E+001    -0.400174442961E-014    -0.326767230551E+002     0.316311644657E+002
     0.485969289968E+000     0.400000000000E+001    -0.395887784828E-014    -0.323266908552E+002     0.319544313742E+002
     0.495969289968E+000     0.400000000000E+001    -0.391716187213E-014    -0.319860540595E+002     0.322742919148E+002
     0.505969289968E+000     0.400000000000E+001    -0.387652524551E-014    -0.316542308216E+002     0.325908342230E+002
     0.515969289968E+000     0.400000000000E+001    -0.383690152597E-014    -0.313306785976E+002     0.329041410090E+002
     0.525969289968E+000     0.400000000000E+001    -0.379822867158E-014    -0.310148907769E+002     0.332142899168E+002
     0.535969289968E+000     0.400000000000E+001    -0.376044869334E-014    -0.307063938432E+002     0.335213538552E+002
     0.545969289968E+000     0.400000000000E+001    -0.372350737380E-014    -0.304047450775E+002     0.338254013060E+002
     0.555969289968E+000     0.400000000000E+001    -0.368735404217E-014    -0.301095307214E+002     0.341264966132E+002
     0.565969289968E+000     0.400000000000E+001    -0.365194137949E-014    -0.298203643861E+002     0.344247002570E+002
     0.575969289968E+000     0.400000000000E+001    -0.361722531297E-014    -0.295368861902E+002     0.347200691189E+002
     0.585969289968E+000     0.400000000000E+001    -0.358316501609E-014    -0.292587627599E+002     0.350126567465E+002
     0.595969289968E+000     0.400000000000E+001    -0.354972327561E-014    -0.289856902258E+002     0.353025136488E+002
     0.605969289968E+000     0.400000000000E+001    -0.351686825360E-014    -0.287174086116E+002     0.355896877349E+002
     0.615969289968E+000     0.400000000000E+001    -0.348458738614E-014    -0.284538153251E+002     0.358742258882E+002
     0.625969289968E+000     0.400000000000E+001    -0.345273159429E-014    -0.281936930443E+002     0.361561628186E+002
     0.635969289968E+000     0.400000000000E+001    -0.342129526420E-014    -0.279369959288E+002     0.364355327779E+002
     0.645969289968E+000     0.400000000000E+001    -0.339034102285E-014    -0.276842353666E+002     0.367123751316E+002
     0.655969289968E+000     0.400000000000E+001    -0.335982774234E-014    -0.274350755228E+002     0.369867258868E+002
     0.665969289968E+000     0.400000000000E+001    -0.332972444604E-014    -0.271892634542E+002     0.372586185213E+002
     0.675969289968E+000     0.400000000000E+001    -0.330000621134E-014    -0.269465956522E+002     0.375280844779E+002
     0.685969289968E+000     0.400000000000E+001    -0.327065185176E-014    -0.267068991160E+002     0.377951534690E+002
     0.695969289968E+000     0.400000000000E+001    -0.324164398767E-014    -0.264700319303E+002     0.380598537883E+002
     0.705969289968E+000     0.400000000000E+001    -0.321297204552E-014    -0.262359077552E+002     0.383222128659E+002
     0.715969289968E+000     0.400000000000E+001    -0.318465666007E-014    -0.260046950867E+002     0.385822598167E+002
     0.725969289968E+000     0.400000000000E+001    -0.315647551698E-014    -0.257745785901E+002     0.388400056026E+002
     0.735969289968E+000     0.400000000000E+001    -0.312845275452E-014    -0.255457553696E+002     0.390954631563E+002
     0.745969289968E+000     0.400000000000E+001    -0.310073940230E-014    -0.253194586754E+002     0.393486577431E+002
     0.755969289968E+000     0.400000000000E+001    -0.307329279083E-014    -0.250953400848E+002     0.395996111439E+002
