 #        time                      h  [L]            Darcian flow [L.T^{-1}]   in    x         z              directions   cumulative flux
 #-----------------------------------------------------------------------------------------------

     0.100000000000E-005    -0.278500000000E+003    -0.635938601947E-014    -0.766658240474E-013     0.769291256119E-019
     0.205999994278E-005    -0.278500000000E+003    -0.676508670765E-013    -0.547688270273E-012     0.661890726664E-018
     0.318359982147E-005    -0.278500000000E+003    -0.295880770410E-012    -0.223937017293E-011     0.319991463439E-017
     0.437461562859E-005    -0.278500000000E+003    -0.931621809580E-012    -0.696594772196E-011     0.115703366864E-016
     0.563709231599E-005    -0.278500000000E+003    -0.244634916863E-011    -0.182990431683E-010     0.348779816501E-016
     0.697531753239E-005    -0.278499999999E+003    -0.572306533988E-011    -0.427759418064E-010     0.926318917399E-016
     0.839383618521E-005    -0.278499999999E+003    -0.122861679255E-010    -0.917865892119E-010     0.223994132161E-015
     0.989746587602E-005    -0.278499999998E+003    -0.246920247525E-010    -0.184416079006E-009     0.503762150129E-015
     0.114913132622E-004    -0.278499999996E+003    -0.470854323240E-010    -0.351712279938E-009     0.106933899237E-014
     0.131807914004E-004    -0.278499999992E+003    -0.860530101277E-010    -0.642988353284E-009     0.216533920942E-014
     0.149716381303E-004    -0.278499999986E+003    -0.151855074934E-009    -0.113506448419E-008     0.421617646569E-014
     0.168699355614E-004    -0.278499999976E+003    -0.260202933510E-009    -0.194566948647E-008     0.794251803666E-014
     0.188821307298E-004    -0.278499999959E+003    -0.434821414540E-009    -0.325275496222E-008     0.145459173427E-013
     0.210150574931E-004    -0.278499999934E+003    -0.711129522773E-009    -0.532214320930E-008     0.259985451097E-013
     0.232759597402E-004    -0.278499999894E+003    -0.114145340064E-008    -0.854687582136E-008     0.454937641632E-013
     0.256725159928E-004    -0.278499999832E+003    -0.180242786808E-008    -0.135029709848E-007     0.781414204245E-013
     0.282128654833E-004    -0.278499999738E+003    -0.280538832520E-008    -0.210279992365E-007     0.132033182431E-012
     0.309056357980E-004    -0.278499999597E+003    -0.431096082458E-008    -0.323314636545E-007     0.219864891389E-012
     0.337599721774E-004    -0.278499999387E+003    -0.654950245860E-008    -0.491492647071E-007     0.361393533539E-012
     0.367855685763E-004    -0.278499999077E+003    -0.984947901837E-008    -0.739592180051E-007     0.587139892080E-012
     0.399927005860E-004    -0.278499998623E+003    -0.146770064140E-007    -0.110280806736E-006     0.943943538246E-012
     0.433922603327E-004    -0.278499997962E+003    -0.216905833042E-007    -0.163091233659E-006     0.150326391894E-011
     0.469957934698E-004    -0.278499997007E+003    -0.318167835216E-007    -0.239401366151E-006     0.237354008932E-011
     0.508155383889E-004    -0.278499995634E+003    -0.463547211814E-007    -0.349051567459E-006     0.371853382226E-011
     0.548644677845E-004    -0.278499993670E+003    -0.671198940769E-007    -0.505809460228E-006     0.578447317663E-011
     0.591563327122E-004    -0.278499990873E+003    -0.966420195787E-007    -0.728881562174E-006     0.894011195489E-011
     0.637057092900E-004    -0.278499986907E+003    -0.138436688848E-006    -0.104499215622E-005     0.137357101777E-010
     0.685280482021E-004    -0.278499981303E+003    -0.197377900114E-006    -0.149123863169E-005     0.209896856431E-010
     0.736397271730E-004    -0.278499973414E+003    -0.280208346148E-006    -0.211900914603E-005     0.319156725282E-010
     0.790581065897E-004    -0.278499962341E+003    -0.396237758980E-006    -0.299935272272E-005     0.483085056333E-010
     0.848015884613E-004    -0.278499946843E+003    -0.558297683442E-006    -0.423033421231E-005     0.728160335359E-010
     0.908896789166E-004    -0.278499925209E+003    -0.784045765129E-006    -0.594710022153E-005     0.109335812834E-009
     0.973430544509E-004    -0.278499895078E+003    -0.109774607235E-005    -0.833564565983E-005     0.163593327053E-009
     0.104183632148E-003    -0.278499853203E+003    -0.153269720062E-005    -0.116516288845E-004     0.243983828853E-009
     0.111434644115E-003    -0.278499795117E+003    -0.213454084304E-005    -0.162460688730E-004     0.362796703332E-009
     0.119120716386E-003    -0.278499714684E+003    -0.296576571078E-005    -0.226004145867E-004     0.537994395209E-009
     0.127267952553E-003    -0.278499603483E+003    -0.411183098881E-005    -0.313743610337E-004     0.795794587316E-009
     0.135904022424E-003    -0.278499449965E+003    -0.568947921231E-005    -0.434709725622E-004     0.117441466734E-008
     0.145058255993E-003    -0.278499238305E+003    -0.785800060089E-005    -0.601252542184E-004     0.172949604832E-008
     0.154761743052E-003    -0.278498946845E+003    -0.108344613646E-004    -0.830244051448E-004     0.254195305592E-008
     0.165047438780E-003    -0.278498545964E+003    -0.149142336022E-004    -0.114470737132E-003     0.372931552395E-008
     0.175950275662E-003    -0.278497995210E+003    -0.204985803410E-004    -0.157601824518E-003     0.546209591170E-008
     0.187507282134E-003    -0.278497239409E+003    -0.281315767309E-004    -0.216687080910E-003     0.798736600054E-008
     0.199757708333E-003    -0.278496203427E+003    -0.385493111021E-004    -0.297525890753E-003     0.116626511738E-007
     0.212743159403E-003    -0.278494785145E+003    -0.527451324207E-004    -0.407979967019E-003     0.170045460297E-007
     0.226507736794E-003    -0.278492846064E+003    -0.720557240001E-004    -0.558682124447E-003     0.247582650792E-007
     0.241098188040E-003    -0.278490198795E+003    -0.982740154659E-004    -0.763975576044E-003     0.359968575490E-007
     0.256564065527E-003    -0.278486590493E+003    -0.133796423570E-003    -0.104315265787E-002     0.522622919360E-007
     0.272957894778E-003    -0.278481681001E+003    -0.181813658865E-003    -0.142208008359E-002     0.757653947101E-007
     0.290335352846E-003    -0.278475014182E+003    -0.246556361130E-003    -0.193531997638E-002     0.109668158285E-006
     0.308755457403E-003    -0.278465980496E+003    -0.333609147367E-003    -0.262888263582E-002     0.158480806211E-006
     0.328280767180E-003    -0.278453768416E+003    -0.450309334541E-003    -0.356377914137E-002     0.228617991769E-006
     0.348977594427E-003    -0.278437301692E+003    -0.606249946141E-003    -0.482058137068E-002     0.329174637711E-006
     0.370916230124E-003    -0.278415158680E+003    -0.813912264406E-003    -0.650525030089E-002     0.473003661814E-006
     0.394171182707E-003    -0.278385468041E+003    -0.108949998373E-002    -0.875662502645E-002     0.678208678832E-006
     0.418821431115E-003    -0.278345772654E+003    -0.145402311554E-002    -0.117561659075E-001     0.970209178911E-006
     0.444950693017E-003    -0.278292855239E+003    -0.193457371187E-002    -0.157404254964E-001     0.138458959221E-005
     0.472647709137E-003    -0.278222523479E+003    -0.256575333752E-002    -0.210163585353E-001     0.197100182732E-005
     0.502006544641E-003    -0.278129352506E+003    -0.339126078876E-002    -0.279795735119E-001     0.279846131374E-005
     0.533126908594E-003    -0.278006381195E+003    -0.446561961928E-002    -0.371358051094E-001     0.396246684122E-005
     0.566114492604E-003    -0.277844759479E+003    -0.585599688563E-002    -0.491259133322E-001     0.559448503249E-005
     0.601081329767E-003    -0.277633346173E+003    -0.764403855297E-002    -0.647546856951E-001     0.787447314781E-005
     0.638146175159E-003    -0.277358259978E+003    -0.992761774553E-002    -0.850236981263E-001     0.110472730233E-004
     0.677434909153E-003    -0.277002390519E+003    -0.128223637979E-001    -0.111168509494E+000     0.154439001281E-004
     0.719080964939E-003    -0.276544879571E+003    -0.164628718006E-001    -0.144700688932E+000     0.215089894759E-004
     0.763225781689E-003    -0.275960570916E+003    -0.210034853561E-001    -0.187456854877E+000     0.298360194653E-004
     0.810019284919E-003    -0.275219466104E+003    -0.266179513187E-001    -0.241654754870E+000     0.412122828882E-004
     0.859620395664E-003    -0.274286297715E+003    -0.334966503406E-001    -0.309951401407E+000     0.566757341904E-004
     0.912197570216E-003    -0.273120332199E+003    -0.418403115967E-001    -0.395499119557E+000     0.775859987685E-004
     0.967929372233E-003    -0.271675482395E+003    -0.518492876886E-001    -0.501998572961E+000     0.105712117984E-003
     0.102700507918E-002    -0.269900823423E+003    -0.637070696781E-001    -0.633746475471E+000     0.143339827626E-003
     0.108962532517E-002    -0.267741632627E+003    -0.775563465562E-001    -0.795671489138E+000     0.193401105587E-003
     0.115600278233E-002    -0.265141076132E+003    -0.934660259235E-001    -0.993346837278E+000     0.259628174794E-003
     0.122636288312E-002    -0.262042627695E+003    -0.111388504651E+000    -0.123296248433E+001     0.346732839675E-003
     0.130094458593E-002    -0.258393218479E+003    -0.131108358541E+000    -0.152123375365E+001     0.460609637199E-003
     0.138000118665E-002    -0.254146975706E+003    -0.152186586343E+000    -0.186521817589E+001     0.608557461767E-003
     0.146380117888E-002    -0.249269229359E+003    -0.173908276897E+000    -0.227201025069E+001     0.799508844485E-003
     0.155262916586E-002    -0.243740289080E+003    -0.195245254602E+000    -0.274828772082E+001     0.104424898874E-002
     0.164678682697E-002    -0.237558370731E+003    -0.214847933973E+000    -0.329969747434E+001     0.135559867689E-002
     0.174659394236E-002    -0.230740971869E+003    -0.231084411575E+000    -0.393010740064E+001     0.174852883507E-002
     0.185238947896E-002    -0.223323542313E+003    -0.242139192957E+000    -0.464089169534E+001     0.224018229984E-002
     0.196453274170E-002    -0.215357132110E+003    -0.246132068025E+000    -0.543014535352E+001     0.284976175477E-002
     0.208340459379E-002    -0.206907151723E+003    -0.241255840307E+000    -0.629159791816E+001     0.359820529932E-002
     0.220940875020E-002    -0.198050196166E+003    -0.226065080757E+000    -0.721380979988E+001     0.450762153927E-002
     0.234297314879E-002    -0.188866980690E+003    -0.199765504416E+000    -0.818050570853E+001     0.560057159368E-002
     0.248455140365E-002    -0.179440678897E+003    -0.162274290930E+000    -0.917070627566E+001     0.689914743341E-002
     0.263462434571E-002    -0.169861142731E+003    -0.114371384403E+000    -0.101581262681E+002     0.842370395104E-002
     0.279370165569E-002    -0.160224051729E+003    -0.580319243712E-001    -0.111122596719E+002     0.101914364325E-001
     0.296232359518E-002    -0.150625526232E+003     0.344953624446E-002    -0.120017190350E+002     0.122151896569E-001
     0.314106284138E-002    -0.141158416169E+003     0.657556174631E-001    -0.127981080801E+002     0.145027440411E-001
     0.333052643213E-002    -0.131910745266E+003     0.124209077119E+000    -0.134792821534E+002     0.170566856629E-001
     0.353135782749E-002    -0.122964025635E+003     0.174623480988E+000    -0.140316436970E+002     0.198748984591E-001
     0.374423909507E-002    -0.114390045369E+003     0.214082189822E+000    -0.144512969291E+002     0.229516464174E-001
     0.396989322653E-002    -0.106245766079E+003     0.241356301682E+000    -0.147441052337E+002     0.262791604195E-001
     0.420908659296E-002    -0.985616931088E+002     0.256119742039E+000    -0.149269692492E+002     0.298501179799E-001
     0.446263154769E-002    -0.913339497577E+002     0.261064580216E+000    -0.150276512417E+002     0.336608780399E-001
     0.473138918520E-002    -0.845802389217E+002     0.260859104255E+000    -0.150545449895E+002     0.377075093400E-001
     0.501627226558E-002    -0.783309285925E+002     0.258065685555E+000    -0.150029527934E+002     0.419822289958E-001
     0.531824831448E-002    -0.725879706866E+002     0.253182415789E+000    -0.148792572579E+002     0.464760587377E-001
     0.563834290904E-002    -0.673101834679E+002     0.246414858058E+000    -0.147067351094E+002     0.511842658970E-001
     0.597764316095E-002    -0.624654225959E+002     0.239097273179E+000    -0.144950592308E+002     0.561031121883E-001
     0.633730140856E-002    -0.580310085652E+002     0.231652070919E+000    -0.142461914257E+002     0.612275497689E-001
     0.671853913045E-002    -0.539750384785E+002     0.223631836758E+000    -0.139681718767E+002     0.665534262361E-001
     0.712265109384E-002    -0.502575888506E+002     0.215026097375E+000    -0.136722994548E+002     0.720792492723E-001
     0.755100975191E-002    -0.468375000225E+002     0.205823925595E+000    -0.133681703048E+002     0.778062994550E-001
     0.800506990496E-002    -0.436647251833E+002     0.193711131482E+000    -0.130686038375E+002     0.837408835513E-001
     0.848637364120E-002    -0.407083272152E+002     0.182353475175E+000    -0.127741784237E+002     0.898897697692E-001
     0.899655557408E-002    -0.379389893658E+002     0.168755328503E+000    -0.124867916252E+002     0.962608870099E-001
     0.953734839373E-002    -0.353437903547E+002     0.158875136401E+000    -0.122024242540E+002     0.102860429733E+000
     0.101105887516E-001    -0.329366487079E+002     0.153128021975E+000    -0.119055777694E+002     0.109685751874E+000
     0.107182234982E-001    -0.307151075358E+002     0.147986919125E+000    -0.115981030151E+002     0.116733735920E+000
     0.113623162948E-001    -0.286538399350E+002     0.141936025376E+000    -0.112929007431E+002     0.124007986429E+000
     0.120450546223E-001    -0.267042457282E+002     0.129571117754E+000    -0.110085528615E+002     0.131524467988E+000
     0.127687572104E-001    -0.248273234074E+002     0.123671463753E+000    -0.107534875551E+002     0.139307309405E+000
     0.135358819124E-001    -0.230911666040E+002     0.121198748743E+000    -0.104736919293E+002     0.147342475125E+000
     0.143490340526E-001    -0.214857438143E+002     0.113084288220E+000    -0.101894682957E+002     0.155628573326E+000
     0.152109752747E-001    -0.200061633279E+002     0.109888431499E+000    -0.990355407326E+001     0.164165380296E+000
     0.161246329208E-001    -0.186428857370E+002     0.108639999874E+000    -0.961799934311E+001     0.172953499512E+000
     0.170931099734E-001    -0.173667790390E+002     0.104394254937E+000    -0.934504238753E+001     0.182004523320E+000
     0.181196955938E-001    -0.161602681448E+002     0.993963888402E-001    -0.908585473824E+001     0.191332489262E+000
     0.192078762926E-001    -0.149929520397E+002     0.937902220337E-001    -0.885058549656E+001     0.200964066330E+000
     0.203613477710E-001    -0.138866718228E+002     0.900925457937E-001    -0.861637466817E+001     0.210903352030E+000
     0.215840274722E-001    -0.128678731724E+002     0.871534658767E-001    -0.837203788138E+001     0.221140227443E+000
     0.228800678855E-001    -0.119202241368E+002     0.820202767709E-001    -0.813346354782E+001     0.231682060875E+000
     0.242538706494E-001    -0.109831098926E+002     0.618604826147E-001    -0.792822883296E+001     0.242574215101E+000
     0.257101015006E-001    -0.100509380017E+002     0.715921439825E-001    -0.774620257932E+001     0.253854956038E+000
     0.272537061195E-001    -0.923297508973E+001     0.760473243146E-001    -0.751557908187E+001     0.265456632505E+000
     0.288899269272E-001    -0.847261127225E+001     0.684465406999E-001    -0.730156414913E+001     0.277404128610E+000
     0.306243208897E-001    -0.777872034424E+001     0.710417488079E-001    -0.708600732131E+001     0.289694674563E+000
     0.324627783907E-001    -0.713987509765E+001     0.690380480934E-001    -0.687482974380E+001     0.302334394150E+000
     0.344115432366E-001    -0.651196795898E+001     0.576381929730E-001    -0.668800831421E+001     0.315368233642E+000
     0.364772338618E-001    -0.588200552265E+001     0.534751322756E-001    -0.651677916875E+001     0.328830336486E+000
     0.386668658063E-001    -0.528162029735E+001     0.621750002030E-001    -0.634371665181E+001     0.342721408256E+000
     0.409878755421E-001    -0.474494037888E+001     0.631519407659E-001    -0.615198886163E+001     0.357000986602E+000
     0.434481457293E-001    -0.423455203651E+001     0.563685427819E-001    -0.597145654060E+001     0.371693037644E+000
     0.460560319869E-001    -0.366873233573E+001     0.135603603410E-001    -0.582881680115E+001     0.386893970014E+000
     0.488203912708E-001    -0.310133001019E+001     0.756883468773E-001    -0.569973988048E+001     0.402651488015E+000
     0.517506119535E-001    -0.261190923280E+001     0.530712754365E-001    -0.549468927593E+001     0.418752891170E+000
     0.548566457095E-001    -0.214485560925E+001     0.815816655678E-001    -0.530033286240E+001     0.435217853949E+000
     0.581490413132E-001    -0.168726220989E+001     0.729288464013E-001    -0.508689560475E+001     0.451967647772E+000
     0.616389804647E-001    -0.114231400175E+001     0.727075891599E-001    -0.493365372427E+001     0.469187668692E+000
     0.653383157655E-001    -0.575683190841E+000     0.884070567639E-001    -0.477831704317E+001     0.486867290818E+000
     0.692596109728E-001    -0.186105254864E-001     0.102131567343E+000    -0.488103285826E+001     0.506011451053E+000
     0.734161836681E-001     0.538821725381E+000     0.254141138445E-001    -0.448486637027E+001     0.524653423447E+000
     0.778221504872E-001     0.111499317300E+001     0.154353724942E-001    -0.345746779752E+001     0.539887063646E+000
     0.824924750635E-001     0.162336631103E+001    -0.579646065811E-002    -0.301716114772E+001     0.553978211508E+000
     0.874430188470E-001     0.212220148875E+001    -0.300038833190E-002    -0.262173290397E+001     0.566957223538E+000
     0.926905949743E-001     0.254544400943E+001    -0.556215003294E-002    -0.229422462261E+001     0.578996377280E+000
     0.982530253690E-001     0.278006737777E+001    -0.747969990394E-002    -0.211096992263E+001     0.590738574248E+000
     0.104149201269E+000     0.274114204297E+001    -0.887040795421E-002    -0.214148638157E+001     0.603365262962E+000
     0.110399147386E+000     0.255581937477E+001    -0.209407682070E-002    -0.228474284101E+001     0.617644788607E+000
     0.117024089912E+000     0.245457840303E+001     0.510384741745E-002    -0.236266232908E+001     0.633297327266E+000
     0.124046528610E+000     0.244653319355E+001     0.382429779886E-002    -0.236913467670E+001     0.649934451978E+000
     0.131490313229E+000     0.246431481700E+001     0.308990847166E-002    -0.235501435264E+001     0.667464686682E+000
     0.139380724499E+000     0.253186044721E+001     0.386804522397E-002    -0.230277839852E+001     0.685634580942E+000
     0.147744559993E+000     0.262681834238E+001     0.325570002647E-002    -0.222925838792E+001     0.704279751257E+000
     0.156610225139E+000     0.272944280054E+001     0.538486101136E-003    -0.214970332426E+001     0.723338301691E+000
     0.166007829686E+000     0.281760849571E+001    -0.344749125295E-002    -0.208187726036E+001     0.742902987724E+000
     0.175969289968E+000     0.283986379346E+001    -0.846286828061E-002    -0.206519926393E+001     0.763475560895E+000
     0.185969289968E+000     0.278832437038E+001    -0.747236183238E-002    -0.210496636245E+001     0.784525357148E+000
     0.195969289968E+000     0.273285991873E+001    -0.560126406015E-003    -0.214709993097E+001     0.805996357189E+000
     0.205969289968E+000     0.270938326734E+001     0.364249332870E-002    -0.216485927902E+001     0.827644980622E+000
     0.215969289968E+000     0.271046894580E+001     0.722634312265E-002    -0.216369210802E+001     0.849282022376E+000
     0.225969289968E+000     0.273105698996E+001     0.744541141280E-002    -0.214765944939E+001     0.870758745926E+000
     0.235969289968E+000     0.275970732461E+001     0.623821689317E-002    -0.212564574104E+001     0.892015294874E+000
     0.245969289968E+000     0.279475637796E+001     0.342661689632E-002    -0.209887369240E+001     0.913004059770E+000
     0.255969289968E+000     0.283146957015E+001     0.546548664915E-003    -0.207015450147E+001     0.933705605506E+000
     0.265969289968E+000     0.287314688731E+001    -0.293159404961E-003    -0.203835170442E+001     0.954089122761E+000
     0.275969289968E+000     0.289955036853E+001    -0.389414342533E-002    -0.201831575598E+001     0.974272317887E+000
     0.285969289968E+000     0.290154328228E+001    -0.669367188746E-002    -0.201727031571E+001     0.994445132098E+000
     0.295969289968E+000     0.288622333395E+001    -0.798258222027E-002    -0.202954946406E+001     0.101474078372E+001
     0.305969289968E+000     0.286799953480E+001    -0.767526771239E-002    -0.204363281751E+001     0.103517725603E+001
     0.315969289968E+000     0.286924461164E+001    -0.511956384149E-002    -0.204253317906E+001     0.105560265198E+001
     0.325969289968E+000     0.287660040978E+001    -0.263415743935E-002    -0.203653204462E+001     0.107596798946E+001
     0.335969289968E+000     0.288533317108E+001    -0.884054170108E-005    -0.202873719659E+001     0.109625536143E+001
     0.345969289968E+000     0.290372447629E+001     0.347860184134E-002    -0.201384239485E+001     0.111639381542E+001
     0.355969289968E+000     0.291996527514E+001     0.654725089002E-002    -0.200070608616E+001     0.113640098341E+001
     0.365969289968E+000     0.293328398240E+001     0.858877665241E-002    -0.198999191850E+001     0.115630108794E+001
     0.375969289968E+000     0.293948692611E+001     0.903724221411E-002    -0.198526703784E+001     0.117615396401E+001
     0.385969289968E+000     0.293233657781E+001     0.705618726558E-002    -0.199065717637E+001     0.119606066083E+001
     0.395969289968E+000     0.292897243128E+001     0.581711302435E-002    -0.199394787150E+001     0.121600022440E+001
     0.405969289968E+000     0.292525140600E+001     0.418082651091E-002    -0.199707015782E+001     0.123597096974E+001
     0.415969289968E+000     0.292420042705E+001     0.320387094294E-002    -0.199798085547E+001     0.125595080398E+001
     0.425969289968E+000     0.292928058941E+001     0.183584574697E-002    -0.199390758542E+001     0.127588988829E+001
     0.435969289968E+000     0.294577256558E+001     0.179986670564E-002    -0.198161904000E+001     0.129570608686E+001
     0.445969289968E+000     0.295932207703E+001     0.100875625862E-002    -0.197127460537E+001     0.131541883550E+001
     0.455969289968E+000     0.297194089049E+001     0.491461766315E-003    -0.196143970424E+001     0.133503323316E+001
     0.465969289968E+000     0.298081549880E+001     0.332157489675E-003    -0.195447371081E+001     0.135457797055E+001
     0.475969289968E+000     0.298266877493E+001    -0.164409585503E-003    -0.195337424362E+001     0.137411171305E+001
     0.485969289968E+000     0.298192534640E+001    -0.962267442113E-003    -0.195414785619E+001     0.139365319398E+001
     0.495969289968E+000     0.297694822354E+001    -0.166285373853E-002    -0.195782598048E+001     0.141323146085E+001
     0.505969289968E+000     0.297819584763E+001    -0.218500763893E-002    -0.195716520918E+001     0.143280312514E+001
     0.515969289968E+000     0.298279755199E+001    -0.278277601184E-002    -0.195381817202E+001     0.145234132667E+001
     0.525969289968E+000     0.298857220095E+001    -0.236989106978E-002    -0.194925328043E+001     0.147183387389E+001
     0.535969289968E+000     0.299628534305E+001    -0.188444040001E-002    -0.194306581281E+001     0.149126454115E+001
     0.545969289968E+000     0.300678028763E+001    -0.501505877237E-003    -0.193461627378E+001     0.151061070454E+001
     0.555969289968E+000     0.301788364899E+001     0.862099662055E-003    -0.192560539218E+001     0.152986676039E+001
     0.565969289968E+000     0.302596724765E+001     0.277742012809E-002    -0.191870319062E+001     0.154905381240E+001
     0.575969289968E+000     0.304060936477E+001     0.443303243321E-002    -0.190740481459E+001     0.156812791206E+001
     0.585969289968E+000     0.304704235967E+001     0.555105169047E-002    -0.190220726780E+001     0.158715006573E+001
     0.595969289968E+000     0.305143840771E+001     0.613947581030E-002    -0.189877994370E+001     0.160613796443E+001
     0.605969289968E+000     0.304800801833E+001     0.519133185443E-002    -0.190133611948E+001     0.162515139649E+001
     0.615969289968E+000     0.304516895003E+001     0.475400429168E-002    -0.190381143603E+001     0.164418957021E+001
     0.625969289968E+000     0.304079482333E+001     0.339709258717E-002    -0.190765041064E+001     0.166326610456E+001
     0.635969289968E+000     0.303590483379E+001     0.224859944819E-002    -0.191167419341E+001     0.168238285972E+001
     0.645969289968E+000     0.303269837439E+001     0.141185136996E-002    -0.191429596148E+001     0.170152582454E+001
     0.655969289968E+000     0.303105752087E+001     0.689506841301E-003    -0.191568499379E+001     0.172068267572E+001
     0.665969289968E+000     0.303182559853E+001     0.109101085349E-003    -0.191487197301E+001     0.173983139548E+001
     0.675969289968E+000     0.304080041522E+001    -0.275121737754E-003    -0.190821684219E+001     0.175891356410E+001
     0.685969289968E+000     0.305025218035E+001    -0.491089810975E-003    -0.190098899872E+001     0.177792345472E+001
     0.695969289968E+000     0.305757366116E+001    -0.560386838179E-004    -0.189527807745E+001     0.179687623551E+001
     0.705969289968E+000     0.306932416827E+001     0.184440768526E-003    -0.188599055388E+001     0.181573614114E+001
     0.715969289968E+000     0.308137493576E+001     0.668719490186E-003    -0.187653369676E+001     0.183450147929E+001
     0.725969289968E+000     0.309235185050E+001     0.137497564225E-002    -0.186797518779E+001     0.185318123623E+001
     0.735969289968E+000     0.309709239074E+001     0.164562177093E-002    -0.186421042086E+001     0.187182334770E+001
     0.745969289968E+000     0.310084618661E+001     0.228856852519E-002    -0.186118389557E+001     0.189043520073E+001
     0.755969289968E+000     0.309842777374E+001     0.189567314593E-002    -0.186298467806E+001     0.190906505716E+001
