 #        time                      h  [L]            Darcian flow [L.T^{-1}]   in    x         z              directions   cumulative flux
 #-----------------------------------------------------------------------------------------------

     0.100000000000E-005    -0.280000000000E+003     0.000000000000E+000     0.000000000000E+000     0.000000000000E+000
     0.205999994278E-005    -0.280000000000E+003     0.000000000000E+000     0.000000000000E+000     0.000000000000E+000
     0.318359982147E-005    -0.280000000000E+003     0.604032345692E-015     0.378832792884E-015     0.801126996856E-021
     0.437461562859E-005    -0.280000000000E+003     0.181209703708E-014     0.369856026574E-015     0.300385886073E-020
     0.563709231599E-005    -0.280000000000E+003     0.241612938277E-014    -0.179535326214E-016     0.605425009086E-020
     0.697531753239E-005    -0.280000000000E+003     0.181209703708E-014     0.369856026574E-015     0.852923934589E-020
     0.839383618521E-005    -0.280000000000E+003     0.120806469138E-014     0.152430793785E-014     0.112882253018E-019
     0.989746587602E-005    -0.280000000000E+003     0.120806469138E-014    -0.775619118390E-015     0.134468664366E-019
     0.114913132622E-004    -0.280000000000E+003     0.120806469138E-014    -0.775619118390E-015     0.157350259160E-019
     0.131807914004E-004    -0.280000000000E+003     0.181209703708E-014    -0.396786325506E-015     0.188690579816E-019
     0.149716381303E-004    -0.280000000000E+003     0.120806469138E-014    -0.897676631070E-017     0.210325764107E-019
     0.168699355614E-004    -0.280000000000E+003     0.120806469138E-014    -0.897676631070E-017     0.233259058218E-019
     0.188821307298E-004    -0.280000000000E+003     0.181209703708E-014    -0.396786325506E-015     0.270585875520E-019
     0.210150574931E-004    -0.280000000000E+003     0.604032345692E-015     0.378832792884E-015     0.285793648721E-019
     0.232759597402E-004    -0.280000000000E+003     0.604032345692E-015    -0.387809559195E-015     0.302022633231E-019
     0.256725159928E-004    -0.280000000000E+003     0.120806469138E-014    -0.897676631070E-017     0.330975382412E-019
     0.282128654833E-004    -0.280000000000E+003     0.120806469138E-014     0.757665585769E-015     0.367200778960E-019
     0.309056357980E-004    -0.280000000000E+003     0.181209703708E-014    -0.396786325506E-015     0.417152467120E-019
     0.337599721774E-004    -0.280000000000E+003     0.241612938277E-014    -0.784595884701E-015     0.489662004556E-019
     0.367855685763E-004    -0.280000000000E+003     0.181209703708E-014    -0.396786325506E-015     0.545787715314E-019
     0.399927005860E-004    -0.280000000000E+003     0.181209703708E-014    -0.396786325506E-015     0.605280965505E-019
     0.433922603327E-004    -0.280000000000E+003     0.181209703708E-014    -0.193007102966E-014     0.695281828963E-019
     0.469957934698E-004    -0.280000000000E+003     0.181209703708E-014    -0.193007102966E-014     0.790682739079E-019
     0.508155383889E-004    -0.280000000000E+003     0.120806469138E-014    -0.230890382255E-014     0.890219583584E-019
     0.548644677845E-004    -0.280000000000E+003     0.181209703708E-014    -0.269671338174E-014     0.102176903629E-018
     0.591563327122E-004    -0.280000000000E+003     0.181209703708E-014    -0.269671338174E-014     0.116121144864E-018
     0.637057092900E-004    -0.280000000000E+003     0.181209703708E-014    -0.346335573382E-014     0.133903638143E-018
     0.685280482021E-004    -0.280000000000E+003     0.241612938277E-014    -0.385116529302E-014     0.155827602809E-018
     0.736397271730E-004    -0.280000000000E+003     0.241612938277E-014    -0.385116529302E-014     0.179067004099E-018
     0.790581065897E-004    -0.280000000000E+003     0.120806469138E-014    -0.384218852671E-014     0.200890251470E-018
     0.848015884613E-004    -0.280000000000E+003     0.604032345692E-015    -0.422102131959E-014     0.225380579435E-018
     0.908896789166E-004    -0.280000000000E+003    -0.563319661539E-030    -0.459985411248E-014     0.253384907353E-018
     0.973430544509E-004    -0.280000000000E+003     0.120806469138E-014    -0.460883087879E-014     0.284132206146E-018
     0.104183632148E-003    -0.280000000000E+003     0.120806469138E-014    -0.460883087879E-014     0.316724341106E-018
     0.111434644115E-003    -0.280000000000E+003     0.120806469138E-014    -0.384218852671E-014     0.345928761042E-018
     0.119120716386E-003    -0.280000000000E+003     0.181209703708E-014    -0.422999808590E-014     0.381298541978E-018
     0.127267952553E-003    -0.280000000000E+003     0.120806469138E-014    -0.460883087879E-014     0.420116289904E-018
     0.135904022424E-003    -0.280000000000E+003     0.181209703708E-014    -0.499664043798E-014     0.466017721345E-018
     0.145058255993E-003    -0.280000000000E+003     0.181209703708E-014    -0.499664043798E-014     0.514673236045E-018
     0.154761743052E-003    -0.280000000000E+003     0.181209703708E-014    -0.576328279006E-014     0.573296372828E-018
     0.165047438780E-003    -0.280000000000E+003     0.120806469138E-014    -0.614211558295E-014     0.637682695436E-018
     0.175950275662E-003    -0.280000000000E+003     0.120806469138E-014    -0.614211558295E-014     0.705932193715E-018
     0.187507282134E-003    -0.280000000000E+003     0.241612938277E-014    -0.615109234926E-014     0.782307847953E-018
     0.199757708333E-003    -0.280000000000E+003     0.241612938277E-014    -0.615109234926E-014     0.863266037075E-018
     0.212743159403E-003    -0.280000000000E+003     0.241612938277E-014    -0.538444999718E-014     0.939902185725E-018
     0.226507736794E-003    -0.280000000000E+003     0.241612938277E-014    -0.461780764510E-014     0.101163904923E-017
     0.241098188040E-003    -0.280000000000E+003     0.241612938277E-014    -0.461780764510E-014     0.108768012044E-017
     0.256564065527E-003    -0.280000000000E+003     0.181209703708E-014    -0.346335573382E-014     0.114813276879E-017
     0.272957894778E-003    -0.280000000000E+003     0.181209703708E-014    -0.422999808590E-014     0.122357392117E-017
     0.290335352846E-003    -0.280000000000E+003     0.241612938277E-014    -0.538444999718E-014     0.132613034778E-017
     0.308755457403E-003    -0.280000000000E+003     0.181209703708E-014    -0.422999808590E-014     0.141089601743E-017
     0.328280767180E-003    -0.280000000000E+003     0.241612938277E-014    -0.538444999718E-014     0.152612840593E-017
     0.348977594427E-003    -0.280000000000E+003     0.181209703708E-014    -0.499664043798E-014     0.163613376845E-017
     0.370916230124E-003    -0.280000000000E+003     0.302016172846E-014    -0.653890190845E-014     0.179415076516E-017
     0.394171182707E-003    -0.280000000000E+003     0.241612938277E-014    -0.691773470134E-014     0.196455218926E-017
     0.418821431115E-003    -0.280000000000E+003     0.302016172846E-014    -0.653890190845E-014     0.214210006758E-017
     0.444950693017E-003    -0.280000000000E+003     0.241612938277E-014    -0.768437705342E-014     0.235257825756E-017
     0.472647709137E-003    -0.280000000000E+003     0.181209703708E-014    -0.806320984630E-014     0.258147536846E-017
     0.502006544641E-003    -0.280000000000E+003     0.181209703708E-014    -0.806320984630E-014     0.282410629291E-017
     0.533126908594E-003    -0.280000000000E+003     0.302016172846E-014    -0.730554426053E-014     0.307011932230E-017
     0.566114492604E-003    -0.280000000000E+003     0.181209703708E-014    -0.729656749422E-014     0.331812715037E-017
     0.601081329767E-003    -0.280000000000E+003     0.120806469138E-014    -0.844204263919E-014     0.361632581423E-017
     0.638146175159E-003    -0.280000000000E+003     0.120806469138E-014    -0.767540028711E-014     0.390431558401E-017
     0.677434909153E-003    -0.280000000000E+003     0.604032345692E-015    -0.652094837583E-014     0.416161216899E-017
     0.719080964939E-003    -0.280000000000E+003     0.604032345692E-015    -0.652094837583E-014     0.443434653434E-017
     0.763225781689E-003    -0.280000000000E+003    -0.751092882052E-030    -0.613313881664E-014     0.470509282350E-017
     0.810019284919E-003    -0.280000000000E+003     0.604032345692E-015    -0.728759072791E-014     0.504727408314E-017
     0.859620395664E-003    -0.280000000000E+003    -0.103275271282E-029    -0.843306587288E-014     0.546556351742E-017
     0.912197570216E-003    -0.280000000000E+003    -0.120806469138E-014    -0.842408910656E-014     0.591300947519E-017
     0.967929372233E-003    -0.280000000000E+003    -0.120806469138E-014    -0.689080440241E-014     0.630290354431E-017
     0.102700507918E-002    -0.280000000000E+003    -0.844979492309E-030    -0.689978116872E-014     0.671051299464E-017
     0.108962532517E-002    -0.280000000000E+003    -0.844979492309E-030    -0.689978116872E-014     0.714257898867E-017
     0.115600278233E-002    -0.280000000000E+003    -0.120806469138E-014    -0.689080440241E-014     0.760694898809E-017
     0.122636288312E-002    -0.280000000000E+003    -0.120806469138E-014    -0.842408910656E-014     0.820573245175E-017
     0.130094458593E-002    -0.280000000000E+003    -0.181209703708E-014    -0.880292189945E-014     0.887603539538E-017
     0.138000118665E-002    -0.280000000000E+003    -0.181209703708E-014    -0.880292189945E-014     0.958655647727E-017
     0.146380117888E-002    -0.280000000000E+003    -0.120806469138E-014    -0.842408910656E-014     0.102997170475E-016
     0.155262916586E-002    -0.280000000000E+003    -0.120806469138E-014    -0.765744675449E-014     0.109883253935E-016
     0.164678682697E-002    -0.280000000000E+003    -0.181209703708E-014    -0.803627954737E-014     0.117640010098E-016
     0.174659394236E-002    -0.280000000000E+003    -0.120806469138E-014    -0.612416205033E-014     0.123870147492E-016
     0.185238947896E-002    -0.280000000000E+003    -0.604032345692E-015    -0.574532925744E-014     0.129981949631E-016
     0.196453274170E-002    -0.280000000000E+003    -0.604032345692E-015    -0.574532925744E-014     0.136460459547E-016
     0.208340459379E-002    -0.280000000000E+003    -0.604032345692E-015    -0.574532925744E-014     0.143327679688E-016
     0.220940875020E-002    -0.280000000000E+003    -0.181209703708E-014    -0.496971013905E-014     0.149993015456E-016
     0.234297314879E-002    -0.280000000000E+003    -0.120806469138E-014    -0.535751969825E-014     0.157328417658E-016
     0.248455140365E-002    -0.280000000000E+003    -0.181209703708E-014    -0.573635249113E-014     0.165845433590E-016
     0.263462434571E-002    -0.280000000000E+003    -0.181209703708E-014    -0.573635249113E-014     0.174873469990E-016
     0.279370165569E-002    -0.280000000000E+003    -0.120806469138E-014    -0.612416205033E-014     0.184803358192E-016
     0.296232359518E-002    -0.280000000000E+003    -0.241612938277E-014    -0.688182763609E-014     0.197102041009E-016
     0.314106284138E-002    -0.280000000000E+003    -0.302016172846E-014    -0.572737572482E-014     0.208675211836E-016
     0.333052643213E-002    -0.280000000000E+003    -0.302016172846E-014    -0.496073337274E-014     0.219678831222E-016
     0.353135782749E-002    -0.280000000000E+003    -0.362419407415E-014    -0.610620851770E-014     0.233939354449E-016
     0.374423909507E-002    -0.280000000000E+003    -0.302016172846E-014    -0.572737572482E-014     0.247723183842E-016
     0.396989322653E-002    -0.280000000000E+003    -0.302016172846E-014    -0.496073337274E-014     0.260828668466E-016
     0.420908659296E-002    -0.280000000000E+003    -0.362419407415E-014    -0.457292381355E-014     0.274785435353E-016
     0.446263154769E-002    -0.280000000000E+003    -0.362419407415E-014    -0.457292381355E-014     0.289579607455E-016
     0.473138918520E-002    -0.280000000000E+003    -0.302016172846E-014    -0.496073337274E-014     0.305188446802E-016
     0.501627226558E-002    -0.280000000000E+003    -0.302016172846E-014    -0.496073337274E-014     0.321733815617E-016
     0.531824831448E-002    -0.280000000000E+003    -0.302016172846E-014    -0.496073337274E-014     0.339271905614E-016
     0.563834290904E-002    -0.280000000000E+003    -0.302016172846E-014    -0.496073337274E-014     0.357862280007E-016
     0.597764316095E-002    -0.280000000000E+003    -0.302016172846E-014    -0.496073337274E-014     0.377568075800E-016
     0.633730140856E-002    -0.280000000000E+003    -0.302016172846E-014    -0.496073337274E-014     0.398456218213E-016
     0.671853913045E-002    -0.280000000000E+003    -0.302016172846E-014    -0.266080631650E-014     0.413801340616E-016
     0.712265109384E-002    -0.280000000000E+003    -0.302016172846E-014    -0.342744866858E-014     0.432262129290E-016
     0.755100975191E-002    -0.280000000000E+003    -0.302016172846E-014    -0.419409102066E-014     0.454401176906E-016
     0.800506990496E-002    -0.280000000000E+003    -0.362419407415E-014    -0.533956616562E-014     0.483703275989E-016
     0.848637364120E-002    -0.280000000000E+003    -0.483225876554E-014    -0.303066234308E-014     0.511156850815E-016
     0.899655557408E-002    -0.280000000000E+003    -0.422822641985E-014    -0.341847190227E-014     0.538896793607E-016
     0.953734839373E-002    -0.280000000000E+003    -0.483225876554E-014    -0.379730469516E-014     0.572132570373E-016
     0.101105887516E-001    -0.280000000000E+003    -0.483225876554E-014    -0.730735286837E-015     0.600147958480E-016
     0.107182234982E-001    -0.280000000000E+003    -0.483225876554E-014    -0.730735286837E-015     0.629844268270E-016
     0.113623162948E-001    -0.280000000000E+003    -0.422822641985E-014    -0.188518719811E-014     0.659662237635E-016
     0.120450546223E-001    -0.280000000000E+003    -0.422822641985E-014    -0.188518719811E-014     0.691269283455E-016
     0.127687572104E-001    -0.280000000000E+003    -0.362419407415E-014    -0.150635440523E-014     0.719673007043E-016
     0.135358819124E-001    -0.280000000000E+003    -0.362419407415E-014    -0.150635440523E-014     0.749780952422E-016
     0.143490340526E-001    -0.280000000000E+003    -0.362419407415E-014    -0.150635440523E-014     0.781695372801E-016
     0.152109752747E-001    -0.280000000000E+003    -0.362419407415E-014    -0.150635440523E-014     0.815524656577E-016
     0.161246329208E-001    -0.280000000000E+003    -0.362419407415E-014    -0.150635440523E-014     0.851383695443E-016
     0.170931099734E-001    -0.280000000000E+003    -0.483225876554E-014    -0.226401999100E-014     0.903064911724E-016
     0.181196955938E-001    -0.280000000000E+003    -0.604032345692E-014    -0.148840087261E-014     0.966928806153E-016
     0.192078762926E-001    -0.280000000000E+003    -0.483225876554E-014    -0.730735286837E-015     0.102011034543E-015
     0.203613477710E-001    -0.280000000000E+003    -0.302016172846E-014    -0.112752161234E-014     0.105729559294E-015
     0.215840274722E-001    -0.280000000000E+003    -0.302016172846E-014    -0.112752161234E-014     0.109671195318E-015
     0.228800678855E-001    -0.280000000000E+003    -0.302016172846E-014    -0.189416396442E-014     0.114291581026E-015
     0.242538706494E-001    -0.280000000000E+003    -0.181209703708E-014    -0.190314073073E-014     0.117901740301E-015
     0.257101015006E-001    -0.280000000000E+003    -0.181209703708E-014    -0.113649837865E-014     0.121016619193E-015
     0.272537061195E-001    -0.280000000000E+003    -0.302016172846E-014    -0.112752161234E-014     0.125992842783E-015
     0.288899269272E-001    -0.280000000000E+003    -0.241612938277E-014     0.179535326214E-016     0.129946273094E-015
     0.306243208897E-001    -0.280000000000E+003    -0.181209703708E-014    -0.113649837865E-014     0.133656143092E-015
     0.324627783907E-001    -0.280000000000E+003    -0.281659830770E-030    -0.229992705624E-014     0.137884461240E-015
     0.344115432366E-001    -0.280000000000E+003     0.604032345692E-015    -0.115445191127E-014     0.140423556226E-015
     0.364772338618E-001    -0.280000000000E+003    -0.187773220513E-030    -0.153328470416E-014     0.143590848065E-015
     0.386668658063E-001    -0.280000000000E+003     0.181209703708E-014    -0.116342867759E-014     0.148306067791E-015
     0.409878755421E-001    -0.280000000000E+003    -0.187773220513E-030    -0.153328470416E-014     0.151864836517E-015
     0.434481457293E-001    -0.280000000000E+003    -0.604032345692E-015    -0.378832792884E-015     0.153619009781E-015
     0.460560319869E-001    -0.280000000000E+003     0.181209703708E-014    -0.116342867759E-014     0.159234911008E-015
     0.488203912708E-001    -0.280000000000E+003     0.302016172846E-014     0.112752161234E-014     0.168146564752E-015
     0.517506119535E-001    -0.280000000000E+003     0.362419407415E-014     0.150635440523E-014     0.179647031890E-015
     0.548566457095E-001    -0.280000000000E+003     0.604032345692E-015     0.378832792884E-015     0.181861634742E-015
     0.581490413132E-001    -0.280000000000E+003    -0.120806469138E-014     0.897676631070E-017     0.185839171426E-015
     0.616389804647E-001    -0.280000000000E+003    -0.483225876554E-014     0.156919176940E-014     0.203570359339E-015
     0.653383157655E-001    -0.280000000000E+003    -0.362419407415E-014     0.269302989321E-016     0.216977838549E-015
     0.692596109728E-001    -0.280000000000E+003    -0.120806469138E-014     0.775619118390E-015     0.222607329099E-015
     0.734161836681E-001    -0.280000000000E+003    -0.241612938277E-014     0.179535326214E-016     0.232650423775E-015
     0.778221504872E-001    -0.280000000000E+003    -0.422822641985E-014    -0.111854484603E-014     0.251920694845E-015
     0.824924750635E-001    -0.280000000000E+003    -0.241612938277E-014    -0.304861587570E-014     0.270088041309E-015
     0.874430188470E-001    -0.280000000000E+003    -0.120806469138E-014    -0.152430793785E-014     0.279716734415E-015
     0.926905949743E-001    -0.280000000000E+003    -0.241612938277E-014     0.179535326214E-016     0.292395907312E-015
     0.982530253690E-001    -0.280000000000E+003    -0.241612938277E-014     0.179535326214E-016     0.305835829857E-015
     0.104149201269E+000    -0.280000000000E+003    -0.241612938277E-014     0.179535326214E-016     0.320082146987E-015
     0.110399147386E+000    -0.280000000000E+003    -0.181209703708E-014     0.396786325506E-015     0.331675982441E-015
     0.117024089912E+000    -0.280000000000E+003    -0.362419407415E-014     0.156021500309E-014     0.357816442162E-015
     0.124046528610E+000    -0.280000000000E+003     0.327989563711E-012    -0.137749567195E-012     0.285599013118E-014
     0.131490313229E+000    -0.280000014928E+003    -0.190898031809E-006     0.809960825344E-007     0.154362239341E-008
     0.139380724499E+000    -0.279999991235E+003     0.112754133040E-006    -0.504844878356E-007     0.251840528440E-008
     0.147744559993E+000    -0.279999996463E+003     0.476540197764E-007    -0.195884402867E-007     0.294933461767E-008
     0.156610225139E+000    -0.279999998575E+003     0.197977474326E-007    -0.731779693178E-008     0.313646126815E-008
     0.166007829686E+000    -0.279999999300E+003     0.959881274827E-008    -0.320086234013E-008     0.323155031847E-008
     0.175969289968E+000    -0.280000002080E+003    -0.270670236789E-007     0.114439913061E-007     0.352428655500E-008
     0.185969289968E+000    -0.280000000680E+003    -0.909868354672E-008     0.343965414297E-008     0.362155796031E-008
     0.195969289968E+000    -0.280000000309E+003    -0.400476524955E-008     0.135403742275E-008     0.366383273062E-008
     0.205969289968E+000    -0.279999998079E+003     0.251782103812E-007    -0.103685822088E-007     0.393612848435E-008
     0.215969289968E+000    -0.280000007661E+003    -0.992920244052E-007     0.404613562108E-007     0.500832377706E-008
     0.225969289968E+000    -0.280000002855E+003    -0.368610599239E-007     0.132473172104E-007     0.540001615022E-008
     0.235969289968E+000    -0.280000006298E+003    -0.803973778359E-007     0.310284458270E-007     0.626178774487E-008
     0.245969289968E+000    -0.280000002743E+003    -0.332649969348E-007     0.112558173704E-007     0.661296482922E-008
     0.255969289968E+000    -0.280000001577E+003    -0.169155294227E-007     0.514965023496E-008     0.678978508632E-008
     0.265969289968E+000    -0.280000001067E+003    -0.966714681691E-008     0.273471717763E-008     0.689025020744E-008
     0.275969289968E+000    -0.280000000834E+003    -0.643687367717E-008     0.180636351134E-008     0.695710549285E-008
     0.285969289968E+000    -0.280000000657E+003    -0.416750182229E-008     0.113585624213E-008     0.700030067874E-008
     0.295969289968E+000    -0.280000000534E+003    -0.271609244025E-008     0.716742590485E-009     0.702839138554E-008
     0.305969289968E+000    -0.280000000454E+003    -0.188208323926E-008     0.492763693073E-009     0.704784659918E-008
     0.315969289968E+000    -0.280000000255E+003     0.479236242116E-009    -0.386847353925E-009     0.705400548098E-008
     0.325969289968E+000    -0.280000000321E+003    -0.598297661357E-009     0.130432707746E-009     0.706012898311E-008
     0.335969289968E+000    -0.280000000305E+003    -0.630258220830E-009     0.165551657396E-009     0.706664536843E-008
     0.345969289968E+000    -0.280000000286E+003    -0.585133984608E-009     0.159980568820E-009     0.707271146736E-008
     0.355969289968E+000    -0.280000000267E+003    -0.523621746829E-009     0.143397168005E-009     0.707814048643E-008
     0.365969289968E+000    -0.279999999743E+003     0.612983079225E-008    -0.253808530205E-008     0.714448557106E-008
     0.375969289968E+000    -0.280000000041E+003     0.209528914535E-008    -0.784326216549E-009     0.716685833177E-008
     0.385969289968E+000    -0.280000000131E+003     0.716417395259E-009    -0.241354263332E-009     0.717441813180E-008
     0.395969289968E+000    -0.280000000148E+003     0.326597872873E-009    -0.112844815396E-009     0.717787356408E-008
     0.405969289968E+000    -0.279999996806E+003     0.436321402807E-007    -0.176243598681E-007     0.764844573987E-008
     0.415969289968E+000    -0.279999999895E+003     0.328567381278E-008    -0.551257614272E-009     0.768176170806E-008
     0.425969289968E+000    -0.279999999891E+003     0.272044812884E-008    -0.687381508088E-009     0.770982116521E-008
     0.435969289968E+000    -0.279999999945E+003     0.176716669571E-008    -0.469408447932E-009     0.772810564612E-008
     0.445969289968E+000    -0.279999944641E+003     0.720354941213E-006    -0.290810267457E-006     0.154965150907E-007
     0.455969289968E+000    -0.279999978904E+003     0.273243526945E-006    -0.972186776899E-007     0.183967477764E-007
     0.465969289968E+000    -0.279999989169E+003     0.130455731947E-006    -0.414950402594E-007     0.197657085634E-007
     0.475969289968E+000    -0.279999990045E+003     0.113218308638E-006    -0.377804002757E-007     0.209592639268E-007
     0.485969289968E+000    -0.279999992331E+003     0.807189290782E-007    -0.264509757132E-007     0.218086872387E-007
     0.495969289968E+000    -0.279999995151E+003     0.427084121752E-007    -0.125748376468E-007     0.222538989875E-007
     0.505969289968E+000    -0.279999996422E+003     0.258501936321E-007    -0.719374508423E-008     0.225222238799E-007
     0.515969289968E+000    -0.279999997154E+003     0.168101806252E-007    -0.456028095381E-008     0.226964014718E-007
     0.525969289968E+000    -0.279999997615E+003     0.117164536449E-007    -0.318565164292E-008     0.228178196180E-007
     0.535969289968E+000    -0.279999997943E+003     0.854047324904E-008    -0.234898088836E-008     0.229063957969E-007
     0.545969289968E+000    -0.279999998188E+003     0.646769333051E-008    -0.180355166623E-008     0.229735403094E-007
     0.555969289968E+000    -0.279999998379E+003     0.505824966850E-008    -0.142641071962E-008     0.230260955539E-007
     0.565969289968E+000    -0.279999998108E+003     0.957683389728E-008    -0.337961075732E-008     0.231276521964E-007
     0.575969289968E+000    -0.279999998495E+003     0.545706625307E-008    -0.170213214027E-008     0.231848158439E-007
     0.585969289968E+000    -0.279999998831E+003     0.183753406116E-008    -0.313965608724E-009     0.232034574796E-007
     0.595969289968E+000    -0.279999998856E+003     0.221607267827E-008    -0.569127947349E-009     0.232263373501E-007
     0.605969289968E+000    -0.279999998843E+003     0.305860357798E-008    -0.952989802046E-009     0.232583736504E-007
     0.615969289968E+000    -0.279999998956E+003     0.219393307911E-008    -0.611673463316E-009     0.232811497054E-007
     0.625969289968E+000    -0.279999998584E+003     0.756918375639E-008    -0.280373032066E-008     0.233618673902E-007
     0.635969289968E+000    -0.279999998366E+003     0.108736152332E-007    -0.405113662627E-008     0.234779049773E-007
     0.645969289968E+000    -0.280000004640E+003    -0.703131942974E-007     0.288419529452E-007     0.242378920523E-007
     0.655969289968E+000    -0.280000001466E+003    -0.286218145064E-007     0.105778567299E-007     0.245430312531E-007
     0.665969289968E+000    -0.280000000338E+003    -0.126941915330E-007     0.422831604107E-008     0.246768300406E-007
     0.675969289968E+000    -0.279999999926E+003    -0.638258449594E-008     0.197960997442E-008     0.247436553655E-007
     0.685969289968E+000    -0.280000002085E+003    -0.338384587339E-007     0.133183672822E-007     0.251073063240E-007
     0.695969289968E+000    -0.280000000901E+003    -0.179956154328E-007     0.654094417275E-008     0.252987811593E-007
     0.705969289968E+000    -0.280000000626E+003    -0.137784585590E-007     0.495026181862E-008     0.254451884721E-007
     0.715969289968E+000    -0.279999999789E+003    -0.241536709726E-008     0.483183247018E-009     0.254698206954E-007
     0.725969289968E+000    -0.279999999799E+003    -0.220873910799E-008     0.663140850450E-009     0.254928821009E-007
     0.735969289968E+000    -0.279999999831E+003    -0.248587760449E-008     0.904774385346E-009     0.255193362200E-007
     0.745969289968E+000    -0.280000000283E+003    -0.828897035984E-008     0.330986569161E-008     0.256085899261E-007
     0.755969289968E+000    -0.279999999910E+003    -0.338302570565E-008     0.125510704055E-008     0.256446733802E-007
