   _____  _____  _    _ _   ______  _____ 
  |  __ \|  __ \| |  | | | |  ____|/ ____|
  | |  | | |__) | |  | | |_| |__  | (___  
  | |  | |  _  /| |  | | __|  __|  \___ \ 
  | |__| | | \ \| |__| | |_| |____ ____) | 
  |_____/|_|  \_\\____/ \__|______|_____/ 
  
  
  
 DRUtES is initialising, reading input files
 ---------------------------------------------------------------
 18hrs : 13min : 20.066s  -  2018/02/27    total number of parallel images is:                    1
 ---------------------------------------------------------------
 18hrs : 13min : 20.066s  -  2018/02/27    reading input files and allocating...
 ---------------------------------------------------------------
 18hrs : 13min : 20.194s  -  2018/02/27    number of nodes:                 6843 number of elements:                13122
 ---------------------------------------------------------------
 18hrs : 13min : 20.225s  -  2018/02/27    calculating elements geometrical properties...
 ---------------------------------------------------------------
 18hrs : 13min : 20.233s  -  2018/02/27    analyzing mesh structure...
 ---------------------------------------------------------------
 18hrs : 13min : 20.238s  -  2018/02/27    creating graph of the discretization mesh, and searching for boundary nodes...
 ---------------------------------------------------------------
 18hrs : 13min : 20.661s  -  2018/02/27    DRUtES solves Richards' equation, in                    2 D, in cylindric coordinates and axysimmetric flow, in total hydraulic head form.
 ---------------------------------------------------------------
 18hrs : 13min : 20.662s  -  2018/02/27    making output files for observation time
 ---------------------------------------------------------------
 18hrs : 13min : 21.845s  -  2018/02/27    go 4 solving
 ---------------------------------------------------------------
 18hrs : 37min : 49.197s  -  2018/02/27    making output files for observation time
 ---------------------------------------------------------------
 18hrs : 37min : 50.391s  -  2018/02/27    # real elapsed CPU time =   24.470259602864584 min
 ---------------------------------------------------------------
 18hrs : 37min : 50.391s  -  2018/02/27    minimal adjusted time step was   9.9999999999999995E-007
 ---------------------------------------------------------------
 18hrs : 37min : 50.391s  -  2018/02/27    F I N I S H E D !!!!!
 ---------------------------------------------------------------
 18hrs : 37min : 50.391s  -  2018/02/27    Peak RAM  consumption on image                    1 was:                30880 kB
 ---------------------------------------------------------------
 18hrs : 37min : 50.391s  -  2018/02/27    Peak SWAP consumption on image                    1 was:                    0 kB
