 #        time                      h  [L]            Darcian flow [L.T^{-1}]   in    x         z              directions   cumulative flux
 #-----------------------------------------------------------------------------------------------

     0.100000000000E-005    -0.280000000000E+003     0.337031748053E-014     0.615061287978E-014     0.701349261898E-020
     0.205999994278E-005    -0.280000000000E+003     0.674063496106E-014     0.821785997647E-014     0.182799199239E-019
     0.318359982147E-005    -0.280000000000E+003     0.337031748053E-014     0.143173444460E-013     0.348065957452E-019
     0.437461562859E-005    -0.280000000000E+003     0.337031748053E-014     0.143173444460E-013     0.523248711702E-019
     0.563709231599E-005    -0.280000000000E+003     0.674063496106E-014     0.123012257596E-013     0.700336130277E-019
     0.697531753239E-005    -0.280000000000E+003     0.101109524416E-013     0.143684728563E-013     0.935454482865E-019
     0.839383618521E-005    -0.280000000000E+003     0.674063496106E-014     0.123012257596E-013     0.113442988489E-018
     0.989746587602E-005    -0.280000000000E+003     0.674063496106E-014     0.123012257596E-013     0.134534379966E-018
     0.114913132622E-004    -0.280000000000E+003     0.337031748053E-014     0.102339786629E-013     0.151707548162E-018
     0.131807914004E-004    -0.280000000000E+003     0.674063496106E-014     0.821785997647E-014     0.169664513873E-018
     0.149716381303E-004    -0.280000000000E+003     0.674063496106E-014     0.123012257596E-013     0.194784694516E-018
     0.168699355614E-004    -0.280000000000E+003     0.337031748053E-014     0.143173444460E-013     0.222706152013E-018
     0.188821307298E-004    -0.280000000000E+003     0.150020425081E-029     0.122500973493E-013     0.247355738712E-018
     0.210150574931E-004    -0.280000000000E+003     0.337031748053E-014     0.143173444460E-013     0.278728284969E-018
     0.232759597402E-004    -0.280000000000E+003     0.337031748053E-014     0.184007102291E-013     0.321022580110E-018
     0.256725159928E-004    -0.280000000000E+003     0.337031748053E-014     0.224840760122E-013     0.375508944759E-018
     0.282128654833E-004    -0.280000000000E+003     0.101109524416E-013     0.225352044224E-013     0.438254384005E-018
     0.309056357980E-004    -0.280000000000E+003     0.101109524416E-013     0.225352044224E-013     0.504764546015E-018
     0.337599721774E-004    -0.280000000000E+003     0.674063496106E-014     0.204679573258E-013     0.566273570223E-018
     0.367855685763E-004    -0.280000000000E+003     0.101109524416E-013     0.143684728563E-013     0.619431531393E-018
     0.399927005860E-004    -0.280000000000E+003     0.168515874027E-013     0.144196012665E-013     0.690561995836E-018
     0.433922603327E-004    -0.280000000000E+003     0.168515874027E-013     0.144196012665E-013     0.765960284076E-018
     0.469957934698E-004    -0.280000000000E+003     0.101109524416E-013     0.102851070732E-013     0.817933025350E-018
     0.508155383889E-004    -0.280000000000E+003     0.134812699221E-013     0.826898838675E-014     0.878343086183E-018
     0.548644677845E-004    -0.280000000000E+003     0.134812699221E-013     0.826898838675E-014     0.942377747209E-018
     0.591563327122E-004    -0.280000000000E+003     0.134812699221E-013     0.826898838675E-014     0.101025448423E-017
     0.637057092900E-004    -0.280000000000E+003     0.134812699221E-013     0.826898838675E-014     0.108220382159E-017
     0.685280482021E-004    -0.280000000000E+003     0.101109524416E-013     0.102851070732E-013     0.115175505453E-017
     0.736397271730E-004    -0.280000000000E+003     0.101109524416E-013     0.620174129006E-014     0.121238675458E-017
     0.790581065897E-004    -0.280000000000E+003     0.337031748053E-014     0.102339786629E-013     0.127076796590E-017
     0.848015884613E-004    -0.280000000000E+003     0.337031748053E-014     0.143173444460E-013     0.135524702716E-017
     0.908896789166E-004    -0.280000000000E+003     0.674063496106E-014     0.163845915427E-013     0.146310953860E-017
     0.973430544509E-004    -0.280000000000E+003     0.674063496106E-014     0.163845915427E-013     0.157744379455E-017
     0.104183632148E-003    -0.280000000000E+003     0.674063496106E-014     0.163845915427E-013     0.169863809932E-017
     0.111434644115E-003    -0.280000000000E+003     0.101109524416E-013     0.102851070732E-013     0.180321739820E-017
     0.119120716386E-003    -0.280000000000E+003     0.168515874027E-013     0.103362354834E-013     0.195516343886E-017
     0.127267952553E-003    -0.280000000000E+003     0.134812699221E-013     0.826898838675E-014     0.208401367439E-017
     0.135904022424E-003    -0.280000000000E+003     0.674063496106E-014     0.123012257596E-013     0.220515169898E-017
     0.145058255993E-003    -0.280000000000E+003     0.674063496106E-014     0.123012257596E-013     0.233355799811E-017
     0.154761743052E-003    -0.280000000000E+003     0.674063496106E-014     0.123012257596E-013     0.246966866785E-017
     0.165047438780E-003    -0.280000000000E+003     0.674063496106E-014     0.123012257596E-013     0.261394596998E-017
     0.175950275662E-003    -0.280000000000E+003     0.101109524416E-013     0.620174129006E-014     0.274326894572E-017
     0.187507282134E-003    -0.280000000000E+003     0.674063496106E-014     0.413449419337E-014     0.283465717698E-017
     0.199757708333E-003    -0.280000000000E+003     0.101109524416E-013     0.620174129006E-014     0.297996445683E-017
     0.212743159403E-003    -0.280000000000E+003     0.674063496106E-014     0.413449419337E-014     0.308264826239E-017
     0.226507736794E-003    -0.280000000000E+003     0.101109524416E-013     0.102851070732E-013     0.328117087680E-017
     0.241098188040E-003    -0.280000000000E+003     0.101109524416E-013     0.143684728563E-013     0.353751658144E-017
     0.256564065527E-003    -0.280000000000E+003     0.101109524416E-013     0.143684728563E-013     0.380924301369E-017
     0.272957894778E-003    -0.280000000000E+003     0.101109524416E-013     0.102851070732E-013     0.404568658553E-017
     0.290335352846E-003    -0.280000000000E+003     0.134812699221E-013     0.123523541698E-013     0.436342583523E-017
     0.308755457403E-003    -0.280000000000E+003     0.134812699221E-013     0.123523541698E-013     0.470022942173E-017
     0.328280767180E-003    -0.280000000000E+003     0.134812699221E-013     0.123523541698E-013     0.505724120415E-017
     0.348977594427E-003    -0.280000000000E+003     0.134812699221E-013     0.826898838675E-014     0.538456583433E-017
     0.370916230124E-003    -0.280000000000E+003     0.674063496106E-014     0.413449419337E-014     0.555804787896E-017
     0.394171182707E-003    -0.280000000000E+003     0.500068083602E-030     0.408336578310E-014     0.565300635663E-017
     0.418821431115E-003    -0.280000000000E+003     0.500068083602E-030     0.408336578310E-014     0.575366233752E-017
     0.444950693017E-003    -0.280000000000E+003     0.100013616720E-029     0.816673156619E-014     0.596705300550E-017
     0.472647709137E-003    -0.280000000000E+003     0.000000000000E+000     0.000000000000E+000     0.596705300550E-017
     0.502006544641E-003    -0.280000000000E+003     0.000000000000E+000     0.000000000000E+000     0.596705300550E-017
     0.533126908594E-003    -0.280000000000E+003     0.500068083602E-030     0.408336578310E-014     0.609412883482E-017
     0.566114492604E-003    -0.280000000000E+003     0.337031748053E-014     0.206724709669E-014     0.622455521139E-017
     0.601081329767E-003    -0.280000000000E+003     0.337031748053E-014    -0.609948446951E-014     0.646822853683E-017
     0.638146175159E-003    -0.280000000000E+003     0.337031748053E-014    -0.201611868641E-014     0.661379372500E-017
     0.677434909153E-003    -0.280000000000E+003     0.000000000000E+000     0.000000000000E+000     0.661379372500E-017
     0.719080964939E-003    -0.280000000000E+003     0.500068083602E-030     0.408336578310E-014     0.678384980419E-017
     0.763225781689E-003    -0.280000000000E+003     0.337031748053E-014     0.615061287978E-014     0.709345915064E-017
     0.810019284919E-003    -0.280000000000E+003     0.337031748053E-014     0.102339786629E-013     0.759764337077E-017
     0.859620395664E-003    -0.280000000000E+003     0.337031748053E-014     0.615061287978E-014     0.794552039487E-017
     0.912197570216E-003    -0.280000000000E+003     0.337031748053E-014     0.615061287978E-014     0.831427002052E-017
     0.967929372233E-003    -0.280000000000E+003     0.337031748053E-014     0.102339786629E-013     0.891476139639E-017
     0.102700507918E-002    -0.280000000000E+003     0.337031748053E-014     0.143173444460E-013     0.978368731582E-017
     0.108962532517E-002    -0.280000000000E+003     0.101109524416E-013     0.102851070732E-013     0.106868414480E-016
     0.115600278233E-002    -0.280000000000E+003     0.101109524416E-013     0.211837550696E-014     0.113725526249E-016
     0.122636288312E-002    -0.280000000000E+003     0.134812699221E-013     0.418562260365E-014     0.123657623355E-016
     0.130094458593E-002    -0.280000000000E+003     0.134812699221E-013     0.418562260365E-014     0.134185645719E-016
     0.138000118665E-002    -0.280000000000E+003     0.168515874027E-013     0.625286970034E-014     0.148395492484E-016
     0.146380117888E-002    -0.280000000000E+003     0.134812699221E-013     0.418562260365E-014     0.160224777135E-016
     0.155262916586E-002    -0.280000000000E+003     0.101109524416E-013     0.620174129006E-014     0.170761025387E-016
     0.164678682697E-002    -0.280000000000E+003     0.101109524416E-013     0.102851070732E-013     0.184341119072E-016
     0.174659394236E-002    -0.280000000000E+003     0.134812699221E-013     0.826898838675E-014     0.200125822082E-016
     0.185238947896E-002    -0.280000000000E+003     0.134812699221E-013     0.826898838675E-014     0.216857606369E-016
     0.196453274170E-002    -0.280000000000E+003     0.134812699221E-013     0.826898838675E-014     0.234593296757E-016
     0.208340459379E-002    -0.280000000000E+003     0.202219048832E-013     0.423675101393E-014     0.259153369131E-016
     0.220940875020E-002    -0.280000000000E+003     0.202219048832E-013    -0.392998055227E-014     0.285110536821E-016
     0.234297314879E-002    -0.280000000000E+003     0.235922223637E-013    -0.594609923868E-014     0.317606759176E-016
     0.248455140365E-002    -0.280000000000E+003     0.235922223637E-013    -0.594609923868E-014     0.352052753012E-016
     0.263462434571E-002    -0.280000000000E+003     0.269625398443E-013    -0.387885214199E-014     0.392932800068E-016
     0.279370165569E-002    -0.280000000000E+003     0.168515874027E-013    -0.599722764895E-014     0.421386868169E-016
     0.296232359518E-002    -0.280000000000E+003     0.168515874027E-013    -0.191386186586E-014     0.449985013155E-016
     0.314106284138E-002    -0.280000000000E+003     0.134812699221E-013     0.102256820554E-015     0.474082026559E-016
     0.333052643213E-002    -0.280000000000E+003     0.101109524416E-013     0.211837550696E-014     0.493654530139E-016
     0.353135782749E-002    -0.280000000000E+003     0.337031748053E-014     0.102339786629E-013     0.515293435853E-016
     0.374423909507E-002    -0.280000000000E+003     0.101109524416E-013     0.143684728563E-013     0.552695430912E-016
     0.396989322653E-002    -0.280000000000E+003     0.337031748053E-014     0.184007102291E-013     0.594908146866E-016
     0.420908659296E-002    -0.280000000000E+003     0.337031748053E-014     0.143173444460E-013     0.630090343844E-016
     0.446263154769E-002    -0.280000000000E+003     0.100013616720E-029     0.816673156619E-014     0.650796679697E-016
     0.473138918520E-002    -0.280000000000E+003     0.100013616720E-029     0.816673156619E-014     0.672745394516E-016
     0.501627226558E-002    -0.280000000000E+003     0.500068083602E-030     0.408336578310E-014     0.684378212742E-016
     0.531824831448E-002    -0.280000000000E+003     0.500068083602E-030     0.408336578310E-014     0.696708999396E-016
     0.563834290904E-002    -0.280000000000E+003     0.337031748053E-014     0.102339786629E-013     0.731198112710E-016
     0.597764316095E-002    -0.280000000000E+003     0.337031748053E-014     0.143173444460E-013     0.781104715370E-016
     0.633730140856E-002    -0.280000000000E+003     0.674063496106E-014     0.123012257596E-013     0.831553924670E-016
     0.671853913045E-002    -0.280000000000E+003     0.674063496106E-014     0.123012257596E-013     0.885030083641E-016
     0.712265109384E-002    -0.280000000000E+003     0.150020425081E-029     0.122500973493E-013     0.934534192556E-016
     0.755100975191E-002    -0.280000000000E+003    -0.337031748053E-014     0.183495818188E-013     0.101445106343E-015
     0.800506990496E-002    -0.280000000000E+003    -0.337031748053E-014     0.101828502526E-013     0.106315406411E-015
     0.848637364120E-002    -0.280000000000E+003     0.150020425081E-029     0.122500973493E-013     0.112211424034E-015
     0.899655557408E-002    -0.280000000000E+003     0.150020425081E-029     0.122500973493E-013     0.118461202378E-015
     0.953734839373E-002    -0.280000000000E+003    -0.337031748053E-014     0.183495818188E-013     0.128550521019E-015
     0.101105887516E-001    -0.280000000000E+003     0.150020425081E-029     0.122500973493E-013     0.135572771207E-015
     0.107182234982E-001    -0.280000000000E+003     0.674063496106E-014     0.821785997647E-014     0.142031142028E-015
     0.113623162948E-001    -0.280000000000E+003     0.337031748053E-014     0.206724709669E-014     0.144577757433E-015
     0.120450546223E-001    -0.280000000000E+003     0.337031748053E-014     0.102339786629E-013     0.151934032716E-015
     0.127687572104E-001    -0.280000000000E+003     0.674063496106E-014     0.413449419337E-014     0.157656786238E-015
     0.135358819124E-001    -0.280000000000E+003     0.674063496106E-014     0.413449419337E-014     0.163722904643E-015
     0.143490340526E-001    -0.280000000000E+003     0.674063496106E-014     0.413449419337E-014     0.170152989806E-015
     0.152109752747E-001    -0.280000000000E+003     0.337031748053E-014     0.206724709669E-014     0.173560934758E-015
     0.161246329208E-001    -0.280000000000E+003     0.337031748053E-014     0.615061287978E-014     0.179968865915E-015
     0.170931099734E-001    -0.280000000000E+003     0.150020425081E-029     0.122500973493E-013     0.191832804090E-015
     0.181196955938E-001    -0.280000000000E+003     0.500068083602E-030     0.408336578310E-014     0.196024728685E-015
     0.192078762926E-001    -0.280000000000E+003     0.674063496106E-014    -0.403223737282E-014     0.204571977514E-015
     0.203613477710E-001    -0.280000000000E+003     0.674063496106E-014    -0.403223737282E-014     0.213632060784E-015
     0.215840274722E-001    -0.280000000000E+003     0.674063496106E-014    -0.811560315592E-014     0.226531138914E-015
     0.228800678855E-001    -0.280000000000E+003     0.337031748053E-014    -0.609948446951E-014     0.235562853047E-015
     0.242538706494E-001    -0.280000000000E+003    -0.337031748053E-014    -0.615061287978E-014     0.245198008592E-015
     0.257101015006E-001    -0.280000000000E+003    -0.134812699221E-013     0.398110896254E-014     0.265667966906E-015
     0.272537061195E-001    -0.280000000000E+003    -0.674063496106E-014    -0.511284102770E-016     0.276073141478E-015
     0.288899269272E-001    -0.280000000000E+003    -0.674063496106E-014    -0.821785997647E-014     0.293464050704E-015
     0.306243208897E-001    -0.280000000000E+003     0.674063496106E-014    -0.162823347221E-013     0.324028313700E-015
     0.324627783907E-001    -0.280000000000E+003    -0.101109524416E-013    -0.143684728563E-013     0.356328937963E-015
     0.344115432366E-001    -0.280000000000E+003    -0.202219048832E-013    -0.246535799294E-013     0.418467481329E-015
     0.364772338618E-001    -0.280000000000E+003    -0.202219048832E-013    -0.205702141463E-013     0.478053226946E-015
     0.386668658063E-001    -0.279999999999E+003     0.646629111817E-010    -0.238218850329E-010     0.151368548592E-012
     0.408564977507E-001    -0.280000000000E+003     0.239798088740E-010    -0.688845853388E-011     0.205998970202E-012
     0.430461296952E-001    -0.280000000000E+003     0.116006327680E-010    -0.390145637600E-011     0.232798136903E-012
     0.452357616397E-001    -0.280000000000E+003     0.277377128648E-011    -0.234935449626E-011     0.240757463689E-012
     0.474253935841E-001    -0.280000000000E+003    -0.221429858471E-011    -0.243618990926E-011     0.247966023207E-012
     0.496150255286E-001    -0.279999999941E+003     0.436569693544E-008    -0.161697997764E-008     0.104418572092E-010
     0.519360352644E-001    -0.279999999279E+003     0.530847990458E-007    -0.193143354171E-007     0.141554040182E-009
     0.543963054516E-001    -0.280000000200E+003    -0.152962970922E-007     0.634273162391E-008     0.182294134718E-009
     0.570041917092E-001    -0.280000000035E+003    -0.365439817007E-008     0.134937366520E-008     0.192453328027E-009
     0.596120779669E-001    -0.280000000002E+003    -0.113044155645E-008     0.167400174494E-009     0.195433539533E-009
     0.622199642245E-001    -0.279999999991E+003    -0.248692356581E-009     0.339534064420E-009     0.196531119731E-009
     0.648278504821E-001    -0.279999999983E+003     0.147596313436E-009     0.585181716383E-009     0.198105000830E-009
     0.675922097660E-001    -0.279999999973E+003     0.443870812241E-009     0.875471653049E-009     0.200818402057E-009
     0.705224304487E-001    -0.279999999960E+003     0.689192851398E-009     0.109700731678E-008     0.204614606530E-009
     0.736284642048E-001    -0.279999999947E+003     0.893420609537E-009     0.120307423603E-008     0.209269086985E-009
     0.769208598084E-001    -0.279999999935E+003     0.103557386032E-008     0.120510799073E-008     0.214500473075E-009
     0.804107989599E-001    -0.279999999914E+003     0.179282353287E-008     0.896252974072E-009     0.221495590673E-009
     0.841101342607E-001    -0.279999999910E+003     0.142978304471E-008     0.116049627149E-008     0.228307825126E-009
     0.880314294680E-001    -0.279999999907E+003     0.115860730013E-008     0.679815821822E-009     0.233575396634E-009
     0.919527246752E-001    -0.279999999910E+003     0.889969404583E-009     0.237405550975E-009     0.237187262753E-009
     0.958740198825E-001    -0.279999999917E+003     0.627445264947E-009    -0.103421372787E-009     0.239680859794E-009
     0.997953150897E-001    -0.279999999927E+003     0.392375731530E-009    -0.306732792642E-009     0.241633821183E-009
     0.103951887785E+000    -0.279999999959E+003    -0.154332904033E-008     0.169709465354E-009     0.248087448561E-009
     0.108357854604E+000    -0.279999999953E+003    -0.433844117773E-009    -0.268099065080E-009     0.250334482254E-009
     0.113028179180E+000    -0.279999999957E+003    -0.191093630865E-009    -0.323649483727E-009     0.252089839536E-009
     0.117978722964E+000    -0.279999999963E+003    -0.130650357155E-009    -0.291957350384E-009     0.253673306469E-009
     0.122929266748E+000    -0.279999999967E+003    -0.109855498294E-009    -0.242109141011E-009     0.254989490878E-009
     0.127879810531E+000    -0.279999999971E+003    -0.928353950135E-010    -0.187034271787E-009     0.256023197487E-009
     0.132830354315E+000    -0.279999999976E+003    -0.514347521077E-009    -0.145002741283E-008     0.263639851425E-009
     0.138077930442E+000    -0.279999999944E+003     0.436102230503E-009     0.123028375619E-008     0.270489462665E-009
     0.143640360837E+000    -0.279999999881E+003     0.155660472144E-008     0.306190770565E-008     0.289595659729E-009
     0.149202791231E+000    -0.279999999712E+003     0.100842224666E-007     0.152594384455E-008     0.346327009048E-009
     0.155098967131E+000    -0.279999998846E+003     0.729169235471E-007    -0.170950796725E-007     0.787915531757E-009
     0.160995143031E+000    -0.279999999455E+003     0.202100818587E-007    -0.936697695991E-009     0.907205649283E-009
     0.166891318931E+000    -0.279999999574E+003     0.735637849748E-008     0.184361893262E-008     0.951921539578E-009
     0.173141265048E+000    -0.279999999580E+003     0.500965676404E-008     0.167931785042E-008     0.984943956194E-009
     0.179766207574E+000    -0.279999999584E+003     0.381121905009E-008     0.138375496651E-008     0.101180576457E-008
     0.186391150100E+000    -0.279999999177E+003     0.355590604786E-007    -0.839173264417E-008     0.125385363684E-008
     0.193016092626E+000    -0.279999999497E+003     0.981085265453E-008    -0.897726900000E-009     0.131912150793E-008
     0.200038531325E+000    -0.279999999567E+003     0.436118408762E-008     0.170497539349E-009     0.134977105088E-008
     0.207060970023E+000    -0.279999999593E+003     0.287239352182E-008     0.379302409063E-009     0.137011736560E-008
     0.214083408722E+000    -0.279999999779E+003    -0.109229124882E-007     0.399020999758E-008     0.145178074726E-008
     0.221105847420E+000    -0.279999999672E+003    -0.109008874687E-008     0.662648980581E-009     0.146073923558E-008
     0.228549632039E+000    -0.279999999668E+003     0.495874811646E-009     0.188533563467E-009     0.146468820881E-008
     0.236440043309E+000    -0.279999999649E+003     0.307644602296E-008    -0.547470377111E-009     0.148934400043E-008
     0.244330454579E+000    -0.279999999670E+003     0.216809827588E-008    -0.226086262368E-009     0.150654394803E-008
     0.252220865848E+000    -0.280000000131E+003    -0.337096761281E-007     0.910887309010E-008     0.178206665137E-008
     0.260111277118E+000    -0.280000000008E+003    -0.235785692067E-007     0.716234550513E-008     0.197650536066E-008
     0.268001688388E+000    -0.280000010259E+003    -0.838372922721E-006     0.236574355842E-006     0.884993941705E-008
     0.275892099658E+000    -0.280000001991E+003    -0.164055712374E-006     0.392302337711E-007     0.101809020732E-007
     0.284255935152E+000    -0.280000000522E+003    -0.415478717509E-007     0.109346094880E-007     0.105402348085E-007
     0.292619770647E+000    -0.280000000121E+003    -0.131044481988E-007     0.441697546605E-008     0.106558967757E-007
     0.300983606141E+000    -0.279999999965E+003    -0.492694242381E-008     0.232577245588E-008     0.107014654654E-007
     0.309849271287E+000    -0.279999999889E+003    -0.199615141645E-008     0.120583843946E-008     0.107221410383E-007
     0.318714936432E+000    -0.279999999851E+003    -0.859387143981E-009     0.658957790549E-009     0.107317420732E-007
     0.327580601578E+000    -0.279999999831E+003    -0.377377818897E-009     0.387125524842E-009     0.107365351128E-007
     0.336446266724E+000    -0.279999999821E+003    -0.155496337724E-009     0.239324664035E-009     0.107390654085E-007
     0.345843871271E+000    -0.279999999815E+003     0.428030320381E-010     0.389506175148E-009     0.107427478687E-007
     0.355241475818E+000    -0.279999999822E+003    -0.862464243952E-010    -0.151403886110E-009     0.107443853614E-007
     0.364639080365E+000    -0.279999999834E+003    -0.197396124663E-009    -0.330087756424E-009     0.107479997533E-007
     0.374036684912E+000    -0.279999999844E+003    -0.245851179106E-009    -0.311134847770E-009     0.107517263236E-007
     0.383434289459E+000    -0.280000000600E+003    -0.604516116992E-007     0.153278093759E-007     0.113378038530E-007
     0.392831894006E+000    -0.279999998923E+003     0.743893141269E-007    -0.202270863424E-007     0.120622674414E-007
     0.402229498553E+000    -0.279999999732E+003     0.532032588574E-008     0.488551573626E-009     0.121124761172E-007
     0.411627103100E+000    -0.280000001744E+003    -0.159365137275E-006     0.447886400319E-007     0.136681492627E-007
     0.421024707647E+000    -0.280000000138E+003    -0.285403034004E-007     0.790644611461E-008     0.139464613179E-007
     0.430422312194E+000    -0.280000007743E+003    -0.638839062593E-006     0.173224454067E-006     0.201668099468E-007
     0.439819916741E+000    -0.279999996024E+003     0.315547169441E-006    -0.895640699219E-007     0.232493350988E-007
     0.449781377023E+000    -0.279999999309E+003     0.451121074245E-007    -0.956171137987E-008     0.237087008555E-007
     0.459781377023E+000    -0.279999999692E+003     0.899290018458E-008    -0.165165872095E-008     0.238001340170E-007
     0.469781377023E+000    -0.279999999742E+003     0.302035382779E-008     0.311842532892E-009     0.238304981126E-007
     0.479781377023E+000    -0.280000005232E+003    -0.439460947081E-006     0.117285209054E-006     0.283789236014E-007
     0.489781377023E+000    -0.280000000655E+003    -0.602672249858E-007     0.127322587927E-007     0.289948983429E-007
     0.499781377023E+000    -0.280000000121E+003    -0.148073685113E-007     0.340867698055E-008     0.291468447943E-007
     0.509781377023E+000    -0.279999999977E+003    -0.513405180306E-008     0.150644013611E-008     0.292003497939E-007
     0.519781377023E+000    -0.279999992004E+003     0.635122031414E-006    -0.168300125785E-006     0.357707754051E-007
     0.529781377023E+000    -0.279999998693E+003     0.810847296537E-007    -0.169334694500E-007     0.365991156595E-007
     0.539781377023E+000    -0.279999999665E+003     0.275884078417E-009     0.367568139058E-009     0.366037115094E-007
     0.549781377023E+000    -0.280000015469E+003    -0.126861338704E-005     0.337043344471E-006     0.497299377067E-007
     0.559781377023E+000    -0.280000002298E+003    -0.174123214355E-006     0.358266993536E-007     0.515076453926E-007
     0.569781377023E+000    -0.280000001080E+003    -0.668476585000E-007     0.149784200290E-007     0.521926973989E-007
     0.579781377023E+000    -0.280000000456E+003    -0.197234955533E-007     0.418673778988E-008     0.523943270223E-007
     0.589781377023E+000    -0.279999998893E+003     0.101759783863E-006    -0.275503647310E-007     0.534485602132E-007
     0.599781377023E+000    -0.279999999854E+003     0.181058544352E-007    -0.425843503996E-008     0.536345592008E-007
     0.609781377023E+000    -0.280000000155E+003    -0.948925019130E-008     0.254279408747E-008     0.537327995545E-007
     0.619781377023E+000    -0.279999997137E+003     0.232411447778E-006    -0.621024959133E-007     0.561384554122E-007
     0.629781377023E+000    -0.279999999996E+003    -0.420868058357E-008     0.276206463609E-008     0.561887962439E-007
     0.639781377023E+000    -0.279999999273E+003     0.529261312405E-007    -0.140827546617E-007     0.567364730963E-007
     0.649781377023E+000    -0.279999999824E+003     0.790740517585E-008    -0.180451900245E-008     0.568175800291E-007
     0.659781377023E+000    -0.279999999629E+003     0.239919319457E-007    -0.530408395655E-008     0.570632924840E-007
     0.669781377023E+000    -0.279999999823E+003     0.109077696496E-007    -0.403856369849E-008     0.571796064709E-007
     0.679781377023E+000    -0.280000001497E+003    -0.120287101920E-006     0.301043988897E-007     0.584195767012E-007
     0.689781377023E+000    -0.280000000363E+003    -0.229068547856E-007     0.324955109648E-008     0.586509386641E-007
     0.699781377023E+000    -0.280000001830E+003    -0.138159443572E-006     0.349587776551E-007     0.600760754288E-007
     0.709781377023E+000    -0.279999997627E+003     0.204219738860E-006    -0.565886404610E-007     0.621952256352E-007
     0.719781377023E+000    -0.279999999496E+003     0.488997847708E-007    -0.123745058697E-007     0.626996379017E-007
     0.729781377023E+000    -0.279999997879E+003     0.176421494600E-006    -0.470777053413E-007     0.645255857130E-007
     0.739781377023E+000    -0.279999999672E+003     0.277039895087E-007    -0.641864324093E-008     0.648099639850E-007
     0.749781377023E+000    -0.280000004416E+003    -0.355260770462E-006     0.941870409645E-007     0.684853063325E-007
     0.759781377023E+000    -0.280000001288E+003    -0.949777266502E-007     0.226413179720E-007     0.694616975369E-007
