 #        time                      h  [L]            Darcian flow [L.T^{-1}]   in    x         z              directions   cumulative flux
 #-----------------------------------------------------------------------------------------------

     0.100000000000E-005     0.400000000000E+001    -0.321271395969E-012    -0.262338003245E+004     0.262338003245E-002
     0.205999994278E-005     0.400000000000E+001    -0.297890320057E-012    -0.243245905892E+004     0.520178649572E-002
     0.318359982147E-005     0.400000000000E+001    -0.274683810851E-012    -0.224296353073E+004     0.772198004676E-002
     0.437461562859E-005     0.400000000000E+001    -0.251863001485E-012    -0.205661748074E+004     0.101714439755E-001
     0.563709231599E-005     0.400000000000E+001    -0.229664022410E-012    -0.187534906040E+004     0.125390284450E-001
     0.697531753239E-005     0.400000000000E+001    -0.208341129326E-012    -0.170123442507E+004     0.148156632516E-001
     0.839383618521E-005     0.400000000000E+001    -0.188154600470E-012    -0.153639890784E+004     0.169950737606E-001
     0.989746587602E-005     0.400000000000E+001    -0.169352860526E-012    -0.138287105020E+004     0.190743997302E-001
     0.114913132622E-004     0.400000000000E+001    -0.152149723886E-012    -0.124239677915E+004     0.210545905893E-001
     0.131807914004E-004     0.400000000000E+001    -0.136699793598E-012    -0.111623852439E+004     0.229404511733E-001
     0.149716381303E-004     0.400000000000E+001    -0.123077225309E-012    -0.100500181272E+004     0.247402553831E-001
     0.168699355614E-004     0.400000000000E+001    -0.111264000707E-012    -0.908539513467E+003     0.264649336076E-001
     0.188821307298E-004     0.400000000000E+001    -0.101152359142E-012    -0.825971694147E+003     0.281269498597E-001
     0.210150574931E-004     0.400000000000E+001    -0.925620820355E-013    -0.755826758376E+003     0.297390729811E-001
     0.232759597402E-004     0.400000000000E+001    -0.852461466818E-013    -0.696087612699E+003     0.313128590289E-001
     0.256725159928E-004     0.400000000000E+001    -0.789940478486E-013    -0.645035351446E+003     0.328587225335E-001
     0.282128654833E-004     0.400000000000E+001    -0.735837858645E-013    -0.600857209734E+003     0.343851098401E-001
     0.309056357980E-004     0.400000000000E+001    -0.688262713967E-013    -0.562009155984E+003     0.358984714119E-001
     0.337599721774E-004     0.400000000000E+001    -0.645741421950E-013    -0.527287886107E+003     0.374035284077E-001
     0.367855685763E-004     0.400000000000E+001    -0.607213696214E-013    -0.495827610570E+003     0.389037026407E-001
     0.399927005860E-004     0.400000000000E+001    -0.571965739513E-013    -0.467045469691E+003     0.404015791165E-001
     0.433922603327E-004     0.400000000000E+001    -0.539534271514E-013    -0.440563166368E+003     0.418992999228E-001
     0.469957934698E-004     0.400000000000E+001    -0.509610345057E-013    -0.416128426100E+003     0.433988324955E-001
     0.508155383889E-004     0.400000000000E+001    -0.481961908068E-013    -0.393551763989E+003     0.449020998464E-001
     0.548644677845E-004     0.400000000000E+001    -0.456383062567E-013    -0.372665051576E+003     0.464109943285E-001
     0.591563327122E-004     0.400000000000E+001    -0.432668923276E-013    -0.353300987335E+003     0.479273144449E-001
     0.637057092900E-004     0.400000000000E+001    -0.410609432255E-013    -0.335288045942E+003     0.494526660280E-001
     0.685280482021E-004     0.400000000000E+001    -0.389993462564E-013    -0.318453829166E+003     0.509883583201E-001
     0.736397271730E-004     0.400000000000E+001    -0.370614898772E-013    -0.302630030986E+003     0.525353058854E-001
     0.790581065897E-004     0.400000000000E+001    -0.352273162522E-013    -0.287652866743E+003     0.540939182577E-001
     0.848015884613E-004     0.400000000000E+001    -0.334758046779E-013    -0.273350689368E+003     0.556639029867E-001
     0.908896789166E-004     0.400000000000E+001    -0.317786423644E-013    -0.259492307386E+003     0.572437156265E-001
     0.973430544509E-004     0.400000000000E+001    -0.300637107809E-013    -0.245488828304E+003     0.588279472250E-001
     0.104183632148E-003     0.400000000000E+001    -0.281434910974E-013    -0.229809044673E+003     0.603999738506E-001
     0.111434644115E-003     0.400000000000E+001    -0.267487582387E-013    -0.218420186599E+003     0.619837412376E-001
     0.119120716386E-003     0.400000000000E+001    -0.255536540015E-013    -0.208661419923E+003     0.635875279912E-001
     0.127267952553E-003     0.400000000000E+001    -0.244667313024E-013    -0.199786022545E+003     0.652152318997E-001
     0.135904022424E-003     0.400000000000E+001    -0.234563083691E-013    -0.191535293159E+003     0.668693440742E-001
     0.145058255993E-003     0.400000000000E+001    -0.225077623718E-013    -0.183789827300E+003     0.685517990809E-001
     0.154761743052E-003     0.400000000000E+001    -0.216124012255E-013    -0.176478648706E+003     0.702642573648E-001
     0.165047438780E-003     0.400000000000E+001    -0.207640805597E-013    -0.169551584785E+003     0.720082133760E-001
     0.175950275662E-003     0.400000000000E+001    -0.199579591563E-013    -0.162969103991E+003     0.737850389338E-001
     0.187507282134E-003     0.400000000000E+001    -0.191899550312E-013    -0.156697874396E+003     0.755959972823E-001
     0.199757708333E-003     0.400000000000E+001    -0.184564546375E-013    -0.150708389148E+003     0.774422392811E-001
     0.212743159403E-003     0.400000000000E+001    -0.177540953503E-013    -0.144973190333E+003     0.793247815506E-001
     0.226507736794E-003     0.400000000000E+001    -0.170795075093E-013    -0.139464762584E+003     0.812444550685E-001
     0.241098188040E-003     0.400000000000E+001    -0.164288359544E-013    -0.134151626133E+003     0.832017878292E-001
     0.256564065527E-003     0.400000000000E+001    -0.157964020701E-013    -0.128987411563E+003     0.851966913338E-001
     0.272957894778E-003     0.400000000000E+001    -0.151680781717E-013    -0.123856757575E+003     0.872271778690E-001
     0.290335352846E-003     0.400000000000E+001    -0.144746291657E-013    -0.118194316727E+003     0.892810946518E-001
     0.308755457403E-003     0.400000000000E+001    -0.139415926753E-013    -0.113841743472E+003     0.913780714696E-001
     0.328280767180E-003     0.400000000000E+001    -0.134485765027E-013    -0.109815960913E+003     0.935222621249E-001
     0.348977594427E-003     0.400000000000E+001    -0.129807899584E-013    -0.105996193902E+003     0.957160470389E-001
     0.370916230124E-003     0.400000000000E+001    -0.125334359400E-013    -0.102343271127E+003     0.979613187802E-001
     0.394171182707E-003     0.400000000000E+001    -0.121041593535E-013    -0.988379617857E+002     0.100259790895E+000
     0.418821431115E-003     0.400000000000E+001    -0.116914248867E-013    -0.954677291024E+002     0.102613094132E+000
     0.444950693017E-003     0.400000000000E+001    -0.112940570210E-013    -0.922229742391E+002     0.105022812379E+000
     0.472647709137E-003     0.400000000000E+001    -0.109110708255E-013    -0.890956546255E+002     0.107490496162E+000
     0.502006544641E-003     0.400000000000E+001    -0.105415944449E-013    -0.860786510223E+002     0.110017665118E+000
     0.533126908594E-003     0.400000000000E+001    -0.101848258961E-013    -0.831654147398E+002     0.112605803093E+000
     0.566114492604E-003     0.400000000000E+001    -0.984000325237E-014    -0.803497241753E+002     0.115256346369E+000
     0.601081329767E-003     0.400000000000E+001    -0.950637807600E-014    -0.776254678705E+002     0.117970663464E+000
     0.638146175159E-003     0.400000000000E+001    -0.918318424351E-014    -0.749863899526E+002     0.120750022414E+000
     0.677434909153E-003     0.400000000000E+001    -0.886959109310E-014    -0.724257075532E+002     0.123595536772E+000
     0.719080964939E-003     0.400000000000E+001    -0.856461679002E-014    -0.699354033831E+002     0.126508070483E+000
     0.763225781689E-003     0.400000000000E+001    -0.826693266563E-014    -0.675046280396E+002     0.129488049918E+000
     0.810019284919E-003     0.400000000000E+001    -0.797429346105E-014    -0.651150475925E+002     0.132535011107E+000
     0.859620395664E-003     0.400000000000E+001    -0.768092348256E-014    -0.627194999237E+002     0.135645967969E+000
     0.912197570216E-003     0.400000000000E+001    -0.734159445527E-014    -0.599486681415E+002     0.138797899558E+000
     0.967929372233E-003     0.400000000000E+001    -0.708787017639E-014    -0.578768521775E+002     0.142023480825E+000
     0.102700507918E-002     0.400000000000E+001    -0.684769476186E-014    -0.559156710868E+002     0.145326738624E+000
     0.108962532517E-002     0.400000000000E+001    -0.661358620642E-014    -0.540040296600E+002     0.148708484245E+000
     0.115600278233E-002     0.400000000000E+001    -0.638107980811E-014    -0.521054708390E+002     0.152167112904E+000
     0.122636288312E-002     0.400000000000E+001    -0.613992646906E-014    -0.501363043886E+002     0.155694708334E+000
     0.130094458593E-002     0.400000000000E+001    -0.583288840848E-014    -0.476291483597E+002     0.159246971322E+000
     0.138000118665E-002     0.400000000000E+001    -0.566000054564E-014    -0.462174118250E+002     0.162900762795E+000
     0.146380117888E-002     0.400000000000E+001    -0.549084545083E-014    -0.448361556544E+002     0.166658032291E+000
     0.155262916586E-002     0.400000000000E+001    -0.532908785892E-014    -0.435153046791E+002     0.170523409208E+000
     0.164678682697E-002     0.400000000000E+001    -0.517327255211E-014    -0.422429761439E+002     0.174500909040E+000
     0.174659394236E-002     0.400000000000E+001    -0.502278779386E-014    -0.410141748409E+002     0.178594415521E+000
     0.185238947896E-002     0.400000000000E+001    -0.487728374387E-014    -0.398260441073E+002     0.182807833228E+000
     0.196453274170E-002     0.400000000000E+001    -0.473652711317E-014    -0.386766789941E+002     0.187145162202E+000
     0.208340459379E-002     0.400000000000E+001    -0.460036507004E-014    -0.375648315354E+002     0.191610563300E+000
     0.220940875020E-002     0.400000000000E+001    -0.446874832346E-014    -0.364900992398E+002     0.196208467473E+000
     0.234297314879E-002     0.400000000000E+001    -0.434191234240E-014    -0.354544048571E+002     0.200943913735E+000
     0.248455140365E-002     0.400000000000E+001    -0.422711043295E-014    -0.345169761264E+002     0.205830766978E+000
     0.263462434571E-002     0.400000000000E+001    -0.409788936410E-014    -0.334618060240E+002     0.210852478654E+000
     0.279370165569E-002     0.400000000000E+001    -0.397595179452E-014    -0.324661102065E+002     0.216017100131E+000
     0.296232359518E-002     0.400000000000E+001    -0.386207303273E-014    -0.315362195485E+002     0.221334798636E+000
     0.314106284138E-002     0.400000000000E+001    -0.375124163389E-014    -0.306312124974E+002     0.226809798468E+000
     0.333052643213E-002     0.400000000000E+001    -0.364625118644E-014    -0.297739004338E+002     0.232450868555E+000
     0.353135782749E-002     0.400000000000E+001    -0.353783212180E-014    -0.288885915863E+002     0.238252604713E+000
     0.374423909507E-002     0.400000000000E+001    -0.343470225366E-014    -0.280464723057E+002     0.244223173288E+000
     0.396989322653E-002     0.400000000000E+001    -0.333534349690E-014    -0.272351464865E+002     0.250368896614E+000
     0.420908659296E-002     0.400000000000E+001    -0.323931033923E-014    -0.264509762446E+002     0.256695794667E+000
     0.446263154769E-002     0.400000000000E+001    -0.314814568402E-014    -0.257065603423E+002     0.263213563346E+000
     0.473138918520E-002     0.400000000000E+001    -0.305698046150E-014    -0.249621398074E+002     0.269922329067E+000
     0.501627226558E-002     0.400000000000E+001    -0.297038472386E-014    -0.242550319482E+002     0.276832177284E+000
     0.531824831448E-002     0.400000000000E+001    -0.288522127679E-014    -0.235596196291E+002     0.283946618133E+000
     0.563834290904E-002     0.400000000000E+001    -0.279946573311E-014    -0.228593724743E+002     0.291263779697E+000
     0.597764316095E-002     0.400000000000E+001    -0.272439114567E-014    -0.222463419458E+002     0.298811969123E+000
     0.633730140856E-002     0.400000000000E+001    -0.264372684005E-014    -0.215876679046E+002     0.306576151932E+000
     0.671853913045E-002     0.400000000000E+001    -0.256822504141E-014    -0.209711489321E+002     0.314571144976E+000
     0.712265109384E-002     0.400000000000E+001    -0.249380002432E-014    -0.203634225481E+002     0.322800247643E+000
     0.755100975191E-002     0.400000000000E+001    -0.242361218256E-014    -0.197902953264E+002     0.331277591992E+000
     0.800506990496E-002     0.400000000000E+001    -0.235237510648E-014    -0.192086004562E+002     0.339999452055E+000
     0.848637364120E-002     0.400000000000E+001    -0.228787572984E-014    -0.186819230772E+002     0.348991131432E+000
     0.899655557408E-002     0.400000000000E+001    -0.221747768956E-014    -0.181070794543E+002     0.358229036227E+000
     0.953734839373E-002     0.400000000000E+001    -0.215600409496E-014    -0.176051094606E+002     0.367749753013E+000
     0.101105887516E-001     0.400000000000E+001    -0.209729026213E-014    -0.171256746320E+002     0.377566880868E+000
     0.107182234982E-001     0.400000000000E+001    -0.203639740137E-014    -0.166284466900E+002     0.387670902858E+000
     0.113623162948E-001     0.400000000000E+001    -0.197757082731E-014    -0.161480912593E+002     0.398071772117E+000
     0.120450546223E-001     0.400000000000E+001    -0.192066972242E-014    -0.156834584776E+002     0.408779470328E+000
     0.127687572104E-001     0.400000000000E+001    -0.186477652923E-014    -0.152270559195E+002     0.419799330106E+000
     0.135358819124E-001     0.400000000000E+001    -0.181357504047E-014    -0.148089640355E+002     0.431159652229E+000
     0.143490340526E-001     0.400000000000E+001    -0.175744468816E-014    -0.143506249262E+002     0.442828893601E+000
     0.152109752747E-001     0.400000000000E+001    -0.170315647251E-014    -0.139073280043E+002     0.454816192897E+000
     0.161246329208E-001     0.400000000000E+001    -0.165012184002E-014    -0.134742673656E+002     0.467127060301E+000
     0.170931099734E-001     0.400000000000E+001    -0.159743727157E-014    -0.130440652168E+002     0.479759938136E+000
     0.181196955938E-001     0.400000000000E+001    -0.154345675284E-014    -0.126032808310E+002     0.492698285006E+000
     0.192078762926E-001     0.400000000000E+001    -0.148775650960E-014    -0.121484538288E+002     0.505917997983E+000
     0.203613477710E-001     0.400000000000E+001    -0.143077079324E-014    -0.116831301420E+002     0.519394155381E+000
     0.215840274722E-001     0.400000000000E+001    -0.136964391430E-014    -0.111839912966E+002     0.533068594517E+000
     0.228800678855E-001     0.400000000000E+001    -0.130466486706E-014    -0.106533971098E+002     0.546875827711E+000
     0.242538706494E-001     0.400000000000E+001    -0.123637010183E-014    -0.100957280310E+002     0.560745366783E+000
     0.257101015006E-001     0.400000000000E+001    -0.116498350525E-014    -0.951281223342E+001     0.574598217439E+000
     0.272537061195E-001     0.400000000000E+001    -0.108598405487E-014    -0.886773276696E+001     0.588286490697E+000
     0.288899269272E-001     0.400000000000E+001    -0.100263475372E-014    -0.818713407340E+001     0.601682449823E+000
     0.306243208897E-001     0.400000000000E+001    -0.913030738868E-015    -0.745546176664E+001     0.614613157699E+000
     0.324627783907E-001     0.400000000000E+001    -0.818968083712E-015    -0.668738189886E+001     0.626907625114E+000
     0.344115432366E-001     0.400000000000E+001    -0.724750011362E-015    -0.591803295339E+001     0.638440479690E+000
     0.364772338618E-001     0.400000000000E+001    -0.638219200700E-015    -0.521145526322E+001     0.649205733971E+000
     0.386668658063E-001     0.400000000000E+001    -0.569430806066E-015    -0.464975539448E+001     0.659386986917E+000
     0.408564977507E-001     0.400000000000E+001    -0.521584326411E-015    -0.425905923875E+001     0.668712759079E+000
     0.430461296952E-001     0.400000000000E+001    -0.494928336425E-015    -0.404139656242E+001     0.677561930092E+000
     0.452357616397E-001     0.400000000000E+001    -0.470539031887E-015    -0.384224277738E+001     0.685975027616E+000
     0.474253935841E-001     0.400000000000E+001    -0.453878680098E-015    -0.370620068099E+001     0.694090243020E+000
     0.496150255286E-001     0.400000000000E+001    -0.436723479075E-015    -0.356611783397E+001     0.701898728547E+000
     0.519360352644E-001     0.400000000000E+001    -0.421237971987E-015    -0.343966907259E+001     0.709882233952E+000
     0.543963054516E-001     0.400000000000E+001    -0.409240738558E-015    -0.334170422724E+001     0.718103729237E+000
     0.570041917092E-001     0.400000000000E+001    -0.403437036524E-015    -0.329431340371E+001     0.726694923891E+000
     0.596120779669E-001     0.400000000000E+001    -0.396744756696E-015    -0.323966679186E+001     0.735143606397E+000
     0.622199642245E-001     0.400000000000E+001    -0.394414989110E-015    -0.322064279582E+001     0.743542676485E+000
     0.648278504821E-001     0.400000000000E+001    -0.388424370783E-015    -0.317172568494E+001     0.751814176311E+000
     0.675922097660E-001     0.400000000000E+001    -0.385060758565E-015    -0.314425970682E+001     0.760506039823E+000
     0.705224304487E-001     0.400000000000E+001    -0.379940955515E-015    -0.310245334230E+001     0.769596912774E+000
     0.736284642048E-001     0.400000000000E+001    -0.372407410137E-015    -0.304093727593E+001     0.779042166603E+000
     0.769208598084E-001     0.400000000000E+001    -0.365275144519E-015    -0.298269790746E+001     0.788862388080E+000
     0.804107989599E-001     0.400000000000E+001    -0.358314248425E-015    -0.292585787735E+001     0.799073454038E+000
     0.841101342607E-001     0.400000000000E+001    -0.353102227912E-015    -0.288329850009E+001     0.809739741962E+000
     0.880314294680E-001     0.400000000000E+001    -0.351044700249E-015    -0.286649751172E+001     0.820980124916E+000
     0.919527246752E-001     0.400000000000E+001    -0.348084535417E-015    -0.284232593152E+001     0.832125723969E+000
     0.958740198825E-001     0.400000000000E+001    -0.345473146430E-015    -0.282100232223E+001     0.843187706855E+000
     0.997953150897E-001     0.400000000000E+001    -0.341714892493E-015    -0.279031384993E+001     0.854129351181E+000
     0.103951887785E+000     0.400000000000E+001    -0.340977908038E-015    -0.278429591516E+001     0.865702479558E+000
     0.108357854604E+000     0.400000000000E+001    -0.337492310117E-015    -0.275583384819E+001     0.877844592052E+000
     0.113028179180E+000     0.400000000000E+001    -0.335484160547E-015    -0.273943606255E+001     0.890638647620E+000
     0.117978722964E+000     0.400000000000E+001    -0.332590572111E-015    -0.271580811988E+001     0.904083374625E+000
     0.122929266748E+000     0.400000000000E+001    -0.329645107912E-015    -0.269175657946E+001     0.917409033427E+000
     0.127879810531E+000     0.400000000000E+001    -0.326088157703E-015    -0.266271187684E+001     0.930590905156E+000
     0.132830354315E+000     0.400000000000E+001    -0.323165045239E-015    -0.263884285219E+001     0.943654612234E+000
     0.138077930442E+000     0.400000000000E+001    -0.320993811637E-015    -0.262111338437E+001     0.957409104256E+000
     0.143640360837E+000     0.400000000000E+001    -0.318447709877E-015    -0.260032288574E+001     0.971873219312E+000
     0.149202791231E+000     0.400000000000E+001    -0.315915713335E-015    -0.257964756496E+001     0.986222329335E+000
     0.155098967131E+000     0.400000000000E+001    -0.314721286960E-015    -0.256989433345E+001     0.100137487837E+001
     0.160995143031E+000     0.400000000000E+001    -0.311873419573E-015    -0.254663973148E+001     0.101639031418E+001
     0.166891318931E+000     0.400000000000E+001    -0.308714843730E-015    -0.252084800242E+001     0.103125367742E+001
     0.173141265048E+000     0.400000000000E+001    -0.307412616784E-015    -0.251021451245E+001     0.104694238286E+001
     0.179766207574E+000     0.400000000000E+001    -0.305859807520E-015    -0.249753486256E+001     0.106348840779E+001
     0.186391150100E+000     0.400000000000E+001    -0.302983486769E-015    -0.247404792124E+001     0.107987883307E+001
     0.193016092626E+000     0.400000000000E+001    -0.300498145740E-015    -0.245375357164E+001     0.109613480946E+001
     0.200038531325E+000     0.400000000000E+001    -0.298759594809E-015    -0.243955722594E+001     0.111326645053E+001
     0.207060970023E+000     0.400000000000E+001    -0.296663354652E-015    -0.242244012607E+001     0.113027788781E+001
     0.214083408722E+000     0.400000000000E+001    -0.294440699505E-015    -0.240429076947E+001     0.114716187235E+001
     0.221105847420E+000     0.400000000000E+001    -0.290348794720E-015    -0.237087783124E+001     0.116381121659E+001
     0.228549632039E+000     0.400000000000E+001    -0.290779401839E-015    -0.237439400521E+001     0.118148569416E+001
     0.236440043309E+000     0.400000000000E+001    -0.289316655175E-015    -0.236244977227E+001     0.120012639447E+001
     0.244330454579E+000     0.400000000000E+001    -0.282379821688E-015    -0.230580622825E+001     0.121832015392E+001
     0.252220865848E+000     0.400000000000E+001    -0.283688079777E-015    -0.231648896624E+001     0.123659820456E+001
     0.260111277118E+000     0.400000000000E+001    -0.283175597428E-015    -0.231230423029E+001     0.125484323592E+001
     0.268001688388E+000     0.400000000000E+001    -0.280933403752E-015    -0.229399532949E+001     0.127294380252E+001
     0.275892099658E+000     0.400000000000E+001    -0.279604718408E-015    -0.228314579030E+001     0.129095876180E+001
     0.284255935152E+000     0.400000000000E+001    -0.277865226963E-015    -0.226894176473E+001     0.130993581746E+001
     0.292619770647E+000     0.400000000000E+001    -0.275960485896E-015    -0.225338837360E+001     0.132878278712E+001
     0.300983606141E+000     0.400000000000E+001    -0.274369752421E-015    -0.224039904903E+001     0.134752111621E+001
     0.309849271287E+000     0.400000000000E+001    -0.272968232330E-015    -0.222895476900E+001     0.136728228282E+001
     0.318714936432E+000     0.400000000000E+001    -0.271438095751E-015    -0.221646025564E+001     0.138693267725E+001
     0.327580601578E+000     0.400000000000E+001    -0.270142283752E-015    -0.220587914768E+001     0.140648926313E+001
     0.336446266724E+000     0.400000000000E+001    -0.268731285293E-015    -0.219435747090E+001     0.142594370168E+001
     0.345843871271E+000     0.400000000000E+001    -0.267844468760E-015    -0.218711606437E+001     0.144649735355E+001
     0.355241475818E+000     0.400000000000E+001    -0.266724897847E-015    -0.217797407410E+001     0.146696509261E+001
     0.364639080365E+000     0.400000000000E+001    -0.265659347719E-015    -0.216927319701E+001     0.148735106427E+001
     0.374036684912E+000     0.400000000000E+001    -0.263486497102E-015    -0.215153052525E+001     0.150757029732E+001
     0.383434289459E+000     0.400000000000E+001    -0.258474567636E-015    -0.211060501539E+001     0.152740492861E+001
     0.392831894006E+000     0.400000000000E+001    -0.259563165915E-015    -0.211949409492E+001     0.154732309595E+001
     0.402229498553E+000     0.400000000000E+001    -0.255765846705E-015    -0.208848663045E+001     0.156694986740E+001
     0.411627103100E+000     0.400000000000E+001    -0.256782962856E-015    -0.209679201411E+001     0.158665468957E+001
     0.421024707647E+000     0.400000000000E+001    -0.257163177293E-015    -0.209989670060E+001     0.160638868835E+001
     0.430422312194E+000     0.400000000000E+001    -0.253124145990E-015    -0.206691550712E+001     0.162581274292E+001
     0.439819916741E+000     0.400000000000E+001    -0.252937779739E-015    -0.206539371119E+001     0.164522249625E+001
     0.449781377023E+000     0.400000000000E+001    -0.253979176470E-015    -0.207389736083E+001     0.166588154244E+001
     0.459781377023E+000     0.400000000000E+001    -0.251030789181E-015    -0.204982195157E+001     0.168637976196E+001
     0.469781377023E+000     0.400000000000E+001    -0.251560197164E-015    -0.205414489581E+001     0.170692121091E+001
     0.479781377023E+000     0.400000000000E+001    -0.251859028744E-015    -0.205658504084E+001     0.172748706132E+001
     0.489781377023E+000     0.400000000000E+001    -0.251122953992E-015    -0.205057453436E+001     0.174799280667E+001
     0.499781377023E+000     0.400000000000E+001    -0.248107040847E-015    -0.202594773465E+001     0.176825228401E+001
     0.509781377023E+000     0.400000000000E+001    -0.248180517357E-015    -0.202654771588E+001     0.178851776117E+001
     0.519781377023E+000     0.400000000000E+001    -0.249171917846E-015    -0.203464311522E+001     0.180886419232E+001
     0.529781377023E+000     0.400000000000E+001    -0.248572532990E-015    -0.202974876644E+001     0.182916167999E+001
     0.539781377023E+000     0.400000000000E+001    -0.248514494130E-015    -0.202927484319E+001     0.184945442842E+001
     0.549781377023E+000     0.400000000000E+001    -0.243939207611E-015    -0.199191479356E+001     0.186937357636E+001
     0.559781377023E+000     0.400000000000E+001    -0.244898507090E-015    -0.199974806826E+001     0.188937105704E+001
     0.569781377023E+000     0.400000000000E+001    -0.245239782032E-015    -0.200253478965E+001     0.190939640494E+001
     0.579781377023E+000     0.400000000000E+001    -0.241615528535E-015    -0.197294051398E+001     0.192912581007E+001
     0.589781377023E+000     0.400000000000E+001    -0.242594334336E-015    -0.198093306989E+001     0.194893514077E+001
     0.599781377023E+000     0.400000000000E+001    -0.242873703431E-015    -0.198321429166E+001     0.196876728369E+001
     0.609781377023E+000     0.400000000000E+001    -0.242849607535E-015    -0.198301753374E+001     0.198859745903E+001
     0.619781377023E+000     0.400000000000E+001    -0.239182074172E-015    -0.195306985115E+001     0.200812815754E+001
     0.629781377023E+000     0.400000000000E+001    -0.239601425397E-015    -0.195649411376E+001     0.202769309868E+001
     0.639781377023E+000     0.400000000000E+001    -0.239891646451E-015    -0.195886394851E+001     0.204728173816E+001
     0.649781377023E+000     0.400000000000E+001    -0.239961400369E-015    -0.195943353248E+001     0.206687607349E+001
     0.659781377023E+000     0.400000000000E+001    -0.240238671059E-015    -0.196169761948E+001     0.208649304968E+001
     0.669781377023E+000     0.400000000000E+001    -0.239739869458E-015    -0.195762459531E+001     0.210606929563E+001
     0.679781377023E+000     0.400000000000E+001    -0.239567770032E-015    -0.195621929685E+001     0.212563148860E+001
     0.689781377023E+000     0.400000000000E+001    -0.239183476239E-015    -0.195308129989E+001     0.214516230160E+001
     0.699781377023E+000     0.400000000000E+001    -0.238861462808E-015    -0.195045186069E+001     0.216466682021E+001
     0.709781377023E+000     0.400000000000E+001    -0.238484998237E-015    -0.194737779418E+001     0.218414059815E+001
     0.719781377023E+000     0.400000000000E+001    -0.238519405956E-015    -0.194765875453E+001     0.220361718570E+001
     0.729781377023E+000     0.400000000000E+001    -0.237816920359E-015    -0.194192252431E+001     0.222303641094E+001
     0.739781377023E+000     0.400000000000E+001    -0.233129792520E-015    -0.190364922100E+001     0.224207290315E+001
     0.749781377023E+000     0.400000000000E+001    -0.233923005140E-015    -0.191012629358E+001     0.226117416609E+001
     0.759781377023E+000     0.400000000000E+001    -0.234946300197E-015    -0.191848213184E+001     0.228035898740E+001
