 #        time                      h  [L]            Darcian flow [L.T^{-1}]   in    x         z              directions   cumulative flux
 #-----------------------------------------------------------------------------------------------

     0.100000000000E-005    -0.278500000000E+003     0.543533967154E-013     0.594445253902E-013     0.805477705053E-019
     0.205999994278E-005    -0.278500000000E+003     0.271852558115E-013     0.893154705343E-013     0.179510510823E-018
     0.318359982147E-005    -0.278500000000E+003     0.543619541692E-013     0.119037733229E-012     0.326548501862E-018
     0.437461562859E-005    -0.278500000000E+003     0.171149077037E-016     0.119186415678E-012     0.468501408393E-018
     0.563709231599E-005    -0.278500000000E+003    -0.543448392615E-013     0.148682448967E-015     0.537110757816E-018
     0.697531753239E-005    -0.278500000000E+003    -0.543516852246E-012    -0.475258838224E-012     0.150330707683E-017
     0.839383618521E-005    -0.278500000000E+003    -0.184804971814E-011    -0.225948669462E-011     0.564396469704E-017
     0.989746587602E-005    -0.278500000000E+003    -0.614212209282E-011    -0.802828194156E-011     0.208431973615E-016
     0.114913132622E-004    -0.278500000000E+003    -0.190515244727E-010    -0.254239831529E-010     0.714798944796E-016
     0.131807914004E-004    -0.278500000000E+003    -0.560947164120E-010    -0.753511540450E-010     0.230186683363E-015
     0.149716381303E-004    -0.278500000000E+003    -0.155782705400E-009    -0.211248950346E-009     0.700243424996E-015
     0.168699355614E-004    -0.278499999999E+003    -0.412803275995E-009    -0.565691627505E-009     0.202961226843E-014
     0.188821307298E-004    -0.278499999999E+003    -0.105061360518E-008    -0.145522300410E-008     0.564118754673E-014
     0.210150574931E-004    -0.278499999996E+003    -0.257872041599E-008    -0.361225036996E-008     0.151076710573E-013
     0.232759597402E-004    -0.278499999991E+003    -0.612770623855E-008    -0.868444285842E-008     0.391380236254E-013
     0.256725159928E-004    -0.278499999980E+003    -0.141384998457E-007    -0.202823122659E-007     0.983901504905E-013
     0.282128654833E-004    -0.278499999953E+003    -0.317517662852E-007    -0.461256249858E-007     0.240644004758E-012
     0.309056357980E-004    -0.278499999896E+003    -0.695408758578E-007    -0.102347554748E-006     0.573840524366E-012
     0.337599721774E-004    -0.278499999774E+003    -0.148772367923E-006    -0.221939817889E-006     0.133649068361E-011
     0.367855685763E-004    -0.278499999517E+003    -0.311311355743E-006    -0.470984960782E-006     0.304465782853E-011
     0.399927005860E-004    -0.278499998989E+003    -0.637880410716E-006    -0.979231129549E-006     0.679273055735E-011
     0.433922603327E-004    -0.278499997924E+003    -0.128101111871E-005    -0.199654538047E-005     0.148570587802E-010
     0.469957934698E-004    -0.278499995815E+003    -0.252327567156E-005    -0.399511663151E-005     0.318846115831E-010
     0.508155383889E-004    -0.278499991713E+003    -0.487804170079E-005    -0.785088710210E-005     0.671902390780E-010
     0.548644677845E-004    -0.278499983867E+003    -0.926014203609E-005    -0.151593697615E-004     0.139115081942E-009
     0.591563327122E-004    -0.278499969112E+003    -0.172688217262E-004    -0.287746488270E-004     0.283144890637E-009
     0.637057092900E-004    -0.278499941811E+003    -0.316466712393E-004    -0.537111520085E-004     0.566757552871E-009
     0.685280482021E-004    -0.278499892109E+003    -0.570075579509E-004    -0.986222422845E-004     0.111608542362E-008
     0.736397271730E-004    -0.278499803050E+003    -0.100965038270E-003    -0.178175433051E-003     0.216292462820E-008
     0.790581065897E-004    -0.278499645963E+003    -0.175840693993E-003    -0.316789093118E-003     0.412610809572E-008
     0.848015884613E-004    -0.278499373166E+003    -0.301187819532E-003    -0.554386883687E-003     0.774978054862E-008
     0.908896789166E-004    -0.278498906703E+003    -0.507425629873E-003    -0.955067556875E-003     0.143340294295E-007
     0.973430544509E-004    -0.278498121251E+003    -0.840934474006E-003    -0.161987633426E-002     0.261124035523E-007
     0.104183632148E-003    -0.278496818734E+003    -0.137100063798E-002    -0.270518683963E-002     0.468582851351E-007
     0.111434644115E-003    -0.278494691375E+003    -0.219900270874E-002    -0.444853230189E-002     0.828404430260E-007
     0.119120716386E-003    -0.278491269032E+003    -0.347017616463E-002    -0.720401264152E-002     0.144300153574E-006
     0.127267952553E-003    -0.278485845738E+003    -0.538815013608E-002    -0.114895755585E-001     0.247690637676E-006
     0.135904022424E-003    -0.278477379510E+003    -0.823218930963E-002    -0.180484224476E-001     0.419006080706E-006
     0.145058255993E-003    -0.278464358835E+003    -0.123766683354E-001    -0.279263984834E-001     0.698632428421E-006
     0.154761743052E-003    -0.278444629103E+003    -0.183117428500E-001    -0.425663563536E-001     0.114827306989E-005
     0.165047438780E-003    -0.278415172833E+003    -0.266634717553E-001    -0.639190169294E-001     0.186063316738E-005
     0.175950275662E-003    -0.278371839176E+003    -0.382108351519E-001    -0.945677201996E-001     0.297267558352E-005
     0.187507282134E-003    -0.278309021230E+003    -0.538962662812E-001    -0.137861687285E+000     0.468337225520E-005
     0.199757708333E-003    -0.278219284324E+003    -0.748255964558E-001    -0.198049142318E+000     0.727694495161E-005
     0.212743159403E-003    -0.278092954843E+003    -0.102252849516E+000    -0.280398154211E+000     0.111525913473E-004
     0.226507736794E-003    -0.277917687225E+003    -0.137545278975E+000    -0.391289770004E+000     0.168615962651E-004
     0.241098188040E-003    -0.277678036140E+003    -0.182124573494E+000    -0.538265442592E+000     0.251525044432E-004
     0.256564065527E-003    -0.277355070926E+003    -0.237381403092E+000    -0.730009475836E+000     0.370246560489E-004
     0.272957894778E-003    -0.276926078893E+003    -0.304562560905E+000    -0.976247799053E+000     0.537898463799E-004
     0.290335352846E-003    -0.276364411325E+003    -0.384633082371E+000    -0.128754761581E+001     0.771411768611E-004
     0.308755457403E-003    -0.275639528617E+003    -0.478119884917E+000    -0.167500880661E+001     0.109227355353E-003
     0.328280767180E-003    -0.274717303537E+003    -0.584945737021E+000    -0.214984183400E+001     0.152729734260E-003
     0.348977594427E-003    -0.273560637168E+003    -0.704266241921E+000    -0.272283342588E+001     0.210938297191E-003
     0.370916230124E-003    -0.272130426877E+003    -0.834327896266E+000    -0.340371189652E+001     0.287821737238E-003
     0.394171182707E-003    -0.270386896588E+003    -0.972371121325E+000    -0.420043923478E+001     0.388085905191E-003
     0.418821431115E-003    -0.268291258629E+003    -0.111460553550E+001    -0.511847408826E+001     0.517214443907E-003
     0.444950693017E-003    -0.265807628754E+003    -0.125628306695E+001    -0.616006471949E+001     0.681485529850E-003
     0.472647709137E-003    -0.262905069424E+003    -0.139188633319E+001    -0.732364045563E+001     0.887959414052E-003
     0.502006544641E-003    -0.259559599372E+003    -0.151543518093E+001    -0.860337183117E+001     0.114443291571E-002
     0.533126908594E-003    -0.255755987858E+003    -0.162089516064E+001    -0.998896246543E+001     0.145935911677E-002
     0.566114492604E-003    -0.251489155295E+003    -0.170265128527E+001    -0.114657196511E+002     0.184173309783E-002
     0.601081329767E-003    -0.246765029971E+003    -0.175599307397E+001    -0.130149265556E+002     0.230094742618E-002
     0.638146175159E-003    -0.241600761045E+003    -0.177754726486E+001    -0.146145089488E+002     0.284662396286E-002
     0.677434909153E-003    -0.236024253662E+003    -0.176559632404E+001    -0.162399569707E+002     0.348843105676E-002
     0.719080964939E-003    -0.230073062926E+003    -0.172023518550E+001    -0.178654324356E+002     0.423589699661E-002
     0.763225781689E-003    -0.223792747764E+003    -0.164334342037E+001    -0.194649700686E+002     0.509823143046E-002
     0.810019284919E-003    -0.217234831856E+003    -0.153838008354E+001    -0.210136727316E+002     0.608416627384E-002
     0.859620395664E-003    -0.210454530367E+003    -0.141003774903E+001    -0.224888164651E+002     0.720182698342E-002
     0.912197570216E-003    -0.203508254014E+003    -0.126384315503E+001    -0.238709281053E+002     0.845865078090E-002
     0.967929372233E-003    -0.196451284084E+003    -0.110567330614E+001    -0.251444951834E+002     0.986135298090E-002
     0.102700507918E-002    -0.189337367167E+003    -0.941069056894E+000    -0.262970068221E+002     0.114158616851E-001
     0.108962532517E-002    -0.182217464294E+003    -0.775111645851E+000    -0.273191953884E+002     0.131272848476E-001
     0.115600278233E-002    -0.175138143626E+003    -0.612324374817E+000    -0.282055893960E+002     0.149999412802E-001
     0.122636288312E-002    -0.168140133343E+003    -0.456508399866E+000    -0.289548011854E+002     0.170374572000E-001
     0.130094458593E-002    -0.161256668369E+003    -0.310741673125E+000    -0.295700135851E+002     0.192429609347E-001
     0.138000118665E-002    -0.154514360558E+003    -0.177077939290E+000    -0.300569029728E+002     0.216191987489E-001
     0.146380117888E-002    -0.147939113551E+003    -0.562499783586E-001    -0.304185986245E+002     0.241682814358E-001
     0.155262916586E-002    -0.141552855291E+003     0.511985150354E-001    -0.306600627169E+002     0.268917568846E-001
     0.164678682697E-002    -0.135371765572E+003     0.145019780006E+000    -0.307891159660E+002     0.297908201890E-001
     0.174659394236E-002    -0.129406357971E+003     0.225438284891E+000    -0.308154974796E+002     0.328665084039E-001
     0.185238947896E-002    -0.123662404889E+003     0.293113855963E+000    -0.307497039436E+002     0.361198376278E-001
     0.196453274170E-002    -0.118141933822E+003     0.349004249430E+000    -0.306022355220E+002     0.395518953372E-001
     0.208340459379E-002    -0.112844023187E+003     0.394237292472E+000    -0.303832240733E+002     0.431639094824E-001
     0.220940875020E-002    -0.107765337944E+003     0.430018310695E+000    -0.301023229436E+002     0.469573142871E-001
     0.234297314879E-002    -0.102900217101E+003     0.457592614239E+000    -0.297689162982E+002     0.509338513994E-001
     0.248455140365E-002    -0.982364686569E+002     0.477437689364E+000    -0.293961196596E+002     0.550962516054E-001
     0.263462434571E-002    -0.937925082343E+002     0.490004837296E+000    -0.289789742687E+002     0.594458332004E-001
     0.279370165569E-002    -0.895399271045E+002     0.497290327175E+000    -0.285285365984E+002     0.639847654834E-001
     0.296232359518E-002    -0.854859379509E+002     0.500978023605E+000    -0.280434381803E+002     0.687142589127E-001
     0.314106284138E-002    -0.816185370234E+002     0.500941794799E+000    -0.275351066344E+002     0.736366775242E-001
     0.333052643213E-002    -0.779209801045E+002     0.497205099300E+000    -0.270156358608E+002     0.787560236929E-001
     0.353135782749E-002    -0.743885740800E+002     0.490067926679E+000    -0.264794100875E+002     0.840748312550E-001
     0.374423909507E-002    -0.710234497020E+002     0.481059607272E+000    -0.259282285257E+002     0.895954153472E-001
     0.396989322653E-002    -0.678170183307E+002     0.470119784012E+000    -0.253681243378E+002     0.953208203009E-001
     0.420908659296E-002    -0.647607447627E+002     0.458587479729E+000    -0.248040184628E+002     0.101254790900E+000
     0.446263154769E-002    -0.618547329304E+002     0.447353016958E+000    -0.242345594939E+002     0.107400387965E+000
     0.473138918520E-002    -0.590564997737E+002     0.434458793390E+000    -0.236734909638E+002     0.113763890813E+000
     0.501627226558E-002    -0.563561502328E+002     0.420641444249E+000    -0.231156237350E+002     0.120350231140E+000
     0.531824831448E-002    -0.538156846992E+002     0.404792977764E+000    -0.225594791749E+002     0.127163750117E+000
     0.563834290904E-002    -0.513556324785E+002     0.389828426450E+000    -0.220107380629E+002     0.134210373302E+000
     0.597764316095E-002    -0.490320286330E+002     0.375289267572E+000    -0.214727736134E+002     0.141497203465E+000
     0.633730140856E-002    -0.467747419162E+002     0.360892454590E+000    -0.209233231684E+002     0.149023568526E+000
     0.671853913045E-002    -0.446841572184E+002     0.346443186316E+000    -0.203845236199E+002     0.156796040145E+000
     0.712265109384E-002    -0.426783822227E+002     0.333463391244E+000    -0.198629045460E+002     0.164824008583E+000
     0.755100975191E-002    -0.407540788263E+002     0.321265433381E+000    -0.193415872629E+002     0.173110287783E+000
     0.800506990496E-002    -0.388584747524E+002     0.308814994209E+000    -0.188380095427E+002     0.181665026532E+000
     0.848637364120E-002    -0.371017204191E+002     0.294330698852E+000    -0.183432351980E+002     0.190494830634E+000
     0.899655557408E-002    -0.353463731911E+002     0.281603440441E+000    -0.178575809717E+002     0.199606578528E+000
     0.953734839373E-002    -0.337415438668E+002     0.268085026650E+000    -0.173759893224E+002     0.209004507119E+000
     0.101105887516E-001    -0.322333829761E+002     0.257162193932E+000    -0.169006717788E+002     0.218693775739E+000
     0.107182234982E-001    -0.307377007257E+002     0.244810254630E+000    -0.164305043969E+002     0.228678629260E+000
     0.113623162948E-001    -0.293218017050E+002     0.234063031789E+000    -0.159767876235E+002     0.238970267341E+000
     0.120450546223E-001    -0.279775469448E+002     0.225824484670E+000    -0.155445077485E+002     0.249584218431E+000
     0.127687572104E-001    -0.266454393287E+002     0.215283768764E+000    -0.151132036130E+002     0.260522792620E+000
     0.135358819124E-001    -0.253841005549E+002     0.205592592356E+000    -0.146833922946E+002     0.271787889645E+000
     0.143490340526E-001    -0.241214418733E+002     0.194646400576E+000    -0.142650840337E+002     0.283388653049E+000
     0.152109752747E-001    -0.228971316778E+002     0.186778349953E+000    -0.138400509378E+002     0.295319049752E+000
     0.161246329208E-001    -0.217026695828E+002     0.176221642478E+000    -0.134164799681E+002     0.307578176599E+000
     0.170931099734E-001    -0.205231335668E+002     0.166984866778E+000    -0.129910398676E+002     0.320160739925E+000
     0.181196955938E-001    -0.193540832246E+002     0.157919064527E+000    -0.125606225701E+002     0.333056313513E+000
     0.192078762926E-001    -0.181622880159E+002     0.147870152789E+000    -0.120989984852E+002     0.346223193395E+000
     0.203613477710E-001    -0.169300705965E+002     0.138055913932E+000    -0.116343247904E+002     0.359643999991E+000
     0.215840274722E-001    -0.156650562036E+002     0.126867640153E+000    -0.111371292528E+002     0.373262025339E+000
     0.228800678855E-001    -0.143515494454E+002     0.116963805869E+000    -0.106090663313E+002     0.387012639657E+000
     0.242538706494E-001    -0.129869701771E+002     0.107892519398E+000    -0.100445411772E+002     0.400812654128E+000
     0.257101015006E-001    -0.115519302235E+002     0.961130177275E-001    -0.944715751851E+001     0.414570608316E+000
     0.272537061195E-001    -0.100532165771E+002     0.865255057798E-001    -0.879641192777E+001     0.428149447266E+000
     0.288899269272E-001    -0.849564005298E+001     0.730179778624E-001    -0.811246310395E+001     0.441423765861E+000
     0.306243208897E-001    -0.689073973649E+001     0.668422843874E-001    -0.738501569877E+001     0.454232817141E+000
     0.324627783907E-001    -0.527864125270E+001     0.607845225833E-001    -0.663418987191E+001     0.466430005206E+000
     0.344115432366E-001    -0.370272133289E+001     0.512112322972E-001    -0.588204484408E+001     0.477893161854E+000
     0.364772338618E-001    -0.232643022972E+001     0.461924636334E-001    -0.517378236446E+001     0.488581021533E+000
     0.386668658063E-001    -0.128550996886E+001     0.501478798222E-001    -0.462837773640E+001     0.498716060122E+000
     0.408564977507E-001    -0.624122842110E+000     0.602527135338E-001    -0.427337413025E+001     0.508074106669E+000
     0.430461296952E-001    -0.248813387506E+000     0.112497867794E+000    -0.400238459150E+001     0.516841317012E+000
     0.452357616397E-001     0.397739186650E-001     0.101462753337E+000    -0.403618816438E+001     0.525681875544E+000
     0.474253935841E-001     0.254602353190E+000     0.356066494977E-001    -0.373340183922E+001     0.533857023255E+000
     0.496150255286E-001     0.446817182804E+000    -0.118581917850E-001    -0.356341747578E+001     0.541659639194E+000
     0.519360352644E-001     0.625328121278E+000    -0.954269227076E-002    -0.343689243830E+001     0.549636730753E+000
     0.543963054516E-001     0.764755212984E+000    -0.677303623369E-002    -0.333717741522E+001     0.557847105767E+000
     0.570041917092E-001     0.840466575764E+000    -0.269018131189E-002    -0.327576229291E+001     0.566389924114E+000
     0.596120779669E-001     0.909382806760E+000    -0.577076405987E-003    -0.323595959626E+001     0.574828938810E+000
     0.622199642245E-001     0.946657355807E+000    -0.197689730431E-002    -0.320254720641E+001     0.583180819250E+000
     0.648278504821E-001     0.996972068337E+000    -0.355800205994E-002    -0.318185921345E+001     0.591478751354E+000
     0.675922097660E-001     0.104345964544E+001    -0.467705671534E-002    -0.314321875713E+001     0.600167746926E+000
     0.705224304487E-001     0.110681414166E+001    -0.570486063344E-002    -0.309582571902E+001     0.609239214880E+000
     0.736284642048E-001     0.119256654398E+001    -0.630892082756E-002    -0.303649784999E+001     0.618670700059E+000
     0.769208598084E-001     0.127448634726E+001    -0.338583614540E-002    -0.297732106215E+001     0.628473225174E+000
     0.804107989599E-001     0.135301476827E+001    -0.356576039870E-002    -0.292355743012E+001     0.638676270299E+000
     0.841101342607E-001     0.141321635024E+001    -0.321317044332E-002    -0.288256074523E+001     0.649339835646E+000
     0.880314294680E-001     0.144168566501E+001    -0.978257245915E-003    -0.285735779612E+001     0.660544379734E+000
     0.919527246752E-001     0.147640964468E+001    -0.471275548185E-003    -0.283152876090E+001     0.671647640047E+000
     0.958740198825E-001     0.150544019103E+001    -0.600940340602E-003    -0.281335542676E+001     0.682679637450E+000
     0.997953150897E-001     0.153954168265E+001    -0.403938248904E-002    -0.279690849989E+001     0.693647152784E+000
     0.103951887785E+000     0.155495640481E+001    -0.206588955542E-002    -0.277981953645E+001     0.705201677958E+000
     0.108357854604E+000     0.159048988659E+001    -0.456842019892E-002    -0.275974161263E+001     0.717361024592E+000
     0.113028179180E+000     0.161720599424E+001    -0.216238704940E-002    -0.273832633817E+001     0.730149901375E+000
     0.117978722964E+000     0.164987925917E+001    -0.144064564561E-002    -0.271365299844E+001     0.743583961250E+000
     0.122929266748E+000     0.168738942909E+001     0.527137265838E-003    -0.268623805145E+001     0.756882300593E+000
     0.127879810531E+000     0.172882887558E+001    -0.192320198022E-004    -0.265775478628E+001     0.770039632029E+000
     0.132830354315E+000     0.175895633853E+001     0.204775645758E-002    -0.263871952534E+001     0.783102732505E+000
     0.138077930442E+000     0.178466263555E+001     0.216088697395E-002    -0.262023186734E+001     0.796852603376E+000
     0.143640360837E+000     0.181797594129E+001    -0.298100234413E-002    -0.259501272862E+001     0.811287190576E+000
     0.149202791231E+000     0.184306300311E+001    -0.141311364549E-002    -0.257994953185E+001     0.825637982421E+000
     0.155098967131E+000     0.186092713576E+001     0.254587831101E-003    -0.256372893180E+001     0.840754179238E+000
     0.160995143031E+000     0.189134443665E+001     0.748982588198E-003    -0.254404681523E+001     0.855754327408E+000
     0.166891318931E+000     0.192520096710E+001    -0.314552341664E-002    -0.252263939403E+001     0.870628264571E+000
     0.173141265048E+000     0.194173939370E+001    -0.137167030525E-002    -0.250978495723E+001     0.886314287661E+000
     0.179766207574E+000     0.196111904142E+001     0.128012578596E-002    -0.249568596274E+001     0.902848065902E+000
     0.186391150100E+000     0.199468801032E+001    -0.566466328440E-003    -0.246991717969E+001     0.919211125692E+000
     0.193016092626E+000     0.202259699571E+001    -0.194206252123E-002    -0.245282542126E+001     0.935460958228E+000
     0.200038531325E+000     0.204279527135E+001    -0.151231720905E-002    -0.243820469007E+001     0.952583104492E+000
     0.207060970023E+000     0.206649021042E+001     0.727116247999E-003    -0.242041986645E+001     0.969580355396E+000
     0.214083408722E+000     0.209178746998E+001    -0.106270409002E-002    -0.240388381576E+001     0.986461483780E+000
     0.221105847420E+000     0.213596282202E+001    -0.496774865204E-002    -0.237646142356E+001     0.100315007491E+001
     0.228549632039E+000     0.213497058147E+001    -0.111068165921E-002    -0.237315438882E+001     0.102081532698E+001
     0.236440043309E+000     0.215116540992E+001    -0.119679969755E-002    -0.236151090435E+001     0.103944862163E+001
     0.244330454579E+000     0.222962386045E+001    -0.143086379903E-002    -0.230957332118E+001     0.105767210849E+001
     0.252220865848E+000     0.221699777605E+001    -0.970928648576E-003    -0.231565488097E+001     0.107594357946E+001
     0.260111277118E+000     0.222311441736E+001    -0.182255644104E-002    -0.231076674191E+001     0.109417648508E+001
     0.268001688388E+000     0.224837937315E+001    -0.398173524515E-002    -0.229343945190E+001     0.111227269285E+001
     0.275892099658E+000     0.226440352225E+001    -0.213259488854E-002    -0.228115742473E+001     0.113027197096E+001
     0.284255935152E+000     0.228454814941E+001    -0.266299301924E-002    -0.226704242160E+001     0.114923315392E+001
     0.292619770647E+000     0.230635928614E+001    -0.256331450914E-002    -0.225201807953E+001     0.116806867487E+001
     0.300983606141E+000     0.232524659550E+001    -0.190330928543E-002    -0.223832174512E+001     0.118678963650E+001
     0.309849271287E+000     0.234101401934E+001    -0.139190768124E-002    -0.222765967491E+001     0.120653932509E+001
     0.318714936432E+000     0.235860304242E+001    -0.100377713837E-002    -0.221557930862E+001     0.122618191136E+001
     0.327580601578E+000     0.237379548882E+001    -0.726290476846E-003    -0.220452388258E+001     0.124572648297E+001
     0.336446266724E+000     0.238981186057E+001    -0.942580803354E-003    -0.219357661506E+001     0.126517400050E+001
     0.345843871271E+000     0.240031841314E+001    -0.632623462116E-003    -0.218582494814E+001     0.128571551983E+001
     0.355241475818E+000     0.241342413780E+001     0.100412281382E-002    -0.217636734429E+001     0.130616816166E+001
     0.364639080365E+000     0.242674075993E+001     0.881773004639E-003    -0.216612322270E+001     0.132652453279E+001
     0.374036684912E+000     0.245049056386E+001    -0.309958751076E-002    -0.215068764776E+001     0.134673586580E+001
     0.383434289459E+000     0.250615793826E+001    -0.468507569339E-003    -0.211452427881E+001     0.136660732927E+001
     0.392831894006E+000     0.249544334046E+001    -0.457532223116E-004    -0.211938373335E+001     0.138652445948E+001
     0.402229498553E+000     0.253759402384E+001     0.438788888550E-003    -0.209218020639E+001     0.140618594213E+001
     0.411627103100E+000     0.252757496742E+001     0.298229658701E-003    -0.209697137087E+001     0.142589245002E+001
     0.421024707647E+000     0.252474195094E+001     0.434906971358E-003    -0.209712315744E+001     0.144560038457E+001
     0.430422312194E+000     0.256899048800E+001     0.857457388181E-003    -0.206936215139E+001     0.146504743340E+001
     0.439819916741E+000     0.256817159282E+001     0.184930423945E-002    -0.207197814208E+001     0.148451907237E+001
     0.449781377023E+000     0.256035528897E+001     0.448755505459E-003    -0.207302614788E+001     0.150516944049E+001
     0.459781377023E+000     0.259292160094E+001     0.279054071533E-004    -0.205222203922E+001     0.152569166088E+001
     0.469781377023E+000     0.258767650454E+001     0.233763697490E-003    -0.205483299331E+001     0.154623999095E+001
     0.479781377023E+000     0.258536165701E+001     0.430723628383E-003    -0.205535700523E+001     0.156679356145E+001
     0.489781377023E+000     0.259157590816E+001     0.161277663110E-002    -0.205353319483E+001     0.158732889973E+001
     0.499781377023E+000     0.262603340247E+001    -0.929588003412E-004    -0.202941710711E+001     0.160762307082E+001
     0.509781377023E+000     0.262422012644E+001     0.110453606700E-002    -0.203189696803E+001     0.162794204351E+001
     0.519781377023E+000     0.261642803499E+001     0.885630940669E-004    -0.203344162703E+001     0.164827645979E+001
     0.529781377023E+000     0.262111610427E+001     0.110282425927E-002    -0.203234959596E+001     0.166859995875E+001
     0.539781377023E+000     0.262241208028E+001     0.105585257736E-002    -0.203088412834E+001     0.168890880277E+001
     0.549781377023E+000     0.267187682451E+001     0.659437614381E-003    -0.199992199847E+001     0.170890802385E+001
     0.559781377023E+000     0.266293089575E+001     0.662287729288E-003    -0.200370645294E+001     0.172894508947E+001
     0.569781377023E+000     0.266047786718E+001     0.713277086541E-003    -0.200420021762E+001     0.174898709292E+001
     0.579781377023E+000     0.269962914761E+001     0.116477762611E-002    -0.197982208342E+001     0.176878531718E+001
     0.589781377023E+000     0.269054007838E+001     0.972587246743E-003    -0.198376064835E+001     0.178862292604E+001
     0.599781377023E+000     0.268789515268E+001     0.994824764330E-003    -0.198474018419E+001     0.180847033038E+001
     0.609781377023E+000     0.268844928750E+001     0.109037947324E-002    -0.198367798445E+001     0.182830711322E+001
     0.619781377023E+000     0.272993911984E+001     0.258165115870E-002    -0.195613386922E+001     0.184786846895E+001
     0.629781377023E+000     0.272500728715E+001     0.128694876428E-002    -0.195943896523E+001     0.186746286283E+001
     0.639781377023E+000     0.272204550294E+001     0.127115504150E-002    -0.196078357200E+001     0.188707070267E+001
     0.649781377023E+000     0.272169883486E+001     0.123807594859E-002    -0.196059923960E+001     0.190667669897E+001
     0.659781377023E+000     0.272209731811E+001     0.159590845941E-002    -0.195754053541E+001     0.192625211083E+001
     0.669781377023E+000     0.272449485609E+001     0.134563089641E-002    -0.195808530066E+001     0.194583296846E+001
     0.679781377023E+000     0.272739819641E+001     0.121162171303E-002    -0.195540270087E+001     0.196538699922E+001
     0.689781377023E+000     0.273118323890E+001     0.120932564278E-002    -0.195321532851E+001     0.198491915625E+001
     0.699781377023E+000     0.273498734982E+001     0.101130957963E-002    -0.195023915711E+001     0.200442155045E+001
     0.709781377023E+000     0.273936832866E+001     0.974839252350E-003    -0.194710691831E+001     0.202389262207E+001
     0.719781377023E+000     0.274283266576E+001     0.132704710025E-002    -0.194217689156E+001     0.204331439552E+001
     0.729781377023E+000     0.274763279865E+001     0.681679918507E-003    -0.194079838415E+001     0.206272238056E+001
     0.739781377023E+000     0.280130838689E+001     0.836705911924E-003    -0.190512228665E+001     0.208177360526E+001
     0.749781377023E+000     0.279319351159E+001     0.105838001551E-002    -0.190916846911E+001     0.210086529289E+001
     0.759781377023E+000     0.278390084473E+001     0.287440119065E-003    -0.191271072021E+001     0.211999240030E+001
