 #        time                      h  [L]            Darcian flow [L.T^{-1}]   in    x         z              directions   cumulative flux
 #-----------------------------------------------------------------------------------------------

     0.100000000000E-005     0.400000000000E+001    -0.190799203249E-012    -0.155799372833E+004     0.155799372833E-002
     0.205999994278E-005     0.400000000000E+001    -0.189276731653E-012    -0.154556180431E+004     0.319628915246E-002
     0.318359982147E-005     0.400000000000E+001    -0.187670595876E-012    -0.153244671041E+004     0.491814609038E-002
     0.437461562859E-005     0.400000000000E+001    -0.185976742042E-012    -0.151861534421E+004     0.672684097027E-002
     0.563709231599E-005     0.400000000000E+001    -0.184190995543E-012    -0.150403361745E+004     0.862564834937E-002
     0.697531753239E-005     0.400000000000E+001    -0.182309069530E-012    -0.148866652538E+004     0.106178194324E-001
     0.839383618521E-005     0.400000000000E+001    -0.180326575972E-012    -0.147247823697E+004     0.127065572774E-001
     0.989746587602E-005     0.400000000000E+001    -0.178239039706E-012    -0.145543220976E+004     0.148949883610E-001
     0.114913132622E-004     0.400000000000E+001    -0.176041915974E-012    -0.143749133298E+004     0.171861301648E-001
     0.131807914004E-004     0.400000000000E+001    -0.173730612018E-012    -0.141861810392E+004     0.195828544378E-001
     0.149716381303E-004     0.400000000000E+001    -0.171300513362E-012    -0.139877484252E+004     0.220878457903E-001
     0.168699355614E-004     0.400000000000E+001    -0.168747015541E-012    -0.137792395046E+004     0.247035552858E-001
     0.188821307298E-004     0.400000000000E+001    -0.166065562099E-012    -0.135602822148E+004     0.274321487212E-001
     0.210150574931E-004     0.400000000000E+001    -0.163251689847E-012    -0.133305121085E+004     0.302754493258E-001
     0.232759597402E-004     0.400000000000E+001    -0.160301082451E-012    -0.130895767304E+004     0.332348746701E-001
     0.256725159928E-004     0.400000000000E+001    -0.157209633622E-012    -0.128371407765E+004     0.363113676694E-001
     0.282128654833E-004     0.400000000000E+001    -0.153973521304E-012    -0.125728921523E+004     0.395053216868E-001
     0.309056357980E-004     0.400000000000E+001    -0.150589294467E-012    -0.122965490598E+004     0.428164999149E-001
     0.337599721774E-004     0.400000000000E+001    -0.147053974282E-012    -0.120078682592E+004     0.462439494361E-001
     0.367855685763E-004     0.400000000000E+001    -0.143365171675E-012    -0.117066546677E+004     0.497859106566E-001
     0.399927005860E-004     0.400000000000E+001    -0.139521223428E-012    -0.113927724733E+004     0.534397231844E-001
     0.433922603327E-004     0.400000000000E+001    -0.135521349210E-012    -0.110661579571E+004     0.572017296987E-001
     0.469957934698E-004     0.400000000000E+001    -0.131365832014E-012    -0.107268342273E+004     0.610671799580E-001
     0.508155383889E-004     0.400000000000E+001    -0.127056224541E-012    -0.103749280714E+004     0.650301378367E-001
     0.548644677845E-004     0.400000000000E+001    -0.122595583950E-012    -0.100106891256E+004     0.690833951838E-001
     0.591563327122E-004     0.400000000000E+001    -0.117988737020E-012    -0.963451152626E+003     0.732183973953E-001
     0.637057092900E-004     0.400000000000E+001    -0.113242576980E-012    -0.924695814815E+003     0.774251868768E-001
     0.685280482021E-004     0.400000000000E+001    -0.108366391850E-012    -0.884878741569E+003     0.816923720648E-001
     0.736397271730E-004     0.400000000000E+001    -0.103372221771E-012    -0.844098248105E+003     0.860071313290E-001
     0.790581065897E-004     0.400000000000E+001    -0.982752390339E-013    -0.802478225578E+003     0.903552628288E-001
     0.848015884613E-004     0.400000000000E+001    -0.930941387858E-013    -0.760171331445E+003     0.947212930903E-001
     0.908896789166E-004     0.400000000000E+001    -0.878515199493E-013    -0.717362099917E+003     0.990886584438E-001
     0.973430544509E-004     0.400000000000E+001    -0.825742239453E-013    -0.674269707827E+003     0.103439974080E+000
     0.104183632148E-003     0.400000000000E+001    -0.772935826290E-013    -0.631149999190E+003     0.107757404688E+000
     0.111434644115E-003     0.400000000000E+001    -0.720455062703E-013    -0.588296203612E+003     0.112023147501E+000
     0.119120716386E-003     0.400000000000E+001    -0.668703184840E-013    -0.546037588393E+003     0.116220031867E+000
     0.127267952553E-003     0.400000000000E+001    -0.618122213439E-013    -0.504735090860E+003     0.120332227854E+000
     0.135904022424E-003     0.400000000000E+001    -0.569182582298E-013    -0.464772849359E+003     0.124346038656E+000
     0.145058255993E-003     0.400000000000E+001    -0.522366476622E-013    -0.426544597990E+003     0.128250727533E+000
     0.154761743052E-003     0.400000000000E+001    -0.478144074846E-013    -0.390434266581E+003     0.132039301386E+000
     0.165047438780E-003     0.400000000000E+001    -0.436942954972E-013    -0.356790999067E+003     0.135709145041E+000
     0.175950275662E-003     0.400000000000E+001    -0.399112699296E-013    -0.325900251055E+003     0.139262382318E+000
     0.187507282134E-003     0.400000000000E+001    -0.364889014221E-013    -0.297954491430E+003     0.142705844304E+000
     0.199757708333E-003     0.400000000000E+001    -0.334363806113E-013    -0.273028767434E+003     0.146050563070E+000
     0.212743159403E-003     0.400000000000E+001    -0.307468512179E-013    -0.251067093298E+003     0.149310782525E+000
     0.226507736794E-003     0.400000000000E+001    -0.283976492330E-013    -0.231884403346E+003     0.152502573341E+000
     0.241098188040E-003     0.400000000000E+001    -0.263526198789E-013    -0.215185471413E+003     0.155642226470E+000
     0.256564065527E-003     0.400000000000E+001    -0.245661337029E-013    -0.200597704742E+003     0.158744645996E+000
     0.272957894778E-003     0.400000000000E+001    -0.229879521149E-013    -0.187710874114E+003     0.161821946015E+000
     0.290335352846E-003     0.400000000000E+001    -0.215678794135E-013    -0.176115100521E+003     0.164882378789E+000
     0.308755457403E-003     0.400000000000E+001    -0.202591666741E-013    -0.165428650025E+003     0.167929591819E+000
     0.328280767180E-003     0.400000000000E+001    -0.190195918030E-013    -0.155306753067E+003     0.170962004283E+000
     0.348977594427E-003     0.400000000000E+001    -0.178080100567E-013    -0.145413437320E+003     0.173971601075E+000
     0.370916230124E-003     0.400000000000E+001    -0.165658251867E-013    -0.135270228104E+003     0.176939245330E+000
     0.394171182707E-003     0.400000000000E+001    -0.150023984202E-013    -0.122503879736E+003     0.179788067245E+000
     0.418821431115E-003     0.400000000000E+001    -0.132406211261E-013    -0.108117876398E+003     0.182453199755E+000
     0.444950693017E-003     0.400000000000E+001    -0.121762861856E-013    -0.994269220653E+002     0.185051151842E+000
     0.472647709137E-003     0.400000000000E+001    -0.114183446106E-013    -0.932378594267E+002     0.187633562337E+000
     0.502006544641E-003     0.400000000000E+001    -0.108035071405E-013    -0.882173304823E+002     0.190223520432E+000
     0.533126908594E-003     0.400000000000E+001    -0.102667095692E-013    -0.838340456718E+002     0.192832466445E+000
     0.566114492604E-003     0.400000000000E+001    -0.977982953776E-014    -0.798583685073E+002     0.195466801085E+000
     0.601081329767E-003     0.400000000000E+001    -0.932688617360E-014    -0.761598052605E+002     0.198129868593E+000
     0.638146175159E-003     0.400000000000E+001    -0.889515497485E-014    -0.726344524890E+002     0.200822053345E+000
     0.677434909153E-003     0.400000000000E+001    -0.847069275894E-014    -0.691684554668E+002     0.203539594393E+000
     0.719080964939E-003     0.400000000000E+001    -0.802144812667E-014    -0.655000946579E+002     0.206267414989E+000
     0.763225781689E-003     0.400000000000E+001    -0.741892432029E-014    -0.605801144089E+002     0.208941713038E+000
     0.810019284919E-003     0.400000000000E+001    -0.705345296441E-014    -0.575958143141E+002     0.211636822961E+000
     0.859620395664E-003     0.400000000000E+001    -0.674892096628E-014    -0.551091218381E+002     0.214370296617E+000
     0.912197570216E-003     0.400000000000E+001    -0.647161292177E-014    -0.528447298133E+002     0.217148723200E+000
     0.967929372233E-003     0.400000000000E+001    -0.621420404263E-014    -0.507428268049E+002     0.219976712377E+000
     0.102700507918E-002     0.400000000000E+001    -0.597380139735E-014    -0.487797902343E+002     0.222858412970E+000
     0.108962532517E-002     0.400000000000E+001    -0.574766206413E-014    -0.469332224453E+002     0.225797382905E+000
     0.115600278233E-002     0.400000000000E+001    -0.553252655671E-014    -0.451765077128E+002     0.228796084610E+000
     0.122636288312E-002     0.400000000000E+001    -0.532489348104E-014    -0.434810549846E+002     0.231855416021E+000
     0.130094458593E-002     0.400000000000E+001    -0.512153394224E-014    -0.418204983332E+002     0.234974460000E+000
     0.138000118665E-002     0.400000000000E+001    -0.491992134202E-014    -0.401742065177E+002     0.238150496203E+000
     0.146380117888E-002     0.400000000000E+001    -0.471836654185E-014    -0.385283866756E+002     0.241379174708E+000
     0.155262916586E-002     0.400000000000E+001    -0.451564172153E-014    -0.368730128938E+002     0.244654530217E+000
     0.164678682697E-002     0.400000000000E+001    -0.430943501041E-014    -0.351892073160E+002     0.247967863674E+000
     0.174659394236E-002     0.400000000000E+001    -0.408773634693E-014    -0.333789003473E+002     0.251299315432E+000
     0.185238947896E-002     0.400000000000E+001    -0.378514622828E-014    -0.309080645204E+002     0.254569250703E+000
     0.196453274170E-002     0.400000000000E+001    -0.360136205452E-014    -0.294073528550E+002     0.257867087201E+000
     0.208340459379E-002     0.400000000000E+001    -0.343174337568E-014    -0.280223112335E+002     0.261198151237E+000
     0.220940875020E-002     0.400000000000E+001    -0.322389136645E-014    -0.263250707771E+002     0.264515219573E+000
     0.234297314879E-002     0.400000000000E+001    -0.296888811588E-014    -0.242428112167E+002     0.267753196073E+000
     0.248455140365E-002     0.400000000000E+001    -0.287904793670E-014    -0.235092104818E+002     0.271081589067E+000
     0.263462434571E-002     0.400000000000E+001    -0.278985458560E-014    -0.227808914991E+002     0.274500384477E+000
     0.279370165569E-002     0.400000000000E+001    -0.270490363790E-014    -0.220872143690E+002     0.278013959123E+000
     0.296232359518E-002     0.400000000000E+001    -0.262357474620E-014    -0.214231135706E+002     0.281626366084E+000
     0.314106284138E-002     0.400000000000E+001    -0.254551523134E-014    -0.207857092601E+002     0.285341588089E+000
     0.333052643213E-002     0.400000000000E+001    -0.247064529268E-014    -0.201743498158E+002     0.289163892846E+000
     0.353135782749E-002     0.400000000000E+001    -0.239907242107E-014    -0.195899129671E+002     0.293098162402E+000
     0.374423909507E-002     0.400000000000E+001    -0.233108041946E-014    -0.190347161409E+002     0.297150296902E+000
     0.396989322653E-002     0.400000000000E+001    -0.226745343488E-014    -0.185151623837E+002     0.301328319788E+000
     0.420908659296E-002     0.400000000000E+001    -0.221216642715E-014    -0.180637097054E+002     0.305649039323E+000
     0.446263154769E-002     0.400000000000E+001    -0.216846915635E-014    -0.177068944112E+002     0.310138533065E+000
     0.473138918520E-002     0.400000000000E+001    -0.210037653727E-014    -0.171508759810E+002     0.314747961975E+000
     0.501627226558E-002     0.400000000000E+001    -0.203503901784E-014    -0.166173546467E+002     0.319481965154E+000
     0.531824831448E-002     0.400000000000E+001    -0.197417359501E-014    -0.161203507525E+002     0.324349924981E+000
     0.563834290904E-002     0.400000000000E+001    -0.192274968479E-014    -0.157004426593E+002     0.329375551809E+000
     0.597764316095E-002     0.400000000000E+001    -0.186374339777E-014    -0.152186197609E+002     0.334539233327E+000
     0.633730140856E-002     0.400000000000E+001    -0.180673898760E-014    -0.147531434276E+002     0.339845323039E+000
     0.671853913045E-002     0.400000000000E+001    -0.175246081220E-014    -0.143099284906E+002     0.345300807578E+000
     0.712265109384E-002     0.400000000000E+001    -0.170070185008E-014    -0.138872844910E+002     0.350912825379E+000
     0.755100975191E-002     0.400000000000E+001    -0.165154880086E-014    -0.134859193851E+002     0.356689635710E+000
     0.800506990496E-002     0.400000000000E+001    -0.160918923969E-014    -0.131400273190E+002     0.362655998526E+000
     0.848637364120E-002     0.400000000000E+001    -0.156390633090E-014    -0.127702643080E+002     0.368802374450E+000
     0.899655557408E-002     0.400000000000E+001    -0.151900280565E-014    -0.124035991987E+002     0.375130466664E+000
     0.953734839373E-002     0.400000000000E+001    -0.148201932015E-014    -0.121016061217E+002     0.381674928361E+000
     0.101105887516E-001     0.400000000000E+001    -0.143862952382E-014    -0.117473015470E+002     0.388408955704E+000
     0.107182234982E-001     0.400000000000E+001    -0.139625813423E-014    -0.114013128945E+002     0.395336789575E+000
     0.113623162948E-001     0.400000000000E+001    -0.135610253755E-014    -0.110734175641E+002     0.402469098061E+000
     0.120450546223E-001     0.400000000000E+001    -0.132072174326E-014    -0.107845114541E+002     0.409832097375E+000
     0.127687572104E-001     0.400000000000E+001    -0.128889943111E-014    -0.105246625558E+002     0.417448822906E+000
     0.135358819124E-001     0.400000000000E+001    -0.125047270834E-014    -0.102108845523E+002     0.425281844675E+000
     0.143490340526E-001     0.400000000000E+001    -0.121726721146E-014    -0.993974109356E+001     0.433364366418E+000
     0.152109752747E-001     0.400000000000E+001    -0.117975248510E-014    -0.963341010587E+001     0.441667799698E+000
     0.161246329208E-001     0.400000000000E+001    -0.114417325621E-014    -0.934288365433E+001     0.450203996785E+000
     0.170931099734E-001     0.400000000000E+001    -0.111104533191E-014    -0.907237362384E+001     0.458990382452E+000
     0.181196955938E-001     0.400000000000E+001    -0.107916366551E-014    -0.881204006136E+001     0.468036696065E+000
     0.192078762926E-001     0.400000000000E+001    -0.105138766011E-014    -0.858523176509E+001     0.477378979567E+000
     0.203613477710E-001     0.400000000000E+001    -0.102285582981E-014    -0.835225169020E+001     0.487013063672E+000
     0.215840274722E-001     0.400000000000E+001    -0.993323292756E-015    -0.811110022455E+001     0.496930341271E+000
     0.228800678855E-001     0.400000000000E+001    -0.964758459555E-015    -0.787785066050E+001     0.507140354097E+000
     0.242538706494E-001     0.400000000000E+001    -0.940102925790E-015    -0.767652294886E+001     0.517686382542E+000
     0.257101015006E-001     0.400000000000E+001    -0.916931590682E-015    -0.748731463896E+001     0.528589641111E+000
     0.272537061195E-001     0.400000000000E+001    -0.889752669871E-015    -0.726538190840E+001     0.539804518183E+000
     0.288899269272E-001     0.400000000000E+001    -0.865623821043E-015    -0.706835490564E+001     0.551369907556E+000
     0.306243208897E-001     0.400000000000E+001    -0.839794701096E-015    -0.685744413557E+001     0.563263417263E+000
     0.324627783907E-001     0.400000000000E+001    -0.815115215355E-015    -0.665592084120E+001     0.575500044860E+000
     0.344115432366E-001     0.400000000000E+001    -0.792527524087E-015    -0.647147834493E+001     0.588111434359E+000
     0.364772338618E-001     0.400000000000E+001    -0.769840316411E-015    -0.628622323552E+001     0.601096826765E+000
     0.386668658063E-001     0.400000000000E+001    -0.750161847208E-015    -0.612553634020E+001     0.614509496812E+000
     0.409878755421E-001     0.400000000000E+001    -0.728045359358E-015    -0.594494151183E+001     0.628307763940E+000
     0.434481457293E-001     0.400000000000E+001    -0.706410251855E-015    -0.576827745230E+001     0.642499284987E+000
     0.460560319869E-001     0.400000000000E+001    -0.687319660118E-015    -0.561239094077E+001     0.657135762194E+000
     0.488203912708E-001     0.400000000000E+001    -0.668011410714E-015    -0.545472711952E+001     0.672214587748E+000
     0.517506119535E-001     0.400000000000E+001    -0.645137707223E-015    -0.526794915622E+001     0.687650841321E+000
     0.548566457095E-001     0.400000000000E+001    -0.620909207299E-015    -0.507010844050E+001     0.703398769284E+000
     0.581490413132E-001     0.400000000000E+001    -0.593878675485E-015    -0.484938739805E+001     0.719364871034E+000
     0.616389804647E-001     0.400000000000E+001    -0.565470698702E-015    -0.461741866386E+001     0.735479381207E+000
     0.653383157655E-001     0.400000000000E+001    -0.536200560752E-015    -0.437840984948E+001     0.751676587325E+000
     0.692596109728E-001     0.400000000000E+001    -0.501782679260E-015    -0.409736651914E+001     0.767743571019E+000
     0.734161836681E-001     0.400000000000E+001    -0.461544567129E-015    -0.376879739898E+001     0.783408851382E+000
     0.778221504872E-001     0.400000000000E+001    -0.416885459769E-015    -0.340412811318E+001     0.798407326897E+000
     0.824924750635E-001     0.400000000000E+001    -0.369494359513E-015    -0.301715041243E+001     0.812498398618E+000
     0.874430188470E-001     0.400000000000E+001    -0.322277678018E-015    -0.263159694895E+001     0.825526234534E+000
     0.926905949743E-001     0.400000000000E+001    -0.281673780296E-015    -0.230004096277E+001     0.837595874583E+000
     0.982530253690E-001     0.400000000000E+001    -0.258758877505E-015    -0.211292658165E+001     0.849348881622E+000
     0.104149201269E+000     0.400000000000E+001    -0.261859196925E-015    -0.213824261091E+001     0.861956336173E+000
     0.110399147386E+000     0.400000000000E+001    -0.279520031227E-015    -0.228245426699E+001     0.876221552355E+000
     0.117024089912E+000     0.400000000000E+001    -0.289607630238E-015    -0.236482576397E+001     0.891888387126E+000
     0.124046528610E+000     0.400000000000E+001    -0.290354273120E-015    -0.237092256577E+001     0.908538045503E+000
     0.131490313229E+000     0.400000000000E+001    -0.288715858480E-015    -0.235754389495E+001     0.926087094486E+000
     0.139380724499E+000     0.400000000000E+001    -0.282387490213E-015    -0.230586884651E+001     0.944281348019E+000
     0.147744559993E+000     0.400000000000E+001    -0.273385673170E-015    -0.223236343214E+001     0.962952468529E+000
     0.156610225139E+000     0.400000000000E+001    -0.263263364649E-015    -0.214970851050E+001     0.982011064344E+000
     0.166007829686E+000     0.400000000000E+001    -0.255063302936E-015    -0.208274992524E+001     0.100158392451E+001
     0.175969289968E+000     0.400000000000E+001    -0.252779816369E-015    -0.206410384239E+001     0.102214541296E+001
     0.185969289968E+000     0.400000000000E+001    -0.257415111097E-015    -0.210195389623E+001     0.104316495192E+001
     0.195969289968E+000     0.400000000000E+001    -0.263120483099E-015    -0.214854179411E+001     0.106465036986E+001
     0.205969289968E+000     0.400000000000E+001    -0.265413427771E-015    -0.216726510824E+001     0.108632302094E+001
     0.215969289968E+000     0.400000000000E+001    -0.265376445110E-015    -0.216696312190E+001     0.110799265216E+001
     0.225969289968E+000     0.400000000000E+001    -0.263446363028E-015    -0.215120280567E+001     0.112950468022E+001
     0.235969289968E+000     0.400000000000E+001    -0.260694853802E-015    -0.212873502779E+001     0.115079203050E+001
     0.245969289968E+000     0.400000000000E+001    -0.257301905036E-015    -0.210102949859E+001     0.117180232548E+001
     0.255969289968E+000     0.400000000000E+001    -0.253487447357E-015    -0.206988208791E+001     0.119250114636E+001
     0.265969289968E+000     0.400000000000E+001    -0.249974583415E-015    -0.204119737698E+001     0.121291312013E+001
     0.275969289968E+000     0.400000000000E+001    -0.247206664668E-015    -0.201859560520E+001     0.123309907618E+001
     0.285969289968E+000     0.400000000000E+001    -0.246984941261E-015    -0.201678509619E+001     0.125326692714E+001
     0.295969289968E+000     0.400000000000E+001    -0.248415724650E-015    -0.202846832918E+001     0.127355161044E+001
     0.305969289968E+000     0.400000000000E+001    -0.250136080723E-015    -0.204251610258E+001     0.129397677146E+001
     0.315969289968E+000     0.400000000000E+001    -0.250050633706E-015    -0.204181837474E+001     0.131439495521E+001
     0.325969289968E+000     0.400000000000E+001    -0.249365307742E-015    -0.203622226356E+001     0.133475717784E+001
     0.335969289968E+000     0.400000000000E+001    -0.248643804401E-015    -0.203033074168E+001     0.135506048526E+001
     0.345969289968E+000     0.400000000000E+001    -0.247413747027E-015    -0.202028656098E+001     0.137526335087E+001
     0.355969289968E+000     0.400000000000E+001    -0.245368050637E-015    -0.200358218229E+001     0.139529917269E+001
     0.365969289968E+000     0.400000000000E+001    -0.244229176052E-015    -0.199428256557E+001     0.141524199835E+001
     0.375969289968E+000     0.400000000000E+001    -0.243658162102E-015    -0.198961988282E+001     0.143513819718E+001
     0.385969289968E+000     0.400000000000E+001    -0.244371992629E-015    -0.199544875142E+001     0.145509268469E+001
     0.395969289968E+000     0.400000000000E+001    -0.244628620395E-015    -0.199754427616E+001     0.147506812745E+001
     0.405969289968E+000     0.400000000000E+001    -0.244968913589E-015    -0.200032298096E+001     0.149507135726E+001
     0.415969289968E+000     0.400000000000E+001    -0.245033916294E-015    -0.200085376832E+001     0.151507989495E+001
     0.425969289968E+000     0.400000000000E+001    -0.244539397449E-015    -0.199681571551E+001     0.153504805210E+001
     0.435969289968E+000     0.400000000000E+001    -0.242920379342E-015    -0.198359542940E+001     0.155488400640E+001
     0.445969289968E+000     0.400000000000E+001    -0.241642331165E-015    -0.197315937406E+001     0.157461560014E+001
     0.455969289968E+000     0.400000000000E+001    -0.240409822409E-015    -0.196309517631E+001     0.159424655190E+001
     0.465969289968E+000     0.400000000000E+001    -0.239641573899E-015    -0.195682195116E+001     0.161381477141E+001
     0.475969289968E+000     0.400000000000E+001    -0.239415800944E-015    -0.195497837508E+001     0.163336455516E+001
     0.485969289968E+000     0.400000000000E+001    -0.239428680958E-015    -0.195508354837E+001     0.165291539065E+001
     0.495969289968E+000     0.400000000000E+001    -0.239885632364E-015    -0.195881483977E+001     0.167250353904E+001
     0.505969289968E+000     0.400000000000E+001    -0.239765175220E-015    -0.195783123254E+001     0.169208185137E+001
     0.515969289968E+000     0.400000000000E+001    -0.239632651940E-015    -0.195674909784E+001     0.171164934235E+001
     0.525969289968E+000     0.400000000000E+001    -0.238653161766E-015    -0.194875095360E+001     0.173113685188E+001
     0.535969289968E+000     0.400000000000E+001    -0.238185809301E-015    -0.194493473112E+001     0.175058619919E+001
     0.545969289968E+000     0.400000000000E+001    -0.237057876746E-015    -0.193572446285E+001     0.176994344382E+001
     0.555969289968E+000     0.400000000000E+001    -0.236057423827E-015    -0.192755514481E+001     0.178921899527E+001
     0.565969289968E+000     0.400000000000E+001    -0.235373832809E-015    -0.192197320054E+001     0.180843872728E+001
     0.575969289968E+000     0.400000000000E+001    -0.233971028109E-015    -0.191051843088E+001     0.182754391158E+001
     0.585969289968E+000     0.400000000000E+001    -0.233598289155E-015    -0.190747478634E+001     0.184661865945E+001
     0.595969289968E+000     0.400000000000E+001    -0.232812527241E-015    -0.190105855340E+001     0.186562924498E+001
     0.605969289968E+000     0.400000000000E+001    -0.233272044987E-015    -0.190481080055E+001     0.188467735299E+001
     0.615969289968E+000     0.400000000000E+001    -0.233561038551E-015    -0.190717061208E+001     0.190374905911E+001
     0.625969289968E+000     0.400000000000E+001    -0.233933163612E-015    -0.191020924380E+001     0.192285115155E+001
     0.635969289968E+000     0.400000000000E+001    -0.234384723185E-015    -0.191389650753E+001     0.194199011662E+001
     0.645969289968E+000     0.400000000000E+001    -0.234681309037E-015    -0.191631831481E+001     0.196115329977E+001
     0.655969289968E+000     0.400000000000E+001    -0.234816075463E-015    -0.191741876618E+001     0.198032748743E+001
     0.665969289968E+000     0.400000000000E+001    -0.234747134212E-015    -0.191685581815E+001     0.199949604561E+001
     0.675969289968E+000     0.400000000000E+001    -0.233850606360E-015    -0.190953511268E+001     0.201859139674E+001
     0.685969289968E+000     0.400000000000E+001    -0.232943528385E-015    -0.190212825891E+001     0.203761267933E+001
     0.695969289968E+000     0.400000000000E+001    -0.232237035616E-015    -0.189635930766E+001     0.205657627241E+001
     0.705969289968E+000     0.400000000000E+001    -0.231109601540E-015    -0.188715310978E+001     0.207544780350E+001
     0.715969289968E+000     0.400000000000E+001    -0.229989649842E-015    -0.187800801017E+001     0.209422788361E+001
     0.725969289968E+000     0.400000000000E+001    -0.229045537731E-015    -0.187029874973E+001     0.211293087110E+001
     0.735969289968E+000     0.400000000000E+001    -0.228484676941E-015    -0.186571897383E+001     0.213158806084E+001
     0.745969289968E+000     0.400000000000E+001    -0.228269590341E-015    -0.186396265846E+001     0.215022768743E+001
     0.755969289968E+000     0.400000000000E+001    -0.228398232276E-015    -0.186501309957E+001     0.216887781842E+001
