 #        time                      h  [L]            Darcian flow [L.T^{-1}]   in    x         z              directions   cumulative flux
 #-----------------------------------------------------------------------------------------------

     0.100000000000E-005    -0.280000000000E+003     0.786145715312E-030     0.641936692162E-014     0.641936692162E-020
     0.205999994278E-005    -0.280000000000E+003     0.786145715312E-030     0.641936692162E-014     0.132238954912E-019
     0.318359982147E-005    -0.280000000000E+003     0.505777596165E-014     0.317210064494E-014     0.199320145114E-019
     0.437461562859E-005    -0.280000000000E+003     0.101155519233E-013     0.127635682115E-013     0.393288711875E-019
     0.563709231599E-005    -0.280000000000E+003     0.101155519233E-013     0.634420128988E-014     0.544033546221E-019
     0.697531753239E-005    -0.280000000000E+003     0.101155519233E-013     0.634420128988E-014     0.703823062002E-019
     0.839383618521E-005    -0.280000000000E+003     0.151733278849E-013     0.951630193482E-014     0.957888378379E-019
     0.989746587602E-005    -0.280000000000E+003     0.202311038466E-013     0.126884025798E-013     0.131696733947E-018
     0.114913132622E-004    -0.280000000000E+003     0.202311038466E-013     0.126884025798E-013     0.169759101769E-018
     0.131807914004E-004    -0.280000000000E+003     0.151733278849E-013     0.159356688564E-013     0.206934355880E-018
     0.149716381303E-004    -0.280000000000E+003     0.202311038466E-013     0.126884025798E-013     0.249701227747E-018
     0.168699355614E-004    -0.280000000000E+003     0.202311038466E-013     0.126884025798E-013     0.295034109479E-018
     0.188821307298E-004    -0.280000000000E+003     0.252888798082E-013     0.222798701463E-013     0.362851954509E-018
     0.210150574931E-004    -0.280000000000E+003     0.252888798082E-013     0.351186039896E-013     0.455157272144E-018
     0.232759597402E-004    -0.280000000000E+003     0.303466557699E-013     0.382907046345E-013     0.565620281744E-018
     0.256725159928E-004    -0.280000000000E+003     0.303466557699E-013     0.318713377129E-013     0.671087864503E-018
     0.282128654833E-004    -0.280000000000E+003     0.303466557699E-013     0.190326038696E-013     0.762086272702E-018
     0.309056357980E-004    -0.280000000000E+003     0.303466557699E-013     0.190326038696E-013     0.858544580185E-018
     0.337599721774E-004    -0.280000000000E+003     0.202311038466E-013     0.126884025798E-013     0.926708447128E-018
     0.367855685763E-004    -0.280000000000E+003     0.202311038466E-013     0.626903565813E-014     0.990791005333E-018
     0.399927005860E-004    -0.280000000000E+003     0.303466557699E-013     0.619387002638E-014     0.109012326914E-017
     0.433922603327E-004    -0.280000000000E+003     0.303466557699E-013     0.619387002638E-014     0.119541546309E-017
     0.469957934698E-004    -0.280000000000E+003     0.354044317315E-013    -0.347276317193E-014     0.132360878643E-017
     0.508155383889E-004    -0.280000000000E+003     0.455199836548E-013    -0.996729572530E-014     0.150160299355E-017
     0.548644677845E-004    -0.280000000000E+003     0.505777596165E-013    -0.679519508036E-014     0.170822872887E-017
     0.591563327122E-004    -0.280000000000E+003     0.505777596165E-013    -0.132145620020E-013     0.193258838140E-017
     0.637057092900E-004    -0.280000000000E+003     0.556355355781E-013    -0.228811952003E-013     0.220626512473E-017
     0.685280482021E-004    -0.280000000000E+003     0.505777596165E-013    -0.196339289236E-013     0.246790094054E-017
     0.736397271730E-004    -0.280000000000E+003     0.556355355781E-013    -0.164618282787E-013     0.276447985884E-017
     0.790581065897E-004    -0.280000000000E+003     0.505777596165E-013    -0.196339289236E-013     0.305845382975E-017
     0.848015884613E-004    -0.280000000000E+003     0.455199836548E-013    -0.163866626469E-013     0.333632153721E-017
     0.908896789166E-004    -0.280000000000E+003     0.505777596165E-013    -0.260532958452E-013     0.368269504186E-017
     0.973430544509E-004    -0.280000000000E+003     0.455199836548E-013    -0.228060295685E-013     0.401125894001E-017
     0.104183632148E-003    -0.280000000000E+003     0.505777596165E-013    -0.324726627669E-013     0.442241030158E-017
     0.111434644115E-003    -0.280000000000E+003     0.606933115398E-013    -0.389671953202E-013     0.494539480526E-017
     0.119120716386E-003    -0.280000000000E+003     0.556355355781E-013    -0.293005621219E-013     0.542869144570E-017
     0.127267952553E-003    -0.280000000000E+003     0.505777596165E-013    -0.196339289236E-013     0.587071943669E-017
     0.135904022424E-003    -0.280000000000E+003     0.505777596165E-013    -0.260532958452E-013     0.636205671387E-017
     0.145058255993E-003    -0.280000000000E+003     0.505777596165E-013    -0.324726627669E-013     0.691226983368E-017
     0.154761743052E-003    -0.280000000000E+003     0.505777596165E-013    -0.260532958452E-013     0.746433633872E-017
     0.165047438780E-003    -0.280000000000E+003     0.404622076932E-013    -0.131393963702E-013     0.790191188415E-017
     0.175950275662E-003    -0.280000000000E+003     0.455199836548E-013    -0.354792880367E-014     0.839971405789E-017
     0.187507282134E-003    -0.280000000000E+003     0.455199836548E-013    -0.996729572530E-014     0.893825268996E-017
     0.199757708333E-003    -0.280000000000E+003     0.404622076932E-013    -0.672002944861E-014     0.944072166520E-017
     0.212743159403E-003    -0.280000000000E+003     0.455199836548E-013    -0.996729572530E-014     0.100458236069E-016
     0.226507736794E-003    -0.280000000000E+003     0.505777596165E-013    -0.132145620020E-013     0.107653746302E-016
     0.241098188040E-003    -0.280000000000E+003     0.505777596165E-013    -0.679519508036E-014     0.115099573144E-016
     0.256564065527E-003    -0.280000000000E+003     0.505777596165E-013     0.604353876289E-014     0.122977512417E-016
     0.272957894778E-003    -0.280000000000E+003     0.505777596165E-013    -0.375828158735E-015     0.131269372876E-016
     0.290335352846E-003    -0.280000000000E+003     0.505777596165E-013     0.124629056845E-013     0.140321400349E-016
     0.308755457403E-003    -0.280000000000E+003     0.505777596165E-013     0.124629056845E-013     0.149916548952E-016
     0.328280767180E-003    -0.280000000000E+003     0.606933115398E-013     0.596837313114E-014     0.161824266134E-016
     0.348977594427E-003    -0.280000000000E+003     0.657510875014E-013    -0.369826006717E-014     0.175454164248E-016
     0.370916230124E-003    -0.280000000000E+003     0.657510875014E-013    -0.369826006717E-014     0.189901855468E-016
     0.394171182707E-003    -0.280000000000E+003     0.657510875014E-013    -0.369826006717E-014     0.205216407335E-016
     0.418821431115E-003    -0.280000000000E+003     0.606933115398E-013    -0.687036071211E-014     0.220273008132E-016
     0.444950693017E-003    -0.280000000000E+003     0.556355355781E-013    -0.164618282787E-013     0.235433170331E-016
     0.472647709137E-003    -0.280000000000E+003     0.505777596165E-013    -0.196339289236E-013     0.250460175982E-016
     0.502006544641E-003    -0.280000000000E+003     0.455199836548E-013    -0.163866626469E-013     0.264663881152E-016
     0.533126908594E-003    -0.280000000000E+003     0.505777596165E-013    -0.132145620020E-013     0.280932226407E-016
     0.566114492604E-003    -0.280000000000E+003     0.606933115398E-013    -0.197090945554E-013     0.301982664483E-016
     0.601081329767E-003    -0.280000000000E+003     0.606933115398E-013    -0.197090945554E-013     0.324296127639E-016
     0.638146175159E-003    -0.280000000000E+003     0.505777596165E-013    -0.260532958452E-013     0.345383659915E-016
     0.677434909153E-003    -0.280000000000E+003     0.505777596165E-013    -0.132145620020E-013     0.365922066542E-016
     0.719080964939E-003    -0.280000000000E+003     0.505777596165E-013    -0.196339289236E-013     0.388517118403E-016
     0.763225781689E-003    -0.280000000000E+003     0.455199836548E-013    -0.163866626469E-013     0.409874231216E-016
     0.810019284919E-003    -0.280000000000E+003     0.455199836548E-013    -0.996729572530E-014     0.431679280196E-016
     0.859620395664E-003    -0.280000000000E+003     0.556355355781E-013    -0.100424613570E-013     0.459721082263E-016
     0.912197570216E-003    -0.280000000000E+003     0.606933115398E-013    -0.687036071211E-014     0.491835709070E-016
     0.967929372233E-003    -0.280000000000E+003     0.556355355781E-013    -0.100424613570E-013     0.523343474470E-016
     0.102700507918E-002    -0.280000000000E+003     0.505777596165E-013    -0.132145620020E-013     0.554225632477E-016
     0.108962532517E-002    -0.280000000000E+003     0.505777596165E-013    -0.132145620020E-013     0.586960718197E-016
     0.115600278233E-002    -0.280000000000E+003     0.505777596165E-013    -0.132145620020E-013     0.621659907187E-016
     0.122636288312E-002    -0.280000000000E+003     0.505777596165E-013    -0.132145620020E-013     0.658441045531E-016
     0.130094458593E-002    -0.280000000000E+003     0.505777596165E-013    -0.132145620020E-013     0.697429050071E-016
     0.138000118665E-002    -0.280000000000E+003     0.505777596165E-013    -0.132145620020E-013     0.738756332653E-016
     0.146380117888E-002    -0.280000000000E+003     0.505777596165E-013    -0.196339289236E-013     0.784221986836E-016
     0.155262916586E-002    -0.280000000000E+003     0.505777596165E-013    -0.260532958452E-013     0.834759444164E-016
     0.164678682697E-002    -0.280000000000E+003     0.455199836548E-013    -0.356447634118E-013     0.889197052968E-016
     0.174659394236E-002    -0.280000000000E+003     0.404622076932E-013    -0.388168640567E-013     0.945159741732E-016
     0.185238947896E-002    -0.280000000000E+003     0.404622076932E-013    -0.388168640567E-013     0.100448018862E-015
     0.196453274170E-002    -0.280000000000E+003     0.455199836548E-013    -0.356447634118E-013     0.106931624121E-015
     0.208340459379E-002    -0.280000000000E+003     0.404622076932E-013    -0.259781302135E-013     0.112647436557E-015
     0.220940875020E-002    -0.280000000000E+003     0.404622076932E-013    -0.259781302135E-013     0.118706197412E-015
     0.234297314879E-002    -0.280000000000E+003     0.455199836548E-013    -0.228060295685E-013     0.125506427652E-015
     0.248455140365E-002    -0.280000000000E+003     0.404622076932E-013    -0.195587632919E-013     0.131869162147E-015
     0.263462434571E-002    -0.280000000000E+003     0.455199836548E-013    -0.228060295685E-013     0.139509900019E-015
     0.279370165569E-002    -0.280000000000E+003     0.303466557699E-013    -0.194835976601E-013     0.145246683270E-015
     0.296232359518E-002    -0.280000000000E+003     0.303466557699E-013    -0.259029645817E-013     0.151974430483E-015
     0.314106284138E-002    -0.280000000000E+003     0.303466557699E-013    -0.259029645817E-013     0.159105842144E-015
     0.333052643213E-002    -0.280000000000E+003     0.252888798082E-013    -0.981696446180E-014     0.164245512129E-015
     0.353135782749E-002    -0.280000000000E+003     0.354044317315E-013    -0.989213009355E-014     0.171628157330E-015
     0.374423909507E-002    -0.280000000000E+003     0.354044317315E-013    -0.989213009355E-014     0.179453760820E-015
     0.396989322653E-002    -0.280000000000E+003     0.202311038466E-013    -0.656969818512E-014     0.184253666061E-015
     0.420908659296E-002    -0.280000000000E+003     0.101155519233E-013     0.127635682115E-013     0.188149163853E-015
     0.446263154769E-002    -0.280000000000E+003     0.505777596165E-014     0.959146756656E-014     0.190898430115E-015
     0.473138918520E-002    -0.280000000000E+003     0.151733278849E-013    -0.225805326733E-013     0.198209973295E-015
     0.501627226558E-002    -0.280000000000E+003     0.505777596165E-014    -0.353441008848E-013     0.208381482478E-015
     0.531824831448E-002    -0.280000000000E+003    -0.314458286125E-029    -0.256774676865E-013     0.216135462716E-015
     0.563834290904E-002    -0.280000000000E+003    -0.393072857656E-029    -0.320968346081E-013     0.226409485977E-015
     0.597764316095E-002    -0.280000000000E+003     0.101155519233E-013    -0.321720002399E-013     0.237852318383E-015
     0.633730140856E-002    -0.280000000000E+003     0.202311038466E-013    -0.194084320284E-013     0.247935488553E-015
     0.671853913045E-002    -0.280000000000E+003     0.252888798082E-013    -0.354944321483E-013     0.264550553472E-015
     0.712265109384E-002    -0.280000000000E+003     0.303466557699E-013    -0.323223315034E-013     0.282467132662E-015
     0.755100975191E-002    -0.280000000000E+003     0.252888798082E-013    -0.290750652267E-013     0.298973603594E-015
     0.800506990496E-002    -0.280000000000E+003     0.252888798082E-013    -0.290750652267E-013     0.316470461836E-015
     0.848637364120E-002    -0.280000000000E+003     0.202311038466E-013    -0.129890651067E-013     0.328041922333E-015
     0.899655557408E-002    -0.280000000000E+003     0.455199836548E-013    -0.163866626469E-013     0.352724351432E-015
     0.953734839373E-002    -0.280000000000E+003     0.606933115398E-013    -0.132897276337E-013     0.386324497057E-015
     0.101105887516E-001    -0.280000000000E+003     0.354044317315E-013    -0.227308639368E-013     0.410442633692E-015
     0.107182234982E-001    -0.280000000000E+003     0.151733278849E-013    -0.161611657517E-013     0.423912583906E-015
     0.113623162948E-001    -0.280000000000E+003     0.101155519233E-013    -0.193332663966E-013     0.437966499517E-015
     0.120450546223E-001    -0.280000000000E+003     0.505777596165E-014     0.317210064494E-014     0.442042585718E-015
     0.127687572104E-001    -0.280000000000E+003     0.151733278849E-013     0.309693501319E-014     0.453249953575E-015
     0.135358819124E-001    -0.280000000000E+003    -0.235843714594E-029    -0.192581007649E-013     0.468023318385E-015
     0.143490340526E-001    -0.280000000000E+003    -0.505777596165E-014    -0.317210064494E-014     0.472878001482E-015
     0.152109752747E-001    -0.280000000000E+003    -0.151733278849E-013    -0.951630193482E-014     0.488315892894E-015
     0.161246329208E-001    -0.280000000000E+003    -0.151733278849E-013    -0.309693501319E-014     0.502464933541E-015
     0.170931099734E-001    -0.280000000000E+003    -0.151733278849E-013    -0.287744026997E-013     0.533969421054E-015
     0.181196955938E-001    -0.280000000000E+003    -0.202311038466E-013    -0.255271364230E-013     0.567407321750E-015
     0.192078762926E-001    -0.280000000000E+003    -0.505777596165E-014    -0.224302014098E-013     0.592428262452E-015
     0.203613477710E-001    -0.280000000000E+003     0.505777596165E-014    -0.160860001199E-013     0.611878558671E-015
     0.215840274722E-001    -0.280000000000E+003    -0.601875339436E-012     0.258037348493E-012     0.141255845950E-014
     0.228800678855E-001    -0.279999999988E+003     0.123694992040E-008    -0.532434001613E-009     0.174675658673E-011
     0.242538706494E-001    -0.279999999995E+003     0.526984850793E-009    -0.205275358257E-009     0.252371584491E-011
     0.257101015006E-001    -0.279999999997E+003     0.272012248999E-009    -0.961516282778E-010     0.294384740289E-011
     0.272537061195E-001    -0.280000010824E+003    -0.116355048883E-005     0.487594536880E-006     0.195033317385E-008
     0.288899269272E-001    -0.280000004392E+003    -0.469234687961E-006     0.175373909856E-006     0.276997561042E-008
     0.306243208897E-001    -0.280000002295E+003    -0.229300141054E-006     0.767734669705E-007     0.318937172340E-008
     0.324627783907E-001    -0.280000014903E+003    -0.158843967254E-005     0.633752979901E-006     0.633350141534E-008
     0.344115432366E-001    -0.280000006028E+003    -0.616647140965E-006     0.215867849368E-006     0.760670664822E-008
     0.364772338618E-001    -0.280000001856E+003    -0.142025432120E-006     0.313313933007E-007     0.790714130329E-008
     0.386668658063E-001    -0.280000001597E+003    -0.103996576864E-006     0.267591507009E-007     0.814227291017E-008
     0.409878755421E-001    -0.280000001276E+003    -0.681170992217E-007     0.179296642330E-007     0.830575855004E-008
     0.434481457293E-001    -0.279999963657E+003     0.408173339987E-005    -0.157783646733E-005     0.190721087578E-007
     0.460560319869E-001    -0.279999988241E+003     0.133741239311E-005    -0.445831957297E-006     0.227486161643E-007
     0.488203912708E-001    -0.279999891180E+003     0.120783640192E-004    -0.449879294491E-005     0.583784101963E-007
     0.517506119535E-001    -0.279999965546E+003     0.366939633335E-005    -0.115177819444E-005     0.696477899773E-007
     0.548566457095E-001    -0.279999983354E+003     0.150962628092E-005    -0.418679506817E-006     0.745137306900E-007
     0.581490413132E-001    -0.279999990066E+003     0.701079533836E-006    -0.180170642199E-006     0.768969657032E-007
     0.616389804647E-001    -0.279999987202E+003     0.103412386926E-005    -0.331628190444E-006     0.806870290710E-007
     0.653383157655E-001    -0.279999993194E+003     0.384833155100E-006    -0.106126933224E-006     0.821637983633E-007
     0.692596109728E-001    -0.280000009426E+003    -0.143349981028E-005     0.515296924973E-006     0.881371198849E-007
     0.734161836681E-001    -0.280000000117E+003    -0.319170354941E-006     0.954106380008E-007     0.895217821549E-007
     0.778221504872E-001    -0.279999998518E+003    -0.788650113443E-007     0.197702876762E-007     0.898800106762E-007
     0.824924750635E-001    -0.279999998240E+003    -0.119785636377E-007     0.246002157717E-008     0.899371220230E-007
     0.874430188470E-001    -0.279999998262E+003     0.858468464669E-008    -0.182124600051E-008     0.899805667462E-007
     0.926905949743E-001    -0.279999998382E+003     0.113885639348E-007    -0.163182725712E-008     0.900409394764E-007
     0.982530253690E-001    -0.279999998497E+003     0.112709908628E-007    -0.119502081189E-008     0.901039849836E-007
     0.104149201269E+000    -0.279999998608E+003     0.919797031160E-008    -0.413388333970E-009     0.901582725796E-007
     0.110399147386E+000    -0.280000003892E+003    -0.604263091441E-006     0.188235389927E-006     0.941138834033E-007
     0.117024089912E+000    -0.279999999858E+003    -0.112230293669E-006     0.294006941724E-007     0.948824920826E-007
     0.124046528610E+000    -0.279999999230E+003    -0.244497291770E-007     0.693646711707E-008     0.950609648211E-007
     0.131490313229E+000    -0.279999999109E+003    -0.426831785803E-008     0.313559606706E-008     0.951003891312E-007
     0.139380724499E+000    -0.279999999588E+003    -0.584673895912E-007     0.187803463701E-007     0.955849360080E-007
     0.147744559993E+000    -0.279999999190E+003    -0.693825205172E-008     0.300070633344E-008     0.956481610614E-007
     0.156610225139E+000    -0.279999998994E+003     0.194381964668E-008    -0.362647279996E-007     0.959701335236E-007
     0.166007829686E+000    -0.280000002965E+003    -0.465865380120E-006     0.128558968131E-006     0.100511792315E-006
     0.175969289968E+000    -0.279999999684E+003    -0.643131467863E-007     0.120813821029E-007     0.101163651023E-006
     0.185969289968E+000    -0.279999998625E+003     0.711406948174E-007    -0.975709431163E-008     0.101881717826E-006
     0.195969289968E+000    -0.279999999066E+003     0.124692892165E-007     0.876136057544E-009     0.102006718142E-006
     0.205969289968E+000    -0.279999997642E+003     0.184419882771E-006    -0.488116834910E-007     0.103914420257E-006
     0.215969289968E+000    -0.279999998908E+003     0.295661501594E-007    -0.480924929070E-008     0.104213967601E-006
     0.225969289968E+000    -0.279999999093E+003     0.793855370529E-008    -0.387114953672E-009     0.104293447468E-006
     0.235969289968E+000    -0.279999999149E+003     0.396223642666E-008     0.120151527841E-009     0.104333088046E-006
     0.245969289968E+000    -0.280000002798E+003    -0.436474174925E-006     0.120776897602E-006     0.108861849073E-006
     0.255969289968E+000    -0.279999999797E+003    -0.621132266072E-007     0.138627788548E-007     0.109498263211E-006
     0.265969289968E+000    -0.279999999392E+003    -0.666315454674E-008     0.266447954708E-008     0.109570024677E-006
     0.275969289968E+000    -0.279999999336E+003    -0.120549056026E-008    -0.323661651993E-008     0.109604562908E-006
     0.285969289968E+000    -0.279999999338E+003     0.309126210650E-009     0.162292334930E-009     0.109608054295E-006
     0.295969289968E+000    -0.279999999341E+003     0.458780744368E-009     0.603400857513E-009     0.109615634350E-006
     0.305969289968E+000    -0.280000000044E+003    -0.843488078603E-007     0.238895260945E-007     0.110492300241E-006
     0.315969289968E+000    -0.279999998417E+003     0.115545136092E-006    -0.318350762351E-007     0.111690805583E-006
     0.325969289968E+000    -0.280000000719E+003    -0.164487769947E-006     0.466694221178E-007     0.113400608537E-006
     0.335969289968E+000    -0.279999999601E+003    -0.256975633620E-007     0.616626132801E-008     0.113664878767E-006
     0.345969289968E+000    -0.280000027171E+003    -0.337419079882E-005     0.926061933872E-006     0.148654526167E-006
     0.355969289968E+000    -0.280000003923E+003    -0.495007213498E-006     0.105109890090E-006     0.153714963208E-006
     0.365969289968E+000    -0.280000000913E+003    -0.103873294150E-006     0.200848246587E-007     0.154772935864E-006
     0.375969289968E+000    -0.280000000102E+003    -0.129670349598E-007     0.168270167976E-008     0.154903693457E-006
     0.385969289968E+000    -0.279999999930E+003    -0.826198830911E-008    -0.770451381366E-008     0.155016662472E-006
     0.395969289968E+000    -0.279999997350E+003     0.299406656987E-006    -0.828387247011E-007     0.158123213624E-006
     0.405969289968E+000    -0.279999999369E+003     0.425719529390E-007    -0.859308279018E-008     0.158557519075E-006
     0.415969289968E+000    -0.279999999595E+003     0.826192763811E-008    -0.920598493558E-009     0.158640649665E-006
     0.425969289968E+000    -0.279999999628E+003     0.198642634157E-008     0.996999840095E-010     0.158660538932E-006
     0.435969289968E+000    -0.280000025323E+003    -0.312208621458E-005     0.857199013338E-006     0.191036784051E-006
     0.445969289968E+000    -0.280000003805E+003    -0.457613104901E-006     0.982520978589E-007     0.195717203140E-006
     0.455969289968E+000    -0.280000001014E+003    -0.962037787577E-007     0.185334992486E-007     0.196696930533E-006
     0.465969289968E+000    -0.279999999306E+003     0.968694744430E-007    -0.412319417920E-007     0.197749725295E-006
     0.475969289968E+000    -0.279999999647E+003     0.932785897939E-008    -0.753535007149E-007     0.198509011738E-006
     0.485969289968E+000    -0.279999999781E+003     0.775807198350E-009    -0.390111688756E-008     0.198548786843E-006
     0.495969289968E+000    -0.279999999646E+003     0.267636767773E-008     0.534063396503E-008     0.198608524030E-006
     0.505969289968E+000    -0.279999999520E+003     0.468073901295E-008     0.475199953852E-008     0.198675225467E-006
     0.515969289968E+000    -0.279999999456E+003     0.404128439770E-008     0.377714290110E-008     0.198730541638E-006
     0.525969289968E+000    -0.279999999312E+003     0.172080813654E-007    -0.133287955871E-008     0.198903137881E-006
     0.535969289968E+000    -0.280000023665E+003    -0.294488423652E-005     0.810747646087E-006     0.229447621691E-006
     0.545969289968E+000    -0.280000002798E+003    -0.359736542691E-006     0.779345464225E-007     0.233128439178E-006
     0.555969289968E+000    -0.280000003748E+003    -0.456214432847E-006     0.118745036940E-006     0.237842588014E-006
     0.565969289968E+000    -0.279999996521E+003     0.383065988150E-006    -0.185582623816E-006     0.242099117840E-006
     0.575969289968E+000    -0.279999999632E+003     0.116828100530E-007    -0.451502236944E-008     0.242224366982E-006
     0.585969289968E+000    -0.280000000244E+003     0.233644465865E-008     0.170105500348E-006     0.243925582437E-006
     0.595969289968E+000    -0.279999998459E+003     0.150809280692E-006    -0.533865686316E-007     0.245525381326E-006
     0.605969289968E+000    -0.279999999687E+003     0.168098573220E-007    -0.116830273237E-007     0.245730091958E-006
     0.615969289968E+000    -0.280000000096E+003    -0.319180055810E-008     0.280160921410E-007     0.246012065186E-006
     0.625969289968E+000    -0.280000000176E+003    -0.517627458731E-008     0.136330358967E-007     0.246157891619E-006
     0.635969289968E+000    -0.280000000324E+003    -0.732740232752E-008     0.197727015015E-007     0.246368759006E-006
     0.645969289968E+000    -0.280000005761E+003    -0.661123472046E-006     0.186895754562E-006     0.253239088462E-006
     0.655969289968E+000    -0.280000001066E+003    -0.807462798226E-007    -0.166034504862E-009     0.254046552968E-006
     0.665969289968E+000    -0.280000000707E+003    -0.247668716678E-007    -0.181956796963E-008     0.254294889183E-006
     0.675969289968E+000    -0.280000000580E+003    -0.975637897552E-008    -0.223331418467E-008     0.254394976457E-006
     0.685969289968E+000    -0.280000000960E+003    -0.592524619805E-007     0.129867921754E-007     0.255001566188E-006
     0.695969289968E+000    -0.279999974824E+003     0.311456951552E-005    -0.857658916202E-006     0.287306553548E-006
     0.705969289968E+000    -0.279999996268E+003     0.454025571195E-006    -0.977700879315E-007     0.291950885679E-006
     0.715969289968E+000    -0.280000002163E+003    -0.288350944122E-006     0.859353761364E-007     0.294959725253E-006
     0.725969289968E+000    -0.279999995897E+003     0.483554523489E-006    -0.137083772605E-006     0.299985826505E-006
     0.735969289968E+000    -0.279999968250E+003     0.384656747966E-005    -0.105236869078E-005     0.339865095852E-006
     0.745969289968E+000    -0.279999994692E+003     0.571518000822E-006    -0.121228951802E-006     0.345707435144E-006
     0.755969289968E+000    -0.279999998305E+003     0.107998114999E-006    -0.212075188288E-007     0.346808041872E-006
