 #        time                      h  [L]            Darcian flow [L.T^{-1}]   in    x         z              directions   cumulative flux
 #-----------------------------------------------------------------------------------------------

     0.100000000000E-005     0.400000000000E+001    -0.169607283920E-012    -0.138494857487E+004     0.138494857487E-002
     0.205999994278E-005     0.400000000000E+001    -0.164138820428E-012    -0.134029518178E+004     0.280566139086E-002
     0.318359982147E-005     0.400000000000E+001    -0.158452599183E-012    -0.129386366170E+004     0.425944644419E-002
     0.437461562859E-005     0.400000000000E+001    -0.152550943147E-012    -0.124567298304E+004     0.574306265750E-002
     0.563709231599E-005     0.400000000000E+001    -0.146439191969E-012    -0.119576674736E+004     0.725269029961E-002
     0.697531753239E-005     0.400000000000E+001    -0.140126580523E-012    -0.114422036313E+004     0.878391484268E-002
     0.839383618521E-005     0.400000000000E+001    -0.133627334994E-012    -0.109114999596E+004     0.103317314650E-001
     0.989746587602E-005     0.400000000000E+001    -0.126962012549E-012    -0.103672350785E+004     0.118905797125E-001
     0.114913132622E-004     0.400000000000E+001    -0.120159087596E-012    -0.981173409999E+003     0.134544203875E-001
     0.131807914004E-004     0.400000000000E+001    -0.113256738144E-012    -0.924811449495E+003     0.150168691134E-001
     0.149716381303E-004     0.400000000000E+001    -0.106304694447E-012    -0.868043704690E+003     0.165714023433E-001
     0.168699355614E-004     0.400000000000E+001    -0.993658621143E-013    -0.811383838862E+003     0.181116502002E-001
     0.188821307298E-004     0.400000000000E+001    -0.925172145409E-013    -0.755460387479E+003     0.196317839418E-001
     0.210150574931E-004     0.400000000000E+001    -0.858491868739E-013    -0.701011809558E+003     0.211269907918E-001
     0.232759597402E-004     0.400000000000E+001    -0.794625854345E-013    -0.648861251177E+003     0.225940026527E-001
     0.256725159928E-004     0.400000000000E+001    -0.734620485253E-013    -0.599863148921E+003     0.240316084329E-001
     0.282128654833E-004     0.400000000000E+001    -0.679456458967E-013    -0.554818303073E+003     0.254410408265E-001
     0.309056357980E-004     0.400000000000E+001    -0.629915089892E-013    -0.514364705261E+003     0.268261068357E-001
     0.337599721774E-004     0.400000000000E+001    -0.586442552281E-013    -0.478866684410E+003     0.281929534339E-001
     0.367855685763E-004     0.400000000000E+001    -0.549054921884E-013    -0.448337367367E+003     0.295494413581E-001
     0.399927005860E-004     0.400000000000E+001    -0.517324879111E-013    -0.422427821206E+003     0.309042231453E-001
     0.433922603327E-004     0.400000000000E+001    -0.490464948007E-013    -0.400495023013E+003     0.322657299043E-001
     0.469957934698E-004     0.400000000000E+001    -0.467483540445E-013    -0.381729279635E+003     0.336413040128E-001
     0.508155383889E-004     0.400000000000E+001    -0.447362932465E-013    -0.365299556391E+003     0.350366551373E-001
     0.548644677845E-004     0.400000000000E+001    -0.429208306779E-013    -0.350475179519E+003     0.364557043941E-001
     0.591563327122E-004     0.400000000000E+001    -0.412338485706E-013    -0.336699925230E+003     0.379007749943E-001
     0.637057092900E-004     0.400000000000E+001    -0.396314259175E-013    -0.323615151284E+003     0.393730221838E-001
     0.685280482021E-004     0.400000000000E+001    -0.380916608005E-013    -0.311042014947E+003     0.408729721958E-001
     0.736397271730E-004     0.400000000000E+001    -0.366093033616E-013    -0.298937647876E+003     0.424010454841E-001
     0.790581065897E-004     0.400000000000E+001    -0.351889995283E-013    -0.287339986948E+003     0.439579625549E-001
     0.848015884613E-004     0.400000000000E+001    -0.338387057945E-013    -0.276314001866E+003     0.455449670155E-001
     0.908896789166E-004     0.400000000000E+001    -0.325645009602E-013    -0.265909329799E+003     0.471638470682E-001
     0.973430544509E-004     0.400000000000E+001    -0.313675589987E-013    -0.256135556967E+003     0.488167860050E-001
     0.104183632148E-003     0.400000000000E+001    -0.302434606277E-013    -0.246956597190E+003     0.505061117959E-001
     0.111434644115E-003     0.400000000000E+001    -0.291834347612E-013    -0.238300829116E+003     0.522340339597E-001
     0.119120716386E-003     0.400000000000E+001    -0.281767186438E-013    -0.230080368180E+003     0.540024482975E-001
     0.127267952553E-003     0.400000000000E+001    -0.272131197473E-013    -0.222211986070E+003     0.558128618272E-001
     0.135904022424E-003     0.400000000000E+001    -0.262850265791E-013    -0.214633530234E+003     0.576664519909E-001
     0.145058255993E-003     0.400000000000E+001    -0.253884258592E-013    -0.207312229754E+003     0.595642365638E-001
     0.154761743052E-003     0.400000000000E+001    -0.245228137203E-013    -0.200243970240E+003     0.615073013377E-001
     0.165047438780E-003     0.400000000000E+001    -0.236901675250E-013    -0.193444898084E+003     0.634970166995E-001
     0.175950275662E-003     0.400000000000E+001    -0.228933487669E-013    -0.186938379154E+003     0.655351753545E-001
     0.187507282134E-003     0.400000000000E+001    -0.221344207513E-013    -0.180741261617E+003     0.676240032847E-001
     0.199757708333E-003     0.400000000000E+001    -0.214133610208E-013    -0.174853362093E+003     0.697660314926E-001
     0.212743159403E-003     0.400000000000E+001    -0.207275124706E-013    -0.169252983677E+003     0.719638578306E-001
     0.226507736794E-003     0.400000000000E+001    -0.200718800395E-013    -0.163899338597E+003     0.742198629610E-001
     0.241098188040E-003     0.400000000000E+001    -0.194401236101E-013    -0.158740655866E+003     0.765359607613E-001
     0.256564065527E-003     0.400000000000E+001    -0.188259133151E-013    -0.153725248196E+003     0.789134566165E-001
     0.272957894778E-003     0.400000000000E+001    -0.182242504886E-013    -0.148812298381E+003     0.813530600266E-001
     0.290335352846E-003     0.400000000000E+001    -0.176324092128E-013    -0.143979547614E+003     0.838550585779E-001
     0.308755457403E-003     0.400000000000E+001    -0.170502808855E-013    -0.139226109090E+003     0.864196180645E-001
     0.328280767180E-003     0.400000000000E+001    -0.164800673889E-013    -0.134569962543E+003     0.890471382698E-001
     0.348977594427E-003     0.400000000000E+001    -0.159254354523E-013    -0.130041049088E+003     0.917385753977E-001
     0.370916230124E-003     0.400000000000E+001    -0.153903833756E-013    -0.125672017322E+003     0.944956480031E-001
     0.394171182707E-003     0.400000000000E+001    -0.148781456439E-013    -0.121489278821E+003     0.973208754214E-001
     0.418821431115E-003     0.400000000000E+001    -0.143905322147E-013    -0.117507613009E+003     0.100217467272E+000
     0.444950693017E-003     0.400000000000E+001    -0.139279200822E-013    -0.113730098277E+003     0.103189150796E+000
     0.472647709137E-003     0.400000000000E+001    -0.134878205933E-013    -0.110136413231E+003     0.106239600809E+000
     0.502006544641E-003     0.400000000000E+001    -0.130674879541E-013    -0.106704136762E+003     0.109372310007E+000
     0.533126908594E-003     0.400000000000E+001    -0.126640287584E-013    -0.103409642415E+003     0.112590455716E+000
     0.566114492604E-003     0.400000000000E+001    -0.122749755531E-013    -0.100232781906E+003     0.115896893029E+000
     0.601081329767E-003     0.400000000000E+001    -0.118986331350E-013    -0.971597128518E+002     0.119294260887E+000
     0.638146175159E-003     0.400000000000E+001    -0.115341174181E-013    -0.941832161416E+002     0.122785147232E+000
     0.677434909153E-003     0.400000000000E+001    -0.111811501805E-013    -0.913010199208E+002     0.126372248717E+000
     0.719080964939E-003     0.400000000000E+001    -0.108397437636E-013    -0.885132249651E+002     0.130058475422E+000
     0.763225781689E-003     0.400000000000E+001    -0.105099150071E-013    -0.858199687817E+002     0.133846982217E+000
     0.810019284919E-003     0.400000000000E+001    -0.101915177382E-013    -0.832200577773E+002     0.137741140260E+000
     0.859620395664E-003     0.400000000000E+001    -0.988420974826E-014    -0.807106976080E+002     0.141744480510E+000
     0.912197570216E-003     0.400000000000E+001    -0.958751138389E-014    -0.782879716059E+002     0.145860640859E+000
     0.967929372233E-003     0.400000000000E+001    -0.930089218109E-014    -0.759475482038E+002     0.150093334579E+000
     0.102700507918E-002     0.400000000000E+001    -0.902383770653E-014    -0.736852267348E+002     0.154446341440E+000
     0.108962532517E-002     0.400000000000E+001    -0.875588028687E-014    -0.714971883564E+002     0.158923512962E+000
     0.115600278233E-002     0.400000000000E+001    -0.849660205969E-014    -0.693800209628E+002     0.163528782331E+000
     0.122636288312E-002     0.400000000000E+001    -0.824562646759E-014    -0.673306497296E+002     0.168266173633E+000
     0.130094458593E-002     0.400000000000E+001    -0.800260911155E-014    -0.653462624254E+002     0.173139809157E+000
     0.138000118665E-002     0.400000000000E+001    -0.776723110689E-014    -0.634242551591E+002     0.178153915173E+000
     0.146380117888E-002     0.400000000000E+001    -0.753919512809E-014    -0.615622000837E+002     0.183312827061E+000
     0.155262916586E-002     0.400000000000E+001    -0.731823460569E-014    -0.597579204941E+002     0.188621002845E+000
     0.164678682697E-002     0.400000000000E+001    -0.710423958850E-014    -0.580105185712E+002     0.194083137593E+000
     0.174659394236E-002     0.400000000000E+001    -0.689675057751E-014    -0.563162422203E+002     0.199703899279E+000
     0.185238947896E-002     0.400000000000E+001    -0.669550087684E-014    -0.546729137046E+002     0.205488049522E+000
     0.196453274170E-002     0.400000000000E+001    -0.650026534472E-014    -0.530786946019E+002     0.211440467516E+000
     0.208340459379E-002     0.400000000000E+001    -0.631083931831E-014    -0.515319137135E+002     0.217566161541E+000
     0.220940875020E-002     0.400000000000E+001    -0.612703547820E-014    -0.500310414600E+002     0.223870280715E+000
     0.234297314879E-002     0.400000000000E+001    -0.594868150010E-014    -0.485746707070E+002     0.230358127394E+000
     0.248455140365E-002     0.400000000000E+001    -0.577561693736E-014    -0.471614913082E+002     0.237035169031E+000
     0.263462434571E-002     0.400000000000E+001    -0.560768971178E-014    -0.457902614508E+002     0.243907048284E+000
     0.279370165569E-002     0.400000000000E+001    -0.544475284806E-014    -0.444597809903E+002     0.250979590646E+000
     0.296232359518E-002     0.400000000000E+001    -0.528666194456E-014    -0.431688707981E+002     0.258258809366E+000
     0.314106284138E-002     0.400000000000E+001    -0.513327405182E-014    -0.419163636029E+002     0.265750908600E+000
     0.333052643213E-002     0.400000000000E+001    -0.498444785961E-014    -0.407011055194E+002     0.273462286199E+000
     0.353135782749E-002     0.400000000000E+001    -0.484004466049E-014    -0.395219639153E+002     0.281399537359E+000
     0.374423909507E-002     0.400000000000E+001    -0.469992926267E-014    -0.383778348658E+002     0.289569459493E+000
     0.396989322653E-002     0.400000000000E+001    -0.456397046633E-014    -0.372676470433E+002     0.297979058018E+000
     0.420908659296E-002     0.400000000000E+001    -0.443204084160E-014    -0.361903599037E+002     0.306635552035E+000
     0.446263154769E-002     0.400000000000E+001    -0.430400114789E-014    -0.351448364613E+002     0.315546348005E+000
     0.473138918520E-002     0.400000000000E+001    -0.417974521315E-014    -0.341302097556E+002     0.324719102547E+000
     0.501627226558E-002     0.400000000000E+001    -0.405918981490E-014    -0.331458002236E+002     0.334161780216E+000
     0.531824831448E-002     0.400000000000E+001    -0.394216186718E-014    -0.321901945110E+002     0.343882447968E+000
     0.563834290904E-002     0.400000000000E+001    -0.382856084354E-014    -0.312625717571E+002     0.353889428199E+000
     0.597764316095E-002     0.400000000000E+001    -0.371827098429E-014    -0.303619867123E+002     0.364191257939E+000
     0.633730140856E-002     0.400000000000E+001    -0.361125260008E-014    -0.294881152884E+002     0.374796901809E+000
     0.671853913045E-002     0.400000000000E+001    -0.350716884655E-014    -0.286382069425E+002     0.385714866583E+000
     0.712265109384E-002     0.400000000000E+001    -0.340591125051E-014    -0.278113759239E+002     0.396953776312E+000
     0.755100975191E-002     0.400000000000E+001    -0.330712053821E-014    -0.270046885397E+002     0.408521468457E+000
     0.800506990496E-002     0.400000000000E+001    -0.321040979868E-014    -0.262149854221E+002     0.420424648749E+000
     0.848637364120E-002     0.400000000000E+001    -0.311521782029E-014    -0.254376839303E+002     0.432667901066E+000
     0.899655557408E-002     0.400000000000E+001    -0.302072223993E-014    -0.246660689599E+002     0.445252083805E+000
     0.953734839373E-002     0.400000000000E+001    -0.292597070990E-014    -0.238923640019E+002     0.458172902702E+000
     0.101105887516E-001     0.400000000000E+001    -0.282938763699E-014    -0.231037033613E+002     0.471416877885E+000
     0.107182234982E-001     0.400000000000E+001    -0.272902877624E-014    -0.222842110732E+002     0.484957538833E+000
     0.113623162948E-001     0.400000000000E+001    -0.262202778080E-014    -0.214104816395E+002     0.498747875829E+000
     0.120450546223E-001     0.400000000000E+001    -0.250618287292E-014    -0.204645361802E+002     0.512719799034E+000
     0.127687572104E-001     0.400000000000E+001    -0.237752374940E-014    -0.194139547097E+002     0.526769728303E+000
     0.135358819124E-001     0.400000000000E+001    -0.223331488344E-014    -0.182363999562E+002     0.540759321185E+000
     0.143490340526E-001     0.400000000000E+001    -0.206820421748E-014    -0.168881690535E+002     0.554491971995E+000
     0.152109752747E-001     0.400000000000E+001    -0.187950752779E-014    -0.153473436513E+002     0.567720480138E+000
     0.161246329208E-001     0.400000000000E+001    -0.166515801735E-014    -0.135970470711E+002     0.580143526159E+000
     0.170931099734E-001     0.400000000000E+001    -0.142519587463E-014    -0.116376074769E+002     0.591414281947E+000
     0.181196955938E-001     0.400000000000E+001    -0.116533277842E-014    -0.951566426528E+001     0.601182926050E+000
     0.192078762926E-001     0.400000000000E+001    -0.900534381245E-015    -0.735342126295E+001     0.609184777138E+000
     0.203613477710E-001     0.400000000000E+001    -0.657900597540E-015    -0.537216606452E+001     0.615381417471E+000
     0.215840274722E-001     0.400000000000E+001    -0.470821634022E-015    -0.384455039894E+001     0.620082071204E+000
     0.228800678855E-001     0.400000000000E+001    -0.355040849040E-015    -0.289912854292E+001     0.623839458959E+000
     0.242538706494E-001     0.400000000000E+001    -0.299350669836E-015    -0.244438371982E+001     0.627197560069E+000
     0.257101015006E-001     0.400000000000E+001    -0.282020174829E-015    -0.230286948878E+001     0.630551069665E+000
     0.272537061195E-001     0.400000000000E+001    -0.280551806213E-015    -0.229087934912E+001     0.634087281610E+000
     0.288899269272E-001     0.400000000000E+001    -0.294314417723E-015    -0.240325960046E+001     0.638019544974E+000
     0.306243208897E-001     0.400000000000E+001    -0.310045542084E-015    -0.253171397908E+001     0.642410534415E+000
     0.324627783907E-001     0.400000000000E+001    -0.326746842226E-015    -0.266809044415E+001     0.647315705305E+000
     0.344115432366E-001     0.400000000000E+001    -0.342150702158E-015    -0.279387250590E+001     0.652760305829E+000
     0.364772338618E-001     0.400000000000E+001    -0.354416043195E-015    -0.289402661601E+001     0.658738469478E+000
     0.386668658063E-001     0.400000000000E+001    -0.364148141973E-015    -0.297349523329E+001     0.665249329628E+000
     0.409878755421E-001     0.400000000000E+001    -0.372308875942E-015    -0.304013268317E+001     0.672305507184E+000
     0.434481457293E-001     0.400000000000E+001    -0.379277293951E-015    -0.309703413437E+001     0.679925047933E+000
     0.460560319869E-001     0.400000000000E+001    -0.385917931617E-015    -0.315125905596E+001     0.688143173119E+000
     0.488203912708E-001     0.400000000000E+001    -0.391268020312E-015    -0.319494584548E+001     0.696975151329E+000
     0.517506119535E-001     0.400000000000E+001    -0.394084430964E-015    -0.321794358372E+001     0.706404436174E+000
     0.548566457095E-001     0.400000000000E+001    -0.394554364881E-015    -0.322178088536E+001     0.716411396358E+000
     0.581490413132E-001     0.400000000000E+001    -0.391817330374E-015    -0.319943130253E+001     0.726945189913E+000
     0.616389804647E-001     0.400000000000E+001    -0.385411987292E-015    -0.314712770703E+001     0.737928474112E+000
     0.653383157655E-001     0.400000000000E+001    -0.375496356392E-015    -0.306616043624E+001     0.749271229652E+000
     0.692596109728E-001     0.400000000000E+001    -0.361165617142E-015    -0.294914106984E+001     0.760835682395E+000
     0.734161836681E-001     0.400000000000E+001    -0.344354557045E-015    -0.281186834673E+001     0.772523417588E+000
     0.778221504872E-001     0.400000000000E+001    -0.326466702299E-015    -0.266580292804E+001     0.784268856835E+000
     0.824924750635E-001     0.400000000000E+001    -0.309731432142E-015    -0.252914907676E+001     0.796080803925E+000
     0.874430188470E-001     0.400000000000E+001    -0.297220953606E-015    -0.242699326706E+001     0.808095740356E+000
     0.926905949743E-001     0.400000000000E+001    -0.291352828232E-015    -0.237907638705E+001     0.820580124810E+000
     0.982530253690E-001     0.400000000000E+001    -0.291376910630E-015    -0.237927303475E+001     0.833814665455E+000
     0.104149201269E+000     0.400000000000E+001    -0.295303149080E-015    -0.241133320469E+001     0.848032310184E+000
     0.110399147386E+000     0.400000000000E+001    -0.300689183461E-015    -0.245531351301E+001     0.863377887340E+000
     0.117024089912E+000     0.400000000000E+001    -0.305920413033E-015    -0.249802974414E+001     0.879927190823E+000
     0.124046528610E+000     0.400000000000E+001    -0.309482185858E-015    -0.252711382640E+001     0.897673692753E+000
     0.131490313229E+000     0.400000000000E+001    -0.309919402135E-015    -0.253068396823E+001     0.916511559150E+000
     0.139380724499E+000     0.400000000000E+001    -0.306965152112E-015    -0.250656068611E+001     0.936289353837E+000
     0.147744559993E+000     0.400000000000E+001    -0.301195175217E-015    -0.245944524925E+001     0.956859749309E+000
     0.156610225139E+000     0.400000000000E+001    -0.292975380933E-015    -0.239232553531E+001     0.978069306424E+000
     0.166007829686E+000     0.400000000000E+001    -0.282362860716E-015    -0.230566773140E+001     0.999737059981E+000
     0.175969289968E+000     0.400000000000E+001    -0.270278786130E-015    -0.220699377419E+001     0.102172194081E+001
     0.185969289968E+000     0.400000000000E+001    -0.260697412515E-015    -0.212875592127E+001     0.104300950002E+001
     0.195969289968E+000     0.400000000000E+001    -0.256598333713E-015    -0.209528440275E+001     0.106396234405E+001
     0.205969289968E+000     0.400000000000E+001    -0.257880199034E-015    -0.210575162744E+001     0.108501986032E+001
     0.215969289968E+000     0.400000000000E+001    -0.261983077050E-015    -0.213925416890E+001     0.110641240201E+001
     0.225969289968E+000     0.400000000000E+001    -0.264276892004E-015    -0.215798458942E+001     0.112799224790E+001
     0.235969289968E+000     0.400000000000E+001    -0.264043124484E-015    -0.215607573275E+001     0.114955300523E+001
     0.245969289968E+000     0.400000000000E+001    -0.261534762222E-015    -0.213559340051E+001     0.117090893924E+001
     0.255969289968E+000     0.400000000000E+001    -0.257842778620E-015    -0.210544606657E+001     0.119196339990E+001
     0.265969289968E+000     0.400000000000E+001    -0.254265271418E-015    -0.207623350337E+001     0.121272573493E+001
     0.275969289968E+000     0.400000000000E+001    -0.251865712744E-015    -0.205663961984E+001     0.123329213113E+001
     0.285969289968E+000     0.400000000000E+001    -0.251122473924E-015    -0.205057061431E+001     0.125379783728E+001
     0.295969289968E+000     0.400000000000E+001    -0.252048945847E-015    -0.205813583167E+001     0.127437919559E+001
     0.305969289968E+000     0.400000000000E+001    -0.253007109338E-015    -0.206595983033E+001     0.129503879390E+001
     0.315969289968E+000     0.400000000000E+001    -0.253880296783E-015    -0.207308994691E+001     0.131576969337E+001
     0.325969289968E+000     0.400000000000E+001    -0.253772032227E-015    -0.207220589972E+001     0.133649175236E+001
     0.335969289968E+000     0.400000000000E+001    -0.252239817290E-015    -0.205969441529E+001     0.135708869652E+001
     0.345969289968E+000     0.400000000000E+001    -0.249631141443E-015    -0.203839296046E+001     0.137747262612E+001
     0.355969289968E+000     0.400000000000E+001    -0.246391594799E-015    -0.201194005464E+001     0.139759202667E+001
     0.365969289968E+000     0.400000000000E+001    -0.243617855487E-015    -0.198929075433E+001     0.141748493421E+001
     0.375969289968E+000     0.400000000000E+001    -0.242000597567E-015    -0.197608484125E+001     0.143724578262E+001
     0.385969289968E+000     0.400000000000E+001    -0.241625310177E-015    -0.197302038715E+001     0.145697598649E+001
     0.395969289968E+000     0.400000000000E+001    -0.241970823897E-015    -0.197584172078E+001     0.147673440370E+001
     0.405969289968E+000     0.400000000000E+001    -0.242524705445E-015    -0.198036450685E+001     0.149653804877E+001
     0.415969289968E+000     0.400000000000E+001    -0.242269951457E-015    -0.197828428267E+001     0.151632089160E+001
     0.425969289968E+000     0.400000000000E+001    -0.241629884789E-015    -0.197305774169E+001     0.153605146901E+001
     0.435969289968E+000     0.400000000000E+001    -0.240447078352E-015    -0.196339939418E+001     0.155568546296E+001
     0.445969289968E+000     0.400000000000E+001    -0.238850130038E-015    -0.195035932159E+001     0.157518905617E+001
     0.455969289968E+000     0.400000000000E+001    -0.236910084331E-015    -0.193451764620E+001     0.159453423263E+001
     0.465969289968E+000     0.400000000000E+001    -0.234800991900E-015    -0.191729559954E+001     0.161370718863E+001
     0.475969289968E+000     0.400000000000E+001    -0.232748357768E-015    -0.190053456988E+001     0.163271253433E+001
     0.485969289968E+000     0.400000000000E+001    -0.231057085995E-015    -0.188672428782E+001     0.165157977721E+001
     0.495969289968E+000     0.400000000000E+001    -0.230057751791E-015    -0.187856410478E+001     0.167036541825E+001
     0.505969289968E+000     0.400000000000E+001    -0.230051364190E-015    -0.187851194606E+001     0.168915053771E+001
     0.515969289968E+000     0.400000000000E+001    -0.230606881181E-015    -0.188304808653E+001     0.170798101858E+001
     0.525969289968E+000     0.400000000000E+001    -0.231422915773E-015    -0.188971151465E+001     0.172687813373E+001
     0.535969289968E+000     0.400000000000E+001    -0.232369613781E-015    -0.189744189053E+001     0.174585255263E+001
     0.545969289968E+000     0.400000000000E+001    -0.233128883055E-015    -0.190364179466E+001     0.176488897058E+001
     0.555969289968E+000     0.400000000000E+001    -0.233616397380E-015    -0.190762265122E+001     0.178396519709E+001
     0.565969289968E+000     0.400000000000E+001    -0.233288637011E-015    -0.190494628470E+001     0.180301465994E+001
     0.575969289968E+000     0.400000000000E+001    -0.232675860569E-015    -0.189994258533E+001     0.182201408579E+001
     0.585969289968E+000     0.400000000000E+001    -0.231027461988E-015    -0.188648238945E+001     0.184087890968E+001
     0.595969289968E+000     0.400000000000E+001    -0.229260921968E-015    -0.187205749549E+001     0.185959948464E+001
     0.605969289968E+000     0.400000000000E+001    -0.227247705322E-015    -0.185561833404E+001     0.187815566798E+001
     0.615969289968E+000     0.400000000000E+001    -0.225453986735E-015    -0.184097151025E+001     0.189656538308E+001
     0.625969289968E+000     0.400000000000E+001    -0.223740697213E-015    -0.182698143962E+001     0.191483519748E+001
     0.635969289968E+000     0.400000000000E+001    -0.222400129843E-015    -0.181603487633E+001     0.193299554624E+001
     0.645969289968E+000     0.400000000000E+001    -0.221560735244E-015    -0.180918069927E+001     0.195108735323E+001
     0.655969289968E+000     0.400000000000E+001    -0.221547784820E-015    -0.180907495103E+001     0.196917810275E+001
     0.665969289968E+000     0.400000000000E+001    -0.221579961578E-015    -0.180933769420E+001     0.198727147969E+001
     0.675969289968E+000     0.400000000000E+001    -0.222336511844E-015    -0.181551539594E+001     0.200542663365E+001
     0.685969289968E+000     0.400000000000E+001    -0.223209053238E-015    -0.182264023712E+001     0.202365303602E+001
     0.695969289968E+000     0.400000000000E+001    -0.224064266567E-015    -0.182962358390E+001     0.204194927186E+001
     0.705969289968E+000     0.400000000000E+001    -0.224741010605E-015    -0.183514961834E+001     0.206030076804E+001
     0.715969289968E+000     0.400000000000E+001    -0.225317694916E-015    -0.183985860309E+001     0.207869935407E+001
     0.725969289968E+000     0.400000000000E+001    -0.225489159829E-015    -0.184125872036E+001     0.209711194127E+001
     0.735969289968E+000     0.400000000000E+001    -0.225518814616E-015    -0.184150087007E+001     0.211552694998E+001
     0.745969289968E+000     0.400000000000E+001    -0.225413247368E-015    -0.184063884808E+001     0.213393333846E+001
     0.755969289968E+000     0.400000000000E+001    -0.225050199313E-015    -0.183767433573E+001     0.215231008181E+001
