 #        time                      h  [L]            Darcian flow [L.T^{-1}]   in    x              directions   cumulative flux
 #-----------------------------------------------------------------------------------------------

     0.100000000000E-003    -0.888178419700E-015    -0.879304781152E-001     0.879304781152E-005
     0.101000000000E-003     0.177635683940E-014    -0.884194134803E-001     0.888146722500E-005
     0.102060000000E-003     0.841962961573E-007    -0.884194387070E-001     0.897519183003E-005
     0.103183600000E-003     0.127040778786E-006    -0.884194269545E-001     0.907453989815E-005
     0.104374616000E-003     0.180900689983E-007    -0.884193855119E-001     0.917984880101E-005
     0.105637092960E-003    -0.166701873638E-006    -0.800965779223E-001     0.928096888521E-005
     0.106975318538E-003    -0.331837790135E-006    -0.792159649655E-001     0.938697771568E-005
     0.108393837650E-003    -0.399444548549E-006    -0.789637341316E-001     0.949898928172E-005
     0.109897467909E-003    -0.330083538280E-006    -0.792231443987E-001     0.961811159885E-005
     0.111491315983E-003    -0.121124074326E-006    -0.804768579952E-001     0.974637948401E-005
     0.113180794942E-003     0.115005684087E-006    -0.884195359589E-001     0.989576242958E-005
     0.114971642639E-003     0.351363120821E-006    -0.884195788928E-001     0.100541084288E-004
     0.116869941197E-003     0.587268485397E-006    -0.884196037185E-001     0.102219552350E-004
     0.118882137669E-003     0.691773231587E-006    -0.884195732441E-001     0.103998727884E-004
     0.121015065929E-003     0.784833805056E-006    -0.884195348834E-001     0.105884653131E-004
     0.123275969885E-003     0.671421520160E-006    -0.884194479562E-001     0.107883731927E-004
     0.125672528078E-003     0.391194259208E-006    -0.884193418963E-001     0.110002752910E-004
     0.128212879763E-003     0.395897243877E-007    -0.884192547110E-001     0.112248912936E-004
     0.130905652549E-003    -0.471846854033E-006    -0.787312462621E-001     0.114368966509E-004
     0.133759991701E-003    -0.916092982806E-006    -0.777499372268E-001     0.116588213409E-004
     0.136785591204E-003    -0.138183462006E-005    -0.770945488826E-001     0.118920785696E-004
     0.139992726676E-003    -0.159546151490E-005    -0.768563871670E-001     0.121385674152E-004
     0.143392290276E-003    -0.159837306946E-005    -0.768534148858E-001     0.123998354870E-004
     0.146995827693E-003    -0.137251245125E-005    -0.771058985009E-001     0.126776894773E-004
     0.150815577354E-003    -0.100479046772E-005    -0.776062201683E-001     0.129741258105E-004
     0.154864511996E-003    -0.332611223008E-006    -0.792131721792E-001     0.132948547674E-004
     0.159156382715E-003     0.424628447071E-006    -0.884198813170E-001     0.136743414671E-004
     0.163705765678E-003     0.115519457644E-005    -0.884200100770E-001     0.140765979545E-004
     0.168528111619E-003     0.189410019669E-005    -0.884200823864E-001     0.145029901799E-004
     0.173639798316E-003     0.221835961600E-005    -0.884199887783E-001     0.149549654603E-004
     0.179058186215E-003     0.252524040611E-005    -0.884198766374E-001     0.154340586499E-004
     0.184801677388E-003     0.252520518451E-005    -0.884196522243E-001     0.159418961419E-004
     0.190889778031E-003     0.252518930921E-005    -0.884194759815E-001     0.164802028105E-004
     0.197343164713E-003     0.252519433364E-005    -0.884193066806E-001     0.170508067867E-004
     0.204183754596E-003     0.252521031641E-005    -0.884192287744E-001     0.176556464685E-004
     0.211434779872E-003     0.252523736144E-005    -0.884191591018E-001     0.182967760260E-004
     0.219120866664E-003     0.252526602562E-005    -0.884191591231E-001     0.189763733571E-004
     0.227268118664E-003     0.252529640665E-005    -0.884191591385E-001     0.196967465282E-004
     0.235904205784E-003     0.252532860578E-005    -0.884191591481E-001     0.204603420897E-004
     0.245058458131E-003     0.252536273493E-005    -0.884191591546E-001     0.212697533849E-004
     0.254761965619E-003     0.252539890955E-005    -0.884191591584E-001     0.221277293579E-004
     0.265047683556E-003     0.252543725132E-005    -0.884191591624E-001     0.230371838893E-004
     0.275950544569E-003     0.252547789081E-005    -0.884191591667E-001     0.240012056926E-004
     0.287507577243E-003     0.252552096480E-005    -0.884191591712E-001     0.250230688041E-004
     0.299758031878E-003     0.252556661895E-005    -0.884191591760E-001     0.261062437024E-004
     0.312743513791E-003     0.252561500691E-005    -0.884191591810E-001     0.272544090947E-004
     0.326508124618E-003     0.252566629300E-005    -0.884191591864E-001     0.284714644106E-004
     0.341098612095E-003     0.252572065129E-005    -0.884191591921E-001     0.297615430455E-004
     0.356564528821E-003     0.252577826476E-005    -0.884191591981E-001     0.311290263987E-004
     0.372958400550E-003     0.252583932792E-005    -0.884191592045E-001     0.325785587531E-004
     0.390335904583E-003     0.252590404681E-005    -0.884191592112E-001     0.341150630488E-004
     0.408756058858E-003     0.252597263994E-005    -0.884191592184E-001     0.357437576025E-004
     0.428281422390E-003     0.252604533824E-005    -0.884191592260E-001     0.374701738295E-004
     0.448978307733E-003     0.252612238771E-005    -0.884191592340E-001     0.393001750304E-004
     0.470917006197E-003     0.252620404861E-005    -0.884191592425E-001     0.412399763034E-004
     0.494172026569E-003     0.252629059361E-005    -0.884191592516E-001     0.432961656531E-004
     0.518822348163E-003     0.252638231579E-005    -0.884191592611E-001     0.454757263640E-004
     0.544951689053E-003     0.252647952514E-005    -0.884191592713E-001     0.477860607177E-004
     0.572648790396E-003     0.252658254407E-005    -0.884191592820E-001     0.502350151331E-004
     0.602007717820E-003     0.252669172163E-005    -0.884191592934E-001     0.528309068136E-004
     0.633128180889E-003     0.252680742463E-005    -0.884191593054E-001     0.555825519954E-004
     0.666115871742E-003     0.252693004299E-005    -0.884191593182E-001     0.584992958885E-004
     0.701082824047E-003     0.252705998438E-005    -0.884191593317E-001     0.615910444157E-004
     0.738147793490E-003     0.252719768756E-005    -0.884191593461E-001     0.648682978550E-004
     0.777436661099E-003     0.252734361172E-005    -0.884191593613E-001     0.683421865012E-004
     0.819082860765E-003     0.252749824448E-005    -0.884191593773E-001     0.720245084670E-004
     0.863227832411E-003     0.252766210629E-005    -0.884191593944E-001     0.759277697514E-004
     0.910021502355E-003     0.252783574073E-005    -0.884191594124E-001     0.800652267137E-004
     0.959622792497E-003     0.252801973044E-005    -0.884191594315E-001     0.844509310947E-004
     0.101220016005E-002     0.252821468649E-005    -0.884191594518E-001     0.890997777397E-004
     0.106793216965E-002     0.252842125903E-005    -0.884191594732E-001     0.940275551845E-004
     0.112700809983E-002     0.252864013284E-005    -0.884191594959E-001     0.992509992774E-004
     0.118962858582E-002     0.252887203711E-005    -0.884191595199E-001     0.104787850017E-003
     0.125600630097E-002     0.252911774101E-005    -0.884191595454E-001     0.110656911803E-003
     0.132636667903E-002     0.252937806078E-005    -0.884191595723E-001     0.116878117298E-003
     0.140094867977E-002     0.252965385350E-005    -0.884191596008E-001     0.123472595125E-003
     0.148000560055E-002     0.252994603134E-005    -0.884191596310E-001     0.130462741624E-003
     0.156380593659E-002     0.253025555708E-005    -0.884191596630E-001     0.137872296916E-003
     0.165263429278E-002     0.253058345212E-005    -0.884191596968E-001     0.145726425528E-003
     0.174679235035E-002     0.253093079028E-005    -0.884191597326E-001     0.154051801860E-003
     0.184659989137E-002     0.253129871108E-005    -0.884191597705E-001     0.162876700776E-003
     0.195239588485E-002     0.253168841624E-005    -0.884191598105E-001     0.172231093631E-003
     0.206453963794E-002     0.253210118029E-005    -0.884191598529E-001     0.182146750062E-003
     0.218341201622E-002     0.253253834614E-005    -0.884191598978E-001     0.192657345884E-003
     0.230941673719E-002     0.253300133490E-005    -0.884191599452E-001     0.203798577462E-003
     0.244298174142E-002     0.253349164403E-005    -0.884191599954E-001     0.215608282941E-003
     0.258456064591E-002     0.253401085804E-005    -0.884191600485E-001     0.228126570756E-003
     0.273463428466E-002     0.253456065025E-005    -0.884191601046E-001     0.241395955848E-003
     0.289371234174E-002     0.253514278192E-005    -0.884191601639E-001     0.255461504056E-003
     0.306233508225E-002     0.253575911824E-005    -0.884191602266E-001     0.270370985166E-003
     0.324107518718E-002     0.253641162207E-005    -0.884191602928E-001     0.286175035155E-003
     0.343053969841E-002     0.253710236819E-005    -0.884191603628E-001     0.302927328157E-003
     0.363137208032E-002     0.253783353621E-005    -0.884191604367E-001     0.320684758753E-003
     0.384425440514E-002     0.253860743271E-005    -0.884191605148E-001     0.339507635202E-003
     0.406990966944E-002     0.253942648243E-005    -0.884191605973E-001     0.359459884257E-003
     0.430910424961E-002     0.254029323798E-005    -0.884191606843E-001     0.380609268275E-003
     0.456265050459E-002     0.254121039323E-005    -0.884191607762E-001     0.403027615358E-003
     0.483140953486E-002     0.254218077789E-005    -0.884191608732E-001     0.426791063292E-003
     0.511629410696E-002     0.254320737181E-005    -0.884191609754E-001     0.451980318132E-003
     0.541827175337E-002     0.254429330671E-005    -0.884191610832E-001     0.478680928294E-003
     0.573836805857E-002     0.254544187239E-005    -0.884191611969E-001     0.506983575102E-003
     0.607767014209E-002     0.254665653099E-005    -0.884191613167E-001     0.536984380759E-003
     0.643733035061E-002     0.254794090893E-005    -0.884191614429E-001     0.568785234801E-003
     0.681857017165E-002     0.254929881738E-005    -0.884191615758E-001     0.602494140137E-003
     0.722268438195E-002     0.255073425226E-005    -0.884191617157E-001     0.638225579849E-003
     0.765104544487E-002     0.255225140045E-005    -0.884191618629E-001     0.676100906007E-003
     0.810510817156E-002     0.255385464865E-005    -0.884191620178E-001     0.716248751804E-003
     0.858641466185E-002     0.255554858519E-005    -0.884191621805E-001     0.758805468428E-003
     0.909659954156E-002     0.255733801158E-005    -0.884191623515E-001     0.803915588137E-003
     0.963739551406E-002     0.255922794157E-005    -0.884191625311E-001     0.851732315125E-003
     0.100000000000E-001     0.256049207259E-005    -0.884191626507E-001     0.883793500145E-003
     0.103843607551E-001     0.256182861680E-005    -0.884191627767E-001     0.917778356315E-003
     0.107917831555E-001     0.256324151593E-005    -0.884191629093E-001     0.953802303909E-003
     0.112236508999E-001     0.256473490090E-005    -0.884191630488E-001     0.991987688419E-003
     0.116814307090E-001     0.256631309448E-005    -0.884191631954E-001     0.103246419607E-002
     0.121666773067E-001     0.256798063170E-005    -0.884191633496E-001     0.107536929425E-002
     0.126810387002E-001     0.256974224655E-005    -0.884191635116E-001     0.112084869840E-002
     0.132262617773E-001     0.257160288797E-005    -0.884191636816E-001     0.116905686690E-002
     0.138041982390E-001     0.257356773048E-005    -0.884191638600E-001     0.122015752561E-002
     0.144168108884E-001     0.257564217154E-005    -0.884191640471E-001     0.127432422396E-002
     0.150661802968E-001     0.257783183422E-005    -0.884191642431E-001     0.133174092434E-002
     0.157545118698E-001     0.258014257870E-005    -0.884191644484E-001     0.139260262688E-002
     0.164841433370E-001     0.258258050323E-005    -0.884191646632E-001     0.145711603173E-002
     0.172575526924E-001     0.258515194229E-005    -0.884191648878E-001     0.152550024104E-002
     0.180773666090E-001     0.258786347729E-005    -0.884191651224E-001     0.159798750311E-002
     0.189463693606E-001     0.259072193032E-005    -0.884191653673E-001     0.167482400111E-002
     0.198675122774E-001     0.259373436773E-005    -0.884191656225E-001     0.175627068922E-002
     0.208439237691E-001     0.259690809923E-005    -0.884191658884E-001     0.184260417889E-002
     0.218789199504E-001     0.260025067789E-005    -0.884191661650E-001     0.193411767822E-002
     0.229760159025E-001     0.260376989303E-005    -0.884191664525E-001     0.203112198782E-002
     0.241389376117E-001     0.260747377112E-005    -0.884191667508E-001     0.213394655635E-002
     0.253716346235E-001     0.261137056690E-005    -0.884191670599E-001     0.224294059937E-002
     0.266782934560E-001     0.261546875802E-005    -0.884191673798E-001     0.235847428539E-002
     0.280633518185E-001     0.261977703797E-005    -0.884191677103E-001     0.248093999303E-002
     0.295315136827E-001     0.262430430720E-005    -0.884191680513E-001     0.261075364363E-002
     0.310877652588E-001     0.262905966064E-005    -0.884191684023E-001     0.274835611381E-002
     0.327373919294E-001     0.263405238066E-005    -0.884191687630E-001     0.289421473279E-002
     0.344859962003E-001     0.263929192279E-005    -0.884191691329E-001     0.304882486957E-002
     0.363395167274E-001     0.264478790069E-005    -0.884191695113E-001     0.321271161524E-002
     0.383042484861E-001     0.265055008164E-005    -0.884191698975E-001     0.338643156642E-002
     0.403868641504E-001     0.265658836796E-005    -0.884191702907E-001     0.357057471549E-002
     0.425944367545E-001     0.266291278539E-005    -0.884191706897E-001     0.376576645439E-002
     0.449344637149E-001     0.266953347516E-005    -0.884191710935E-001     0.397266969856E-002
     0.474148922929E-001     0.267646068686E-005    -0.884191715007E-001     0.419198713839E-002
     0.500441465855E-001     0.268370476686E-005    -0.884191719098E-001     0.442446362569E-002
     0.528311561358E-001     0.269127616370E-005    -0.884191723192E-001     0.467088870337E-002
     0.557853862590E-001     0.269918542628E-005    -0.884191727270E-001     0.493209928691E-002
     0.589168701896E-001     0.270744321185E-005    -0.884191731313E-001     0.520898250673E-002
     0.622362431561E-001     0.271606030910E-005    -0.884191735299E-001     0.550247872106E-002
     0.657547785006E-001     0.272504764975E-005    -0.884191739204E-001     0.581358470963E-002
     0.694844259657E-001     0.273441634580E-005    -0.884191743005E-001     0.614335705893E-002
     0.734378522787E-001     0.274417773660E-005    -0.884191746675E-001     0.649291575064E-002
     0.776284841706E-001     0.275434343244E-005    -0.884191750187E-001     0.686344796532E-002
     0.820705539759E-001     0.276492538998E-005    -0.884191753513E-001     0.725621211436E-002
     0.867791479696E-001     0.277593598508E-005    -0.884191756624E-001     0.767254211381E-002
     0.917702576028E-001     0.278738810522E-005    -0.884191759493E-001     0.811385191465E-002
     0.970608338141E-001     0.279929525160E-005    -0.884191762090E-001     0.858164030492E-002
     0.102668844598E+000     0.281167164928E-005    -0.884191764388E-001     0.907749599990E-002
     0.108613336029E+000     0.282453238576E-005    -0.884191766362E-001     0.960310303775E-002
     0.114914496946E+000     0.283789353173E-005    -0.884191767986E-001     0.101602464989E-001
     0.121593727518E+000     0.285177227788E-005    -0.884191769239E-001     0.107508185685E-001
     0.128673711924E+000     0.286618708767E-005    -0.884191770104E-001     0.113768249630E-001
     0.136178495394E+000     0.288115781810E-005    -0.884191770566E-001     0.120403917414E-001
     0.144133565873E+000     0.289670585651E-005    -0.884191770617E-001     0.127437725266E-001
     0.152565940581E+000     0.291285421739E-005    -0.884191770254E-001     0.134893561586E-001
     0.161504257771E+000     0.292962764092E-005    -0.884191769479E-001     0.142796748079E-001
     0.170978873992E+000     0.294705264903E-005    -0.884191768305E-001     0.151174125749E-001
     0.181021967187E+000     0.296515755505E-005    -0.884191766748E-001     0.160054146065E-001
     0.191667645973E+000     0.298397244514E-005    -0.884191764834E-001     0.169466967579E-001
     0.202952065486E+000     0.300352910276E-005    -0.884191762598E-001     0.179444558358E-001
     0.214913550171E+000     0.302386087014E-005    -0.884191760083E-001     0.190020804554E-001
     0.227413550171E+000     0.304470898094E-005    -0.884191757376E-001     0.201073201522E-001
     0.239913550171E+000     0.306518899684E-005    -0.884191754658E-001     0.212125598455E-001
     0.252413550171E+000     0.308532754190E-005    -0.884191751982E-001     0.223177995355E-001
     0.264913550171E+000     0.310514760571E-005    -0.884191749391E-001     0.234230392222E-001
     0.277413550171E+000     0.312466908525E-005    -0.884191746916E-001     0.245282789058E-001
     0.289913550171E+000     0.314390926626E-005    -0.884191744583E-001     0.256335185866E-001
     0.302413550171E+000     0.316288321489E-005    -0.884191742411E-001     0.267387582646E-001
     0.314913550171E+000     0.318160412949E-005    -0.884191740411E-001     0.278439979401E-001
     0.327413550171E+000     0.320008362831E-005    -0.884191738592E-001     0.289492376133E-001
     0.339913550171E+000     0.321833199557E-005    -0.884191736959E-001     0.300544772845E-001
     0.352413550171E+000     0.323635839194E-005    -0.884191735511E-001     0.311597169539E-001
     0.364913550171E+000     0.325417103308E-005    -0.884191734249E-001     0.322649566217E-001
     0.377413550171E+000     0.327177734505E-005    -0.884191733168E-001     0.333701962882E-001
     0.389913550171E+000     0.328918408243E-005    -0.884191732263E-001     0.344754359535E-001
     0.402413550171E+000     0.330639744117E-005    -0.884191731528E-001     0.355806756179E-001
     0.414913550171E+000     0.332342314735E-005    -0.884191730955E-001     0.366859152816E-001
     0.427413550171E+000     0.334026653093E-005    -0.884191730537E-001     0.377911549448E-001
     0.439913550171E+000     0.335693258879E-005    -0.884191730265E-001     0.388963946076E-001
     0.452413550171E+000     0.337342604073E-005    -0.884191730129E-001     0.400016342703E-001
     0.464913550171E+000     0.338975136494E-005    -0.884191730121E-001     0.411068739329E-001
     0.477413550171E+000     0.340591284242E-005    -0.884191730232E-001     0.422121135957E-001
     0.489913550171E+000     0.342191458191E-005    -0.884191730452E-001     0.433173532588E-001
     0.502413550171E+000     0.343776054379E-005    -0.884191730773E-001     0.444225929223E-001
     0.514913550171E+000     0.345345456410E-005    -0.884191731186E-001     0.455278325863E-001
     0.527413550171E+000     0.346900036519E-005    -0.884191731682E-001     0.466330722509E-001
     0.539913550171E+000     0.348440157083E-005    -0.884191732254E-001     0.477383119162E-001
     0.552413550171E+000     0.349966171864E-005    -0.884191732893E-001     0.488435515823E-001
     0.564913550171E+000     0.351478426452E-005    -0.884191733592E-001     0.499487912493E-001
     0.577413550171E+000     0.352977259244E-005    -0.884191734344E-001     0.510540309172E-001
     0.589913550171E+000     0.354463001973E-005    -0.884191735141E-001     0.521592705861E-001
     0.602413550171E+000     0.355935979623E-005    -0.884191735978E-001     0.532645102561E-001
     0.614913550171E+000     0.357396511053E-005    -0.884191736848E-001     0.543697499272E-001
     0.627413550171E+000     0.358844909165E-005    -0.884191737746E-001     0.554749895993E-001
     0.639913550171E+000     0.360281481004E-005    -0.884191738665E-001     0.565802292727E-001
     0.652413550171E+000     0.361706528018E-005    -0.884191739602E-001     0.576854689472E-001
     0.664913550171E+000     0.363120345970E-005    -0.884191740551E-001     0.587907086229E-001
     0.677413550171E+000     0.364523224938E-005    -0.884191741508E-001     0.598959482998E-001
     0.689913550171E+000     0.365915449319E-005    -0.884191742469E-001     0.610011879778E-001
     0.702413550171E+000     0.367297298265E-005    -0.884191743430E-001     0.621064276571E-001
     0.714913550171E+000     0.368669044981E-005    -0.884191744388E-001     0.632116673376E-001
     0.727413550171E+000     0.370030957164E-005    -0.884191745339E-001     0.643169070193E-001
     0.739913550171E+000     0.371383297004E-005    -0.884191746280E-001     0.654221467021E-001
     0.752413550171E+000     0.372726321007E-005    -0.884191747210E-001     0.665273863862E-001
     0.764913550171E+000     0.374060279995E-005    -0.884191748124E-001     0.676326260713E-001
     0.777413550171E+000     0.375385419460E-005    -0.884191749021E-001     0.687378657576E-001
     0.789913550171E+000     0.376701978766E-005    -0.884191749900E-001     0.698431054450E-001
     0.802413550171E+000     0.378010192126E-005    -0.884191750757E-001     0.709483451334E-001
     0.814913550171E+000     0.379310287713E-005    -0.884191751592E-001     0.720535848229E-001
     0.827413550171E+000     0.380602488548E-005    -0.884191752403E-001     0.731588245134E-001
     0.839913550171E+000     0.381887011880E-005    -0.884191753189E-001     0.742640642049E-001
     0.852413550171E+000     0.383164069451E-005    -0.884191753948E-001     0.753693038973E-001
     0.864913550171E+000     0.384433867495E-005    -0.884191754679E-001     0.764745435907E-001
     0.877413550171E+000     0.385696606919E-005    -0.884191755382E-001     0.775797832849E-001
     0.889913550171E+000     0.386952483211E-005    -0.884191756056E-001     0.786850229800E-001
     0.902413550171E+000     0.388201686441E-005    -0.884191756701E-001     0.797902626758E-001
     0.914913550171E+000     0.389444401350E-005    -0.884191757315E-001     0.808955023725E-001
     0.927413550171E+000     0.390680807616E-005    -0.884191757898E-001     0.820007420699E-001
     0.939913550171E+000     0.391911079856E-005    -0.884191758450E-001     0.831059817679E-001
     0.952413550171E+000     0.393135387267E-005    -0.884191758971E-001     0.842112214666E-001
     0.964913550171E+000     0.394353894340E-005    -0.884191759461E-001     0.853164611660E-001
     0.977413550171E+000     0.395566760680E-005    -0.884191759919E-001     0.864217008659E-001
     0.989913550171E+000     0.396774140743E-005    -0.884191760346E-001     0.875269405663E-001
     0.100241355017E+001     0.397976184630E-005    -0.884191760742E-001     0.886321802672E-001
     0.101491355017E+001     0.399173037469E-005    -0.884191761106E-001     0.897374199686E-001
     0.102741355017E+001     0.400364840036E-005    -0.884191761440E-001     0.908426596704E-001
     0.103991355017E+001     0.401551728313E-005    -0.884191761743E-001     0.919478993726E-001
     0.105241355017E+001     0.402733834104E-005    -0.884191762015E-001     0.930531390751E-001
     0.106491355017E+001     0.403911284863E-005    -0.884191762258E-001     0.941583787779E-001
     0.107741355017E+001     0.405084203692E-005    -0.884191762470E-001     0.952636184810E-001
     0.108991355017E+001     0.406252709784E-005    -0.884191762654E-001     0.963688581843E-001
     0.110241355017E+001     0.407416917891E-005    -0.884191762808E-001     0.974740978878E-001
     0.111491355017E+001     0.408576939037E-005    -0.884191762935E-001     0.985793375915E-001
     0.112741355017E+001     0.409732880424E-005    -0.884191763034E-001     0.996845772953E-001
     0.113991355017E+001     0.410884845436E-005    -0.884191763105E-001     0.100789816999E+000
     0.115241355017E+001     0.412032933461E-005    -0.884191763150E-001     0.101895056703E+000
     0.116491355017E+001     0.413177240688E-005    -0.884191763169E-001     0.103000296407E+000
     0.117741355017E+001     0.414317859576E-005    -0.884191763163E-001     0.104105536111E+000
     0.118991355017E+001     0.415454879210E-005    -0.884191763131E-001     0.105210775815E+000
     0.120241355017E+001     0.416588385121E-005    -0.884191763076E-001     0.106316015519E+000
     0.121491355017E+001     0.417718459733E-005    -0.884191762998E-001     0.107421255223E+000
     0.122741355017E+001     0.418845182448E-005    -0.884191762896E-001     0.108526494926E+000
     0.123991355017E+001     0.419968629117E-005    -0.884191762773E-001     0.109631734630E+000
     0.125241355017E+001     0.421088872748E-005    -0.884191762628E-001     0.110736974333E+000
     0.126491355017E+001     0.422205983597E-005    -0.884191762462E-001     0.111842214036E+000
     0.127741355017E+001     0.423320028808E-005    -0.884191762277E-001     0.112947453739E+000
     0.128991355017E+001     0.424431072688E-005    -0.884191762072E-001     0.114052693441E+000
     0.130241355017E+001     0.425539177051E-005    -0.884191761849E-001     0.115157933144E+000
     0.131491355017E+001     0.426644400875E-005    -0.884191761609E-001     0.116263172846E+000
     0.132741355017E+001     0.427746800469E-005    -0.884191761351E-001     0.117368412547E+000
     0.133991355017E+001     0.428846429923E-005    -0.884191761077E-001     0.118473652249E+000
     0.135241355017E+001     0.429943340574E-005    -0.884191760787E-001     0.119578891950E+000
     0.136491355017E+001     0.431037581627E-005    -0.884191760482E-001     0.120684131650E+000
     0.137741355017E+001     0.432129199801E-005    -0.884191760164E-001     0.121789371351E+000
     0.138991355017E+001     0.433218239770E-005    -0.884191759832E-001     0.122894611050E+000
     0.140241355017E+001     0.434304743813E-005    -0.884191759487E-001     0.123999850750E+000
     0.141491355017E+001     0.435388752074E-005    -0.884191759130E-001     0.125105090449E+000
     0.142741355017E+001     0.436470303011E-005    -0.884191758762E-001     0.126210330147E+000
     0.143991355017E+001     0.437549432686E-005    -0.884191758384E-001     0.127315569845E+000
     0.145241355017E+001     0.438626175381E-005    -0.884191757995E-001     0.128420809543E+000
     0.146491355017E+001     0.439700563426E-005    -0.884191757598E-001     0.129526049240E+000
     0.147741355017E+001     0.440772627552E-005    -0.884191757192E-001     0.130631288936E+000
     0.148991355017E+001     0.441842396359E-005    -0.884191756779E-001     0.131736528632E+000
     0.150241355017E+001     0.442909897114E-005    -0.884191756358E-001     0.132841768327E+000
     0.151491355017E+001     0.443975155040E-005    -0.884191755931E-001     0.133947008022E+000
     0.152741355017E+001     0.445038194119E-005    -0.884191755498E-001     0.135052247717E+000
     0.153991355017E+001     0.446099036555E-005    -0.884191755060E-001     0.136157487411E+000
     0.155241355017E+001     0.447157703132E-005    -0.884191754618E-001     0.137262727104E+000
     0.156491355017E+001     0.448214213122E-005    -0.884191754172E-001     0.138367966797E+000
     0.157741355017E+001     0.449268584468E-005    -0.884191753723E-001     0.139473206489E+000
     0.158991355017E+001     0.450320833512E-005    -0.884191753271E-001     0.140578446180E+000
     0.160241355017E+001     0.451370975529E-005    -0.884191752818E-001     0.141683685871E+000
     0.161491355017E+001     0.452419024377E-005    -0.884191752363E-001     0.142788925562E+000
     0.162741355017E+001     0.453464992667E-005    -0.884191751907E-001     0.143894165252E+000
     0.163991355017E+001     0.454508891767E-005    -0.884191751452E-001     0.144999404941E+000
     0.165241355017E+001     0.455550732337E-005    -0.884191750997E-001     0.146104644630E+000
     0.166491355017E+001     0.456590523346E-005    -0.884191750543E-001     0.147209884318E+000
     0.167741355017E+001     0.457628272876E-005    -0.884191750090E-001     0.148315124006E+000
     0.168991355017E+001     0.458663988212E-005    -0.884191749640E-001     0.149420363693E+000
     0.170241355017E+001     0.459697675037E-005    -0.884191749193E-001     0.150525603379E+000
     0.171491355017E+001     0.460729338592E-005    -0.884191748748E-001     0.151630843065E+000
     0.172741355017E+001     0.461758983139E-005    -0.884191748308E-001     0.152736082750E+000
     0.173991355017E+001     0.462786611877E-005    -0.884191747872E-001     0.153841322435E+000
     0.175241355017E+001     0.463812227203E-005    -0.884191747440E-001     0.154946562120E+000
     0.176491355017E+001     0.464835830805E-005    -0.884191747014E-001     0.156051801803E+000
     0.177741355017E+001     0.465857423215E-005    -0.884191746594E-001     0.157157041487E+000
     0.178991355017E+001     0.466877004435E-005    -0.884191746180E-001     0.158262281169E+000
     0.180241355017E+001     0.467894573930E-005    -0.884191745772E-001     0.159367520851E+000
     0.181491355017E+001     0.468910129836E-005    -0.884191745372E-001     0.160472760533E+000
     0.182741355017E+001     0.469923670288E-005    -0.884191744980E-001     0.161578000214E+000
     0.183991355017E+001     0.470935192354E-005    -0.884191744595E-001     0.162683239895E+000
     0.185241355017E+001     0.471944692748E-005    -0.884191744219E-001     0.163788479575E+000
     0.186491355017E+001     0.472952167296E-005    -0.884191743852E-001     0.164893719255E+000
     0.187741355017E+001     0.473957611380E-005    -0.884191743494E-001     0.165998958935E+000
     0.188991355017E+001     0.474961019847E-005    -0.884191743146E-001     0.167104198614E+000
     0.190241355017E+001     0.475962387014E-005    -0.884191742808E-001     0.168209438292E+000
     0.191491355017E+001     0.476961706664E-005    -0.884191742481E-001     0.169314677970E+000
     0.192741355017E+001     0.477958971956E-005    -0.884191742164E-001     0.170419917648E+000
     0.193991355017E+001     0.478954175964E-005    -0.884191741859E-001     0.171525157325E+000
     0.195241355017E+001     0.479947310961E-005    -0.884191741565E-001     0.172630397002E+000
     0.196491355017E+001     0.480938368863E-005    -0.884191741283E-001     0.173735636679E+000
     0.197741355017E+001     0.481927341500E-005    -0.884191741014E-001     0.174840876355E+000
     0.198991355017E+001     0.482914219901E-005    -0.884191740756E-001     0.175946116031E+000
     0.200241355017E+001     0.483898995007E-005    -0.884191740512E-001     0.177051355707E+000
     0.201491355017E+001     0.484881657314E-005    -0.884191740281E-001     0.178156595382E+000
     0.202741355017E+001     0.485862197053E-005    -0.884191740064E-001     0.179261835057E+000
     0.203991355017E+001     0.486840604008E-005    -0.884191739860E-001     0.180367074732E+000
     0.205241355017E+001     0.487816867878E-005    -0.884191739670E-001     0.181472314406E+000
     0.206491355017E+001     0.488790977826E-005    -0.884191739495E-001     0.182577554081E+000
     0.207741355017E+001     0.489762923372E-005    -0.884191739334E-001     0.183682793755E+000
     0.208991355017E+001     0.490732692882E-005    -0.884191739189E-001     0.184788033429E+000
     0.210241355017E+001     0.491700275163E-005    -0.884191739058E-001     0.185893273103E+000
     0.211491355017E+001     0.492665658758E-005    -0.884191738943E-001     0.186998512776E+000
     0.212741355017E+001     0.493628831943E-005    -0.884191738843E-001     0.188103752450E+000
     0.213991355017E+001     0.494589782551E-005    -0.884191738759E-001     0.189208992123E+000
     0.215241355017E+001     0.495548498591E-005    -0.884191738691E-001     0.190314231797E+000
     0.216491355017E+001     0.496504967895E-005    -0.884191738640E-001     0.191419471470E+000
     0.217741355017E+001     0.497459178028E-005    -0.884191738604E-001     0.192524711143E+000
     0.218991355017E+001     0.498411116290E-005    -0.884191738586E-001     0.193629950817E+000
     0.220241355017E+001     0.499360770156E-005    -0.884191738584E-001     0.194735190490E+000
     0.221491355017E+001     0.500308126838E-005    -0.884191738600E-001     0.195840430163E+000
     0.222741355017E+001     0.501253173635E-005    -0.884191738632E-001     0.196945669836E+000
     0.223991355017E+001     0.502195897489E-005    -0.884191738682E-001     0.198050909510E+000
     0.225241355017E+001     0.503136285523E-005    -0.884191738750E-001     0.199156149183E+000
     0.226491355017E+001     0.504074324681E-005    -0.884191738835E-001     0.200261388857E+000
     0.227741355017E+001     0.505010001994E-005    -0.884191738938E-001     0.201366628530E+000
     0.228991355017E+001     0.505943304230E-005    -0.884191739059E-001     0.202471868204E+000
     0.230241355017E+001     0.506874218065E-005    -0.884191739198E-001     0.203577107878E+000
     0.231491355017E+001     0.507802730709E-005    -0.884191739355E-001     0.204682347552E+000
     0.232741355017E+001     0.508728828663E-005    -0.884191739531E-001     0.205787587227E+000
     0.233991355017E+001     0.509652498693E-005    -0.884191739725E-001     0.206892826901E+000
     0.235241355017E+001     0.510573727830E-005    -0.884191739938E-001     0.207998066576E+000
     0.236491355017E+001     0.511492502753E-005    -0.884191740169E-001     0.209103306252E+000
     0.237741355017E+001     0.512408810316E-005    -0.884191740419E-001     0.210208545927E+000
