 #        time                      h  [L]            Darcian flow [L.T^{-1}]   in    x              directions   cumulative flux
 #-----------------------------------------------------------------------------------------------

     0.100000000000E-003    -0.177635683940E-014    -0.878769881807E-001     0.878769881807E-005
     0.101000000000E-003    -0.106581410364E-013    -0.877100707027E-001     0.887540888878E-005
     0.102060000000E-003     0.722187500912E-007    -0.884194263040E-001     0.896913348066E-005
     0.103183600000E-003     0.722187625257E-007    -0.884193997462E-001     0.906848151821E-005
     0.104374616000E-003     0.722189756885E-007    -0.884193913122E-001     0.917379042798E-005
     0.105637092960E-003     0.722191995095E-007    -0.884193913124E-001     0.928541787233E-005
     0.106975318538E-003     0.722194339886E-007    -0.884193913125E-001     0.940374296334E-005
     0.108393837650E-003     0.722196880076E-007    -0.884193913126E-001     0.952916755981E-005
     0.109897467909E-003     0.722199544612E-007    -0.884193913127E-001     0.966211763207E-005
     0.111491315983E-003     0.722202369019E-007    -0.884193913128E-001     0.980304470866E-005
     0.113180794942E-003     0.722205388826E-007    -0.884193913129E-001     0.995242740985E-005
     0.114971642639E-003     0.722208604031E-007    -0.884193913131E-001     0.101107730731E-004
     0.116869941197E-003     0.722211979109E-007    -0.884193913132E-001     0.102786194762E-004
     0.118882137669E-003     0.722215567350E-007    -0.884193913133E-001     0.104565366634E-004
     0.121015065929E-003     0.722219404281E-007    -0.884193913135E-001     0.106451288819E-004
     0.123275969885E-003     0.722223454375E-007    -0.884193913137E-001     0.108450366335E-004
     0.125672528078E-003     0.722227699868E-007    -0.884193913138E-001     0.110569388502E-004
     0.128212879763E-003     0.722232211814E-007    -0.884193913140E-001     0.112815551998E-004
     0.130905652549E-003     0.722237025741E-007    -0.884193913142E-001     0.115196485305E-004
     0.133759991701E-003     0.722242123885E-007    -0.884193913144E-001     0.117720274610E-004
     0.136785591204E-003     0.722247524010E-007    -0.884193913146E-001     0.120395491274E-004
     0.139992726676E-003     0.722253208352E-007    -0.884193913149E-001     0.123231220937E-004
     0.143392290276E-003     0.722259247965E-007    -0.884193913151E-001     0.126237094380E-004
     0.146995827693E-003     0.722265678377E-007    -0.884193913154E-001     0.129423320229E-004
     0.150815577354E-003     0.722272517351E-007    -0.884193913156E-001     0.132800719630E-004
     0.154864511996E-003     0.722279764886E-007    -0.884193913159E-001     0.136380762994E-004
     0.159156382715E-003     0.722287420984E-007    -0.884193913162E-001     0.140175608961E-004
     0.163705765678E-003     0.722295521172E-007    -0.884193913166E-001     0.144198145685E-004
     0.168528111619E-003     0.722304136502E-007    -0.884193913169E-001     0.148462034613E-004
     0.173639798316E-003     0.722313249213E-007    -0.884193913173E-001     0.152981756877E-004
     0.179058186215E-003     0.722322930358E-007    -0.884193913177E-001     0.157772662476E-004
     0.184801677388E-003     0.722333162173E-007    -0.884193913181E-001     0.162851022412E-004
     0.190889778031E-003     0.722343997950E-007    -0.884193913185E-001     0.168234083944E-004
     0.197343164713E-003     0.722355508742E-007    -0.884193913190E-001     0.173940129167E-004
     0.204183754596E-003     0.722367694550E-007    -0.884193913195E-001     0.179988537104E-004
     0.211434779872E-003     0.722380626428E-007    -0.884193913200E-001     0.186399849518E-004
     0.219120866664E-003     0.722394322139E-007    -0.884193913206E-001     0.193195840676E-004
     0.227268118664E-003     0.722408852738E-007    -0.884193913211E-001     0.200399591303E-004
     0.235904205784E-003     0.722424235988E-007    -0.884193913218E-001     0.208035566969E-004
     0.245058458131E-003     0.722440542944E-007    -0.884193913224E-001     0.216129701174E-004
     0.254761965619E-003     0.722457826896E-007    -0.884193913231E-001     0.224709483432E-004
     0.265047683556E-003     0.722476123372E-007    -0.884193913239E-001     0.233804052625E-004
     0.275950544569E-003     0.722495503425E-007    -0.884193913246E-001     0.243444295970E-004
     0.287507577243E-003     0.722516055873E-007    -0.884193913255E-001     0.253662953916E-004
     0.299758031878E-003     0.722537851772E-007    -0.884193913264E-001     0.264494731339E-004
     0.312743513791E-003     0.722560944411E-007    -0.884193913273E-001     0.275976415407E-004
     0.326508124618E-003     0.722585404844E-007    -0.884193913283E-001     0.288147000519E-004
     0.341098612095E-003     0.722611357418E-007    -0.884193913293E-001     0.301047820738E-004
     0.356564528821E-003     0.722638855422E-007    -0.884193913304E-001     0.314722690171E-004
     0.372958400550E-003     0.722667969910E-007    -0.884193913316E-001     0.329218051769E-004
     0.390335904583E-003     0.722698825228E-007    -0.884193913329E-001     0.344583135064E-004
     0.408756058858E-003     0.722731545721E-007    -0.884193913342E-001     0.360870123357E-004
     0.428281422390E-003     0.722766255734E-007    -0.884193913356E-001     0.378134330948E-004
     0.448978307733E-003     0.722803026321E-007    -0.884193913371E-001     0.396434390994E-004
     0.470917006197E-003     0.722841981826E-007    -0.884193913386E-001     0.415832454643E-004
     0.494172026569E-003     0.722883264359E-007    -0.884193913403E-001     0.436394402112E-004
     0.518822348163E-003     0.722926980501E-007    -0.884193913421E-001     0.458190066430E-004
     0.544951689053E-003     0.722973361178E-007    -0.884193913439E-001     0.481293470607E-004
     0.572648790396E-003     0.723022495208E-007    -0.884193913459E-001     0.505783079035E-004
     0.602007717820E-003     0.723074577991E-007    -0.884193913480E-001     0.531742063969E-004
     0.633128180889E-003     0.723129733871E-007    -0.884193913503E-001     0.559258588000E-004
     0.666115871742E-003     0.723188158247E-007    -0.884193913526E-001     0.588426103474E-004
     0.701082824047E-003     0.723250099810E-007    -0.884193913551E-001     0.619343669877E-004
     0.738147793490E-003     0.723315718432E-007    -0.884193913578E-001     0.652116290265E-004
     0.777436661099E-003     0.723385245038E-007    -0.884193913606E-001     0.686855267878E-004
     0.819082860765E-003     0.723458892793E-007    -0.884193913635E-001     0.723678584149E-004
     0.863227832411E-003     0.723536910385E-007    -0.884193913667E-001     0.762711299397E-004
     0.910021502355E-003     0.723619599796E-007    -0.884193913700E-001     0.804085977562E-004
     0.959622792497E-003     0.723707209715E-007    -0.884193913735E-001     0.847943136418E-004
     0.101220016005E-002     0.723800006597E-007    -0.884193913773E-001     0.894431724808E-004
     0.106793216965E-002     0.723898292421E-007    -0.884193913812E-001     0.943709628503E-004
     0.112700809983E-002     0.724002386931E-007    -0.884193913854E-001     0.995944206423E-004
     0.118962858582E-002     0.724112663164E-007    -0.884193913899E-001     0.105131285902E-003
     0.125600630097E-002     0.724229458626E-007    -0.884193913946E-001     0.111000363078E-003
     0.132636667903E-002     0.724353181880E-007    -0.884193913995E-001     0.117221584884E-003
     0.140094867977E-002     0.724484188197E-007    -0.884193914048E-001     0.123816080000E-003
     0.148000560055E-002     0.724622939430E-007    -0.884193914104E-001     0.130806244822E-003
     0.156380593659E-002     0.724769861904E-007    -0.884193914163E-001     0.138215819535E-003
     0.165263429278E-002     0.724925470763E-007    -0.884193914225E-001     0.146069968731E-003
     0.174679235035E-002     0.725090227860E-007    -0.884193914292E-001     0.154395366879E-003
     0.184659989137E-002     0.725264648338E-007    -0.884193914362E-001     0.163220288917E-003
     0.195239588485E-002     0.725449282868E-007    -0.884193914436E-001     0.172574706277E-003
     0.206453963794E-002     0.725644788702E-007    -0.884193914514E-001     0.182490388681E-003
     0.218341201622E-002     0.725851698746E-007    -0.884193914597E-001     0.193001012029E-003
     0.230941673719E-002     0.726070741308E-007    -0.884193914685E-001     0.204142272780E-003
     0.244298174142E-002     0.726302573639E-007    -0.884193914778E-001     0.215952009177E-003
     0.258456064591E-002     0.726547906282E-007    -0.884193914876E-001     0.228470329759E-003
     0.273463428466E-002     0.726807520834E-007    -0.884193914980E-001     0.241739749578E-003
     0.289371234174E-002     0.727082198893E-007    -0.884193915090E-001     0.255805334587E-003
     0.306233508225E-002     0.727372810871E-007    -0.884193915206E-001     0.270714854699E-003
     0.324107518718E-002     0.727680209422E-007    -0.884193915329E-001     0.286518946020E-003
     0.343053969841E-002     0.728005371542E-007    -0.884193915459E-001     0.303271282822E-003
     0.363137208032E-002     0.728349220935E-007    -0.884193915596E-001     0.321028759836E-003
     0.384425440514E-002     0.728712787890E-007    -0.884193915741E-001     0.339851685473E-003
     0.406990966944E-002     0.729097191510E-007    -0.884193915894E-001     0.359803986652E-003
     0.430910424961E-002     0.729503550900E-007    -0.884193916056E-001     0.380953425906E-003
     0.456265050459E-002     0.729933056220E-007    -0.884193916226E-001     0.403371831519E-003
     0.483140953486E-002     0.730386897629E-007    -0.884193916407E-001     0.427135341474E-003
     0.511629410696E-002     0.730866407395E-007    -0.884193916597E-001     0.452324662032E-003
     0.541827175337E-002     0.731372917784E-007    -0.884193916798E-001     0.479025341829E-003
     0.573836805857E-002     0.731907867646E-007    -0.884193917009E-001     0.507328062420E-003
     0.607767014209E-002     0.732472713594E-007    -0.884193917232E-001     0.537328946255E-003
     0.643733035061E-002     0.733069036585E-007    -0.884193917468E-001     0.569129883129E-003
     0.681857017165E-002     0.733698382049E-007    -0.884193917716E-001     0.602838876224E-003
     0.722268438195E-002     0.734362402000E-007    -0.884193917977E-001     0.638570408915E-003
     0.765104544487E-002     0.735062855028E-007    -0.884193918252E-001     0.676445833580E-003
     0.810510817156E-002     0.735801517493E-007    -0.884193918541E-001     0.716593783738E-003
     0.858641466185E-002     0.736580254568E-007    -0.884193918846E-001     0.759150610920E-003
     0.909659954156E-002     0.737400966955E-007    -0.884193919166E-001     0.804260847749E-003
     0.963739551406E-002     0.738265644173E-007    -0.884193919503E-001     0.852077698806E-003
     0.100000000000E-001     0.738843031201E-007    -0.884193919727E-001     0.884138966979E-003
     0.103843607551E-001     0.739452392651E-007    -0.884193919964E-001     0.918123911252E-003
     0.107917831555E-001     0.740095380536E-007    -0.884193920213E-001     0.954147952192E-003
     0.112236508999E-001     0.740773646868E-007    -0.884193920475E-001     0.992333435599E-003
     0.116814307090E-001     0.741488914713E-007    -0.884193920752E-001     0.103281004802E-002
     0.121666773067E-001     0.742243013718E-007    -0.884193921042E-001     0.107571525721E-002
     0.126810387002E-001     0.743037755768E-007    -0.884193921347E-001     0.112119477896E-002
     0.132262617773E-001     0.743875059328E-007    -0.884193921668E-001     0.116940307203E-002
     0.138041982390E-001     0.744756913917E-007    -0.884193922006E-001     0.122050386271E-002
     0.144168108884E-001     0.745685326820E-007    -0.884193922360E-001     0.127467070085E-002
     0.150661802968E-001     0.746662376372E-007    -0.884193922731E-001     0.133208754930E-002
     0.157545118698E-001     0.747690158676E-007    -0.884193923121E-001     0.139294940869E-002
     0.164841433370E-001     0.748770876413E-007    -0.884193923529E-001     0.145746297966E-002
     0.172575526924E-001     0.749906732267E-007    -0.884193923956E-001     0.152584736493E-002
     0.180773666090E-001     0.751099928920E-007    -0.884193924404E-001     0.159833481336E-002
     0.189463693606E-001     0.752352757871E-007    -0.884193924871E-001     0.167517150873E-002
     0.198675122774E-001     0.753667457332E-007    -0.884193925360E-001     0.175661840586E-002
     0.208439237691E-001     0.755046336565E-007    -0.884193925870E-001     0.184295211688E-002
     0.218789199504E-001     0.756491616016E-007    -0.884193926401E-001     0.193446585061E-002
     0.229760159025E-001     0.758005622714E-007    -0.884193926955E-001     0.203147040842E-002
     0.241389376117E-001     0.759590559340E-007    -0.884193927531E-001     0.213429523978E-002
     0.253716346235E-001     0.761248593051E-007    -0.884193928130E-001     0.224328956108E-002
     0.266782934560E-001     0.762981855473E-007    -0.884193928751E-001     0.235882354175E-002
     0.280633518185E-001     0.764792407182E-007    -0.884193929395E-001     0.248128956134E-002
     0.295315136827E-001     0.766682166642E-007    -0.884193930062E-001     0.261110354221E-002
     0.310877652588E-001     0.768653052319E-007    -0.884193930751E-001     0.274870636204E-002
     0.327373919294E-001     0.770706733988E-007    -0.884193931462E-001     0.289456535117E-002
     0.344859962003E-001     0.772844810371E-007    -0.884193932194E-001     0.304917587978E-002
     0.363395167274E-001     0.775068667025E-007    -0.884193932947E-001     0.321306304025E-002
     0.383042484861E-001     0.777379582928E-007    -0.884193933719E-001     0.338678343050E-002
     0.403868641504E-001     0.779778535076E-007    -0.884193934510E-001     0.357092704432E-002
     0.425944367545E-001     0.782266358357E-007    -0.884193935317E-001     0.376611927515E-002
     0.449344637149E-001     0.784843638968E-007    -0.884193936140E-001     0.397302304003E-002
     0.474148922929E-001     0.787510714417E-007    -0.884193936975E-001     0.419234103101E-002
     0.500441465855E-001     0.790267691286E-007    -0.884193937821E-001     0.442481810166E-002
     0.528311561358E-001     0.793114409703E-007    -0.884193938676E-001     0.467124379680E-002
     0.557853862590E-001     0.796050496632E-007    -0.884193939535E-001     0.493245503389E-002
     0.589168701896E-001     0.799075277058E-007    -0.884193940396E-001     0.520933894549E-002
     0.622362431561E-001     0.802188004911E-007    -0.884193941255E-001     0.550283589206E-002
     0.657547785006E-001     0.805387614378E-007    -0.884193942108E-001     0.581394265573E-002
     0.694844259657E-001     0.808673021879E-007    -0.884193942951E-001     0.614371582553E-002
     0.734378522787E-001     0.812043001730E-007    -0.884193943778E-001     0.649327538584E-002
     0.776284841706E-001     0.815496346007E-007    -0.884193944586E-001     0.686380852012E-002
     0.820705539759E-001     0.819031917842E-007    -0.884193945367E-001     0.725657364279E-002
     0.867791479696E-001     0.822648793530E-007    -0.884193946117E-001     0.767290467318E-002
     0.917702576028E-001     0.826346351346E-007    -0.884193946828E-001     0.811421556575E-002
     0.970608338141E-001     0.830124449180E-007    -0.884193947496E-001     0.858200511223E-002
     0.102668844598E+000     0.833983424542E-007    -0.884193948113E-001     0.907786203184E-002
     0.108613336029E+000     0.837924574171E-007    -0.884193948673E-001     0.960347036696E-002
     0.114914496946E+000     0.841950065222E-007    -0.884193949168E-001     0.101606152025E-001
     0.121593727518E+000     0.846063272775E-007    -0.884193949592E-001     0.107511887285E-001
     0.128673711924E+000     0.850269046282E-007    -0.884193949938E-001     0.113771966662E-001
     0.136178495394E+000     0.854573762865E-007    -0.884193950198E-001     0.120407650804E-001
     0.144133565873E+000     0.858985771401E-007    -0.884193950367E-001     0.127441475996E-001
     0.152565940581E+000     0.863515481342E-007    -0.884193950438E-001     0.134897330701E-001
     0.161504257771E+000     0.868175735746E-007    -0.884193950404E-001     0.142800536687E-001
     0.170978873992E+000     0.872981917865E-007    -0.884193950259E-001     0.151177935031E-001
     0.181021967187E+000     0.877952164302E-007    -0.884193949999E-001     0.160057977273E-001
     0.191667645973E+000     0.883107631466E-007    -0.884193949618E-001     0.169470822045E-001
     0.202952065486E+000     0.888472531102E-007    -0.884193949112E-001     0.179448437498E-001
     0.214913550171E+000     0.894074396740E-007    -0.884193948477E-001     0.190024709871E-001
     0.227413550171E+000     0.899861767323E-007    -0.884193947720E-001     0.201077134217E-001
     0.239913550171E+000     0.905604125023E-007    -0.884193946885E-001     0.212129558553E-001
     0.252413550171E+000     0.911319464336E-007    -0.884193945982E-001     0.223181982878E-001
     0.264913550171E+000     0.917022706659E-007    -0.884193945022E-001     0.234234407191E-001
     0.277413550171E+000     0.922726126618E-007    -0.884193944013E-001     0.245286831491E-001
     0.289913550171E+000     0.928439707337E-007    -0.884193942962E-001     0.256339255778E-001
     0.302413550171E+000     0.934171566769E-007    -0.884193941875E-001     0.267391680051E-001
     0.314913550171E+000     0.939928241905E-007    -0.884193940758E-001     0.278444104311E-001
     0.327413550171E+000     0.945714866418E-007    -0.884193939614E-001     0.289496528556E-001
     0.339913550171E+000     0.951535525928E-007    -0.884193938449E-001     0.300548952787E-001
     0.352413550171E+000     0.957393346823E-007    -0.884193937264E-001     0.311601377003E-001
     0.364913550171E+000     0.963290656131E-007    -0.884193936064E-001     0.322653801203E-001
     0.377413550171E+000     0.969229159153E-007    -0.884193934849E-001     0.333706225389E-001
     0.389913550171E+000     0.975210010523E-007    -0.884193933622E-001     0.344758649559E-001
     0.402413550171E+000     0.981233956310E-007    -0.884193932384E-001     0.355811073714E-001
     0.414913550171E+000     0.987301334021E-007    -0.884193931137E-001     0.366863497853E-001
     0.427413550171E+000     0.993412268002E-007    -0.884193929882E-001     0.377915921977E-001
     0.439913550171E+000     0.999566598381E-007    -0.884193928621E-001     0.388968346085E-001
     0.452413550171E+000     0.100576398765E-006    -0.884193927352E-001     0.400020770176E-001
     0.464913550171E+000     0.101200399172E-006    -0.884193926078E-001     0.411073194252E-001
     0.477413550171E+000     0.101828602439E-006    -0.884193924799E-001     0.422125618312E-001
     0.489913550171E+000     0.102460948170E-006    -0.884193923515E-001     0.433178042356E-001
     0.502413550171E+000     0.103097367088E-006    -0.884193922227E-001     0.444230466384E-001
     0.514913550171E+000     0.103737786361E-006    -0.884193920935E-001     0.455282890396E-001
     0.527413550171E+000     0.104382133159E-006    -0.884193919638E-001     0.466335314391E-001
     0.539913550171E+000     0.105030332875E-006    -0.884193918338E-001     0.477387738371E-001
     0.552413550171E+000     0.105682310902E-006    -0.884193917034E-001     0.488440162333E-001
     0.564913550171E+000     0.106337997963E-006    -0.884193915726E-001     0.499492586280E-001
     0.577413550171E+000     0.106997323002E-006    -0.884193914414E-001     0.510545010210E-001
     0.589913550171E+000     0.107660222071E-006    -0.884193913099E-001     0.521597434124E-001
     0.602413550171E+000     0.108326631221E-006    -0.884193911780E-001     0.532649858021E-001
     0.614913550171E+000     0.108996490056E-006    -0.884193910458E-001     0.543702281902E-001
     0.627413550171E+000     0.109669743509E-006    -0.884193909131E-001     0.554754705766E-001
     0.639913550171E+000     0.110346336513E-006    -0.884193907801E-001     0.565807129614E-001
     0.652413550171E+000     0.111026221106E-006    -0.884193906467E-001     0.576859553444E-001
     0.664913550171E+000     0.111709352879E-006    -0.884193905129E-001     0.587911977259E-001
     0.677413550171E+000     0.112395692753E-006    -0.884193903787E-001     0.598964401056E-001
     0.689913550171E+000     0.113085203424E-006    -0.884193902441E-001     0.610016824836E-001
     0.702413550171E+000     0.113777851141E-006    -0.884193901091E-001     0.621069248600E-001
     0.714913550171E+000     0.114473602153E-006    -0.884193899736E-001     0.632121672347E-001
     0.727413550171E+000     0.115172436921E-006    -0.884193898377E-001     0.643174096076E-001
     0.739913550171E+000     0.115874325246E-006    -0.884193897014E-001     0.654226519789E-001
     0.752413550171E+000     0.116579247589E-006    -0.884193895646E-001     0.665278943485E-001
     0.764913550171E+000     0.117287187962E-006    -0.884193894273E-001     0.676331367163E-001
     0.777413550171E+000     0.117998130378E-006    -0.884193892896E-001     0.687383790824E-001
     0.789913550171E+000     0.118712064179E-006    -0.884193891514E-001     0.698436214468E-001
     0.802413550171E+000     0.119428976930E-006    -0.884193890127E-001     0.709488638095E-001
     0.814913550171E+000     0.120148859750E-006    -0.884193888735E-001     0.720541061704E-001
     0.827413550171E+000     0.120871709086E-006    -0.884193887338E-001     0.731593485296E-001
     0.839913550171E+000     0.121597523162E-006    -0.884193885936E-001     0.742645908870E-001
     0.852413550171E+000     0.122326296648E-006    -0.884193884529E-001     0.753698332427E-001
     0.864913550171E+000     0.123058031321E-006    -0.884193883116E-001     0.764750755965E-001
     0.877413550171E+000     0.123792728957E-006    -0.884193881699E-001     0.775803179487E-001
     0.889913550171E+000     0.124530389556E-006    -0.884193880276E-001     0.786855602990E-001
     0.902413550171E+000     0.125271016671E-006    -0.884193878847E-001     0.797908026476E-001
     0.914913550171E+000     0.126014615631E-006    -0.884193877413E-001     0.808960449943E-001
     0.927413550171E+000     0.126761193542E-006    -0.884193875974E-001     0.820012873393E-001
     0.939913550171E+000     0.127510753956E-006    -0.884193874529E-001     0.831065296825E-001
     0.952413550171E+000     0.128263307531E-006    -0.884193873079E-001     0.842117720238E-001
     0.964913550171E+000     0.129018859596E-006    -0.884193871622E-001     0.853170143633E-001
     0.977413550171E+000     0.129777419033E-006    -0.884193870161E-001     0.864222567010E-001
     0.989913550171E+000     0.130538996501E-006    -0.884193868693E-001     0.875274990369E-001
     0.100241355017E+001     0.131303599105E-006    -0.884193867220E-001     0.886327413709E-001
     0.101491355017E+001     0.132071235726E-006    -0.884193865741E-001     0.897379837031E-001
     0.102741355017E+001     0.132841915246E-006    -0.884193864257E-001     0.908432260334E-001
     0.103991355017E+001     0.133615648323E-006    -0.884193862766E-001     0.919484683619E-001
     0.105241355017E+001     0.134392443840E-006    -0.884193861270E-001     0.930537106885E-001
     0.106491355017E+001     0.135172310678E-006    -0.884193859768E-001     0.941589530132E-001
     0.107741355017E+001     0.135955257718E-006    -0.884193858260E-001     0.952641953360E-001
     0.108991355017E+001     0.136741297396E-006    -0.884193856747E-001     0.963694376570E-001
     0.110241355017E+001     0.137530435040E-006    -0.884193855227E-001     0.974746799760E-001
     0.111491355017E+001     0.138322679533E-006    -0.884193853702E-001     0.985799222931E-001
     0.112741355017E+001     0.139118037978E-006    -0.884193852171E-001     0.996851646083E-001
     0.113991355017E+001     0.139916519259E-006    -0.884193850634E-001     0.100790406922E+000
     0.115241355017E+001     0.140718128705E-006    -0.884193849091E-001     0.101895649233E+000
     0.116491355017E+001     0.141522875197E-006    -0.884193847543E-001     0.103000891542E+000
     0.117741355017E+001     0.142330762287E-006    -0.884193845988E-001     0.104106133850E+000
     0.118991355017E+001     0.143141795306E-006    -0.884193844428E-001     0.105211376155E+000
     0.120241355017E+001     0.143955983134E-006    -0.884193842862E-001     0.106316618459E+000
     0.121491355017E+001     0.144773329325E-006    -0.884193841291E-001     0.107421860761E+000
     0.122741355017E+001     0.145593837431E-006    -0.884193839713E-001     0.108527103060E+000
     0.123991355017E+001     0.146417509228E-006    -0.884193838130E-001     0.109632345358E+000
     0.125241355017E+001     0.147244348270E-006    -0.884193836541E-001     0.110737587654E+000
     0.126491355017E+001     0.148074356332E-006    -0.884193834947E-001     0.111842829947E+000
     0.127741355017E+001     0.148907533415E-006    -0.884193833347E-001     0.112948072239E+000
     0.128991355017E+001     0.149743879518E-006    -0.884193831741E-001     0.114053314529E+000
     0.130241355017E+001     0.150583396419E-006    -0.884193830129E-001     0.115158556816E+000
     0.131491355017E+001     0.151426082340E-006    -0.884193828512E-001     0.116263799102E+000
     0.132741355017E+001     0.152271935505E-006    -0.884193826890E-001     0.117369041386E+000
     0.133991355017E+001     0.153120955915E-006    -0.884193825262E-001     0.118474283667E+000
     0.135241355017E+001     0.153973136463E-006    -0.884193823628E-001     0.119579525947E+000
     0.136491355017E+001     0.154828475374E-006    -0.884193821990E-001     0.120684768224E+000
     0.137741355017E+001     0.155686969094E-006    -0.884193820345E-001     0.121790010500E+000
     0.138991355017E+001     0.156548610519E-006    -0.884193818696E-001     0.122895252773E+000
     0.140241355017E+001     0.157413394319E-006    -0.884193817041E-001     0.124000495044E+000
     0.141491355017E+001     0.158281313389E-006    -0.884193815380E-001     0.125105737313E+000
     0.142741355017E+001     0.159152364176E-006    -0.884193813715E-001     0.126210979581E+000
     0.143991355017E+001     0.160026534246E-006    -0.884193812044E-001     0.127316221846E+000
     0.145241355017E+001     0.160903814717E-006    -0.884193810368E-001     0.128421464109E+000
     0.146491355017E+001     0.161784198482E-006    -0.884193808687E-001     0.129526706370E+000
     0.147741355017E+001     0.162667676662E-006    -0.884193807001E-001     0.130631948628E+000
     0.148991355017E+001     0.163554236821E-006    -0.884193805310E-001     0.131737190885E+000
     0.150241355017E+001     0.164443862971E-006    -0.884193803614E-001     0.132842433139E+000
     0.151491355017E+001     0.165336549784E-006    -0.884193801913E-001     0.133947675392E+000
     0.152741355017E+001     0.166232284826E-006    -0.884193800207E-001     0.135052917642E+000
     0.153991355017E+001     0.167131052109E-006    -0.884193798497E-001     0.136158159890E+000
     0.155241355017E+001     0.168032839198E-006    -0.884193796781E-001     0.137263402136E+000
     0.156491355017E+001     0.168937631884E-006    -0.884193795061E-001     0.138368644380E+000
     0.157741355017E+001     0.169845412401E-006    -0.884193793336E-001     0.139473886622E+000
     0.158991355017E+001     0.170756168316E-006    -0.884193791607E-001     0.140579128861E+000
     0.160241355017E+001     0.171669883642E-006    -0.884193789872E-001     0.141684371099E+000
     0.161491355017E+001     0.172586540614E-006    -0.884193788134E-001     0.142789613334E+000
     0.162741355017E+001     0.173506121470E-006    -0.884193786391E-001     0.143894855567E+000
     0.163991355017E+001     0.174428613775E-006    -0.884193784643E-001     0.145000097797E+000
     0.165241355017E+001     0.175353992660E-006    -0.884193782891E-001     0.146105340026E+000
     0.166491355017E+001     0.176282245690E-006    -0.884193781134E-001     0.147210582252E+000
     0.167741355017E+001     0.177213351549E-006    -0.884193779374E-001     0.148315824477E+000
     0.168991355017E+001     0.178147290697E-006    -0.884193777609E-001     0.149421066699E+000
     0.170241355017E+001     0.179084045371E-006    -0.884193775840E-001     0.150526308919E+000
     0.171491355017E+001     0.180023592478E-006    -0.884193774067E-001     0.151631551136E+000
     0.172741355017E+001     0.180965914254E-006    -0.884193772289E-001     0.152736793351E+000
     0.173991355017E+001     0.181910989383E-006    -0.884193770508E-001     0.153842035565E+000
     0.175241355017E+001     0.182858798325E-006    -0.884193768722E-001     0.154947277776E+000
     0.176491355017E+001     0.183809316212E-006    -0.884193766933E-001     0.156052519984E+000
     0.177741355017E+001     0.184762523503E-006    -0.884193765140E-001     0.157157762191E+000
     0.178991355017E+001     0.185718397105E-006    -0.884193763343E-001     0.158263004395E+000
     0.180241355017E+001     0.186676915703E-006    -0.884193761542E-001     0.159368246597E+000
     0.181491355017E+001     0.187638056204E-006    -0.884193759737E-001     0.160473488796E+000
     0.182741355017E+001     0.188601795514E-006    -0.884193757929E-001     0.161578730994E+000
     0.183991355017E+001     0.189568112319E-006    -0.884193756117E-001     0.162683973189E+000
     0.185241355017E+001     0.190536981748E-006    -0.884193754302E-001     0.163789215382E+000
     0.186491355017E+001     0.191508380709E-006    -0.884193752483E-001     0.164894457572E+000
     0.187741355017E+001     0.192482286110E-006    -0.884193750660E-001     0.165999699761E+000
     0.188991355017E+001     0.193458674858E-006    -0.884193748834E-001     0.167104941947E+000
     0.190241355017E+001     0.194437522083E-006    -0.884193747005E-001     0.168210184131E+000
     0.191491355017E+001     0.195418804694E-006    -0.884193745172E-001     0.169315426312E+000
     0.192741355017E+001     0.196402496044E-006    -0.884193743337E-001     0.170420668491E+000
     0.193991355017E+001     0.197388573042E-006    -0.884193741497E-001     0.171525910668E+000
     0.195241355017E+001     0.198377009042E-006    -0.884193739655E-001     0.172631152843E+000
     0.196491355017E+001     0.199367782727E-006    -0.884193737809E-001     0.173736395015E+000
     0.197741355017E+001     0.200360867453E-006    -0.884193735961E-001     0.174841637185E+000
     0.198991355017E+001     0.201356238350E-006    -0.884193734109E-001     0.175946879352E+000
     0.200241355017E+001     0.202353870549E-006    -0.884193732255E-001     0.177052121518E+000
     0.201491355017E+001     0.203353740957E-006    -0.884193730397E-001     0.178157363681E+000
     0.202741355017E+001     0.204355821154E-006    -0.884193728536E-001     0.179262605841E+000
     0.203991355017E+001     0.205360088046E-006    -0.884193726673E-001     0.180367848000E+000
     0.205241355017E+001     0.206366516764E-006    -0.884193724807E-001     0.181473090156E+000
     0.206491355017E+001     0.207375078887E-006    -0.884193722938E-001     0.182578332309E+000
     0.207741355017E+001     0.208385754874E-006    -0.884193721066E-001     0.183683574461E+000
     0.208991355017E+001     0.209398516304E-006    -0.884193719192E-001     0.184788816610E+000
     0.210241355017E+001     0.210413336532E-006    -0.884193717315E-001     0.185894058756E+000
     0.211491355017E+001     0.211430194241E-006    -0.884193715435E-001     0.186999300901E+000
     0.212741355017E+001     0.212449059234E-006    -0.884193713553E-001     0.188104543043E+000
     0.213991355017E+001     0.213469910193E-006    -0.884193711668E-001     0.189209785182E+000
     0.215241355017E+001     0.214492720474E-006    -0.884193709781E-001     0.190315027319E+000
     0.216491355017E+001     0.215517465207E-006    -0.884193707892E-001     0.191420269454E+000
     0.217741355017E+001     0.216544119525E-006    -0.884193706000E-001     0.192525511587E+000
     0.218991355017E+001     0.217572660333E-006    -0.884193704106E-001     0.193630753717E+000
     0.220241355017E+001     0.218603060986E-006    -0.884193702209E-001     0.194735995845E+000
     0.221491355017E+001     0.219635294840E-006    -0.884193700310E-001     0.195841237970E+000
     0.222741355017E+001     0.220669337025E-006    -0.884193698409E-001     0.196946480093E+000
     0.223991355017E+001     0.221705162673E-006    -0.884193696506E-001     0.198051722214E+000
     0.225241355017E+001     0.222742748690E-006    -0.884193694601E-001     0.199156964332E+000
     0.226491355017E+001     0.223782070208E-006    -0.884193692694E-001     0.200262206448E+000
     0.227741355017E+001     0.224823102357E-006    -0.884193690784E-001     0.201367448561E+000
     0.228991355017E+001     0.225865822046E-006    -0.884193688873E-001     0.202472690672E+000
     0.230241355017E+001     0.226910204404E-006    -0.884193686959E-001     0.203577932781E+000
     0.231491355017E+001     0.227956224563E-006    -0.884193685044E-001     0.204683174887E+000
     0.232741355017E+001     0.229003855878E-006    -0.884193683127E-001     0.205788416991E+000
     0.233991355017E+001     0.230053077033E-006    -0.884193681208E-001     0.206893659093E+000
     0.235241355017E+001     0.231103864934E-006    -0.884193679287E-001     0.207998901192E+000
     0.236491355017E+001     0.232156191160E-006    -0.884193677365E-001     0.209104143289E+000
     0.237741355017E+001     0.233210037948E-006    -0.884193675440E-001     0.210209385383E+000
