 #        time                      h  [L]            Darcian flow [L.T^{-1}]   in    x         z              directions   cumulative flux
 #-----------------------------------------------------------------------------------------------

     0.100000000000E-005     0.400000000000E+001    -0.169614734880E-012    -0.138500941657E+004     0.138500941657E-002
     0.205999994278E-005     0.400000000000E+001    -0.164153813702E-012    -0.134041761115E+004     0.280585200769E-002
     0.318359982147E-005     0.400000000000E+001    -0.158475377578E-012    -0.129404966140E+004     0.425984605027E-002
     0.437461562859E-005     0.400000000000E+001    -0.152581730453E-012    -0.124592438047E+004     0.574376168189E-002
     0.563709231599E-005     0.400000000000E+001    -0.146478181648E-012    -0.119608512225E+004     0.725379126488E-002
     0.697531753239E-005     0.400000000000E+001    -0.140173919940E-012    -0.114460691881E+004     0.878553310650E-002
     0.839383618521E-005     0.400000000000E+001    -0.133683103748E-012    -0.109160538239E+004     0.103339957029E-001
     0.989746587602E-005     0.400000000000E+001    -0.127026193238E-012    -0.103724758295E+004     0.118936319654E-001
     0.114913132622E-004     0.400000000000E+001    -0.120231527349E-012    -0.981764925472E+003     0.134584154257E-001
     0.131807914004E-004     0.400000000000E+001    -0.113337099753E-012    -0.925467651828E+003     0.150219727911E-001
     0.149716381303E-004     0.400000000000E+001    -0.106392397417E-012    -0.868759853785E+003     0.165777885343E-001
     0.168699355614E-004     0.400000000000E+001    -0.994600170942E-013    -0.812152672619E+003     0.181194958664E-001
     0.188821307298E-004     0.400000000000E+001    -0.926165601248E-013    -0.756271605733E+003     0.196412619374E-001
     0.210150574931E-004     0.400000000000E+001    -0.859520459541E-013    -0.701851717687E+003     0.211382602500E-001
     0.232759597402E-004     0.400000000000E+001    -0.795668677837E-013    -0.649712781180E+003     0.226071973369E-001
     0.256725159928E-004     0.400000000000E+001    -0.735653325139E-013    -0.600706526691E+003     0.240468243194E-001
     0.282128654833E-004     0.400000000000E+001    -0.680453666365E-013    -0.555632584709E+003     0.254583252729E-001
     0.309056357980E-004     0.400000000000E+001    -0.630852532584E-013    -0.515130185310E+003     0.268454525441E-001
     0.337599721774E-004     0.400000000000E+001    -0.587301146494E-013    -0.479567779790E+003     0.282143003043E-001
     0.367855685763E-004     0.400000000000E+001    -0.549823752395E-013    -0.448965165122E+003     0.295726876912E-001
     0.399927005860E-004     0.400000000000E+001    -0.518002762684E-013    -0.422981355151E+003     0.309292447348E-001
     0.433922603327E-004     0.400000000000E+001    -0.491059765742E-013    -0.400980728553E+003     0.322924026788E-001
     0.469957934698E-004     0.400000000000E+001    -0.468009566477E-013    -0.382158812486E+003     0.336695246232E-001
     0.508155383889E-004     0.400000000000E+001    -0.447837151448E-013    -0.365686785577E+003     0.350663548644E-001
     0.548644677845E-004     0.400000000000E+001    -0.429646901767E-013    -0.350833319505E+003     0.364868542047E-001
     0.591563327122E-004     0.400000000000E+001    -0.412754333043E-013    -0.337039490349E+003     0.379333821726E-001
     0.637057092900E-004     0.400000000000E+001    -0.396715740814E-013    -0.323942985921E+003     0.394071208052E-001
     0.685280482021E-004     0.400000000000E+001    -0.381307637912E-013    -0.311361315097E+003     0.409086105908E-001
     0.736397271730E-004     0.400000000000E+001    -0.366473973763E-013    -0.299248709112E+003     0.424382739242E-001
     0.790581065897E-004     0.400000000000E+001    -0.352259056670E-013    -0.287641348441E+003     0.439968238860E-001
     0.848015884613E-004     0.400000000000E+001    -0.338741782094E-013    -0.276603656116E+003     0.455854919705E-001
     0.908896789166E-004     0.400000000000E+001    -0.325983484605E-013    -0.266185715614E+003     0.472060546851E-001
     0.973430544509E-004     0.400000000000E+001    -0.313997171841E-013    -0.256398148478E+003     0.488606882235E-001
     0.104183632148E-003     0.400000000000E+001    -0.302740075362E-013    -0.247206031627E+003     0.505517202900E-001
     0.111434644115E-003     0.400000000000E+001    -0.292125588891E-013    -0.238538645669E+003     0.522813668645E-001
     0.119120716386E-003     0.400000000000E+001    -0.282046590270E-013    -0.230308518722E+003     0.540515347839E-001
     0.127267952553E-003     0.400000000000E+001    -0.272401009248E-013    -0.222432304104E+003     0.558637432966E-001
     0.135904022424E-003     0.400000000000E+001    -0.263112075749E-013    -0.214847314289E+003     0.577191797144E-001
     0.145058255993E-003     0.400000000000E+001    -0.254138748452E-013    -0.207520036495E+003     0.596188665987E-001
     0.154761743052E-003     0.400000000000E+001    -0.245475116940E-013    -0.200445644500E+003     0.615638883162E-001
     0.165047438780E-003     0.400000000000E+001    -0.237140368391E-013    -0.193639805825E+003     0.635556084396E-001
     0.175950275662E-003     0.400000000000E+001    -0.229162964981E-013    -0.187125761600E+003     0.655958100949E-001
     0.187507282134E-003     0.400000000000E+001    -0.221563835383E-013    -0.180920601383E+003     0.676867106559E-001
     0.199757708333E-003     0.400000000000E+001    -0.214343381655E-013    -0.175024653479E+003     0.698308372564E-001
     0.212743159403E-003     0.400000000000E+001    -0.207475781571E-013    -0.169416832442E+003     0.720307912444E-001
     0.226507736794E-003     0.400000000000E+001    -0.200911723275E-013    -0.164056872083E+003     0.742889647567E-001
     0.241098188040E-003     0.400000000000E+001    -0.194588149111E-013    -0.158893281922E+003     0.766072894400E-001
     0.256564065527E-003     0.400000000000E+001    -0.188441718987E-013    -0.153874340846E+003     0.789870911439E-001
     0.272957894778E-003     0.400000000000E+001    -0.182422040339E-013    -0.148958900203E+003     0.814290979192E-001
     0.290335352846E-003     0.400000000000E+001    -0.176501198261E-013    -0.144124165746E+003     0.839336095661E-001
     0.308755457403E-003     0.400000000000E+001    -0.170677373683E-013    -0.139368652090E+003     0.865007947096E-001
     0.328280767180E-003     0.400000000000E+001    -0.164971958703E-013    -0.134709827208E+003     0.891310458158E-001
     0.348977594427E-003     0.400000000000E+001    -0.159421246984E-013    -0.130177327124E+003     0.918253034667E-001
     0.370916230124E-003     0.400000000000E+001    -0.154065172023E-013    -0.125803760015E+003     0.945852663270E-001
     0.394171182707E-003     0.400000000000E+001    -0.148936328915E-013    -0.121615741795E+003     0.974134346359E-001
     0.418821431115E-003     0.400000000000E+001    -0.144053057287E-013    -0.117628247906E+003     0.100313000167E+000
     0.444950693017E-003     0.400000000000E+001    -0.139420087968E-013    -0.113845141363E+003     0.103287689681E+000
     0.472647709137E-003     0.400000000000E+001    -0.135012804532E-013    -0.110246321328E+003     0.106341183820E+000
     0.502006544641E-003     0.400000000000E+001    -0.130803941388E-013    -0.106809523758E+003     0.109476987059E+000
     0.533126908594E-003     0.400000000000E+001    -0.126764591655E-013    -0.103511144391E+003     0.112698291545E+000
     0.566114492604E-003     0.400000000000E+001    -0.122869946875E-013    -0.100330925586E+003     0.116007966382E+000
     0.601081329767E-003     0.400000000000E+001    -0.119102835405E-013    -0.972548456326E+002     0.119408660732E+000
     0.638146175159E-003     0.400000000000E+001    -0.115454197578E-013    -0.942755067488E+002     0.122902967814E+000
     0.677434909153E-003     0.400000000000E+001    -0.111921097056E-013    -0.913905112350E+002     0.126493585300E+000
     0.719080964939E-003     0.400000000000E+001    -0.108503592059E-013    -0.885999066300E+002     0.130183421954E+000
     0.763225781689E-003     0.400000000000E+001    -0.105201860949E-013    -0.859038385776E+002     0.133975631166E+000
     0.810019284919E-003     0.400000000000E+001    -0.102014491705E-013    -0.833011540765E+002     0.137873583988E+000
     0.859620395664E-003     0.400000000000E+001    -0.989381155080E-014    -0.807891022758E+002     0.141880813197E+000
     0.912197570216E-003     0.400000000000E+001    -0.959679704632E-014    -0.783637947937E+002     0.146000960115E+000
     0.967929372233E-003     0.400000000000E+001    -0.930987632198E-014    -0.760209092814E+002     0.150237742380E+000
     0.102700507918E-002     0.400000000000E+001    -0.903253441986E-014    -0.737562407883E+002     0.154594944446E+000
     0.108962532517E-002     0.400000000000E+001    -0.876430244906E-014    -0.715659605297E+002     0.159076422499E+000
     0.115600278233E-002     0.400000000000E+001    -0.850476129317E-014    -0.694466461602E+002     0.163686114280E+000
     0.122636288312E-002     0.400000000000E+001    -0.825353334738E-014    -0.673952143029E+002     0.168428048351E+000
     0.130094458593E-002     0.400000000000E+001    -0.801027337663E-014    -0.654088458992E+002     0.173306351457E+000
     0.138000118665E-002     0.400000000000E+001    -0.777466181944E-014    -0.634849315317E+002     0.178325254341E+000
     0.146380117888E-002     0.400000000000E+001    -0.754640073112E-014    -0.616210382975E+002     0.183489096871E+000
     0.155262916586E-002     0.400000000000E+001    -0.732521943245E-014    -0.598149559330E+002     0.188802338998E+000
     0.164678682697E-002     0.400000000000E+001    -0.711101284533E-014    -0.580658264103E+002     0.194269681403E+000
     0.174659394236E-002     0.400000000000E+001    -0.690332395465E-014    -0.563699179180E+002     0.199895800305E+000
     0.185238947896E-002     0.400000000000E+001    -0.670188152566E-014    -0.547250156562E+002     0.205685462702E+000
     0.196453274170E-002     0.400000000000E+001    -0.650645977581E-014    -0.531292759703E+002     0.211643553056E+000
     0.208340459379E-002     0.400000000000E+001    -0.631685351915E-014    -0.515810233901E+002     0.217775084840E+000
     0.220940875020E-002     0.400000000000E+001    -0.613287496214E-014    -0.500787244649E+002     0.224085212270E+000
     0.234297314879E-002     0.400000000000E+001    -0.595435136793E-014    -0.486209686913E+002     0.230579242712E+000
     0.248455140365E-002     0.400000000000E+001    -0.578112197348E-014    -0.472064433395E+002     0.237262648578E+000
     0.263462434571E-002     0.400000000000E+001    -0.561303448241E-014    -0.458339048150E+002     0.244141077520E+000
     0.279370165569E-002     0.400000000000E+001    -0.544994179018E-014    -0.445021519182E+002     0.251220360135E+000
     0.296232359518E-002     0.400000000000E+001    -0.529169943557E-014    -0.432100050337E+002     0.258506514989E+000
     0.314106284138E-002     0.400000000000E+001    -0.513816443143E-014    -0.419562965829E+002     0.266005751814E+000
     0.333052643213E-002     0.400000000000E+001    -0.498919541729E-014    -0.407398722698E+002     0.273724474301E+000
     0.353135782749E-002     0.400000000000E+001    -0.484465360667E-014    -0.395595988169E+002     0.281669283731E+000
     0.374423909507E-002     0.400000000000E+001    -0.470503796467E-014    -0.384195505835E+002     0.289848086359E+000
     0.396989322653E-002     0.400000000000E+001    -0.456830184367E-014    -0.373030154233E+002     0.298265665905E+000
     0.420908659296E-002     0.400000000000E+001    -0.443623817319E-014    -0.362246337171E+002     0.306930357992E+000
     0.446263154769E-002     0.400000000000E+001    -0.430807832023E-014    -0.351781291000E+002     0.315849595142E+000
     0.473138918520E-002     0.400000000000E+001    -0.418373231213E-014    -0.341627668896E+002     0.325031099662E+000
     0.501627226558E-002     0.400000000000E+001    -0.406304328988E-014    -0.331772662347E+002     0.334482741466E+000
     0.531824831448E-002     0.400000000000E+001    -0.394590279498E-014    -0.322207415046E+002     0.344212633678E+000
     0.563834290904E-002     0.400000000000E+001    -0.383219411529E-014    -0.312922396724E+002     0.354229110449E+000
     0.597764316095E-002     0.400000000000E+001    -0.372179960146E-014    -0.303908000580E+002     0.364540716564E+000
     0.633730140856E-002     0.400000000000E+001    -0.361468021249E-014    -0.295161038677E+002     0.375156426758E+000
     0.671853913045E-002     0.400000000000E+001    -0.351050471613E-014    -0.286654463848E+002     0.386084776234E+000
     0.712265109384E-002     0.400000000000E+001    -0.340916102139E-014    -0.278379123170E+002     0.397334409637E+000
     0.755100975191E-002     0.400000000000E+001    -0.331029929361E-014    -0.270306450473E+002     0.408913220477E+000
     0.800506990496E-002     0.400000000000E+001    -0.321352149339E-014    -0.262403943376E+002     0.420827937945E+000
     0.848637364120E-002     0.400000000000E+001    -0.311828645388E-014    -0.254627412251E+002     0.433083250432E+000
     0.899655557408E-002     0.400000000000E+001    -0.302377511403E-014    -0.246909975688E+002     0.445680151296E+000
     0.953734839373E-002     0.400000000000E+001    -0.292903261682E-014    -0.239173663693E+002     0.458614491294E+000
     0.101105887516E-001     0.400000000000E+001    -0.283253049297E-014    -0.231293667279E+002     0.471873177755E+000
     0.107182234982E-001     0.400000000000E+001    -0.273231415353E-014    -0.223110382147E+002     0.485430139806E+000
     0.113623162948E-001     0.400000000000E+001    -0.262554822852E-014    -0.214392282767E+002     0.499238992304E+000
     0.120450546223E-001     0.400000000000E+001    -0.251017103921E-014    -0.204971020294E+002     0.513233149462E+000
     0.127687572104E-001     0.400000000000E+001    -0.238201318045E-014    -0.194506136962E+002     0.527309608935E+000
     0.135358819124E-001     0.400000000000E+001    -0.223770555889E-014    -0.182722525421E+002     0.541326705221E+000
     0.143490340526E-001     0.400000000000E+001    -0.207362661902E-014    -0.169324463222E+002     0.555095360187E+000
     0.152109752747E-001     0.400000000000E+001    -0.188604542735E-014    -0.154007296526E+002     0.568369883925E+000
     0.161246329208E-001     0.400000000000E+001    -0.167279014760E-014    -0.136593681440E+002     0.580849870070E+000
     0.170931099734E-001     0.400000000000E+001    -0.143393323360E-014    -0.117089534273E+002     0.592189722775E+000
     0.181196955938E-001     0.400000000000E+001    -0.117486185388E-014    -0.959347507136E+001     0.602038246332E+000
     0.192078762926E-001     0.400000000000E+001    -0.910493799847E-015    -0.743474608745E+001     0.610128593525E+000
     0.203613477710E-001     0.400000000000E+001    -0.667079521463E-015    -0.544711766631E+001     0.616411688393E+000
     0.215840274722E-001     0.400000000000E+001    -0.477675014819E-015    -0.390051250002E+001     0.621180765851E+000
     0.228800678855E-001     0.400000000000E+001    -0.359129895066E-015    -0.293251813761E+001     0.624981427870E+000
     0.242538706494E-001     0.400000000000E+001    -0.301209830880E-015    -0.245956492181E+001     0.628360384957E+000
     0.257101015006E-001     0.400000000000E+001    -0.281115405106E-015    -0.229548148333E+001     0.631703135912E+000
     0.272537061195E-001     0.400000000000E+001    -0.280743039264E-015    -0.229244088549E+001     0.635241758251E+000
     0.288899269272E-001     0.400000000000E+001    -0.294255300203E-015    -0.240277686928E+001     0.639173231761E+000
     0.306243208897E-001     0.400000000000E+001    -0.309358283925E-015    -0.252610209033E+001     0.643554487975E+000
     0.324627783907E-001     0.400000000000E+001    -0.326232237661E-015    -0.266388837899E+001     0.648451933547E+000
     0.344115432366E-001     0.400000000000E+001    -0.341707951173E-015    -0.279025716975E+001     0.653889488631E+000
     0.364772338618E-001     0.400000000000E+001    -0.354055372464E-015    -0.289108151600E+001     0.659861568615E+000
     0.386668658063E-001     0.400000000000E+001    -0.363868060067E-015    -0.297120819097E+001     0.666367420984E+000
     0.409878755421E-001     0.400000000000E+001    -0.372078847231E-015    -0.303825435620E+001     0.673419238924E+000
     0.434481457293E-001     0.400000000000E+001    -0.379075719575E-015    -0.309538815468E+001     0.681034730119E+000
     0.460560319869E-001     0.400000000000E+001    -0.385743604190E-015    -0.314983556449E+001     0.689249143001E+000
     0.488203912708E-001     0.400000000000E+001    -0.391065268803E-015    -0.319329025377E+001     0.698076544560E+000
     0.517506119535E-001     0.400000000000E+001    -0.394127186437E-015    -0.321829270865E+001     0.707506852418E+000
     0.548566457095E-001     0.400000000000E+001    -0.394403048973E-015    -0.322054529720E+001     0.717509974824E+000
     0.581490413132E-001     0.400000000000E+001    -0.392795239529E-015    -0.320741653677E+001     0.728070058929E+000
     0.616389804647E-001     0.400000000000E+001    -0.385722815411E-015    -0.314966581123E+001     0.739062200958E+000
     0.653383157655E-001     0.400000000000E+001    -0.375630635186E-015    -0.306725690581E+001     0.750409012706E+000
     0.692596109728E-001     0.400000000000E+001    -0.361360978728E-015    -0.295073631826E+001     0.761979720889E+000
     0.734161836681E-001     0.400000000000E+001    -0.344578504463E-015    -0.281369701618E+001     0.773675057079E+000
     0.778221504872E-001     0.400000000000E+001    -0.326667082625E-015    -0.266743915758E+001     0.785427705500E+000
     0.824924750635E-001     0.400000000000E+001    -0.309822007077E-015    -0.252988867723E+001     0.797243106764E+000
     0.874430188470E-001     0.400000000000E+001    -0.297327968044E-015    -0.242786710627E+001     0.809262369174E+000
     0.926905949743E-001     0.400000000000E+001    -0.291378735681E-015    -0.237928793742E+001     0.821747863755E+000
     0.982530253690E-001     0.400000000000E+001    -0.291456711697E-015    -0.237992465991E+001     0.834986029020E+000
     0.104149201269E+000     0.400000000000E+001    -0.295347780772E-015    -0.241169765011E+001     0.849205822583E+000
     0.110399147386E+000     0.400000000000E+001    -0.300623882591E-015    -0.245478029094E+001     0.864548067129E+000
     0.117024089912E+000     0.400000000000E+001    -0.305867278172E-015    -0.249759586507E+001     0.881094496189E+000
     0.124046528610E+000     0.400000000000E+001    -0.309450848974E-015    -0.252685794132E+001     0.898839201182E+000
     0.131490313229E+000     0.400000000000E+001    -0.309917226174E-015    -0.253066620016E+001     0.917676935317E+000
     0.139380724499E+000     0.400000000000E+001    -0.306983267327E-015    -0.250670860807E+001     0.937455897168E+000
     0.147744559993E+000     0.400000000000E+001    -0.301234552742E-015    -0.245976679114E+001     0.958028981964E+000
     0.156610225139E+000     0.400000000000E+001    -0.293028917477E-015    -0.239276269436E+001     0.979242414785E+000
     0.166007829686E+000     0.400000000000E+001    -0.282428156404E-015    -0.230620091115E+001     0.100091517895E+001
     0.175969289968E+000     0.400000000000E+001    -0.270340343898E-015    -0.220749643151E+001     0.102290506698E+001
     0.185969289968E+000     0.400000000000E+001    -0.260740899270E-015    -0.212911101757E+001     0.104419617716E+001
     0.195969289968E+000     0.400000000000E+001    -0.256604461264E-015    -0.209533443800E+001     0.106514952154E+001
     0.205969289968E+000     0.400000000000E+001    -0.257871654115E-015    -0.210568185288E+001     0.108620634006E+001
     0.215969289968E+000     0.400000000000E+001    -0.261957697198E-015    -0.213904692667E+001     0.110759680933E+001
     0.225969289968E+000     0.400000000000E+001    -0.264269532520E-015    -0.215792449467E+001     0.112917605428E+001
     0.235969289968E+000     0.400000000000E+001    -0.264052322954E-015    -0.215615084396E+001     0.115073756272E+001
     0.245969289968E+000     0.400000000000E+001    -0.261568504496E-015    -0.213586892709E+001     0.117209625199E+001
     0.255969289968E+000     0.400000000000E+001    -0.257867893415E-015    -0.210565114443E+001     0.119315276343E+001
     0.265969289968E+000     0.400000000000E+001    -0.254284175796E-015    -0.207638786933E+001     0.121391664213E+001
     0.275969289968E+000     0.400000000000E+001    -0.251876725305E-015    -0.205672954423E+001     0.123448393757E+001
     0.285969289968E+000     0.400000000000E+001    -0.251125003976E-015    -0.205059127375E+001     0.125498985031E+001
     0.295969289968E+000     0.400000000000E+001    -0.252055921866E-015    -0.205819279519E+001     0.127557177826E+001
     0.305969289968E+000     0.400000000000E+001    -0.253004994383E-015    -0.206594256041E+001     0.129623120386E+001
     0.315969289968E+000     0.400000000000E+001    -0.253877724105E-015    -0.207306893940E+001     0.131696189326E+001
     0.325969289968E+000     0.400000000000E+001    -0.253778966654E-015    -0.207226252362E+001     0.133768451849E+001
     0.335969289968E+000     0.400000000000E+001    -0.252700142212E-015    -0.206345325353E+001     0.135831905103E+001
     0.345969289968E+000     0.400000000000E+001    -0.249514872205E-015    -0.203744355008E+001     0.137869348653E+001
     0.355969289968E+000     0.400000000000E+001    -0.246471497124E-015    -0.201259250664E+001     0.139881941159E+001
     0.365969289968E+000     0.400000000000E+001    -0.243628459406E-015    -0.198937734190E+001     0.141871318501E+001
     0.375969289968E+000     0.400000000000E+001    -0.242031520889E-015    -0.197633734932E+001     0.143847655851E+001
     0.385969289968E+000     0.400000000000E+001    -0.241617591958E-015    -0.197295736310E+001     0.145820613214E+001
     0.395969289968E+000     0.400000000000E+001    -0.242281929548E-015    -0.197838209120E+001     0.147798995305E+001
     0.405969289968E+000     0.400000000000E+001    -0.242645562082E-015    -0.198135137617E+001     0.149780346681E+001
     0.415969289968E+000     0.400000000000E+001    -0.242291307068E-015    -0.197845866446E+001     0.151758805346E+001
     0.425969289968E+000     0.400000000000E+001    -0.241635321826E-015    -0.197310213846E+001     0.153731907484E+001
     0.435969289968E+000     0.400000000000E+001    -0.240478650906E-015    -0.196365720364E+001     0.155695564688E+001
     0.445969289968E+000     0.400000000000E+001    -0.238853779825E-015    -0.195038912437E+001     0.157645953812E+001
     0.455969289968E+000     0.400000000000E+001    -0.236931076248E-015    -0.193468905821E+001     0.159580642870E+001
     0.465969289968E+000     0.400000000000E+001    -0.234830697412E-015    -0.191753816345E+001     0.161498181034E+001
     0.475969289968E+000     0.400000000000E+001    -0.232761128889E-015    -0.190063885400E+001     0.163398819888E+001
     0.485969289968E+000     0.400000000000E+001    -0.231065738931E-015    -0.188679494440E+001     0.165285614832E+001
     0.495969289968E+000     0.400000000000E+001    -0.230056788026E-015    -0.187855623504E+001     0.167164171067E+001
     0.505969289968E+000     0.400000000000E+001    -0.230340293236E-015    -0.188087123076E+001     0.169045042298E+001
     0.515969289968E+000     0.400000000000E+001    -0.230752332372E-015    -0.188423578564E+001     0.170929278084E+001
     0.525969289968E+000     0.400000000000E+001    -0.231500756270E-015    -0.189034713054E+001     0.172819625214E+001
     0.535969289968E+000     0.400000000000E+001    -0.232347840354E-015    -0.189726409701E+001     0.174716889311E+001
     0.545969289968E+000     0.400000000000E+001    -0.233135421457E-015    -0.190369518476E+001     0.176620584496E+001
     0.555969289968E+000     0.400000000000E+001    -0.233623386858E-015    -0.190767972464E+001     0.178528264221E+001
     0.565969289968E+000     0.400000000000E+001    -0.233298748062E-015    -0.190502884770E+001     0.180433293068E+001
     0.575969289968E+000     0.400000000000E+001    -0.232722393923E-015    -0.190032255900E+001     0.182333615627E+001
     0.585969289968E+000     0.400000000000E+001    -0.231049491638E-015    -0.188666227519E+001     0.184220277902E+001
     0.595969289968E+000     0.400000000000E+001    -0.229283386973E-015    -0.187224093618E+001     0.186092518839E+001
     0.605969289968E+000     0.400000000000E+001    -0.227422192592E-015    -0.185704313072E+001     0.187949561969E+001
     0.615969289968E+000     0.400000000000E+001    -0.225474857551E-015    -0.184114193340E+001     0.189790703903E+001
     0.625969289968E+000     0.400000000000E+001    -0.223759417669E-015    -0.182713430374E+001     0.191617838206E+001
     0.635969289968E+000     0.400000000000E+001    -0.222413357154E-015    -0.181614288552E+001     0.193433981092E+001
     0.645969289968E+000     0.400000000000E+001    -0.221549421397E-015    -0.180908831470E+001     0.195243069407E+001
     0.655969289968E+000     0.400000000000E+001    -0.221546803019E-015    -0.180906693402E+001     0.197052136341E+001
     0.665969289968E+000     0.400000000000E+001    -0.221578809785E-015    -0.180932828910E+001     0.198861464630E+001
     0.675969289968E+000     0.400000000000E+001    -0.222175067376E-015    -0.181419710181E+001     0.200675661732E+001
     0.685969289968E+000     0.400000000000E+001    -0.223185443106E-015    -0.182244744576E+001     0.202498109177E+001
     0.695969289968E+000     0.400000000000E+001    -0.224031081700E-015    -0.182935260890E+001     0.204327461786E+001
     0.705969289968E+000     0.400000000000E+001    -0.224766892251E-015    -0.183536095801E+001     0.206162822744E+001
     0.715969289968E+000     0.400000000000E+001    -0.225282333512E-015    -0.183956985531E+001     0.208002392600E+001
     0.725969289968E+000     0.400000000000E+001    -0.225466765152E-015    -0.184107585394E+001     0.209843468454E+001
     0.735969289968E+000     0.400000000000E+001    -0.225479629470E-015    -0.184118089907E+001     0.211684649353E+001
     0.745969289968E+000     0.400000000000E+001    -0.225411232591E-015    -0.184062239617E+001     0.213525271749E+001
     0.755969289968E+000     0.400000000000E+001    -0.225052020582E-015    -0.183768920752E+001     0.215362960956E+001
