 #        time                      h  [L]            Darcian flow [L.T^{-1}]   in    x         z              directions   cumulative flux
 #-----------------------------------------------------------------------------------------------

     0.100000000000E-005    -0.280000000000E+003     0.000000000000E+000     0.000000000000E+000     0.000000000000E+000
     0.205999994278E-005    -0.280000000000E+003     0.000000000000E+000     0.000000000000E+000     0.000000000000E+000
     0.318359982147E-005    -0.280000000000E+003     0.505778066013E-014    -0.324726929327E-014     0.675337770570E-020
     0.437461562859E-005    -0.280000000000E+003     0.101155613203E-013    -0.649453858654E-014     0.210705376689E-019
     0.563709231599E-005    -0.280000000000E+003     0.101155613203E-013    -0.649453858654E-014     0.362467264107E-019
     0.697531753239E-005    -0.280000000000E+003     0.505778066013E-014    -0.966664217824E-014     0.508465805239E-019
     0.839383618521E-005    -0.280000000000E+003     0.101155613203E-013    -0.129139114715E-013     0.741160674864E-019
     0.989746587602E-005    -0.280000000000E+003     0.101155613203E-013    -0.193332843565E-013     0.106924856108E-018
     0.114913132622E-004    -0.280000000000E+003    -0.157229289122E-029    -0.128387457699E-013     0.127387857495E-018
     0.131807914004E-004    -0.280000000000E+003    -0.505778066013E-014    -0.959147647667E-014     0.145707407835E-018
     0.149716381303E-004    -0.280000000000E+003    -0.157229289122E-029    -0.128387457699E-013     0.168699633712E-018
     0.168699355614E-004    -0.280000000000E+003    -0.786146445611E-030    -0.641937288497E-014     0.180885512769E-018
     0.188821307298E-004    -0.280000000000E+003    -0.101155613203E-013     0.751657015730E-016     0.201240558314E-018
     0.210150574931E-004    -0.280000000000E+003    -0.202311226405E-013     0.150331403146E-015     0.244393252542E-018
     0.232759597402E-004    -0.280000000000E+003    -0.151733419804E-013     0.332243499485E-014     0.279511468130E-018
     0.256725159928E-004    -0.280000000000E+003    -0.202311226405E-013     0.656970428812E-014     0.330488835696E-018
     0.282128654833E-004    -0.280000000000E+003    -0.202311226405E-013     0.656970428812E-014     0.384524842398E-018
     0.309056357980E-004    -0.280000000000E+003    -0.252889033006E-013     0.981697358139E-014     0.457572986192E-018
     0.337599721774E-004    -0.280000000000E+003    -0.303466839608E-013     0.130642428747E-013     0.551878276164E-018
     0.367855685763E-004    -0.280000000000E+003    -0.303466839608E-013     0.664486998969E-014     0.645870439474E-018
     0.399927005860E-004    -0.280000000000E+003    -0.252889033006E-013     0.339760069642E-014     0.727704000968E-018
     0.433922603327E-004    -0.280000000000E+003    -0.252889033006E-013     0.339760069642E-014     0.814447571469E-018
     0.469957934698E-004    -0.280000000000E+003    -0.354044646209E-013    -0.294660648698E-014     0.942469830494E-018
     0.508155383889E-004    -0.280000000000E+003    -0.303466839608E-013    -0.619387578025E-014     0.106077623675E-017
     0.548644677845E-004    -0.280000000000E+003    -0.354044646209E-013    -0.936597937195E-014     0.120905761061E-017
     0.591563327122E-004    -0.280000000000E+003    -0.354044646209E-013    -0.936597937195E-014     0.136623585842E-017
     0.637057092900E-004    -0.280000000000E+003    -0.303466839608E-013     0.225497104719E-015     0.150429816306E-017
     0.685280482021E-004    -0.280000000000E+003    -0.252889033006E-013    -0.944114507352E-014     0.163447129121E-017
     0.736397271730E-004    -0.280000000000E+003    -0.202311226405E-013    -0.191077872518E-013     0.177671985343E-017
     0.790581065897E-004    -0.280000000000E+003    -0.252889033006E-013    -0.222798908435E-013     0.195933790298E-017
     0.848015884613E-004    -0.280000000000E+003    -0.202311226405E-013    -0.255271601367E-013     0.214641451021E-017
     0.908896789166E-004    -0.280000000000E+003    -0.252889033006E-013    -0.222798908435E-013     0.235160412853E-017
     0.973430544509E-004    -0.280000000000E+003    -0.303466839608E-013    -0.190326215502E-013     0.258277210318E-017
     0.104183632148E-003    -0.280000000000E+003    -0.303466839608E-013    -0.254519944352E-013     0.285370779659E-017
     0.111434644115E-003    -0.280000000000E+003    -0.354044646209E-013    -0.157853522569E-013     0.313478656368E-017
     0.119120716386E-003    -0.280000000000E+003    -0.354044646209E-013    -0.936597937195E-014     0.341626871477E-017
     0.127267952553E-003    -0.280000000000E+003    -0.404622452810E-013    -0.125380829637E-013     0.376138825622E-017
     0.135904022424E-003    -0.280000000000E+003    -0.455200259411E-013     0.354793209956E-014     0.415569465502E-017
     0.145058255993E-003    -0.280000000000E+003    -0.505778066013E-013     0.132145742778E-013     0.463423780707E-017
     0.154761743052E-003    -0.280000000000E+003    -0.606933679215E-013     0.132897399794E-013     0.523712835829E-017
     0.165047438780E-003    -0.280000000000E+003    -0.708089292418E-013     0.694553279598E-014     0.596894277096E-017
     0.175950275662E-003    -0.280000000000E+003    -0.758667099019E-013     0.377342920428E-014     0.679712763154E-017
     0.187507282134E-003    -0.280000000000E+003    -0.758667099019E-013     0.377342920428E-014     0.767500353636E-017
     0.199757708333E-003    -0.280000000000E+003    -0.809244905620E-013     0.134400713825E-013     0.867994242038E-017
     0.212743159403E-003    -0.280000000000E+003    -0.708089292418E-013     0.694553279598E-014     0.960384105587E-017
     0.226507736794E-003    -0.280000000000E+003    -0.708089292418E-013     0.694553279598E-014     0.105831735566E-016
     0.241098188040E-003    -0.280000000000E+003    -0.758667099019E-013     0.101928020893E-013     0.117000486204E-016
     0.256564065527E-003    -0.280000000000E+003    -0.910400518823E-013     0.709586419913E-014     0.131123332701E-016
     0.272957894778E-003    -0.280000000000E+003    -0.910400518823E-013     0.709586419913E-014     0.146093549179E-016
     0.290335352846E-003    -0.280000000000E+003    -0.960978325424E-013     0.167625063774E-013     0.163045056925E-016
     0.308755457403E-003    -0.280000000000E+003    -0.910400518823E-013     0.199346099691E-013     0.180212040695E-016
     0.328280767180E-003    -0.280000000000E+003    -0.809244905620E-013     0.702069849756E-014     0.196072149938E-016
     0.348977594427E-003    -0.280000000000E+003    -0.859822712222E-013     0.384859490586E-014     0.213885569786E-016
     0.370916230124E-003    -0.280000000000E+003    -0.809244905620E-013     0.134400713825E-013     0.231882484927E-016
     0.394171182707E-003    -0.280000000000E+003    -0.859822712222E-013     0.102679677908E-013     0.252019692314E-016
     0.418821431115E-003    -0.280000000000E+003    -0.859822712222E-013    -0.257077797911E-014     0.273224007164E-016
     0.444950693017E-003    -0.280000000000E+003    -0.758667099019E-013    -0.264594368069E-014     0.293059470933E-016
     0.472647709137E-003    -0.280000000000E+003    -0.809244905620E-013     0.601325612584E-015     0.315473758910E-016
     0.502006544641E-003    -0.280000000000E+003    -0.809244905620E-013     0.134400713825E-013     0.339557684569E-016
     0.533126908594E-003    -0.280000000000E+003    -0.910400518823E-013     0.199346099691E-013     0.368560928347E-016
     0.566114492604E-003    -0.280000000000E+003    -0.960978325424E-013     0.231818792623E-013     0.401170607506E-016
     0.601081329767E-003    -0.280000000000E+003    -0.859822712222E-013     0.166873406758E-013     0.431796882889E-016
     0.638146175159E-003    -0.280000000000E+003    -0.859822712222E-013     0.384859490586E-014     0.463697987571E-016
     0.677434909153E-003    -0.280000000000E+003    -0.708089292418E-013     0.526159911011E-015     0.491518687458E-016
     0.719080964939E-003    -0.280000000000E+003    -0.758667099019E-013     0.166121749742E-013     0.523862747608E-016
     0.763225781689E-003    -0.280000000000E+003    -0.758667099019E-013    -0.264594368069E-014     0.557374330008E-016
     0.810019284919E-003    -0.280000000000E+003    -0.758667099019E-013     0.377342920428E-014     0.592918905576E-016
     0.859620395664E-003    -0.280000000000E+003    -0.809244905620E-013     0.198594442675E-013     0.634249373606E-016
     0.912197570216E-003    -0.280000000000E+003    -0.809244905620E-013     0.702069849756E-014     0.676957004962E-016
     0.967929372233E-003    -0.280000000000E+003    -0.809244905620E-013     0.134400713825E-013     0.722675459172E-016
     0.102700507918E-002    -0.280000000000E+003    -0.809244905620E-013     0.702069849756E-014     0.770661748583E-016
     0.108962532517E-002    -0.280000000000E+003    -0.809244905620E-013     0.702069849756E-014     0.821527212613E-016
     0.115600278233E-002    -0.280000000000E+003    -0.758667099019E-013     0.377342920428E-014     0.871947856062E-016
     0.122636288312E-002    -0.280000000000E+003    -0.758667099019E-013    -0.154846894506E-013     0.926428265387E-016
     0.130094458593E-002    -0.280000000000E+003    -0.758667099019E-013    -0.154846894506E-013     0.984177496154E-016
     0.138000118665E-002    -0.280000000000E+003    -0.708089292418E-013     0.526159911011E-015     0.104015817405E-015
     0.146380117888E-002    -0.280000000000E+003    -0.758667099019E-013     0.377342920428E-014     0.110381306096E-015
     0.155262916586E-002    -0.280000000000E+003    -0.606933679215E-013     0.687036709441E-014     0.115807007127E-015
     0.164678682697E-002    -0.280000000000E+003    -0.556355872614E-013    -0.279627508383E-014     0.121052136293E-015
     0.174659394236E-002    -0.280000000000E+003    -0.657511485817E-013    -0.914048226723E-014     0.127677676588E-015
     0.185238947896E-002    -0.280000000000E+003    -0.708089292418E-013     0.262036514509E-013     0.135665439846E-015
     0.196453274170E-002    -0.280000000000E+003    -0.758667099019E-013     0.230315478592E-013     0.144556788194E-015
     0.208340459379E-002    -0.280000000000E+003    -0.758667099019E-013     0.294509207442E-013     0.154230878960E-015
     0.220940875020E-002    -0.280000000000E+003    -0.606933679215E-013     0.389672315193E-013     0.163319028685E-015
     0.234297314879E-002    -0.280000000000E+003    -0.505778066013E-013     0.324726929327E-013     0.171346893842E-015
     0.248455140365E-002    -0.280000000000E+003    -0.404622452810E-013     0.323975272311E-013     0.178685501403E-015
     0.263462434571E-002    -0.280000000000E+003    -0.404622452810E-013     0.388169001161E-013     0.187100225261E-015
     0.279370165569E-002    -0.280000000000E+003    -0.455200259411E-013     0.228060507545E-013     0.195199414492E-015
     0.296232359518E-002    -0.280000000000E+003    -0.505778066013E-013     0.196339471628E-013     0.204347999958E-015
     0.314106284138E-002    -0.280000000000E+003    -0.708089292418E-013     0.262036514509E-013     0.217843151356E-015
     0.333052643213E-002    -0.280000000000E+003    -0.606933679215E-013     0.687036709441E-014     0.229415774295E-015
     0.353135782749E-002    -0.280000000000E+003    -0.505778066013E-013     0.679520139284E-014     0.239664649796E-015
     0.374423909507E-002    -0.280000000000E+003    -0.354044646209E-013     0.347276639799E-014     0.247237768034E-015
     0.396989322653E-002    -0.280000000000E+003    -0.303466839608E-013     0.225497104719E-015     0.254085811696E-015
     0.420908659296E-002    -0.280000000000E+003    -0.354044646209E-013     0.347276639799E-014     0.262594966429E-015
     0.446263154769E-002    -0.280000000000E+003    -0.252889033006E-013     0.226557193513E-013     0.271203593363E-015
     0.473138918520E-002    -0.280000000000E+003    -0.202311226405E-013     0.258278229430E-013     0.280021034473E-015
     0.501627226558E-002    -0.280000000000E+003    -0.202311226405E-013     0.150331403146E-015     0.285784698125E-015
     0.531824831448E-002    -0.280000000000E+003    -0.101155613203E-013    -0.634420718340E-014     0.289390417914E-015
     0.563834290904E-002    -0.280000000000E+003    -0.151733419804E-013    -0.159356836601E-013     0.296433781588E-015
     0.597764316095E-002    -0.280000000000E+003    -0.202311226405E-013    -0.191077872518E-013     0.305875879434E-015
     0.633730140856E-002    -0.280000000000E+003    -0.505778066013E-014    -0.317210359170E-014     0.308023114066E-015
     0.671853913045E-002    -0.280000000000E+003    -0.505778066013E-014    -0.160108493616E-013     0.314424371774E-015
     0.712265109384E-002    -0.280000000000E+003    -0.505778066013E-014    -0.317210359170E-014     0.316837004347E-015
     0.755100975191E-002    -0.280000000000E+003    -0.151733419804E-013    -0.159356836601E-013     0.326262611224E-015
     0.800506990496E-002    -0.280000000000E+003    -0.151733419804E-013    -0.351938023150E-013     0.343664634843E-015
     0.848637364120E-002    -0.280000000000E+003    -0.505778066013E-014    -0.288495951316E-013     0.357761825604E-015
     0.899655557408E-002    -0.280000000000E+003     0.505778066013E-014    -0.160860150632E-013     0.366364724873E-015
     0.953734839373E-002    -0.280000000000E+003     0.505778066013E-014    -0.225053879482E-013     0.378839042129E-015
     0.101105887516E-001    -0.280000000000E+003    -0.101155613203E-013    -0.127635800684E-013     0.388174830391E-015
     0.107182234982E-001    -0.280000000000E+003    -0.151733419804E-013    -0.159356836601E-013     0.401545229560E-015
     0.113623162948E-001    -0.280000000000E+003    -0.252889033006E-013    -0.944114507352E-014     0.418931725133E-015
     0.120450546223E-001    -0.280000000000E+003    -0.303466839608E-013    -0.190326215502E-013     0.443388265057E-015
     0.127687572104E-001    -0.280000000000E+003    -0.252889033006E-013     0.981697358139E-014     0.463020511607E-015
     0.135358819124E-001    -0.280000000000E+003    -0.151733419804E-013     0.161611807648E-013     0.480026025531E-015
     0.143490340526E-001    -0.280000000000E+003     0.550302511928E-029     0.449356101948E-013     0.516565513133E-015
     0.152109752747E-001    -0.280000000000E+003     0.235843933683E-029     0.192581186549E-013     0.533164879461E-015
     0.161246329208E-001    -0.280000000000E+003     0.101155613203E-013     0.127635800684E-013     0.548044701181E-015
     0.170931099734E-001    -0.280000000000E+003     0.151733419804E-013     0.951631077510E-014     0.565390730214E-015
     0.181196955938E-001    -0.280000000000E+003    -0.252889033006E-013    -0.158605179585E-013     0.596035379850E-015
     0.192078762926E-001    -0.280000000000E+003    -0.303466839608E-013     0.664486998969E-014     0.629840436596E-015
     0.203613477710E-001    -0.280000000000E+003    -0.505778066013E-014     0.966664217824E-014     0.642424652693E-015
     0.215840274722E-001    -0.280000000000E+003     0.786146445611E-030     0.641937288497E-014     0.650273489613E-015
     0.228800678855E-001    -0.280000000001E+003    -0.709808937838E-010     0.305444253379E-010     0.100800316947E-012
     0.242538706494E-001    -0.280000000000E+003    -0.303315106187E-010     0.117770458626E-010     0.145500644764E-012
     0.257101015006E-001    -0.280000000000E+003    -0.160584535959E-010     0.565603466453E-011     0.170293575239E-012
     0.272537061195E-001    -0.279999999729E+003     0.291573216134E-007    -0.122215381974E-007     0.489715287508E-010
     0.288899269272E-001    -0.279999999889E+003     0.117851246111E-007    -0.440069059643E-008     0.695551110623E-010
     0.306243208897E-001    -0.280000000483E+003    -0.527868022143E-007     0.221480431606E-007     0.168840376481E-009
     0.324627783907E-001    -0.279999994622E+003     0.583074013693E-006    -0.237969544259E-006     0.132663781147E-008
     0.344115432366E-001    -0.279999997985E+003     0.217005053843E-006    -0.781325103614E-007     0.177610546846E-008
     0.364772338618E-001    -0.279999999003E+003     0.989361485732E-007    -0.316738590964E-007     0.199069478400E-008
     0.386668658063E-001    -0.279999999396E+003     0.515963730686E-007    -0.151416638916E-007     0.210843623721E-008
     0.409878755421E-001    -0.279999999588E+003     0.288290514495E-007    -0.796814525980E-008     0.217785753933E-008
     0.434481457293E-001    -0.279999899500E+003     0.110829474810E-004    -0.426966991813E-005     0.313983495331E-007
     0.460560319869E-001    -0.279999966013E+003     0.367452710031E-005    -0.122022696336E-005     0.414956538063E-007
     0.488203912708E-001    -0.279999984174E+003     0.150881479178E-005    -0.440503988978E-006     0.458406830501E-007
     0.517506119535E-001    -0.279999990910E+003     0.692953019139E-006    -0.183999624082E-006     0.479415506370E-007
     0.548566457095E-001    -0.279999992848E+003     0.468690732841E-006    -0.132392259384E-006     0.494542838276E-007
     0.581490413132E-001    -0.279999995115E+003     0.232675232317E-006    -0.615415806600E-007     0.502466857514E-007
     0.616389804647E-001    -0.279999996246E+003     0.132458570705E-006    -0.349276419167E-007     0.507247591793E-007
     0.653383157655E-001    -0.279999997189E+003     0.554275974040E-007    -0.124470380032E-007     0.509349109684E-007
     0.692596109728E-001    -0.279999997479E+003     0.513988877587E-007    -0.138903768364E-007     0.511436914279E-007
     0.734161836681E-001    -0.279999997854E+003     0.336995379215E-007    -0.856644567880E-008     0.512882208368E-007
     0.778221504872E-001    -0.279999998105E+003     0.261326325542E-007    -0.634449513677E-008     0.514067050675E-007
     0.824924750635E-001    -0.279999998304E+003     0.207048852382E-007    -0.455680984170E-008     0.515057177978E-007
     0.874430188470E-001    -0.279999997736E+003     0.101376083713E-006    -0.310723919565E-007     0.520306296277E-007
     0.926905949743E-001    -0.279999998429E+003     0.324901465272E-007    -0.720396311281E-008     0.522052648857E-007
     0.982530253690E-001    -0.279999998650E+003     0.162955473573E-007    -0.253284253331E-008     0.522969961183E-007
     0.104149201269E+000    -0.279999998772E+003     0.110283542786E-007    -0.117822643657E-008     0.523623912790E-007
     0.110399147386E+000    -0.279999998857E+003     0.833437289760E-008    -0.199096463322E-008     0.524159463199E-007
     0.117024089912E+000    -0.279999998933E+003     0.670820535616E-008    -0.312642951013E-009     0.524604360348E-007
     0.124046528610E+000    -0.279999998992E+003     0.590408397265E-008     0.681690487420E-010     0.525018998662E-007
     0.131490313229E+000    -0.279999999042E+003     0.516322025343E-008     0.133085481249E-009     0.525403465310E-007
     0.139380724499E+000    -0.279999999088E+003     0.446208540235E-008     0.306325700115E-009     0.525756370881E-007
     0.147744559993E+000    -0.279999999322E+003    -0.193213038720E-007     0.702756189639E-008     0.527475946595E-007
     0.156610225139E+000    -0.280000002913E+003    -0.444813256784E-006     0.133421439953E-006     0.568647403879E-007
     0.166007829686E+000    -0.279999991562E+003     0.937012813745E-006    -0.263863124842E-006     0.660128957782E-007
     0.175969289968E+000    -0.279999998114E+003     0.135167511015E-006    -0.289155148235E-007     0.673898262794E-007
     0.185969289968E+000    -0.279999998802E+003     0.493062405576E-007    -0.703866970380E-008     0.678878873428E-007
     0.195969289968E+000    -0.279999999135E+003     0.120298757484E-007    -0.168531391156E-008     0.680093608764E-007
     0.205969289968E+000    -0.279999999232E+003     0.563713935410E-008    -0.901396990449E-009     0.680664484027E-007
     0.215969289968E+000    -0.279999999618E+003    -0.389016874094E-007     0.635786488059E-008     0.684606265007E-007
     0.225969289968E+000    -0.279999999375E+003    -0.406537330616E-008     0.368368295992E-009     0.685014467840E-007
     0.235969289968E+000    -0.279999999359E+003     0.633780382235E-009     0.489051707217E-010     0.685078034285E-007
     0.245969289968E+000    -0.279999999367E+003     0.144098194855E-008     0.236277868435E-009     0.685224056756E-007
     0.255969289968E+000    -0.279999999379E+003     0.149832706583E-008     0.342824184340E-009     0.685377761421E-007
     0.265969289968E+000    -0.279999999392E+003     0.146903239994E-008     0.509605333240E-009     0.685533252701E-007
     0.275969289968E+000    -0.279999999426E+003     0.127204195747E-008     0.536944311300E-008     0.686085058917E-007
     0.285969289968E+000    -0.279999999684E+003    -0.822730974071E-008     0.457775846609E-007     0.690736161886E-007
     0.295969289968E+000    -0.279999999554E+003    -0.899425138029E-009     0.280224322737E-008     0.691030466706E-007
     0.305969289968E+000    -0.279999994823E+003     0.575301007736E-006    -0.171724982546E-006     0.751068847691E-007
     0.315969289968E+000    -0.279999998861E+003     0.823881270597E-007    -0.265606003994E-007     0.759725214697E-007
     0.325969289968E+000    -0.279999998194E+003     0.164121393788E-006    -0.456117220913E-007     0.776759374815E-007
     0.335969289968E+000    -0.279999999446E+003     0.171393418619E-007     0.678687864453E-008     0.778602792188E-007
     0.345969289968E+000    -0.279999997881E+003     0.176616236913E-006    -0.104477701992E-006     0.799123241831E-007
     0.355969289968E+000    -0.279999999759E+003     0.252419519719E-007     0.112795435773E-006     0.810681773948E-007
     0.365969289968E+000    -0.279999999623E+003     0.731263539848E-008     0.902127833155E-008     0.811843058148E-007
     0.375969289968E+000    -0.279999999752E+003     0.132589720271E-009    -0.446136131471E-008     0.812289391261E-007
     0.385969289968E+000    -0.280000001616E+003    -0.213985800305E-006     0.526117496528E-007     0.834325252700E-007
     0.395969289968E+000    -0.280000001402E+003    -0.175956434303E-006     0.412732877655E-007     0.852398479046E-007
     0.405969289968E+000    -0.280000008904E+003    -0.107932796854E-005     0.290717987282E-006     0.964177985746E-007
     0.415969289968E+000    -0.280000001523E+003    -0.163400397699E-006     0.320280771469E-007     0.980828957998E-007
     0.425969289968E+000    -0.280000026862E+003    -0.323859351612E-005     0.879367059831E-006     0.131641463094E-006
     0.435969289968E+000    -0.280000004553E+003    -0.482094201353E-006     0.966624433131E-007     0.136558356900E-006
     0.445969289968E+000    -0.280000001598E+003    -0.104603293561E-006     0.192236034260E-007     0.137621907366E-006
     0.455969289968E+000    -0.280000000881E+003    -0.312451782418E-007     0.615699790197E-008     0.137940367691E-006
     0.465969289968E+000    -0.280000000604E+003    -0.128796535617E-007     0.267401064196E-008     0.138071910767E-006
     0.475969289968E+000    -0.280000000459E+003    -0.748841345760E-008     0.224066030005E-009     0.138146828417E-006
     0.485969289968E+000    -0.280000000370E+003    -0.465912637457E-008     0.582077527124E-009     0.138193781875E-006
     0.495969289968E+000    -0.280000000316E+003    -0.409108197434E-008     0.540640245630E-009     0.138235048379E-006
     0.505969289968E+000    -0.280000019828E+003    -0.238006530479E-005     0.652821820254E-006     0.162914771198E-006
     0.515969289968E+000    -0.280000003361E+003    -0.344939807252E-006     0.721940575562E-007     0.166438908718E-006
     0.525969289968E+000    -0.280000001209E+003    -0.689954259087E-007     0.123766514031E-007     0.167139875928E-006
     0.535969289968E+000    -0.280000000910E+003    -0.413734041632E-007     0.935987244621E-008     0.167564065247E-006
     0.545969289968E+000    -0.279999994579E+003     0.718249525118E-006    -0.198338786341E-006     0.175015378249E-006
     0.555969289968E+000    -0.279999999538E+003     0.962712894892E-007    -0.205095540008E-007     0.175999695422E-006
     0.565969289968E+000    -0.280000000007E+003     0.185331902674E-007    -0.230854608772E-007     0.176295738940E-006
     0.575969289968E+000    -0.280000000095E+003     0.392483778924E-008    -0.145240183841E-007     0.176446188753E-006
     0.585969289968E+000    -0.280000000515E+003     0.334938979530E-007     0.149996474447E-006     0.177983094201E-006
     0.595969289968E+000    -0.280000000367E+003     0.524722993478E-008     0.679566755359E-008     0.178068951361E-006
     0.605969289968E+000    -0.280000000580E+003    -0.619622636436E-008    -0.782295333375E-008     0.178168747062E-006
     0.615969289968E+000    -0.280000001051E+003    -0.106802017470E-007     0.628627919859E-007     0.178806383112E-006
     0.625969289968E+000    -0.280000000984E+003    -0.982023237180E-008    -0.198652087904E-008     0.178906574544E-006
     0.635969289968E+000    -0.280000000929E+003    -0.111552285136E-007    -0.487950609806E-007     0.179407113963E-006
     0.645969289968E+000    -0.280000001098E+003    -0.115179472352E-007    -0.895057634746E-008     0.179552982371E-006
     0.655969289968E+000    -0.280000024916E+003    -0.290655348938E-005     0.793941153008E-006     0.209683358640E-006
     0.665969289968E+000    -0.280000004898E+003    -0.432560331412E-006     0.892081418275E-007     0.214099992345E-006
     0.675969289968E+000    -0.280000002223E+003    -0.919664738012E-007     0.157829019387E-007     0.215033101787E-006
     0.685969289968E+000    -0.280000001601E+003    -0.291467504118E-007     0.438999796926E-008     0.215327856794E-006
     0.695969289968E+000    -0.280000002010E+003    -0.937603169972E-007     0.236034919096E-007     0.216294713654E-006
     0.705969289968E+000    -0.280000001318E+003    -0.203344478255E-007     0.312150667791E-008     0.216500440067E-006
     0.715969289968E+000    -0.280000001151E+003    -0.860049292812E-008     0.591952452731E-009     0.216586648470E-006
     0.725969289968E+000    -0.280000000716E+003     0.369049916007E-007    -0.116270801744E-007     0.216973580944E-006
     0.735969289968E+000    -0.280000009142E+003    -0.993867573479E-006     0.271881807873E-006     0.227277427173E-006
     0.745969289968E+000    -0.280000002281E+003    -0.149072326460E-006     0.305905363678E-007     0.228799213604E-006
     0.755969289968E+000    -0.279999996140E+003     0.599853214647E-006    -0.168501741219E-006     0.235029917545E-006
