 #        time                      h  [L]            Darcian flow [L.T^{-1}]   in    x         z              directions   cumulative flux
 #-----------------------------------------------------------------------------------------------

     0.100000000000E-005    -0.278500000000E+003    -0.648909168761E-017    -0.514014243486E-014     0.514014653089E-020
     0.205999994278E-005    -0.278500000000E+003    -0.979153807312E-014    -0.504485718279E-014     0.168157849554E-019
     0.318359982147E-005    -0.278500000000E+003    -0.490225812825E-014    -0.766257102626E-014     0.270366617245E-019
     0.437461562859E-005    -0.278500000000E+003    -0.979153807312E-014    -0.504485718279E-014     0.401554076420E-019
     0.563709231599E-005    -0.278500000000E+003    -0.146743289263E-013     0.271299909554E-014     0.589953626675E-019
     0.697531753239E-005    -0.278500000000E+003    -0.146743289263E-013     0.271299909554E-014     0.789657139166E-019
     0.839383618521E-005    -0.278500000000E+003    -0.146613507429E-013     0.129932839653E-013     0.106754948110E-018
     0.989746587602E-005    -0.278500000000E+003    -0.977855988975E-014     0.523542768694E-014     0.123433037332E-018
     0.114913132622E-004    -0.278500000000E+003    -0.488927994487E-014     0.261771384347E-014     0.132272424142E-018
     0.131807914004E-004    -0.278500000000E+003    -0.488927994487E-014     0.261771384347E-014     0.141642173655E-018
     0.149716381303E-004    -0.278500000000E+003    -0.489576903656E-014    -0.252242859140E-014     0.151505041589E-018
     0.168699355614E-004    -0.278500000000E+003    -0.490874721994E-014    -0.128027134611E-013     0.177533549515E-018
     0.188821307298E-004    -0.278500000000E+003    -0.492821449500E-014    -0.282231407657E-013     0.235183308859E-018
     0.210150574931E-004    -0.278500000000E+003    -0.986291808169E-014    -0.615864239663E-013     0.368216479491E-018
     0.232759597402E-004    -0.278500000000E+003    -0.996025445700E-014    -0.138688560489E-012     0.682585351582E-018
     0.256725159928E-004    -0.278500000000E+003    -0.527213635444E-014    -0.300650689814E-012     0.140322241544E-017
     0.282128654833E-004    -0.278500000000E+003    -0.570690549751E-014    -0.645040232950E-012     0.304191417384E-017
     0.309056357980E-004    -0.278500000000E+003    -0.659591105872E-014    -0.134923974653E-011     0.667515032436E-017
     0.337599721774E-004    -0.278500000000E+003    -0.842583491463E-014    -0.279875991316E-011     0.146637887640E-016
     0.367855685763E-004    -0.278500000000E+003    -0.230712273669E-014    -0.570303567411E-011     0.319188743742E-016
     0.399927005860E-004    -0.278500000000E+003     0.223121737997E-015    -0.114498102015E-010     0.686399271834E-016
     0.433922603327E-004    -0.278500000000E+003     0.731763510249E-015    -0.226734541360E-010     0.145719689224E-015
     0.469957934698E-004    -0.278500000000E+003     0.173578051841E-013    -0.443832744933E-010     0.305656301822E-015
     0.508155383889E-004    -0.278499999999E+003     0.332979944763E-013    -0.860139550703E-010     0.634207694290E-015
     0.548644677845E-004    -0.278499999999E+003     0.655712137497E-013    -0.165088622569E-009     0.130263992382E-014
     0.591563327122E-004    -0.278499999998E+003     0.136817890106E-012    -0.314055045465E-009     0.265052188673E-014
     0.637057092900E-004    -0.278499999996E+003     0.255044546328E-012    -0.592454873584E-009     0.534582246175E-014
     0.685280482021E-004    -0.278499999992E+003     0.498544023583E-012    -0.110879346988E-008     0.106928008976E-013
     0.736397271730E-004    -0.278499999984E+003     0.952157130266E-012    -0.205940181443E-008     0.212198029702E-013
     0.790581065897E-004    -0.278499999971E+003     0.178694367707E-011    -0.379709500689E-008     0.417939066770E-013
     0.848015884613E-004    -0.278499999947E+003     0.330406466769E-011    -0.695143294503E-008     0.817193402886E-013
     0.908896789166E-004    -0.278499999904E+003     0.602714595638E-011    -0.126384698860E-007     0.158663496921E-012
     0.973430544509E-004    -0.278499999827E+003     0.108558534535E-010    -0.228235439486E-007     0.305952413705E-012
     0.104183632148E-003    -0.278499999688E+003     0.194090335590E-010    -0.409447128767E-007     0.586037934889E-012
     0.111434644115E-003    -0.278499999443E+003     0.343557074078E-010    -0.729759934141E-007     0.111518779511E-011
     0.119120716386E-003    -0.278499999012E+003     0.602801884600E-010    -0.129226290181E-006     0.210843050876E-011
     0.127267952553E-003    -0.278499998257E+003     0.104911053139E-009    -0.227357685340E-006     0.396076746282E-011
     0.135904022424E-003    -0.278499996946E+003     0.180954449187E-009    -0.397405351484E-006     0.739278820107E-011
     0.145058255993E-003    -0.278499994682E+003     0.309309118501E-009    -0.690051312425E-006     0.137096797242E-010
     0.154761743052E-003    -0.278499990801E+003     0.523906692957E-009    -0.119013716948E-005     0.252581614659E-010
     0.165047438780E-003    -0.278499984194E+003     0.879130732015E-009    -0.203852831045E-005     0.462258453491E-010
     0.175950275662E-003    -0.278499973027E+003     0.146139012278E-008    -0.346715449194E-005     0.840276685797E-010
     0.187507282134E-003    -0.278499954291E+003     0.240642394663E-008    -0.585462004143E-005     0.151689556004E-009
     0.199757708333E-003    -0.278499923090E+003     0.392529570136E-008    -0.981357811918E-005     0.271910080116E-009
     0.212743159403E-003    -0.278499871527E+003     0.634294539425E-008    -0.163266170364E-004     0.483918582777E-009
     0.226507736794E-003    -0.278499786971E+003     0.101549883245E-007    -0.269554104158E-004     0.854948441878E-009
     0.241098188040E-003    -0.278499649400E+003     0.161105015764E-007    -0.441592584724E-004     0.149925199259E-008
     0.256564065527E-003    -0.278499427347E+003     0.253323143203E-007    -0.717750878204E-004     0.260931677655E-008
     0.272957894778E-003    -0.278499071807E+003     0.394904448321E-007    -0.115732979969E-003     0.450662359932E-008
     0.290335352846E-003    -0.278498507132E+003     0.610512112986E-007    -0.185111209653E-003     0.772338605791E-008
     0.308755457403E-003    -0.278497617599E+003     0.936337609249E-007    -0.293674783482E-003     0.131329065505E-007
     0.328280767180E-003    -0.278496227773E+003     0.142518781605E-006    -0.462094099283E-003     0.221554374143E-007
     0.348977594427E-003    -0.278494074098E+003     0.215374033252E-006    -0.721108431590E-003     0.370800947146E-007
     0.370916230124E-003    -0.278490764209E+003     0.323291179778E-006    -0.111598591717E-002     0.615633042217E-007
     0.394171182707E-003    -0.278485719242E+003     0.482256792753E-006    -0.171274241807E-002     0.101393049520E-006
     0.418821431115E-003    -0.278478092875E+003     0.715216429676E-006    -0.260671395977E-002     0.165649198575E-006
     0.444950693017E-003    -0.278466658924E+003     0.105497438928E-005    -0.393423188542E-002     0.268447777588E-006
     0.472647709137E-003    -0.278449656896E+003     0.154836566779E-005    -0.588834350442E-002     0.431537328192E-006
     0.502006544641E-003    -0.278424582096E+003     0.226190815412E-005    -0.873972804516E-002     0.688125574805E-006
     0.533126908594E-003    -0.278387904072E+003     0.328912721362E-005    -0.128641265052E-001     0.108846188667E-005
     0.566114492604E-003    -0.278334694387E+003     0.475973778741E-005    -0.187777527579E-001     0.170789460319E-005
     0.601081329767E-003    -0.278258142280E+003     0.685066765171E-005    -0.271822500952E-001     0.265837194618E-005
     0.638146175159E-003    -0.278148935453E+003     0.979849568565E-005    -0.390207596965E-001     0.410467041700E-005
     0.677434909153E-003    -0.277994484120E+003     0.139121609995E-004    -0.555465270547E-001     0.628702321122E-005
     0.719080964939E-003    -0.277777971110E+003     0.195837494506E-004    -0.784051321309E-001     0.955228781971E-005
     0.763225781689E-003    -0.277477221296E+003     0.272938941527E-004    -0.109730831732E+000     0.143963354282E-004
     0.810019284919E-003    -0.277063402539E+003     0.376072923029E-004    -0.152256619398E+000     0.215209562570E-004
     0.859620395664E-003    -0.276499598063E+003     0.511590372164E-004    -0.209436695026E+000     0.319092492710E-004
     0.912197570216E-003    -0.275739322076E+003     0.686462634765E-004    -0.285579967852E+000     0.469242375231E-004
     0.967929372233E-003    -0.274725095841E+003     0.907335239597E-004    -0.385992905741E+000     0.684363183200E-004
     0.102700507918E-002    -0.273387396901E+003     0.117858402556E-003    -0.517111906695E+000     0.989850705730E-004
     0.108962532517E-002    -0.271644437911E+003     0.149959558694E-003    -0.686594393225E+000     0.141979781394E-003
     0.115600278233E-002    -0.269403253757E+003     0.186146893749E-003    -0.903338487411E+000     0.201941094418E-003
     0.122636288312E-002    -0.266562560574E+003     0.224382481440E-003    -0.117739633108E+001     0.284782820449E-003
     0.130094458593E-002    -0.263018013289E+003     0.261058043228E-003    -0.151969967474E+001     0.398124611630E-003
     0.138000118665E-002    -0.258670214891E+003     0.290473205582E-003    -0.194150239292E+001     0.551613192813E-003
     0.146380117888E-002    -0.253435194385E+003     0.304656413142E-003    -0.245345423420E+001     0.757212640172E-003
     0.155262916586E-002    -0.247256178195E+003     0.293644819055E-003    -0.306426255061E+001     0.102940491535E-002
     0.164678682697E-002    -0.240114647112E+003     0.246499195120E-003    -0.377898023191E+001     0.138522485612E-002
     0.174659394236E-002    -0.232037716383E+003     0.211375477476E-003    -0.459706644492E+001     0.184404479772E-002
     0.185238947896E-002    -0.223101339186E+003     0.536877719133E-004    -0.551104953869E+001     0.242708924093E-002
     0.196453274170E-002    -0.213424749081E+003    -0.159541312768E-003    -0.650490059597E+001     0.315657001780E-002
     0.208340459379E-002    -0.203161937578E+003    -0.426146390316E-003    -0.755461293219E+001     0.405460085030E-002
     0.220940875020E-002    -0.192494019686E+003    -0.102334268980E-002    -0.862849333676E+001     0.514182688197E-002
     0.234297314879E-002    -0.181611567273E+003    -0.122237823598E-002    -0.968991400782E+001     0.643605442910E-002
     0.248455140365E-002    -0.170706369511E+003    -0.147070075011E-002    -0.107015497269E+002     0.795116117806E-002
     0.263462434571E-002    -0.159947751062E+003    -0.169362044398E-002    -0.116319265959E+002     0.969679864254E-002
     0.279370165569E-002    -0.149473252065E+003    -0.176639443759E-002    -0.124593902156E+002     0.116788049421E-001
     0.296232359518E-002    -0.139388236175E+003    -0.182806146135E-002    -0.131722335158E+002     0.138999325262E-001
     0.314106284138E-002    -0.129778277259E+003    -0.172008209679E-002    -0.137633442686E+002     0.163599823253E-001
     0.333052643213E-002    -0.120703896825E+003    -0.150985385663E-002    -0.142315574037E+002     0.190563443081E-001
     0.353135782749E-002    -0.112201453819E+003    -0.122628033426E-002    -0.145808239966E+002     0.219846315471E-001
     0.374423909507E-002    -0.104282732052E+003    -0.885418271023E-003    -0.148199813327E+002     0.251395279644E-001
     0.396989322653E-002    -0.969364754651E+002    -0.505114264579E-003    -0.149620777010E+002     0.285157826147E-001
     0.420908659296E-002    -0.901311537509E+002     0.216791192875E-003    -0.150236173077E+002     0.321093322149E-001
     0.446263154769E-002    -0.838227725211E+002     0.372280648655E-003    -0.150222665272E+002     0.359181521027E-001
     0.473138918520E-002    -0.779815953423E+002     0.537111057521E-003    -0.149637893276E+002     0.399397847731E-001
     0.501627226558E-002    -0.725868064946E+002     0.609008382034E-003    -0.148519972146E+002     0.441708674930E-001
     0.531824831448E-002    -0.676050261455E+002     0.669522220592E-003    -0.146973553361E+002     0.486091167913E-001
     0.563834290904E-002    -0.629819893596E+002     0.104267560051E-002    -0.145182893944E+002     0.532563427606E-001
     0.597764316095E-002    -0.586855338738E+002     0.608762127773E-003    -0.143151074542E+002     0.581134623304E-001
     0.633730140856E-002    -0.546913511490E+002    -0.237523321062E-003    -0.140915041662E+002     0.631815880258E-001
     0.671853913045E-002    -0.510027338724E+002    -0.121912304808E-003    -0.138403298081E+002     0.684580438322E-001
     0.712265109384E-002    -0.476032133579E+002    -0.213205614743E-003    -0.135653479836E+002     0.739399632406E-001
     0.755100975191E-002    -0.444583186260E+002    -0.511195594752E-003    -0.132788531042E+002     0.796280749412E-001
     0.800506990496E-002    -0.415360354690E+002    -0.719141889986E-003    -0.129900417626E+002     0.855263353010E-001
     0.848637364120E-002    -0.388158071535E+002    -0.528815837398E-003    -0.126967669606E+002     0.916373366827E-001
     0.899655557408E-002    -0.362593007607E+002    -0.736943973962E-004    -0.124131136389E+002     0.979702829921E-001
     0.953734839373E-002    -0.338598748625E+002    -0.347231636675E-003    -0.121275146991E+002     0.104528755864E+000
     0.101105887516E-001    -0.316459070126E+002    -0.247812623743E-003    -0.118275735051E+002     0.111308798335E+000
     0.107182234982E-001    -0.295793192239E+002     0.940079543379E-003    -0.115336278248E+002     0.118317031379E+000
     0.113623162948E-001    -0.275725144929E+002     0.599293664761E-004    -0.112833333173E+002     0.125584545090E+000
     0.120450546223E-001    -0.257232467927E+002    -0.378141107668E-003    -0.109952799075E+002     0.133091444109E+000
     0.127687572104E-001    -0.239697033763E+002     0.668795164753E-003    -0.107221855187E+002     0.140851117534E+000
     0.135358819124E-001    -0.223648311245E+002    -0.629255768150E-003    -0.104351479963E+002     0.148856177346E+000
     0.143490340526E-001    -0.208715755785E+002    -0.139715348853E-002    -0.101508182520E+002     0.157110337010E+000
     0.152109752747E-001    -0.194968545503E+002    -0.971055617778E-003    -0.986686599640E+001     0.165614995587E+000
     0.161246329208E-001    -0.181816946835E+002    -0.796749546577E-003    -0.960872128296E+001     0.174394077287E+000
     0.170931099734E-001    -0.169424685017E+002     0.866625548029E-003    -0.934989361339E+001     0.183449234734E+000
     0.181196955938E-001    -0.157360144758E+002    -0.172232118098E-003    -0.911581061540E+001     0.192807394831E+000
     0.192078762926E-001    -0.146014745676E+002    -0.844908488061E-003    -0.887207663070E+001     0.202461817423E+000
     0.203613477710E-001    -0.135524920908E+002     0.748895478789E-003    -0.863106636224E+001     0.212417506338E+000
     0.215840274722E-001    -0.125186827894E+002    -0.193765484208E-002    -0.842369802271E+001     0.222716991192E+000
     0.228800678855E-001    -0.115885654310E+002    -0.629917452913E-003    -0.818145012504E+001     0.233320481224E+000
     0.242538706494E-001    -0.106930946680E+002    -0.284675197746E-002    -0.795915836730E+001     0.244254795687E+000
     0.257101015006E-001    -0.988458023204E+001    -0.957378161120E-003    -0.772594936819E+001     0.255505561598E+000
     0.272537061195E-001    -0.909882818064E+001    -0.284432620969E-002    -0.752078925469E+001     0.267114687460E+000
     0.288899269272E-001    -0.834976762198E+001     0.198266864987E-002    -0.732128420595E+001     0.279093925456E+000
     0.306243208897E-001    -0.764500480570E+001    -0.163039827627E-002    -0.711961811932E+001     0.291442148461E+000
     0.324627783907E-001    -0.694931033819E+001     0.329922521007E-002    -0.693433863979E+001     0.304190636791E+000
     0.344115432366E-001    -0.629842018858E+001    -0.381722194201E-002    -0.675837642711E+001     0.317361125289E+000
     0.364772338618E-001    -0.570330693040E+001    -0.389769116666E-002    -0.656726540893E+001     0.330927066266E+000
     0.386668658063E-001    -0.515733903113E+001    -0.292302573148E-002    -0.636511453576E+001     0.344864325853E+000
     0.409878755421E-001    -0.461023064486E+001    -0.248053277211E-002    -0.619276251690E+001     0.359237789100E+000
     0.434481457293E-001    -0.407776208125E+001    -0.333752994091E-002    -0.602591879484E+001     0.374063179735E+000
     0.460560319869E-001    -0.355758821011E+001     0.474965586151E-002    -0.584096552163E+001     0.389295758486E+000
     0.488203912708E-001    -0.302205376694E+001    -0.118577513949E-002    -0.568000535055E+001     0.404997334352E+000
     0.517506119535E-001    -0.253883560893E+001    -0.181050916440E-002    -0.546327696619E+001     0.421005942393E+000
     0.548566457095E-001    -0.197175689065E+001    -0.460572497489E-002    -0.527302319817E+001     0.437384136690E+000
     0.581490413132E-001    -0.138708547712E+001    -0.460336597020E-002    -0.506419195908E+001     0.454057466921E+000
     0.616389804647E-001    -0.849166635638E+000    -0.197990429241E-003    -0.473808718284E+001     0.470593102897E+000
     0.653383157655E-001    -0.279262717881E+000    -0.731670513497E-003    -0.398689548681E+001     0.485341966361E+000
     0.692596109728E-001     0.251086831375E+000    -0.122586827266E-002    -0.428831329029E+001     0.502157709401E+000
     0.734161836681E-001     0.688582470184E+000    -0.357839597529E-003    -0.373573934681E+001     0.517685581637E+000
     0.778221504872E-001     0.113723171940E+001    -0.224777772977E-002    -0.338417435224E+001     0.532596144833E+000
     0.824924750635E-001     0.151930966449E+001     0.693077421040E-002    -0.309284491348E+001     0.547040770710E+000
     0.874430188470E-001     0.171437475267E+001     0.993546157665E-002    -0.293570328471E+001     0.561574181588E+000
     0.926905949743E-001     0.184946745613E+001     0.228264895465E-002    -0.283205341905E+001     0.576435602328E+000
     0.982530253690E-001     0.193817671438E+001     0.184304904925E-003    -0.276380144677E+001     0.591809055535E+000
     0.104149201269E+000     0.201337383869E+001    -0.810780024948E-003    -0.270522904810E+001     0.607759562569E+000
     0.110399147386E+000     0.208345200353E+001    -0.424511222831E-002    -0.264992283433E+001     0.624321458748E+000
     0.117024089912E+000     0.214649890402E+001    -0.957920485797E-003    -0.260137464185E+001     0.641555417408E+000
     0.124046528610E+000     0.220124092828E+001     0.160482694555E-003    -0.255889209781E+001     0.659525080336E+000
     0.131490313229E+000     0.224454744446E+001     0.290848415805E-002    -0.252499533567E+001     0.678320614247E+000
     0.139380724499E+000     0.228243957295E+001     0.531429338736E-004    -0.249565786384E+001     0.698012381186E+000
     0.147744559993E+000     0.232366035472E+001    -0.227030283443E-002    -0.246405586875E+001     0.718621347869E+000
     0.156610225139E+000     0.237718439107E+001    -0.144105659378E-002    -0.242334677829E+001     0.740105932736E+000
     0.166007829686E+000     0.242420343216E+001    -0.526063595131E-002    -0.238801303294E+001     0.762547589326E+000
     0.175969289968E+000     0.246099037464E+001    -0.691270248278E-002    -0.235742132348E+001     0.786031049168E+000
     0.185969289968E+000     0.249941248078E+001    -0.401823216020E-002    -0.232882372964E+001     0.809319321130E+000
     0.195969289968E+000     0.240970928565E+001     0.333027571814E-002    -0.239788131247E+001     0.833298157381E+000
     0.205969289968E+000     0.245792045815E+001     0.609762144810E-002    -0.236053055655E+001     0.856903541702E+000
     0.215969289968E+000     0.248359921618E+001     0.847251079780E-002    -0.234064980855E+001     0.880310193128E+000
     0.225969289968E+000     0.251752308056E+001     0.106533342699E-001    -0.231454007980E+001     0.903455839100E+000
     0.235969289968E+000     0.253288156315E+001     0.650715291762E-002    -0.230200955832E+001     0.926476026653E+000
     0.245969289968E+000     0.255988074702E+001     0.559403898026E-002    -0.228150628265E+001     0.949291158059E+000
     0.255969289968E+000     0.257766134404E+001     0.200579189755E-003    -0.226747790712E+001     0.971965937219E+000
     0.265969289968E+000     0.261374875979E+001     0.774354964748E-003    -0.224078956599E+001     0.994373834217E+000
     0.275969289968E+000     0.262715584520E+001    -0.409614610913E-002    -0.222925673541E+001     0.101666643920E+001
     0.285969289968E+000     0.265752189185E+001    -0.232955692608E-002    -0.220650255505E+001     0.103873147705E+001
     0.295969289968E+000     0.267421198204E+001    -0.176626706940E-002    -0.219330544230E+001     0.106066453859E+001
     0.305969289968E+000     0.268371065833E+001    -0.325205476861E-002    -0.218593324140E+001     0.108252389519E+001
     0.315969289968E+000     0.269797105383E+001     0.137678702529E-003    -0.217399069072E+001     0.110426380214E+001
     0.325969289968E+000     0.271299524329E+001    -0.951410530300E-003    -0.216215758375E+001     0.112588538007E+001
     0.335969289968E+000     0.272542592927E+001     0.107159319547E-002    -0.215160722562E+001     0.114740145500E+001
     0.345969289968E+000     0.273751518681E+001     0.107665227413E-002    -0.214308216588E+001     0.116883227936E+001
     0.355969289968E+000     0.274879640877E+001     0.429563789803E-002    -0.213429761553E+001     0.119017529874E+001
     0.365969289968E+000     0.275616016060E+001     0.387334349288E-002    -0.212851400834E+001     0.121146047407E+001
     0.375969289968E+000     0.276643618858E+001     0.395317087982E-002    -0.212096855754E+001     0.123267019649E+001
     0.385969289968E+000     0.278163783894E+001     0.349594586332E-002    -0.210880712480E+001     0.125375829671E+001
     0.395969289968E+000     0.278826528713E+001     0.416317132017E-002    -0.210407275708E+001     0.127479906547E+001
     0.405969289968E+000     0.279753221325E+001     0.330609519308E-002    -0.209786483412E+001     0.129577773986E+001
     0.415969289968E+000     0.280576814181E+001     0.211478518666E-002    -0.209162561974E+001     0.131669400675E+001
     0.425969289968E+000     0.281025598642E+001     0.120290728333E-002    -0.208710786169E+001     0.133756508883E+001
     0.435969289968E+000     0.282639043655E+001     0.209214830781E-002    -0.207582498849E+001     0.135832334926E+001
     0.445969289968E+000     0.282326881891E+001    -0.120998211776E-003    -0.207674184072E+001     0.137909076770E+001
     0.455969289968E+000     0.283730598876E+001     0.135207854000E-002    -0.206713414783E+001     0.139976211360E+001
     0.465969289968E+000     0.284875261748E+001     0.209222752011E-002    -0.205810094614E+001     0.142034313370E+001
     0.475969289968E+000     0.284711007430E+001    -0.382386447718E-003    -0.205967910218E+001     0.144093992508E+001
     0.485969289968E+000     0.285272741648E+001    -0.237586434708E-002    -0.205424009702E+001     0.146148233979E+001
     0.495969289968E+000     0.285765848355E+001    -0.234885198959E-002    -0.204991613739E+001     0.148198151462E+001
     0.505969289968E+000     0.286090571525E+001    -0.437292990471E-002    -0.204764925355E+001     0.150245805385E+001
     0.515969289968E+000     0.287022295709E+001    -0.302258047072E-002    -0.203953911177E+001     0.152285346736E+001
     0.525969289968E+000     0.287746816015E+001    -0.912166345038E-003    -0.203413177949E+001     0.154319478720E+001
     0.535969289968E+000     0.288490214234E+001    -0.233771246325E-002    -0.202850244909E+001     0.156347982516E+001
     0.545969289968E+000     0.289373140378E+001    -0.124493100880E-002    -0.202175976089E+001     0.158369742660E+001
     0.555969289968E+000     0.289877299229E+001    -0.143721564311E-002    -0.201772757835E+001     0.160387470751E+001
     0.565969289968E+000     0.290724339891E+001     0.189031631502E-002    -0.201190056061E+001     0.162399372199E+001
     0.575969289968E+000     0.290803910697E+001    -0.182850773228E-002    -0.201040580788E+001     0.164409778839E+001
     0.585969289968E+000     0.291213700766E+001    -0.124432621268E-003    -0.200736115910E+001     0.166417140002E+001
     0.595969289968E+000     0.291310851520E+001     0.110771728988E-002    -0.200693993236E+001     0.168424080240E+001
     0.605969289968E+000     0.292065556443E+001     0.624199726206E-003    -0.200125547378E+001     0.170425335811E+001
     0.615969289968E+000     0.292878541101E+001     0.181924632367E-002    -0.199599851748E+001     0.172421335157E+001
     0.625969289968E+000     0.293523542895E+001     0.254807578016E-002    -0.199159415820E+001     0.174412930946E+001
     0.635969289968E+000     0.293231976520E+001     0.197669967634E-002    -0.199323872697E+001     0.176406170653E+001
     0.645969289968E+000     0.295389238479E+001     0.272664731031E-002    -0.197735070847E+001     0.178383523241E+001
     0.655969289968E+000     0.295278443788E+001     0.176475119405E-002    -0.197833939122E+001     0.180361863419E+001
     0.665969289968E+000     0.293960562246E+001     0.111907866790E-002    -0.198745087257E+001     0.182349314607E+001
     0.675969289968E+000     0.294920741843E+001     0.222101181270E-002    -0.198065187413E+001     0.184329967726E+001
     0.685969289968E+000     0.295362226403E+001     0.177579014838E-002    -0.197656930809E+001     0.186306537832E+001
     0.695969289968E+000     0.295459594959E+001     0.217823317197E-003    -0.197540794272E+001     0.188281945787E+001
     0.705969289968E+000     0.295595893072E+001    -0.263156855307E-002    -0.197367678225E+001     0.190255624324E+001
     0.715969289968E+000     0.296278519380E+001    -0.123247409490E-002    -0.196860365555E+001     0.192224228365E+001
     0.725969289968E+000     0.297402962015E+001    -0.954799445969E-003    -0.196016370777E+001     0.194184392305E+001
     0.735969289968E+000     0.297847844965E+001    -0.203208368558E-002    -0.195722088958E+001     0.196141614250E+001
     0.745969289968E+000     0.297972108455E+001    -0.243820766534E-002    -0.195623199551E+001     0.198097847765E+001
     0.755969289968E+000     0.298284147961E+001    -0.194204908972E-002    -0.195294094307E+001     0.200050789673E+001
