 #        time                      h  [L]            Darcian flow [L.T^{-1}]   in    x         z              directions   cumulative flux
 #-----------------------------------------------------------------------------------------------

     0.100000000000E-005    -0.280000000000E+003     0.604754124032E-015     0.117580435756E-014     0.132221157074E-020
     0.205999994278E-005    -0.280000000000E+003     0.120950824806E-014     0.159575790915E-014     0.344468868812E-020
     0.318359982147E-005    -0.280000000000E+003     0.120950824806E-014     0.159575790915E-014     0.569451431109E-020
     0.437461562859E-005    -0.280000000000E+003     0.120950824806E-014     0.159575790915E-014     0.807932934271E-020
     0.563709231599E-005    -0.280000000000E+003     0.181426237210E-014     0.125986065476E-014     0.108678876739E-019
     0.697531753239E-005    -0.280000000000E+003     0.181426237210E-014     0.201571146073E-014     0.144970796160E-019
     0.839383618521E-005    -0.280000000000E+003     0.181426237210E-014     0.201571146073E-014     0.183440228670E-019
     0.989746587602E-005    -0.280000000000E+003     0.241901649613E-014     0.923963400369E-015     0.222376251855E-019
     0.114913132622E-004    -0.280000000000E+003     0.241901649613E-014     0.168112594394E-015     0.261024677061E-019
     0.131807914004E-004    -0.280000000000E+003     0.302377062016E-014    -0.167784659995E-015     0.312189206484E-019
     0.149716381303E-004    -0.280000000000E+003     0.302377062016E-014     0.588066145980E-015     0.367354874695E-019
     0.168699355614E-004    -0.280000000000E+003     0.362852474419E-014     0.252168891591E-015     0.436401202706E-019
     0.188821307298E-004    -0.280000000000E+003     0.362852474419E-014     0.252168891591E-015     0.509590306447E-019
     0.210150574931E-004    -0.280000000000E+003     0.362852474419E-014    -0.503681914384E-015     0.587726163078E-019
     0.232759597402E-004    -0.280000000000E+003     0.362852474419E-014    -0.125953272036E-014     0.674565456758E-019
     0.256725159928E-004    -0.280000000000E+003     0.302377062016E-014    -0.167948627194E-014     0.757459503400E-019
     0.282128654833E-004    -0.280000000000E+003     0.241901649613E-014    -0.134358901756E-014     0.827753651158E-019
     0.309056357980E-004    -0.280000000000E+003     0.241901649613E-014    -0.134358901756E-014     0.902265443759E-019
     0.337599721774E-004    -0.280000000000E+003     0.241901649613E-014    -0.587738211581E-015     0.973321090950E-019
     0.367855685763E-004    -0.280000000000E+003     0.241901649613E-014    -0.134358901756E-014     0.105704253208E-018
     0.399927005860E-004    -0.280000000000E+003     0.241901649613E-014    -0.134358901756E-014     0.114578725488E-018
     0.433922603327E-004    -0.280000000000E+003     0.241901649613E-014    -0.134358901756E-014     0.123985665598E-018
     0.469957934698E-004    -0.280000000000E+003     0.181426237210E-014    -0.251939337512E-014     0.135173397565E-018
     0.508155383889E-004    -0.280000000000E+003     0.181426237210E-014    -0.251939337512E-014     0.147032392811E-018
     0.548644677845E-004    -0.280000000000E+003     0.241901649613E-014    -0.209943982353E-014     0.160001163838E-018
     0.591563327122E-004    -0.280000000000E+003     0.241901649613E-014    -0.209943982353E-014     0.173748060385E-018
     0.637057092900E-004    -0.280000000000E+003     0.241901649613E-014    -0.134358901756E-014     0.186336664849E-018
     0.685280482021E-004    -0.280000000000E+003     0.120950824806E-014    -0.142764531475E-014     0.195359828413E-018
     0.736397271730E-004    -0.280000000000E+003     0.120950824806E-014    -0.142764531475E-014     0.204924381275E-018
     0.790581065897E-004    -0.280000000000E+003     0.120950824806E-014    -0.142764531475E-014     0.215062806762E-018
     0.848015884613E-004    -0.280000000000E+003     0.604754124032E-015    -0.260344967231E-014     0.230413789460E-018
     0.908896789166E-004    -0.280000000000E+003     0.181426237210E-014    -0.327524418109E-014     0.253208605354E-018
     0.973430544509E-004    -0.280000000000E+003     0.120950824806E-014    -0.218349612073E-014     0.269316941049E-018
     0.104183632148E-003    -0.280000000000E+003     0.181426237210E-014    -0.251939337512E-014     0.290554583903E-018
     0.111434644115E-003    -0.280000000000E+003    -0.277695081051E-030    -0.226755241792E-014     0.306996633623E-018
     0.119120716386E-003    -0.280000000000E+003    -0.370260108068E-030    -0.302340322390E-014     0.330234729305E-018
     0.127267952553E-003    -0.280000000000E+003    -0.120950824806E-014    -0.386331032707E-014     0.363216525366E-018
     0.135904022424E-003    -0.280000000000E+003    -0.181426237210E-014    -0.428326387866E-014     0.403388545903E-018
     0.145058255993E-003    -0.280000000000E+003    -0.120950824806E-014    -0.310745952110E-014     0.433913783337E-018
     0.154761743052E-003    -0.280000000000E+003    -0.604754124032E-015    -0.344335677549E-014     0.467837753405E-018
     0.165047438780E-003    -0.280000000000E+003    -0.604754124032E-015    -0.344335677549E-014     0.503797159736E-018
     0.175950275662E-003    -0.280000000000E+003    -0.120950824806E-014    -0.310745952110E-014     0.540153200036E-018
     0.187507282134E-003    -0.280000000000E+003    -0.181426237210E-014    -0.201571146073E-014     0.571495155223E-018
     0.199757708333E-003    -0.280000000000E+003    -0.120950824806E-014    -0.235160871512E-014     0.603890465756E-018
     0.212743159403E-003    -0.280000000000E+003    -0.604754124032E-015    -0.268750596951E-014     0.639661591045E-018
     0.226507736794E-003    -0.280000000000E+003    -0.604754124032E-015    -0.268750596951E-014     0.677578981804E-018
     0.241098188040E-003    -0.280000000000E+003    -0.120950824806E-014    -0.235160871512E-014     0.716162308726E-018
     0.256564065527E-003    -0.280000000000E+003    -0.120950824806E-014    -0.235160871512E-014     0.757060633055E-018
     0.272957894778E-003    -0.280000000000E+003    -0.604754124032E-015    -0.193165516354E-014     0.790243538394E-018
     0.290335352846E-003    -0.280000000000E+003    -0.120950824806E-014    -0.235160871512E-014     0.836196890649E-018
     0.308755457403E-003    -0.280000000000E+003    -0.604754124032E-015    -0.193165516354E-014     0.873481199063E-018
     0.328280767180E-003    -0.280000000000E+003    -0.604754124032E-015    -0.268750596951E-014     0.927267725121E-018
     0.348977594427E-003    -0.280000000000E+003    -0.185130054034E-030    -0.151170161195E-014     0.958555152231E-018
     0.370916230124E-003    -0.280000000000E+003    -0.925650270170E-031    -0.755850805975E-015     0.975137487705E-018
     0.394171182707E-003    -0.280000000000E+003    -0.925650270170E-031    -0.755850805975E-015     0.992714762358E-018
     0.418821431115E-003    -0.280000000000E+003    -0.925650270170E-031    -0.755850805975E-015     0.101134667248E-017
     0.444950693017E-003    -0.280000000000E+003    -0.925650270170E-031    -0.755850805975E-015     0.103109649615E-017
     0.472647709137E-003    -0.280000000000E+003    -0.925650270170E-031    -0.755850805975E-015     0.105203130811E-017
     0.502006544641E-003    -0.280000000000E+003    -0.185130054034E-030    -0.151170161195E-014     0.109641310707E-017
     0.533126908594E-003    -0.280000000000E+003    -0.604754124032E-015    -0.419953551586E-015     0.111932599225E-017
     0.566114492604E-003    -0.280000000000E+003    -0.604754124032E-015    -0.419953551586E-015     0.114361364924E-017
     0.601081329767E-003    -0.280000000000E+003    -0.604754124032E-015    -0.419953551586E-015     0.116935856426E-017
     0.638146175159E-003    -0.280000000000E+003     0.000000000000E+000     0.000000000000E+000     0.116935856426E-017
     0.677434909153E-003    -0.280000000000E+003     0.604754124032E-015     0.117580435756E-014     0.122130658294E-017
     0.719080964939E-003    -0.280000000000E+003     0.604754124032E-015     0.193165516354E-014     0.130560275962E-017
     0.763225781689E-003    -0.280000000000E+003     0.604754124032E-015     0.268750596951E-014     0.142720883725E-017
     0.810019284919E-003    -0.280000000000E+003     0.462825135085E-030     0.377925402987E-014     0.160405337290E-017
     0.859620395664E-003    -0.280000000000E+003     0.370260108068E-030     0.302340322390E-014     0.175401753103E-017
     0.912197570216E-003    -0.280000000000E+003     0.277695081051E-030     0.226755241792E-014     0.187323903032E-017
     0.967929372233E-003    -0.280000000000E+003     0.277695081051E-030     0.226755241792E-014     0.199961381274E-017
     0.102700507918E-002    -0.280000000000E+003     0.277695081051E-030     0.226755241792E-014     0.213357107487E-017
     0.108962532517E-002    -0.280000000000E+003     0.185130054034E-030     0.151170161195E-014     0.222823420166E-017
     0.115600278233E-002    -0.280000000000E+003     0.604754124032E-015     0.193165516354E-014     0.236258944253E-017
     0.122636288312E-002    -0.280000000000E+003     0.604754124032E-015     0.268750596951E-014     0.255641097150E-017
     0.130094458593E-002    -0.280000000000E+003     0.604754124032E-015     0.268750596951E-014     0.276186178113E-017
     0.138000118665E-002    -0.280000000000E+003     0.604754124032E-015     0.117580435756E-014     0.286639133334E-017
     0.146380117888E-002    -0.280000000000E+003     0.181426237210E-014     0.201571146073E-014     0.309365222548E-017
     0.155262916586E-002    -0.280000000000E+003     0.181426237210E-014     0.201571146073E-014     0.333454875815E-017
     0.164678682697E-002    -0.280000000000E+003     0.181426237210E-014     0.201571146073E-014     0.358989906900E-017
     0.174659394236E-002    -0.280000000000E+003     0.241901649613E-014     0.319151581829E-014     0.398959403126E-017
     0.185238947896E-002    -0.280000000000E+003     0.241901649613E-014     0.243566501232E-014     0.435276878011E-017
     0.196453274170E-002    -0.280000000000E+003     0.241901649613E-014     0.923963400369E-015     0.464316027111E-017
     0.208340459379E-002    -0.280000000000E+003     0.241901649613E-014     0.167981420634E-014     0.499324577821E-017
     0.220940875020E-002    -0.280000000000E+003     0.302377062016E-014     0.361146936988E-014     0.558674942862E-017
     0.234297314879E-002    -0.280000000000E+003     0.423327886822E-014     0.445137647305E-014     0.640722415209E-017
     0.248455140365E-002    -0.280000000000E+003     0.423327886822E-014     0.445137647305E-014     0.727692731201E-017
     0.263462434571E-002    -0.280000000000E+003     0.483803299226E-014     0.335962841269E-014     0.816087689464E-017
     0.279370165569E-002    -0.280000000000E+003     0.604754124032E-014     0.344368470988E-014     0.926794205161E-017
     0.296232359518E-002    -0.280000000000E+003     0.604754124032E-014     0.495538632183E-014     0.105863090881E-016
     0.314106284138E-002    -0.280000000000E+003     0.544278711629E-014     0.453543277025E-014     0.118526370014E-016
     0.333052643213E-002    -0.280000000000E+003     0.483803299226E-014     0.562718083061E-014     0.132586525166E-016
     0.353135782749E-002    -0.280000000000E+003     0.544278711629E-014     0.680298518817E-014     0.150083601212E-016
     0.374423909507E-002    -0.280000000000E+003     0.544278711629E-014     0.529128357622E-014     0.166243184413E-016
     0.396989322653E-002    -0.280000000000E+003     0.544278711629E-014     0.453543277025E-014     0.182230279104E-016
     0.420908659296E-002    -0.280000000000E+003     0.483803299226E-014     0.335962841269E-014     0.196319086422E-016
     0.446263154769E-002    -0.280000000000E+003     0.483803299226E-014     0.335962841269E-014     0.211253221373E-016
     0.473138918520E-002    -0.280000000000E+003     0.362852474419E-014     0.251972130952E-014     0.223125858019E-016
     0.501627226558E-002    -0.280000000000E+003     0.362852474419E-014     0.176387050354E-014     0.234619550886E-016
     0.531824831448E-002    -0.280000000000E+003     0.423327886822E-014     0.218382405513E-014     0.249003801265E-016
     0.563834290904E-002    -0.280000000000E+003     0.423327886822E-014     0.218382405513E-014     0.264251105845E-016
     0.597764316095E-002    -0.280000000000E+003     0.362852474419E-014     0.176387050354E-014     0.277940275731E-016
     0.633730140856E-002    -0.280000000000E+003     0.241901649613E-014     0.923963400369E-015     0.287253514192E-016
     0.671853913045E-002    -0.280000000000E+003     0.302377062016E-014     0.588066145980E-015     0.298997251568E-016
     0.712265109384E-002    -0.280000000000E+003     0.241901649613E-014     0.168112594394E-015     0.308796364788E-016
     0.755100975191E-002    -0.280000000000E+003     0.181426237210E-014    -0.251840957192E-015     0.316642431345E-016
     0.800506990496E-002    -0.280000000000E+003     0.120950824806E-014    -0.671794508778E-015     0.322924592836E-016
     0.848637364120E-002    -0.280000000000E+003     0.120950824806E-014    -0.142764531475E-014     0.331930352107E-016
     0.899655557408E-002    -0.280000000000E+003     0.241901649613E-014    -0.587738211581E-015     0.344630784924E-016
     0.953734839373E-002    -0.280000000000E+003     0.181426237210E-014    -0.100769176317E-014     0.355854015383E-016
     0.101105887516E-001    -0.280000000000E+003     0.181426237210E-014    -0.100769176317E-014     0.367750639027E-016
     0.107182234982E-001    -0.280000000000E+003     0.241901649613E-014    -0.587738211581E-015     0.382877055270E-016
     0.113623162948E-001    -0.280000000000E+003     0.120950824806E-014    -0.671794508778E-015     0.391788418526E-016
     0.120450546223E-001    -0.280000000000E+003     0.120950824806E-014    -0.142764531475E-014     0.404563256034E-016
     0.127687572104E-001    -0.280000000000E+003     0.604754124032E-015    -0.260344967231E-014     0.423906132284E-016
     0.135358819124E-001    -0.280000000000E+003     0.604754124032E-015    -0.260344967231E-014     0.444409580003E-016
     0.143490340526E-001    -0.280000000000E+003     0.604754124032E-015    -0.260344967231E-014     0.466143233412E-016
     0.152109752747E-001    -0.280000000000E+003     0.181426237210E-014    -0.100769176317E-014     0.484031349943E-016
     0.161246329208E-001    -0.280000000000E+003     0.120950824806E-014    -0.671794508778E-015     0.496672284943E-016
     0.170931099734E-001    -0.280000000000E+003     0.120950824806E-014    -0.671794508778E-015     0.510071675320E-016
     0.181196955938E-001    -0.280000000000E+003     0.120950824806E-014     0.840562971971E-016     0.522518261458E-016
     0.192078762926E-001    -0.280000000000E+003     0.120950824806E-014     0.840562971971E-016     0.535711642051E-016
     0.203613477710E-001    -0.280000000000E+003     0.000000000000E+000     0.000000000000E+000     0.535711642051E-016
     0.215840274722E-001    -0.280000000000E+003    -0.604754124032E-015     0.335897254389E-015     0.544169851039E-016
     0.228800678855E-001    -0.280000000000E+003    -0.120950824806E-014    -0.840562971971E-016     0.559883375875E-016
     0.242538706494E-001    -0.280000000000E+003    -0.241901649613E-014    -0.923963400369E-015     0.595457571167E-016
     0.257101015006E-001    -0.280000000000E+003    -0.241901649613E-014    -0.923963400369E-015     0.633166216140E-016
     0.272537061195E-001    -0.280000000000E+003    -0.181426237210E-014    -0.125986065476E-014     0.667261352811E-016
     0.288899269272E-001    -0.280000000000E+003    -0.181426237210E-014    -0.201571146073E-014     0.711634746004E-016
     0.306243208897E-001    -0.280000000000E+003    -0.277695081051E-030    -0.226755241792E-014     0.750963038238E-016
     0.324627783907E-001    -0.280000000000E+003    -0.277695081051E-030    -0.226755241792E-014     0.792651025755E-016
     0.344115432366E-001    -0.280000000000E+003    -0.604754124032E-015    -0.419920758146E-014     0.875327984378E-016
     0.364772338618E-001    -0.280000000000E+003    -0.120950824806E-014    -0.537501193902E-014     0.989135472102E-016
     0.386668658063E-001    -0.280000000000E+003    -0.740520216136E-030    -0.604680644780E-014     0.112153827770E-015
     0.409878755421E-001    -0.280000000000E+003    -0.555390162102E-030    -0.453510483585E-014     0.122679850247E-015
     0.434481457293E-001    -0.280000000000E+003     0.120950824806E-014    -0.293934692670E-014     0.130499744849E-015
     0.460560319869E-001    -0.280000000000E+003     0.181426237210E-014    -0.251939337512E-014     0.138596335429E-015
     0.488203912708E-001    -0.280000000000E+003     0.181426237210E-014    -0.251939337512E-014     0.147178720981E-015
     0.517506119535E-001    -0.280000000000E+003     0.120950824806E-014    -0.142764531475E-014     0.152661508686E-015
     0.548566457095E-001    -0.280000000000E+003     0.181426237210E-014    -0.100769176317E-014     0.159107550754E-015
     0.581490413132E-001    -0.280000000000E+003     0.120950824806E-014    -0.142764531475E-014     0.165268010356E-015
     0.616389804647E-001    -0.280000000000E+003     0.120950824806E-014    -0.142764531475E-014     0.171798097180E-015
     0.653383157655E-001    -0.280000000000E+003     0.120950824806E-014    -0.218349612073E-014     0.181032045299E-015
     0.692596109728E-001    -0.280000000000E+003    -0.277695081051E-030    -0.226755241792E-014     0.189923787728E-015
     0.734161836681E-001    -0.280000000000E+003    -0.185130054034E-030    -0.151170161195E-014     0.196207285371E-015
     0.778221504872E-001    -0.280000000000E+003    -0.604754124032E-015    -0.193165516354E-014     0.205125444616E-015
     0.824924750635E-001    -0.280000000000E+003    -0.604754124032E-015    -0.117580435756E-014     0.211300601810E-015
     0.874430188470E-001    -0.280000000000E+003    -0.181426237210E-014    -0.125986065476E-014     0.222235362229E-015
     0.926905949743E-001    -0.280000000000E+003    -0.120950824806E-014    -0.839907103172E-015     0.229962592508E-015
     0.982530253690E-001    -0.280000000000E+003    -0.604754124032E-015    -0.419953551586E-015     0.234058024334E-015
     0.104149201269E+000    -0.280000000000E+003    -0.604754124032E-015    -0.419953551586E-015     0.238399181837E-015
     0.110399147386E+000    -0.280000000000E+003    -0.604754124032E-015     0.335897254389E-015     0.242722746738E-015
     0.117024089912E+000    -0.280000000000E+003    -0.302377062016E-014    -0.209976775793E-014     0.267111366951E-015
     0.124046528610E+000    -0.280000000000E+003    -0.604754124032E-015    -0.419953551586E-015     0.272281754158E-015
     0.131490313229E+000    -0.280000000000E+003     0.302377062016E-014    -0.470288949584E-014     0.313900671155E-015
     0.139380724499E+000    -0.280000000000E+003    -0.362852474419E-014     0.277123433231E-014     0.349926194125E-015
     0.147744559993E+000    -0.279999999552E+003     0.585572836808E-008    -0.200624421799E-008     0.517714583641E-010
     0.156610225139E+000    -0.279999998315E+003     0.225138780937E-007    -0.611351581958E-008     0.258599993529E-009
     0.166007829686E+000    -0.279999999050E+003     0.124794866547E-007    -0.327997411241E-008     0.379860346973E-009
     0.175969289968E+000    -0.279999999530E+003     0.569236855589E-008    -0.127346426077E-008     0.437966297922E-009
     0.185969289968E+000    -0.279999999727E+003     0.274439538613E-008    -0.431369860865E-009     0.465747201421E-009
     0.195969289968E+000    -0.279999999778E+003     0.182939029914E-008    -0.186892641664E-009     0.484136322461E-009
     0.205969289968E+000    -0.279999999577E+003     0.432633058290E-008    -0.103463850214E-008     0.528619592510E-009
     0.215969289968E+000    -0.279999999716E+003     0.236568444380E-008    -0.351599524547E-009     0.552536291934E-009
     0.225969289968E+000    -0.280000008056E+003    -0.107762582529E-006     0.359978127707E-007     0.168869722761E-008
     0.235969289968E+000    -0.280000003018E+003    -0.409409916199E-007     0.122407413002E-007     0.211601450346E-008
     0.245969289968E+000    -0.280000001660E+003    -0.216457712115E-007     0.610849270504E-008     0.234092628494E-008
     0.255969289968E+000    -0.280000001288E+003    -0.158596664893E-007     0.468146077574E-008     0.250628803872E-008
     0.265969289968E+000    -0.280000000899E+003    -0.103710693202E-007     0.299007141304E-008     0.261422302188E-008
     0.275969289968E+000    -0.280000000544E+003    -0.551166375351E-008     0.163378006381E-008     0.267171012881E-008
     0.285969289968E+000    -0.280000000280E+003    -0.203832679511E-008     0.638034632167E-009     0.269306865009E-008
     0.295969289968E+000    -0.280000191395E+003    -0.252266397045E-005     0.833069820471E-006     0.292596620215E-007
     0.305969289968E+000    -0.280000073241E+003    -0.953424792015E-006     0.276498312349E-006     0.391867469449E-007
     0.315969289968E+000    -0.280000037914E+003    -0.452815775109E-006     0.120701214477E-006     0.438730131490E-007
     0.325969289968E+000    -0.280000024069E+003    -0.249753228316E-006     0.642761609330E-007     0.464519295866E-007
     0.335969289968E+000    -0.280000017085E+003    -0.149095624937E-006     0.381398668263E-007     0.479908953047E-007
     0.345969289968E+000    -0.280000017481E+003    -0.153876715168E-006     0.405559185249E-007     0.495822100442E-007
     0.355969289968E+000    -0.280000012248E+003    -0.858891901142E-007     0.220711806164E-007     0.504690070893E-007
     0.365969289968E+000    -0.280000009677E+003    -0.544594776338E-007     0.140973547596E-007     0.510315522088E-007
     0.375969289968E+000    -0.280000008166E+003    -0.380368256369E-007     0.998216486703E-008     0.514248006951E-007
     0.385969289968E+000    -0.280000007166E+003    -0.287651993273E-007     0.756093855245E-008     0.517222237077E-007
     0.395969289968E+000    -0.280000093469E+003    -0.117083657849E-005     0.385073146669E-006     0.640475619254E-007
     0.405969289968E+000    -0.280000039242E+003    -0.454208505687E-006     0.131138403322E-006     0.687751685870E-007
     0.415969289968E+000    -0.280000027523E+003    -0.287070357868E-006     0.803450831836E-007     0.717561872511E-007
     0.425969289968E+000    -0.280000016476E+003    -0.134327765437E-006     0.348287335182E-007     0.731438827957E-007
     0.435969289968E+000    -0.280000012788E+003    -0.837438555786E-007     0.213238769645E-007     0.740080437226E-007
     0.445969289968E+000    -0.280000010906E+003    -0.604369747888E-007     0.154220306789E-007     0.746317798008E-007
     0.455969289968E+000    -0.280000009348E+003    -0.428109125558E-007     0.110726279093E-007     0.750739762868E-007
     0.465969289968E+000    -0.279999996238E+003     0.129754674021E-006    -0.353613796063E-007     0.764188444067E-007
     0.475969289968E+000    -0.280000002629E+003     0.391847682394E-007    -0.838433271578E-008     0.768195616508E-007
     0.485969289968E+000    -0.280000009854E+003    -0.646385622659E-007     0.194138717725E-007     0.774944721744E-007
     0.495969289968E+000    -0.279999998668E+003     0.805769158611E-007    -0.209985237792E-007     0.783271532280E-007
     0.505969289968E+000    -0.280000002762E+003     0.216662480309E-007    -0.325920823001E-008     0.785462533745E-007
     0.515969289968E+000    -0.280000003348E+003     0.886768611609E-008     0.458916347681E-010     0.786349314232E-007
     0.525969289968E+000    -0.280000004287E+003    -0.799048236775E-008     0.449843406178E-008     0.787266285973E-007
     0.535969289968E+000    -0.280000003718E+003    -0.392200759261E-008     0.319745957021E-008     0.787772308614E-007
     0.545969289968E+000    -0.279999906664E+003     0.127317030468E-005    -0.418500361956E-006     0.921791157201E-007
     0.555969289968E+000    -0.279999958076E+003     0.588949051668E-006    -0.166970053827E-006     0.983007166900E-007
     0.565969289968E+000    -0.279999980433E+003     0.272435740513E-006    -0.694486210804E-007     0.101112199282E-006
     0.575969289968E+000    -0.279999986749E+003     0.174934417519E-006    -0.423744149476E-007     0.102912133767E-006
     0.585969289968E+000    -0.279999992047E+003     0.967255576539E-007    -0.215415593122E-007     0.103903086454E-006
     0.595969289968E+000    -0.279999986623E+003     0.164375022697E-006    -0.458605687224E-007     0.105609613332E-006
     0.605969289968E+000    -0.279999992989E+003     0.780112862348E-007    -0.181991418288E-007     0.106410673226E-006
     0.615969289968E+000    -0.279999993211E+003     0.731240271382E-007    -0.181830226288E-007     0.107164181398E-006
     0.625969289968E+000    -0.279999995703E+003     0.394546620987E-007    -0.778839832861E-008     0.107566341753E-006
     0.635969289968E+000    -0.279999997617E+003     0.131363574060E-007    -0.235323030540E-008     0.107699796457E-006
     0.645969289968E+000    -0.279999997437E+003     0.163439763724E-007    -0.259233983435E-008     0.107865279323E-006
     0.655969289968E+000    -0.279999997811E+003     0.123575864647E-007    -0.137908873718E-008     0.107989622328E-006
     0.665969289968E+000    -0.279999998822E+003    -0.453468835833E-010     0.242438891447E-008     0.108013870457E-006
     0.675969289968E+000    -0.279999983123E+003     0.207966189855E-006    -0.667230221994E-007     0.110197946871E-006
     0.685969289968E+000    -0.279999992591E+003     0.832362032691E-007    -0.226560145665E-007     0.111060591672E-006
     0.695969289968E+000    -0.279999995542E+003     0.424134701578E-007    -0.101091635836E-007     0.111496607456E-006
     0.705969289968E+000    -0.279999996789E+003     0.251043166567E-007    -0.541188388175E-008     0.111753417737E-006
     0.715969289968E+000    -0.279999997386E+003     0.172347108804E-007    -0.353663291103E-008     0.111929356087E-006
     0.725969289968E+000    -0.279999996773E+003     0.256546278048E-007    -0.728615693571E-008     0.112196048421E-006
     0.735969289968E+000    -0.279999997726E+003     0.138589279156E-007    -0.320075084362E-008     0.112338285790E-006
     0.745969289968E+000    -0.279999998140E+003     0.909531345203E-008    -0.182417546855E-008     0.112431050192E-006
     0.755969289968E+000    -0.279999998387E+003     0.661332568263E-008    -0.121238709763E-008     0.112498285569E-006
