 #        time                      h  [L]            Darcian flow [L.T^{-1}]   in    x         z              directions   cumulative flux
 #-----------------------------------------------------------------------------------------------

     0.100000000000E-005     0.400000000000E+001    -0.189394795559E-012    -0.154652586926E+004     0.154652586926E-002
     0.205999994278E-005     0.400000000000E+001    -0.179907356168E-012    -0.146905504749E+004     0.310372413554E-002
     0.318359982147E-005     0.400000000000E+001    -0.170259574461E-012    -0.139027493134E+004     0.466583687975E-002
     0.437461562859E-005     0.400000000000E+001    -0.160507747744E-012    -0.131064522322E+004     0.622683605814E-002
     0.563709231599E-005     0.400000000000E+001    -0.150721423081E-012    -0.123073381799E+004     0.778060881174E-002
     0.697531753239E-005     0.400000000000E+001    -0.140984167824E-012    -0.115122309488E+004     0.932120458701E-002
     0.839383618521E-005     0.400000000000E+001    -0.131393276971E-012    -0.107290752781E+004     0.108431439279E-001
     0.989746587602E-005     0.400000000000E+001    -0.122057788801E-012    -0.996677481912E+003     0.123417777819E-001
     0.114913132622E-004     0.400000000000E+001    -0.113094140103E-012    -0.923483735736E+003     0.138136699203E-001
     0.131807914004E-004     0.400000000000E+001    -0.104618973870E-012    -0.854278751579E+003     0.152569551951E-001
     0.149716381303E-004     0.400000000000E+001    -0.967391554187E-013    -0.789935150984E+003     0.166716079770E-001
     0.168699355614E-004     0.400000000000E+001    -0.895400098136E-013    -0.731149665977E+003     0.180595475097E-001
     0.188821307298E-004     0.400000000000E+001    -0.830739713835E-013    -0.678350455342E+003     0.194245210184E-001
     0.210150574931E-004     0.400000000000E+001    -0.773526967860E-013    -0.631632702913E+003     0.207717473150E-001
     0.232759597402E-004     0.400000000000E+001    -0.723455164456E-013    -0.590745972602E+003     0.221073662119E-001
     0.256725159928E-004     0.400000000000E+001    -0.679854997811E-013    -0.555143734736E+003     0.234377994005E-001
     0.282128654833E-004     0.400000000000E+001    -0.641818698226E-013    -0.524084739104E+003     0.247691578005E-001
     0.309056357980E-004     0.400000000000E+001    -0.608352913835E-013    -0.496757852353E+003     0.261068125989E-001
     0.337599721774E-004     0.400000000000E+001    -0.578518640664E-013    -0.472396319549E+003     0.274551905993E-001
     0.367855685763E-004     0.400000000000E+001    -0.551526953076E-013    -0.450355934021E+003     0.288177858915E-001
     0.399927005860E-004     0.400000000000E+001    -0.526779159171E-013    -0.430147826735E+003     0.301973267555E-001
     0.433922603327E-004     0.400000000000E+001    -0.503858599855E-013    -0.411431769720E+003     0.315960136383E-001
     0.469957934698E-004     0.400000000000E+001    -0.482492049630E-013    -0.393984657426E+003     0.330157504069E-001
     0.508155383889E-004     0.400000000000E+001    -0.462500644315E-013    -0.377660436166E+003     0.344583169390E-001
     0.548644677845E-004     0.400000000000E+001    -0.443755977839E-013    -0.362354254425E+003     0.359254637314E-001
     0.591563327122E-004     0.400000000000E+001    -0.426149922777E-013    -0.347977819461E+003     0.374189375304E-001
     0.637057092900E-004     0.400000000000E+001    -0.409579796200E-013    -0.334447284298E+003     0.389404641721E-001
     0.685280482021E-004     0.400000000000E+001    -0.393945605050E-013    -0.321680998411E+003     0.404917189680E-001
     0.736397271730E-004     0.400000000000E+001    -0.379153935476E-013    -0.309602683599E+003     0.420743084951E-001
     0.790581065897E-004     0.400000000000E+001    -0.365123246543E-013    -0.298145756636E+003     0.436897753260E-001
     0.848015884613E-004     0.400000000000E+001    -0.351786979280E-013    -0.287255867998E+003     0.453396241964E-001
     0.908896789166E-004     0.400000000000E+001    -0.339093019231E-013    -0.276890463003E+003     0.470253583814E-001
     0.973430544509E-004     0.400000000000E+001    -0.326999916033E-013    -0.267015694861E+003     0.487485109338E-001
     0.104183632148E-003     0.400000000000E+001    -0.315471450373E-013    -0.257601988257E+003     0.505106573494E-001
     0.111434644115E-003     0.400000000000E+001    -0.304471513817E-013    -0.248619858419E+003     0.523134029182E-001
     0.119120716386E-003     0.400000000000E+001    -0.293960919724E-013    -0.240037307025E+003     0.541583470076E-001
     0.127267952553E-003     0.400000000000E+001    -0.283896944969E-013    -0.231819447997E+003     0.560470347985E-001
     0.135904022424E-003     0.400000000000E+001    -0.274235446111E-013    -0.223930235478E+003     0.579809119583E-001
     0.145058255993E-003     0.400000000000E+001    -0.264934614896E-013    -0.216335530441E+003     0.599612979332E-001
     0.154761743052E-003     0.400000000000E+001    -0.255959042448E-013    -0.209006419342E+003     0.619893890186E-001
     0.165047438780E-003     0.400000000000E+001    -0.247282804715E-013    -0.201921733586E+003     0.640662945311E-001
     0.175950275662E-003     0.400000000000E+001    -0.238890685726E-013    -0.195069048392E+003     0.661931005465E-001
     0.187507282134E-003     0.400000000000E+001    -0.230777258531E-013    -0.188443932317E+003     0.683709482919E-001
     0.199757708333E-003     0.400000000000E+001    -0.222944157487E-013    -0.182047719916E+003     0.706011104494E-001
     0.212743159403E-003     0.400000000000E+001    -0.215396331210E-013    -0.175884452039E+003     0.728850493953E-001
     0.226507736794E-003     0.400000000000E+001    -0.208138252823E-013    -0.169957781270E+003     0.752244464288E-001
     0.241098188040E-003     0.400000000000E+001    -0.201170958870E-013    -0.164268554011E+003     0.776211987574E-001
     0.256564065527E-003     0.400000000000E+001    -0.194490455239E-013    -0.158813508821E+003     0.800773890281E-001
     0.272957894778E-003     0.400000000000E+001    -0.188087595725E-013    -0.153585177257E+003     0.825952381995E-001
     0.290335352846E-003     0.400000000000E+001    -0.181949148351E-013    -0.148572754592E+003     0.851770550125E-001
     0.308755457403E-003     0.400000000000E+001    -0.176059521208E-013    -0.143763509063E+003     0.878251938810E-001
     0.328280767180E-003     0.400000000000E+001    -0.170402557767E-013    -0.139144247864E+003     0.905420284242E-001
     0.348977594427E-003     0.400000000000E+001    -0.164962824765E-013    -0.134702368781E+003     0.933299400806E-001
     0.370916230124E-003     0.400000000000E+001    -0.159743779324E-013    -0.130440694766E+003     0.961916309631E-001
     0.394171182707E-003     0.400000000000E+001    -0.154722846309E-013    -0.126340791824E+003     0.991296800863E-001
     0.418821431115E-003     0.400000000000E+001    -0.149885120094E-013    -0.122390488587E+003     0.102146636033E+000
     0.444950693017E-003     0.400000000000E+001    -0.145221608309E-013    -0.118582442228E+003     0.105245107723E+000
     0.472647709137E-003     0.400000000000E+001    -0.140724660669E-013    -0.114910405814E+003     0.108427783085E+000
     0.502006544641E-003     0.400000000000E+001    -0.136387167308E-013    -0.111368573701E+003     0.111697434720E+000
     0.533126908594E-003     0.400000000000E+001    -0.132202259877E-013    -0.107951337454E+003     0.115056919631E+000
     0.566114492604E-003     0.400000000000E+001    -0.128163218452E-013    -0.104653209841E+003     0.118509176183E+000
     0.601081329767E-003     0.400000000000E+001    -0.124263487222E-013    -0.101468837634E+003     0.122057220505E+000
     0.638146175159E-003     0.400000000000E+001    -0.120496733251E-013    -0.983930495996E+002     0.125704143676E+000
     0.677434909153E-003     0.400000000000E+001    -0.116856906122E-013    -0.954209051973E+002     0.129453110238E+000
     0.719080964939E-003     0.400000000000E+001    -0.113338278308E-013    -0.925477275463E+002     0.133307358063E+000
     0.763225781689E-003     0.400000000000E+001    -0.109935462353E-013    -0.897691174546E+002     0.137270199302E+000
     0.810019284919E-003     0.400000000000E+001    -0.106643409698E-013    -0.870809524607E+002     0.141345022133E+000
     0.859620395664E-003     0.400000000000E+001    -0.103457398599E-013    -0.844793769689E+002     0.145535293065E+000
     0.912197570216E-003     0.400000000000E+001    -0.100373017503E-013    -0.819607886725E+002     0.149844559758E+000
     0.967929372233E-003     0.400000000000E+001    -0.973861475916E-014    -0.795218243002E+002     0.154276454326E+000
     0.102700507918E-002     0.400000000000E+001    -0.944929455332E-014    -0.771593455345E+002     0.158834697211E+000
     0.108962532517E-002     0.400000000000E+001    -0.916898257393E-014    -0.748704245201E+002     0.163523101611E+000
     0.115600278233E-002     0.400000000000E+001    -0.889734405438E-014    -0.726523276799E+002     0.168345578380E+000
     0.122636288312E-002     0.400000000000E+001    -0.863406518565E-014    -0.705024925689E+002     0.173306140863E+000
     0.130094458593E-002     0.400000000000E+001    -0.837884730063E-014    -0.684184803852E+002     0.178408907634E+000
     0.138000118665E-002     0.400000000000E+001    -0.813177857544E-014    -0.664010111413E+002     0.183658345859E+000
     0.146380117888E-002     0.400000000000E+001    -0.789244957328E-014    -0.644467415322E+002     0.189058982299E+000
     0.155262916586E-002     0.400000000000E+001    -0.766039232331E-014    -0.625518502857E+002     0.194615337241E+000
     0.164678682697E-002     0.400000000000E+001    -0.743536045997E-014    -0.607143256745E+002     0.200332056142E+000
     0.174659394236E-002     0.400000000000E+001    -0.721712737622E-014    -0.589323173117E+002     0.206213920736E+000
     0.185238947896E-002     0.400000000000E+001    -0.700547549032E-014    -0.572040485077E+002     0.212265853744E+000
     0.196453274170E-002     0.400000000000E+001    -0.680019491679E-014    -0.555278054173E+002     0.218492923016E+000
     0.208340459379E-002     0.400000000000E+001    -0.660108276677E-014    -0.539019313272E+002     0.224900345425E+000
     0.220940875020E-002     0.400000000000E+001    -0.640794205901E-014    -0.523248177635E+002     0.231493489946E+000
     0.234297314879E-002     0.400000000000E+001    -0.622058049339E-014    -0.507948944767E+002     0.238277879479E+000
     0.248455140365E-002     0.400000000000E+001    -0.603880301143E-014    -0.493105686932E+002     0.245259183740E+000
     0.263462434571E-002     0.400000000000E+001    -0.586242413102E-014    -0.478703258368E+002     0.252443224376E+000
     0.279370165569E-002     0.400000000000E+001    -0.569126439115E-014    -0.464727004971E+002     0.259835976559E+000
     0.296232359518E-002     0.400000000000E+001    -0.552511817928E-014    -0.451160137203E+002     0.267443526294E+000
     0.314106284138E-002     0.400000000000E+001    -0.536401794090E-014    -0.438005304439E+002     0.275272400089E+000
     0.333052643213E-002     0.400000000000E+001    -0.520690767620E-014    -0.425176277750E+002     0.283327942517E+000
     0.353135782749E-002     0.400000000000E+001    -0.505432497010E-014    -0.412716954277E+002     0.291616594699E+000
     0.374423909507E-002     0.400000000000E+001    -0.490563316894E-014    -0.400575347304E+002     0.300144093468E+000
     0.396989322653E-002     0.400000000000E+001    -0.476035440770E-014    -0.388712436191E+002     0.308915550186E+000
     0.420908659296E-002     0.400000000000E+001    -0.461796626239E-014    -0.377085561781E+002     0.317935186681E+000
     0.446263154769E-002     0.400000000000E+001    -0.447772892118E-014    -0.365634313852E+002     0.327205660237E+000
     0.473138918520E-002     0.400000000000E+001    -0.433877758243E-014    -0.354288075994E+002     0.336727422867E+000
     0.501627226558E-002     0.400000000000E+001    -0.420001989922E-014    -0.342957651312E+002     0.346497706082E+000
     0.531824831448E-002     0.400000000000E+001    -0.406046765596E-014    -0.331562345877E+002     0.356510094799E+000
     0.563834290904E-002     0.400000000000E+001    -0.391831109806E-014    -0.319954382014E+002     0.366751661618E+000
     0.597764316095E-002     0.400000000000E+001    -0.377182165209E-014    -0.307992610989E+002     0.377201858667E+000
     0.633730140856E-002     0.400000000000E+001    -0.361910555913E-014    -0.295522395653E+002     0.387830565362E+000
     0.671853913045E-002     0.400000000000E+001    -0.345819882734E-014    -0.282383363901E+002     0.398596084398E+000
     0.712265109384E-002     0.400000000000E+001    -0.328719152141E-014    -0.268419557680E+002     0.409443239844E+000
     0.755100975191E-002     0.400000000000E+001    -0.310545478511E-014    -0.253579626980E+002     0.420305542717E+000
     0.800506990496E-002     0.400000000000E+001    -0.290703202226E-014    -0.237377178815E+002     0.431083894531E+000
     0.848637364120E-002     0.400000000000E+001    -0.269382871941E-014    -0.219967807966E+002     0.441671027314E+000
     0.899655557408E-002     0.400000000000E+001    -0.246426489913E-014    -0.201222499487E+002     0.451937035686E+000
     0.953734839373E-002     0.400000000000E+001    -0.221803264885E-014    -0.181116110408E+002     0.461731664890E+000
     0.101105887516E-001     0.400000000000E+001    -0.195655735254E-014    -0.159765032163E+002     0.470890041311E+000
     0.107182234982E-001     0.400000000000E+001    -0.168532602131E-014    -0.137617313211E+002     0.479252147435E+000
     0.113623162948E-001     0.400000000000E+001    -0.141162044661E-014    -0.115267556947E+002     0.486676447746E+000
     0.120450546223E-001     0.400000000000E+001    -0.114668444065E-014    -0.936338903144E+001     0.493069192313E+000
     0.127687572104E-001     0.400000000000E+001    -0.905423196005E-015    -0.739334146495E+001     0.498419772666E+000
     0.135358819124E-001     0.400000000000E+001    -0.702321152378E-015    -0.573488742115E+001     0.502819146470E+000
     0.143490340526E-001     0.400000000000E+001    -0.544737572085E-015    -0.444811983720E+001     0.506436144636E+000
     0.152109752747E-001     0.400000000000E+001    -0.435616028231E-015    -0.355707481156E+001     0.509502134046E+000
     0.161246329208E-001     0.400000000000E+001    -0.366281741027E-015    -0.299091739171E+001     0.512234808590E+000
     0.170931099734E-001     0.400000000000E+001    -0.326234986813E-015    -0.266391082752E+001     0.514814745096E+000
     0.181196955938E-001     0.400000000000E+001    -0.308274656452E-015    -0.251725360052E+001     0.517398921445E+000
     0.192078762926E-001     0.400000000000E+001    -0.304780517812E-015    -0.248872179329E+001     0.520107100465E+000
     0.203613477710E-001     0.400000000000E+001    -0.310803769823E-015    -0.253790537843E+001     0.523034501935E+000
     0.215840274722E-001     0.400000000000E+001    -0.322397582930E-015    -0.263257604686E+001     0.526253299229E+000
     0.228800678855E-001     0.400000000000E+001    -0.337147756501E-015    -0.275302035441E+001     0.529821324867E+000
     0.242538706494E-001     0.400000000000E+001    -0.352520883832E-015    -0.287855146543E+001     0.533775886826E+000
     0.257101015006E-001     0.400000000000E+001    -0.366962183238E-015    -0.299647362401E+001     0.538139444162E+000
     0.272537061195E-001     0.400000000000E+001    -0.379627386878E-015    -0.309989286007E+001     0.542924453099E+000
     0.288899269272E-001     0.400000000000E+001    -0.390070193174E-015    -0.318516484463E+001     0.548136086094E+000
     0.306243208897E-001     0.400000000000E+001    -0.398793627472E-015    -0.325639709139E+001     0.553783961549E+000
     0.324627783907E-001     0.400000000000E+001    -0.406464767424E-015    -0.331903670272E+001     0.559885869471E+000
     0.344115432366E-001     0.400000000000E+001    -0.413927111623E-015    -0.337997136735E+001     0.566472638852E+000
     0.364772338618E-001     0.400000000000E+001    -0.420663491821E-015    -0.343497808604E+001     0.573568240882E+000
     0.386668658063E-001     0.400000000000E+001    -0.427214257150E-015    -0.348846914431E+001     0.581206704357E+000
     0.409878755421E-001     0.400000000000E+001    -0.431784056441E-015    -0.352578438732E+001     0.589390084247E+000
     0.434481457293E-001     0.400000000000E+001    -0.434189208571E-015    -0.354542394487E+001     0.598112785079E+000
     0.460560319869E-001     0.400000000000E+001    -0.434398608034E-015    -0.354713382125E+001     0.607363306626E+000
     0.488203912708E-001     0.400000000000E+001    -0.432414731002E-015    -0.353093423592E+001     0.617124077462E+000
     0.517506119535E-001     0.400000000000E+001    -0.425420498075E-015    -0.347382198991E+001     0.627303142504E+000
     0.548566457095E-001     0.400000000000E+001    -0.414882836157E-015    -0.338777545041E+001     0.637825687411E+000
     0.581490413132E-001     0.400000000000E+001    -0.400659517059E-015    -0.327163323611E+001     0.648597198295E+000
     0.616389804647E-001     0.400000000000E+001    -0.383219582770E-015    -0.312922536553E+001     0.659518004411E+000
     0.653383157655E-001     0.400000000000E+001    -0.363751353676E-015    -0.297025521097E+001     0.670505974366E+000
     0.692596109728E-001     0.400000000000E+001    -0.344389003216E-015    -0.281214962107E+001     0.681533243197E+000
     0.734161836681E-001     0.400000000000E+001    -0.327607737700E-015    -0.267512018917E+001     0.692652574732E+000
     0.778221504872E-001     0.400000000000E+001    -0.317130578167E-015    -0.258956768913E+001     0.704062124046E+000
     0.824924750635E-001     0.400000000000E+001    -0.313972720429E-015    -0.256378182385E+001     0.716035817306E+000
     0.874430188470E-001     0.400000000000E+001    -0.316379774868E-015    -0.258343691494E+001     0.728825234866E+000
     0.926905949743E-001     0.400000000000E+001    -0.321809889509E-015    -0.262777716590E+001     0.742614695589E+000
     0.982530253690E-001     0.400000000000E+001    -0.327968549678E-015    -0.267806644255E+001     0.757511253768E+000
     0.104149201269E+000     0.400000000000E+001    -0.333732739455E-015    -0.272513462402E+001     0.773579126863E+000
     0.110399147386E+000     0.400000000000E+001    -0.337607739091E-015    -0.275677639730E+001     0.790808830802E+000
     0.117024089912E+000     0.400000000000E+001    -0.337926214531E-015    -0.275937694661E+001     0.809089544481E+000
     0.124046528610E+000     0.400000000000E+001    -0.334880491909E-015    -0.273450673404E+001     0.828292450391E+000
     0.131490313229E+000     0.400000000000E+001    -0.328799992476E-015    -0.268485568823E+001     0.848277937867E+000
     0.139380724499E+000     0.400000000000E+001    -0.320072604574E-015    -0.261359115785E+001     0.868900246993E+000
     0.147744559993E+000     0.400000000000E+001    -0.308470426861E-015    -0.251885218722E+001     0.889967512322E+000
     0.156610225139E+000     0.400000000000E+001    -0.294898670370E-015    -0.240803038537E+001     0.911316303379E+000
     0.166007829686E+000     0.400000000000E+001    -0.281305465327E-015    -0.229703344281E+001     0.932902915306E+000
     0.175969289968E+000     0.400000000000E+001    -0.273667101966E-015    -0.223466147265E+001     0.955163406810E+000
     0.185969289968E+000     0.400000000000E+001    -0.275182762364E-015    -0.224703777902E+001     0.977633784600E+000
     0.195969289968E+000     0.400000000000E+001    -0.281098165154E-015    -0.229534070844E+001     0.100058719168E+001
     0.205969289968E+000     0.400000000000E+001    -0.284389763134E-015    -0.232221864567E+001     0.102380937814E+001
     0.215969289968E+000     0.400000000000E+001    -0.283812376619E-015    -0.231750392698E+001     0.104698441741E+001
     0.225969289968E+000     0.400000000000E+001    -0.280096250694E-015    -0.228715945601E+001     0.106985601197E+001
     0.235969289968E+000     0.400000000000E+001    -0.274977360060E-015    -0.224536054192E+001     0.109230961739E+001
     0.245969289968E+000     0.400000000000E+001    -0.270573002264E-015    -0.220939623124E+001     0.111440357970E+001
     0.255969289968E+000     0.400000000000E+001    -0.268355488342E-015    -0.219128885593E+001     0.113631646826E+001
     0.265969289968E+000     0.400000000000E+001    -0.268914926214E-015    -0.219585701283E+001     0.115827503839E+001
     0.275969289968E+000     0.400000000000E+001    -0.270462463045E-015    -0.220849361002E+001     0.118035997449E+001
     0.285969289968E+000     0.400000000000E+001    -0.272611785489E-015    -0.222604415966E+001     0.120262041609E+001
     0.295969289968E+000     0.400000000000E+001    -0.273367297364E-015    -0.223221338230E+001     0.122494254991E+001
     0.305969289968E+000     0.400000000000E+001    -0.271931694604E-015    -0.222049079615E+001     0.124714745787E+001
     0.315969289968E+000     0.400000000000E+001    -0.268725477319E-015    -0.219431004520E+001     0.126909055832E+001
     0.325969289968E+000     0.400000000000E+001    -0.264353269289E-015    -0.215860825728E+001     0.129067664090E+001
     0.335969289968E+000     0.400000000000E+001    -0.260584040677E-015    -0.212783016996E+001     0.131195494260E+001
     0.345969289968E+000     0.400000000000E+001    -0.258522700655E-015    -0.211099805131E+001     0.133306492311E+001
     0.355969289968E+000     0.400000000000E+001    -0.258572667229E-015    -0.211140605936E+001     0.135417898370E+001
     0.365969289968E+000     0.400000000000E+001    -0.259602189159E-015    -0.211981274389E+001     0.137537711114E+001
     0.375969289968E+000     0.400000000000E+001    -0.260314505106E-015    -0.212562924500E+001     0.139663340359E+001
     0.385969289968E+000     0.400000000000E+001    -0.260484594305E-015    -0.212701812870E+001     0.141790358488E+001
     0.395969289968E+000     0.400000000000E+001    -0.259251520120E-015    -0.211694931388E+001     0.143907307802E+001
     0.405969289968E+000     0.400000000000E+001    -0.257515692770E-015    -0.210277520792E+001     0.146010083010E+001
     0.415969289968E+000     0.400000000000E+001    -0.255233981007E-015    -0.208414361745E+001     0.148094226627E+001
     0.425969289968E+000     0.400000000000E+001    -0.252511728716E-015    -0.206191474058E+001     0.150156141368E+001
     0.435969289968E+000     0.400000000000E+001    -0.249671708039E-015    -0.203872421186E+001     0.152194865579E+001
     0.445969289968E+000     0.400000000000E+001    -0.247206583984E-015    -0.201859494636E+001     0.154213460526E+001
     0.455969289968E+000     0.400000000000E+001    -0.245900805098E-015    -0.200793245260E+001     0.156221392978E+001
     0.465969289968E+000     0.400000000000E+001    -0.246357009030E-015    -0.201165764040E+001     0.158233050619E+001
     0.475969289968E+000     0.400000000000E+001    -0.247178764067E-015    -0.201836777950E+001     0.160251418398E+001
     0.485969289968E+000     0.400000000000E+001    -0.249094588509E-015    -0.203401167327E+001     0.162285430072E+001
     0.495969289968E+000     0.400000000000E+001    -0.250245139376E-015    -0.204340663406E+001     0.164328836706E+001
     0.505969289968E+000     0.400000000000E+001    -0.251604745320E-015    -0.205450865911E+001     0.166383345365E+001
     0.515969289968E+000     0.400000000000E+001    -0.252049896856E-015    -0.205814359726E+001     0.168441488962E+001
     0.525969289968E+000     0.400000000000E+001    -0.251294045753E-015    -0.205197160462E+001     0.170493460567E+001
     0.535969289968E+000     0.400000000000E+001    -0.249879157969E-015    -0.204041816908E+001     0.172533878736E+001
     0.545969289968E+000     0.400000000000E+001    -0.247668545466E-015    -0.202236714814E+001     0.174556245884E+001
     0.555969289968E+000     0.400000000000E+001    -0.245061197205E-015    -0.200107653387E+001     0.176557322418E+001
     0.565969289968E+000     0.400000000000E+001    -0.242356960440E-015    -0.197899476493E+001     0.178536317183E+001
     0.575969289968E+000     0.400000000000E+001    -0.239891252785E-015    -0.195886073398E+001     0.180495177917E+001
     0.585969289968E+000     0.400000000000E+001    -0.237978933491E-015    -0.194324546193E+001     0.182438423379E+001
     0.595969289968E+000     0.400000000000E+001    -0.236914931617E-015    -0.193455722730E+001     0.184372980606E+001
     0.605969289968E+000     0.400000000000E+001    -0.236990195833E-015    -0.193517180625E+001     0.186308152412E+001
     0.615969289968E+000     0.400000000000E+001    -0.237735694346E-015    -0.194125926358E+001     0.188249411676E+001
     0.625969289968E+000     0.400000000000E+001    -0.239077482903E-015    -0.195221579862E+001     0.190201627474E+001
     0.635969289968E+000     0.400000000000E+001    -0.240517020621E-015    -0.196397051614E+001     0.192165597990E+001
     0.645969289968E+000     0.400000000000E+001    -0.241819214174E-015    -0.197460373344E+001     0.194140201724E+001
     0.655969289968E+000     0.400000000000E+001    -0.242849264269E-015    -0.198301473077E+001     0.196123216455E+001
     0.665969289968E+000     0.400000000000E+001    -0.243521912451E-015    -0.198850732000E+001     0.198111723775E+001
     0.675969289968E+000     0.400000000000E+001    -0.243578431292E-015    -0.198896883135E+001     0.200100692606E+001
     0.685969289968E+000     0.400000000000E+001    -0.243546232176E-015    -0.198870590562E+001     0.202089398512E+001
     0.695969289968E+000     0.400000000000E+001    -0.243377237760E-015    -0.198732596149E+001     0.204076724473E+001
     0.705969289968E+000     0.400000000000E+001    -0.242442291873E-015    -0.197969154895E+001     0.206056416022E+001
     0.715969289968E+000     0.400000000000E+001    -0.241393613856E-015    -0.197112844311E+001     0.208027544465E+001
     0.725969289968E+000     0.400000000000E+001    -0.240154310014E-015    -0.196100875927E+001     0.209988553224E+001
     0.735969289968E+000     0.400000000000E+001    -0.238790348634E-015    -0.194987116938E+001     0.211938424394E+001
     0.745969289968E+000     0.400000000000E+001    -0.237897575444E-015    -0.194258112306E+001     0.213881005517E+001
     0.755969289968E+000     0.400000000000E+001    -0.237179709943E-015    -0.193671930640E+001     0.215817724823E+001
