 #        time                      h  [L]            Darcian flow [L.T^{-1}]   in    x         z              directions   cumulative flux
 #-----------------------------------------------------------------------------------------------

     0.100000000000E-005    -0.280000000000E+003     0.252673975643E-013     0.158470301408E-013     0.298256558009E-019
     0.205999994278E-005    -0.280000000000E+003     0.252673975643E-013     0.158470301408E-013     0.614408492433E-019
     0.318359982147E-005    -0.280000000000E+003     0.252673975643E-013     0.158470301408E-013     0.949529524832E-019
     0.437461562859E-005    -0.280000000000E+003     0.126336987822E-013    -0.811126952166E-014     0.112834183259E-018
     0.563709231599E-005    -0.280000000000E+003     0.126336987822E-013    -0.241460541137E-013     0.147238520886E-018
     0.697531753239E-005    -0.280000000000E+003     0.126336987822E-013    -0.241460541137E-013     0.183707116803E-018
     0.839383618521E-005    -0.280000000000E+003     0.252673975643E-013    -0.187754451258E-015     0.219550381064E-018
     0.989746587602E-005    -0.280000000000E+003     0.379010963465E-013    -0.829902397292E-014     0.277889796677E-018
     0.114913132622E-004    -0.280000000000E+003     0.379010963465E-013    -0.829902397292E-014     0.339729573888E-018
     0.131807914004E-004    -0.280000000000E+003     0.379010963465E-013     0.773576061915E-014     0.405082796472E-018
     0.149716381303E-004    -0.280000000000E+003     0.252673975643E-013     0.158470301408E-013     0.458495974628E-018
     0.168699355614E-004    -0.280000000000E+003     0.252673975643E-013     0.158470301408E-013     0.515113940417E-018
     0.188821307298E-004    -0.280000000000E+003     0.505347951286E-013    -0.375508902515E-015     0.616802618279E-018
     0.210150574931E-004    -0.280000000000E+003     0.379010963465E-013     0.237705452112E-013     0.712226527517E-018
     0.232759597402E-004    -0.280000000000E+003     0.379010963465E-013     0.398053298033E-013     0.836493032807E-018
     0.256725159928E-004    -0.280000000000E+003     0.379010963465E-013     0.398053298033E-013     0.968215521304E-018
     0.282128654833E-004    -0.280000000000E+003     0.379010963465E-013     0.558401143953E-013     0.113965827645E-017
     0.309056357980E-004    -0.280000000000E+003     0.379010963465E-013     0.558401143953E-013     0.132138758710E-017
     0.337599721774E-004    -0.280000000000E+003     0.505347951286E-013     0.797984140578E-013     0.159099098919E-017
     0.367855685763E-004    -0.280000000000E+003     0.631684939108E-013     0.716871445362E-013     0.188007885329E-017
     0.399927005860E-004    -0.280000000000E+003     0.505347951286E-013     0.477288448737E-013     0.210301047613E-017
     0.433922603327E-004    -0.280000000000E+003     0.505347951286E-013     0.477288448737E-013     0.233931798359E-017
     0.469957934698E-004    -0.280000000000E+003     0.505347951286E-013     0.477288448737E-013     0.258980392797E-017
     0.508155383889E-004    -0.280000000000E+003     0.631684939108E-013     0.556523599441E-013     0.291137663061E-017
     0.548644677845E-004    -0.280000000000E+003     0.631684939108E-013     0.556523599441E-013     0.325224367702E-017
     0.591563327122E-004    -0.280000000000E+003     0.631684939108E-013     0.716871445362E-013     0.366232020455E-017
     0.637057092900E-004    -0.280000000000E+003     0.505347951286E-013     0.637636294658E-013     0.403246073617E-017
     0.685280482021E-004    -0.280000000000E+003     0.505347951286E-013     0.637636294658E-013     0.442480967851E-017
     0.736397271730E-004    -0.280000000000E+003     0.631684939108E-013     0.556523599441E-013     0.485514637810E-017
     0.790581065897E-004    -0.280000000000E+003     0.631684939108E-013     0.716871445362E-013     0.537285843416E-017
     0.848015884613E-004    -0.280000000000E+003     0.631684939108E-013     0.716871445362E-013     0.592163318396E-017
     0.908896789166E-004    -0.280000000000E+003     0.631684939108E-013     0.716871445362E-013     0.650333438735E-017
     0.973430544509E-004    -0.280000000000E+003     0.505347951286E-013     0.797984140578E-013     0.711288132496E-017
     0.104183632148E-003    -0.280000000000E+003     0.505347951286E-013     0.637636294658E-013     0.766943561808E-017
     0.111434644115E-003    -0.280000000000E+003     0.379010963465E-013     0.718748989874E-013     0.825862191331E-017
     0.119120716386E-003    -0.280000000000E+003     0.505347951286E-013     0.797984140578E-013     0.898460195119E-017
     0.127267952553E-003    -0.280000000000E+003     0.505347951286E-013     0.958331986499E-013     0.986728148432E-017
     0.135904022424E-003    -0.280000000000E+003     0.126336987822E-013     0.720626534387E-013     0.104991111565E-016
     0.145058255993E-003    -0.280000000000E+003     0.252673975643E-013     0.799861685091E-013     0.112669886835E-016
     0.154761743052E-003    -0.280000000000E+003     0.379010963465E-013     0.718748989874E-013     0.120554526409E-016
     0.165047438780E-003    -0.280000000000E+003     0.379010963465E-013     0.558401143953E-013     0.127496122519E-016
     0.175950275662E-003    -0.280000000000E+003     0.252673975643E-013     0.479165993249E-013     0.133402242565E-016
     0.187507282134E-003    -0.280000000000E+003     0.379010963465E-013     0.398053298033E-013     0.139754347384E-016
     0.199757708333E-003    -0.280000000000E+003     0.379010963465E-013     0.398053298033E-013     0.146487578128E-016
     0.212743159403E-003    -0.280000000000E+003     0.505347951286E-013     0.316940602816E-013     0.154233570009E-016
     0.226507736794E-003    -0.280000000000E+003     0.631684939108E-013     0.396175753520E-013     0.164497008697E-016
     0.241098188040E-003    -0.280000000000E+003     0.505347951286E-013     0.156592756896E-013     0.172216141271E-016
     0.256564065527E-003    -0.280000000000E+003     0.252673975643E-013    -0.187754451257E-015     0.176124073906E-016
     0.272957894778E-003    -0.280000000000E+003     0.252673975643E-013     0.158470301408E-013     0.181013640991E-016
     0.290335352846E-003    -0.280000000000E+003     0.196369476257E-029     0.160347845921E-013     0.183800078960E-016
     0.308755457403E-003    -0.280000000000E+003    -0.126336987822E-013     0.811126952166E-014     0.186565568205E-016
     0.328280767180E-003    -0.280000000000E+003    -0.126336987822E-013     0.811126952166E-014     0.189496986646E-016
     0.348977594427E-003    -0.280000000000E+003    -0.126336987822E-013    -0.792351507040E-014     0.192583468874E-016
     0.370916230124E-003    -0.280000000000E+003    -0.392738952514E-029    -0.320695691841E-013     0.199619094827E-016
     0.394171182707E-003    -0.280000000000E+003    -0.392738952514E-029    -0.320695691841E-013     0.207076857935E-016
     0.418821431115E-003    -0.280000000000E+003    -0.392738952514E-029    -0.320695691841E-013     0.214982086402E-016
     0.444950693017E-003    -0.280000000000E+003    -0.126336987822E-013    -0.399930842545E-013     0.225940990202E-016
     0.472647709137E-003    -0.280000000000E+003    -0.392738952514E-029    -0.320695691841E-013     0.234823303949E-016
     0.502006544641E-003    -0.280000000000E+003    -0.252673975643E-013    -0.158470301408E-013     0.243579769173E-016
     0.533126908594E-003    -0.280000000000E+003    -0.252673975643E-013    -0.158470301408E-013     0.252861621810E-016
     0.566114492604E-003    -0.280000000000E+003    -0.252673975643E-013     0.187754451257E-015     0.261196955918E-016
     0.601081329767E-003    -0.280000000000E+003    -0.252673975643E-013     0.162225390433E-013     0.271696398177E-016
     0.638146175159E-003    -0.280000000000E+003    -0.126336987822E-013     0.811126952166E-014     0.277261102274E-016
     0.677434909153E-003    -0.280000000000E+003     0.126336987822E-013    -0.811126952166E-014     0.283159688298E-016
     0.719080964939E-003    -0.280000000000E+003     0.252673975643E-013    -0.162225390433E-013     0.295664689994E-016
     0.763225781689E-003    -0.280000000000E+003     0.126336987822E-013    -0.401808387058E-013     0.314258569313E-016
     0.810019284919E-003    -0.280000000000E+003    -0.392738952514E-029    -0.320695691841E-013     0.329265044205E-016
     0.859620395664E-003    -0.280000000000E+003     0.126336987822E-013    -0.811126952166E-014     0.336711871549E-016
     0.912197570216E-003    -0.280000000000E+003     0.000000000000E+000     0.000000000000E+000     0.336711871549E-016
     0.967929372233E-003    -0.280000000000E+003    -0.126336987822E-013    -0.239582996625E-013     0.351806966369E-016
     0.102700507918E-002    -0.280000000000E+003    -0.126336987822E-013    -0.399930842545E-013     0.376583976597E-016
     0.108962532517E-002    -0.280000000000E+003    -0.252673975643E-013    -0.318818147329E-013     0.402058116562E-016
     0.115600278233E-002    -0.280000000000E+003    -0.379010963465E-013    -0.237705452112E-013     0.431754384415E-016
     0.122636288312E-002    -0.280000000000E+003    -0.379010963465E-013    -0.558401143953E-013     0.479238911947E-016
     0.130094458593E-002    -0.280000000000E+003    -0.379010963465E-013    -0.398053298033E-013     0.520231429775E-016
     0.138000118665E-002    -0.280000000000E+003    -0.252673975643E-013    -0.479165993249E-013     0.563056776912E-016
     0.146380117888E-002    -0.280000000000E+003    -0.505347951286E-013    -0.156592756896E-013     0.607391474914E-016
     0.155262916586E-002    -0.280000000000E+003    -0.631684939108E-013    -0.754800616789E-014     0.663901931692E-016
     0.164678682697E-002    -0.280000000000E+003    -0.884358914751E-013    -0.554646054928E-013     0.762192921386E-016
     0.174659394236E-002    -0.280000000000E+003    -0.758021926929E-013    -0.475410904224E-013     0.851497301488E-016
     0.185238947896E-002    -0.280000000000E+003    -0.758021926929E-013    -0.956454441986E-013     0.980611309169E-016
     0.196453274170E-002    -0.280000000000E+003    -0.505347951286E-013    -0.958331986499E-013     0.110210841662E-015
     0.208340459379E-002    -0.280000000000E+003    -0.379010963465E-013    -0.879096835795E-013     0.121590675441E-015
     0.220940875020E-002    -0.280000000000E+003    -0.252673975643E-013    -0.479165993249E-013     0.128416382201E-015
     0.234297314879E-002    -0.280000000000E+003    -0.379010963465E-013    -0.398053298033E-013     0.135757513851E-015
     0.248455140365E-002    -0.280000000000E+003    -0.505347951286E-013    -0.316940602816E-013     0.144202842447E-015
     0.263462434571E-002    -0.280000000000E+003    -0.252673975643E-013    -0.318818147329E-013     0.150307863389E-015
     0.279370165569E-002    -0.280000000000E+003    -0.252673975643E-013    -0.318818147329E-013     0.156779185237E-015
     0.296232359518E-002    -0.280000000000E+003    -0.505347951286E-013     0.324450780866E-013     0.166905559029E-015
     0.314106284138E-002    -0.280000000000E+003    -0.379010963465E-013     0.403685931571E-013     0.176802802235E-015
     0.333052643213E-002    -0.280000000000E+003    -0.631684939108E-013     0.565911322004E-013     0.192871297348E-015
     0.353135782749E-002    -0.280000000000E+003    -0.113703289039E-012     0.886228732669E-014     0.215775744298E-015
     0.374423909507E-002    -0.280000000000E+003    -0.758021926929E-013     0.563263353772E-015     0.231913056659E-015
     0.396989322653E-002    -0.280000000000E+003    -0.126336987822E-012     0.169735568484E-013     0.260677662533E-015
     0.420908659296E-002    -0.280000000000E+003    -0.884358914751E-013     0.407441020596E-013     0.283968008878E-015
     0.446263154769E-002    -0.280000000000E+003    -0.631684939108E-013     0.848677842418E-014     0.300127962713E-015
     0.473138918520E-002    -0.280000000000E+003    -0.884358914751E-013    -0.233950363087E-013     0.324713388774E-015
     0.501627226558E-002    -0.280000000000E+003    -0.758021926929E-013     0.563263353772E-015     0.346308747100E-015
     0.531824831448E-002    -0.280000000000E+003     0.126336987822E-013    -0.241460541137E-013     0.354538036437E-015
     0.563834290904E-002    -0.280000000000E+003     0.505347951286E-013    -0.164102934946E-013     0.371545464576E-015
     0.597764316095E-002    -0.280000000000E+003    -0.252673975643E-013    -0.799861685091E-013     0.400006726392E-015
     0.633730140856E-002    -0.280000000000E+003    -0.117821685754E-028    -0.962087075524E-013     0.434608981555E-015
     0.671853913045E-002    -0.280000000000E+003    -0.126336987822E-013    -0.239582996625E-013     0.444934898451E-015
     0.712265109384E-002    -0.280000000000E+003     0.252673975643E-013     0.158470301408E-013     0.456987802777E-015
     0.755100975191E-002    -0.280000000000E+003     0.505347951286E-013     0.316940602816E-013     0.482539958566E-015
     0.800506990496E-002    -0.280000000000E+003     0.113703289039E-012     0.392420664495E-013     0.537156388711E-015
     0.848637364120E-002    -0.280000000000E+003     0.884358914751E-013     0.394298209008E-013     0.583759957760E-015
     0.899655557408E-002    -0.280000000019E+003    -0.520759800387E-008     0.221496111535E-008     0.288774157530E-011
     0.953734839373E-002    -0.280000000008E+003    -0.212131172874E-008     0.810310459764E-009     0.411577794108E-011
     0.101105887516E-001    -0.280000003677E+003    -0.988180614225E-006     0.412589320817E-006     0.617973199952E-009
     0.107182234982E-001    -0.280000001466E+003    -0.392592199798E-006     0.146231352253E-006     0.872536803078E-009
     0.113623162948E-001    -0.280000050586E+003    -0.136691928680E-004     0.558381809710E-005     0.103830169746E-007
     0.120450546223E-001    -0.280000019534E+003    -0.522787089663E-005     0.188758192406E-005     0.141778139078E-007
     0.127687572104E-001    -0.280000009946E+003    -0.245247347590E-005     0.790398953589E-006     0.160425746825E-007
     0.135358819124E-001    -0.280000006061E+003    -0.128938548540E-005     0.380267773487E-006     0.170738135771E-007
     0.143490340526E-001    -0.280000004334E+003    -0.776406761407E-006     0.221785762812E-006     0.177304037870E-007
     0.152109752747E-001    -0.280000003135E+003    -0.446962986582E-006     0.122014081095E-006     0.181297564638E-007
     0.161246329208E-001    -0.279999965304E+003     0.998382261720E-005    -0.386114565499E-005     0.279099552136E-007
     0.170931099734E-001    -0.279999989547E+003     0.319231145219E-005    -0.106402259136E-005     0.311688476107E-007
     0.181196955938E-001    -0.279999995863E+003     0.126693371572E-005    -0.369313331471E-006     0.325235958150E-007
     0.192078762926E-001    -0.279999998046E+003     0.565187912527E-006    -0.149234008905E-006     0.331597006508E-007
     0.203613477710E-001    -0.279999998964E+003     0.271444633796E-006    -0.682705651256E-007     0.334825553587E-007
     0.215840274722E-001    -0.279999999418E+003     0.136512080729E-006    -0.342114595178E-007     0.336546275875E-007
     0.228800678855E-001    -0.279999984321E+003     0.440923100066E-005    -0.156158103168E-005     0.397169739747E-007
     0.242538706494E-001    -0.279999995440E+003     0.123308107717E-005    -0.365704684638E-006     0.414839155205E-007
     0.257101015006E-001    -0.279999997784E+003     0.514507463641E-006    -0.140270782609E-006     0.422605028616E-007
     0.272537061195E-001    -0.279999997123E+003     0.695865918937E-006    -0.219031225482E-006     0.433865981956E-007
     0.288899269272E-001    -0.279999998817E+003     0.217369130776E-006    -0.583238082454E-007     0.437548424229E-007
     0.306243208897E-001    -0.279999999314E+003     0.871936959348E-007    -0.220871067560E-007     0.439108470951E-007
     0.324627783907E-001    -0.280000000373E+003    -0.201868806401E-006     0.687329722617E-007     0.443028967518E-007
     0.344115432366E-001    -0.279999999856E+003    -0.318996472654E-007     0.740475379152E-008     0.443667144975E-007
     0.364772338618E-001    -0.279999999809E+003    -0.185136748847E-008    -0.776421194156E-009     0.443708615439E-007
     0.386668658063E-001    -0.279999999829E+003     0.351045008100E-008    -0.149001283143E-008     0.443792118821E-007
     0.409878755421E-001    -0.279999999854E+003     0.408551078216E-008    -0.120218026373E-008     0.443890963962E-007
     0.434481457293E-001    -0.279999954484E+003     0.134253753206E-004    -0.408170399342E-005     0.789119570982E-007
     0.460560319869E-001    -0.279999985389E+003     0.410377799046E-005    -0.107979808668E-005     0.899784196324E-007
     0.488203912708E-001    -0.279999997786E+003     0.266618776972E-006    -0.861632600611E-008     0.907158344968E-007
     0.517506119535E-001    -0.279999996598E+003     0.951733939024E-007    -0.109828394514E-005     0.939461095635E-007
     0.548566457095E-001    -0.279999997855E+003     0.732694778773E-007    -0.115290172873E-006     0.943704015095E-007
     0.581490413132E-001    -0.279999998583E+003    -0.157733587416E-006     0.101858965763E-006     0.949885932452E-007
     0.616389804647E-001    -0.279999997701E+003     0.421235063051E-007     0.619869580916E-007     0.952501471943E-007
     0.653383157655E-001    -0.280000003072E+003    -0.161905344074E-005     0.555346832202E-006     0.101582112761E-006
     0.692596109728E-001    -0.279999998270E+003    -0.166430120589E-006     0.790470645402E-007     0.102304604602E-006
     0.734161836681E-001    -0.279999997799E+003     0.604681677091E-008     0.308653064364E-007     0.102435337314E-006
     0.778221504872E-001    -0.279999997801E+003     0.282235191099E-007     0.116856605070E-007     0.102569926561E-006
     0.824924750635E-001    -0.279999997900E+003     0.269638635155E-007     0.628878070690E-008     0.102699236261E-006
     0.874430188470E-001    -0.279999998038E+003     0.156431849356E-007     0.579292310581E-008     0.102781817978E-006
     0.926905949743E-001    -0.279999998110E+003     0.939750111377E-008    -0.176549860001E-007     0.102886771017E-006
     0.982530253690E-001    -0.279999996972E+003    -0.143958194828E-006    -0.814436916010E-006     0.107487245488E-006
     0.104149201269E+000    -0.279999997592E+003     0.151787588234E-006    -0.103410532968E-006     0.108570172703E-006
     0.110399147386E+000    -0.279999998286E+003     0.212430845792E-007    -0.731792754487E-008     0.108710597839E-006
     0.117024089912E+000    -0.279999998434E+003     0.119959371153E-007     0.103926967635E-008     0.108790367921E-006
     0.124046528610E+000    -0.279999998523E+003     0.939836018851E-008     0.882549641816E-009     0.108856657685E-006
     0.131490313229E+000    -0.279999998598E+003     0.788277113557E-008     0.887445719572E-009     0.108915706015E-006
     0.139380724499E+000    -0.280000001203E+003    -0.802425722831E-006     0.178218221669E-006     0.115401455015E-006
     0.147744559993E+000    -0.279999998231E+003     0.175716002996E-006    -0.413359556930E-007     0.116911232154E-006
     0.156610225139E+000    -0.279999998814E+003     0.334666177109E-007     0.395451333560E-007     0.117370524273E-006
     0.166007829686E+000    -0.279999998876E+003     0.160722631927E-007     0.228929411574E-007     0.117633389299E-006
     0.175969289968E+000    -0.279999998905E+003     0.466618086512E-008     0.173946368984E-008     0.117682995949E-006
     0.185969289968E+000    -0.279999998905E+003     0.366325847265E-007     0.218949780907E-007     0.118109767121E-006
     0.195969289968E+000    -0.279999998913E+003    -0.183681979143E-007    -0.486662524630E-007     0.118629939671E-006
     0.205969289968E+000    -0.279999999634E+003    -0.353296586197E-007     0.304501524574E-006     0.121695381943E-006
     0.215969289968E+000    -0.279999999548E+003    -0.210342494219E-007    -0.138788676097E-007     0.121947386430E-006
     0.225969289968E+000    -0.279999999742E+003    -0.170085339165E-007    -0.133387368718E-007     0.122163537333E-006
     0.235969289968E+000    -0.279999999857E+003    -0.310529999408E-007     0.423184118947E-008     0.122476937602E-006
     0.245969289968E+000    -0.279999999779E+003    -0.920783132590E-008     0.233953140234E-008     0.122571941583E-006
     0.255969289968E+000    -0.279999999740E+003    -0.539909961651E-008    -0.167820851622E-008     0.122628480650E-006
     0.265969289968E+000    -0.279999999703E+003    -0.126908031170E-008    -0.368190554104E-008     0.122667425474E-006
     0.275969289968E+000    -0.279999999658E+003    -0.203115260383E-007    -0.367369969432E-007     0.123087206969E-006
     0.285969289968E+000    -0.279999999692E+003     0.883283788162E-008     0.231428805766E-007     0.123334918888E-006
     0.295969289968E+000    -0.279999999720E+003    -0.182526879421E-007     0.259849299083E-008     0.123519286125E-006
     0.305969289968E+000    -0.279999999523E+003    -0.811083968836E-007    -0.166368353945E-006     0.125370150821E-006
     0.315969289968E+000    -0.279999996232E+003     0.108554572159E-005    -0.246035231291E-006     0.136500931785E-006
     0.325969289968E+000    -0.279999998026E+003     0.508340108214E-006    -0.105508739794E-006     0.141692672917E-006
     0.335969289968E+000    -0.279999999497E+003     0.331293231212E-007    -0.100539462874E-007     0.142038885841E-006
     0.345969289968E+000    -0.279999999623E+003     0.462119224917E-008    -0.576675196027E-009     0.142085456188E-006
     0.355969289968E+000    -0.279999999608E+003    -0.243713398859E-007    -0.547684752269E-007     0.142684918287E-006
     0.365969289968E+000    -0.279999999463E+003    -0.119241700724E-006    -0.243901004915E-006     0.145399808403E-006
     0.375969289968E+000    -0.279999999657E+003    -0.890962550428E-008    -0.980698136856E-008     0.145532306822E-006
     0.385969289968E+000    -0.279999999267E+003     0.108371299981E-006    -0.718962860558E-007     0.146832822666E-006
     0.395969289968E+000    -0.279999999735E+003    -0.524873333357E-008     0.620128750475E-007     0.147455168701E-006
     0.405969289968E+000    -0.279999999608E+003    -0.225949028634E-007    -0.635748386042E-007     0.148129875285E-006
     0.415969289968E+000    -0.280000014727E+003    -0.478308482740E-005     0.106951577625E-005     0.197141878367E-006
     0.425969289968E+000    -0.280000000930E+003    -0.312680910442E-006     0.346971067870E-007     0.200287879654E-006
     0.435969289968E+000    -0.280000000072E+003    -0.337467192643E-007     0.288802682028E-008     0.200626580372E-006
     0.445969289968E+000    -0.279999999941E+003    -0.637840077317E-008     0.639528508237E-009     0.200690684188E-006
     0.455969289968E+000    -0.279999999901E+003    -0.232484061719E-008     0.123946597735E-009     0.200713965611E-006
     0.465969289968E+000    -0.279999999761E+003     0.269084897965E-007    -0.318174334154E-007     0.201130668850E-006
     0.475969289968E+000    -0.279999999746E+003     0.555856216260E-008     0.284135741271E-008     0.201193095547E-006
     0.485969289968E+000    -0.279999999596E+003     0.870057569249E-008    -0.474662166530E-007     0.201675665930E-006
     0.495969289968E+000    -0.279999999617E+003     0.486138413094E-008     0.281086053934E-008     0.201731821066E-006
     0.505969289968E+000    -0.279999999470E+003     0.393459872991E-007    -0.142662981973E-007     0.202150346331E-006
     0.515969289968E+000    -0.279999999555E+003     0.922433094549E-008    -0.174219884594E-007     0.202347479272E-006
     0.525969289968E+000    -0.279999999582E+003     0.244083060913E-010    -0.672659713671E-008     0.202414745686E-006
     0.535969289968E+000    -0.279999999495E+003     0.351434758217E-007    -0.624148191796E-008     0.202771679852E-006
     0.545969289968E+000    -0.280000001627E+003    -0.642081698027E-006     0.142705675820E-006     0.209349170383E-006
     0.555969289968E+000    -0.279999999787E+003    -0.416802652363E-007     0.194784317740E-008     0.209766427930E-006
     0.565969289968E+000    -0.279999999657E+003     0.645923118595E-008    -0.758626193826E-009     0.209831464213E-006
     0.575969289968E+000    -0.280000000008E+003    -0.339623765119E-007     0.135292309191E-006     0.211226363921E-006
     0.585969289968E+000    -0.279999999605E+003     0.105339363714E-006    -0.275197303549E-007     0.212315111693E-006
     0.595969289968E+000    -0.280000003757E+003    -0.118776563627E-005     0.256541460559E-006     0.224466657799E-006
     0.605969289968E+000    -0.280000001126E+003    -0.330620257012E-006     0.501043426509E-007     0.227810610542E-006
     0.615969289968E+000    -0.279999999983E+003     0.456189597673E-007    -0.114203558631E-007     0.228280877915E-006
     0.625969289968E+000    -0.280000000093E+003    -0.100744904158E-008    -0.782235106633E-009     0.228293632700E-006
     0.635969289968E+000    -0.280000000048E+003    -0.105807227278E-009    -0.112579335511E-007     0.228406217007E-006
     0.645969289968E+000    -0.279999999579E+003     0.147261791738E-006    -0.311058029203E-007     0.229911328507E-006
     0.655969289968E+000    -0.279999999974E+003     0.584485440523E-009    -0.187022969987E-007     0.230098442787E-006
     0.665969289968E+000    -0.279999999863E+003     0.935742694992E-008    -0.670828256047E-007     0.230775765969E-006
     0.675969289968E+000    -0.280000014988E+003    -0.482921692172E-005     0.104899818132E-005     0.280194116064E-006
     0.685969289968E+000    -0.279999999346E+003    -0.130678837983E-005    -0.199543020641E-005     0.304046658022E-006
     0.695969289968E+000    -0.280000010708E+003    -0.356332815843E-005     0.648157784672E-006     0.340264631569E-006
     0.705969289968E+000    -0.280000003202E+003    -0.989410014099E-006     0.197360908633E-006     0.350353652851E-006
     0.715969289968E+000    -0.280000000385E+003    -0.721900412190E-007     0.110920570800E-007     0.351084025070E-006
     0.725969289968E+000    -0.280000000146E+003    -0.943152358177E-008     0.162592995294E-008     0.351179731540E-006
     0.735969289968E+000    -0.280000000103E+003     0.206840179739E-008     0.974836299098E-008     0.351279385375E-006
     0.745969289968E+000    -0.280000000041E+003    -0.147948445606E-007    -0.307741333978E-007     0.351620843236E-006
     0.755969289968E+000    -0.280000000074E+003     0.516137129880E-009     0.878245702380E-008     0.351708819340E-006
