 #        time                      h  [L]            Darcian flow [L.T^{-1}]   in    x         z              directions   cumulative flux
 #-----------------------------------------------------------------------------------------------

     0.100000000000E-005    -0.280000000000E+003    -0.505778066013E-014     0.324726929327E-014     0.601048276505E-020
     0.205999994278E-005    -0.280000000000E+003     0.000000000000E+000     0.000000000000E+000     0.601048276505E-020
     0.318359982147E-005    -0.280000000000E+003    -0.505778066013E-014     0.966664217824E-014     0.182688037931E-019
     0.437461562859E-005    -0.280000000000E+003     0.235843933683E-029     0.192581186549E-013     0.412055275266E-019
     0.563709231599E-005    -0.280000000000E+003     0.314458578245E-029     0.256774915399E-013     0.736227619865E-019
     0.697531753239E-005    -0.280000000000E+003     0.505778066013E-014     0.224302222466E-013     0.104393097213E-018
     0.839383618521E-005    -0.280000000000E+003     0.505778066013E-014     0.160108493616E-013     0.128211053670E-018
     0.989746587602E-005    -0.280000000000E+003     0.151733419804E-013     0.159356836601E-013     0.161296931793E-018
     0.114913132622E-004    -0.280000000000E+003     0.151733419804E-013     0.223550565450E-013     0.204359693259E-018
     0.131807914004E-004    -0.280000000000E+003     0.505778066013E-014     0.224302222466E-013     0.243206524146E-018
     0.149716381303E-004    -0.280000000000E+003     0.101155613203E-013     0.191829529533E-013     0.282043968769E-018
     0.168699355614E-004    -0.280000000000E+003     0.101155613203E-013     0.256023258383E-013     0.334300744724E-018
     0.188821307298E-004    -0.280000000000E+003     0.505778066013E-014     0.288495951316E-013     0.393237123148E-018
     0.210150574931E-004    -0.280000000000E+003     0.151733419804E-013     0.223550565450E-013     0.450864796430E-018
     0.232759597402E-004    -0.280000000000E+003     0.151733419804E-013     0.287744294300E-013     0.524411849081E-018
     0.256725159928E-004    -0.280000000000E+003     0.151733419804E-013     0.287744294300E-013     0.602371720684E-018
     0.282128654833E-004    -0.280000000000E+003     0.202311226405E-013     0.255271601367E-013     0.685115947008E-018
     0.309056357980E-004    -0.280000000000E+003     0.202311226405E-013     0.191077872518E-013     0.760050759588E-018
     0.337599721774E-004    -0.280000000000E+003     0.101155613203E-013     0.256023258383E-013     0.838625599460E-018
     0.367855685763E-004    -0.280000000000E+003     0.101155613203E-013     0.191829529533E-013     0.904240613094E-018
     0.399927005860E-004    -0.280000000000E+003     0.101155613203E-013     0.634420718340E-014     0.942535104982E-018
     0.433922603327E-004    -0.280000000000E+003     0.101155613203E-013     0.127635800684E-013     0.997900310071E-018
     0.469957934698E-004    -0.280000000000E+003     0.505778066013E-014     0.959147647667E-014     0.103697456928E-017
     0.508155383889E-004    -0.280000000000E+003     0.235843933683E-029     0.192581186549E-013     0.111053567017E-017
     0.548644677845E-004    -0.280000000000E+003    -0.505778066013E-014     0.160860150632E-013     0.117881039628E-017
     0.591563327122E-004    -0.280000000000E+003     0.235843933683E-029     0.192581186549E-013     0.126146364031E-017
     0.637057092900E-004    -0.280000000000E+003    -0.101155613203E-013     0.257526572415E-013     0.138733626105E-017
     0.685280482021E-004    -0.280000000000E+003    -0.101155613203E-013     0.257526572415E-013     0.152076123184E-017
     0.736397271730E-004    -0.280000000000E+003    -0.505778066013E-014     0.225053879482E-013     0.163867090608E-017
     0.790581065897E-004    -0.280000000000E+003    -0.505778066013E-014     0.160860150632E-013     0.173003786621E-017
     0.848015884613E-004    -0.280000000000E+003    -0.101155613203E-013     0.193332843565E-013     0.185535906985E-017
     0.908896789166E-004    -0.280000000000E+003    -0.151733419804E-013     0.161611807648E-013     0.199031901408E-017
     0.973430544509E-004    -0.280000000000E+003    -0.151733419804E-013     0.161611807648E-013     0.213337654725E-017
     0.104183632148E-003    -0.280000000000E+003    -0.202311226405E-013     0.129890771731E-013     0.229783724466E-017
     0.111434644115E-003    -0.280000000000E+003    -0.151733419804E-013     0.161611807648E-013     0.245857667158E-017
     0.119120716386E-003    -0.280000000000E+003    -0.202311226405E-013     0.129890771731E-013     0.264336469123E-017
     0.127267952553E-003    -0.280000000000E+003    -0.151733419804E-013     0.161611807648E-013     0.282397149181E-017
     0.135904022424E-003    -0.280000000000E+003    -0.202311226405E-013     0.129890771731E-013     0.303159928828E-017
     0.145058255993E-003    -0.280000000000E+003    -0.101155613203E-013     0.751657015730E-016     0.312420205572E-017
     0.154761743052E-003    -0.280000000000E+003    -0.505778066013E-014    -0.959147647667E-014     0.322942006099E-017
     0.165047438780E-003    -0.280000000000E+003    -0.505778066013E-014    -0.317210359170E-014     0.329082780636E-017
     0.175950275662E-003    -0.280000000000E+003    -0.235843933683E-029    -0.192581186549E-013     0.350079593272E-017
     0.187507282134E-003    -0.280000000000E+003    -0.235843933683E-029    -0.192581186549E-013     0.372336213465E-017
     0.199757708333E-003    -0.280000000000E+003     0.505778066013E-014    -0.289247608332E-013     0.408307915187E-017
     0.212743159403E-003    -0.280000000000E+003     0.101155613203E-013    -0.385914030114E-013     0.460113534035E-017
     0.226507736794E-003    -0.280000000000E+003     0.505778066013E-014    -0.481828794881E-013     0.526799623269E-017
     0.241098188040E-003    -0.280000000000E+003    -0.393073222806E-029    -0.320968644249E-013     0.573630396825E-017
     0.256564065527E-003    -0.280000000000E+003    -0.151733419804E-013    -0.287744294300E-013     0.623940829631E-017
     0.272957894778E-003    -0.280000000000E+003    -0.252889033006E-013    -0.351186366134E-013     0.694887429767E-017
     0.290335352846E-003    -0.280000000000E+003    -0.202311226405E-013    -0.383659059067E-013     0.770259158029E-017
     0.308755457403E-003    -0.280000000000E+003    -0.151733419804E-013    -0.351938023150E-013     0.840854891314E-017
     0.328280767180E-003    -0.280000000000E+003    -0.505778066013E-014    -0.352689680166E-013     0.910423141241E-017
     0.348977594427E-003    -0.280000000000E+003    -0.505778066013E-014    -0.224302222466E-013     0.958012164725E-017
     0.370916230124E-003    -0.280000000000E+003    -0.505778066013E-014    -0.224302222466E-013     0.100845652689E-016
     0.394171182707E-003    -0.280000000000E+003    -0.505778066013E-014    -0.224302222466E-013     0.106192754791E-016
     0.418821431115E-003    -0.280000000000E+003    -0.151733419804E-013    -0.159356836601E-013     0.111616797156E-016
     0.444950693017E-003    -0.280000000000E+003    -0.151733419804E-013    -0.223550565450E-013     0.118676432742E-016
     0.472647709137E-003    -0.280000000000E+003    -0.151733419804E-013    -0.951631077510E-014     0.123637141356E-016
     0.502006544641E-003    -0.280000000000E+003    -0.505778066013E-014    -0.160108493616E-013     0.128566702658E-016
     0.533126908594E-003    -0.280000000000E+003    -0.202311226405E-013    -0.626904148183E-014     0.135158045732E-016
     0.566114492604E-003    -0.280000000000E+003    -0.202311226405E-013    -0.626904148183E-014     0.142144869014E-016
     0.601081329767E-003    -0.280000000000E+003    -0.202311226405E-013     0.150331403146E-015     0.149219248023E-016
     0.638146175159E-003    -0.280000000000E+003    -0.202311226405E-013    -0.126884143668E-013     0.158070641835E-016
     0.677434909153E-003    -0.280000000000E+003    -0.252889033006E-013    -0.158605179585E-013     0.169798738002E-016
     0.719080964939E-003    -0.280000000000E+003    -0.202311226405E-013    -0.255271601367E-013     0.183363685181E-016
     0.763225781689E-003    -0.280000000000E+003    -0.101155613203E-013    -0.320216987233E-013     0.198188154652E-016
     0.810019284919E-003    -0.280000000000E+003    -0.151733419804E-013    -0.351938023150E-013     0.216121938161E-016
     0.859620395664E-003    -0.280000000000E+003    -0.101155613203E-013    -0.320216987233E-013     0.232778710261E-016
     0.912197570216E-003    -0.280000000000E+003    -0.505778066013E-014    -0.352689680166E-013     0.251511842085E-016
     0.967929372233E-003    -0.280000000000E+003    -0.505778066013E-014    -0.288495951316E-013     0.267835460318E-016
     0.102700507918E-002    -0.280000000000E+003    -0.505778066013E-014    -0.224302222466E-013     0.281418968417E-016
     0.108962532517E-002    -0.280000000000E+003    -0.235843933683E-029    -0.192581186549E-013     0.293478449691E-016
     0.115600278233E-002    -0.280000000000E+003    -0.505778066013E-014    -0.959147647667E-014     0.300675969093E-016
     0.122636288312E-002    -0.280000000000E+003    -0.505778066013E-014    -0.959147647667E-014     0.308305339247E-016
     0.130094458593E-002    -0.280000000000E+003    -0.202311226405E-013     0.150331403146E-015     0.323394471569E-016
     0.138000118665E-002    -0.280000000000E+003    -0.202311226405E-013     0.150331403146E-015     0.339388950967E-016
     0.146380117888E-002    -0.280000000000E+003    -0.151733419804E-013    -0.951631077510E-014     0.354398053086E-016
     0.155262916586E-002    -0.280000000000E+003    -0.202311226405E-013    -0.626904148183E-014     0.373211963413E-016
     0.164678682697E-002    -0.280000000000E+003    -0.101155613203E-013    -0.127635800684E-013     0.388546473192E-016
     0.174659394236E-002    -0.280000000000E+003    -0.786146445611E-030    -0.641937288497E-014     0.394953464095E-016
     0.185238947896E-002    -0.280000000000E+003    -0.505778066013E-014     0.324726929327E-014     0.401312286588E-016
     0.196453274170E-002    -0.280000000000E+003    -0.505778066013E-014     0.324726929327E-014     0.408052638067E-016
     0.208340459379E-002    -0.280000000000E+003    -0.101155613203E-013     0.129139114715E-013     0.427552466335E-016
     0.220940875020E-002    -0.280000000000E+003    -0.101155613203E-013     0.129139114715E-013     0.448222283183E-016
     0.234297314879E-002    -0.280000000000E+003    -0.505778066013E-014     0.966664217824E-014     0.462793976424E-016
     0.248455140365E-002    -0.280000000000E+003    -0.505778066013E-014     0.966664217824E-014     0.478239970426E-016
     0.263462434571E-002    -0.280000000000E+003    -0.505778066013E-014     0.160860150632E-013     0.503545892103E-016
     0.279370165569E-002    -0.280000000000E+003     0.235843933683E-029     0.192581186549E-013     0.534181189214E-016
     0.296232359518E-002    -0.280000000000E+003     0.235843933683E-029     0.192581186549E-013     0.566654602398E-016
     0.314106284138E-002    -0.280000000000E+003     0.505778066013E-014     0.317210359170E-014     0.577325707599E-016
     0.333052643213E-002    -0.280000000000E+003     0.101155613203E-013    -0.751657015730E-016     0.596491542402E-016
     0.353135782749E-002    -0.280000000000E+003     0.151733419804E-013     0.951631077510E-014     0.632461699931E-016
     0.374423909507E-002    -0.280000000000E+003     0.101155613203E-013    -0.751657015730E-016     0.653996429591E-016
     0.396989322653E-002    -0.280000000000E+003     0.505778066013E-014     0.959147647667E-014     0.678464826826E-016
     0.420908659296E-002    -0.280000000000E+003     0.101155613203E-013     0.127635800684E-013     0.717419840931E-016
     0.446263154769E-002    -0.280000000000E+003     0.151733419804E-013     0.159356836601E-013     0.773209890318E-016
     0.473138918520E-002    -0.280000000000E+003     0.252889033006E-013     0.158605179585E-013     0.853436843388E-016
     0.501627226558E-002    -0.280000000000E+003     0.303466839608E-013     0.619387578025E-014     0.941671775709E-016
     0.531824831448E-002    -0.280000000000E+003     0.101155613203E-013     0.634420718340E-014     0.977728973604E-016
     0.563834290904E-002    -0.280000000000E+003     0.000000000000E+000     0.000000000000E+000     0.977728973604E-016
     0.597764316095E-002    -0.280000000000E+003     0.101155613203E-013     0.127635800684E-013     0.103298738773E-015
     0.633730140856E-002    -0.280000000000E+003     0.202311226405E-013    -0.656970428812E-014     0.110949062302E-015
     0.671853913045E-002    -0.280000000000E+003     0.151733419804E-013    -0.974180787982E-014     0.117823330572E-015
     0.712265109384E-002    -0.280000000000E+003     0.303466839608E-013    -0.664486998969E-014     0.130377337337E-015
     0.755100975191E-002    -0.280000000000E+003     0.354044646209E-013    -0.989213928296E-014     0.146123993498E-015
     0.800506990496E-002    -0.280000000000E+003     0.252889033006E-013     0.302177218855E-014     0.157688360402E-015
     0.848637364120E-002    -0.280000000000E+003     0.303466839608E-013     0.126132486652E-013     0.173505727016E-015
     0.899655557408E-002    -0.280000000000E+003     0.101155613203E-013     0.256023258383E-013     0.187550134666E-015
     0.953734839373E-002    -0.280000000000E+003    -0.101155613203E-013     0.649453858654E-014     0.194050986510E-015
     0.101105887516E-001    -0.280000000000E+003    -0.101155613203E-013     0.193332843565E-013     0.206558934342E-015
     0.107182234982E-001    -0.280000000000E+003    -0.505778066013E-014     0.324726929327E-014     0.210211112513E-015
     0.113623162948E-001    -0.280000000000E+003    -0.252889033006E-013    -0.302177218855E-014     0.226615382674E-015
     0.120450546223E-001    -0.280000000000E+003    -0.202311226405E-013    -0.626904148183E-014     0.241075890121E-015
     0.127687572104E-001    -0.280000000000E+003    -0.101155613203E-013    -0.448604444932E-013     0.274356642819E-015
     0.135358819124E-001    -0.280000000000E+003    -0.505778066013E-014    -0.416883409015E-013     0.306571303826E-015
     0.143490340526E-001    -0.280000000000E+003    -0.471687867367E-029    -0.385162373098E-013     0.337890864628E-015
     0.152109752747E-001    -0.280000000000E+003     0.505778066013E-014    -0.160860150632E-013     0.352425274867E-015
     0.161246329208E-001    -0.280000000000E+003    -0.786146445611E-030    -0.641937288497E-014     0.358290383987E-015
     0.170931099734E-001    -0.280000000000E+003    -0.252889033006E-013    -0.944114507352E-014     0.384433234950E-015
     0.181196955938E-001    -0.280000000000E+003     0.000000000000E+000     0.000000000000E+000     0.384433234950E-015
     0.192078762926E-001    -0.280000000000E+003    -0.354044646209E-013     0.989213928296E-014     0.424435244906E-015
     0.203613477710E-001    -0.280000000000E+003    -0.354044646209E-013     0.989213928296E-014     0.466837373171E-015
     0.215840274722E-001    -0.280000000000E+003    -0.606933679215E-013     0.197091128644E-013     0.544860568924E-015
     0.228800678855E-001    -0.280000000000E+003     0.143135192682E-011    -0.687879786137E-012     0.260305555734E-014
     0.242538706494E-001    -0.280000000000E+003    -0.505676910398E-010     0.215532644896E-010     0.781201648460E-013
     0.257101015006E-001    -0.280000000000E+003    -0.199074246782E-010     0.762649551168E-011     0.109164499449E-012
     0.272537061195E-001    -0.280000000060E+003    -0.643989003132E-008     0.269823221138E-008     0.108870891115E-010
     0.288899269272E-001    -0.279999987040E+003     0.139736824275E-005    -0.580229183046E-006     0.248656211910E-008
     0.306243208897E-001    -0.279999994876E+003     0.549328184955E-006    -0.202939652021E-006     0.350225076313E-008
     0.324627783907E-001    -0.279999973765E+003     0.282433749279E-005    -0.112946729911E-005     0.909448028276E-008
     0.344115432366E-001    -0.279999989474E+003     0.110118246080E-005    -0.387484584717E-006     0.113694052254E-007
     0.364772338618E-001    -0.279999994528E+003     0.513213451087E-006    -0.160564478935E-006     0.124802187116E-007
     0.386668658063E-001    -0.279999996524E+003     0.274622986771E-006    -0.793064716489E-007     0.131061138146E-007
     0.409878755421E-001    -0.279999997526E+003     0.158198328778E-006    -0.435006588623E-007     0.134869222614E-007
     0.434481457293E-001    -0.279999842655E+003     0.172681520433E-004    -0.664431446644E-005     0.590076381475E-007
     0.460560319869E-001    -0.279999946169E+003     0.574402463975E-005    -0.190468156774E-005     0.747894727160E-007
     0.488203912708E-001    -0.279999975820E+003     0.222594684854E-005    -0.637357232886E-006     0.811900621161E-007
     0.517506119535E-001    -0.279999985238E+003     0.108226630041E-005    -0.288714967143E-006     0.844722450318E-007
     0.548566457095E-001    -0.280000062430E+003    -0.757643277613E-005     0.284242933735E-005     0.109606514719E-006
     0.581490413132E-001    -0.280000015425E+003    -0.220475152541E-005     0.706589968932E-006     0.117229102889E-006
     0.616389804647E-001    -0.280000003927E+003    -0.746069145202E-006     0.205239163516E-006     0.119929563330E-006
     0.653383157655E-001    -0.279999948031E+003     0.568439561096E-005    -0.203612171387E-005     0.142266364648E-006
     0.692596109728E-001    -0.279999984277E+003     0.153150163545E-005    -0.456248526462E-006     0.148532663069E-006
     0.734161836681E-001    -0.279999992463E+003     0.536541250366E-006    -0.137458178081E-006     0.150834861313E-006
     0.778221504872E-001    -0.279999995163E+003     0.222054605573E-006    -0.515854966804E-007     0.151839279813E-006
     0.824924750635E-001    -0.279999996326E+003     0.107364932314E-006    -0.237289783925E-007     0.152352809410E-006
     0.874430188470E-001    -0.279999996961E+003     0.602106446956E-007    -0.127834072840E-007     0.152657528841E-006
     0.926905949743E-001    -0.279999997373E+003     0.377303414924E-007    -0.732837544065E-008     0.152859221787E-006
     0.982530253690E-001    -0.279999997712E+003     0.205311202215E-007    -0.254817430947E-008     0.152974300942E-006
     0.104149201269E+000    -0.279999998483E+003    -0.509882208370E-007     0.195917629519E-007     0.153296365800E-006
     0.110399147386E+000    -0.279999998094E+003     0.132686882012E-007     0.231939920931E-008     0.153380551832E-006
     0.117024089912E+000    -0.279999998016E+003     0.352818949291E-007    -0.729485547924E-008     0.153619236203E-006
     0.124046528610E+000    -0.279999998285E+003     0.143164175745E-007    -0.125741630429E-008     0.153720159399E-006
     0.131490313229E+000    -0.279999998402E+003     0.957326114346E-008    -0.121840315875E-008     0.153791995521E-006
     0.139380724499E+000    -0.280000004581E+003    -0.720656576167E-006     0.212613916591E-006     0.159720580765E-006
     0.147744559993E+000    -0.279999999669E+003    -0.113959597675E-006     0.277956094788E-007     0.160701662084E-006
     0.156610225139E+000    -0.279999999026E+003    -0.209521347271E-007     0.114933640378E-007     0.160913529106E-006
     0.166007829686E+000    -0.279999998900E+003    -0.277825411460E-008     0.247098642822E-008     0.160948470595E-006
     0.175969289968E+000    -0.279999998896E+003     0.130035541930E-008     0.794498716812E-009     0.160963650476E-006
     0.185969289968E+000    -0.279999999095E+003     0.323154253186E-008     0.444079948835E-007     0.161408904659E-006
     0.195969289968E+000    -0.279999999039E+003     0.238983172713E-008     0.290351875753E-008     0.161446510133E-006
     0.205969289968E+000    -0.279999999437E+003    -0.138380879490E-008     0.697755011103E-007     0.162144402351E-006
     0.215969289968E+000    -0.279999999286E+003    -0.170779505419E-008    -0.170546346913E-007     0.162315801630E-006
     0.225969289968E+000    -0.279999999371E+003    -0.440627784010E-008    -0.288993463331E-007     0.162608134917E-006
     0.235969289968E+000    -0.280000001657E+003    -0.269941286317E-006     0.597032653084E-007     0.165372782777E-006
     0.245969289968E+000    -0.280000019313E+003    -0.240552406947E-005     0.656881556406E-006     0.190308779705E-006
     0.255969289968E+000    -0.280000002757E+003    -0.355984413504E-006     0.740847403853E-007     0.193944896472E-006
     0.265969289968E+000    -0.280000004067E+003    -0.474933969151E-006     0.172874238924E-006     0.198999080655E-006
     0.275969289968E+000    -0.280000000692E+003    -0.797360128176E-007     0.197050921753E-007     0.199820428474E-006
     0.285969289968E+000    -0.280000000128E+003    -0.222890374702E-007    -0.183067225178E-007     0.200108861704E-006
     0.295969289968E+000    -0.280000000056E+003    -0.102562890047E-007    -0.231625035013E-008     0.200214007545E-006
     0.305969289968E+000    -0.280000000613E+003    -0.835442637398E-007     0.183750348135E-007     0.201069418903E-006
     0.315969289968E+000    -0.280000000034E+003    -0.140683028846E-007     0.565973745371E-008     0.201221059852E-006
     0.325969289968E+000    -0.279999999613E+003     0.326478629918E-007    -0.936113594488E-008     0.201560694041E-006
     0.335969289968E+000    -0.279999999826E+003     0.309477506578E-008    -0.112633248063E-008     0.201593627698E-006
     0.345969289968E+000    -0.279999999876E+003    -0.125430937385E-008     0.795191418462E-008     0.201674130015E-006
     0.355969289968E+000    -0.280000001345E+003    -0.172820883528E-006     0.685079742304E-007     0.203533172788E-006
     0.365969289968E+000    -0.280000000112E+003    -0.265406129500E-007     0.473410069581E-008     0.203802768012E-006
     0.375969289968E+000    -0.279999999990E+003    -0.768114021800E-008    -0.732474519382E-009     0.203879927868E-006
     0.385969289968E+000    -0.279999999972E+003    -0.361474020303E-008    -0.131151179335E-008     0.203918380969E-006
     0.395969289968E+000    -0.280000003173E+003    -0.392155741767E-006     0.105873765093E-006     0.207980343302E-006
     0.405969289968E+000    -0.280000000943E+003    -0.381245691166E-007     0.157595422278E-006     0.209601756263E-006
     0.415969289968E+000    -0.280000021023E+003    -0.251570038997E-005     0.697694240248E-006     0.235708318091E-006
     0.425969289968E+000    -0.280000003852E+003    -0.374877294228E-006     0.684046818692E-007     0.239518989767E-006
     0.435969289968E+000    -0.280000001783E+003    -0.894515028462E-007     0.432286315931E-008     0.240414548727E-006
     0.445969289968E+000    -0.280000001351E+003    -0.332315607627E-007    -0.246527693304E-008     0.240747777511E-006
     0.455969289968E+000    -0.280000001186E+003    -0.181246630356E-007    -0.276661117854E-008     0.240931123508E-006
     0.465969289968E+000    -0.280000001077E+003    -0.119939956643E-007    -0.274910241249E-008     0.241054173699E-006
     0.475969289968E+000    -0.280000001000E+003    -0.933800839295E-008    -0.139304790234E-008     0.241148587143E-006
     0.485969289968E+000    -0.280000000984E+003    -0.142076395750E-007     0.569686944016E-009     0.241290777707E-006
     0.495969289968E+000    -0.280000000878E+003    -0.723005694021E-008    -0.706130359484E-009     0.241363422283E-006
     0.505969289968E+000    -0.280000000818E+003    -0.543093356582E-008    -0.689905797116E-009     0.241418168067E-006
     0.515969289968E+000    -0.280000000769E+003    -0.451160607199E-008    -0.780975264381E-009     0.241463955087E-006
     0.525969289968E+000    -0.280000000728E+003    -0.391199100642E-008    -0.519691256253E-009     0.241503418681E-006
     0.535969289968E+000    -0.280000006009E+003    -0.649889839122E-006     0.177044215429E-006     0.248239155146E-006
     0.545969289968E+000    -0.280000001619E+003    -0.109888517473E-006     0.229689375290E-007     0.249361788584E-006
     0.555969289968E+000    -0.280000000919E+003    -0.210773498821E-007     0.725690801693E-008     0.249584705024E-006
     0.565969289968E+000    -0.280000000782E+003    -0.108114309464E-007     0.148818841665E-008     0.249693838769E-006
     0.575969289968E+000    -0.279999999700E+003    -0.271552244300E-009    -0.231532193567E-006     0.252009162297E-006
     0.585969289968E+000    -0.279999999740E+003     0.460223597549E-007    -0.299375887558E-007     0.252558190240E-006
     0.595969289968E+000    -0.280000000910E+003    -0.124664723036E-006     0.494007380103E-007     0.253899149825E-006
     0.605969289968E+000    -0.279999996886E+003     0.321248026884E-006    -0.991989561289E-007     0.257261302821E-006
     0.615969289968E+000    -0.279999999279E+003     0.555162189028E-007     0.842464000382E-007     0.258270238224E-006
     0.625969289968E+000    -0.279999998051E+003     0.167102530869E-006    -0.284127377172E-007     0.259965246764E-006
     0.635969289968E+000    -0.279999998995E+003     0.315561968258E-007    -0.456395599822E-007     0.260520112783E-006
     0.645969289968E+000    -0.279999996663E+003     0.317693879378E-006    -0.120362425139E-006     0.263917413393E-006
     0.655969289968E+000    -0.279999999334E+003     0.956792359555E-007     0.166262475483E-006     0.265835686756E-006
     0.665969289968E+000    -0.279999999519E+003     0.213422412676E-007     0.115765169689E-007     0.266078484410E-006
     0.675969289968E+000    -0.279999999439E+003     0.495782629226E-007    -0.213104658919E-007     0.266618126895E-006
     0.685969289968E+000    -0.279999999977E+003     0.211517904579E-008    -0.210704675349E-007     0.266829890580E-006
     0.695969289968E+000    -0.280000000194E+003    -0.511041191767E-008    -0.759352418140E-008     0.266921420859E-006
     0.705969289968E+000    -0.280000000260E+003    -0.507880584366E-008    -0.478626877504E-008     0.266991208134E-006
     0.715969289968E+000    -0.280000000282E+003    -0.417761048680E-008    -0.239389157994E-008     0.267039357014E-006
     0.725969289968E+000    -0.279999989822E+003     0.126810800262E-005    -0.350051368334E-006     0.280194712831E-006
     0.735969289968E+000    -0.279999998578E+003     0.182677323542E-006    -0.400508103668E-007     0.282064875175E-006
     0.745969289968E+000    -0.279999999703E+003     0.360879630701E-007    -0.782159740246E-008     0.282434133684E-006
     0.755969289968E+000    -0.280000003830E+003    -0.463227888814E-006     0.127053268688E-006     0.287237493030E-006
