 #        time                      h  [L]            Darcian flow [L.T^{-1}]   in    x         z              directions   cumulative flux
 #-----------------------------------------------------------------------------------------------

     0.100000000000E-005    -0.278499999997E+003    -0.245259102891E-009    -0.184054400239E-008     0.185681292873E-014
     0.205999994278E-005    -0.278499999981E+003    -0.170986627503E-008    -0.128465912952E-007     0.155942874806E-013
     0.318359982147E-005    -0.278499999922E+003    -0.696462151911E-008    -0.523881615927E-007     0.749755091767E-013
     0.437461562859E-005    -0.278499999757E+003    -0.216476646830E-007    -0.163032433714E-006     0.270853967176E-012
     0.563709231599E-005    -0.278499999361E+003    -0.568619067262E-007    -0.428778057596E-006     0.816915487158E-012
     0.697531753239E-005    -0.278499998503E+003    -0.132975780811E-006    -0.100404145902E-005     0.217228185808E-011
     0.839383618521E-005    -0.278499996779E+003    -0.285519494364E-006    -0.215875802825E-005     0.526118809571E-011
     0.989746587602E-005    -0.278499993506E+003    -0.574180716393E-006    -0.434738345318E-005     0.118548102658E-010
     0.114913132622E-004    -0.278499987568E+003    -0.109633973621E-005    -0.831302175903E-005     0.252192269275E-010
     0.131807914004E-004    -0.278499977177E+003    -0.200720016571E-005    -0.152427674873E-004     0.511938647707E-010
     0.149716381303E-004    -0.278499959526E+003    -0.354942597536E-005    -0.269971641204E-004     0.999577134703E-010
     0.168699355614E-004    -0.278499930275E+003    -0.609637384352E-005    -0.464461426042E-004     0.188882563336E-009
     0.188821307298E-004    -0.278499882806E+003    -0.102146069756E-004    -0.779567977060E-004     0.347087695977E-009
     0.210150574931E-004    -0.278499807143E+003    -0.167535042079E-004    -0.128095946953E-003     0.622633862720E-009
     0.232759597402E-004    -0.278499688408E+003    -0.269725575958E-004    -0.206633834131E-003     0.109377605718E-008
     0.256725159928E-004    -0.278499504623E+003    -0.427204898044E-004    -0.327965922598E-003     0.188640488058E-008
     0.282128654833E-004    -0.278499223612E+003    -0.666847183654E-004    -0.513108861983E-003     0.320084257752E-008
     0.309056357980E-004    -0.278498798677E+003    -0.102735019022E-003    -0.792475795289E-003     0.535265481347E-008
     0.337599721774E-004    -0.278498162618E+003    -0.156391550049E-003    -0.120969664119E-002     0.883427164900E-008
     0.367855685763E-004    -0.278497219545E+003    -0.235454748539E-003    -0.182682242179E-002     0.144072190801E-007
     0.399927005860E-004    -0.278495833776E+003    -0.350843033381E-003    -0.273134090881E-002     0.232389607175E-007
     0.433922603327E-004    -0.278493814935E+003    -0.517693710378E-003    -0.404553565278E-002     0.371041498503E-007
     0.469957934698E-004    -0.278490898152E+003    -0.756792761105E-003    -0.593884313128E-002     0.586780284513E-007
     0.508155383889E-004    -0.278486717979E+003    -0.109640975596E-002    -0.864400307935E-002     0.919604598892E-007
     0.548644677845E-004    -0.278480774396E+003    -0.157462392760E-002    -0.124779521264E-001     0.142883490898E-006
     0.591563327122E-004    -0.278472388899E+003    -0.224223482465E-002    -0.178685738628E-001     0.220174431378E-006
     0.637057092900E-004    -0.278460648398E+003    -0.316635360631E-002    -0.253885779144E-001     0.336571427686E-006
     0.685280482021E-004    -0.278444334282E+003    -0.443476601740E-002    -0.357979203627E-001     0.510520769312E-006
     0.736397271730E-004    -0.278421833797E+003    -0.616114213466E-002    -0.500962785151E-001     0.768526241805E-006
     0.790581065897E-004    -0.278391030708E+003    -0.849113799432E-002    -0.695871352104E-001     0.114837237041E-005
     0.848015884613E-004    -0.278349172201E+003    -0.116093878150E-001    -0.959549971825E-001     0.170350713539E-005
     0.908896789166E-004    -0.278292709197E+003    -0.157473213685E-001    -0.131357163939E+000     0.250894752816E-005
     0.973430544509E-004    -0.278217107678E+003    -0.211916581452E-001    -0.178531284663E+000     0.366916513151E-005
     0.104183632148E-003    -0.278116629425E+003    -0.282933255391E-001    -0.240919701234E+000     0.532852086199E-005
     0.111434644115E-003    -0.277984081784E+003    -0.374764140810E-001    -0.322811272012E+000     0.768495025255E-005
     0.119120716386E-003    -0.277810538001E+003    -0.492466013876E-001    -0.429500961453E+000     0.110077549810E-004
     0.127267952553E-003    -0.277585032537E+003    -0.641982204051E-001    -0.567466865449E+000     0.156605334543E-004
     0.135904022424E-003    -0.277294239991E+003    -0.830187824133E-001    -0.744563366128E+000     0.221304815252E-004
     0.145058255993E-003    -0.276922152251E+003    -0.106489257213E+000    -0.970227585859E+000     0.310655083767E-004
     0.154761743052E-003    -0.276449776262E+003    -0.135477736887E+000    -0.125569404766E+001     0.433208310558E-004
     0.165047438780E-003    -0.275854884359E+003    -0.170923261026E+000    -0.161420925591E+001     0.600169146743E-004
     0.175950275662E-003    -0.275111859638E+003    -0.213805601246E+000    -0.206123355542E+001     0.826107828261E-004
     0.187507282134E-003    -0.274191688985E+003    -0.265095824689E+000    -0.261461178011E+001     0.112982786157E-003
     0.199757708333E-003    -0.273062163977E+003    -0.325681770249E+000    -0.329468640154E+001     0.153540813535E-003
     0.212743159403E-003    -0.271688351830E+003    -0.396262669978E+000    -0.412431656445E+001     0.207343552576E-003
     0.226507736794E-003    -0.270033391539E+003    -0.477208703390E+000    -0.512875300562E+001     0.278243600745E-003
     0.241098188040E-003    -0.268059651067E+003    -0.568385001691E+000    -0.633530217842E+001     0.371049784427E-003
     0.256564065527E-003    -0.265730248435E+003    -0.668946037726E+000    -0.777269366062E+001     0.491705691005E-003
     0.272957894778E-003    -0.263010893896E+003    -0.777115450754E+000    -0.947004583101E+001     0.647477848682E-003
     0.290335352846E-003    -0.259871956443E+003    -0.889977398153E+000    -0.114553122603E+002     0.847141921986E-003
     0.308755457403E-003    -0.256290602548E+003    -0.100331690492E+001    -0.137530972293E+002     0.110114863738E-002
     0.328280767180E-003    -0.252252806792E+003    -0.111155622343E+001    -0.163817715121E+002     0.142174328094E-002
     0.348977594427E-003    -0.247755002540E+003    -0.120783967253E+001    -0.193499204691E+002     0.182300469659E-002
     0.370916230124E-003    -0.242805138283E+003    -0.128431886477E+001    -0.226523304496E+002     0.232076403405E-002
     0.394171182707E-003    -0.237422946461E+003    -0.133268165301E+001    -0.262659584439E+002     0.293236336861E-002
     0.418821431115E-003    -0.231639329222E+003    -0.134494732194E+001    -0.301465857114E+002     0.367622337091E-002
     0.444950693017E-003    -0.225494917578E+003    -0.131451264285E+001    -0.342270363556E+002     0.457120988960E-002
     0.472647709137E-003    -0.219038007510E+003    -0.123737110706E+001    -0.384178728952E+002     0.563582210316E-002
     0.502006544641E-003    -0.212322225707E+003    -0.111332552479E+001    -0.426112134906E+002     0.688726463913E-002
     0.533126908594E-003    -0.205404333273E+003    -0.946907592109E+000    -0.466877689441E+002     0.834050380188E-002
     0.566114492604E-003    -0.198342483326E+003    -0.747654339056E+000    -0.505265037881E+002     0.100074335552E-001
     0.601081329767E-003    -0.191195040329E+003    -0.529432379592E+000    -0.540156551761E+002     0.118962808969E-001
     0.638146175159E-003    -0.184019816391E+003    -0.308697695812E+000    -0.570633890653E+002     0.140113575386E-001
     0.677434909153E-003    -0.176873383132E+003    -0.101914023688E+000    -0.596062695460E+002     0.163532158302E-001
     0.719080964939E-003    -0.169810076118E+003     0.772824820754E-001    -0.616139965985E+002     0.189191977882E-001
     0.763225781689E-003    -0.162880464982E+003     0.220363727738E+000    -0.630894963108E+002     0.217042890309E-001
     0.810019284919E-003    -0.156129364756E+003     0.324906485205E+000    -0.640643625774E+002     0.247021235406E-001
     0.859620395664E-003    -0.149593777204E+003     0.393993569153E+000    -0.645907100720E+002     0.279059541066E-001
     0.912197570216E-003    -0.143301318568E+003     0.434310754400E+000    -0.647314030076E+002     0.313094249850E-001
     0.967929372233E-003    -0.137269617439E+003     0.453726222438E+000    -0.645509650266E+002     0.349070554574E-001
     0.102700507918E-002    -0.131506876305E+003     0.459256052190E+000    -0.641090038398E+002     0.386944373581E-001
     0.108962532517E-002    -0.126013417256E+003     0.456000685633E+000    -0.634568756884E+002     0.426682251194E-001
     0.115600278233E-002    -0.120783751522E+003     0.447094936847E+000    -0.626371289625E+002     0.468260243777E-001
     0.122636288312E-002    -0.115808642183E+003     0.434278742843E+000    -0.616845731021E+002     0.511662647187E-001
     0.130094458593E-002    -0.111076769219E+003     0.418581117710E+000    -0.606278167315E+002     0.556880982951E-001
     0.138000118665E-002    -0.106575851880E+003     0.400786476364E+000    -0.594905766175E+002     0.603913277858E-001
     0.146380117888E-002    -0.102293302315E+003     0.381620402379E+000    -0.582925741538E+002     0.652763497261E-001
     0.155262916586E-002    -0.982165909050E+002     0.361764498803E+000    -0.570501365317E+002     0.703441003959E-001
     0.164678682697E-002    -0.943335338923E+002     0.341823513794E+000    -0.557766188611E+002     0.755959949944E-001
     0.174659394236E-002    -0.906323929763E+002     0.322259528063E+000    -0.544830501551E+002     0.810338861892E-001
     0.185238947896E-002    -0.871020771248E+002     0.303416631342E+000    -0.531785008907E+002     0.866600258014E-001
     0.196453274170E-002    -0.837322847126E+002     0.285506257639E+000    -0.518704452170E+002     0.924770348833E-001
     0.208340459379E-002    -0.805135505087E+002     0.268602544896E+000    -0.505650925543E+002     0.984878858901E-001
     0.220940875020E-002    -0.774372107636E+002     0.252669369873E+000    -0.492676347853E+002     0.104695894288E+000
     0.234297314879E-002    -0.744953218633E+002     0.237606422160E+000    -0.479824049041E+002     0.111104713919E+000
     0.248455140365E-002    -0.716805597784E+002     0.223301339825E+000    -0.467129839662E+002     0.117718332231E+000
     0.263462434571E-002    -0.689861200203E+002     0.209666763757E+000    -0.454622851026E+002     0.124541063666E+000
     0.279370165569E-002    -0.664056319882E+002     0.196652025126E+000    -0.442326301255E+002     0.131577541019E+000
     0.296232359518E-002    -0.639330961368E+002     0.184235342728E+000    -0.430258252107E+002     0.138832705626E+000
     0.314106284138E-002    -0.615628472037E+002     0.172410088340E+000    -0.418432359084E+002     0.146311797558E+000
     0.333052643213E-002    -0.592895388512E+002     0.161174820259E+000    -0.406858592482E+002     0.154020347029E+000
     0.353135782749E-002    -0.571081390705E+002     0.150529115678E+000    -0.395543891025E+002     0.161964167708E+000
     0.374423909507E-002    -0.550139246771E+002     0.140472359192E+000    -0.384492715844E+002     0.170149352007E+000
     0.396989322653E-002    -0.530024680798E+002     0.131002467726E+000    -0.373707492284E+002     0.178582267779E+000
     0.420908659296E-002    -0.510696172211E+002     0.122113135650E+000    -0.363188947373E+002     0.187269555579E+000
     0.446263154769E-002    -0.492113998210E+002     0.113813231711E+000    -0.352936623027E+002     0.196218132118E+000
     0.473138918520E-002    -0.474243046502E+002     0.106038466578E+000    -0.342947782925E+002     0.205435159769E+000
     0.501627226558E-002    -0.457047512041E+002     0.987964663667E-001    -0.333220501036E+002     0.214928089771E+000
     0.531824831448E-002    -0.440494432944E+002     0.920555313368E-001    -0.323750585994E+002     0.224704621571E+000
     0.563834290904E-002    -0.424552241783E+002     0.857834160099E-001    -0.314533227466E+002     0.234772697608E+000
     0.597764316095E-002    -0.409188928575E+002     0.799384304665E-001    -0.305561918977E+002     0.245140456695E+000
     0.633730140856E-002    -0.394376790055E+002     0.745480936862E-001    -0.296830067479E+002     0.255816228554E+000
     0.671853913045E-002    -0.380076397266E+002     0.695868710483E-001    -0.288327626769E+002     0.266808397326E+000
     0.712265109384E-002    -0.366254906711E+002     0.649102611310E-001    -0.280039095580E+002     0.278125142601E+000
     0.755100975191E-002    -0.352862459557E+002     0.605048118813E-001    -0.271945077859E+002     0.289774174295E+000
     0.800506990496E-002    -0.339837971342E+002     0.563762819086E-001    -0.264015313613E+002     0.301762084996E+000
     0.848637364120E-002    -0.327100255860E+002     0.525194991851E-001    -0.256206001974E+002     0.314093401504E+000
     0.899655557408E-002    -0.314538869092E+002     0.489068776491E-001    -0.248453669973E+002     0.326769083420E+000
     0.953734839373E-002    -0.302007822025E+002     0.455885212045E-001    -0.240670432810E+002     0.339784390967E+000
     0.101105887516E-001    -0.289318713496E+002     0.424462554162E-001    -0.232739432287E+002     0.353125976700E+000
     0.107182234982E-001    -0.276225502359E+002     0.396520606739E-001    -0.224505704940E+002     0.366767744690E+000
     0.113623162948E-001    -0.262405249681E+002     0.366315824423E-001    -0.215773645056E+002     0.380665589765E+000
     0.120450546223E-001    -0.247539035535E+002     0.340962579292E-001    -0.206310171885E+002     0.394751195172E+000
     0.127687572104E-001    -0.231205450132E+002     0.320963508678E-001    -0.195845027985E+002     0.408924569568E+000
     0.135358819124E-001    -0.212921124436E+002     0.281868982184E-001    -0.184044767859E+002     0.423043114896E+000
     0.143490340526E-001    -0.192341334074E+002     0.242135330089E-001    -0.170628529504E+002     0.436917824261E+000
     0.152109752747E-001    -0.168989187784E+002     0.221771070700E-001    -0.155259752459E+002     0.450300315990E+000
     0.161246329208E-001    -0.142701268101E+002     0.196233887599E-001    -0.137748996347E+002     0.462885871137E+000
     0.170931099734E-001    -0.113572975866E+002     0.176805745570E-001    -0.118085219949E+002     0.474322166533E+000
     0.181196955938E-001    -0.823269081790E+001     0.157461360726E-001    -0.967080919690E+001     0.484250093351E+000
     0.192078762926E-001    -0.508024785972E+001     0.129339696378E-001    -0.748446817795E+001     0.492394559324E+000
     0.203613477710E-001    -0.221212086900E+001     0.103788833338E-001    -0.547238108921E+001     0.498706806183E+000
     0.215840274722E-001    -0.509327021197E-002     0.627462459549E-002    -0.390702628593E+001     0.503483854075E+000
     0.228800678855E-001     0.136072559265E+001    -0.678115807026E-003    -0.292527129913E+001     0.507275124000E+000
     0.242538706494E-001     0.202358251220E+001    -0.620234788159E-002    -0.245611507017E+001     0.510649352431E+000
     0.257101015006E-001     0.224728470788E+001    -0.137942461031E-001    -0.229774708684E+001     0.513995462923E+000
     0.272537061195E-001     0.225360158735E+001    -0.172783166596E-001    -0.229713674663E+001     0.517541434119E+000
     0.288899269272E-001     0.209663743787E+001    -0.255144989558E-001    -0.240673424956E+001     0.521479604058E+000
     0.306243208897E-001     0.191922056993E+001    -0.260314389582E-001    -0.253294173860E+001     0.525872954912E+000
     0.324627783907E-001     0.172117692017E+001    -0.267534292633E-001    -0.267212577541E+001     0.530785790802E+000
     0.344115432366E-001     0.154467340215E+001    -0.231407480883E-001    -0.279658279575E+001     0.536235859617E+000
     0.364772338618E-001     0.140404478859E+001    -0.164141393400E-001    -0.289474795157E+001     0.542215609452E+000
     0.386668658063E-001     0.129209312654E+001    -0.802077132798E-002    -0.297300022072E+001     0.548725409397E+000
     0.409878755421E-001     0.119869884056E+001    -0.565758020227E-003    -0.303814782761E+001     0.555776980206E+000
     0.434481457293E-001     0.111796151075E+001     0.527280539043E-002    -0.309520709613E+001     0.563392036997E+000
     0.460560319869E-001     0.104215656033E+001     0.609289068920E-002    -0.314810508476E+001     0.571601952362E+000
     0.488203912708E-001     0.980142931238E+000     0.422587419370E-002    -0.319190807166E+001     0.580425540806E+000
     0.517506119535E-001     0.945255028229E+000     0.380144104307E-002    -0.321682175423E+001     0.589851545025E+000
     0.548566457095E-001     0.946184055785E+000     0.664196157094E-002    -0.321647145960E+001     0.599842035254E+000
     0.581490413132E-001     0.972173750034E+000     0.642395831431E-002    -0.319803715466E+001     0.610371259964E+000
     0.616389804647E-001     0.104590683388E+001     0.784241998142E-002    -0.314573561509E+001     0.621349719964E+000
     0.653383157655E-001     0.116455514892E+001     0.924372522275E-002    -0.306155825175E+001     0.632675502104E+000
     0.692596109728E-001     0.132365034254E+001     0.881592041766E-002    -0.294898334920E+001     0.644239388050E+000
     0.734161836681E-001     0.152010538443E+001     0.836575022415E-002    -0.281063451046E+001     0.655922046463E+000
     0.778221504872E-001     0.172581082671E+001     0.467122910806E-002    -0.266543662725E+001     0.667665889835E+000
     0.824924750635E-001     0.191535368559E+001    -0.169584031249E-002    -0.253178013166E+001     0.679490127458E+000
     0.874430188470E-001     0.206186793748E+001    -0.913497491430E-002    -0.242978237350E+001     0.691518956493E+000
     0.926905949743E-001     0.212913687763E+001    -0.162067321242E-001    -0.238308677403E+001     0.704024674942E+000
     0.982530253690E-001     0.212788851291E+001    -0.187950480282E-001    -0.238424299324E+001     0.717287272699E+000
     0.104149201269E+000     0.208334554005E+001    -0.154622636513E-001    -0.241514088809E+001     0.731527660035E+000
     0.110399147386E+000     0.202379995394E+001    -0.803587397826E-002    -0.245618376017E+001     0.746878758347E+000
     0.117024089912E+000     0.196490056411E+001     0.330217326171E-003    -0.249685549548E+001     0.763420282645E+000
     0.124046528610E+000     0.192478684382E+001     0.764177448372E-002    -0.252418596236E+001     0.781146305061E+000
     0.131490313229E+000     0.192047558148E+001     0.131650969717E-001    -0.252661576666E+001     0.799954143953E+000
     0.139380724499E+000     0.195460270589E+001     0.157364209798E-001    -0.250232965425E+001     0.819698944478E+000
     0.147744559993E+000     0.202100367128E+001     0.147060314241E-001    -0.245576808866E+001     0.840238953062E+000
     0.156610225139E+000     0.211505323751E+001     0.107740023602E-001    -0.238995359666E+001     0.861427696664E+000
     0.166007829686E+000     0.223681508477E+001     0.597911911428E-002    -0.230446488246E+001     0.883084219215E+000
     0.175969289968E+000     0.237570463926E+001     0.119821710960E-002    -0.220682844008E+001     0.905067456311E+000
     0.185969289968E+000     0.248563106118E+001    -0.441239720534E-002    -0.212980225712E+001     0.926365524589E+000
     0.195969289968E+000     0.253203752048E+001    -0.104765399697E-001    -0.209795934116E+001     0.947345379581E+000
     0.205969289968E+000     0.251216327644E+001    -0.148634202493E-001    -0.211287891579E+001     0.968474691529E+000
     0.215969289968E+000     0.246843219734E+001    -0.156098346148E-001    -0.214403800562E+001     0.989915639821E+000
     0.225969289968E+000     0.244240653704E+001    -0.126819220553E-001    -0.216204239806E+001     0.101153643574E+001
     0.235969289968E+000     0.244644577588E+001    -0.682186055749E-002    -0.215813612560E+001     0.103311790482E+001
     0.245969289968E+000     0.247286119909E+001     0.756420803136E-003    -0.213772921824E+001     0.105449519834E+001
     0.255969289968E+000     0.252102832370E+001     0.839324739342E-002    -0.210252761111E+001     0.107552064198E+001
     0.265969289968E+000     0.256413544156E+001     0.146903422289E-001    -0.207089313829E+001     0.109623009440E+001
     0.275969289968E+000     0.259266939946E+001     0.180209564995E-001    -0.205013116279E+001     0.111673219805E+001
     0.285969289968E+000     0.260133995894E+001     0.177726087727E-001    -0.204419545058E+001     0.113717492513E+001
     0.295969289968E+000     0.259025856933E+001     0.151008550952E-001    -0.205245246774E+001     0.115770000532E+001
     0.305969289968E+000     0.257807877728E+001     0.112671046512E-001    -0.206195837432E+001     0.117831989689E+001
     0.315969289968E+000     0.256712668096E+001     0.780494432606E-002    -0.207041032449E+001     0.119902414725E+001
     0.325969289968E+000     0.256783385868E+001     0.517439633359E-002    -0.207032052029E+001     0.121972741712E+001
     0.335969289968E+000     0.258500408547E+001     0.336988105757E-002    -0.205853139267E+001     0.124031275862E+001
     0.345969289968E+000     0.261489344905E+001     0.211554639277E-002    -0.203750823176E+001     0.126068785193E+001
     0.355969289968E+000     0.265241534739E+001     0.130991836321E-002    -0.201115378130E+001     0.128079939400E+001
     0.365969289968E+000     0.268429327739E+001     0.746744982552E-003    -0.198865757784E+001     0.130068597118E+001
     0.375969289968E+000     0.270288003536E+001    -0.254999076288E-003    -0.197579570723E+001     0.132044392842E+001
     0.385969289968E+000     0.270683592215E+001    -0.149623648089E-002    -0.197327352857E+001     0.134017666938E+001
     0.395969289968E+000     0.269866698110E+001    -0.333894982754E-002    -0.197921086826E+001     0.135996880623E+001
     0.405969289968E+000     0.269538365648E+001    -0.461576081002E-002    -0.198176751660E+001     0.137978653515E+001
     0.415969289968E+000     0.269541151176E+001    -0.551455328914E-002    -0.198179106564E+001     0.139960452253E+001
     0.425969289968E+000     0.270593954955E+001    -0.520426266899E-002    -0.197478551489E+001     0.141935244625E+001
     0.435969289968E+000     0.271971796735E+001    -0.438426612236E-002    -0.196462394934E+001     0.143899873466E+001
     0.445969289968E+000     0.273894081902E+001    -0.205756291480E-002    -0.195050193030E+001     0.145850376482E+001
     0.455969289968E+000     0.276195851099E+001     0.104314342262E-002    -0.193354582769E+001     0.147783922591E+001
     0.465969289968E+000     0.278716138669E+001     0.442367400195E-002    -0.191501186172E+001     0.149698939562E+001
     0.475969289968E+000     0.281179163557E+001     0.760135639761E-002    -0.189704516626E+001     0.151595999957E+001
     0.485969289968E+000     0.283180381946E+001     0.996051170577E-002    -0.188249764090E+001     0.153478523949E+001
     0.495969289968E+000     0.284346579506E+001     0.112732843455E-001    -0.187428868801E+001     0.155352846540E+001
     0.505969289968E+000     0.284402664924E+001     0.106349109870E-001    -0.187392793856E+001     0.157226804655E+001
     0.515969289968E+000     0.283668365804E+001     0.932912459230E-002    -0.187955760121E+001     0.159106385409E+001
     0.525969289968E+000     0.282648769272E+001     0.710751615844E-002    -0.188725662598E+001     0.160993655419E+001
     0.535969289968E+000     0.281553724113E+001     0.492128631989E-002    -0.189564195822E+001     0.162889303765E+001
     0.545969289968E+000     0.280601928414E+001     0.305592722574E-002    -0.190266302006E+001     0.164791969239E+001
     0.555969289968E+000     0.280008700309E+001     0.144266292883E-002    -0.190704199015E+001     0.166699011775E+001
     0.565969289968E+000     0.279937004590E+001     0.156541203612E-003    -0.190708048145E+001     0.168606092263E+001
     0.575969289968E+000     0.281144569898E+001    -0.617015572660E-003    -0.189907533427E+001     0.170505167697E+001
     0.585969289968E+000     0.282925998320E+001    -0.741204529928E-003    -0.188666389307E+001     0.172391831736E+001
     0.595969289968E+000     0.284886262207E+001    -0.667404537387E-003    -0.187275032222E+001     0.174264582177E+001
     0.605969289968E+000     0.287148378504E+001    -0.173792660905E-003    -0.185663994691E+001     0.176121222132E+001
     0.615969289968E+000     0.289405955356E+001     0.640768725644E-003    -0.184051338081E+001     0.177961735624E+001
     0.625969289968E+000     0.291424892614E+001     0.165251641342E-002    -0.182603379698E+001     0.179787770169E+001
     0.635969289968E+000     0.293002092897E+001     0.257462810662E-002    -0.181474307158E+001     0.181602515067E+001
     0.645969289968E+000     0.293990141237E+001     0.349546473826E-002    -0.180758922775E+001     0.183410107675E+001
     0.655969289968E+000     0.294007779764E+001     0.318623063105E-002    -0.180752769599E+001     0.185217638179E+001
     0.665969289968E+000     0.293948700612E+001     0.326871557761E-002    -0.180821130075E+001     0.187025852434E+001
     0.675969289968E+000     0.293070048544E+001     0.254165639851E-002    -0.181453528894E+001     0.188840389503E+001
     0.685969289968E+000     0.292057668876E+001     0.174495610473E-002    -0.182178820909E+001     0.190662178548E+001
     0.695969289968E+000     0.291126914821E+001     0.133159366564E-002    -0.182864054961E+001     0.192490819582E+001
     0.705969289968E+000     0.290233237127E+001     0.618331888063E-003    -0.183491079334E+001     0.194325730480E+001
     0.715969289968E+000     0.289590488416E+001     0.152760727507E-003    -0.183951902964E+001     0.196165249516E+001
     0.725969289968E+000     0.289352761872E+001     0.427362463936E-003    -0.184120710468E+001     0.198006456670E+001
     0.735969289968E+000     0.289351042356E+001     0.281524425927E-003    -0.184121756241E+001     0.199847674254E+001
     0.745969289968E+000     0.289468518551E+001     0.587359957667E-003    -0.184020141965E+001     0.201687875767E+001
     0.755969289968E+000     0.289886735038E+001     0.112215378439E-002    -0.183715133230E+001     0.203525027442E+001
