 #        time                      h  [L]            Darcian flow [L.T^{-1}]   in    x         z              directions   cumulative flux
 #-----------------------------------------------------------------------------------------------

     0.100000000000E-005     0.400000000000E+001    -0.169612759102E-012    -0.138499328313E+004     0.138499328313E-002
     0.205999994278E-005     0.400000000000E+001    -0.164149793368E-012    -0.134038478264E+004     0.280580107603E-002
     0.318359982147E-005     0.400000000000E+001    -0.158469246891E-012    -0.129399960055E+004     0.425973887023E-002
     0.437461562859E-005     0.400000000000E+001    -0.152573428773E-012    -0.124585659211E+004     0.574357376484E-002
     0.563709231599E-005     0.400000000000E+001    -0.146467656554E-012    -0.119599917834E+004     0.725349484564E-002
     0.697531753239E-005     0.400000000000E+001    -0.140161131500E-012    -0.114450249327E+004     0.878509694237E-002
     0.839383618521E-005     0.400000000000E+001    -0.133668030381E-012    -0.109148229901E+004     0.103333849427E-001
     0.989746587602E-005     0.400000000000E+001    -0.127008839625E-012    -0.103710587994E+004     0.118928081363E-001
     0.114913132622E-004     0.400000000000E+001    -0.120211934837E-012    -0.981604940463E+003     0.134573366050E-001
     0.131807914004E-004     0.400000000000E+001    -0.113315359567E-012    -0.925290129744E+003     0.150205940507E-001
     0.149716381303E-004     0.400000000000E+001    -0.106368666607E-012    -0.868566077023E+003     0.165760627694E-001
     0.168699355614E-004     0.400000000000E+001    -0.994345362604E-013    -0.811944605822E+003     0.181173751288E-001
     0.188821307298E-004     0.400000000000E+001    -0.925896705105E-013    -0.756052035370E+003     0.196386993814E-001
     0.210150574931E-004     0.400000000000E+001    -0.859242012685E-013    -0.701624348574E+003     0.211352127323E-001
     0.232759597402E-004     0.400000000000E+001    -0.795386335480E-013    -0.649482231149E+003     0.226036285682E-001
     0.256725159928E-004     0.400000000000E+001    -0.735373640485E-013    -0.600478146839E+003     0.240427082255E-001
     0.282128654833E-004     0.400000000000E+001    -0.680183583029E-013    -0.555412044928E+003     0.254536489309E-001
     0.309056357980E-004     0.400000000000E+001    -0.630598588211E-013    -0.514922823993E+003     0.268402178257E-001
     0.337599721774E-004     0.400000000000E+001    -0.587068517995E-013    -0.479377824205E+003     0.282085233888E-001
     0.367855685763E-004     0.400000000000E+001    -0.549615410811E-013    -0.448795041308E+003     0.295663960496E-001
     0.399927005860E-004     0.400000000000E+001    -0.517819047147E-013    -0.422831340030E+003     0.309224719749E-001
     0.433922603327E-004     0.400000000000E+001    -0.490898559925E-013    -0.400849094014E+003     0.322851824195E-001
     0.469957934698E-004     0.400000000000E+001    -0.467867017786E-013    -0.382042412646E+003     0.336618849132E-001
     0.508155383889E-004     0.400000000000E+001    -0.447708665894E-013    -0.365581869161E+003     0.350583144004E-001
     0.548644677845E-004     0.400000000000E+001    -0.429528095132E-013    -0.350736306527E+003     0.364784209420E-001
     0.591563327122E-004     0.400000000000E+001    -0.412641711212E-013    -0.336947527646E+003     0.379245542184E-001
     0.637057092900E-004     0.400000000000E+001    -0.396607024182E-013    -0.323854212054E+003     0.393978889853E-001
     0.685280482021E-004     0.400000000000E+001    -0.381201756939E-013    -0.311274856721E+003     0.408989618393E-001
     0.736397271730E-004     0.400000000000E+001    -0.366370822973E-013    -0.299164480100E+003     0.424281946210E-001
     0.790581065897E-004     0.400000000000E+001    -0.352159116362E-013    -0.287559740986E+003     0.439863024027E-001
     0.848015884613E-004     0.400000000000E+001    -0.338645717270E-013    -0.276525213234E+003     0.455745199519E-001
     0.908896789166E-004     0.400000000000E+001    -0.325891814941E-013    -0.266110861652E+003     0.471946269488E-001
     0.973430544509E-004     0.400000000000E+001    -0.313910075094E-013    -0.256327028587E+003     0.488488015239E-001
     0.104183632148E-003     0.400000000000E+001    -0.302657343637E-013    -0.247138476047E+003     0.505393714712E-001
     0.111434644115E-003     0.400000000000E+001    -0.292046714159E-013    -0.238474239562E+003     0.522685510362E-001
     0.119120716386E-003     0.400000000000E+001    -0.281970926063E-013    -0.230246734209E+003     0.540382440754E-001
     0.127267952553E-003     0.400000000000E+001    -0.272327946776E-013    -0.222372644068E+003     0.558499665237E-001
     0.135904022424E-003     0.400000000000E+001    -0.263041182501E-013    -0.214789425559E+003     0.577049030103E-001
     0.145058255993E-003     0.400000000000E+001    -0.254069837505E-013    -0.207463766436E+003     0.596040747854E-001
     0.154761743052E-003     0.400000000000E+001    -0.245408237738E-013    -0.200391033487E+003     0.615485665856E-001
     0.165047438780E-003     0.400000000000E+001    -0.237075730073E-013    -0.193587024633E+003     0.635397438178E-001
     0.175950275662E-003     0.400000000000E+001    -0.229100819233E-013    -0.187075015745E+003     0.655793921993E-001
     0.187507282134E-003     0.400000000000E+001    -0.221504354947E-013    -0.180872031921E+003     0.676697314428E-001
     0.199757708333E-003     0.400000000000E+001    -0.214286570291E-013    -0.174978263480E+003     0.698132897459E-001
     0.212743159403E-003     0.400000000000E+001    -0.207421440372E-013    -0.169372459485E+003     0.720126675311E-001
     0.226507736794E-003     0.400000000000E+001    -0.200859479873E-013    -0.164014212108E+003     0.742702538469E-001
     0.241098188040E-003     0.400000000000E+001    -0.194537537201E-013    -0.158851954161E+003     0.765879755395E-001
     0.256564065527E-003     0.400000000000E+001    -0.188392282425E-013    -0.153833972829E+003     0.789671529166E-001
     0.272957894778E-003     0.400000000000E+001    -0.182373431995E-013    -0.148919208478E+003     0.814085089925E-001
     0.290335352846E-003     0.400000000000E+001    -0.176453248048E-013    -0.144085011426E+003     0.839123402368E-001
     0.308755457403E-003     0.400000000000E+001    -0.170630109996E-013    -0.139330058360E+003     0.864788144798E-001
     0.328280767180E-003     0.400000000000E+001    -0.164925580108E-013    -0.134671956211E+003     0.891083261431E-001
     0.348977594427E-003     0.400000000000E+001    -0.159376054022E-013    -0.130140424270E+003     0.918018200220E-001
     0.370916230124E-003     0.400000000000E+001    -0.154021479543E-013    -0.125768082398E+003     0.945610001641E-001
     0.394171182707E-003     0.400000000000E+001    -0.148894384738E-013    -0.121581491775E+003     0.973883719903E-001
     0.418821431115E-003     0.400000000000E+001    -0.144013044694E-013    -0.117595575144E+003     0.100287132129E+000
     0.444950693017E-003     0.400000000000E+001    -0.139381930359E-013    -0.113813983310E+003     0.103261007507E+000
     0.472647709137E-003     0.400000000000E+001    -0.134976351254E-013    -0.110216554967E+003     0.106313677207E+000
     0.502006544641E-003     0.400000000000E+001    -0.130768989319E-013    -0.106780983227E+003     0.109448642528E+000
     0.533126908594E-003     0.400000000000E+001    -0.126730929776E-013    -0.103483657381E+003     0.112669091609E+000
     0.566114492604E-003     0.400000000000E+001    -0.122837400032E-013    -0.100304349072E+003     0.115977889751E+000
     0.601081329767E-003     0.400000000000E+001    -0.119071287751E-013    -0.972290850181E+002     0.119377683334E+000
     0.638146175159E-003     0.400000000000E+001    -0.115423592588E-013    -0.942505158784E+002     0.122871064133E+000
     0.677434909153E-003     0.400000000000E+001    -0.111891420159E-013    -0.913662782096E+002     0.126460729534E+000
     0.719080964939E-003     0.400000000000E+001    -0.108474846587E-013    -0.885764341708E+002     0.130149588653E+000
     0.763225781689E-003     0.400000000000E+001    -0.105174047721E-013    -0.858811273534E+002     0.133940795282E+000
     0.810019284919E-003     0.400000000000E+001    -0.101987598157E-013    -0.832791938279E+002     0.137837720507E+000
     0.859620395664E-003     0.400000000000E+001    -0.989121146372E-014    -0.807678709536E+002     0.141843896619E+000
     0.912197570216E-003     0.400000000000E+001    -0.959428258252E-014    -0.783432626387E+002     0.145962964014E+000
     0.967929372233E-003     0.400000000000E+001    -0.930744352506E-014    -0.760010439871E+002     0.150198639151E+000
     0.102700507918E-002     0.400000000000E+001    -0.903017947161E-014    -0.737370111766E+002     0.154554705214E+000
     0.108962532517E-002     0.400000000000E+001    -0.876202185960E-014    -0.715473381035E+002     0.159035017126E+000
     0.115600278233E-002     0.400000000000E+001    -0.850255191229E-014    -0.694286051963E+002     0.163643511393E+000
     0.122636288312E-002     0.400000000000E+001    -0.825139230909E-014    -0.673777313984E+002     0.168384215365E+000
     0.130094458593E-002     0.400000000000E+001    -0.800819804185E-014    -0.653918995046E+002     0.173261254581E+000
     0.138000118665E-002     0.400000000000E+001    -0.777264973276E-014    -0.634685015971E+002     0.178278858569E+000
     0.146380117888E-002     0.400000000000E+001    -0.754444960460E-014    -0.616051061404E+002     0.183441365985E+000
     0.155262916586E-002     0.400000000000E+001    -0.732332751857E-014    -0.597995072838E+002     0.188753235840E+000
     0.164678682697E-002     0.400000000000E+001    -0.710917871788E-014    -0.580508496232E+002     0.194219168065E+000
     0.174659394236E-002     0.400000000000E+001    -0.690154400113E-014    -0.563553834946E+002     0.199843836329E+000
     0.185238947896E-002     0.400000000000E+001    -0.670015377796E-014    -0.547109075256E+002     0.205632006148E+000
     0.196453274170E-002     0.400000000000E+001    -0.650478246152E-014    -0.531155796598E+002     0.211588560554E+000
     0.208340459379E-002     0.400000000000E+001    -0.631522501265E-014    -0.515677256254E+002     0.217718511607E+000
     0.220940875020E-002     0.400000000000E+001    -0.613129376807E-014    -0.500658130356E+002     0.224027012144E+000
     0.234297314879E-002     0.400000000000E+001    -0.595281610324E-014    -0.486084323038E+002     0.230519368171E+000
     0.248455140365E-002     0.400000000000E+001    -0.577963134387E-014    -0.471942714250E+002     0.237201050758E+000
     0.263462434571E-002     0.400000000000E+001    -0.561158724805E-014    -0.458220872496E+002     0.244077706203E+000
     0.279370165569E-002     0.400000000000E+001    -0.544853675080E-014    -0.444906789010E+002     0.251155163722E+000
     0.296232359518E-002     0.400000000000E+001    -0.529033540601E-014    -0.431988668871E+002     0.258439440440E+000
     0.314106284138E-002     0.400000000000E+001    -0.513684023678E-014    -0.419454837130E+002     0.265936744581E+000
     0.333052643213E-002     0.400000000000E+001    -0.498790989619E-014    -0.407293751934E+002     0.273653478254E+000
     0.353135782749E-002     0.400000000000E+001    -0.484340561909E-014    -0.395494082250E+002     0.281596241093E+000
     0.374423909507E-002     0.400000000000E+001    -0.470319215738E-014    -0.384044784231E+002     0.289771835141E+000
     0.396989322653E-002     0.400000000000E+001    -0.456713817876E-014    -0.372935133782E+002     0.298187270511E+000
     0.420908659296E-002     0.400000000000E+001    -0.443511622631E-014    -0.362154723255E+002     0.306849771253E+000
     0.446263154769E-002     0.400000000000E+001    -0.430698726227E-014    -0.351692199356E+002     0.315766749530E+000
     0.473138918520E-002     0.400000000000E+001    -0.418267064739E-014    -0.341540977391E+002     0.324945924150E+000
     0.501627226558E-002     0.400000000000E+001    -0.406201036895E-014    -0.331688317952E+002     0.334395163124E+000
     0.531824831448E-002     0.400000000000E+001    -0.394489813354E-014    -0.322125378214E+002     0.344122578020E+000
     0.563834290904E-002     0.400000000000E+001    -0.383121715699E-014    -0.312842622024E+002     0.354136501246E+000
     0.597764316095E-002     0.400000000000E+001    -0.372084991852E-014    -0.303830453083E+002     0.364445476173E+000
     0.633730140856E-002     0.400000000000E+001    -0.361375708090E-014    -0.295085659263E+002     0.375058475284E+000
     0.671853913045E-002     0.400000000000E+001    -0.350960579106E-014    -0.286581061046E+002     0.385984026369E+000
     0.712265109384E-002     0.400000000000E+001    -0.340828491105E-014    -0.278307583331E+002     0.397230768761E+000
     0.755100975191E-002     0.400000000000E+001    -0.330944110677E-014    -0.270236374200E+002     0.408806577823E+000
     0.800506990496E-002     0.400000000000E+001    -0.321268184252E-014    -0.262335380680E+002     0.420718182133E+000
     0.848637364120E-002     0.400000000000E+001    -0.311745062742E-014    -0.254559161841E+002     0.432970209702E+000
     0.899655557408E-002     0.400000000000E+001    -0.302295079120E-014    -0.246842664620E+002     0.445563676477E+000
     0.953734839373E-002     0.400000000000E+001    -0.292820351084E-014    -0.239105962052E+002     0.458494355218E+000
     0.101105887516E-001     0.400000000000E+001    -0.283168651034E-014    -0.231224750868E+002     0.471749091113E+000
     0.107182234982E-001     0.400000000000E+001    -0.273141640324E-014    -0.223037075272E+002     0.485301598783E+000
     0.113623162948E-001     0.400000000000E+001    -0.262459471224E-014    -0.214314422253E+002     0.499105436341E+000
     0.120450546223E-001     0.400000000000E+001    -0.250898485223E-014    -0.204874160777E+002     0.513092980529E+000
     0.127687572104E-001     0.400000000000E+001    -0.238090694013E-014    -0.194415805585E+002     0.527162902697E+000
     0.135358819124E-001     0.400000000000E+001    -0.223637606424E-014    -0.182613963944E+002     0.541171670964E+000
     0.143490340526E-001     0.400000000000E+001    -0.207233490281E-014    -0.169218986588E+002     0.554931749075E+000
     0.152109752747E-001     0.400000000000E+001    -0.188429720057E-014    -0.153864542975E+002     0.568193968296E+000
     0.161246329208E-001     0.400000000000E+001    -0.167060436557E-014    -0.136415198793E+002     0.580657647238E+000
     0.170931099734E-001     0.400000000000E+001    -0.143160496715E-014    -0.116899416889E+002     0.591979087510E+000
     0.181196955938E-001     0.400000000000E+001    -0.117231115856E-014    -0.957264706341E+001     0.601806229333E+000
     0.192078762926E-001     0.400000000000E+001    -0.907793638751E-015    -0.741269759887E+001     0.609872583787E+000
     0.203613477710E-001     0.400000000000E+001    -0.664604296801E-015    -0.542690592311E+001     0.616132364985E+000
     0.215840274722E-001     0.400000000000E+001    -0.475805020610E-015    -0.388524283852E+001     0.620882772538E+000
     0.228800678855E-001     0.400000000000E+001    -0.358049727413E-015    -0.292369789936E+001     0.624672003172E+000
     0.242538706494E-001     0.400000000000E+001    -0.300702419820E-015    -0.245542159608E+001     0.628045268147E+000
     0.257101015006E-001     0.400000000000E+001    -0.281411896518E-015    -0.229790251944E+001     0.631391544689E+000
     0.272537061195E-001     0.400000000000E+001    -0.280330775052E-015    -0.228907449272E+001     0.634924970649E+000
     0.288899269272E-001     0.400000000000E+001    -0.293998427965E-015    -0.240067934828E+001     0.638853012151E+000
     0.306243208897E-001     0.400000000000E+001    -0.309312150670E-015    -0.252572538372E+001     0.643233615008E+000
     0.324627783907E-001     0.400000000000E+001    -0.326485265128E-015    -0.266595450505E+001     0.648134859065E+000
     0.344115432366E-001     0.400000000000E+001    -0.341808989768E-015    -0.279108221248E+001     0.653574021963E+000
     0.364772338618E-001     0.400000000000E+001    -0.354157593785E-015    -0.289191621643E+001     0.659547826180E+000
     0.386668658063E-001     0.400000000000E+001    -0.363946845592E-015    -0.297185152360E+001     0.666055087210E+000
     0.409878755421E-001     0.400000000000E+001    -0.372143565725E-015    -0.303878282281E+001     0.673108131727E+000
     0.434481457293E-001     0.400000000000E+001    -0.379135851930E-015    -0.309587917262E+001     0.680724830958E+000
     0.460560319869E-001     0.400000000000E+001    -0.385791007273E-015    -0.315022264004E+001     0.688940253290E+000
     0.488203912708E-001     0.400000000000E+001    -0.391122463485E-015    -0.319375728379E+001     0.697768945888E+000
     0.517506119535E-001     0.400000000000E+001    -0.394136446667E-015    -0.321836832417E+001     0.707199475316E+000
     0.548566457095E-001     0.400000000000E+001    -0.394076752176E-015    -0.321788088166E+001     0.717194321957E+000
     0.581490413132E-001     0.400000000000E+001    -0.391806291592E-015    -0.319934116404E+001     0.727727818740E+000
     0.616389804647E-001     0.400000000000E+001    -0.385468588051E-015    -0.314758988730E+001     0.738712715921E+000
     0.653383157655E-001     0.400000000000E+001    -0.375256389821E-015    -0.306420096050E+001     0.750048222703E+000
     0.692596109728E-001     0.400000000000E+001    -0.361480308294E-015    -0.295171071811E+001     0.761622751795E+000
     0.734161836681E-001     0.400000000000E+001    -0.344419360077E-015    -0.281239750364E+001     0.773312686467E+000
     0.778221504872E-001     0.400000000000E+001    -0.326631458427E-015    -0.266714826392E+001     0.785064053219E+000
     0.824924750635E-001     0.400000000000E+001    -0.310207007919E-015    -0.253303244768E+001     0.796894136912E+000
     0.874430188470E-001     0.400000000000E+001    -0.297308754660E-015    -0.242771021707E+001     0.808912622636E+000
     0.926905949743E-001     0.400000000000E+001    -0.291379750975E-015    -0.237929622792E+001     0.821398160721E+000
     0.982530253690E-001     0.400000000000E+001    -0.291450469141E-015    -0.237987368557E+001     0.834636042445E+000
     0.104149201269E+000     0.400000000000E+001    -0.295365791970E-015    -0.241184472270E+001     0.848856703174E+000
     0.110399147386E+000     0.400000000000E+001    -0.300643561505E-015    -0.245494098147E+001     0.864199952027E+000
     0.117024089912E+000     0.400000000000E+001    -0.305858510438E-015    -0.249752427109E+001     0.880745906781E+000
     0.124046528610E+000     0.400000000000E+001    -0.309460127775E-015    -0.252693370848E+001     0.898491143844E+000
     0.131490313229E+000     0.400000000000E+001    -0.309917275989E-015    -0.253066660694E+001     0.917328881007E+000
     0.139380724499E+000     0.400000000000E+001    -0.306978341744E-015    -0.250666838763E+001     0.937107525503E+000
     0.147744559993E+000     0.400000000000E+001    -0.301222127360E-015    -0.245966533020E+001     0.957679761696E+000
     0.156610225139E+000     0.400000000000E+001    -0.293012358527E-015    -0.239262748028E+001     0.978891995754E+000
     0.166007829686E+000     0.400000000000E+001    -0.282400350087E-015    -0.230597385535E+001     0.100056262614E+001
     0.175969289968E+000     0.400000000000E+001    -0.270320421578E-015    -0.220733375342E+001     0.102255089366E+001
     0.185969289968E+000     0.400000000000E+001    -0.260729409780E-015    -0.212901719876E+001     0.104384106564E+001
     0.195969289968E+000     0.400000000000E+001    -0.256604508714E-015    -0.209533482546E+001     0.106479441390E+001
     0.205969289968E+000     0.400000000000E+001    -0.258225144129E-015    -0.210856831790E+001     0.108588009708E+001
     0.215969289968E+000     0.400000000000E+001    -0.261996732644E-015    -0.213936567528E+001     0.110727375383E+001
     0.225969289968E+000     0.400000000000E+001    -0.264292404418E-015    -0.215811125789E+001     0.112885486641E+001
     0.235969289968E+000     0.400000000000E+001    -0.264057882850E-015    -0.215619624396E+001     0.115041682885E+001
     0.245969289968E+000     0.400000000000E+001    -0.261975059656E-015    -0.213918870190E+001     0.117180871587E+001
     0.255969289968E+000     0.400000000000E+001    -0.257912942571E-015    -0.210601899871E+001     0.119286890586E+001
     0.265969289968E+000     0.400000000000E+001    -0.254307218234E-015    -0.207657602511E+001     0.121363466611E+001
     0.275969289968E+000     0.400000000000E+001    -0.251919717029E-015    -0.205708059829E+001     0.123420547209E+001
     0.285969289968E+000     0.400000000000E+001    -0.251139845682E-015    -0.205071246548E+001     0.125471259674E+001
     0.295969289968E+000     0.400000000000E+001    -0.252061520995E-015    -0.205823851555E+001     0.127529498190E+001
     0.305969289968E+000     0.400000000000E+001    -0.253017279097E-015    -0.206604287271E+001     0.129595541063E+001
     0.315969289968E+000     0.400000000000E+001    -0.253888580083E-015    -0.207315758519E+001     0.131668698648E+001
     0.325969289968E+000     0.400000000000E+001    -0.253784355431E-015    -0.207230652632E+001     0.133741005174E+001
     0.335969289968E+000     0.400000000000E+001    -0.252257138941E-015    -0.205983585730E+001     0.135800841032E+001
     0.345969289968E+000     0.400000000000E+001    -0.249658882394E-015    -0.203861948251E+001     0.137839460514E+001
     0.355969289968E+000     0.400000000000E+001    -0.246390757798E-015    -0.201193322001E+001     0.139851393734E+001
     0.365969289968E+000     0.400000000000E+001    -0.243633815688E-015    -0.198942107927E+001     0.141840814813E+001
     0.375969289968E+000     0.400000000000E+001    -0.241990706093E-015    -0.197600407123E+001     0.143816818885E+001
     0.385969289968E+000     0.400000000000E+001    -0.241631160194E-015    -0.197306815616E+001     0.145789887041E+001
     0.395969289968E+000     0.400000000000E+001    -0.242313725439E-015    -0.197864172435E+001     0.147768528765E+001
     0.405969289968E+000     0.400000000000E+001    -0.242604156542E-015    -0.198101327428E+001     0.149749542039E+001
     0.415969289968E+000     0.400000000000E+001    -0.242605929191E-015    -0.198102774906E+001     0.151730569788E+001
     0.425969289968E+000     0.400000000000E+001    -0.241612382349E-015    -0.197291482342E+001     0.153703484612E+001
     0.435969289968E+000     0.400000000000E+001    -0.240467773394E-015    -0.196356838202E+001     0.155667052994E+001
     0.445969289968E+000     0.400000000000E+001    -0.238852373961E-015    -0.195037764462E+001     0.157617430638E+001
     0.455969289968E+000     0.400000000000E+001    -0.236930406299E-015    -0.193468358766E+001     0.159552114226E+001
     0.465969289968E+000     0.400000000000E+001    -0.234827862508E-015    -0.191751501471E+001     0.161469629241E+001
     0.475969289968E+000     0.400000000000E+001    -0.232753551399E-015    -0.190057697910E+001     0.163370206220E+001
     0.485969289968E+000     0.400000000000E+001    -0.231071631790E-015    -0.188684306325E+001     0.165257049283E+001
     0.495969289968E+000     0.400000000000E+001    -0.230071051579E-015    -0.187867270579E+001     0.167135721989E+001
     0.505969289968E+000     0.400000000000E+001    -0.230011347487E-015    -0.187818518488E+001     0.169013907174E+001
     0.515969289968E+000     0.400000000000E+001    -0.230610891191E-015    -0.188308083075E+001     0.170896988005E+001
     0.525969289968E+000     0.400000000000E+001    -0.231436791043E-015    -0.188982481483E+001     0.172786812819E+001
     0.535969289968E+000     0.400000000000E+001    -0.232307503787E-015    -0.189693472394E+001     0.174683747543E+001
     0.545969289968E+000     0.400000000000E+001    -0.233116890234E-015    -0.190354386584E+001     0.176587291409E+001
     0.555969289968E+000     0.400000000000E+001    -0.233609283173E-015    -0.190756455932E+001     0.178494855969E+001
     0.565969289968E+000     0.400000000000E+001    -0.233741175041E-015    -0.190864153814E+001     0.180403497507E+001
     0.575969289968E+000     0.400000000000E+001    -0.232627152722E-015    -0.189954485558E+001     0.182303042362E+001
     0.585969289968E+000     0.400000000000E+001    -0.231052716901E-015    -0.188668861146E+001     0.184189730974E+001
     0.595969289968E+000     0.400000000000E+001    -0.229365922906E-015    -0.187291489322E+001     0.186062645867E+001
     0.605969289968E+000     0.400000000000E+001    -0.227411560519E-015    -0.185695631326E+001     0.187919602180E+001
     0.615969289968E+000     0.400000000000E+001    -0.225470894336E-015    -0.184110957129E+001     0.189760711751E+001
     0.625969289968E+000     0.400000000000E+001    -0.223755228886E-015    -0.182710009974E+001     0.191587811851E+001
     0.635969289968E+000     0.400000000000E+001    -0.222408737538E-015    -0.181610516349E+001     0.193403917015E+001
     0.645969289968E+000     0.400000000000E+001    -0.221577266105E-015    -0.180931568400E+001     0.195213232699E+001
     0.655969289968E+000     0.400000000000E+001    -0.221549550734E-015    -0.180908937081E+001     0.197022322069E+001
     0.665969289968E+000     0.400000000000E+001    -0.221581215053E-015    -0.180934792960E+001     0.198831669999E+001
     0.675969289968E+000     0.400000000000E+001    -0.222321145818E-015    -0.181538992281E+001     0.200647059922E+001
     0.685969289968E+000     0.400000000000E+001    -0.223194953024E-015    -0.182252510013E+001     0.202469585022E+001
     0.695969289968E+000     0.400000000000E+001    -0.223958901596E-015    -0.182876321362E+001     0.204298348236E+001
     0.705969289968E+000     0.400000000000E+001    -0.224744497705E-015    -0.183517809267E+001     0.206133526328E+001
     0.715969289968E+000     0.400000000000E+001    -0.225292416667E-015    -0.183965219052E+001     0.207973178519E+001
     0.725969289968E+000     0.400000000000E+001    -0.225500038128E-015    -0.184134754841E+001     0.209814526067E+001
     0.735969289968E+000     0.400000000000E+001    -0.225511463668E-015    -0.184144084502E+001     0.211655966912E+001
     0.745969289968E+000     0.400000000000E+001    -0.225417997782E-015    -0.184067763815E+001     0.213496644550E+001
     0.755969289968E+000     0.400000000000E+001    -0.225069056029E-015    -0.183782831251E+001     0.215334472863E+001
