   _____  _____  _    _ _   ______  _____ 
  |  __ \|  __ \| |  | | | |  ____|/ ____|
  | |  | | |__) | |  | | |_| |__  | (___  
  | |  | |  _  /| |  | | __|  __|  \___ \ 
  | |__| | | \ \| |__| | |_| |____ ____) | 
  |_____/|_|  \_\\____/ \__|______|_____/ 
  
  
  
 DRUtES is initialising, reading input files
 ---------------------------------------------------------------
 18hrs : 30min : 56.352s  -  2018/02/26    total number of parallel images is:                    1
 ---------------------------------------------------------------
 18hrs : 30min : 56.352s  -  2018/02/26    reading input files and allocating...
 ---------------------------------------------------------------
 18hrs : 30min : 56.394s  -  2018/02/26    number of nodes:                 2097 number of elements:                 3861
 ---------------------------------------------------------------
 18hrs : 30min : 56.400s  -  2018/02/26    calculating elements geometrical properties...
 ---------------------------------------------------------------
 18hrs : 30min : 56.403s  -  2018/02/26    analyzing mesh structure...
 ---------------------------------------------------------------
 18hrs : 30min : 56.405s  -  2018/02/26    creating graph of the discretization mesh, and searching for boundary nodes...
 ---------------------------------------------------------------
 18hrs : 30min : 56.474s  -  2018/02/26    DRUtES solves Richards' equation, in                    2 D, in cylindric coordinates and axysimmetric flow, in total hydraulic head form.
 ---------------------------------------------------------------
 18hrs : 30min : 56.474s  -  2018/02/26    making output files for observation time
 ---------------------------------------------------------------
 18hrs : 30min : 56.864s  -  2018/02/26    go 4 solving
 ---------------------------------------------------------------
 18hrs : 33min : 30.256s  -  2018/02/26    making output files for observation time
 ---------------------------------------------------------------
 18hrs : 33min : 30.566s  -  2018/02/26    # real elapsed CPU time =   1.9508387247721355 min
 ---------------------------------------------------------------
 18hrs : 33min : 30.566s  -  2018/02/26    minimal adjusted time step was   9.9999999999999995E-007
 ---------------------------------------------------------------
 18hrs : 33min : 30.566s  -  2018/02/26    F I N I S H E D !!!!!
 ---------------------------------------------------------------
 18hrs : 33min : 30.566s  -  2018/02/26    Peak RAM  consumption on image                    1 was:                24064 kB
 ---------------------------------------------------------------
 18hrs : 33min : 30.566s  -  2018/02/26    Peak SWAP consumption on image                    1 was:                    0 kB
