 #        time                      h  [L]            Darcian flow [L.T^{-1}]   in    x         z              directions   cumulative flux
 #-----------------------------------------------------------------------------------------------

     0.100000000000E-005     0.400000000000E+001    -0.189387077762E-012    -0.154646284866E+004     0.154646284866E-002
     0.205999994278E-005     0.400000000000E+001    -0.168197093978E-012    -0.137343350013E+004     0.300230228021E-002
     0.318359982147E-005     0.400000000000E+001    -0.150550745971E-012    -0.122934013362E+004     0.438358870523E-002
     0.437461562859E-005     0.400000000000E+001    -0.135817249153E-012    -0.110903200211E+004     0.570446335034E-002
     0.563709231599E-005     0.400000000000E+001    -0.123461146171E-012    -0.100813676447E+004     0.697721251319E-002
     0.697531753239E-005     0.400000000000E+001    -0.113035847528E-012    -0.923007740736E+003     0.821240474677E-002
     0.839383618521E-005     0.400000000000E+001    -0.104174438683E-012    -0.850648846309E+003     0.941906600226E-002
     0.989746587602E-005     0.400000000000E+001    -0.965791695335E-013    -0.788628767092E+003     0.106048716315E-001
     0.114913132622E-004     0.400000000000E+001    -0.900107393965E-013    -0.734993464722E+003     0.117763390441E-001
     0.131807914004E-004     0.400000000000E+001    -0.842781555149E-013    -0.688183364980E+003     0.129390097943E-001
     0.149716381303E-004     0.400000000000E+001    -0.792296333479E-013    -0.646959053035E+003     0.140976142988E-001
     0.168699355614E-004     0.400000000000E+001    -0.747447553988E-013    -0.610337245407E+003     0.152562159239E-001
     0.188821307298E-004     0.400000000000E+001    -0.707279238330E-013    -0.577537326535E+003     0.164183337419E-001
     0.210150574931E-004     0.400000000000E+001    -0.671030270415E-013    -0.547937797969E+003     0.175870449358E-001
     0.232759597402E-004     0.400000000000E+001    -0.638091792075E-013    -0.521041489284E+003     0.187650688098E-001
     0.256725159928E-004     0.400000000000E+001    -0.607973693470E-013    -0.496448195425E+003     0.199548348366E-001
     0.282128654833E-004     0.400000000000E+001    -0.580278577480E-013    -0.473833417018E+003     0.211585373161E-001
     0.309056357980E-004     0.400000000000E+001    -0.554681719414E-013    -0.452931996229E+003     0.223781791501E-001
     0.337599721774E-004     0.400000000000E+001    -0.530915738038E-013    -0.433525599714E+003     0.236156070408E-001
     0.367855685763E-004     0.400000000000E+001    -0.508758898839E-013    -0.415433167500E+003     0.248725401364E-001
     0.399927005860E-004     0.400000000000E+001    -0.488026165970E-013    -0.398503606354E+003     0.261505938083E-001
     0.433922603327E-004     0.400000000000E+001    -0.468562298210E-013    -0.382610152197E+003     0.274512998804E-001
     0.469957934698E-004     0.400000000000E+001    -0.450236443998E-013    -0.367645956623E+003     0.287761242678E-001
     0.508155383889E-004     0.400000000000E+001    -0.432937829756E-013    -0.353520566140E+003     0.301264826541E-001
     0.548644677845E-004     0.400000000000E+001    -0.416572252261E-013    -0.340157057979E+003     0.315037545653E-001
     0.591563327122E-004     0.400000000000E+001    -0.401059178427E-013    -0.327489671885E+003     0.329092960022E-001
     0.637057092900E-004     0.400000000000E+001    -0.386329324259E-013    -0.315461833181E+003     0.343444506773E-001
     0.685280482021E-004     0.400000000000E+001    -0.372322630789E-013    -0.304024500002E+003     0.358105598539E-001
     0.736397271730E-004     0.400000000000E+001    -0.358986582226E-013    -0.293134789946E+003     0.373089707953E-001
     0.790581065897E-004     0.400000000000E+001    -0.346274825062E-013    -0.282754852504E+003     0.388410438680E-001
     0.848015884613E-004     0.400000000000E+001    -0.334146051745E-013    -0.272850957499E+003     0.404081583961E-001
     0.908896789166E-004     0.400000000000E+001    -0.322563113051E-013    -0.263392770288E+003     0.420117174069E-001
     0.973430544509E-004     0.400000000000E+001    -0.311492322851E-013    -0.254352784058E+003     0.436531514406E-001
     0.104183632148E-003     0.400000000000E+001    -0.300902919543E-013    -0.245705880056E+003     0.453339216037E-001
     0.111434644115E-003     0.400000000000E+001    -0.290766650736E-013    -0.237428988455E+003     0.470555220404E-001
     0.119120716386E-003     0.400000000000E+001    -0.281057451697E-013    -0.229500825783E+003     0.488194819736E-001
     0.127267952553E-003     0.400000000000E+001    -0.271751193099E-013    -0.221901688951E+003     0.506273674393E-001
     0.135904022424E-003     0.400000000000E+001    -0.262825478912E-013    -0.214613290212E+003     0.524807828088E-001
     0.145058255993E-003     0.400000000000E+001    -0.254259480278E-013    -0.207618621512E+003     0.543813721634E-001
     0.154761743052E-003     0.400000000000E+001    -0.246033795422E-013    -0.200901840101E+003     0.563308205690E-001
     0.165047438780E-003     0.400000000000E+001    -0.238130328948E-013    -0.194448169965E+003     0.583308552800E-001
     0.175950275662E-003     0.400000000000E+001    -0.230532186185E-013    -0.188243815560E+003     0.603832468952E-001
     0.187507282134E-003     0.400000000000E+001    -0.223223579762E-013    -0.182275885519E+003     0.624898104838E-001
     0.199757708333E-003     0.400000000000E+001    -0.216189746489E-013    -0.176532324781E+003     0.646524067003E-001
     0.212743159403E-003     0.400000000000E+001    -0.209416873086E-013    -0.171001853948E+003     0.668729429076E-001
     0.226507736794E-003     0.400000000000E+001    -0.202892029573E-013    -0.165673914890E+003     0.691533743307E-001
     0.241098188040E-003     0.400000000000E+001    -0.196603109275E-013    -0.160538621758E+003     0.714957052647E-001
     0.256564065527E-003     0.400000000000E+001    -0.190538774672E-013    -0.155586716762E+003     0.739019903647E-001
     0.272957894778E-003     0.400000000000E+001    -0.184688409190E-013    -0.150809530812E+003     0.763743360622E-001
     0.290335352846E-003     0.400000000000E+001    -0.179042082255E-013    -0.146198954980E+003     0.789149022720E-001
     0.308755457403E-003     0.400000000000E+001    -0.173590844848E-013    -0.141747681837E+003     0.815259093922E-001
     0.328280767180E-003     0.400000000000E+001    -0.168325717550E-013    -0.137448379130E+003     0.842096315731E-001
     0.348977594427E-003     0.400000000000E+001    -0.163238319335E-013    -0.133294203233E+003     0.869683986703E-001
     0.370916230124E-003     0.400000000000E+001    -0.158320908911E-013    -0.129278832902E+003     0.898045998887E-001
     0.394171182707E-003     0.400000000000E+001    -0.153566248818E-013    -0.125396358301E+003     0.927206862551E-001
     0.418821431115E-003     0.400000000000E+001    -0.148967548551E-013    -0.121641234562E+003     0.957191729037E-001
     0.444950693017E-003     0.400000000000E+001    -0.144518424889E-013    -0.118008249390E+003     0.988026413586E-001
     0.472647709137E-003     0.400000000000E+001    -0.140212867573E-013    -0.114492495037E+003     0.101973741839E+000
     0.502006544641E-003     0.400000000000E+001    -0.136045207302E-013    -0.111089342166E+003     0.105235195562E+000
     0.533126908594E-003     0.400000000000E+001    -0.132010084777E-013    -0.107794414576E+003     0.108589796976E+000
     0.566114492604E-003     0.400000000000E+001    -0.128102419817E-013    -0.104603563988E+003     0.112040415831E+000
     0.601081329767E-003     0.400000000000E+001    -0.124317379528E-013    -0.101512844041E+003     0.115589998918E+000
     0.638146175159E-003     0.400000000000E+001    -0.120650344313E-013    -0.985184825512E+002     0.119241571242E+000
     0.677434909153E-003     0.400000000000E+001    -0.117096870429E-013    -0.956168509243E+002     0.122998236264E+000
     0.719080964939E-003     0.400000000000E+001    -0.113652647741E-013    -0.928044296692E+002     0.126863174719E+000
     0.763225781689E-003     0.400000000000E+001    -0.110313451563E-013    -0.900777690675E+002     0.130839641328E+000
     0.810019284919E-003     0.400000000000E+001    -0.107075087885E-013    -0.874334444511E+002     0.134930958493E+000
     0.859620395664E-003     0.400000000000E+001    -0.103933332072E-013    -0.848680061419E+002     0.139140505864E+000
     0.912197570216E-003     0.400000000000E+001    -0.100883862126E-013    -0.823779249626E+002     0.143471704404E+000
     0.967929372233E-003     0.400000000000E+001    -0.979221889471E-014    -0.799595352842E+002     0.147927993394E+000
     0.102700507918E-002     0.400000000000E+001    -0.950435873893E-014    -0.776089787321E+002     0.152512798678E+000
     0.108962532517E-002     0.400000000000E+001    -0.922430336904E-014    -0.753221530931E+002     0.157229490433E+000
     0.115600278233E-002     0.400000000000E+001    -0.895151722277E-014    -0.730946851697E+002     0.162081329766E+000
     0.122636288312E-002     0.400000000000E+001    -0.868543561815E-014    -0.709219639834E+002     0.167071406301E+000
     0.130094458593E-002     0.400000000000E+001    -0.842542801663E-014    -0.687988407963E+002     0.172202540999E+000
     0.138000118665E-002     0.400000000000E+001    -0.817083891955E-014    -0.667199630558E+002     0.177477194478E+000
     0.146380117888E-002     0.400000000000E+001    -0.792098221744E-014    -0.646797282527E+002     0.182897355203E+000
     0.155262916586E-002     0.400000000000E+001    -0.767514894903E-014    -0.626723472790E+002     0.188464413651E+000
     0.164678682697E-002     0.400000000000E+001    -0.743261943131E-014    -0.606919434770E+002     0.194179025097E+000
     0.174659394236E-002     0.400000000000E+001    -0.719267857994E-014    -0.587326777398E+002     0.200040964241E+000
     0.185238947896E-002     0.400000000000E+001    -0.695463360882E-014    -0.567888930397E+002     0.206048975653E+000
     0.196453274170E-002     0.400000000000E+001    -0.671783320641E-014    -0.548552710143E+002     0.212200624724E+000
     0.208340459379E-002     0.400000000000E+001    -0.648168716331E-014    -0.529269922382E+002     0.218492154316E+000
     0.220940875020E-002     0.400000000000E+001    -0.624568536916E-014    -0.509998913443E+002     0.224918352603E+000
     0.234297314879E-002     0.400000000000E+001    -0.600941512947E-014    -0.490705984261E+002     0.231472437570E+000
     0.248455140365E-002     0.400000000000E+001    -0.577257586966E-014    -0.471366591060E+002     0.238145963506E+000
     0.263462434571E-002     0.400000000000E+001    -0.553499047958E-014    -0.451966271698E+002     0.244928754316E+000
     0.279370165569E-002     0.400000000000E+001    -0.529661278788E-014    -0.432501256000E+002     0.251808867953E+000
     0.296232359518E-002     0.400000000000E+001    -0.505753088231E-014    -0.412978736876E+002     0.258772595511E+000
     0.314106284138E-002     0.400000000000E+001    -0.481796630134E-014    -0.393416804314E+002     0.265804497816E+000
     0.333052643213E-002     0.400000000000E+001    -0.457826941688E-014    -0.373844068352E+002     0.272887481773E+000
     0.353135782749E-002     0.400000000000E+001    -0.433892210840E-014    -0.354299877435E+002     0.280002935649E+000
     0.374423909507E-002     0.400000000000E+001    -0.410049487136E-014    -0.334830816054E+002     0.287130856503E+000
     0.396989322653E-002     0.400000000000E+001    -0.386365281711E-014    -0.315491194669E+002     0.294250045655E+000
     0.420908659296E-002     0.400000000000E+001    -0.362914599485E-014    -0.296342259448E+002     0.301338355920E+000
     0.446263154769E-002     0.400000000000E+001    -0.339780959494E-014    -0.277452208858E+002     0.308373016694E+000
     0.473138918520E-002     0.400000000000E+001    -0.317048256362E-014    -0.258889548058E+002     0.315330871025E+000
     0.501627226558E-002     0.400000000000E+001    -0.294800501254E-014    -0.240722877371E+002     0.322188658507E+000
     0.531824831448E-002     0.400000000000E+001    -0.273174354030E-014    -0.223063788041E+002     0.328924650644E+000
     0.563834290904E-002     0.400000000000E+001    -0.252188911881E-014    -0.205927874107E+002     0.335516290581E+000
     0.597764316095E-002     0.400000000000E+001    -0.231938636614E-014    -0.189392269490E+002     0.341942375056E+000
     0.633730140856E-002     0.400000000000E+001    -0.212433954978E-014    -0.173465488274E+002     0.348181204409E+000
     0.671853913045E-002     0.400000000000E+001    -0.193907388215E-014    -0.158337398465E+002     0.354217623317E+000
     0.712265109384E-002     0.400000000000E+001    -0.176245879332E-014    -0.143915682019E+002     0.360033428200E+000
     0.755100975191E-002     0.400000000000E+001    -0.159601766582E-014    -0.130324732562E+002     0.365616000955E+000
     0.800506990496E-002     0.400000000000E+001    -0.144004671870E-014    -0.117588738214E+002     0.370955237002E+000
     0.848637364120E-002     0.400000000000E+001    -0.129484925530E-014    -0.105732465573E+002     0.376044180074E+000
     0.899655557408E-002     0.400000000000E+001    -0.116055469213E-014    -0.947664822982E+001     0.380878994785E+000
     0.953734839373E-002     0.400000000000E+001    -0.103740156669E-014    -0.847102664554E+001     0.385460065170E+000
     0.101105887516E-001     0.400000000000E+001    -0.925322067071E-015    -0.755582807807E+001     0.389791370762E+000
     0.107182234982E-001     0.400000000000E+001    -0.824278475951E-015    -0.673074454222E+001     0.393881205016E+000
     0.113623162948E-001     0.400000000000E+001    -0.734151448224E-015    -0.599480151122E+001     0.397742413486E+000
     0.120450546223E-001     0.400000000000E+001    -0.655246780065E-015    -0.535049600033E+001     0.401395402177E+000
     0.127687572104E-001     0.400000000000E+001    -0.586068440287E-015    -0.478561198784E+001     0.404858761958E+000
     0.135358819124E-001     0.400000000000E+001    -0.527265126403E-015    -0.430544649094E+001     0.408161576315E+000
     0.143490340526E-001     0.400000000000E+001    -0.479028315558E-015    -0.391156303917E+001     0.411342272172E+000
     0.152109752747E-001     0.400000000000E+001    -0.439887836634E-015    -0.359195677431E+001     0.414438327783E+000
     0.161246329208E-001     0.400000000000E+001    -0.409758315977E-015    -0.334593056759E+001     0.417495362830E+000
     0.170931099734E-001     0.400000000000E+001    -0.387956122057E-015    -0.316790214392E+001     0.420563403361E+000
     0.181196955938E-001     0.400000000000E+001    -0.374478870093E-015    -0.305785203010E+001     0.423702550284E+000
     0.192078762926E-001     0.400000000000E+001    -0.368052542985E-015    -0.300537708702E+001     0.426972943623E+000
     0.203613477710E-001     0.400000000000E+001    -0.367931188341E-015    -0.300438615115E+001     0.430438417359E+000
     0.215840274722E-001     0.400000000000E+001    -0.372531556754E-015    -0.304195100998E+001     0.434157749111E+000
     0.228800678855E-001     0.400000000000E+001    -0.380099318987E-015    -0.310374647818E+001     0.438180329979E+000
     0.242538706494E-001     0.400000000000E+001    -0.389647692079E-015    -0.318171486138E+001     0.442551378649E+000
     0.257101015006E-001     0.400000000000E+001    -0.399777066831E-015    -0.326442748317E+001     0.447305138662E+000
     0.272537061195E-001     0.400000000000E+001    -0.409366270033E-015    -0.334272926952E+001     0.452464991002E+000
     0.288899269272E-001     0.400000000000E+001    -0.418826165561E-015    -0.341997517858E+001     0.458060825551E+000
     0.306243208897E-001     0.400000000000E+001    -0.428040151883E-015    -0.349521308659E+001     0.464122902026E+000
     0.324627783907E-001     0.400000000000E+001    -0.437190005622E-015    -0.356992731232E+001     0.470686061672E+000
     0.344115432366E-001     0.400000000000E+001    -0.445727201194E-015    -0.363963880447E+001     0.477778861826E+000
     0.364772338618E-001     0.400000000000E+001    -0.453172895354E-015    -0.370043751120E+001     0.485422820901E+000
     0.386668658063E-001     0.400000000000E+001    -0.458669303087E-015    -0.374531908634E+001     0.493623691215E+000
     0.409878755421E-001     0.400000000000E+001    -0.461857793806E-015    -0.377135508889E+001     0.502377043094E+000
     0.434481457293E-001     0.400000000000E+001    -0.462490173723E-015    -0.377651886279E+001     0.511668299863E+000
     0.460560319869E-001     0.400000000000E+001    -0.459612485662E-015    -0.375302075653E+001     0.521455751119E+000
     0.488203912708E-001     0.400000000000E+001    -0.452495323992E-015    -0.369490472116E+001     0.531669795288E+000
     0.517506119535E-001     0.400000000000E+001    -0.441187587886E-015    -0.360257004871E+001     0.542226120555E+000
     0.548566457095E-001     0.400000000000E+001    -0.425939332168E-015    -0.347805859179E+001     0.553029087947E+000
     0.581490413132E-001     0.400000000000E+001    -0.407263691568E-015    -0.332556041343E+001     0.563978148432E+000
     0.616389804647E-001     0.400000000000E+001    -0.386642200023E-015    -0.315717315631E+001     0.574996490638E+000
     0.653383157655E-001     0.400000000000E+001    -0.366096366344E-015    -0.298940369255E+001     0.586055297246E+000
     0.692596109728E-001     0.400000000000E+001    -0.348761259609E-015    -0.284785180390E+001     0.597222564876E+000
     0.734161836681E-001     0.400000000000E+001    -0.337403012003E-015    -0.275510467376E+001     0.608674357735E+000
     0.778221504872E-001     0.400000000000E+001    -0.333138803507E-015    -0.272028476895E+001     0.620659842166E+000
     0.824924750635E-001     0.400000000000E+001    -0.334385522103E-015    -0.273046499885E+001     0.633411999955E+000
     0.874430188470E-001     0.400000000000E+001    -0.338972034846E-015    -0.276791671756E+001     0.647114692854E+000
     0.926905949743E-001     0.400000000000E+001    -0.345051366848E-015    -0.281755823057E+001     0.661900044162E+000
     0.982530253690E-001     0.400000000000E+001    -0.351175791669E-015    -0.286756795440E+001     0.677850691311E+000
     0.104149201269E+000     0.400000000000E+001    -0.355635458888E-015    -0.290398390079E+001     0.694973091201E+000
     0.110399147386E+000     0.400000000000E+001    -0.356768773217E-015    -0.291323811458E+001     0.713180672442E+000
     0.117024089912E+000     0.400000000000E+001    -0.354187575044E-015    -0.289216103199E+001     0.732341073055E+000
     0.124046528610E+000     0.400000000000E+001    -0.348282016100E-015    -0.284393848367E+001     0.752312456719E+000
     0.131490313229E+000     0.400000000000E+001    -0.339358619865E-015    -0.277107342379E+001     0.772939730448E+000
     0.139380724499E+000     0.400000000000E+001    -0.327149751794E-015    -0.267138045045E+001     0.794018020860E+000
     0.147744559993E+000     0.400000000000E+001    -0.312213097153E-015    -0.254941340941E+001     0.815340895224E+000
     0.156610225139E+000     0.400000000000E+001    -0.297185316608E-015    -0.242670226889E+001     0.836855224948E+000
     0.166007829686E+000     0.400000000000E+001    -0.287690505187E-015    -0.234917124992E+001     0.858931807368E+000
     0.175969289968E+000     0.400000000000E+001    -0.287475053804E-015    -0.234741195588E+001     0.882315458332E+000
     0.185969289968E+000     0.400000000000E+001    -0.293189197316E-015    -0.239407147857E+001     0.906256173117E+000
     0.195969289968E+000     0.400000000000E+001    -0.297107015580E-015    -0.242606289247E+001     0.930516802042E+000
     0.205969289968E+000     0.400000000000E+001    -0.296594980865E-015    -0.242188181173E+001     0.954735620159E+000
     0.215969289968E+000     0.400000000000E+001    -0.292257632145E-015    -0.238646467168E+001     0.978600266876E+000
     0.225969289968E+000     0.400000000000E+001    -0.286304267221E-015    -0.233785175792E+001     0.100197878446E+001
     0.235969289968E+000     0.400000000000E+001    -0.281457869862E-015    -0.229827792028E+001     0.102496156366E+001
     0.245969289968E+000     0.400000000000E+001    -0.279706838935E-015    -0.228397966768E+001     0.104780136034E+001
     0.255969289968E+000     0.400000000000E+001    -0.281060962651E-015    -0.229503692695E+001     0.107075172960E+001
     0.265969289968E+000     0.400000000000E+001    -0.283307026642E-015    -0.231337743127E+001     0.109388550392E+001
     0.275969289968E+000     0.400000000000E+001    -0.285305763156E-015    -0.232969835347E+001     0.111718248745E+001
     0.285969289968E+000     0.400000000000E+001    -0.285498544424E-015    -0.233127253199E+001     0.114049521277E+001
     0.295969289968E+000     0.400000000000E+001    -0.283326409860E-015    -0.231353570725E+001     0.116363056984E+001
     0.305969289968E+000     0.400000000000E+001    -0.278728967980E-015    -0.227599474537E+001     0.118639051730E+001
     0.315969289968E+000     0.400000000000E+001    -0.273747333173E-015    -0.223531661017E+001     0.120874368340E+001
     0.325969289968E+000     0.400000000000E+001    -0.270056526676E-015    -0.220517888802E+001     0.123079547228E+001
     0.335969289968E+000     0.400000000000E+001    -0.269170217350E-015    -0.219794162315E+001     0.125277488851E+001
     0.345969289968E+000     0.400000000000E+001    -0.270282093434E-015    -0.220702078038E+001     0.127484509632E+001
     0.355969289968E+000     0.400000000000E+001    -0.271374707097E-015    -0.221594264800E+001     0.129700452280E+001
     0.365969289968E+000     0.400000000000E+001    -0.271941849041E-015    -0.222057371342E+001     0.131921025993E+001
     0.375969289968E+000     0.400000000000E+001    -0.271227744419E-015    -0.221474260667E+001     0.134135768600E+001
     0.385969289968E+000     0.400000000000E+001    -0.269484580133E-015    -0.220050859008E+001     0.136336277190E+001
     0.395969289968E+000     0.400000000000E+001    -0.266921693946E-015    -0.217958103620E+001     0.138515858226E+001
     0.405969289968E+000     0.400000000000E+001    -0.263782176619E-015    -0.215394493174E+001     0.140669803158E+001
     0.415969289968E+000     0.400000000000E+001    -0.260368308163E-015    -0.212606858030E+001     0.142795871738E+001
     0.425969289968E+000     0.400000000000E+001    -0.257429352208E-015    -0.210207018372E+001     0.144897941922E+001
     0.435969289968E+000     0.400000000000E+001    -0.255906023293E-015    -0.208963125916E+001     0.146987573181E+001
     0.445969289968E+000     0.400000000000E+001    -0.256588373596E-015    -0.209520307222E+001     0.149082776253E+001
     0.455969289968E+000     0.400000000000E+001    -0.258578237952E-015    -0.211145154776E+001     0.151194227801E+001
     0.465969289968E+000     0.400000000000E+001    -0.260708664853E-015    -0.212884780358E+001     0.153323075604E+001
     0.475969289968E+000     0.400000000000E+001    -0.262480162010E-015    -0.214331317563E+001     0.155466388780E+001
     0.485969289968E+000     0.400000000000E+001    -0.263370223508E-015    -0.215058107931E+001     0.157616969859E+001
     0.495969289968E+000     0.400000000000E+001    -0.263848808583E-015    -0.215448902301E+001     0.159771458882E+001
     0.505969289968E+000     0.400000000000E+001    -0.262689647905E-015    -0.214502375777E+001     0.161916482640E+001
     0.515969289968E+000     0.400000000000E+001    -0.260504331407E-015    -0.212717929438E+001     0.164043661934E+001
     0.525969289968E+000     0.400000000000E+001    -0.257715528268E-015    -0.210440698859E+001     0.166148068923E+001
     0.535969289968E+000     0.400000000000E+001    -0.254487673606E-015    -0.207804955505E+001     0.168226118478E+001
     0.545969289968E+000     0.400000000000E+001    -0.251310826167E-015    -0.205210862709E+001     0.170278227105E+001
     0.555969289968E+000     0.400000000000E+001    -0.248650356647E-015    -0.203038424483E+001     0.172308611350E+001
     0.565969289968E+000     0.400000000000E+001    -0.246975358683E-015    -0.201670684850E+001     0.174325318199E+001
     0.575969289968E+000     0.400000000000E+001    -0.247119205454E-015    -0.201788144652E+001     0.176343199645E+001
     0.585969289968E+000     0.400000000000E+001    -0.247764732325E-015    -0.202315257344E+001     0.178366352219E+001
     0.595969289968E+000     0.400000000000E+001    -0.249482473610E-015    -0.203717899547E+001     0.180403531214E+001
     0.605969289968E+000     0.400000000000E+001    -0.251344546790E-015    -0.205238397688E+001     0.182455915191E+001
     0.615969289968E+000     0.400000000000E+001    -0.253022499769E-015    -0.206608550273E+001     0.184522000694E+001
     0.625969289968E+000     0.400000000000E+001    -0.254448869621E-015    -0.207773269646E+001     0.186599733390E+001
     0.635969289968E+000     0.400000000000E+001    -0.255156732397E-015    -0.208351283467E+001     0.188683246225E+001
     0.645969289968E+000     0.400000000000E+001    -0.255405130726E-015    -0.208554116096E+001     0.190768787386E+001
     0.655969289968E+000     0.400000000000E+001    -0.255363530976E-015    -0.208520147322E+001     0.192853988859E+001
     0.665969289968E+000     0.400000000000E+001    -0.255129389949E-015    -0.208328956665E+001     0.194937278426E+001
     0.675969289968E+000     0.400000000000E+001    -0.254037003140E-015    -0.207436955142E+001     0.197011647977E+001
     0.685969289968E+000     0.400000000000E+001    -0.252710168578E-015    -0.206353512502E+001     0.199075183102E+001
     0.695969289968E+000     0.400000000000E+001    -0.251020760890E-015    -0.204974006436E+001     0.201124923166E+001
     0.705969289968E+000     0.400000000000E+001    -0.249583996236E-015    -0.203800799063E+001     0.203162931157E+001
     0.715969289968E+000     0.400000000000E+001    -0.248451121230E-015    -0.202875736419E+001     0.205191688521E+001
     0.725969289968E+000     0.400000000000E+001    -0.247536449580E-015    -0.202128850337E+001     0.207212977025E+001
     0.735969289968E+000     0.400000000000E+001    -0.247417079131E-015    -0.202031376968E+001     0.209233290794E+001
     0.745969289968E+000     0.400000000000E+001    -0.247694936827E-015    -0.202258264995E+001     0.211255873444E+001
     0.755969289968E+000     0.400000000000E+001    -0.247700426661E-015    -0.202262747785E+001     0.213278500922E+001
