 #        time                      h  [L]            Darcian flow [L.T^{-1}]   in    x         z              directions   cumulative flux
 #-----------------------------------------------------------------------------------------------

     0.100000000000E-005     0.400000000000E+001    -0.169630622669E-012    -0.138513915022E+004     0.138513915022E-002
     0.205999994278E-005     0.400000000000E+001    -0.164186142049E-012    -0.134068159214E+004     0.280626156117E-002
     0.318359982147E-005     0.400000000000E+001    -0.158524675211E-012    -0.129445220713E+004     0.426070790407E-002
     0.437461562859E-005     0.400000000000E+001    -0.152648484603E-012    -0.124646946948E+004     0.574527274532E-002
     0.563709231599E-005     0.400000000000E+001    -0.146562813487E-012    -0.119677619367E+004     0.725617478986E-002
     0.697531753239E-005     0.400000000000E+001    -0.140276750388E-012    -0.114544659314E+004     0.878904030484E-002
     0.839383618521E-005     0.400000000000E+001    -0.133804306528E-012    -0.109259507820E+004     0.103389068032E-001
     0.989746587602E-005     0.400000000000E+001    -0.127165731599E-012    -0.103838700014E+004     0.119002563272E-001
     0.114913132622E-004     0.400000000000E+001    -0.120389070864E-012    -0.983051365898E+003     0.134670901773E-001
     0.131807914004E-004     0.400000000000E+001    -0.113511918686E-012    -0.926895156749E+003     0.150330592810E-001
     0.149716381303E-004     0.400000000000E+001    -0.106583235338E-012    -0.870318163674E+003     0.165916657183E-001
     0.168699355614E-004     0.400000000000E+001    -0.996649491500E-013    -0.813826069847E+003     0.181365496561E-001
     0.188821307298E-004     0.400000000000E+001    -0.928328562253E-013    -0.758037797428E+003     0.196618696495E-001
     0.210150574931E-004     0.400000000000E+001    -0.861760756925E-013    -0.703681059327E+003     0.211627698138E-001
     0.232759597402E-004     0.400000000000E+001    -0.797941042836E-013    -0.651568308015E+003     0.226359020655E-001
     0.256725159928E-004     0.400000000000E+001    -0.737905259651E-013    -0.602545370767E+003     0.240799359413E-001
     0.282128654833E-004     0.400000000000E+001    -0.682629467271E-013    -0.557409260977E+003     0.254959502735E-001
     0.309056357980E-004     0.400000000000E+001    -0.632899627234E-013    -0.516801764946E+003     0.268875787247E-001
     0.337599721774E-004     0.400000000000E+001    -0.589177718559E-013    -0.481100117168E+003     0.282608002912E-001
     0.367855685763E-004     0.400000000000E+001    -0.551505537979E-013    -0.450338447268E+003     0.296233426756E-001
     0.399927005860E-004     0.400000000000E+001    -0.519486546087E-013    -0.424192956246E+003     0.309837854838E-001
     0.433922603327E-004     0.400000000000E+001    -0.492362080446E-013    -0.402044149210E+003     0.323505585899E-001
     0.469957934698E-004     0.400000000000E+001    -0.469161031539E-013    -0.383099055063E+003     0.337310687296E-001
     0.508155383889E-004     0.400000000000E+001    -0.448874542420E-013    -0.366533879591E+003     0.351311346538E-001
     0.548644677845E-004     0.400000000000E+001    -0.430605506609E-013    -0.351616079761E+003     0.365548033352E-001
     0.591563327122E-004     0.400000000000E+001    -0.413662432995E-013    -0.337781010234E+003     0.380045138062E-001
     0.637057092900E-004     0.400000000000E+001    -0.397591928176E-013    -0.324658447197E+003     0.394815073417E-001
     0.685280482021E-004     0.400000000000E+001    -0.382160778140E-013    -0.312057956960E+003     0.409863565704E-001
     0.736397271730E-004     0.400000000000E+001    -0.367305126316E-013    -0.299927396676E+003     0.425194891368E-001
     0.790581065897E-004     0.400000000000E+001    -0.353064484142E-013    -0.288299029881E+003     0.440816026661E-001
     0.848015884613E-004     0.400000000000E+001    -0.339516169268E-013    -0.277235991230E+003     0.456739025559E-001
     0.908896789166E-004     0.400000000000E+001    -0.326722609744E-013    -0.266789257092E+003     0.472981396856E-001
     0.973430544509E-004     0.400000000000E+001    -0.314699520220E-013    -0.256971659453E+003     0.489564743057E-001
     0.104183632148E-003     0.400000000000E+001    -0.303407227799E-013    -0.247750802933E+003     0.506512329227E-001
     0.111434644115E-003     0.400000000000E+001    -0.292761564346E-013    -0.239057959038E+003     0.523846450446E-001
     0.119120716386E-003     0.400000000000E+001    -0.282656562424E-013    -0.230806598785E+003     0.541586412434E-001
     0.127267952553E-003     0.400000000000E+001    -0.272989891933E-013    -0.222913163308E+003     0.559747674296E-001
     0.135904022424E-003     0.400000000000E+001    -0.263683397523E-013    -0.215313833921E+003     0.578342327435E-001
     0.145058255993E-003     0.400000000000E+001    -0.254694076925E-013    -0.207973496606E+003     0.597380707075E-001
     0.154761743052E-003     0.400000000000E+001    -0.246014112848E-013    -0.200885768059E+003     0.616873631583E-001
     0.165047438780E-003     0.400000000000E+001    -0.237661385509E-013    -0.194065248588E+003     0.636834592566E-001
     0.175950275662E-003     0.400000000000E+001    -0.229663983151E-013    -0.187534873982E+003     0.657281213974E-001
     0.187507282134E-003     0.400000000000E+001    -0.222043438264E-013    -0.181312226855E+003     0.678235479766E-001
     0.199757708333E-003     0.400000000000E+001    -0.214801490789E-013    -0.175398727975E+003     0.699722571490E-001
     0.212743159403E-003     0.400000000000E+001    -0.207913943126E-013    -0.169774618503E+003     0.721768571505E-001
     0.226507736794E-003     0.400000000000E+001    -0.201332889735E-013    -0.164400780597E+003     0.744397644181E-001
     0.241098188040E-003     0.400000000000E+001    -0.194996052045E-013    -0.159226359944E+003     0.767629488601E-001
     0.256564065527E-003     0.400000000000E+001    -0.188840036843E-013    -0.154199592058E+003     0.791477808593E-001
     0.272957894778E-003     0.400000000000E+001    -0.182813600397E-013    -0.149278633255E+003     0.815950292837E-001
     0.290335352846E-003     0.400000000000E+001    -0.176887419901E-013    -0.144439539649E+003     0.841050213273E-001
     0.308755457403E-003     0.400000000000E+001    -0.171058082719E-013    -0.139679524609E+003     0.866779327752E-001
     0.328280767180E-003     0.400000000000E+001    -0.165345601655E-013    -0.135014929831E+003     0.893141411046E-001
     0.348977594427E-003     0.400000000000E+001    -0.159785429620E-013    -0.130474704814E+003     0.920145535302E-001
     0.370916230124E-003     0.400000000000E+001    -0.154417360611E-013    -0.126091343821E+003     0.947808255868E-001
     0.394171182707E-003     0.400000000000E+001    -0.149274508031E-013    -0.121891885999E+003     0.976154156161E-001
     0.418821431115E-003     0.400000000000E+001    -0.144375857969E-013    -0.117891834666E+003     0.100521478626E+000
     0.444950693017E-003     0.400000000000E+001    -0.139727805365E-013    -0.114096411686E+003     0.103502733649E+000
     0.472647709137E-003     0.400000000000E+001    -0.135306753811E-013    -0.110486349130E+003     0.106562875842E+000
     0.502006544641E-003     0.400000000000E+001    -0.131085748057E-013    -0.107039636365E+003     0.109705434918E+000
     0.533126908594E-003     0.400000000000E+001    -0.127035954386E-013    -0.103732728877E+003     0.112933635195E+000
     0.566114492604E-003     0.400000000000E+001    -0.123132286832E-013    -0.100545142418E+003     0.116250376527E+000
     0.601081329767E-003     0.400000000000E+001    -0.119357101752E-013    -0.974624698608E+002     0.119658330840E+000
     0.638146175159E-003     0.400000000000E+001    -0.115700861040E-013    -0.944769227506E+002     0.123160103375E+000
     0.677434909153E-003     0.400000000000E+001    -0.112160285397E-013    -0.915858233370E+002     0.126758394426E+000
     0.719080964939E-003     0.400000000000E+001    -0.108735282341E-013    -0.887890961024E+002     0.130456110075E+000
     0.763225781689E-003     0.400000000000E+001    -0.105426045277E-013    -0.860868989743E+002     0.134256400455E+000
     0.810019284919E-003     0.400000000000E+001    -0.102231267460E-013    -0.834781649131E+002     0.138162636234E+000
     0.859620395664E-003     0.400000000000E+001    -0.991476963692E-014    -0.809602380362E+002     0.142178353967E+000
     0.912197570216E-003     0.400000000000E+001    -0.961706475910E-014    -0.785292932280E+002     0.146307202325E+000
     0.967929372233E-003     0.400000000000E+001    -0.932948545159E-014    -0.761810299760E+002     0.150552908405E+000
     0.102700507918E-002     0.400000000000E+001    -0.905151575133E-014    -0.739112351221E+002     0.154919266871E+000
     0.108962532517E-002     0.400000000000E+001    -0.878268416569E-014    -0.717160586367E+002     0.159410144104E+000
     0.115600278233E-002     0.400000000000E+001    -0.852256884452E-014    -0.695920558520E+002     0.164029487810E+000
     0.122636288312E-002     0.400000000000E+001    -0.827078988217E-014    -0.675361246029E+002     0.168781336344E+000
     0.130094458593E-002     0.400000000000E+001    -0.802700020318E-014    -0.655454308032E+002     0.173669826185E+000
     0.138000118665E-002     0.400000000000E+001    -0.779087875767E-014    -0.636173528816E+002     0.178699197851E+000
     0.146380117888E-002     0.400000000000E+001    -0.756212625671E-014    -0.617494469587E+002     0.183873801026E+000
     0.155262916586E-002     0.400000000000E+001    -0.734046834770E-014    -0.599394727754E+002     0.189198103733E+000
     0.164678682697E-002     0.400000000000E+001    -0.712579508633E-014    -0.581865325683E+002     0.194676811548E+000
     0.174659394236E-002     0.400000000000E+001    -0.691766942891E-014    -0.564870576049E+002     0.200314621824E+000
     0.185238947896E-002     0.400000000000E+001    -0.671580615125E-014    -0.548387188529E+002     0.206116313512E+000
     0.196453274170E-002     0.400000000000E+001    -0.651997786935E-014    -0.532396595809E+002     0.212086782644E+000
     0.208340459379E-002     0.400000000000E+001    -0.632997820966E-014    -0.516881946212E+002     0.218231054070E+000
     0.220940875020E-002     0.400000000000E+001    -0.614561832527E-014    -0.501827819217E+002     0.224554293173E+000
     0.234297314879E-002     0.400000000000E+001    -0.596672457038E-014    -0.487220035568E+002     0.231061818276E+000
     0.248455140365E-002     0.400000000000E+001    -0.579313547349E-014    -0.473045410115E+002     0.237759112639E+000
     0.263462434571E-002     0.400000000000E+001    -0.562469825027E-014    -0.459291467073E+002     0.244651834812E+000
     0.279370165569E-002     0.400000000000E+001    -0.546126550538E-014    -0.445946170698E+002     0.251745826535E+000
     0.296232359518E-002     0.400000000000E+001    -0.530269264751E-014    -0.432997714215E+002     0.259047117971E+000
     0.314106284138E-002     0.400000000000E+001    -0.514883660265E-014    -0.420434414742E+002     0.266561931008E+000
     0.333052643213E-002     0.400000000000E+001    -0.499955590221E-014    -0.408244720493E+002     0.274296682073E+000
     0.353135782749E-002     0.400000000000E+001    -0.485471159013E-014    -0.396417284846E+002     0.282257985719E+000
     0.374423909507E-002     0.400000000000E+001    -0.471416816945E-014    -0.384941043632E+002     0.290452659450E+000
     0.396989322653E-002     0.400000000000E+001    -0.457779403876E-014    -0.373805250783E+002     0.298887729370E+000
     0.420908659296E-002     0.400000000000E+001    -0.444546148943E-014    -0.362999478096E+002     0.307570436088E+000
     0.446263154769E-002     0.400000000000E+001    -0.431704587963E-014    -0.352513547795E+002     0.316508239240E+000
     0.473138918520E-002     0.400000000000E+001    -0.419240350023E-014    -0.342335725137E+002     0.325708773312E+000
     0.501627226558E-002     0.400000000000E+001    -0.407147561132E-014    -0.332461213645E+002     0.335180030777E+000
     0.531824831448E-002     0.400000000000E+001    -0.395409133661E-014    -0.322876060213E+002     0.344930114472E+000
     0.563834290904E-002     0.400000000000E+001    -0.384014588262E-014    -0.313571707802E+002     0.354967375339E+000
     0.597764316095E-002     0.400000000000E+001    -0.372952515271E-014    -0.304538839714E+002     0.365300385843E+000
     0.633730140856E-002     0.400000000000E+001    -0.362218105775E-014    -0.295773529174E+002     0.375938124762E+000
     0.671853913045E-002     0.400000000000E+001    -0.351780157042E-014    -0.287250297218E+002     0.386889189654E+000
     0.712265109384E-002     0.400000000000E+001    -0.341626717332E-014    -0.278959384510E+002     0.398162272112E+000
     0.755100975191E-002     0.400000000000E+001    -0.331723132740E-014    -0.270872493989E+002     0.409765329916E+000
     0.800506990496E-002     0.400000000000E+001    -0.322031853543E-014    -0.262958963978E+002     0.421705248658E+000
     0.848637364120E-002     0.400000000000E+001    -0.312498784534E-014    -0.255174622390E+002     0.433986898573E+000
     0.899655557408E-002     0.400000000000E+001    -0.303043799206E-014    -0.247454040967E+002     0.446611556665E+000
     0.953734839373E-002     0.400000000000E+001    -0.293573102813E-014    -0.239720630485E+002     0.459575476234E+000
     0.101105887516E-001     0.400000000000E+001    -0.283938643229E-014    -0.231853497210E+002     0.472866254406E+000
     0.107182234982E-001     0.400000000000E+001    -0.273947506333E-014    -0.223695114807E+002     0.486458746846E+000
     0.113623162948E-001     0.400000000000E+001    -0.263320191420E-014    -0.215017253630E+002     0.500307853266E+000
     0.120450546223E-001     0.400000000000E+001    -0.251851901683E-014    -0.205652684397E+002     0.514348550246E+000
     0.127687572104E-001     0.400000000000E+001    -0.239120542465E-014    -0.195256740663E+002     0.528479331102E+000
     0.135358819124E-001     0.400000000000E+001    -0.224831859551E-014    -0.183589145627E+002     0.542562907965E+000
     0.143490340526E-001     0.400000000000E+001    -0.208618920798E-014    -0.170350276458E+002     0.556414977154E+000
     0.152109752747E-001     0.400000000000E+001    -0.190115082876E-014    -0.155240746155E+002     0.569795817000E+000
     0.161246329208E-001     0.400000000000E+001    -0.168933324313E-014    -0.137944527705E+002     0.582399224248E+000
     0.170931099734E-001     0.400000000000E+001    -0.145290886103E-014    -0.118639011840E+002     0.593889140299E+000
     0.181196955938E-001     0.400000000000E+001    -0.119589555037E-014    -0.976522823730E+001     0.603913983186E+000
     0.192078762926E-001     0.400000000000E+001    -0.932286404277E-015    -0.761269620699E+001     0.612197972265E+000
     0.203613477710E-001     0.400000000000E+001    -0.687165648715E-015    -0.561113334223E+001     0.618670254537E+000
     0.215840274722E-001     0.400000000000E+001    -0.493018663333E-015    -0.402580289824E+001     0.623592522021E+000
     0.228800678855E-001     0.400000000000E+001    -0.368499524885E-015    -0.300902697122E+001     0.627492342581E+000
     0.242538706494E-001     0.400000000000E+001    -0.305576942465E-015    -0.249522509410E+001     0.630920289712E+000
     0.257101015006E-001     0.400000000000E+001    -0.282814020984E-015    -0.230935173456E+001     0.634283238954E+000
     0.272537061195E-001     0.400000000000E+001    -0.282792084097E-015    -0.230917260629E+001     0.637847688454E+000
     0.288899269272E-001     0.400000000000E+001    -0.293318266920E-015    -0.239512541187E+001     0.641766642490E+000
     0.306243208897E-001     0.400000000000E+001    -0.307825375983E-015    -0.251358494708E+001     0.646126189047E+000
     0.324627783907E-001     0.400000000000E+001    -0.325253515580E-015    -0.265589650670E+001     0.651008941902E+000
     0.344115432366E-001     0.400000000000E+001    -0.340673606310E-015    -0.278181110298E+001     0.656430037587E+000
     0.364772338618E-001     0.400000000000E+001    -0.353229561019E-015    -0.288433825382E+001     0.662388188078E+000
     0.386668658063E-001     0.400000000000E+001    -0.363227600871E-015    -0.296597844475E+001     0.668882589227E+000
     0.409878755421E-001     0.400000000000E+001    -0.371556897308E-015    -0.303399231164E+001     0.675924514921E+000
     0.434481457293E-001     0.400000000000E+001    -0.378637161041E-015    -0.309180705249E+001     0.683531195637E+000
     0.460560319869E-001     0.400000000000E+001    -0.385334221411E-015    -0.314649270042E+001     0.691736890710E+000
     0.488203912708E-001     0.400000000000E+001    -0.390515117634E-015    -0.318879792856E+001     0.700551873868E+000
     0.517506119535E-001     0.400000000000E+001    -0.393823099720E-015    -0.321580965217E+001     0.709974905822E+000
     0.548566457095E-001     0.400000000000E+001    -0.394393443237E-015    -0.322046686042E+001     0.719977784601E+000
     0.581490413132E-001     0.400000000000E+001    -0.392965329522E-015    -0.320880542696E+001     0.730542441482E+000
     0.616389804647E-001     0.400000000000E+001    -0.385946002514E-015    -0.315148827223E+001     0.741540943788E+000
     0.653383157655E-001     0.400000000000E+001    -0.375995906258E-015    -0.307023957046E+001     0.752898789414E+000
     0.692596109728E-001     0.400000000000E+001    -0.361869604279E-015    -0.295488956106E+001     0.764485783687E+000
     0.734161836681E-001     0.400000000000E+001    -0.345165832461E-015    -0.281849291323E+001     0.776201054372E+000
     0.778221504872E-001     0.400000000000E+001    -0.327036229172E-015    -0.267045346789E+001     0.787966983744E+000
     0.824924750635E-001     0.400000000000E+001    -0.310693436404E-015    -0.253700443769E+001     0.799815617919E+000
     0.874430188470E-001     0.400000000000E+001    -0.297593031321E-015    -0.243003151217E+001     0.811845595316E+000
     0.926905949743E-001     0.400000000000E+001    -0.291450811177E-015    -0.237987647851E+001     0.824334178310E+000
     0.982530253690E-001     0.400000000000E+001    -0.291587706315E-015    -0.238099431214E+001     0.837578293442E+000
     0.104149201269E+000     0.400000000000E+001    -0.295202650299E-015    -0.241051256986E+001     0.851791099563E+000
     0.110399147386E+000     0.400000000000E+001    -0.300486187056E-015    -0.245365592157E+001     0.867126316861E+000
     0.117024089912E+000     0.400000000000E+001    -0.305741732955E-015    -0.249657071057E+001     0.883665954331E+000
     0.124046528610E+000     0.400000000000E+001    -0.309376376561E-015    -0.252624982792E+001     0.901406388885E+000
     0.131490313229E+000     0.400000000000E+001    -0.309909284008E-015    -0.253060134745E+001     0.920243640271E+000
     0.139380724499E+000     0.400000000000E+001    -0.307049242179E-015    -0.250724733362E+001     0.940026852888E+000
     0.147744559993E+000     0.400000000000E+001    -0.301322002972E-015    -0.246048087646E+001     0.960605910176E+000
     0.156610225139E+000     0.400000000000E+001    -0.293148464467E-015    -0.239373886962E+001     0.981827997440E+000
     0.166007829686E+000     0.400000000000E+001    -0.282571682111E-015    -0.230737288749E+001     0.100351177538E+001
     0.175969289968E+000     0.400000000000E+001    -0.270496410808E-015    -0.220877081454E+001     0.102551435812E+001
     0.185969289968E+000     0.400000000000E+001    -0.260842177469E-015    -0.212993801682E+001     0.104681373829E+001
     0.195969289968E+000     0.400000000000E+001    -0.256620802795E-015    -0.209546787673E+001     0.106776841706E+001
     0.205969289968E+000     0.400000000000E+001    -0.258180206781E-015    -0.210820137660E+001     0.108885043082E+001
     0.215969289968E+000     0.400000000000E+001    -0.261938806951E-015    -0.213889267611E+001     0.111023935758E+001
     0.225969289968E+000     0.400000000000E+001    -0.264270444437E-015    -0.215793194103E+001     0.113181867699E+001
     0.235969289968E+000     0.400000000000E+001    -0.264076469854E-015    -0.215634801837E+001     0.115338215718E+001
     0.245969289968E+000     0.400000000000E+001    -0.261986360161E-015    -0.213928097753E+001     0.117477496695E+001
     0.255969289968E+000     0.400000000000E+001    -0.257968181573E-015    -0.210647005939E+001     0.119583966755E+001
     0.265969289968E+000     0.400000000000E+001    -0.254356778541E-015    -0.207698071573E+001     0.121660947470E+001
     0.275969289968E+000     0.400000000000E+001    -0.251920962952E-015    -0.205709077203E+001     0.123718038242E+001
     0.285969289968E+000     0.400000000000E+001    -0.251140858391E-015    -0.205072073488E+001     0.125768758977E+001
     0.295969289968E+000     0.400000000000E+001    -0.252040020980E-015    -0.205806295461E+001     0.127826821932E+001
     0.305969289968E+000     0.400000000000E+001    -0.252995492260E-015    -0.206586496969E+001     0.129892686902E+001
     0.315969289968E+000     0.400000000000E+001    -0.253872637798E-015    -0.207302740656E+001     0.131965714308E+001
     0.325969289968E+000     0.400000000000E+001    -0.253794797070E-015    -0.207239178878E+001     0.134038106097E+001
     0.335969289968E+000     0.400000000000E+001    -0.252295616256E-015    -0.206015004842E+001     0.136098256145E+001
     0.345969289968E+000     0.400000000000E+001    -0.249712600130E-015    -0.203905812111E+001     0.138137314266E+001
     0.355969289968E+000     0.400000000000E+001    -0.246463027183E-015    -0.201252334432E+001     0.140149837611E+001
     0.365969289968E+000     0.400000000000E+001    -0.243774284676E-015    -0.199056809560E+001     0.142140405706E+001
     0.375969289968E+000     0.400000000000E+001    -0.242030281180E-015    -0.197632722634E+001     0.144116732933E+001
     0.385969289968E+000     0.400000000000E+001    -0.241630121677E-015    -0.197305967603E+001     0.146089792609E+001
     0.395969289968E+000     0.400000000000E+001    -0.242279046052E-015    -0.197835854567E+001     0.148068151154E+001
     0.405969289968E+000     0.400000000000E+001    -0.242646291734E-015    -0.198135733424E+001     0.150049508489E+001
     0.415969289968E+000     0.400000000000E+001    -0.242571222630E-015    -0.198074434848E+001     0.152030252837E+001
     0.425969289968E+000     0.400000000000E+001    -0.241612377559E-015    -0.197291478430E+001     0.154003167621E+001
     0.435969289968E+000     0.400000000000E+001    -0.240493696925E-015    -0.196378006371E+001     0.155966947685E+001
     0.445969289968E+000     0.400000000000E+001    -0.238922973916E-015    -0.195095413700E+001     0.157917901822E+001
     0.455969289968E+000     0.400000000000E+001    -0.236979788669E-015    -0.193508682531E+001     0.159852988647E+001
     0.465969289968E+000     0.400000000000E+001    -0.234857010798E-015    -0.191775302856E+001     0.161770741676E+001
     0.475969289968E+000     0.400000000000E+001    -0.232801751210E-015    -0.190097056043E+001     0.163671712236E+001
     0.485969289968E+000     0.400000000000E+001    -0.231089669126E-015    -0.188699034928E+001     0.165558702586E+001
     0.495969289968E+000     0.400000000000E+001    -0.230116180039E-015    -0.187904120763E+001     0.167437743793E+001
     0.505969289968E+000     0.400000000000E+001    -0.230009017087E-015    -0.187816615572E+001     0.169315909949E+001
     0.515969289968E+000     0.400000000000E+001    -0.230606066410E-015    -0.188304143342E+001     0.171198951383E+001
     0.525969289968E+000     0.400000000000E+001    -0.231435353753E-015    -0.188981307847E+001     0.173088764461E+001
     0.535969289968E+000     0.400000000000E+001    -0.232340099273E-015    -0.189720088629E+001     0.174985965347E+001
     0.545969289968E+000     0.400000000000E+001    -0.233111160622E-015    -0.190349708001E+001     0.176889462427E+001
     0.555969289968E+000     0.400000000000E+001    -0.233606182192E-015    -0.190753923788E+001     0.178797001665E+001
     0.565969289968E+000     0.400000000000E+001    -0.233300728769E-015    -0.190504502140E+001     0.180702046687E+001
     0.575969289968E+000     0.400000000000E+001    -0.232708026167E-015    -0.190020523738E+001     0.182602251924E+001
     0.585969289968E+000     0.400000000000E+001    -0.231066587635E-015    -0.188680187459E+001     0.184489053799E+001
     0.595969289968E+000     0.400000000000E+001    -0.229393002171E-015    -0.187313601220E+001     0.186362189811E+001
     0.605969289968E+000     0.400000000000E+001    -0.227442783114E-015    -0.185721126510E+001     0.188219401076E+001
     0.615969289968E+000     0.400000000000E+001    -0.225498532772E-015    -0.184133525624E+001     0.190060736332E+001
     0.625969289968E+000     0.400000000000E+001    -0.223779550846E-015    -0.182729870361E+001     0.191888035036E+001
     0.635969289968E+000     0.400000000000E+001    -0.222426402792E-015    -0.181624941123E+001     0.193704284447E+001
     0.645969289968E+000     0.400000000000E+001    -0.221593970271E-015    -0.180945208386E+001     0.195513736531E+001
     0.655969289968E+000     0.400000000000E+001    -0.221566309720E-015    -0.180922621832E+001     0.197322962749E+001
     0.665969289968E+000     0.400000000000E+001    -0.221631602182E-015    -0.180975937173E+001     0.199132722121E+001
     0.675969289968E+000     0.400000000000E+001    -0.222330972033E-015    -0.181547015995E+001     0.200948192281E+001
     0.685969289968E+000     0.400000000000E+001    -0.223189558656E-015    -0.182248105177E+001     0.202770673333E+001
     0.695969289968E+000     0.400000000000E+001    -0.224024778840E-015    -0.182930114214E+001     0.204599974475E+001
     0.705969289968E+000     0.400000000000E+001    -0.224700439049E-015    -0.183481832644E+001     0.206434792801E+001
     0.715969289968E+000     0.400000000000E+001    -0.225304599132E-015    -0.183975166790E+001     0.208274544469E+001
     0.725969289968E+000     0.400000000000E+001    -0.225492729641E-015    -0.184128787008E+001     0.210115832339E+001
     0.735969289968E+000     0.400000000000E+001    -0.225451558198E-015    -0.184095167974E+001     0.211956784019E+001
     0.745969289968E+000     0.400000000000E+001    -0.225372114927E-015    -0.184030297621E+001     0.213797086995E+001
     0.755969289968E+000     0.400000000000E+001    -0.225068472061E-015    -0.183782354404E+001     0.215634910539E+001
