 #        time                      h  [L]            Darcian flow [L.T^{-1}]   in    x         z              directions   cumulative flux
 #-----------------------------------------------------------------------------------------------

     0.100000000000E-005    -0.278500000000E+003    -0.344353541365E-011    -0.256588039514E-010     0.258888423140E-016
     0.205999994278E-005    -0.278499999999E+003    -0.238941609908E-010    -0.178616378238E-009     0.216908777438E-015
     0.318359982147E-005    -0.278499999997E+003    -0.971096501988E-010    -0.726253817528E-009     0.104019003845E-014
     0.437461562859E-005    -0.278499999991E+003    -0.300932853203E-009    -0.225262671243E-008     0.374693892312E-014
     0.563709231599E-005    -0.278499999975E+003    -0.787912412101E-009    -0.590283357786E-008     0.112652234690E-013
     0.697531753239E-005    -0.278499999942E+003    -0.183596969865E-008    -0.137669455237E-007     0.298516047978E-013
     0.839383618521E-005    -0.278499999876E+003    -0.392641366566E-008    -0.294699071940E-007     0.720246236872E-013
     0.989746587602E-005    -0.278499999751E+003    -0.786136292506E-008    -0.590626016747E-007     0.161616124082E-012
     0.114913132622E-004    -0.278499999525E+003    -0.149381333238E-007    -0.112347404978E-006     0.342256681011E-012
     0.131807914004E-004    -0.278499999134E+003    -0.272048106315E-007    -0.204827425420E-006     0.691347085351E-012
     0.149716381303E-004    -0.278499998475E+003    -0.478314832105E-007    -0.360542824018E-006     0.134268121383E-011
     0.168699355614E-004    -0.278499997392E+003    -0.816441386971E-007    -0.616162216567E-006     0.252256376744E-011
     0.188821307298E-004    -0.278499995651E+003    -0.135886915745E-006    -0.102683844948E-005     0.460677688811E-011
     0.210150574931E-004    -0.278499992902E+003    -0.221302430314E-006    -0.167453383932E-005     0.820949056266E-011
     0.232759597402E-004    -0.278499988631E+003    -0.353653899259E-006    -0.267978400980E-005     0.143207530069E-010
     0.256725159928E-004    -0.278499982088E+003    -0.555857627087E-006    -0.421823133397E-005     0.245173755994E-010
     0.282128654833E-004    -0.278499972187E+003    -0.860955444874E-006    -0.654374745879E-005     0.412840430943E-010
     0.309056357980E-004    -0.278499957366E+003    -0.131623826956E-005    -0.100206244045E-004     0.684990663985E-010
     0.337599721774E-004    -0.278499935396E+003    -0.198894172484E-005    -0.151682037463E-004     0.112164843342E-009
     0.367855685763E-004    -0.278499903112E+003    -0.297407982732E-005    -0.227225050854E-004     0.181500356550E-009
     0.399927005860E-004    -0.278499856044E+003    -0.440517568412E-005    -0.337210078831E-004     0.290566987452E-009
     0.433922603327E-004    -0.278499787909E+003    -0.646890192716E-005    -0.496188567897E-004     0.460676746444E-009
     0.469957934698E-004    -0.278499689917E+003    -0.942497446769E-005    -0.724475578603E-004     0.723943853354E-009
     0.508155383889E-004    -0.278499549822E+003    -0.136330739955E-004    -0.105030906811E-003     0.112850068350E-008
     0.548644677845E-004    -0.278499350632E+003    -0.195891195252E-004    -0.151277678383E-003     0.174612726648E-008
     0.591563327122E-004    -0.278499068861E+003    -0.279739212277E-004    -0.216576798817E-003     0.268336729345E-008
     0.637057092900E-004    -0.278498672169E+003    -0.397181168468E-004    -0.308328651362E-003     0.409766074019E-008
     0.685280482021E-004    -0.278498116189E+003    -0.560883827651E-004    -0.436656211121E-003     0.622066527366E-008
     0.736397271730E-004    -0.278497340285E+003    -0.788012321341E-004    -0.615352284707E-003     0.939183517748E-008
     0.790581065897E-004    -0.278496261902E+003    -0.110172287162E-003    -0.863134674098E-003     0.141065707006E-007
     0.848015884613E-004    -0.278494769078E+003    -0.153310752877E-003    -0.120530001918E-002     0.210849657547E-007
     0.908896789166E-004    -0.278492710587E+003    -0.212370910271E-003    -0.167588977112E-002     0.313695290980E-007
     0.973430544509E-004    -0.278489883029E+003    -0.292874749908E-003    -0.232050847514E-002     0.464634422492E-007
     0.104183632148E-003    -0.278486014034E+003    -0.402122296251E-003    -0.319996537245E-002     0.685252128477E-007
     0.111434644115E-003    -0.278480740566E+003    -0.549708586565E-003    -0.439494504050E-002     0.100641320402E-006
     0.119120716386E-003    -0.278473581080E+003    -0.748168447264E-003    -0.601195073497E-002     0.147206047907E-006
     0.127267952553E-003    -0.278463900092E+003    -0.101377183914E-002    -0.819080404928E-002     0.214447653598E-006
     0.135904022424E-003    -0.278450863431E+003    -0.136749320292E-002    -0.111140245409E-001     0.311152966234E-006
     0.145058255993E-003    -0.278433382235E+003    -0.183617738662E-002    -0.150184503481E-001     0.449659090994E-006
     0.154761743052E-003    -0.278410043497E+003    -0.245392172121E-002    -0.202094919518E-001     0.647201997222E-006
     0.165047438780E-003    -0.278379024770E+003    -0.326368786432E-002    -0.270784317216E-001     0.927738219694E-006
     0.175950275662E-003    -0.278337990527E+003    -0.431914727903E-002    -0.361231866697E-001     0.132438870730E-005
     0.187507282134E-003    -0.278283967643E+003    -0.568674970819E-002    -0.479729353680E-001     0.188269400009E-005
     0.199757708333E-003    -0.278213197645E+003    -0.744798373274E-002    -0.634169666159E-001     0.266491840245E-005
     0.212743159403E-003    -0.278120963714E+003    -0.970177145839E-002    -0.834380317951E-001     0.375569857398E-005
     0.226507736794E-003    -0.278001391151E+003    -0.125669046047E-001    -0.109250370484E+000     0.526939976639E-005
     0.241098188040E-003    -0.277847221084E+003    -0.161843859771E-001    -0.142342427139E+000     0.735962136072E-005
     0.256564065527E-003    -0.277649558754E+003    -0.207194879821E-001    -0.184524085747E+000     0.102313826728E-004
     0.272957894778E-003    -0.277397599848E+003    -0.263632787562E-001    -0.237978024788E+000     0.141566201288E-004
     0.290335352846E-003    -0.277078341073E+003    -0.333332994708E-001    -0.305314554299E+000     0.194937375799E-004
     0.308755457403E-003    -0.276676284242E+003    -0.418730174595E-001    -0.389629098652E+000     0.267120730080E-004
     0.328280767180E-003    -0.276173145410E+003    -0.522497179356E-001    -0.494561610036E+000     0.364222830037E-004
     0.348977594427E-003    -0.275547564154E+003    -0.647514500664E-001    -0.624361750102E+000     0.494138966970E-004
     0.370916230124E-003    -0.274774857978E+003    -0.796799000701E-001    -0.783953460388E+000     0.667013733901E-004
     0.394171182707E-003    -0.273826910226E+003    -0.973357232502E-001    -0.978982688361E+000     0.895798192029E-004
     0.418821431115E-003    -0.272672257773E+003    -0.117996039005E+000    -0.121583671016E+001     0.119691305612E-003
     0.444950693017E-003    -0.271276419322E+003    -0.141884303491E+000    -0.150162881336E+001     0.159102516196E-003
     0.472647709137E-003    -0.269602501331E+003    -0.169131999422E+000    -0.184414080102E+001     0.210394076825E-003
     0.502006544641E-003    -0.267612116105E+003    -0.199731841144E+000    -0.225171164834E+001     0.276761269393E-003
     0.533126908594E-003    -0.265266632321E+003    -0.233483433054E+000    -0.273305664226E+001     0.362124791467E-003
     0.566114492604E-003    -0.262528749010E+003    -0.269934306119E+000    -0.329699855020E+001     0.471248716422E-003
     0.601081329767E-003    -0.259364340547E+003    -0.308321903301E+000    -0.395209177842E+001     0.609860768900E-003
     0.638146175159E-003    -0.255744467513E+003    -0.347525103098E+000    -0.470612335895E+001     0.784767456330E-003
     0.677434909153E-003    -0.251647396234E+003    -0.386036688941E+000    -0.556548243935E+001     0.100395359232E-002
     0.719080964939E-003    -0.247060431255E+003    -0.421970009922E+000    -0.653440434143E+001     0.127665258504E-002
     0.763225781689E-003    -0.241981351959E+003    -0.453113160317E+000    -0.761411776646E+001     0.161337106591E-002
     0.810019284919E-003    -0.236419261208E+003    -0.477041996780E+000    -0.880195608693E+001     0.202584989131E-002
     0.859620395664E-003    -0.230394672656E+003    -0.491302039486E+000    -0.100905440141E+002     0.252694498974E-002
     0.912197570216E-003    -0.223938532433E+003    -0.493651504451E+000    -0.114672991726E+002     0.313042158069E-002
     0.967929372233E-003    -0.217091358465E+003    -0.482289661550E+000    -0.129140059550E+002     0.385064414143E-002
     0.102700507918E-002    -0.209902641801E+003    -0.456092405540E+000    -0.144065246698E+002     0.470214617039E-002
     0.108962532517E-002    -0.202429458929E+003    -0.414885661283E+000    -0.159152244359E+002     0.569910001464E-002
     0.115600278233E-002    -0.194734213672E+003    -0.359679569695E+000    -0.174064224035E+002     0.685474071363E-002
     0.122636288312E-002    -0.186882209673E+003    -0.292759836254E+000    -0.188446467156E+002     0.818081195051E-002
     0.130094458593E-002    -0.178939565373E+003    -0.217571748940E+000    -0.201953635494E+002     0.968710395934E-002
     0.138000118665E-002    -0.170971583495E+003    -0.138382048152E+000    -0.214277626683E+002     0.113811453622E-001
     0.146380117888E-002    -0.163041436499E+003    -0.597602631841E-001    -0.225171862873E+002     0.132680920436E-001
     0.155262916586E-002    -0.155208942035E+003     0.140234771072E-001    -0.234468334600E+002     0.153508274333E-001
     0.164678682697E-002    -0.147529246470E+003     0.795525211099E-001    -0.242084941102E+002     0.176302549251E-001
     0.174659394236E-002    -0.140051373152E+003     0.134641225012E+000    -0.248022464423E+002     0.201057320725E-001
     0.185238947896E-002    -0.132816764406E+003     0.178452973970E+000    -0.252352481829E+002     0.227755754484E-001
     0.196453274170E-002    -0.125858076004E+003     0.211349783606E+000    -0.255199167982E+002     0.256375603262E-001
     0.208340459379E-002    -0.119198504530E+003     0.234542516247E+000    -0.256718856960E+002     0.286893522833E-001
     0.220940875020E-002    -0.112851821114E+003     0.249661928668E+000    -0.257081198406E+002     0.319288349860E-001
     0.234297314879E-002    -0.106823079027E+003     0.258370733585E+000    -0.256454869635E+002     0.353543328591E-001
     0.248455140365E-002    -0.101109641866E+003     0.262070337023E+000    -0.255000131173E+002     0.389647708712E-001
     0.263462434571E-002    -0.956998705872E+002     0.261432452709E+000    -0.252884687543E+002     0.427600885721E-001
     0.279370165569E-002    -0.905827828350E+002     0.258134566992E+000    -0.250217849242E+002     0.467406986161E-001
     0.296232359518E-002    -0.857499749350E+002     0.253512047871E+000    -0.247058781733E+002     0.509068710260E-001
     0.314106284138E-002    -0.811911591431E+002     0.247912388928E+000    -0.243471208375E+002     0.552588826458E-001
     0.333052643213E-002    -0.768921646465E+002     0.241319916265E+000    -0.239538669736E+002     0.597974985957E-001
     0.353135782749E-002    -0.728345018935E+002     0.233255065929E+000    -0.235359839302E+002     0.645244952138E-001
     0.374423909507E-002    -0.689942574946E+002     0.224146245044E+000    -0.231054347409E+002     0.694434408936E-001
     0.396989322653E-002    -0.653650070565E+002     0.215666975343E+000    -0.226579632962E+002     0.745565355278E-001
     0.420908659296E-002    -0.619448857059E+002     0.208217696513E+000    -0.221899222626E+002     0.798644513972E-001
     0.446263154769E-002    -0.587250554664E+002     0.201354681710E+000    -0.217059522599E+002     0.853681228687E-001
     0.473138918520E-002    -0.556920502643E+002     0.194618567259E+000    -0.212129750468E+002     0.910695118590E-001
     0.501627226558E-002    -0.528318310300E+002     0.187646287703E+000    -0.207163703432E+002     0.969714973563E-001
     0.531824831448E-002    -0.501312296030E+002     0.180304947006E+000    -0.202199170611E+002     0.103077670775E+000
     0.563834290904E-002    -0.475780171997E+002     0.172674669595E+000    -0.197264523578E+002     0.109392243452E+000
     0.597764316095E-002    -0.451607053965E+002     0.164834474385E+000    -0.192382636639E+002     0.115920030754E+000
     0.633730140856E-002    -0.428680378616E+002     0.156685515575E+000    -0.187575274398E+002     0.122666565563E+000
     0.671853913045E-002    -0.406866821069E+002     0.147325164293E+000    -0.182877881971E+002     0.129638786505E+000
     0.712265109384E-002    -0.385947207977E+002     0.138051989756E+000    -0.178384904942E+002     0.136847749792E+000
     0.755100975191E-002    -0.366145217826E+002     0.131855052594E+000    -0.173835585493E+002     0.144294361808E+000
     0.800506990496E-002    -0.347501327543E+002     0.126978024646E+000    -0.169244665856E+002     0.151979303978E+000
     0.848637364120E-002    -0.329894099216E+002     0.122296266495E+000    -0.164713804088E+002     0.159907259424E+000
     0.899655557408E-002    -0.313134080819E+002     0.115713346296E+000    -0.160331263327E+002     0.168087283835E+000
     0.953734839373E-002    -0.297236283923E+002     0.111772259436E+000    -0.156018376743E+002     0.176524862137E+000
     0.101105887516E-001    -0.282212631051E+002     0.108182104550E+000    -0.151748985057E+002     0.185223947436E+000
     0.107182234982E-001    -0.267988015419E+002     0.104238533151E+000    -0.147566239568E+002     0.194190808599E+000
     0.113623162948E-001    -0.254473893152E+002     0.100210328849E+000    -0.143495228800E+002     0.203433458293E+000
     0.120450546223E-001    -0.241600973331E+002     0.958465540375E-001    -0.139540230172E+002     0.212960629366E+000
     0.127687572104E-001    -0.229304073160E+002     0.907039699533E-001    -0.135705981791E+002     0.222781925762E+000
     0.135358819124E-001    -0.217463370391E+002     0.837727044011E-001    -0.132034059396E+002     0.232910788477E+000
     0.143490340526E-001    -0.206155858021E+002     0.789869454804E-001    -0.128420236959E+002     0.243353505052E+000
     0.152109752747E-001    -0.195324765259E+002     0.732781278922E-001    -0.124895960283E+002     0.254118988003E+000
     0.161246329208E-001    -0.184856442001E+002     0.693339780926E-001    -0.121509343780E+002     0.265220962835E+000
     0.170931099734E-001    -0.174924775601E+002     0.673953977749E-001    -0.118093207146E+002     0.276658205202E+000
     0.181196955938E-001    -0.165462833055E+002     0.657563269334E-001    -0.114711263691E+002     0.288434492059E+000
     0.192078762926E-001    -0.156339429684E+002     0.633535718964E-001    -0.111401211611E+002     0.300557152918E+000
     0.203613477710E-001    -0.147397583638E+002     0.588312356732E-001    -0.108172851465E+002     0.313034767341E+000
     0.215840274722E-001    -0.138485113281E+002     0.551350061662E-001    -0.105037482460E+002     0.325877664033E+000
     0.228800678855E-001    -0.129836345970E+002     0.542294306934E-001    -0.101733497907E+002     0.339062923823E+000
     0.242538706494E-001    -0.121228663388E+002     0.508561565829E-001    -0.983969305613E+001     0.352580901890E+000
     0.257101015006E-001    -0.112604400315E+002     0.505132788187E-001    -0.948967180204E+001     0.366400250510E+000
     0.272537061195E-001    -0.103794090310E+002     0.490670204343E-001    -0.912542546354E+001     0.380486503029E+000
     0.288899269272E-001    -0.946243787572E+001     0.455687739308E-001    -0.874599136266E+001     0.394797070319E+000
     0.306243208897E-001    -0.848635141166E+001     0.419655592366E-001    -0.834653101758E+001     0.409273426300E+000
     0.324627783907E-001    -0.747181947492E+001     0.394817522431E-001    -0.790899146359E+001     0.423813952155E+000
     0.344115432366E-001    -0.639737157025E+001     0.312109518139E-001    -0.744542296348E+001     0.438323458172E+000
     0.364772338618E-001    -0.528512758625E+001     0.337060019666E-001    -0.694024429901E+001     0.452660024829E+000
     0.386668658063E-001    -0.415407443775E+001     0.321554071598E-001    -0.639727947351E+001     0.466667889272E+000
     0.409878755421E-001    -0.298624940118E+001     0.277369933915E-001    -0.584858124839E+001     0.480242655946E+000
     0.434481457293E-001    -0.182274022940E+001     0.392788079887E-002    -0.529912275873E+001     0.493279933269E+000
     0.460560319869E-001    -0.758834424201E+000     0.320543918877E-001    -0.475750261626E+001     0.505687240574E+000
     0.488203912708E-001     0.214257518681E+000     0.380352193169E-001    -0.460929623969E+001     0.518429425231E+000
     0.517506119535E-001     0.998521565510E+000     0.125405936580E-001    -0.349244019575E+001     0.528663111700E+000
     0.548566457095E-001     0.157882207360E+001    -0.629374931096E-002    -0.290985970991E+001     0.537701255325E+000
     0.581490413132E-001     0.196399031072E+001    -0.977490995505E-002    -0.262750771442E+001     0.546352110036E+000
     0.616389804647E-001     0.215774993476E+001    -0.118825184236E-001    -0.248889663722E+001     0.555038306845E+000
     0.653383157655E-001     0.219439590950E+001    -0.126168118744E-001    -0.246631751116E+001     0.564162161660E+000
     0.692596109728E-001     0.213694906506E+001    -0.823649972720E-002    -0.251090887774E+001     0.574008229581E+000
     0.734161836681E-001     0.205496869254E+001    -0.180317145144E-002    -0.257234238830E+001     0.584700360342E+000
     0.778221504872E-001     0.198118912833E+001     0.270661209940E-002    -0.262660211724E+001     0.596273088262E+000
     0.824924750635E-001     0.192630655371E+001     0.437854399012E-002    -0.266661438817E+001     0.608727059763E+000
     0.874430188470E-001     0.189859718024E+001     0.413609299430E-002    -0.268655600459E+001     0.622026988653E+000
     0.926905949743E-001     0.191375260106E+001     0.548480878812E-002    -0.267476234078E+001     0.636063037168E+000
     0.982530253690E-001     0.196860968974E+001     0.514909717638E-002    -0.263247947392E+001     0.650706049018E+000
     0.104149201269E+000     0.206862808167E+001     0.564821878587E-002    -0.255714209822E+001     0.665783445411E+000
     0.110399147386E+000     0.219739432356E+001     0.367706430893E-002    -0.246151545366E+001     0.681167801526E+000
     0.117024089912E+000     0.233144947243E+001     0.677880605332E-003    -0.236163897929E+001     0.696813524676E+000
     0.124046528610E+000     0.244207368159E+001    -0.497612194704E-002    -0.228014129078E+001     0.712825715245E+000
     0.131490313229E+000     0.250249157885E+001    -0.993197789168E-002    -0.223635378138E+001     0.729472815295E+000
     0.139380724499E+000     0.250813057565E+001    -0.108275982816E-001    -0.223309728664E+001     0.747093078413E+000
     0.147744559993E+000     0.247977519249E+001    -0.633665198944E-002    -0.225400580554E+001     0.765945286671E+000
     0.156610225139E+000     0.244119320400E+001     0.938894365653E-003    -0.228187214136E+001     0.786175602694E+000
     0.166007829686E+000     0.241688345459E+001     0.625417140408E-002    -0.229919083331E+001     0.807782568861E+000
     0.175969289968E+000     0.242560197527E+001     0.980227306713E-002    -0.229202323927E+001     0.830614676122E+000
     0.185969289968E+000     0.245489110418E+001     0.102972709059E-001    -0.226991815900E+001     0.853314091274E+000
     0.195969289968E+000     0.250395824537E+001     0.773802313461E-002    -0.223355676981E+001     0.875649793011E+000
     0.205969289968E+000     0.256581355761E+001     0.432157895568E-002    -0.218781783763E+001     0.897528014069E+000
     0.215969289968E+000     0.263549894593E+001     0.921970475541E-003    -0.213594842041E+001     0.918887500263E+000
     0.225969289968E+000     0.269820675185E+001    -0.273298412590E-002    -0.208973744290E+001     0.939784892563E+000
     0.235969289968E+000     0.273202999154E+001    -0.640344120084E-002    -0.206535109254E+001     0.960438502755E+000
     0.245969289968E+000     0.273024175817E+001    -0.978509959549E-002    -0.206758955261E+001     0.981114629825E+000
     0.255969289968E+000     0.270816195466E+001    -0.110060128290E-001    -0.208461195261E+001     0.100196103989E+001
     0.265969289968E+000     0.268945283895E+001    -0.999201084542E-002    -0.209822279029E+001     0.102294350571E+001
     0.275969289968E+000     0.268861125495E+001    -0.663419145175E-002    -0.209832025945E+001     0.104392681318E+001
     0.285969289968E+000     0.270345784049E+001    -0.187839056401E-002    -0.208641449477E+001     0.106479096658E+001
     0.295969289968E+000     0.272598188056E+001     0.328164203837E-002    -0.206835405744E+001     0.108547453319E+001
     0.305969289968E+000     0.275366633049E+001     0.778709590876E-002    -0.204675235851E+001     0.110594220491E+001
     0.315969289968E+000     0.277685896576E+001     0.114065781211E-001    -0.202889340769E+001     0.112623145962E+001
     0.325969289968E+000     0.279063330911E+001     0.128878034062E-001    -0.201864459690E+001     0.114641831699E+001
     0.335969289968E+000     0.279157486772E+001     0.118170085667E-001    -0.201822548356E+001     0.116660091778E+001
     0.345969289968E+000     0.278380644422E+001     0.962987261908E-002    -0.202439265181E+001     0.118684507334E+001
     0.355969289968E+000     0.277690640644E+001     0.700591596546E-002    -0.203010060967E+001     0.120714620032E+001
     0.365969289968E+000     0.277256469185E+001     0.482732172305E-002    -0.203365458446E+001     0.122748280346E+001
     0.375969289968E+000     0.277927999912E+001     0.336083390219E-002    -0.202883170421E+001     0.124777114834E+001
     0.385969289968E+000     0.279194559518E+001     0.201054062507E-002    -0.201920909537E+001     0.126796324930E+001
     0.395969289968E+000     0.281465214373E+001     0.155084299951E-002    -0.200261644666E+001     0.128798941977E+001
     0.405969289968E+000     0.283608003716E+001     0.101699709220E-002    -0.198662142055E+001     0.130785563658E+001
     0.415969289968E+000     0.285412385446E+001     0.732214858642E-003    -0.197317733332E+001     0.132758741127E+001
     0.425969289968E+000     0.286308133689E+001    -0.244337693017E-003    -0.196687531444E+001     0.134725616457E+001
     0.435969289968E+000     0.286337010179E+001    -0.134738805666E-002    -0.196691905397E+001     0.136692535972E+001
     0.445969289968E+000     0.286130726333E+001    -0.247019536956E-002    -0.196888002034E+001     0.138661417542E+001
     0.455969289968E+000     0.285749545922E+001    -0.371966279317E-002    -0.197176441317E+001     0.140633185464E+001
     0.465969289968E+000     0.286201488377E+001    -0.379363152180E-002    -0.196849020172E+001     0.142601679321E+001
     0.475969289968E+000     0.286966391530E+001    -0.377700632154E-002    -0.196259885965E+001     0.144564281815E+001
     0.485969289968E+000     0.288033239146E+001    -0.286759459913E-002    -0.195446403205E+001     0.146518747951E+001
     0.495969289968E+000     0.289377006486E+001    -0.101028701640E-002    -0.194399145548E+001     0.148462739669E+001
     0.505969289968E+000     0.290962401734E+001     0.117018337988E-002    -0.193166175545E+001     0.150394401779E+001
     0.515969289968E+000     0.292663165621E+001     0.360578467528E-002    -0.191840667529E+001     0.152312811843E+001
     0.525969289968E+000     0.294322845969E+001     0.588791720449E-002    -0.190566488194E+001     0.154218485820E+001
     0.535969289968E+000     0.295593190356E+001     0.757487065787E-002    -0.189598676733E+001     0.156114487719E+001
     0.545969289968E+000     0.296332409080E+001     0.825392788398E-002    -0.189047417596E+001     0.158004979914E+001
     0.555969289968E+000     0.296039344144E+001     0.778721648787E-002    -0.189283368204E+001     0.159897829614E+001
     0.565969289968E+000     0.295643851045E+001     0.666022153456E-002    -0.189606708248E+001     0.161793908394E+001
     0.575969289968E+000     0.295053669494E+001     0.494392295324E-002    -0.190105971852E+001     0.163694974541E+001
     0.585969289968E+000     0.294354212589E+001     0.352912328090E-002    -0.190652580503E+001     0.165601503613E+001
     0.595969289968E+000     0.293795668580E+001     0.208931189183E-002    -0.191096957270E+001     0.167512474328E+001
     0.605969289968E+000     0.293490887261E+001     0.876369750735E-003    -0.191328683295E+001     0.169425761361E+001
     0.615969289968E+000     0.293961868011E+001     0.109811122711E-003    -0.190994582584E+001     0.171335707190E+001
     0.625969289968E+000     0.294582545042E+001    -0.452904413496E-003    -0.190521156298E+001     0.173240918807E+001
     0.635969289968E+000     0.295818365613E+001    -0.344325613072E-003    -0.189601625637E+001     0.175136935095E+001
     0.645969289968E+000     0.297208360247E+001    -0.370537894083E-003    -0.188555416763E+001     0.177022489299E+001
     0.655969289968E+000     0.298735752979E+001     0.800994645969E-004    -0.187403589411E+001     0.178896525195E+001
     0.665969289968E+000     0.300313608839E+001     0.773586752391E-003    -0.186209502135E+001     0.180758620377E+001
     0.675969289968E+000     0.301728626507E+001     0.150408415245E-002    -0.185141769417E+001     0.182610038682E+001
     0.685969289968E+000     0.302835088081E+001     0.232201933933E-002    -0.184326830770E+001     0.184453308452E+001
     0.695969289968E+000     0.303361047755E+001     0.260872176266E-002    -0.183912920191E+001     0.186292439504E+001
     0.705969289968E+000     0.303362514269E+001     0.261321550528E-002    -0.183923377557E+001     0.188131675136E+001
     0.715969289968E+000     0.303221103725E+001     0.240910798336E-002    -0.184044690573E+001     0.189972123619E+001
     0.725969289968E+000     0.302738617915E+001     0.169490296583E-002    -0.184425122819E+001     0.191816375626E+001
     0.735969289968E+000     0.301942617825E+001     0.137928490068E-002    -0.185037200113E+001     0.193666748141E+001
     0.745969289968E+000     0.301282971952E+001     0.759447943922E-003    -0.185532702165E+001     0.195522075318E+001
     0.755969289968E+000     0.300787398997E+001     0.479009287064E-003    -0.185910123936E+001     0.197381176619E+001
