 #        time                      h  [L]            Darcian flow [L.T^{-1}]   in    x         z              directions   cumulative flux
 #-----------------------------------------------------------------------------------------------

     0.100000000000E-005     0.400000000000E+001    -0.174961453992E-012    -0.142866869136E+004     0.142866869136E-002
     0.205999994278E-005     0.400000000000E+001    -0.168948695598E-012    -0.137957079311E+004     0.289101365312E-002
     0.318359982147E-005     0.400000000000E+001    -0.162704407364E-012    -0.132858231024E+004     0.438380857573E-002
     0.437461562859E-005     0.400000000000E+001    -0.156234110491E-012    -0.127574832678E+004     0.590324499884E-002
     0.563709231599E-005     0.400000000000E+001    -0.149547540812E-012    -0.122114834184E+004     0.744491631227E-002
     0.697531753239E-005     0.400000000000E+001    -0.142659830885E-012    -0.116490592214E+004     0.900382279201E-002
     0.839383618521E-005     0.400000000000E+001    -0.135592946628E-012    -0.110720043299E+004     0.105744072586E-001
     0.989746587602E-005     0.400000000000E+001    -0.128377376250E-012    -0.104828082954E+004     0.121506334382E-001
     0.114913132622E-004     0.400000000000E+001    -0.121054014290E-012    -0.988481041014E+003     0.137261213618E-001
     0.131807914004E-004     0.400000000000E+001    -0.113676084299E-012    -0.928235670710E+003     0.152943552345E-001
     0.149716381303E-004     0.400000000000E+001    -0.106310783669E-012    -0.868093426965E+003     0.168489775094E-001
     0.168699355614E-004     0.400000000000E+001    -0.990401068089E-013    -0.808723844931E+003     0.183841759067E-001
     0.188821307298E-004     0.400000000000E+001    -0.919600355891E-013    -0.750910676067E+003     0.198951547410E-001
     0.210150574931E-004     0.400000000000E+001    -0.851770775532E-013    -0.695523620463E+003     0.213786556856E-001
     0.232759597402E-004     0.400000000000E+001    -0.788011896635E-013    -0.643460544856E+003     0.228334570774E-001
     0.256725159928E-004     0.400000000000E+001    -0.729347416080E-013    -0.595557361182E+003     0.242607437951E-001
     0.282128654833E-004     0.400000000000E+001    -0.676585559345E-013    -0.552474035629E+003     0.256642209300E-001
     0.309056357980E-004     0.400000000000E+001    -0.630179812062E-013    -0.514580867317E+003     0.270498690140E-001
     0.337599721774E-004     0.400000000000E+001    -0.590134418242E-013    -0.481881321743E+003     0.284253204013E-001
     0.367855685763E-004     0.400000000000E+001    -0.555995797397E-013    -0.454005022333E+003     0.297989563619E-001
     0.399927005860E-004     0.400000000000E+001    -0.526943429070E-013    -0.430281963287E+003     0.311789274195E-001
     0.433922603327E-004     0.400000000000E+001    -0.501954115728E-013    -0.409876640413E+003     0.325723275474E-001
     0.469957934698E-004     0.400000000000E+001    -0.479986359754E-013    -0.391938606371E+003     0.339846913032E-001
     0.508155383889E-004     0.400000000000E+001    -0.460132320611E-013    -0.375726553102E+003     0.354198708953E-001
     0.548644677845E-004     0.400000000000E+001    -0.441707385830E-013    -0.360681452103E+003     0.368802446292E-001
     0.591563327122E-004     0.400000000000E+001    -0.424273864284E-013    -0.346445901446E+003     0.383671436430E-001
     0.637057092900E-004     0.400000000000E+001    -0.407612810361E-013    -0.332841118472E+003     0.398813632315E-001
     0.685280482021E-004     0.400000000000E+001    -0.391664579736E-013    -0.319818399892E+003     0.414236359461E-001
     0.736397271730E-004     0.400000000000E+001    -0.376458391906E-013    -0.307401605236E+003     0.429949742672E-001
     0.790581065897E-004     0.400000000000E+001    -0.362047718039E-013    -0.295634397029E+003     0.445968335989E-001
     0.848015884613E-004     0.400000000000E+001    -0.348463296067E-013    -0.284541874693E+003     0.462310946980E-001
     0.908896789166E-004     0.400000000000E+001    -0.335689445659E-013    -0.274111234270E+003     0.478999086870E-001
     0.973430544509E-004     0.400000000000E+001    -0.323662921145E-013    -0.264290831749E+003     0.496054766745E-001
     0.104183632148E-003     0.400000000000E+001    -0.312288279994E-013    -0.255002732389E+003     0.513498426784E-001
     0.111434644115E-003     0.400000000000E+001    -0.301461017906E-013    -0.246161601954E+003     0.531347634001E-001
     0.119120716386E-003     0.400000000000E+001    -0.291089891030E-013    -0.237692934185E+003     0.549616884705E-001
     0.127267952553E-003     0.400000000000E+001    -0.281112164352E-013    -0.229545502056E+003     0.568318498868E-001
     0.135904022424E-003     0.400000000000E+001    -0.271498759797E-013    -0.221695561517E+003     0.587464282461E-001
     0.145058255993E-003     0.400000000000E+001    -0.262249411353E-013    -0.214142895352E+003     0.607067423273E-001
     0.154761743052E-003     0.400000000000E+001    -0.253380422353E-013    -0.206900816243E+003     0.627144017203E-001
     0.165047438780E-003     0.400000000000E+001    -0.244909209613E-013    -0.199983546100E+003     0.647713716260E-001
     0.175950275662E-003     0.400000000000E+001    -0.236840310439E-013    -0.193394789913E+003     0.668799234743E-001
     0.187507282134E-003     0.400000000000E+001    -0.229156782736E-013    -0.187120713413E+003     0.690424787703E-001
     0.199757708333E-003     0.400000000000E+001    -0.221819093439E-013    -0.181129035403E+003     0.712613866509E-001
     0.212743159403E-003     0.400000000000E+001    -0.214771238122E-013    -0.175374024798E+003     0.735386974688E-001
     0.226507736794E-003     0.400000000000E+001    -0.207951770120E-013    -0.169805506587E+003     0.758759985057E-001
     0.241098188040E-003     0.400000000000E+001    -0.201306275089E-013    -0.164379048089E+003     0.782743629928E-001
     0.256564065527E-003     0.400000000000E+001    -0.194797796449E-013    -0.159064471964E+003     0.807344346287E-001
     0.272957894778E-003     0.400000000000E+001    -0.188412590847E-013    -0.153850555914E+003     0.832566343725E-001
     0.290335352846E-003     0.400000000000E+001    -0.182160001157E-013    -0.148744928973E+003     0.858414431385E-001
     0.308755457403E-003     0.400000000000E+001    -0.176066817094E-013    -0.143769466606E+003     0.884896917456E-001
     0.328280767180E-003     0.400000000000E+001    -0.170167914388E-013    -0.138952647005E+003     0.912027852227E-001
     0.348977594427E-003     0.400000000000E+001    -0.164495881199E-013    -0.134321080424E+003     0.939828054198E-001
     0.370916230124E-003     0.400000000000E+001    -0.159072472885E-013    -0.129892531459E+003     0.968324703472E-001
     0.394171182707E-003     0.400000000000E+001    -0.153904029374E-013    -0.125672177056E+003     0.997549708657E-001
     0.418821431115E-003     0.400000000000E+001    -0.148982347934E-013    -0.121653319175E+003     0.102753755403E+000
     0.444950693017E-003     0.400000000000E+001    -0.144291067911E-013    -0.117822598329E+003     0.105832372933E+000
     0.472647709137E-003     0.400000000000E+001    -0.139797364045E-013    -0.114153210658E+003     0.108994076249E+000
     0.502006544641E-003     0.400000000000E+001    -0.135475101964E-013    -0.110623815828E+003     0.112241862660E+000
     0.533126908594E-003     0.400000000000E+001    -0.131303877036E-013    -0.107217752194E+003     0.115578518131E+000
     0.566114492604E-003     0.400000000000E+001    -0.127270397188E-013    -0.103924165953E+003     0.119006725286E+000
     0.601081329767E-003     0.400000000000E+001    -0.123367757835E-013    -0.100737419084E+003     0.122529194215E+000
     0.638146175159E-003     0.400000000000E+001    -0.119593194357E-013    -0.976552541028E+002     0.126148771110E+000
     0.677434909153E-003     0.400000000000E+001    -0.115945470525E-013    -0.946766615531E+002     0.129868497281E+000
     0.719080964939E-003     0.400000000000E+001    -0.112422882436E-013    -0.918002500917E+002     0.133691615618E+000
     0.763225781689E-003     0.400000000000E+001    -0.109022329449E-013    -0.890234878535E+002     0.137621541176E+000
     0.810019284919E-003     0.400000000000E+001    -0.105739346670E-013    -0.863427289761E+002     0.141661819943E+000
     0.859620395664E-003     0.400000000000E+001    -0.102568663736E-013    -0.837536698808E+002     0.145816094998E+000
     0.912197570216E-003     0.400000000000E+001    -0.995048324050E-014    -0.812518617403E+002     0.150088088315E+000
     0.967929372233E-003     0.400000000000E+001    -0.965426523629E-014    -0.788330581766E+002     0.154481596706E+000
     0.102700507918E-002     0.400000000000E+001    -0.936773467991E-014    -0.764933586274E+002     0.159000495944E+000
     0.108962532517E-002     0.400000000000E+001    -0.909045702369E-014    -0.742292147419E+002     0.163648747630E+000
     0.115600278233E-002     0.400000000000E+001    -0.882203488859E-014    -0.720373816739E+002     0.168430405846E+000
     0.122636288312E-002     0.400000000000E+001    -0.856210121794E-014    -0.699148621782E+002     0.173349622596E+000
     0.130094458593E-002     0.400000000000E+001    -0.831031349087E-014    -0.678588593598E+002     0.178410651878E+000
     0.138000118665E-002     0.400000000000E+001    -0.806634961888E-014    -0.658667431662E+002     0.183617852693E+000
     0.146380117888E-002     0.400000000000E+001    -0.782990660934E-014    -0.639360394752E+002     0.188975692304E+000
     0.155262916586E-002     0.400000000000E+001    -0.760070706263E-014    -0.620644831466E+002     0.194488755405E+000
     0.164678682697E-002     0.400000000000E+001    -0.737861071127E-014    -0.602509288099E+002     0.200161841941E+000
     0.174659394236E-002     0.400000000000E+001    -0.716322995966E-014    -0.584922115066E+002     0.205999780844E+000
     0.185238947896E-002     0.400000000000E+001    -0.695428714773E-014    -0.567860639702E+002     0.212007492954E+000
     0.196453274170E-002     0.400000000000E+001    -0.675156632387E-014    -0.551307228221E+002     0.218190032088E+000
     0.208340459379E-002     0.400000000000E+001    -0.655487016993E-014    -0.535245768371E+002     0.224552597669E+000
     0.220940875020E-002     0.400000000000E+001    -0.636401510544E-014    -0.519661269672E+002     0.231100545660E+000
     0.234297314879E-002     0.400000000000E+001    -0.617882819719E-014    -0.504539611053E+002     0.237839398631E+000
     0.248455140365E-002     0.400000000000E+001    -0.599914389465E-014    -0.489867274289E+002     0.244774854012E+000
     0.263462434571E-002     0.400000000000E+001    -0.582480135043E-014    -0.475631125193E+002     0.251912790241E+000
     0.279370165569E-002     0.400000000000E+001    -0.565564274226E-014    -0.461818276600E+002     0.259259271155E+000
     0.296232359518E-002     0.400000000000E+001    -0.549151282683E-014    -0.448416051931E+002     0.266820549593E+000
     0.314106284138E-002     0.400000000000E+001    -0.533225927513E-014    -0.435412012577E+002     0.274603071084E+000
     0.333052643213E-002     0.400000000000E+001    -0.517834540205E-014    -0.422843991072E+002     0.282614425172E+000
     0.353135782749E-002     0.400000000000E+001    -0.502829210706E-014    -0.410591209691E+002     0.290860385728E+000
     0.374423909507E-002     0.400000000000E+001    -0.488225855931E-014    -0.398666665581E+002     0.299347252239E+000
     0.396989322653E-002     0.400000000000E+001    -0.474103473184E-014    -0.387134864937E+002     0.308083110410E+000
     0.420908659296E-002     0.400000000000E+001    -0.460401747600E-014    -0.375946556934E+002     0.317075502665E+000
     0.446263154769E-002     0.400000000000E+001    -0.447104412987E-014    -0.365088459218E+002     0.326332136352E+000
     0.473138918520E-002     0.400000000000E+001    -0.434196551245E-014    -0.354548390236E+002     0.335860895126E+000
     0.501627226558E-002     0.400000000000E+001    -0.421666574501E-014    -0.344316887771E+002     0.345669900687E+000
     0.531824831448E-002     0.400000000000E+001    -0.409499576088E-014    -0.334381779606E+002     0.355767429550E+000
     0.563834290904E-002     0.400000000000E+001    -0.397676088508E-014    -0.324727169324E+002     0.366161770711E+000
     0.597764316095E-002     0.400000000000E+001    -0.386187114351E-014    -0.315345709979E+002     0.376861458594E+000
     0.633730140856E-002     0.400000000000E+001    -0.375053092262E-014    -0.306254090995E+002     0.387876139564E+000
     0.671853913045E-002     0.400000000000E+001    -0.364168454790E-014    -0.297366110003E+002     0.399212857398E+000
     0.712265109384E-002     0.400000000000E+001    -0.353439483652E-014    -0.288605240219E+002     0.410875740425E+000
     0.755100975191E-002     0.400000000000E+001    -0.342941110386E-014    -0.280032667888E+002     0.422871182208E+000
     0.800506990496E-002     0.400000000000E+001    -0.332525949883E-014    -0.271528043935E+002     0.435200188727E+000
     0.848637364120E-002     0.400000000000E+001    -0.322084901639E-014    -0.263002281035E+002     0.447858586777E+000
     0.899655557408E-002     0.400000000000E+001    -0.311468483341E-014    -0.254333317621E+002     0.460834213135E+000
     0.953734839373E-002     0.400000000000E+001    -0.300518779838E-014    -0.245392206183E+002     0.474104847445E+000
     0.101105887516E-001     0.400000000000E+001    -0.288930447196E-014    -0.235929614479E+002     0.487629285109E+000
     0.107182234982E-001     0.400000000000E+001    -0.276495328622E-014    -0.225775569588E+002     0.501348193210E+000
     0.113623162948E-001     0.400000000000E+001    -0.262798813026E-014    -0.214591515863E+002     0.515169878168E+000
     0.120450546223E-001     0.400000000000E+001    -0.247580249127E-014    -0.202164615381E+002     0.528972431307E+000
     0.127687572104E-001     0.400000000000E+001    -0.230334529493E-014    -0.188082416622E+002     0.542584004476E+000
     0.135358819124E-001     0.400000000000E+001    -0.210867569254E-014    -0.172186437266E+002     0.555792851413E+000
     0.143490340526E-001     0.400000000000E+001    -0.188653282436E-014    -0.154047095511E+002     0.568319223954E+000
     0.152109752747E-001     0.400000000000E+001    -0.163836545294E-014    -0.133782691800E+002     0.579850505641E+000
     0.161246329208E-001     0.400000000000E+001    -0.136680558763E-014    -0.111608146004E+002     0.590047669237E+000
     0.170931099734E-001     0.400000000000E+001    -0.108317679644E-014    -0.884480976228E+001     0.598613664526E+000
     0.181196955938E-001     0.400000000000E+001    -0.811094626212E-015    -0.662309023938E+001     0.605412833728E+000
     0.192078762926E-001     0.400000000000E+001    -0.582070113220E-015    -0.475296316967E+001     0.610584916512E+000
     0.203613477710E-001     0.400000000000E+001    -0.423629709073E-015    -0.345919908800E+001     0.614575003998E+000
     0.215840274722E-001     0.400000000000E+001    -0.335327899889E-015    -0.273816009745E+001     0.617922896768E+000
     0.228800678855E-001     0.400000000000E+001    -0.295567882959E-015    -0.241349492086E+001     0.621050883722E+000
     0.242538706494E-001     0.400000000000E+001    -0.285528438191E-015    -0.233151663312E+001     0.624253927717E+000
     0.257101015006E-001     0.400000000000E+001    -0.289192441009E-015    -0.236143548663E+001     0.627692722926E+000
     0.272537061195E-001     0.400000000000E+001    -0.302440443332E-015    -0.246961363507E+001     0.631504829940E+000
     0.288899269272E-001     0.400000000000E+001    -0.318559898154E-015    -0.260123897255E+001     0.635761031272E+000
     0.306243208897E-001     0.400000000000E+001    -0.335094285482E-015    -0.273625249105E+001     0.640506771073E+000
     0.324627783907E-001     0.400000000000E+001    -0.350371416790E-015    -0.286099973506E+001     0.645766597496E+000
     0.344115432366E-001     0.400000000000E+001    -0.362633808551E-015    -0.296112976251E+001     0.651537143082E+000
     0.364772338618E-001     0.400000000000E+001    -0.372398502622E-015    -0.304086454054E+001     0.657818628455E+000
     0.386668658063E-001     0.400000000000E+001    -0.380653598799E-015    -0.310827251632E+001     0.664624601249E+000
     0.409878755421E-001     0.400000000000E+001    -0.388024127382E-015    -0.316845744954E+001     0.671978621837E+000
     0.434481457293E-001     0.400000000000E+001    -0.394566541081E-015    -0.322188031158E+001     0.679905317915E+000
     0.460560319869E-001     0.400000000000E+001    -0.400557945825E-015    -0.327080384405E+001     0.688435202311E+000
     0.488203912708E-001     0.400000000000E+001    -0.403840211944E-015    -0.329760558085E+001     0.697550968913E+000
     0.517506119535E-001     0.400000000000E+001    -0.404845950624E-015    -0.330581806041E+001     0.707237745367E+000
     0.548566457095E-001     0.400000000000E+001    -0.403350988722E-015    -0.329361077009E+001     0.717467811598E+000
     0.581490413132E-001     0.400000000000E+001    -0.398070681590E-015    -0.325049379027E+001     0.728169723063E+000
     0.616389804647E-001     0.400000000000E+001    -0.388842660806E-015    -0.317514128218E+001     0.739250772935E+000
     0.653383157655E-001     0.400000000000E+001    -0.375953080506E-015    -0.306988987165E+001     0.750607324907E+000
     0.692596109728E-001     0.400000000000E+001    -0.359131519888E-015    -0.293253140528E+001     0.762106646251E+000
     0.734161836681E-001     0.400000000000E+001    -0.340950446992E-015    -0.278407167870E+001     0.773678842573E+000
     0.778221504872E-001     0.400000000000E+001    -0.322891197523E-015    -0.263660671590E+001     0.785295644278E+000
     0.824924750635E-001     0.400000000000E+001    -0.307612437300E-015    -0.251184617078E+001     0.797026781181E+000
     0.874430188470E-001     0.400000000000E+001    -0.298745737592E-015    -0.243944407318E+001     0.809103355873E+000
     0.926905949743E-001     0.400000000000E+001    -0.296778340952E-015    -0.242337906047E+001     0.821820221978E+000
     0.982530253690E-001     0.400000000000E+001    -0.299611194616E-015    -0.244651106609E+001     0.835428769493E+000
     0.104149201269E+000     0.400000000000E+001    -0.304719356573E-015    -0.248822237387E+001     0.850099766288E+000
     0.110399147386E+000     0.400000000000E+001    -0.310422000311E-015    -0.253478799379E+001     0.865942054666E+000
     0.117024089912E+000     0.400000000000E+001    -0.315212210105E-015    -0.257390302513E+001     0.882994014275E+000
     0.124046528610E+000     0.400000000000E+001    -0.317411102566E-015    -0.259185834468E+001     0.901195180616E+000
     0.131490313229E+000     0.400000000000E+001    -0.316035240340E-015    -0.258062357702E+001     0.920404786705E+000
     0.139380724499E+000     0.400000000000E+001    -0.311556614000E-015    -0.254405281765E+001     0.940478409729E+000
     0.147744559993E+000     0.400000000000E+001    -0.304413461348E-015    -0.248572454980E+001     0.961268600948E+000
     0.156610225139E+000     0.400000000000E+001    -0.294718649576E-015    -0.240656040404E+001     0.982604359643E+000
     0.166007829686E+000     0.400000000000E+001    -0.282735155024E-015    -0.230870774513E+001     0.100430068205E+001
     0.175969289968E+000     0.400000000000E+001    -0.270264023774E-015    -0.220687323041E+001     0.102628436208E+001
     0.185969289968E+000     0.400000000000E+001    -0.262274268942E-015    -0.214163193114E+001     0.104770068139E+001
     0.195969289968E+000     0.400000000000E+001    -0.261196833212E-015    -0.213283400074E+001     0.106902902140E+001
     0.205969289968E+000     0.400000000000E+001    -0.264919761642E-015    -0.216323401839E+001     0.109066136158E+001
     0.215969289968E+000     0.400000000000E+001    -0.268573470306E-015    -0.219306881374E+001     0.111259204972E+001
     0.225969289968E+000     0.400000000000E+001    -0.269643753127E-015    -0.220180833621E+001     0.113461013308E+001
     0.235969289968E+000     0.400000000000E+001    -0.267775587975E-015    -0.218655361008E+001     0.115647566918E+001
     0.245969289968E+000     0.400000000000E+001    -0.264317758242E-015    -0.215831828757E+001     0.117805885206E+001
     0.255969289968E+000     0.400000000000E+001    -0.260216560192E-015    -0.212482946408E+001     0.119930714670E+001
     0.265969289968E+000     0.400000000000E+001    -0.257045034884E-015    -0.209893199462E+001     0.122029646664E+001
     0.275969289968E+000     0.400000000000E+001    -0.255869715604E-015    -0.208933478438E+001     0.124118981449E+001
     0.285969289968E+000     0.400000000000E+001    -0.256002114070E-015    -0.209041589990E+001     0.126209397349E+001
     0.295969289968E+000     0.400000000000E+001    -0.257241639470E-015    -0.210053739289E+001     0.128309934742E+001
     0.305969289968E+000     0.400000000000E+001    -0.258388535442E-015    -0.210990250921E+001     0.130419837251E+001
     0.315969289968E+000     0.400000000000E+001    -0.259064012147E-015    -0.211541819508E+001     0.132535255446E+001
     0.325969289968E+000     0.400000000000E+001    -0.257712875802E-015    -0.210438532956E+001     0.134639640775E+001
     0.335969289968E+000     0.400000000000E+001    -0.255221960189E-015    -0.208404546002E+001     0.136723686235E+001
     0.345969289968E+000     0.400000000000E+001    -0.251678567279E-015    -0.205511146115E+001     0.138778797697E+001
     0.355969289968E+000     0.400000000000E+001    -0.248687981355E-015    -0.203069147389E+001     0.140809489170E+001
     0.365969289968E+000     0.400000000000E+001    -0.246504744050E-015    -0.201286398839E+001     0.142822353159E+001
     0.375969289968E+000     0.400000000000E+001    -0.245957646757E-015    -0.200839659997E+001     0.144830749759E+001
     0.385969289968E+000     0.400000000000E+001    -0.246917673641E-015    -0.201623581438E+001     0.146846985573E+001
     0.395969289968E+000     0.400000000000E+001    -0.247166978891E-015    -0.201827154624E+001     0.148865257119E+001
     0.405969289968E+000     0.400000000000E+001    -0.247322502800E-015    -0.201954149533E+001     0.150884798615E+001
     0.415969289968E+000     0.400000000000E+001    -0.246383077944E-015    -0.201187050924E+001     0.152896669124E+001
     0.425969289968E+000     0.400000000000E+001    -0.245179951284E-015    -0.200204623451E+001     0.154898715359E+001
     0.435969289968E+000     0.400000000000E+001    -0.243529656592E-015    -0.198857055571E+001     0.156887285914E+001
     0.445969289968E+000     0.400000000000E+001    -0.241482289211E-015    -0.197185253233E+001     0.158859138447E+001
     0.455969289968E+000     0.400000000000E+001    -0.239184256331E-015    -0.195308766983E+001     0.160812226116E+001
     0.465969289968E+000     0.400000000000E+001    -0.236949828787E-015    -0.193484218431E+001     0.162747068301E+001
     0.475969289968E+000     0.400000000000E+001    -0.235127513920E-015    -0.191996185417E+001     0.164667030155E+001
     0.485969289968E+000     0.400000000000E+001    -0.234140623188E-015    -0.191190327980E+001     0.166578933435E+001
     0.495969289968E+000     0.400000000000E+001    -0.234488808998E-015    -0.191474643270E+001     0.168493679867E+001
     0.505969289968E+000     0.400000000000E+001    -0.234956367512E-015    -0.191856433770E+001     0.170412244205E+001
     0.515969289968E+000     0.400000000000E+001    -0.235912474026E-015    -0.192637153987E+001     0.172338615745E+001
     0.525969289968E+000     0.400000000000E+001    -0.236921433590E-015    -0.193461031993E+001     0.174273226065E+001
     0.535969289968E+000     0.400000000000E+001    -0.237769961680E-015    -0.194153907760E+001     0.176214765142E+001
     0.545969289968E+000     0.400000000000E+001    -0.238273362258E-015    -0.194564965527E+001     0.178160414798E+001
     0.555969289968E+000     0.400000000000E+001    -0.237854414412E-015    -0.194222868649E+001     0.180102643484E+001
     0.565969289968E+000     0.400000000000E+001    -0.237021083120E-015    -0.193542402009E+001     0.182038067504E+001
     0.575969289968E+000     0.400000000000E+001    -0.235212859043E-015    -0.192065874999E+001     0.183958726254E+001
     0.585969289968E+000     0.400000000000E+001    -0.233287481450E-015    -0.190493684883E+001     0.185863663103E+001
     0.595969289968E+000     0.400000000000E+001    -0.231161570587E-015    -0.188757746926E+001     0.187751240572E+001
     0.605969289968E+000     0.400000000000E+001    -0.229112938126E-015    -0.187084911573E+001     0.189622089688E+001
     0.615969289968E+000     0.400000000000E+001    -0.227335527682E-015    -0.185633545803E+001     0.191478425146E+001
     0.625969289968E+000     0.400000000000E+001    -0.226043401613E-015    -0.184578444798E+001     0.193324209594E+001
     0.635969289968E+000     0.400000000000E+001    -0.225375765724E-015    -0.184033278722E+001     0.195164542381E+001
     0.645969289968E+000     0.400000000000E+001    -0.225546865531E-015    -0.184172992317E+001     0.197006272305E+001
     0.655969289968E+000     0.400000000000E+001    -0.225812462456E-015    -0.184389868665E+001     0.198850170991E+001
     0.665969289968E+000     0.400000000000E+001    -0.226866482918E-015    -0.185250541687E+001     0.200702676408E+001
     0.675969289968E+000     0.400000000000E+001    -0.227881050881E-015    -0.186078999299E+001     0.202563466401E+001
     0.685969289968E+000     0.400000000000E+001    -0.228790940925E-015    -0.186821980904E+001     0.204431686210E+001
     0.695969289968E+000     0.400000000000E+001    -0.229521971270E-015    -0.187418912481E+001     0.206305875335E+001
     0.705969289968E+000     0.400000000000E+001    -0.229938025641E-015    -0.187758646657E+001     0.208183461801E+001
     0.715969289968E+000     0.400000000000E+001    -0.230140730985E-015    -0.187924168132E+001     0.210062703483E+001
     0.725969289968E+000     0.400000000000E+001    -0.230238601356E-015    -0.188004085355E+001     0.211942744336E+001
     0.735969289968E+000     0.400000000000E+001    -0.229931125544E-015    -0.187753012300E+001     0.213820274459E+001
     0.745969289968E+000     0.400000000000E+001    -0.229252350629E-015    -0.187198750521E+001     0.215692261965E+001
     0.755969289968E+000     0.400000000000E+001    -0.228411002862E-015    -0.186511737932E+001     0.217557379344E+001
