 #        time                      h  [L]            Darcian flow [L.T^{-1}]   in    x         z              directions   cumulative flux
 #-----------------------------------------------------------------------------------------------

     0.100000000000E-005    -0.280000000000E+003     0.621883894724E-014    -0.399270868197E-014     0.739024224710E-020
     0.205999994278E-005    -0.280000000000E+003     0.621883894724E-014    -0.118857053927E-013     0.216094194733E-019
     0.318359982147E-005    -0.280000000000E+003     0.621883894724E-014    -0.197787021034E-013     0.449053876804E-019
     0.437461562859E-005    -0.280000000000E+003    -0.289983994724E-029    -0.236789901322E-013     0.731074392245E-019
     0.563709231599E-005    -0.280000000000E+003    -0.289983994724E-029    -0.236789901322E-013     0.103001612247E-018
     0.697531753239E-005    -0.280000000000E+003    -0.621883894724E-014    -0.354722748716E-013     0.151195489924E-018
     0.839383618521E-005    -0.280000000000E+003    -0.483306657873E-029    -0.394649835536E-013     0.207177305227E-018
     0.989746587602E-005    -0.280000000000E+003     0.621883894724E-014    -0.434576922356E-013     0.273187247574E-018
     0.114913132622E-004    -0.280000000000E+003    -0.773290652597E-029    -0.631439736858E-013     0.373829104988E-018
     0.131807914004E-004    -0.280000000000E+003    -0.869951984172E-029    -0.710369703965E-013     0.493844513477E-018
     0.149716381303E-004    -0.280000000000E+003    -0.621883894724E-014    -0.670442617145E-013     0.614425922021E-018
     0.168699355614E-004    -0.280000000000E+003    -0.621883894724E-014    -0.670442617145E-013     0.742242208177E-018
     0.188821307298E-004    -0.280000000000E+003    -0.124376778945E-013    -0.788375464540E-013     0.902840779681E-018
     0.210150574931E-004    -0.280000000000E+003    -0.621883894724E-014    -0.749372584252E-013     0.106322590461E-017
     0.232759597402E-004    -0.280000000000E+003    -0.621883894724E-014    -0.591512650038E-013     0.119769820680E-017
     0.256725159928E-004    -0.280000000000E+003    -0.124376778945E-013    -0.630515530325E-013     0.135171669708E-017
     0.282128654833E-004    -0.280000000000E+003    -0.186565168417E-013    -0.590588443506E-013     0.150905464742E-017
     0.309056357980E-004    -0.280000000000E+003    -0.621883894724E-014    -0.670442617145E-013     0.169036443346E-017
     0.337599721774E-004    -0.280000000000E+003    -0.621883894724E-014    -0.749372584252E-013     0.190499585198E-017
     0.367855685763E-004    -0.280000000000E+003    -0.186565168417E-013    -0.827378344827E-013     0.216161235725E-017
     0.399927005860E-004    -0.280000000000E+003    -0.621883894724E-014    -0.828302551359E-013     0.242800758260E-017
     0.433922603327E-004    -0.280000000000E+003    -0.124376778945E-013    -0.709445497433E-013     0.267286616780E-017
     0.469957934698E-004    -0.280000000000E+003    -0.966613315746E-029    -0.789299671072E-013     0.295729291978E-017
     0.508155383889E-004    -0.280000000000E+003     0.621883894724E-014    -0.750296790784E-013     0.324486991170E-017
     0.548644677845E-004    -0.280000000000E+003     0.621883894724E-014    -0.750296790784E-013     0.354970150668E-017
     0.591563327122E-004    -0.280000000000E+003     0.621883894724E-014    -0.829226757892E-013     0.390659385971E-017
     0.637057092900E-004    -0.280000000000E+003     0.124376778945E-013    -0.790223877604E-013     0.427052219373E-017
     0.685280482021E-004    -0.280000000000E+003     0.124376778945E-013    -0.790223877604E-013     0.465628620697E-017
     0.736397271730E-004    -0.280000000000E+003    -0.869951984172E-029    -0.710369703965E-013     0.501940439471E-017
     0.790581065897E-004    -0.280000000000E+003    -0.621883894724E-014    -0.670442617145E-013     0.538423507017E-017
     0.848015884613E-004    -0.280000000000E+003    -0.621883894724E-014    -0.828302551359E-013     0.586130808832E-017
     0.908896789166E-004    -0.280000000000E+003    -0.621883894724E-014    -0.907232518467E-013     0.641493556192E-017
     0.973430544509E-004    -0.280000000000E+003    -0.124376778945E-013    -0.946235398754E-013     0.703082937728E-017
     0.104183632148E-003    -0.280000000000E+003    -0.124376778945E-013    -0.946235398754E-013     0.768367678631E-017
     0.111434644115E-003    -0.280000000000E+003    -0.124376778945E-013    -0.867305431647E-013     0.831899467117E-017
     0.119120716386E-003    -0.280000000000E+003    -0.186565168417E-013    -0.985238279042E-013     0.908971306397E-017
     0.127267952553E-003    -0.280000000000E+003    -0.124376778945E-013    -0.110409533297E-012     0.999493519780E-017
     0.135904022424E-003    -0.280000000000E+003    -0.248753557890E-013    -0.110317112644E-012     0.109715616332E-016
     0.145058255993E-003    -0.280000000000E+003    -0.124376778945E-013    -0.102516536586E-012     0.119169035199E-016
     0.154761743052E-003    -0.280000000000E+003    -0.124376778945E-013    -0.102516536586E-012     0.129189658658E-016
     0.165047438780E-003    -0.280000000000E+003    -0.124376778945E-013    -0.102516536586E-012     0.139811518950E-016
     0.175950275662E-003    -0.280000000000E+003    -0.186565168417E-013    -0.985238279042E-013     0.150744303112E-016
     0.187507282134E-003    -0.280000000000E+003    -0.248753557890E-013    -0.866381225115E-013     0.161161614375E-016
     0.199757708333E-003    -0.280000000000E+003    -0.310941947362E-013    -0.905384105402E-013     0.172888832094E-016
     0.212743159403E-003    -0.280000000000E+003    -0.248753557890E-013    -0.787451258008E-013     0.183612313321E-016
     0.226507736794E-003    -0.280000000000E+003    -0.186565168417E-013    -0.827378344827E-013     0.195286764507E-016
     0.241098188040E-003    -0.280000000000E+003    -0.248753557890E-013    -0.787451258008E-013     0.207335666713E-016
     0.256564065527E-003    -0.280000000000E+003    -0.186565168417E-013    -0.590588443506E-013     0.216914543450E-016
     0.272957894778E-003    -0.280000000000E+003    -0.248753557890E-013    -0.629591323793E-013     0.228012373588E-016
     0.290335352846E-003    -0.280000000000E+003    -0.186565168417E-013    -0.748448377720E-013     0.241416483907E-016
     0.308755457403E-003    -0.280000000000E+003    -0.186565168417E-013    -0.748448377720E-013     0.255624840079E-016
     0.328280767180E-003    -0.280000000000E+003    -0.248753557890E-013    -0.787451258008E-013     0.271748984842E-016
     0.348977594427E-003    -0.280000000000E+003    -0.124376778945E-013    -0.709445497433E-013     0.286656196996E-016
     0.370916230124E-003    -0.280000000000E+003    -0.124376778945E-013    -0.630515530325E-013     0.300755409336E-016
     0.394171182707E-003    -0.280000000000E+003    -0.621883894724E-014    -0.591512650038E-013     0.314586821177E-016
     0.418821431115E-003    -0.280000000000E+003    -0.579967989448E-029    -0.473579802643E-013     0.326260680953E-016
     0.444950693017E-003    -0.280000000000E+003     0.621883894724E-014    -0.592436856570E-013     0.341825670294E-016
     0.472647709137E-003    -0.280000000000E+003     0.621883894724E-014    -0.671366823677E-013     0.360500131709E-016
     0.502006544641E-003    -0.280000000000E+003     0.621883894724E-014    -0.671366823677E-013     0.380295059741E-016
     0.533126908594E-003    -0.280000000000E+003     0.124376778945E-013    -0.632363943390E-013     0.400351494268E-016
     0.566114492604E-003    -0.280000000000E+003     0.186565168417E-013    -0.593361063102E-013     0.420869769222E-016
     0.601081329767E-003    -0.280000000000E+003     0.124376778945E-013    -0.553433976283E-013     0.440704281855E-016
     0.638146175159E-003    -0.280000000000E+003     0.621883894724E-014    -0.513506889463E-013     0.459876401280E-016
     0.677434909153E-003    -0.280000000000E+003    -0.676629321022E-029    -0.552509769750E-013     0.481583810653E-016
     0.719080964939E-003    -0.280000000000E+003     0.621883894724E-014    -0.592436856570E-013     0.506392028230E-016
     0.763225781689E-003    -0.280000000000E+003    -0.676629321022E-029    -0.552509769750E-013     0.530782470768E-016
     0.810019284919E-003    -0.280000000000E+003    -0.124376778945E-013    -0.472655596111E-013     0.553652619938E-016
     0.859620395664E-003    -0.280000000000E+003     0.124376778945E-013    -0.553433976283E-013     0.581788246077E-016
     0.912197570216E-003    -0.280000000000E+003     0.124376778945E-013    -0.553433976283E-013     0.611612008174E-016
     0.967929372233E-003    -0.280000000000E+003     0.124376778945E-013    -0.553433976283E-013     0.643225194291E-016
     0.102700507918E-002    -0.280000000000E+003     0.124376778945E-013    -0.553433976283E-013     0.676735169766E-016
     0.108962532517E-002    -0.280000000000E+003     0.124376778945E-013    -0.553433976283E-013     0.712255741851E-016
     0.115600278233E-002    -0.280000000000E+003     0.248753557890E-013    -0.396498248600E-013     0.743325014741E-016
     0.122636288312E-002    -0.280000000000E+003     0.124376778945E-013    -0.237714107854E-013     0.762201671285E-016
     0.130094458593E-002    -0.280000000000E+003     0.310941947362E-013    -0.357495368313E-013     0.797538591715E-016
     0.138000118665E-002    -0.280000000000E+003     0.310941947362E-013    -0.199635434098E-013     0.826750963241E-016
     0.146380117888E-002    -0.280000000000E+003     0.310941947362E-013    -0.357495368313E-013     0.866455522750E-016
     0.155262916586E-002    -0.280000000000E+003     0.559695505252E-013    -0.359343781377E-013     0.925536953535E-016
     0.164678682697E-002    -0.280000000000E+003     0.435318726307E-013    -0.437349541952E-013     0.983638945867E-016
     0.174659394236E-002    -0.280000000000E+003     0.435318726307E-013    -0.279489607738E-013     0.103527085912E-015
     0.185238947896E-002    -0.280000000000E+003     0.497507115779E-013    -0.319416694557E-013     0.109781923065E-015
     0.196453274170E-002    -0.280000000000E+003     0.559695505252E-013    -0.359343781377E-013     0.117240815967E-015
     0.208340459379E-002    -0.280000000000E+003     0.559695505252E-013    -0.359343781377E-013     0.125147242017E-015
     0.220940875020E-002    -0.280000000000E+003     0.559695505252E-013    -0.280413814270E-013     0.133035252827E-015
     0.234297314879E-002    -0.280000000000E+003     0.497507115779E-013    -0.240486727450E-013     0.140415785060E-015
     0.248455140365E-002    -0.280000000000E+003     0.435318726307E-013    -0.279489607738E-013     0.147739868263E-015
     0.263462434571E-002    -0.280000000000E+003     0.435318726307E-013    -0.358419574845E-013     0.156202265562E-015
     0.279370165569E-002    -0.280000000000E+003     0.373130336834E-013    -0.318492488025E-013     0.164006198793E-015
     0.296232359518E-002    -0.280000000000E+003     0.373130336834E-013    -0.397422455132E-013     0.173198350598E-015
     0.314106284138E-002    -0.280000000000E+003     0.373130336834E-013    -0.397422455132E-013     0.182942030985E-015
     0.333052643213E-002    -0.280000000000E+003     0.124376778945E-013    -0.395574042068E-013     0.190798453668E-015
     0.353135782749E-002    -0.280000000000E+003    -0.621883894724E-014    -0.275792781609E-013     0.196476304029E-015
     0.374423909507E-002    -0.280000000000E+003    -0.186565168417E-013    -0.117008640863E-013     0.201164410863E-015
     0.396989322653E-002    -0.280000000000E+003    -0.310941947362E-013    -0.431804302759E-013     0.213171667374E-015
     0.420908659296E-002    -0.280000000000E+003    -0.373130336834E-013    -0.312947248832E-013     0.224820218033E-015
     0.446263154769E-002    -0.280000000000E+003    -0.435318726307E-013    -0.115160227798E-013     0.236237183536E-015
     0.473138918520E-002    -0.280000000000E+003    -0.435318726307E-013    -0.115160227798E-013     0.248339166317E-015
     0.501627226558E-002    -0.280000000000E+003    -0.373130336834E-013    -0.234017281725E-013     0.260886651882E-015
     0.531824831448E-002    -0.280000000000E+003    -0.373130336834E-013    -0.761573475107E-014     0.272386595658E-015
     0.563834290904E-002    -0.280000000000E+003    -0.435318726307E-013     0.426997064162E-014     0.286387785638E-015
     0.597764316095E-002    -0.280000000000E+003    -0.435318726307E-013    -0.273020162013E-013     0.303822748227E-015
     0.633730140856E-002    -0.280000000000E+003    -0.435318726307E-013    -0.194090194905E-013     0.320965035162E-015
     0.671853913045E-002    -0.280000000000E+003    -0.746260673669E-013    -0.733847279142E-014     0.349552534392E-015
     0.712265109384E-002    -0.280000000000E+003    -0.559695505252E-013    -0.353060541588E-014     0.372215455263E-015
     0.755100975191E-002    -0.280000000000E+003    -0.497507115779E-013    -0.154163108086E-013     0.394526305084E-015
     0.800506990496E-002    -0.280000000000E+003    -0.435318726307E-013    -0.362302606910E-014     0.414360732869E-015
     0.848637364120E-002    -0.280000000000E+003    -0.559695505252E-013     0.436239129484E-014     0.441380787877E-015
     0.899655557408E-002    -0.280000000000E+003    -0.435318726307E-013    -0.194090194905E-013     0.465697441647E-015
     0.953734839373E-002    -0.280000000000E+003    -0.559695505252E-013    -0.114236021266E-013     0.496589396704E-015
     0.101105887516E-001    -0.280000000000E+003    -0.373130336834E-013     0.397422455132E-013     0.527838665966E-015
     0.107182234982E-001    -0.280000000000E+003    -0.621883894724E-014     0.513506889463E-013     0.559269111189E-015
     0.113623162948E-001    -0.280000000000E+003    -0.124376778945E-013     0.237714107854E-013     0.576549243490E-015
     0.120450546223E-001    -0.280000000000E+003    -0.621883894724E-014     0.197787021034E-013     0.590704683227E-015
     0.127687572104E-001    -0.280000000000E+003     0.000000000000E+000     0.000000000000E+000     0.590704683227E-015
     0.135358819124E-001    -0.280000000000E+003    -0.124376778945E-013    -0.472655596111E-013     0.628197615270E-015
     0.143490340526E-001    -0.280000000000E+003    -0.186565168417E-013    -0.117008640863E-013     0.646104987529E-015
     0.152109752747E-001    -0.280000000000E+003    -0.186565168417E-013    -0.380786737553E-014     0.662517341470E-015
     0.161246329208E-001    -0.280000000000E+003     0.621883894724E-014     0.117932847395E-013     0.674698680890E-015
     0.170931099734E-001    -0.280000000000E+003     0.248753557890E-013    -0.238638314386E-013     0.708083277227E-015
     0.181196955938E-001    -0.280000000000E+003     0.124376778945E-013     0.780057605750E-014     0.723155037234E-015
     0.192078762926E-001    -0.280000000000E+003     0.389299318097E-011    -0.167856397700E-011     0.533644740182E-014
     0.203613477710E-001    -0.279999999988E+003     0.163199746740E-008    -0.696812776324E-009     0.205220848398E-011
     0.215840274722E-001    -0.279999999995E+003     0.678214137934E-009    -0.261309423013E-009     0.294086789687E-011
     0.228800678855E-001    -0.280000051458E+003    -0.679883240695E-005     0.285176149192E-005     0.955825454358E-008
     0.242538706494E-001    -0.280000020688E+003    -0.272648488820E-005     0.102252406599E-005     0.135586576332E-007
     0.257101015006E-001    -0.280000010783E+003    -0.133514860690E-005     0.450013072911E-006     0.156104107142E-007
     0.272537061195E-001    -0.280000006723E+003    -0.741034865086E-006     0.230218706508E-006     0.168082054527E-007
     0.288899269272E-001    -0.280000004571E+003    -0.427533738956E-006     0.124190334967E-006     0.175366606905E-007
     0.306243208897E-001    -0.280000003367E+003    -0.259162252188E-006     0.722045124672E-007     0.180032692874E-007
     0.324627783907E-001    -0.280000002542E+003    -0.153192033696E-006     0.407946607090E-007     0.182947213619E-007
     0.344115432366E-001    -0.280000002121E+003    -0.106364986101E-006     0.291859779743E-007     0.185096634245E-007
     0.364772338618E-001    -0.280000001772E+003    -0.713348329696E-007     0.194306689881E-007     0.186623878171E-007
     0.386668658063E-001    -0.280000003651E+003    -0.341093381647E-006     0.124689946653E-006     0.194575959345E-007
     0.409878755421E-001    -0.280000002033E+003    -0.132112645669E-006     0.414098981743E-007     0.197789408080E-007
     0.434481457293E-001    -0.280000001494E+003    -0.669025173982E-007     0.189526240616E-007     0.199500162716E-007
     0.460560319869E-001    -0.280000001207E+003    -0.380725525772E-007     0.101832729403E-007     0.200527953919E-007
     0.488203912708E-001    -0.280000000128E+003     0.101045479924E-006    -0.392474185590E-007     0.203524517965E-007
     0.517506119535E-001    -0.280000000652E+003     0.182108560971E-007    -0.659382313295E-008     0.204092038839E-007
     0.548566457095E-001    -0.279999999869E+003     0.117338073261E-006    -0.419895390531E-007     0.207962927701E-007
     0.581490413132E-001    -0.280000000455E+003     0.265534161057E-007    -0.849776337433E-008     0.208880848474E-007
     0.616389804647E-001    -0.279999999947E+003     0.901755465863E-007    -0.312324887059E-007     0.212211336291E-007
     0.653383157655E-001    -0.280000000392E+003     0.206801207555E-007    -0.662965449813E-008     0.213014713804E-007
     0.692596109728E-001    -0.280000000472E+003     0.390461617715E-008    -0.176360660795E-008     0.213182718931E-007
     0.734161836681E-001    -0.280000000479E+003    -0.997290323030E-009    -0.573884961456E-009     0.213230545388E-007
     0.778221504872E-001    -0.280000000463E+003    -0.179825190141E-008    -0.471828128702E-009     0.213312457652E-007
     0.824924750635E-001    -0.280000000451E+003    -0.261652050865E-008    -0.230666753463E-009     0.213435131590E-007
     0.874430188470E-001    -0.280000000435E+003    -0.274989594742E-008    -0.169755996285E-009     0.213571525539E-007
     0.926905949743E-001    -0.280000000902E+003    -0.726133085561E-007     0.213760725306E-007     0.217543642250E-007
     0.982530253690E-001    -0.280000000505E+003    -0.161551380662E-007     0.321933963323E-008     0.218459929429E-007
     0.104149201269E+000    -0.280000000425E+003    -0.577124421447E-008     0.608401810953E-009     0.218802097743E-007
     0.110399147386E+000    -0.280000000391E+003    -0.316239153449E-008    -0.564537363423E-009     0.219002870126E-007
     0.117024089912E+000    -0.280000000365E+003    -0.117230710790E-008    -0.439709811966E-009     0.219085818234E-007
     0.124046528610E+000    -0.280000000356E+003    -0.179779170879E-008    -0.766765623760E-010     0.219212181829E-007
     0.131490313229E+000    -0.280000000590E+003    -0.275267638710E-007     0.293096802720E-007     0.222205268373E-007
     0.139380724499E+000    -0.280000000394E+003    -0.556445538374E-008     0.239129023742E-008     0.222683152697E-007
     0.147744559993E+000    -0.280000000308E+003    -0.270286909003E-008    -0.221747699140E-007     0.224551540550E-007
     0.156610225139E+000    -0.280000000350E+003    -0.253362960652E-008    -0.211925198084E-008     0.224844382850E-007
     0.166007829686E+000    -0.280000000332E+003    -0.239707634160E-008     0.501857870263E-009     0.225074534700E-007
     0.175969289968E+000    -0.280000000300E+003    -0.938155384954E-009     0.500113745107E-009     0.225180438155E-007
     0.185969289968E+000    -0.280000000279E+003    -0.551324946874E-009     0.277352275839E-009     0.225242153913E-007
     0.195969289968E+000    -0.280000000266E+003    -0.478682689331E-009     0.168532417883E-009     0.225292902341E-007
     0.205969289968E+000    -0.280000000256E+003    -0.429951867470E-009     0.715521412265E-010     0.225336488843E-007
     0.215969289968E+000    -0.280000000249E+003    -0.452153122494E-009     0.193234000281E-010     0.225381745428E-007
     0.225969289968E+000    -0.280000000340E+003    -0.152172190173E-007     0.401008779199E-008     0.226955418070E-007
     0.235969289968E+000    -0.280000000251E+003    -0.235328949811E-008     0.368563134823E-009     0.227193615683E-007
     0.245969289968E+000    -0.280000000236E+003    -0.798150664429E-009    -0.941316743068E-011     0.227273436300E-007
     0.255969289968E+000    -0.280000000230E+003    -0.520156126328E-009    -0.351262795522E-010     0.227325570382E-007
     0.265969289968E+000    -0.280000000225E+003    -0.438857244928E-009    -0.432168945198E-010     0.227369668384E-007
     0.275969289968E+000    -0.280000000220E+003    -0.425803902014E-009    -0.393239801659E-010     0.227412429972E-007
     0.285969289968E+000    -0.280000000217E+003    -0.531542820472E-009    -0.440500176490E-011     0.227465586079E-007
     0.295969289968E+000    -0.280000000198E+003     0.274065475766E-008     0.104148775559E-008     0.227758773481E-007
     0.305969289968E+000    -0.280000014106E+003    -0.209850674481E-005     0.552210443459E-006     0.444753403181E-007
     0.315969289968E+000    -0.280000001589E+003    -0.176901370433E-006     0.290545283932E-007     0.462680550327E-007
     0.325969289968E+000    -0.280000000772E+003    -0.404742309759E-007     0.697786396917E-008     0.466787683097E-007
     0.335969289968E+000    -0.280000000603E+003    -0.229199350608E-007     0.502566833375E-008     0.469134128846E-007
     0.345969289968E+000    -0.280000000443E+003    -0.589878016239E-008     0.101941434900E-008     0.469732750705E-007
     0.355969289968E+000    -0.280000000063E+003     0.462433299218E-007    -0.125434819766E-007     0.474524185253E-007
     0.365969289968E+000    -0.280000000621E+003    -0.462530933052E-007     0.505145888743E-008     0.479176997174E-007
     0.375969289968E+000    -0.280000004056E+003    -0.565648092274E-006     0.147747803732E-006     0.537639564497E-007
     0.385969289968E+000    -0.280000002365E+003    -0.303887633106E-006     0.754041032830E-007     0.568949861900E-007
     0.395969289968E+000    -0.280000002196E+003    -0.274262111343E-006     0.691006470607E-007     0.597233179446E-007
     0.405969289968E+000    -0.279999998022E+003     0.357866506672E-006    -0.957227577553E-007     0.634277920362E-007
     0.415969289968E+000    -0.280000000194E+003     0.204519764609E-007    -0.273671975621E-008     0.636341347065E-007
     0.425969289968E+000    -0.280000000267E+003     0.364654058619E-008    -0.832994990700E-009     0.636715394374E-007
     0.435969289968E+000    -0.279999996565E+003     0.561302355761E-006    -0.147667218740E-006     0.694755547895E-007
     0.445969289968E+000    -0.279999999153E+003     0.160258050356E-006    -0.378077201350E-007     0.711221290030E-007
     0.455969289968E+000    -0.280000000007E+003     0.258850402602E-007    -0.520158302655E-008     0.713861539592E-007
     0.465969289968E+000    -0.280000000146E+003     0.544369797952E-008    -0.119918186746E-008     0.714418961200E-007
     0.475969289968E+000    -0.279999998801E+003     0.210083643845E-006    -0.555041014557E-007     0.736148167971E-007
     0.485969289968E+000    -0.280000000026E+003     0.233583011174E-007    -0.317586320503E-008     0.738505489201E-007
     0.495969289968E+000    -0.279999999784E+003     0.589670931816E-007    -0.151405859575E-007     0.744593473614E-007
     0.505969289968E+000    -0.280000000125E+003     0.760794721458E-008    -0.165306854909E-008     0.745372020314E-007
     0.515969289968E+000    -0.280000000354E+003    -0.111951724996E-007     0.322409100653E-007     0.748784948924E-007
     0.525969289968E+000    -0.280000000255E+003    -0.210220387602E-008     0.133454059419E-008     0.749033952131E-007
     0.535969289968E+000    -0.280000000287E+003    -0.197118537687E-008    -0.182821747386E-008     0.749302800619E-007
     0.545969289968E+000    -0.280000009203E+003    -0.134475820832E-005     0.351217777164E-006     0.888289439035E-007
     0.555969289968E+000    -0.280000001620E+003    -0.175481460225E-006     0.336477966325E-007     0.906157264057E-007
     0.565969289968E+000    -0.280000000737E+003    -0.343677478361E-007     0.526029009218E-008     0.909634062503E-007
     0.575969289968E+000    -0.280000000545E+003    -0.100715215730E-007     0.123679017545E-008     0.910648780181E-007
     0.585969289968E+000    -0.280000000485E+003    -0.462883728256E-008     0.383910010333E-008     0.911250152148E-007
     0.595969289968E+000    -0.280000000037E+003     0.580252623489E-007    -0.157609386316E-007     0.917262920443E-007
     0.605969289968E+000    -0.280000000405E+003    -0.113497541746E-008    -0.196247528239E-009     0.917378102138E-007
     0.615969289968E+000    -0.280000000390E+003    -0.112652401548E-008    -0.359928202929E-009     0.917496364755E-007
     0.625969289968E+000    -0.279999998780E+003     0.240408500107E-006    -0.640329045078E-007     0.942375363888E-007
     0.635969289968E+000    -0.280000000138E+003     0.300373527767E-007    -0.643914657164E-008     0.945447342355E-007
     0.645969289968E+000    -0.280000000290E+003     0.446015128327E-008    -0.109135611288E-008     0.945906515608E-007
     0.655969289968E+000    -0.279999999978E+003     0.623580394094E-008    -0.886572691941E-007     0.954794145569E-007
     0.665969289968E+000    -0.280000000118E+003     0.222281204062E-008    -0.723023456385E-008     0.955550565989E-007
     0.675969289968E+000    -0.280000000015E+003     0.510901251046E-008     0.490329708395E-008     0.956258692610E-007
     0.685969289968E+000    -0.280000000363E+003    -0.598680783096E-007     0.221260632985E-007     0.962641285718E-007
     0.695969289968E+000    -0.279999999953E+003    -0.338648740643E-008     0.511400390359E-008     0.963254648032E-007
     0.705969289968E+000    -0.279999999905E+003     0.154257678312E-008     0.273408885697E-008     0.963568571351E-007
     0.715969289968E+000    -0.279999999891E+003     0.300880488076E-008     0.623222514545E-009     0.963875838549E-007
     0.725969289968E+000    -0.279999999769E+003     0.223587844897E-007    -0.434360070590E-008     0.966153517436E-007
     0.735969289968E+000    -0.279999999892E+003     0.471510503709E-008     0.107530722171E-009     0.966625150538E-007
     0.745969289968E+000    -0.279999999892E+003     0.632744475573E-008    -0.206179622591E-009     0.967258230843E-007
     0.755969289968E+000    -0.279999999927E+003     0.453572884518E-008     0.342732411472E-008     0.967826732265E-007
