 #        time                      h  [L]            Darcian flow [L.T^{-1}]   in    x         z              directions   cumulative flux
 #-----------------------------------------------------------------------------------------------

     0.100000000000E-005    -0.278499486333E+003    -0.291177273459E-003    -0.244100919305E-002     0.245831448052E-008
     0.205999994278E-005    -0.278496933256E+003    -0.167396108908E-002    -0.143902111982E-001     0.178147954137E-007
     0.318359982147E-005    -0.278489353776E+003    -0.558287544251E-002    -0.492793952803E-001     0.735393153547E-007
     0.437461562859E-005    -0.278471931057E+003    -0.141068490618E-001    -0.128035736766E+000     0.226954694746E-006
     0.563709231599E-005    -0.278437756693E+003    -0.299040153443E-001    -0.279489966760E+000     0.581818211398E-006
     0.697531753239E-005    -0.278377694935E+003    -0.560207913456E-001    -0.540005290626E+000     0.130834515892E-005
     0.839383618521E-005    -0.278280383396E+003    -0.956350483672E-001    -0.952335796029E+000     0.266604576209E-005
     0.989746587602E-005    -0.278132371371E+003    -0.151751307985E+000    -0.156378919270E+001     0.502845095352E-005
     0.114913132622E-004    -0.277918387784E+003    -0.226881144490E+000    -0.242382895027E+001     0.890855181389E-005
     0.131807914004E-004    -0.277621722363E+003    -0.322743697097E+000    -0.358129921181E+001     0.149835984225E-004
     0.149716381303E-004    -0.277224696927E+003    -0.440019153844E+000    -0.508148751203E+001     0.241178177753E-004
     0.168699355614E-004    -0.276709198786E+003    -0.578182471345E+000    -0.696325240172E+001     0.373816308109E-004
     0.188821307298E-004    -0.276057245716E+003    -0.735436070909E+000    -0.925643477575E+001     0.560660793258E-004
     0.210150574931E-004    -0.275251551683E+003    -0.908749778971E+000    -0.119797443621E+002     0.816914081113E-004
     0.232759597402E-004    -0.274276064264E+003    -0.109400506159E+001    -0.151392697019E+002     0.116009069352E-003
     0.256725159928E-004    -0.273116448370E+003    -0.128622992174E+001    -0.187277057499E+002     0.160996799857E-003
     0.282128654833E-004    -0.271760495808E+003    -0.147990188845E+001    -0.227243335480E+002     0.218846835483E-003
     0.309056357980E-004    -0.270198446025E+003    -0.166929030655E+001    -0.270957271212E+002     0.291947736522E-003
     0.337599721774E-004    -0.268423209567E+003    -0.184880626693E+001    -0.317971092681E+002     0.382860668706E-003
     0.367855685763E-004    -0.266430491742E+003    -0.201332920789E+001    -0.367742347996E+002     0.494291286743E-003
     0.399927005860E-004    -0.264218819489E+003    -0.215848323401E+001    -0.419656501928E+002     0.629058577986E-003
     0.433922603327E-004    -0.261789479042E+003    -0.228084289873E+001    -0.473051641589E+002     0.790062129583E-003
     0.469957934698E-004    -0.259146375509E+003    -0.237805662911E+001    -0.527243642135E+002     0.980249280333E-003
     0.508155383889E-004    -0.256295827921E+003    -0.244888501146E+001    -0.581550284009E+002     0.120258351640E-002
     0.548644677845E-004    -0.253246314545E+003    -0.249315966975E+001    -0.635313060661E+002     0.146001528466E-002
     0.591563327122E-004    -0.250008183511E+003    -0.251167547076E+001    -0.687915733926E+002     0.175545615247E-002
     0.637057092900E-004    -0.246593343173E+003    -0.250603357931E+001    -0.738799044278E+002     0.209175696486E-002
     0.685280482021E-004    -0.243014945318E+003    -0.247845512887E+001    -0.787471327798E+002     0.247169036633E-002
     0.736397271730E-004    -0.239287072623E+003    -0.243158501829E+001    -0.833515099700E+002     0.289793778899E-002
     0.790581065897E-004    -0.235424439716E+003    -0.236830298288E+001    -0.876589913339E+002     0.337308077916E-002
     0.848015884613E-004    -0.231442115172E+003    -0.229155524863E+001    -0.916431981782E+002     0.389959635379E-002
     0.908896789166E-004    -0.227355269697E+003    -0.220421550170E+001    -0.952851154152E+002     0.447985594989E-002
     0.973430544509E-004    -0.223178953926E+003    -0.210897930846E+001    -0.985725877253E+002     0.511612745385E-002
     0.104183632148E-003    -0.218927907593E+003    -0.200829209039E+001    -0.101499675637E+003     0.581057976812E-002
     0.111434644115E-003    -0.214616400408E+003    -0.190430767396E+001    -0.104065927242E+003     0.656528937947E-002
     0.119120716386E-003    -0.210258103871E+003    -0.179887246046E+001    -0.106275613105E+003     0.738224842903E-002
     0.127267952553E-003    -0.205865992328E+003    -0.169352935534E+001    -0.108136962606E+003     0.826337383689E-002
     0.135904022424E-003    -0.201452270948E+003    -0.158953557913E+001    -0.109661430624E+003     0.921051709714E-002
     0.145058255993E-003    -0.197028327860E+003    -0.148788909186E+001    -0.110863014758E+003     0.102254744243E-001
     0.154761743052E-003    -0.192604707460E+003    -0.138935932831E+001    -0.111757635832E+003     0.113099969953E-001
     0.165047438780E-003    -0.188191101811E+003    -0.129451902381E+001    -0.112362588258E+003     0.124658010873E-001
     0.175950275662E-003    -0.183796357126E+003    -0.120377493539E+001    -0.112696062114E+003     0.136945779636E-001
     0.187507282134E-003    -0.179428492465E+003    -0.111739612735E+001    -0.112776735345E+003     0.149980033972E-001
     0.199757708333E-003    -0.175094727996E+003    -0.103553915068E+001    -0.112623432134E+003     0.163777467607E-001
     0.212743159403E-003    -0.170801520445E+003    -0.958269907528E+000    -0.112254842091E+003     0.178354796316E-001
     0.226507736794E-003    -0.166554603651E+003    -0.885582281657E+000    -0.111689294128E+003     0.193728838894E-001
     0.241098188040E-003    -0.162359032401E+003    -0.817413778996E+000    -0.110944578696E+003     0.209916592910E-001
     0.256564065527E-003    -0.158219228063E+003    -0.753658501245E+000    -0.110037812131E+003     0.226935305283E-001
     0.272957894778E-003    -0.154139024755E+003    -0.694177796302E+000    -0.108985337167E+003     0.244802537793E-001
     0.290335352846E-003    -0.150121715128E+003    -0.638808862232E+000    -0.107802654029E+003     0.263536227693E-001
     0.308755457403E-003    -0.146170096320E+003    -0.587370565743E+000    -0.106504373398E+003     0.283154742975E-001
     0.328280767180E-003    -0.142286511408E+003    -0.539671939458E+000    -0.105104199564E+003     0.303676934052E-001
     0.348977594427E-003    -0.138472888387E+003    -0.495516075608E+000    -0.103614929865E+003     0.325122182312E-001
     0.370916230124E-003    -0.134730777905E+003    -0.454703059345E+000    -0.102048462547E+003     0.347510444987E-001
     0.394171182707E-003    -0.131061388860E+003    -0.417032738094E+000    -0.100415814276E+003     0.370862296365E-001
     0.418821431115E-003    -0.127465621103E+003    -0.382306998736E+000    -0.987271464024E+002     0.395198965664E-001
     0.444950693017E-003    -0.123944094985E+003    -0.350331649082E+000    -0.969917973485E+002     0.420542371734E-001
     0.472647709137E-003    -0.120497177549E+003    -0.320918019544E+000    -0.952183184059E+002     0.446915154518E-001
     0.502006544641E-003    -0.117125005129E+003    -0.293884291169E+000    -0.934145106777E+002     0.474340702765E-001
     0.533126908594E-003    -0.113827501991E+003    -0.269056538697E+000    -0.915874612360E+002     0.502843177026E-001
     0.566114492604E-003    -0.110604394439E+003    -0.246269501960E+000    -0.897435768276E+002     0.532447526290E-001
     0.601081329767E-003    -0.107455219733E+003    -0.225367115147E+000    -0.878886136862E+002     0.563179495758E-001
     0.638146175159E-003    -0.104379329017E+003    -0.206202825054E+000    -0.860277022846E+002     0.595065622201E-001
     0.677434909153E-003    -0.101375883468E+003    -0.188639724811E+000    -0.841653662024E+002     0.628133212099E-001
     0.719080964939E-003    -0.984438430016E+002    -0.172550524685E+000    -0.823055347272E+002     0.662410296333E-001
     0.763225781689E-003    -0.955819471655E+002    -0.157817378240E+000    -0.804515493514E+002     0.697925553699E-001
     0.810019284919E-003    -0.927886883659E+002    -0.144331580385E+000    -0.786061649490E+002     0.734708194037E-001
     0.859620395664E-003    -0.900622782922E+002    -0.131993153212E+000    -0.767715470909E+002     0.772787790412E-001
     0.912197570216E-003    -0.874006093036E+002    -0.120710335853E+000    -0.749492676172E+002     0.812194048781E-001
     0.967929372233E-003    -0.848012135493E+002    -0.110399009409E+000    -0.731403011584E+002     0.852956503052E-001
     0.102700507918E-002    -0.822612235809E+002    -0.100982034199E+000    -0.713450257343E+002     0.895104123595E-001
     0.108962532517E-002    -0.797773390883E+002    -0.923885164457E-001    -0.695632307275E+002     0.938664828211E-001
     0.115600278233E-002    -0.773458054038E+002    -0.845523960301E-001    -0.677941347981E+002     0.983664885993E-001
     0.122636288312E-002    -0.749624095115E+002    -0.774127404490E-001    -0.660364157030E+002     0.103012820657E+000
     0.130094458593E-002    -0.726224914094E+002    -0.709147134198E-001    -0.642882680442E+002     0.107807552075E+000
     0.138000118665E-002    -0.703209873085E+002    -0.650062742820E-001    -0.625474621827E+002     0.112752344490E+000
     0.146380117888E-002    -0.680525001289E+002    -0.596382112023E-001    -0.608114250465E+002     0.117848343887E+000
     0.155262916586E-002    -0.658113973932E+002    -0.547637348170E-001    -0.590773397221E+002     0.123096067305E+000
     0.164678682697E-002    -0.635919355289E+002    -0.503380513859E-001    -0.573422592746E+002     0.128495282401E+000
     0.174659394236E-002    -0.613884070738E+002    -0.463183879630E-001    -0.556032311981E+002     0.134044882439E+000
     0.185238947896E-002    -0.591953047928E+002    -0.426639493722E-001    -0.538574286466E+002     0.139742759790E+000
     0.196453274170E-002    -0.570074951597E+002    -0.393358672216E-001    -0.521022835501E+002     0.145585681529E+000
     0.208340459379E-002    -0.548203926641E+002    -0.362972131876E-001    -0.503356163236E+002     0.151569171023E+000
     0.220940875020E-002    -0.526301260668E+002    -0.335130832344E-001    -0.485557568785E+002     0.157687399665E+000
     0.234297314879E-002    -0.504336880849E+002    -0.309507358675E-001    -0.467616519801E+002     0.163933092957E+000
     0.248455140365E-002    -0.482290610109E+002    -0.285797644051E-001    -0.449529546408E+002     0.170297455112E+000
     0.263462434571E-002    -0.460153123160E+002    -0.263722872731E-001    -0.431300921351E+002     0.176770116140E+000
     0.279370165569E-002    -0.437926562113E+002    -0.243032069200E-001    -0.412943102819E+002     0.183339105075E+000
     0.296232359518E-002    -0.415624790033E+002    -0.223502084621E-001    -0.394476928253E+002     0.189990852615E+000
     0.314106284138E-002    -0.393273283595E+002    -0.204939462900E-001    -0.375931556687E+002     0.196710225920E+000
     0.333052643213E-002    -0.370908681760E+002    -0.187181563034E-001    -0.357344168320E+002     0.203480597775E+000
     0.353135782749E-002    -0.348578187798E+002    -0.170427106299E-001    -0.338759494404E+002     0.210283952831E+000
     0.374423909507E-002    -0.326338100527E+002    -0.154226945807E-001    -0.320228986731E+002     0.217101028883E+000
     0.396989322653E-002    -0.304252871808E+002    -0.138624600621E-001    -0.301810002211E+002     0.223911496993E+000
     0.420908659296E-002    -0.282393584847E+002    -0.123625790252E-001    -0.283564629242E+002     0.230694175464E+000
     0.446263154769E-002    -0.260836340370E+002    -0.109307068602E-001    -0.265558570999E+002     0.237427279621E+000
     0.473138918520E-002    -0.239660689434E+002    -0.958729820421E-002    -0.247859631269E+002     0.244088697013E+000
     0.501627226558E-002    -0.218947223342E+002    -0.830176202586E-002    -0.230537337361E+002     0.250656316120E+000
     0.531824831448E-002    -0.198810000685E+002    -0.582711679285E-002    -0.213674750482E+002     0.257108782050E+000
     0.563834290904E-002    -0.179286773800E+002    -0.426223315941E-002    -0.197328599394E+002     0.263425163999E+000
     0.597764316095E-002    -0.160460066456E+002    -0.287776422837E-002    -0.181559875628E+002     0.269585495230E+000
     0.633730140856E-002    -0.142342917675E+002    -0.345292211390E-002    -0.166388653458E+002     0.275569800511E+000
     0.671853913045E-002    -0.125115021701E+002    -0.208246026469E-002    -0.151939772678E+002     0.281362317846E+000
     0.712265109384E-002    -0.108724275751E+002    -0.215129912112E-002    -0.138197948227E+002     0.286947062333E+000
     0.755100975191E-002    -0.932738826045E+001    -0.174143979643E-002    -0.125235988651E+002     0.292311654389E+000
     0.800506990496E-002    -0.787995015451E+001    -0.132163139943E-002    -0.113086324457E+002     0.297446453803E+000
     0.848637364120E-002    -0.653278211525E+001    -0.101993535488E-002    -0.101773342247E+002     0.302344842815E+000
     0.899655557408E-002    -0.528743957914E+001    -0.755101224419E-003    -0.913141047782E+001     0.307003523478E+000
     0.953734839373E-002    -0.414543926266E+001    -0.916728220146E-003    -0.817185073618E+001     0.311422801707E+000
     0.101105887516E-001    -0.310650534220E+001    -0.121106856951E-002    -0.729890356750E+001     0.315606827858E+000
     0.107182234982E-001    -0.217027230969E+001    -0.177335408891E-002    -0.651225381499E+001     0.319563899701E+000
     0.113623162948E-001    -0.133551939074E+001    -0.259727496576E-002    -0.581108796278E+001     0.323306779972E+000
     0.120450546223E-001    -0.604457973033E+000    -0.434339616376E-002    -0.519664335811E+001     0.326854728807E+000
     0.127687572104E-001     0.346050957215E-001    -0.546160896077E-002    -0.466119597713E+001     0.330228050715E+000
     0.135358819124E-001     0.577973524878E+000    -0.704907440729E-002    -0.420596890476E+001     0.333454557889E+000
     0.143490340526E-001     0.102449236464E+001    -0.107730252942E-001    -0.383205212252E+001     0.336570611587E+000
     0.152109752747E-001     0.138532232167E+001    -0.142727259122E-001    -0.353147159349E+001     0.339614557388E+000
     0.161246329208E-001     0.166130207848E+001    -0.187037793957E-001    -0.330373564153E+001     0.342633089091E+000
     0.170931099734E-001     0.185948342782E+001    -0.213995216578E-001    -0.314206848610E+001     0.345676180892E+000
     0.181196955938E-001     0.198144848604E+001    -0.257705492070E-001    -0.304503024185E+001     0.348802277099E+000
     0.192078762926E-001     0.203642955499E+001    -0.301893330268E-001    -0.300426569576E+001     0.352071626098E+000
     0.203613477710E-001     0.203416063349E+001    -0.337851185351E-001    -0.301163128645E+001     0.355545675472E+000
     0.215840274722E-001     0.198851314647E+001    -0.348199225253E-001    -0.305527315238E+001     0.359281538527E+000
     0.228800678855E-001     0.191616231624E+001    -0.334944558872E-001    -0.312011970708E+001     0.363325572759E+000
     0.242538706494E-001     0.182598623462E+001    -0.298165758142E-001    -0.319843979786E+001     0.367719789118E+000
     0.257101015006E-001     0.173177378903E+001    -0.225489598038E-001    -0.327977569177E+001     0.372496012542E+000
     0.272537061195E-001     0.164116640133E+001    -0.140144475437E-001    -0.335765387461E+001     0.377678947718E+000
     0.288899269272E-001     0.155347356704E+001    -0.503268087602E-002    -0.343230823994E+001     0.383294967916E+000
     0.306243208897E-001     0.147007500239E+001     0.263436697373E-002    -0.350248531212E+001     0.389369659013E+000
     0.324627783907E-001     0.138590083655E+001     0.706512614406E-002    -0.357423293051E+001     0.395940747192E+000
     0.344115432366E-001     0.130600231147E+001     0.801980815393E-002    -0.364291400201E+001     0.403039947139E+000
     0.364772338618E-001     0.123700451968E+001     0.754993462720E-002    -0.370193560215E+001     0.410687016711E+000
     0.386668658063E-001     0.118502601490E+001     0.612807275636E-002    -0.374677070182E+001     0.418891076501E+000
     0.409878755421E-001     0.115532091309E+001     0.560136405562E-002    -0.377167458748E+001     0.427645179593E+000
     0.434481457293E-001     0.115033870751E+001     0.662172252344E-002    -0.377473105960E+001     0.436932052173E+000
     0.460560319869E-001     0.117859355639E+001     0.802370894971E-002    -0.374877074955E+001     0.446708442287E+000
     0.488203912708E-001     0.124597953532E+001     0.100196680830E-001    -0.368906839558E+001     0.456906390369E+000
     0.517506119535E-001     0.135289984796E+001     0.117551759669E-001    -0.359500598218E+001     0.467440607568E+000
     0.548566457095E-001     0.149781479734E+001     0.125700738582E-001    -0.346797437358E+001     0.478212323796E+000
     0.581490413132E-001     0.167340282849E+001     0.117752818394E-001    -0.331509899313E+001     0.489127010000E+000
     0.616389804647E-001     0.186673608268E+001     0.749762560072E-002    -0.314742934653E+001     0.500111378069E+000
     0.653383157655E-001     0.205934916541E+001     0.648064702276E-003    -0.298121575100E+001     0.511139894996E+000
     0.692596109728E-001     0.222054762274E+001    -0.840270740942E-002    -0.284332322062E+001     0.522289453401E+000
     0.734161836681E-001     0.232488346368E+001    -0.181144809703E-001    -0.275530810082E+001     0.533742339324E+000
     0.778221504872E-001     0.236319888539E+001    -0.241488563601E-001    -0.272439224126E+001     0.545746392690E+000
     0.824924750635E-001     0.235090999800E+001    -0.237538889825E-001    -0.273613407048E+001     0.558525508432E+000
     0.874430188470E-001     0.230837509986E+001    -0.175577082077E-001    -0.277275453586E+001     0.572252426359E+000
     0.926905949743E-001     0.225269847278E+001    -0.787550219527E-002    -0.281996896047E+001     0.587050485865E+000
     0.982530253690E-001     0.219648134243E+001     0.186924889773E-002    -0.286749254132E+001     0.603000716922E+000
     0.104149201269E+000     0.215602724911E+001     0.106261764262E-001    -0.290121374574E+001     0.620106898230E+000
     0.110399147386E+000     0.214668375343E+001     0.174562810024E-001    -0.290802446113E+001     0.638282221870E+000
     0.117024089912E+000     0.217169040686E+001     0.209621819347E-001    -0.288546698739E+001     0.657398779255E+000
     0.124046528610E+000     0.222710628135E+001     0.198511813659E-001    -0.283745306309E+001     0.677325107088E+000
     0.131490313229E+000     0.231031522830E+001     0.150282698948E-001    -0.276582354208E+001     0.697913605745E+000
     0.139380724499E+000     0.242447423257E+001     0.897304829601E-002    -0.266713078760E+001     0.718958483667E+000
     0.147744559993E+000     0.256441401944E+001     0.284659417589E-002    -0.254587567209E+001     0.740251782288E+000
     0.156610225139E+000     0.270472666953E+001    -0.363274270315E-002    -0.242501423111E+001     0.761751170558E+000
     0.166007829686E+000     0.279242780393E+001    -0.116525268845E-001    -0.235063792423E+001     0.783841807621E+000
     0.175969289968E+000     0.279274798423E+001    -0.181159002620E-001    -0.235245261798E+001     0.807276365782E+000
     0.185969289968E+000     0.273821027520E+001    -0.197646342491E-001    -0.240087622470E+001     0.831285941553E+000
     0.195969289968E+000     0.270211690835E+001    -0.155188211939E-001    -0.243152123575E+001     0.855601649138E+000
     0.205969289968E+000     0.270876344073E+001    -0.676523086694E-002    -0.242373615370E+001     0.879839105092E+000
     0.215969289968E+000     0.275190134137E+001     0.444041430079E-002    -0.238375568778E+001     0.903676703327E+000
     0.225969289968E+000     0.281017488135E+001     0.156150505664E-001    -0.233082696204E+001     0.926985495996E+000
     0.235969289968E+000     0.285704173714E+001     0.230016112351E-001    -0.228888595264E+001     0.949875511239E+000
     0.245969289968E+000     0.287349020041E+001     0.242050031488E-001    -0.227480638792E+001     0.972624862845E+000
     0.255969289968E+000     0.285995554336E+001     0.199103621045E-001    -0.228758289999E+001     0.995501558294E+000
     0.265969289968E+000     0.283726836390E+001     0.138350276233E-001    -0.230884161109E+001     0.101859038891E+001
     0.275969289968E+000     0.281744974219E+001     0.849258775238E-002    -0.232709351412E+001     0.104186147902E+001
     0.285969289968E+000     0.281498040647E+001     0.471847106521E-002    -0.232975099334E+001     0.106515903673E+001
     0.295969289968E+000     0.283569093800E+001     0.231399115305E-002    -0.231153848791E+001     0.108827443320E+001
     0.305969289968E+000     0.287857662248E+001     0.151713478308E-002    -0.227446807184E+001     0.111101911897E+001
     0.315969289968E+000     0.292533159018E+001     0.555800130086E-003    -0.223384470014E+001     0.113335756667E+001
     0.325969289968E+000     0.295985218116E+001    -0.691774700865E-004    -0.220420015968E+001     0.115539956827E+001
     0.335969289968E+000     0.296768720711E+001    -0.159723204602E-002    -0.219804563147E+001     0.117738003039E+001
     0.345969289968E+000     0.295677007076E+001    -0.395839928198E-002    -0.220824205476E+001     0.119946248642E+001
     0.355969289968E+000     0.294553267050E+001    -0.689866296539E-002    -0.221885989144E+001     0.122165119258E+001
     0.365969289968E+000     0.294004738979E+001    -0.854492060224E-002    -0.222374087271E+001     0.124388876547E+001
     0.375969289968E+000     0.294707024499E+001    -0.788490431458E-002    -0.221720824754E+001     0.126606098815E+001
     0.385969289968E+000     0.296420197683E+001    -0.570591731298E-002    -0.220149942948E+001     0.128807605639E+001
     0.395969289968E+000     0.298928334469E+001    -0.111500873502E-002    -0.217859748648E+001     0.130986203411E+001
     0.405969289968E+000     0.301992916499E+001     0.445087843305E-002    -0.215083737200E+001     0.133137045388E+001
     0.415969289968E+000     0.305313692952E+001     0.100247175392E-001    -0.212090012612E+001     0.135257969206E+001
     0.425969289968E+000     0.308172139205E+001     0.144198808202E-001    -0.209529699576E+001     0.137353315820E+001
     0.435969289968E+000     0.309600481739E+001     0.160331135250E-001    -0.208300795818E+001     0.139436385481E+001
     0.445969289968E+000     0.308907093236E+001     0.142284443290E-001    -0.208964851437E+001     0.141526082436E+001
     0.455969289968E+000     0.306954028288E+001     0.108869925488E-001    -0.210752430137E+001     0.143633634857E+001
     0.465969289968E+000     0.304873417020E+001     0.731906962050E-002    -0.212645570267E+001     0.145760103155E+001
     0.475969289968E+000     0.303130660593E+001     0.403830229298E-002    -0.214229946021E+001     0.147902406422E+001
     0.485969289968E+000     0.302238343082E+001     0.142719667684E-002    -0.215062667220E+001     0.150053033568E+001
     0.495969289968E+000     0.301770585511E+001    -0.527798038955E-003    -0.215476528530E+001     0.152207798918E+001
     0.505969289968E+000     0.302855535705E+001    -0.171044049182E-002    -0.214537341277E+001     0.154353173012E+001
     0.515969289968E+000     0.304892582876E+001    -0.193698075687E-002    -0.212770847592E+001     0.156480882370E+001
     0.525969289968E+000     0.307537399930E+001    -0.222388282104E-002    -0.210448156222E+001     0.158585365107E+001
     0.535969289968E+000     0.310608872657E+001    -0.961485563650E-003    -0.207745357884E+001     0.160662818908E+001
     0.545969289968E+000     0.313639125878E+001     0.856877842013E-003    -0.205075546844E+001     0.162713574556E+001
     0.555969289968E+000     0.316174870409E+001     0.280096935959E-002    -0.202843145278E+001     0.164742007942E+001
     0.565969289968E+000     0.317770391957E+001     0.429324418347E-002    -0.201442789458E+001     0.166756440412E+001
     0.575969289968E+000     0.317666513317E+001     0.472162236008E-002    -0.201509812771E+001     0.168771544071E+001
     0.585969289968E+000     0.317010288715E+001     0.455157163661E-002    -0.202139986212E+001     0.170792949058E+001
     0.595969289968E+000     0.315358418550E+001     0.314378610563E-002    -0.203617238854E+001     0.172829123873E+001
     0.605969289968E+000     0.313578961610E+001     0.188758508113E-002    -0.205190052698E+001     0.174881025269E+001
     0.615969289968E+000     0.311983154808E+001     0.905088559409E-003    -0.206592504104E+001     0.176946950508E+001
     0.625969289968E+000     0.310680425984E+001     0.428483240747E-003    -0.207706308041E+001     0.179024013632E+001
     0.635969289968E+000     0.309955630705E+001     0.199343825509E-003    -0.208365870372E+001     0.181107672346E+001
     0.645969289968E+000     0.309725282898E+001     0.409063319575E-003    -0.208556818391E+001     0.183193240570E+001
     0.655969289968E+000     0.309770203539E+001     0.290698298659E-003    -0.208512339504E+001     0.185278363985E+001
     0.665969289968E+000     0.310048240652E+001     0.111062781571E-002    -0.208220032834E+001     0.187360564610E+001
     0.675969289968E+000     0.311068465683E+001     0.140529151320E-002    -0.207333317321E+001     0.189433898259E+001
     0.685969289968E+000     0.312326112437E+001     0.214926463925E-002    -0.206226210051E+001     0.191496161479E+001
     0.695969289968E+000     0.313892609896E+001     0.291667821139E-002    -0.204872760318E+001     0.193544891159E+001
     0.705969289968E+000     0.315294718171E+001     0.334471162389E-002    -0.203624967715E+001     0.195581143583E+001
     0.715969289968E+000     0.316382294622E+001     0.327148985003E-002    -0.202668454273E+001     0.197607830766E+001
     0.725969289968E+000     0.317203533604E+001     0.321707714003E-002    -0.201987350964E+001     0.199627706838E+001
     0.735969289968E+000     0.317324983292E+001     0.234228179537E-002    -0.201884581545E+001     0.201646554012E+001
     0.745969289968E+000     0.317071770466E+001     0.176198670203E-002    -0.202099434254E+001     0.203667549123E+001
     0.755969289968E+000     0.317027564719E+001     0.897197952668E-003    -0.202179465082E+001     0.205689343972E+001
