 #        time                      h  [L]            Darcian flow [L.T^{-1}]   in    x         z              directions   cumulative flux
 #-----------------------------------------------------------------------------------------------

     0.100000000000E-005    -0.280000000000E+003     0.592832589958E-029     0.484084546149E-013     0.484084546149E-019
     0.205999994278E-005    -0.280000000000E+003    -0.381406953491E-013     0.244876393726E-013     0.964529695468E-019
     0.318359982147E-005    -0.280000000000E+003    -0.762813906982E-013     0.566824130393E-015     0.182165097094E-018
     0.437461562859E-005    -0.280000000000E+003    -0.114422086047E-012    -0.233539911119E-013     0.321253219700E-018
     0.563709231599E-005    -0.280000000000E+003    -0.762813906982E-013     0.566824130393E-015     0.417559355815E-018
     0.697531753239E-005    -0.280000000000E+003    -0.762813906982E-013    -0.478416304845E-013     0.538056651219E-018
     0.839383618521E-005    -0.280000000000E+003     0.000000000000E+000     0.000000000000E+000     0.538056651219E-018
     0.989746587602E-005    -0.280000000000E+003    -0.381406953491E-013     0.244876393726E-013     0.606208691815E-018
     0.114913132622E-004    -0.280000000000E+003    -0.762813906982E-013    -0.478416304845E-013     0.749722875357E-018
     0.131807914004E-004    -0.280000000000E+003    -0.114422086047E-012    -0.233539911119E-013     0.947021971658E-018
     0.149716381303E-004    -0.280000000000E+003    -0.762813906982E-013    -0.478416304845E-013     0.110827449088E-017
     0.168699355614E-004    -0.280000000000E+003    -0.762813906982E-013     0.566824130393E-015     0.125308325655E-017
     0.188821307298E-004    -0.280000000000E+003    -0.114422086047E-012     0.250544635030E-013     0.148877771516E-017
     0.210150574931E-004    -0.280000000000E+003    -0.381406953491E-013     0.244876393726E-013     0.158545265597E-017
     0.232759597402E-004    -0.280000000000E+003    -0.381406953491E-013    -0.239208152422E-013     0.168724142912E-017
     0.256725159928E-004    -0.280000000000E+003    -0.762813906982E-013     0.566824130393E-015     0.187005911991E-017
     0.282128654833E-004    -0.280000000000E+003    -0.762813906982E-013     0.566824130393E-015     0.206384586169E-017
     0.309056357980E-004    -0.280000000000E+003    -0.381406953491E-013     0.244876393726E-013     0.218589572072E-017
     0.337599721774E-004    -0.280000000000E+003     0.592832589958E-029     0.484084546149E-013     0.232406973380E-017
     0.367855685763E-004    -0.280000000000E+003     0.000000000000E+000     0.000000000000E+000     0.232406973380E-017
     0.399927005860E-004    -0.280000000000E+003    -0.381406953491E-013     0.244876393726E-013     0.246943304516E-017
     0.433922603327E-004    -0.280000000000E+003     0.592832589958E-029     0.484084546149E-013     0.263400047887E-017
     0.469957934698E-004    -0.280000000000E+003     0.000000000000E+000     0.000000000000E+000     0.263400047887E-017
     0.508155383889E-004    -0.280000000000E+003    -0.381406953491E-013    -0.239208152422E-013     0.280597038582E-017
     0.548644677845E-004    -0.280000000000E+003    -0.381406953491E-013     0.244876393726E-013     0.298948817762E-017
     0.591563327122E-004    -0.280000000000E+003    -0.381406953491E-013     0.244876393726E-013     0.318401702643E-017
     0.637057092900E-004    -0.280000000000E+003     0.381406953491E-013     0.723292698571E-013     0.355601685138E-017
     0.685280482021E-004    -0.280000000000E+003     0.381406953491E-013     0.723292698571E-013     0.395033664453E-017
     0.736397271730E-004    -0.280000000000E+003     0.381406953491E-013     0.723292698571E-013     0.436831560272E-017
     0.790581065897E-004    -0.280000000000E+003     0.762813906982E-013     0.478416304845E-013     0.485620064418E-017
     0.848015884613E-004    -0.280000000000E+003     0.762813906982E-013     0.478416304845E-013     0.537335876020E-017
     0.908896789166E-004    -0.280000000000E+003     0.762813906982E-013     0.962500850994E-013     0.612105284742E-017
     0.973430544509E-004    -0.280000000000E+003     0.381406953491E-013     0.239208152422E-013     0.641159224564E-017
     0.104183632148E-003    -0.280000000000E+003     0.381406953491E-013     0.723292698571E-013     0.697094222741E-017
     0.111434644115E-003    -0.280000000000E+003     0.762813906982E-013     0.962500850994E-013     0.786145770418E-017
     0.119120716386E-003    -0.280000000000E+003     0.762813906982E-013     0.962500850994E-013     0.880540405860E-017
     0.127267952553E-003    -0.280000000000E+003     0.118566517992E-028     0.968169092298E-013     0.959419428305E-017
     0.135904022424E-003    -0.280000000000E+003     0.118566517992E-028     0.968169092298E-013     0.104303118758E-016
     0.145058255993E-003    -0.280000000000E+003     0.762813906982E-013     0.962500850994E-013     0.115545669050E-016
     0.154761743052E-003    -0.280000000000E+003     0.762813906982E-013     0.962500850994E-013     0.127462771716E-016
     0.165047438780E-003    -0.280000000000E+003     0.762813906982E-013     0.144658539714E-012     0.144283876519E-016
     0.175950275662E-003    -0.280000000000E+003     0.381406953491E-013     0.120737724472E-012     0.158088913544E-016
     0.187507282134E-003    -0.280000000000E+003     0.592832589958E-029     0.484084546149E-013     0.163683481776E-016
     0.199757708333E-003    -0.280000000000E+003     0.592832589958E-029     0.484084546149E-013     0.169613723783E-016
     0.212743159403E-003    -0.280000000000E+003    -0.381406953491E-013     0.244876393726E-013     0.175499381627E-016
     0.226507736794E-003    -0.280000000000E+003    -0.762813906982E-013     0.489752787453E-013     0.187976975584E-016
     0.241098188040E-003    -0.280000000000E+003    -0.762813906982E-013    -0.962500850994E-013     0.205895884981E-016
     0.256564065527E-003    -0.280000000000E+003     0.381406953491E-013     0.239208152422E-013     0.212858825095E-016
     0.272957894778E-003    -0.280000000000E+003     0.381406953491E-013     0.239208152422E-013     0.220239541217E-016
     0.290335352846E-003    -0.280000000000E+003     0.381406953491E-013     0.239208152422E-013     0.228063099885E-016
     0.308755457403E-003    -0.280000000000E+003     0.381406953491E-013    -0.244876393726E-013     0.236412015321E-016
     0.328280767180E-003    -0.280000000000E+003     0.381406953491E-013    -0.244876393726E-013     0.245261865206E-016
     0.348977594427E-003    -0.280000000000E+003     0.381406953491E-013    -0.728960939875E-013     0.262289396879E-016
     0.370916230124E-003    -0.280000000000E+003     0.381406953491E-013     0.723292698571E-013     0.280228489191E-016
     0.394171182707E-003    -0.280000000000E+003     0.762813906982E-013    -0.566824130393E-015     0.297968180158E-016
     0.418821431115E-003    -0.280000000000E+003    -0.381406953491E-013     0.244876393726E-013     0.309140909325E-016
     0.444950693017E-003    -0.280000000000E+003     0.381406953491E-013    -0.244876393726E-013     0.320984001602E-016
     0.472647709137E-003    -0.280000000000E+003     0.000000000000E+000     0.000000000000E+000     0.320984001602E-016
     0.502006544641E-003    -0.280000000000E+003     0.000000000000E+000     0.000000000000E+000     0.320984001602E-016
     0.533126908594E-003    -0.280000000000E+003     0.381406953491E-013    -0.244876393726E-013     0.335089311709E-016
     0.566114492604E-003    -0.280000000000E+003     0.000000000000E+000     0.000000000000E+000     0.335089311709E-016
     0.601081329767E-003    -0.280000000000E+003     0.152562781396E-012    -0.979505574906E-013     0.398484210610E-016
     0.638146175159E-003    -0.280000000000E+003     0.762813906982E-013    -0.566824130393E-015     0.426758570691E-016
     0.677434909153E-003    -0.280000000000E+003     0.381406953491E-013     0.239208152422E-013     0.444446872063E-016
     0.719080964939E-003    -0.280000000000E+003     0.592832589958E-029     0.484084546149E-013     0.464607084077E-016
     0.763225781689E-003    -0.280000000000E+003    -0.114422086047E-012    -0.233539911119E-013     0.516159881679E-016
     0.810019284919E-003    -0.280000000000E+003    -0.762813906982E-013     0.489752787453E-013     0.558578207830E-016
     0.859620395664E-003    -0.280000000000E+003    -0.152562781396E-012     0.113364826079E-014     0.634253131107E-016
     0.912197570216E-003    -0.280000000000E+003    -0.266984867444E-012    -0.222203428511E-013     0.775111555148E-016
     0.967929372233E-003    -0.280000000000E+003    -0.152562781396E-012     0.113364826079E-014     0.860139889762E-016
     0.102700507918E-002    -0.280000000000E+003    -0.152562781396E-012     0.113364826079E-014     0.950269919588E-016
     0.108962532517E-002    -0.280000000000E+003    -0.152562781396E-012    -0.144091715584E-012     0.108167970278E-015
     0.115600278233E-002    -0.280000000000E+003    -0.381406953491E-013    -0.723292698571E-013     0.113595615588E-015
     0.122636288312E-002    -0.280000000000E+003    -0.381406953491E-013     0.244876393726E-013     0.116784688320E-015
     0.130094458593E-002    -0.280000000000E+003    -0.762813906982E-013     0.566824130393E-015     0.122474041394E-015
     0.138000118665E-002    -0.280000000000E+003    -0.266984867444E-012    -0.215854161311E-012     0.149616365605E-015
     0.146380117888E-002    -0.280000000000E+003    -0.114422086047E-012    -0.717624457267E-013     0.160934721023E-015
     0.155262916586E-002    -0.280000000000E+003    -0.152562781396E-012     0.146359012105E-012     0.179714302592E-015
     0.164678682697E-002    -0.280000000000E+003    -0.114422086047E-012     0.267096736577E-012     0.207074043428E-015
     0.174659394236E-002    -0.280000000000E+003    -0.762813906982E-013     0.489752787453E-013     0.216121561738E-015
     0.185238947896E-002    -0.280000000000E+003    -0.114422086047E-012    -0.120170900342E-012     0.233676436422E-015
     0.196453274170E-002    -0.280000000000E+003     0.381406953491E-013    -0.728960939875E-013     0.242902599135E-015
     0.208340459379E-002    -0.280000000000E+003    -0.190703476745E-012     0.170846651478E-012     0.273338527894E-015
     0.220940875020E-002    -0.280000000000E+003     0.762813906982E-013     0.962500850994E-013     0.288813423250E-015
     0.234297314879E-002    -0.280000000000E+003     0.152562781396E-012     0.144091715584E-012     0.316842167605E-015
     0.248455140365E-002    -0.280000000000E+003    -0.762813906982E-013     0.973837333602E-013     0.334355828120E-015
     0.263462434571E-002    -0.280000000000E+003    -0.762813906982E-013     0.291017551820E-012     0.379505109004E-015
     0.279370165569E-002    -0.280000000000E+003    -0.305125562793E-012     0.679985661130E-012     0.498066497301E-015
     0.296232359518E-002    -0.280000000000E+003    -0.457688344189E-012     0.148626308627E-012     0.579209995682E-015
     0.314106284138E-002    -0.280000000000E+003    -0.610251125585E-012     0.529430476580E-013     0.688695539178E-015
     0.333052643213E-002    -0.280000000000E+003    -0.457688344189E-012     0.518093993972E-013     0.775964623299E-015
     0.353135782749E-002    -0.280000000000E+003     0.320381840932E-011    -0.895158796544E-012     0.144403507230E-014
     0.374423909507E-002    -0.280000000001E+003    -0.728067733518E-009     0.258029573320E-009     0.165881811516E-012
     0.396989322653E-002    -0.280000002076E+003    -0.178118851218E-005     0.623199166033E-006     0.425989620490E-009
     0.420908659296E-002    -0.280000006486E+003    -0.556698258487E-005     0.189515384486E-005     0.183261955585E-008
     0.446263154769E-002    -0.280000001812E+003    -0.146254870970E-005     0.411140982243E-006     0.221781481386E-008
     0.473138918520E-002    -0.280000000777E+003    -0.494391440327E-006     0.121644400628E-006     0.235464921089E-008
     0.501627226558E-002    -0.280000000442E+003    -0.195284975184E-006     0.454114268018E-007     0.241176696785E-008
     0.531824831448E-002    -0.280000002726E+003    -0.221320412474E-005     0.713108789646E-006     0.311393736523E-008
     0.563834290904E-002    -0.280000000796E+003    -0.518496321638E-006     0.135752444475E-006     0.328549945672E-008
     0.597764316095E-002    -0.280000000394E+003    -0.160511111584E-006     0.368808507050E-007     0.334138006986E-008
     0.633730140856E-002    -0.280000000269E+003    -0.660903113173E-007     0.149495650703E-007     0.336575051576E-008
     0.671853913045E-002    -0.280000000208E+003    -0.324539176704E-007     0.726691638633E-008     0.337842954959E-008
     0.712265109384E-002    -0.280000000258E+003    -0.960482637433E-007     0.273130382483E-007     0.341878265556E-008
     0.755100975191E-002    -0.280000003058E+003    -0.262347710006E-005     0.778804625551E-006     0.459104376522E-008
     0.800506990496E-002    -0.279999991205E+003     0.807585242420E-005    -0.239760418832E-005     0.841615758830E-008
     0.848637364120E-002    -0.279999998117E+003     0.111374148726E-005    -0.143793177385E-005     0.929155738153E-008
     0.899655557408E-002    -0.279999999436E+003     0.239952001266E-006    -0.175689779467E-006     0.944328300222E-008
     0.953734839373E-002    -0.279999999583E+003     0.975714505735E-007     0.857559539102E-008     0.949625235122E-008
     0.101105887516E-001    -0.279999999548E+003     0.703459356980E-007     0.339052765653E-007     0.954101694897E-008
     0.107182234982E-001    -0.279999999508E+003     0.579776328685E-007     0.286906227137E-007     0.958032372127E-008
     0.113623162948E-001    -0.279999999586E+003     0.703399476080E-007     0.218735844235E-006     0.972831527609E-008
     0.120450546223E-001    -0.280000000648E+003     0.235756372123E-006     0.223546491159E-005     0.112630169501E-007
     0.127687572104E-001    -0.280000000099E+003     0.111043354406E-006     0.992561066923E-007     0.113708034587E-007
     0.135358819124E-001    -0.280000000598E+003    -0.887157531942E-007    -0.929768421241E-007     0.114693877225E-007
     0.143490340526E-001    -0.280000000900E+003    -0.106215505161E-006    -0.952386442456E-007     0.115853927401E-007
     0.152109752747E-001    -0.280000001054E+003    -0.111038319800E-006    -0.614916436542E-007     0.116947972614E-007
     0.161246329208E-001    -0.280000001050E+003    -0.644918347594E-007    -0.472383738620E-007     0.117678365230E-007
     0.170931099734E-001    -0.280000001095E+003    -0.646813558736E-007     0.517164265489E-007     0.118480406130E-007
     0.181196955938E-001    -0.280000004136E+003    -0.299285943515E-005     0.698273298415E-006     0.150029827843E-007
     0.192078762926E-001    -0.280000001521E+003     0.767433889039E-007     0.831330511513E-006     0.159114670234E-007
     0.203613477710E-001    -0.280000000884E+003     0.136603036233E-006     0.152564776628E-007     0.160700143934E-007
     0.215840274722E-001    -0.280000000920E+003    -0.131127329165E-007     0.753517799594E-008     0.160885056876E-007
     0.228800678855E-001    -0.280000000902E+003    -0.137599423758E-006    -0.494312517689E-007     0.162779983646E-007
     0.242538706494E-001    -0.280000000919E+003    -0.104149690679E-006    -0.351290239869E-007     0.164289992653E-007
     0.257101015006E-001    -0.280000000929E+003     0.575893605638E-007     0.180311353293E-006     0.167046415656E-007
     0.272537061195E-001    -0.280000000711E+003     0.231475880021E-008    -0.161909982278E-006     0.169545921021E-007
     0.288899269272E-001    -0.280000000669E+003    -0.505207836417E-008     0.896936023361E-008     0.169714358743E-007
     0.306243208897E-001    -0.280000000547E+003    -0.694317413491E-007    -0.126045339867E-006     0.172210210979E-007
     0.324627783907E-001    -0.280000000542E+003    -0.524876993026E-008    -0.432201882384E-008     0.172335211803E-007
     0.344115432366E-001    -0.280000000458E+003    -0.928627147214E-007    -0.198073990455E-006     0.176598367723E-007
     0.364772338618E-001    -0.280000000478E+003    -0.568372642006E-008    -0.217299524783E-007     0.177062342062E-007
     0.386668658063E-001    -0.280000000567E+003     0.575483211822E-007     0.287928929376E-006     0.183491620410E-007
     0.409878755421E-001    -0.280000000426E+003     0.688668395130E-008     0.780948879373E-008     0.183733289280E-007
     0.434481457293E-001    -0.280000000394E+003     0.576056847912E-007     0.109366608639E-006     0.186774433030E-007
     0.460560319869E-001    -0.280000000296E+003    -0.360269380095E-008     0.159665671987E-008     0.186877200676E-007
     0.488203912708E-001    -0.280000000190E+003    -0.931929750103E-009    -0.253258003095E-007     0.187577770617E-007
     0.517506119535E-001    -0.280000008622E+003    -0.842008031628E-005     0.162383695210E-005     0.438850983944E-007
     0.548566457095E-001    -0.280000000854E+003     0.151279568173E-005     0.278260804864E-005     0.537226768280E-007
     0.581490413132E-001    -0.280000000053E+003    -0.337846312764E-006    -0.489337423817E-006     0.556804517672E-007
     0.616389804647E-001    -0.280000000886E+003    -0.172079756565E-007     0.989402246797E-006     0.591339276107E-007
     0.653383157655E-001    -0.280000000102E+003     0.121010891165E-007     0.412102617791E-007     0.592928149031E-007
     0.692596109728E-001    -0.279999999977E+003    -0.389183841275E-008     0.282845262680E-008     0.593116805924E-007
     0.734161836681E-001    -0.280000002701E+003    -0.316070622419E-005     0.925533592048E-008     0.724494421072E-007
     0.778221504872E-001    -0.279999999380E+003    -0.660466593101E-006    -0.173623093851E-005     0.806340090395E-007
     0.824924750635E-001    -0.279999999792E+003     0.316448391042E-007    -0.150781927555E-006     0.813535511028E-007
     0.874430188470E-001    -0.279999999899E+003     0.983351035660E-008     0.100617241930E-007     0.814232002080E-007
     0.926905949743E-001    -0.279999999998E+003    -0.271838652334E-007     0.117297883734E-006     0.820550431545E-007
     0.982530253690E-001    -0.280000000019E+003    -0.100678467885E-007     0.406357099253E-008     0.821154343842E-007
     0.104149201269E+000    -0.279999999948E+003     0.703482622715E-007    -0.722341091663E-008     0.825324009914E-007
     0.110399147386E+000    -0.279999999997E+003    -0.150748542941E-006    -0.186415856071E-006     0.840307725496E-007
     0.117024089912E+000    -0.279999999997E+003     0.507043166785E-007     0.102008855649E-006     0.847854559928E-007
     0.124046528610E+000    -0.280000000070E+003     0.196729020074E-006     0.387334154309E-006     0.878362191247E-007
     0.131490313229E+000    -0.280000000207E+003    -0.385876356428E-006    -0.129561257414E-006     0.908661840343E-007
     0.139380724499E+000    -0.279999999767E+003     0.379774531758E-008     0.528281687540E-008     0.909175208616E-007
     0.147744559993E+000    -0.280000000840E+003     0.188843213862E-005     0.359179188117E-005     0.124857739466E-006
     0.156610225139E+000    -0.279999999914E+003     0.320001959615E-007     0.371354794455E-007     0.125292343050E-006
     0.166007829686E+000    -0.279999999394E+003     0.633987072081E-006     0.526211014087E-007     0.131270789946E-006
     0.175969289968E+000    -0.280000000303E+003    -0.291214163684E-006     0.216196606421E-006     0.134883748033E-006
     0.185969289968E+000    -0.279999999899E+003    -0.387189082918E-008     0.921471170793E-009     0.134923548344E-006
     0.195969289968E+000    -0.279999999907E+003     0.955611307930E-008     0.394082887148E-007     0.135329052046E-006
     0.205969289968E+000    -0.279999999960E+003     0.107380398310E-006     0.234392580476E-006     0.137907238069E-006
     0.215969289968E+000    -0.279999999786E+003     0.115356380528E-006     0.104815336676E-007     0.139065553962E-006
     0.225969289968E+000    -0.279999999851E+003    -0.260618041181E-007    -0.778567219806E-007     0.139886582999E-006
     0.235969289968E+000    -0.279999999860E+003    -0.633516949776E-009    -0.447185449447E-009     0.139894337472E-006
     0.245969289968E+000    -0.279999999854E+003    -0.263323360702E-009    -0.164257534336E-008     0.139910972955E-006
     0.255969289968E+000    -0.279999999818E+003     0.912802191495E-008    -0.479615309080E-007     0.140399197210E-006
     0.265969289968E+000    -0.279999999633E+003    -0.350820900132E-006    -0.671278030097E-006     0.147973426528E-006
     0.275969289968E+000    -0.279999999789E+003    -0.867586397163E-008    -0.899788541277E-008     0.148098419551E-006
     0.285969289968E+000    -0.279999999777E+003     0.180558051795E-009     0.227293593371E-008     0.148121220514E-006
     0.295969289968E+000    -0.279999997475E+003     0.559925432038E-005     0.335257536453E-005     0.213383315576E-006
     0.305969289968E+000    -0.279999999866E+003     0.227686220593E-007    -0.122963760338E-007     0.213642084008E-006
     0.315969289968E+000    -0.279999999862E+003    -0.462185895005E-007    -0.892049432999E-007     0.214646757085E-006
     0.325969289968E+000    -0.279999999692E+003    -0.325167087025E-006    -0.651938458491E-006     0.221932066881E-006
     0.335969289968E+000    -0.279999999873E+003    -0.390839147466E-008    -0.306036128486E-008     0.221981706920E-006
     0.345969289968E+000    -0.280000000019E+003    -0.971222294502E-007     0.908999083229E-007     0.223311952040E-006
     0.355969289968E+000    -0.279999999767E+003     0.472913728400E-007    -0.962175993969E-007     0.224384066790E-006
     0.365969289968E+000    -0.279999999742E+003    -0.230124936663E-007    -0.386442070048E-007     0.224833838910E-006
     0.375969289968E+000    -0.280000000250E+003    -0.508093332650E-006     0.885972189761E-007     0.229991438176E-006
     0.385969289968E+000    -0.279999999224E+003     0.385392618109E-006    -0.308115712756E-006     0.234925632767E-006
     0.395969289968E+000    -0.280000003076E+003    -0.354318271831E-005     0.632111437859E-006     0.270916893713E-006
     0.405969289968E+000    -0.279999999644E+003    -0.348491914851E-007     0.737816747038E-008     0.271273110431E-006
     0.415969289968E+000    -0.279999999488E+003    -0.243634447258E-006    -0.501280008742E-006     0.276846613737E-006
     0.425969289968E+000    -0.279999997488E+003     0.221879227426E-005    -0.346911164914E-006     0.299304099155E-006
     0.435969289968E+000    -0.279999999599E+003     0.727978102977E-007    -0.177168634947E-007     0.300053325985E-006
     0.445969289968E+000    -0.279999999688E+003    -0.169733722459E-008    -0.235523874554E-008     0.300082357181E-006
     0.455969289968E+000    -0.279999999685E+003     0.694431454360E-008    -0.617098647929E-008     0.300175257439E-006
     0.465969289968E+000    -0.279999999700E+003    -0.291063088445E-008    -0.231299072023E-008     0.300212434983E-006
     0.475969289968E+000    -0.279999999739E+003     0.223657037546E-009     0.467888853203E-007     0.300680329182E-006
     0.485969289968E+000    -0.279999999743E+003    -0.193966413248E-007     0.195828602300E-007     0.300955959026E-006
     0.495969289968E+000    -0.279999999732E+003    -0.152684831634E-008    -0.945980046750E-009     0.300973920496E-006
     0.505969289968E+000    -0.279999999678E+003     0.718028721169E-007     0.232405483841E-007     0.301728624115E-006
     0.515969289968E+000    -0.279999999684E+003    -0.631640809007E-007    -0.119246957523E-006     0.303078051327E-006
     0.525969289968E+000    -0.279999999721E+003     0.269803464854E-008     0.722522091254E-008     0.303155176685E-006
     0.535969289968E+000    -0.280000000060E+003     0.601771953169E-006     0.121414806081E-005     0.316706136050E-006
     0.545969289968E+000    -0.279999999701E+003     0.443477121144E-008     0.104554159572E-007     0.316819706697E-006
     0.555969289968E+000    -0.279999999681E+003    -0.224648695629E-009     0.188864791079E-009     0.316822641607E-006
     0.565969289968E+000    -0.279999999860E+003    -0.943666404974E-007     0.143938051549E-006     0.318543781506E-006
     0.575969289968E+000    -0.280000000193E+003     0.871338640520E-006     0.185513721237E-005     0.339039549613E-006
     0.585969289968E+000    -0.279999999913E+003     0.403757324695E-006     0.791209044795E-006     0.347922295415E-006
     0.595969289968E+000    -0.280000000128E+003     0.967914847790E-006     0.192271466703E-005     0.369448304900E-006
     0.605969289968E+000    -0.279999999332E+003    -0.311014295517E-006    -0.657952117643E-006     0.376725879229E-006
     0.615969289968E+000    -0.279999999553E+003     0.112537172899E-006     0.235741115878E-006     0.379338129006E-006
     0.625969289968E+000    -0.279999999473E+003     0.431180942400E-007     0.389383023788E-007     0.379919107616E-006
     0.635969289968E+000    -0.279999999545E+003     0.106839563264E-006     0.211224343415E-006     0.382286182087E-006
     0.645969289968E+000    -0.279999999507E+003    -0.294430149049E-007    -0.905206615905E-008     0.382594213096E-006
     0.655969289968E+000    -0.279999999412E+003    -0.821899183928E-007    -0.177251518535E-006     0.384548011538E-006
     0.665969289968E+000    -0.279999999490E+003    -0.118415416869E-008    -0.301220312902E-008     0.384580377552E-006
     0.675969289968E+000    -0.279999999323E+003     0.188474915957E-006    -0.417774600693E-007     0.386510873606E-006
     0.685969289968E+000    -0.279999999535E+003     0.643738656197E-008     0.148753666688E-008     0.386576943804E-006
     0.695969289968E+000    -0.279999999413E+003    -0.281987357449E-006    -0.544433184738E-006     0.392708210903E-006
     0.705969289968E+000    -0.279999999595E+003    -0.218744515994E-008    -0.502059704611E-008     0.392762975226E-006
     0.715969289968E+000    -0.279999999979E+003    -0.190668311026E-006     0.297254661583E-006     0.396294472623E-006
     0.725969289968E+000    -0.279999999880E+003    -0.762653334683E-007    -0.143756494872E-006     0.397921811891E-006
     0.735969289968E+000    -0.280000005227E+003    -0.487019899728E-005     0.146508934451E-005     0.448779775928E-006
     0.745969289968E+000    -0.280000000028E+003     0.349006432789E-008     0.180913614762E-006     0.450589248685E-006
     0.755969289968E+000    -0.279999998017E+003     0.185044168114E-005    -0.335173599153E-006     0.469394768504E-006
