 #        time                      h  [L]            Darcian flow [L.T^{-1}]   in    x         z              directions   cumulative flux
 #-----------------------------------------------------------------------------------------------

     0.100000000000E-005    -0.278500000000E+003     0.000000000000E+000     0.000000000000E+000     0.000000000000E+000
     0.205999994278E-005    -0.278500000000E+003     0.140538698802E-016    -0.741369866569E-017     0.168428015882E-022
     0.318359982147E-005    -0.278500000000E+003     0.973670244927E-018    -0.167845694902E-016     0.357336470222E-022
     0.437461562859E-005    -0.278500000000E+003     0.261603992705E-016     0.187417416490E-016     0.740617749911E-022
     0.563709231599E-005    -0.278500000000E+003     0.121065293903E-016     0.261554403147E-016     0.110448164699E-021
     0.697531753239E-005    -0.278500000000E+003     0.130801996352E-016     0.937087082449E-017     0.131980904667E-021
     0.839383618521E-005    -0.278500000000E+003     0.130801996352E-016     0.937087082449E-017     0.154805607801E-021
     0.989746587602E-005    -0.278500000000E+003     0.281077397604E-016    -0.148273973314E-016     0.202589264238E-021
     0.114913132622E-004    -0.278500000000E+003     0.000000000000E+000     0.000000000000E+000     0.202589264238E-021
     0.131807914004E-004    -0.278500000000E+003     0.130801996352E-016     0.937087082449E-017     0.229773846464E-021
     0.149716381303E-004    -0.278500000000E+003    -0.973670244927E-018     0.167845694902E-016     0.259882971082E-021
     0.168699355614E-004    -0.278500000000E+003    -0.194734048985E-017     0.335691389804E-016     0.323714311828E-021
     0.188821307298E-004    -0.278500000000E+003    -0.160012103700E-016     0.409828376461E-016     0.412242477681E-021
     0.210150574931E-004    -0.278500000000E+003    -0.292101073478E-017     0.503537084706E-016     0.519823807759E-021
     0.232759597402E-004    -0.278500000000E+003    -0.292101073478E-017     0.503537084706E-016     0.633860011485E-021
     0.256725159928E-004    -0.278500000000E+003    -0.169748806150E-016     0.577674071362E-016     0.778156181814E-021
     0.282128654833E-004    -0.278500000000E+003    -0.300550802502E-016     0.483965363118E-016     0.922878814876E-021
     0.309056357980E-004    -0.278500000000E+003    -0.562154795207E-016     0.296547946628E-016     0.109402522461E-020
     0.337599721774E-004    -0.278500000000E+003    -0.833495490361E-016     0.276976225040E-016     0.134472478529E-020
     0.367855685763E-004    -0.278500000000E+003    -0.702693494009E-016     0.370684933285E-016     0.158509989182E-020
     0.399927005860E-004    -0.278500000000E+003    -0.702693494009E-016     0.370684933285E-016     0.183989749098E-020
     0.433922603327E-004    -0.278500000000E+003    -0.431352798855E-016     0.390256654873E-016     0.203764713576E-020
     0.469957934698E-004    -0.278500000000E+003    -0.571891497656E-016     0.464393641530E-016     0.230311806444E-020
     0.508155383889E-004    -0.278500000000E+003    -0.562154795207E-016     0.296547946628E-016     0.254589243901E-020
     0.548644677845E-004    -0.278500000000E+003    -0.290814100053E-016     0.316119668216E-016     0.271981009280E-020
     0.591563327122E-004    -0.278500000000E+003    -0.431352798855E-016     0.390256654873E-016     0.296946440928E-020
     0.637057092900E-004    -0.278500000000E+003    -0.421616096405E-016     0.222410959971E-016     0.318632549754E-020
     0.685280482021E-004    -0.278500000000E+003    -0.552418092758E-016     0.128702251726E-016     0.345985458799E-020
     0.736397271730E-004    -0.278500000000E+003    -0.552418092758E-016     0.128702251726E-016     0.374979540821E-020
     0.790581065897E-004    -0.278500000000E+003    -0.542681390309E-016    -0.391434431759E-017     0.404460469727E-020
     0.848015884613E-004    -0.278500000000E+003    -0.673483386661E-016    -0.132852151421E-016     0.443887268867E-020
     0.908896789166E-004    -0.278500000000E+003    -0.523207985410E-016    -0.374834832980E-016     0.483071486014E-020
     0.973430544509E-004    -0.278500000000E+003    -0.523207985410E-016    -0.374834832980E-016     0.524606753947E-020
     0.104183632148E-003    -0.278500000000E+003    -0.532944687859E-016    -0.206989138078E-016     0.563716349971E-020
     0.111434644115E-003    -0.278500000000E+003    -0.523207985410E-016    -0.374834832980E-016     0.610385371982E-020
     0.119120716386E-003    -0.278500000000E+003    -0.372932584159E-016    -0.616817514538E-016     0.665786043402E-020
     0.127267952553E-003    -0.278500000000E+003    -0.363195881710E-016    -0.784663209440E-016     0.736230554537E-020
     0.135904022424E-003    -0.278500000000E+003    -0.464787770714E-016    -0.138190900239E-015     0.862142562625E-020
     0.145058255993E-003    -0.278500000000E+003    -0.546906254821E-016    -0.231484618514E-015     0.107988287916E-019
     0.154761743052E-003    -0.278500000000E+003    -0.890628731632E-016    -0.343520078439E-015     0.142423807502E-019
     0.165047438780E-003    -0.278500000000E+003    -0.812735112038E-016    -0.477796634360E-015     0.192274427714E-019
     0.175950275662E-003    -0.278500000000E+003    -0.121910266806E-015    -0.716694951541E-015     0.271536909573E-019
     0.187507282134E-003    -0.278500000000E+003    -0.172706211308E-015    -0.101531784802E-014     0.390562730073E-019
     0.199757708333E-003    -0.278500000000E+003    -0.238952182387E-015    -0.151731275053E-014     0.578730876708E-019
     0.212743159403E-003    -0.278500000000E+003    -0.296435121261E-015    -0.217036877846E-014     0.863179677081E-019
     0.226507736794E-003    -0.278500000000E+003    -0.418767874518E-015    -0.311463400420E-014     0.129575353697E-018
     0.241098188040E-003    -0.278500000000E+003    -0.598161080198E-015    -0.448438498367E-014     0.195584053769E-018
     0.256564065527E-003    -0.278500000000E+003    -0.880119845127E-015    -0.643459718660E-014     0.296027339948E-018
     0.272957894778E-003    -0.278500000000E+003    -0.128733237405E-014    -0.927872090679E-014     0.449598136817E-018
     0.290335352846E-003    -0.278500000000E+003    -0.185361973085E-014    -0.133731464479E-013     0.684211166672E-018
     0.308755457403E-003    -0.278500000000E+003    -0.272997359234E-014    -0.194029567945E-013     0.104513594202E-017
     0.328280767180E-003    -0.278500000000E+003    -0.401451365300E-014    -0.282601062919E-013     0.160246296116E-017
     0.348977594427E-003    -0.278500000000E+003    -0.589679230741E-014    -0.413740704988E-013     0.246742838193E-017
     0.370916230124E-003    -0.278500000000E+003    -0.871443261622E-014    -0.609097616671E-013     0.381731254761E-017
     0.394171182707E-003    -0.278500000000E+003    -0.129781863379E-013    -0.902749801711E-013     0.593823630285E-017
     0.418821431115E-003    -0.278500000000E+003    -0.195369794752E-013    -0.134798083793E-012     0.929576093441E-017
     0.444950693017E-003    -0.278500000000E+003    -0.295669445083E-013    -0.202856468225E-012     0.146522564957E-016
     0.472647709137E-003    -0.278499999999E+003    -0.451930418631E-013    -0.307842851636E-012     0.232699743116E-016
     0.502006544641E-003    -0.278499999999E+003    -0.696757276902E-013    -0.471288449570E-012     0.372568486126E-016
     0.533126908594E-003    -0.278499999999E+003    -0.108506033834E-012    -0.728175378142E-012     0.601681361209E-016
     0.566114492604E-003    -0.278499999998E+003    -0.170736035486E-012    -0.113617634928E-011     0.980686664686E-016
     0.601081329767E-003    -0.278499999996E+003    -0.271545653787E-012    -0.179105969784E-011     0.161412053578E-015
     0.638146175159E-003    -0.278499999994E+003    -0.436661645602E-012    -0.285361342388E-011     0.268411932420E-015
     0.677434909153E-003    -0.278499999991E+003    -0.709579463476E-012    -0.459518527413E-011     0.451090733582E-015
     0.719080964939E-003    -0.278499999985E+003    -0.116443582937E-011    -0.747545227034E-011     0.766168116962E-015
     0.763225781689E-003    -0.278499999976E+003    -0.192740552828E-011    -0.122749848420E-010     0.131468437654E-014
     0.810019284919E-003    -0.278499999960E+003    -0.321385806148E-011    -0.203220367745E-010     0.227744187111E-014
     0.859620395664E-003    -0.278499999933E+003    -0.539278806548E-011    -0.338842209052E-010     0.397928958479E-014
     0.912197570216E-003    -0.278499999887E+003    -0.909908926451E-011    -0.568484060414E-010     0.700626245476E-014
     0.967929372233E-003    -0.278499999809E+003    -0.154303692267E-010    -0.959068695671E-010     0.124200624177E-013
     0.102700507918E-002    -0.278499999677E+003    -0.262906743024E-010    -0.162629940098E-009     0.221522713664E-013
     0.108962532517E-002    -0.278499999449E+003    -0.449906578677E-010    -0.277084637486E-009     0.397306182869E-013
     0.115600278233E-002    -0.278499999057E+003    -0.772934708178E-010    -0.474141813438E-009     0.716183887685E-013
     0.122636288312E-002    -0.278499998379E+003    -0.133241190475E-009    -0.814464803952E-009     0.129685984950E-012
     0.130094458593E-002    -0.278499997206E+003    -0.230367141584E-009    -0.140371754786E-008     0.235778082959E-012
     0.138000118665E-002    -0.278499995170E+003    -0.399426679475E-009    -0.242643360384E-008     0.430185348318E-012
     0.146380117888E-002    -0.278499991624E+003    -0.694826029288E-009    -0.420661971719E-008     0.787476446671E-012
     0.155262916586E-002    -0.278499985424E+003    -0.121405997225E-008    -0.731834387665E-008     0.144643463342E-011
     0.164678682697E-002    -0.278499974512E+003    -0.213494555973E-008    -0.127922833657E-007     0.266758547003E-011
     0.174659394236E-002    -0.278499955123E+003    -0.378936790661E-008    -0.225122878926E-007     0.494608030225E-011
     0.185238947896E-002    -0.278499920198E+003    -0.681508696456E-008    -0.400030128310E-007     0.923919805968E-011
     0.196453274170E-002    -0.278499856144E+003    -0.124743364557E-007    -0.720427925069E-007     0.174385295527E-010
     0.208340459379E-002    -0.278499736193E+003    -0.232980886136E-007    -0.131960810545E-006     0.333675601919E-010
     0.220940875020E-002    -0.278499507579E+003    -0.442714811837E-007    -0.246034215989E-006     0.648667846531E-010
     0.234297314879E-002    -0.278499068713E+003    -0.847983954997E-007    -0.464916067588E-006     0.127987476428E-009
     0.248455140365E-002    -0.278498231403E+003    -0.161764096010E-006    -0.882617490105E-006     0.255028324155E-009
     0.263462434571E-002    -0.278496660476E+003    -0.304289245834E-006    -0.166689027386E-005     0.509317398271E-009
     0.279370165569E-002    -0.278493777058E+003    -0.561397071478E-006    -0.310789416747E-005     0.101171398832E-008
     0.296232359518E-002    -0.278488598198E+003    -0.101527089784E-005    -0.569877494678E-005     0.198778323044E-008
     0.314106284138E-002    -0.278479456848E+003    -0.180581121710E-005    -0.102760842185E-004     0.385266719685E-008
     0.333052643213E-002    -0.278463491368E+003    -0.317804616534E-005    -0.182755149472E-004     0.736717556229E-008
     0.353135782749E-002    -0.278435684219E+003    -0.557747893423E-005    -0.322133152025E-004     0.139328755860E-007
     0.374423909507E-002    -0.278386978778E+003    -0.985154583829E-005    -0.566303778516E-004     0.261694801922E-007
     0.396989322653E-002    -0.278300499209E+003    -0.176721766040E-004    -0.100001545575E-003     0.490848932755E-007
     0.420908659296E-002    -0.278144265596E+003    -0.323409240851E-004    -0.178495257203E-003     0.924749208331E-007
     0.446263154769E-002    -0.277858594879E+003    -0.601060387240E-004    -0.322799661324E-003     0.175725879606E-006
     0.473138918520E-002    -0.277337145700E+003    -0.111998664010E-003    -0.589529410507E-003     0.337000310117E-006
     0.501627226558E-002    -0.276402231444E+003    -0.206170816492E-003    -0.107971354463E-002     0.650149896061E-006
     0.531824831448E-002    -0.274777141044E+003    -0.371075255091E-003    -0.197033632544E-002     0.125560412361E-005
     0.563834290904E-002    -0.272062243464E+003    -0.650258985859E-003    -0.357353667635E-002     0.241825718642E-005
     0.597764316095E-002    -0.267733856731E+003    -0.110879419399E-002    -0.645442801072E-002     0.464032584541E-005
     0.633730140856E-002    -0.261208521563E+003    -0.183822184846E-002    -0.116637404086E-001     0.888706437236E-005
     0.671853913045E-002    -0.252026145153E+003    -0.295162906572E-002    -0.211655346026E-001     0.170342489038E-004
     0.712265109384E-002    -0.240143667748E+003    -0.455282795007E-002    -0.385015104917E-001     0.327015741032E-004
     0.755100975191E-002    -0.226175573826E+003    -0.664847517439E-002    -0.694695029049E-001     0.625954050537E-004
     0.800506990496E-002    -0.211298634520E+003    -0.897545252565E-002    -0.122101909911E+000     0.118186601995E-003
     0.848637364120E-002    -0.196750466006E+003    -0.108270277660E-001    -0.205330307976E+000     0.217150140880E-003
     0.899655557408E-002    -0.183313485750E+003    -0.111071781948E-001    -0.327190802492E+000     0.384173132918E-003
     0.953734839373E-002    -0.171153276595E+003    -0.865602467281E-002    -0.494884169330E+000     0.651843873850E-003
     0.101105887516E-001    -0.159946884101E+003    -0.242685635361E-002    -0.718582888416E+000     0.106376693516E-002
     0.107182234982E-001    -0.149081208016E+003     0.896699424430E-002    -0.101953233624E+001     0.168329416847E-002
     0.113623162948E-001    -0.137811641453E+003     0.284949921907E-001    -0.144386714870E+001     0.261345968465E-002
     0.120450546223E-001    -0.125398556640E+003     0.628736810743E-001    -0.208789339900E+001     0.403959071464E-002
     0.127687572104E-001    -0.111317577224E+003     0.126032002428E+000    -0.314456510114E+001     0.631714769408E-002
     0.135358819124E-001    -0.956297623883E+002     0.243320331781E+000    -0.496152553444E+001     0.101278307069E-001
     0.143490340526E-001    -0.793203352411E+002     0.448082134037E+000    -0.798712060806E+001     0.166327872695E-001
     0.152109752747E-001    -0.640161184509E+002     0.744105489032E+000    -0.122999129761E+002     0.272539721498E-001
     0.161246329208E-001    -0.509918748645E+002     0.103226462809E+001    -0.168769373469E+002     0.427025311750E-001
     0.170931099734E-001    -0.405569401621E+002     0.111280187003E+001    -0.199021370025E+002     0.620074003830E-001
     0.181196955938E-001    -0.324334417886E+002     0.842143398489E+000    -0.202660901532E+002     0.828302318888E-001
     0.192078762926E-001    -0.263569936298E+002     0.343708729467E+000    -0.184899399764E+002     0.102954103688E+000
     0.203613477710E-001    -0.222048671024E+002     0.323935771180E-001    -0.162008215668E+002     0.121641326649E+000
     0.215840274722E-001    -0.197377675378E+002     0.149378106177E+000    -0.146404616301E+002     0.139542853631E+000
     0.228800678855E-001    -0.184448681346E+002     0.415678552054E+000    -0.139358154305E+002     0.157612266567E+000
     0.242538706494E-001    -0.176503057716E+002     0.500568536748E+000    -0.136621279259E+002     0.176393929492E+000
     0.257101015006E-001    -0.167749008533E+002     0.376355080506E+000    -0.134260902775E+002     0.195953096359E+000
     0.272537061195E-001    -0.156455896855E+002     0.162448521054E+000    -0.130328509043E+002     0.216072227933E+000
     0.288899269272E-001    -0.145070248166E+002     0.344025751309E-001    -0.125161649353E+002     0.236551514794E+000
     0.306243208897E-001    -0.135967131276E+002     0.931886308860E-001    -0.120282472526E+002     0.257413860296E+000
     0.324627783907E-001    -0.128769211385E+002     0.200228259246E+000    -0.116402750529E+002     0.278817177048E+000
     0.344115432366E-001    -0.122109792112E+002     0.189135821261E+000    -0.113348094128E+002     0.300909130078E+000
     0.364772338618E-001    -0.114953881062E+002     0.913648039550E-001    -0.110486327935E+002     0.323732967588E+000
     0.386668658063E-001    -0.107705397683E+002     0.266009270914E-001    -0.107281509579E+002     0.347223741843E+000
     0.409878755421E-001    -0.101325496874E+002     0.512759176018E-001    -0.103842444544E+002     0.371325968151E+000
     0.434481457293E-001    -0.955645115833E+001     0.106369778073E+000    -0.100537066467E+002     0.396062187250E+000
     0.460560319869E-001    -0.899035394785E+001     0.110196056080E+000    -0.974833071988E+001     0.421486349196E+000
     0.488203912708E-001    -0.843674598063E+001     0.749590347114E-001    -0.946105708291E+001     0.447640931033E+000
     0.517506119535E-001    -0.791092382163E+001     0.586824556230E-001    -0.916689453519E+001     0.474502505373E+000
     0.548566457095E-001    -0.744542819727E+001     0.554719252796E-001    -0.889004145607E+001     0.502115811773E+000
     0.581490413132E-001    -0.698430131577E+001     0.413482038604E-001    -0.862770216956E+001     0.530521946676E+000
     0.616389804647E-001    -0.654071314329E+001     0.350605456442E-001    -0.837069508369E+001     0.559735419422E+000
     0.653383157655E-001    -0.616028647996E+001     0.441354696734E-001    -0.813295219975E+001     0.589822379609E+000
     0.692596109728E-001    -0.576969997323E+001     0.461847677579E-001    -0.789620788621E+001     0.620786271382E+000
     0.734161836681E-001    -0.536264023205E+001     0.249239880743E-001    -0.765620366680E+001     0.652610007119E+000
     0.778221504872E-001    -0.499329932097E+001     0.243849649628E-001    -0.742393627685E+001     0.685319800472E+000
     0.824924750635E-001    -0.468598125464E+001     0.386398003581E-001    -0.722157673593E+001     0.719047390564E+000
     0.874430188470E-001    -0.434233901997E+001     0.297716071145E-001    -0.700969773861E+001     0.753749519115E+000
     0.926905949743E-001    -0.400189851827E+001     0.188739337433E-001    -0.679304286421E+001     0.789396666271E+000
     0.982530253690E-001    -0.371477776429E+001     0.285851377143E-001    -0.659898028942E+001     0.826103379186E+000
     0.104149201269E+000    -0.342122305383E+001     0.240483603986E-001    -0.640954897032E+001     0.863895473355E+000
     0.110399147386E+000    -0.312133984720E+001     0.172868275670E-001    -0.621450683254E+001     0.902735956469E+000
     0.117024089912E+000    -0.286408061300E+001     0.233073628147E-001    -0.603694238124E+001     0.942730650849E+000
     0.124046528610E+000    -0.258525032355E+001     0.180982213604E-001    -0.585165782594E+001     0.983823755756E+000
     0.131490313229E+000    -0.233330532021E+001     0.148615924117E-001    -0.568025640204E+001     0.102610650571E+001
     0.139380724499E+000    -0.210263275224E+001     0.181988568339E-001    -0.551978192098E+001     0.106966009191E+001
     0.147744559993E+000    -0.184383736914E+001     0.126139391970E-001    -0.534447428877E+001     0.111436052016E+001
     0.156610225139E+000    -0.163206057064E+001     0.142813376958E-001    -0.519303663724E+001     0.116040041818E+001
     0.166007829686E+000    -0.140510247212E+001     0.123970483172E-001    -0.503535651062E+001     0.120772085083E+001
     0.175969289968E+000    -0.118794919171E+001     0.953544771181E-002    -0.488190653405E+001     0.125635186164E+001
     0.185969289968E+000    -0.102952839574E+001     0.101984590973E-001    -0.476408153033E+001     0.130399278610E+001
     0.195969289968E+000    -0.874413302668E+000     0.777574395186E-002    -0.465363735663E+001     0.135052922463E+001
     0.205969289968E+000    -0.775527499567E+000     0.729614297275E-002    -0.457801117598E+001     0.139630939453E+001
     0.215969289968E+000    -0.652068221662E+000     0.627717743567E-002    -0.449188533580E+001     0.144122829175E+001
     0.225969289968E+000    -0.568430390091E+000     0.578081556005E-002    -0.442795136300E+001     0.148550784311E+001
     0.235969289968E+000    -0.469323795086E+000     0.465525753267E-002    -0.435784280760E+001     0.152908629605E+001
     0.245969289968E+000    -0.355482158098E+000     0.394225709128E-002    -0.427730263360E+001     0.157185934055E+001
     0.255969289968E+000    -0.158868049323E+000     0.208805598453E-002    -0.414234655189E+001     0.161328281134E+001
     0.265969289968E+000     0.217017351947E+000     0.652323317831E-004    -0.386555014971E+001     0.165193831284E+001
     0.275969289968E+000     0.733166991425E+000    -0.184994915196E-002    -0.347059341436E+001     0.168664425191E+001
     0.285969289968E+000     0.129777998733E+001    -0.447659298282E-002    -0.305449371654E+001     0.171718922188E+001
     0.295969289968E+000     0.172857864717E+001    -0.515845429085E-002    -0.274205648116E+001     0.174460983521E+001
     0.305969289968E+000     0.186382765289E+001     0.632865154388E-003    -0.264573247387E+001     0.177106716071E+001
     0.315969289968E+000     0.184008640339E+001     0.585142191636E-002    -0.266413084599E+001     0.179770853343E+001
     0.325969289968E+000     0.189265171475E+001     0.673427064678E-002    -0.262497302264E+001     0.182395835004E+001
     0.335969289968E+000     0.207316318200E+001     0.473938706647E-002    -0.249258559460E+001     0.184888425104E+001
     0.345969289968E+000     0.230224046697E+001    -0.977845508320E-003    -0.232597813327E+001     0.187214403443E+001
     0.355969289968E+000     0.244403381816E+001    -0.890753727480E-002    -0.222435668116E+001     0.189438777959E+001
     0.365969289968E+000     0.242499019962E+001    -0.116603707991E-001    -0.223999250629E+001     0.191678800815E+001
     0.375969289968E+000     0.232570127307E+001    -0.439307225279E-002    -0.231194511945E+001     0.193990750108E+001
     0.385969289968E+000     0.223739277198E+001     0.503059254900E-002    -0.237506686582E+001     0.196365822301E+001
     0.395969289968E+000     0.219992383369E+001     0.112999046843E-001    -0.240119598021E+001     0.198767044870E+001
     0.405969289968E+000     0.221661181617E+001     0.134582686014E-001    -0.238829458475E+001     0.201155377374E+001
     0.415969289968E+000     0.227202571585E+001     0.111204485479E-001    -0.234810272773E+001     0.203503506434E+001
     0.425969289968E+000     0.235472033783E+001     0.629958995939E-002    -0.228823862255E+001     0.205791753728E+001
     0.435969289968E+000     0.245461423793E+001     0.133062278511E-002    -0.221580063827E+001     0.208007554766E+001
     0.445969289968E+000     0.254809980109E+001    -0.345000258164E-002    -0.214815356827E+001     0.210155711104E+001
     0.455969289968E+000     0.260076579651E+001    -0.841482017320E-002    -0.211107318448E+001     0.212266801060E+001
     0.465969289968E+000     0.259484053000E+001    -0.126183738575E-001    -0.211675285110E+001     0.214383591521E+001
     0.475969289968E+000     0.255664414410E+001    -0.141018523260E-001    -0.214528486586E+001     0.216528922735E+001
     0.485969289968E+000     0.252537713196E+001    -0.125250979484E-001    -0.216779354246E+001     0.218696752461E+001
     0.495969289968E+000     0.251907618665E+001    -0.804979850407E-002    -0.217141502489E+001     0.220868182407E+001
     0.505969289968E+000     0.253791318291E+001    -0.169711840279E-002    -0.215628737020E+001     0.223024470445E+001
     0.515969289968E+000     0.257099232004E+001     0.536621916752E-002    -0.213068089293E+001     0.225155158095E+001
     0.525969289968E+000     0.260954768645E+001     0.118062354604E-001    -0.210137088506E+001     0.227256562146E+001
     0.535969289968E+000     0.264026572660E+001     0.159043475610E-001    -0.207835915339E+001     0.229334982151E+001
     0.545969289968E+000     0.265405965615E+001     0.164159136921E-001    -0.206825054915E+001     0.231403297847E+001
     0.555969289968E+000     0.265463608722E+001     0.149310468166E-001    -0.206853077889E+001     0.233471882512E+001
     0.565969289968E+000     0.264391629658E+001     0.116058538718E-001    -0.207706929099E+001     0.235548984228E+001
     0.575969289968E+000     0.263401619667E+001     0.813271556618E-002    -0.208497388749E+001     0.237633973976E+001
     0.585969289968E+000     0.263223556535E+001     0.527181815823E-002    -0.208668868934E+001     0.239720669325E+001
     0.595969289968E+000     0.264385758519E+001     0.329758355275E-002    -0.207844522627E+001     0.241799117167E+001
     0.605969289968E+000     0.266703762945E+001     0.186206481237E-002    -0.206154217194E+001     0.243860660180E+001
     0.615969289968E+000     0.269920688905E+001     0.120448391248E-002    -0.203820446950E+001     0.245898865006E+001
     0.625969289968E+000     0.272861040760E+001     0.759204869190E-003    -0.201683308524E+001     0.247915698234E+001
     0.635969289968E+000     0.274779130301E+001    -0.113074474730E-003    -0.200317883968E+001     0.249918877077E+001
     0.645969289968E+000     0.275446636869E+001    -0.109520391805E-002    -0.199872878437E+001     0.251917606161E+001
     0.655969289968E+000     0.275225662590E+001    -0.273525206201E-002    -0.200077697710E+001     0.253918385008E+001
     0.665969289968E+000     0.274643696025E+001    -0.436804780269E-002    -0.200525750271E+001     0.255923647268E+001
     0.675969289968E+000     0.274833469103E+001    -0.535236599912E-002    -0.200412131727E+001     0.257927775732E+001
     0.685969289968E+000     0.275522087906E+001    -0.535222018468E-002    -0.199925174141E+001     0.259927034638E+001
     0.695969289968E+000     0.276606345009E+001    -0.450338621226E-002    -0.199081793486E+001     0.261917857666E+001
     0.705969289968E+000     0.278277476542E+001    -0.227149621447E-002    -0.197799628450E+001     0.263895855255E+001
     0.715969289968E+000     0.280307614938E+001     0.595958896529E-003    -0.196250779067E+001     0.265858363136E+001
     0.725969289968E+000     0.282585614203E+001     0.388722041789E-002    -0.194527909412E+001     0.267803646114E+001
     0.735969289968E+000     0.284885815363E+001     0.702517623026E-002    -0.192795282285E+001     0.269731611737E+001
     0.745969289968E+000     0.286841749874E+001     0.943403177594E-002    -0.191332737283E+001     0.271644962367E+001
     0.755969289968E+000     0.288105877743E+001     0.105138888077E-001    -0.190414805737E+001     0.273549139451E+001
