 #        time                      h  [L]            Darcian flow [L.T^{-1}]   in    x         z              directions   cumulative flux
 #-----------------------------------------------------------------------------------------------

     0.100000000000E-005    -0.280000000000E+003    -0.375037845478E-017     0.716788033952E-017     0.808973714751E-023
     0.205999994278E-005    -0.280000000000E+003    -0.375037845478E-017     0.716788033952E-017     0.166648580610E-022
     0.318359982147E-005    -0.280000000000E+003    -0.750075690956E-017     0.143357606790E-016     0.348441134162E-022
     0.437461562859E-005    -0.280000000000E+003    -0.112511353643E-016     0.119836244822E-016     0.544215769088E-022
     0.563709231599E-005    -0.280000000000E+003     0.174879866687E-032     0.142800248046E-016     0.724497753201E-022
     0.697531753239E-005    -0.280000000000E+003     0.375037845478E-017     0.118721527333E-016     0.891112623268E-022
     0.839383618521E-005    -0.280000000000E+003     0.750075690956E-017     0.142242889302E-016     0.111922160369E-021
     0.989746587602E-005    -0.280000000000E+003     0.112511353643E-016     0.165764251271E-016     0.142046056260E-021
     0.114913132622E-004    -0.280000000000E+003     0.750075690956E-017     0.142242889302E-016     0.167676378533E-021
     0.131807914004E-004    -0.280000000000E+003     0.375037845478E-017     0.213921692697E-016     0.204369192885E-021
     0.149716381303E-004    -0.280000000000E+003     0.375037845478E-017     0.213921692697E-016     0.243263573998E-021
     0.168699355614E-004    -0.280000000000E+003     0.375037845478E-017     0.118721527333E-016     0.266898204100E-021
     0.188821307298E-004    -0.280000000000E+003     0.116586577792E-032     0.952001653642E-017     0.286054335378E-021
     0.210150574931E-004    -0.280000000000E+003     0.116586577792E-032     0.952001653642E-017     0.306359833436E-021
     0.232759597402E-004    -0.280000000000E+003     0.116586577792E-032     0.952001653642E-017     0.327883660215E-021
     0.256725159928E-004    -0.280000000000E+003     0.375037845478E-017     0.261521775379E-016     0.391200010980E-021
     0.282128654833E-004    -0.280000000000E+003     0.750075690956E-017     0.285043137348E-016     0.466076020617E-021
     0.309056357980E-004    -0.280000000000E+003     0.750075690956E-017     0.237443054666E-016     0.533128347923E-021
     0.337599721774E-004    -0.280000000000E+003     0.112511353643E-016     0.308564499317E-016     0.626875312179E-021
     0.367855685763E-004    -0.280000000000E+003     0.112511353643E-016     0.403764664682E-016     0.753692458574E-021
     0.399927005860E-004    -0.280000000000E+003     0.150015138191E-016     0.474886109333E-016     0.913413222025E-021
     0.433922603327E-004    -0.280000000000E+003     0.112511353643E-016     0.498964830046E-016     0.108729819619E-020
     0.469957934698E-004    -0.280000000000E+003     0.112511353643E-016     0.498964830046E-016     0.127161625886E-020
     0.508155383889E-004    -0.280000000000E+003     0.750075690956E-017     0.475443468077E-016     0.145546968325E-020
     0.548644677845E-004    -0.280000000000E+003     0.750075690956E-017     0.475443468077E-016     0.165035430258E-020
     0.591563327122E-004    -0.280000000000E+003     0.750075690956E-017     0.427843385395E-016     0.183677944707E-020
     0.637057092900E-004    -0.280000000000E+003     0.112511353643E-016     0.451364747364E-016     0.204840563889E-020
     0.685280482021E-004    -0.280000000000E+003     0.150015138191E-016     0.427286026650E-016     0.226678779507E-020
     0.736397271730E-004    -0.280000000000E+003     0.112511353643E-016     0.451364747364E-016     0.250457095853E-020
     0.790581065897E-004    -0.280000000000E+003     0.112511353643E-016     0.498964830046E-016     0.278171707011E-020
     0.848015884613E-004    -0.280000000000E+003     0.112511353643E-016     0.498964830046E-016     0.307549193252E-020
     0.908896789166E-004    -0.280000000000E+003     0.750075690956E-017     0.523043550759E-016     0.339718325135E-020
     0.973430544509E-004    -0.280000000000E+003     0.112511353643E-016     0.546564912728E-016     0.375729780199E-020
     0.104183632148E-003    -0.280000000000E+003     0.150015138191E-016     0.522486192015E-016     0.412914871290E-020
     0.111434644115E-003    -0.280000000000E+003     0.150015138191E-016     0.522486192015E-016     0.452331065718E-020
     0.119120716386E-003    -0.280000000000E+003     0.225022707287E-016     0.474328750588E-016     0.492682797451E-020
     0.127267952553E-003    -0.280000000000E+003     0.150015138191E-016     0.427286026650E-016     0.529577985315E-020
     0.135904022424E-003    -0.280000000000E+003     0.187518922739E-016     0.498407471302E-016     0.575566444304E-020
     0.145058255993E-003    -0.280000000000E+003     0.112511353643E-016     0.498964830046E-016     0.622389673964E-020
     0.154761743052E-003    -0.280000000000E+003     0.750075690956E-017     0.380243302713E-016     0.659997553842E-020
     0.165047438780E-003    -0.280000000000E+003     0.112511353643E-016     0.403764664682E-016     0.703109800451E-020
     0.175950275662E-003    -0.280000000000E+003     0.750075690956E-017     0.523043550759E-016     0.760719785083E-020
     0.187507282134E-003    -0.280000000000E+003     0.750075690956E-017     0.427843385395E-016     0.810919794582E-020
     0.199757708333E-003    -0.280000000000E+003     0.112511353643E-016     0.451364747364E-016     0.867905867295E-020
     0.212743159403E-003    -0.280000000000E+003     0.112511353643E-016     0.498964830046E-016     0.934325491953E-020
     0.226507736794E-003    -0.280000000000E+003     0.150015138191E-016     0.474886109333E-016     0.100287548624E-019
     0.241098188040E-003    -0.280000000000E+003     0.112511353643E-016     0.451364747364E-016     0.107074679963E-019
     0.256564065527E-003    -0.280000000000E+003     0.150015138191E-016     0.474886109333E-016     0.114776956489E-019
     0.272957894778E-003    -0.280000000000E+003     0.750075690956E-017     0.523043550759E-016     0.123439364827E-019
     0.290335352846E-003    -0.280000000000E+003     0.750075690956E-017     0.475443468077E-016     0.131803549454E-019
     0.308755457403E-003    -0.280000000000E+003     0.750075690956E-017     0.523043550759E-016     0.141536630412E-019
     0.328280767180E-003    -0.280000000000E+003     0.750075690956E-017     0.570643633441E-016     0.152774464678E-019
     0.348977594427E-003    -0.280000000000E+003     0.375037845478E-017     0.499522188790E-016     0.163142086812E-019
     0.370916230124E-003    -0.280000000000E+003     0.375037845478E-017     0.594722354154E-016     0.176215400862E-019
     0.394171182707E-003    -0.280000000000E+003     0.750075690956E-017     0.618243716123E-016     0.190698054877E-019
     0.418821431115E-003    -0.280000000000E+003     0.699519466749E-032     0.571200992185E-016     0.204778301226E-019
     0.444950693017E-003    -0.280000000000E+003     0.757812755645E-032     0.618801074867E-016     0.220947116576E-019
     0.472647709137E-003    -0.280000000000E+003     0.750075690956E-017     0.618243716123E-016     0.238196186437E-019
     0.502006544641E-003    -0.280000000000E+003     0.750075690956E-017     0.570643633441E-016     0.255093727701E-019
     0.533126908594E-003    -0.280000000000E+003     0.375037845478E-017     0.594722354154E-016     0.273638467536E-019
     0.566114492604E-003    -0.280000000000E+003     0.150015138191E-016     0.570086274697E-016     0.293084442725E-019
     0.601081329767E-003    -0.280000000000E+003     0.150015138191E-016     0.522486192015E-016     0.312092267541E-019
     0.638146175159E-003    -0.280000000000E+003     0.187518922739E-016     0.498407471302E-016     0.331829892962E-019
     0.677434909153E-003    -0.280000000000E+003     0.225022707287E-016     0.426728667906E-016     0.350783707286E-019
     0.719080964939E-003    -0.280000000000E+003     0.187518922739E-016     0.403207305937E-016     0.369302836766E-019
     0.763225781689E-003    -0.280000000000E+003     0.150015138191E-016     0.379685943968E-016     0.387324844408E-019
     0.810019284919E-003    -0.280000000000E+003     0.150015138191E-016     0.379685943968E-016     0.406428171477E-019
     0.859620395664E-003    -0.280000000000E+003     0.112511353643E-016     0.403764664682E-016     0.427218357918E-019
     0.912197570216E-003    -0.280000000000E+003     0.150015138191E-016     0.379685943968E-016     0.448682853896E-019
     0.967929372233E-003    -0.280000000000E+003     0.150015138191E-016     0.427286026650E-016     0.473921293819E-019
     0.102700507918E-002    -0.280000000000E+003     0.112511353643E-016     0.498964830046E-016     0.504138082291E-019
     0.108962532517E-002    -0.280000000000E+003     0.750075690956E-017     0.570643633441E-016     0.540179300287E-019
     0.115600278233E-002    -0.280000000000E+003     0.750075690956E-017     0.523043550759E-016     0.575252780044E-019
     0.122636288312E-002    -0.280000000000E+003     0.112511353643E-016     0.594164995410E-016     0.617801205945E-019
     0.130094458593E-002    -0.280000000000E+003     0.112511353643E-016     0.546564912728E-016     0.659419667869E-019
     0.138000118665E-002    -0.280000000000E+003     0.187518922739E-016     0.593607636666E-016     0.708634124055E-019
     0.146380117888E-002    -0.280000000000E+003     0.225022707287E-016     0.617128998635E-016     0.763680158105E-019
     0.155262916586E-002    -0.280000000000E+003     0.187518922739E-016     0.546007553984E-016     0.814961501679E-019
     0.164678682697E-002    -0.280000000000E+003     0.112511353643E-016     0.546564912728E-016     0.867503839623E-019
     0.174659394236E-002    -0.280000000000E+003     0.150015138191E-016     0.570086274697E-016     0.926339512127E-019
     0.185238947896E-002    -0.280000000000E+003     0.187518922739E-016     0.641207719348E-016     0.997017794737E-019
     0.196453274170E-002    -0.280000000000E+003     0.187518922739E-016     0.641207719348E-016     0.107193677026E-018
     0.208340459379E-002    -0.280000000000E+003     0.225022707287E-016     0.569528915953E-016     0.114473046104E-018
     0.220940875020E-002    -0.280000000000E+003     0.262526491835E-016     0.640650360604E-016     0.123196985013E-018
     0.234297314879E-002    -0.280000000000E+003     0.225022707287E-016     0.712329163999E-016     0.133174594750E-018
     0.248455140365E-002    -0.280000000000E+003     0.262526491835E-016     0.735850525968E-016     0.144235799961E-018
     0.263462434571E-002    -0.280000000000E+003     0.262526491835E-016     0.688250443286E-016     0.155290471055E-018
     0.279370165569E-002    -0.280000000000E+003     0.262526491835E-016     0.735850525968E-016     0.167718839888E-018
     0.296232359518E-002    -0.280000000000E+003     0.262526491835E-016     0.783450608650E-016     0.181651492457E-018
     0.314106284138E-002    -0.280000000000E+003     0.262526491835E-016     0.783450608650E-016     0.196420103383E-018
     0.333052643213E-002    -0.280000000000E+003     0.262526491835E-016     0.783450608650E-016     0.212074830120E-018
     0.353135782749E-002    -0.280000000000E+003     0.225022707287E-016     0.759929246681E-016     0.227991623232E-018
     0.374423909507E-002    -0.280000000000E+003     0.262526491835E-016     0.735850525968E-016     0.244623579803E-018
     0.396989322653E-002    -0.280000000000E+003     0.262526491835E-016     0.735850525968E-016     0.262253452817E-018
     0.420908659296E-002    -0.280000000000E+003     0.262526491835E-016     0.783450608650E-016     0.282017180370E-018
     0.446263154769E-002    -0.280000000000E+003     0.262526491835E-016     0.783450608650E-016     0.302966730445E-018
     0.473138918520E-002    -0.280000000000E+003     0.262526491835E-016     0.783450608650E-016     0.325173252325E-018
     0.501627226558E-002    -0.280000000000E+003     0.300030276382E-016     0.806971970619E-016     0.349700046472E-018
     0.531824831448E-002    -0.280000000000E+003     0.375037845478E-016     0.806414611875E-016     0.376556532370E-018
     0.563834290904E-002    -0.280000000000E+003     0.337534060930E-016     0.735293167224E-016     0.402454248075E-018
     0.597764316095E-002    -0.280000000000E+003     0.337534060930E-016     0.687693084542E-016     0.428446751763E-018
     0.633730140856E-002    -0.280000000000E+003     0.262526491835E-016     0.688250443286E-016     0.454939892892E-018
     0.671853913045E-002    -0.280000000000E+003     0.300030276382E-016     0.616571639890E-016     0.481081204022E-018
     0.712265109384E-002    -0.280000000000E+003     0.412541630026E-016     0.639535643115E-016     0.511836127282E-018
     0.755100975191E-002    -0.280000000000E+003     0.412541630026E-016     0.544335477751E-016     0.541093108574E-018
     0.800506990496E-002    -0.280000000000E+003     0.412541630026E-016     0.496735395069E-016     0.570412059535E-018
     0.848637364120E-002    -0.280000000000E+003     0.412541630026E-016     0.639535643115E-016     0.607041659285E-018
     0.899655557408E-002    -0.280000000000E+003     0.412541630026E-016     0.639535643115E-016     0.645869032924E-018
     0.953734839373E-002    -0.280000000000E+003     0.375037845478E-016     0.663614363828E-016     0.687091403588E-018
     0.101105887516E-001    -0.280000000000E+003     0.337534060930E-016     0.592492919177E-016     0.726180221893E-018
     0.107182234982E-001    -0.280000000000E+003     0.300030276382E-016     0.711771805255E-016     0.773115326435E-018
     0.113623162948E-001    -0.280000000000E+003     0.300030276382E-016     0.664171722573E-016     0.820056491460E-018
     0.120450546223E-001    -0.280000000000E+003     0.300030276382E-016     0.664171722573E-016     0.869814123701E-018
     0.127687572104E-001    -0.280000000000E+003     0.300030276382E-016     0.711771805255E-016     0.925714575119E-018
     0.135358819124E-001    -0.280000000000E+003     0.337534060930E-016     0.640093001859E-016     0.981226439540E-018
     0.143490340526E-001    -0.280000000000E+003     0.300030276382E-016     0.664171722573E-016     0.104048856606E-017
     0.152109752747E-001    -0.280000000000E+003     0.262526491835E-016     0.735850525968E-016     0.110783018393E-017
     0.161246329208E-001    -0.280000000000E+003     0.262526491835E-016     0.783450608650E-016     0.118332258183E-017
     0.170931099734E-001    -0.280000000000E+003     0.225022707287E-016     0.807529329363E-016     0.126450954795E-017
     0.181196955938E-001    -0.280000000000E+003     0.262526491835E-016     0.783450608650E-016     0.134933279707E-017
     0.192078762926E-001    -0.280000000000E+003     0.300030276382E-016     0.806971970619E-016     0.144301889440E-017
     0.203613477710E-001    -0.280000000000E+003     0.300030276382E-016     0.806971970619E-016     0.154232615220E-017
     0.215840274722E-001    -0.280000000000E+003     0.300030276382E-016     0.854572053301E-016     0.165306554001E-017
     0.228800678855E-001    -0.280000000000E+003     0.262526491835E-016     0.878650774014E-016     0.177191656868E-017
     0.242538706494E-001    -0.280000000000E+003     0.262526491835E-016     0.878650774014E-016     0.189789865228E-017
     0.257101015006E-001    -0.280000000000E+003     0.300030276382E-016     0.854572053301E-016     0.202979101363E-017
     0.272537061195E-001    -0.280000000000E+003     0.337534060930E-016     0.878093415270E-016     0.217500288826E-017
     0.288899269272E-001    -0.280000000000E+003     0.300030276382E-016     0.902172135983E-016     0.233056719828E-017
     0.306243208897E-001    -0.280000000000E+003     0.300030276382E-016     0.902172135983E-016     0.249546535800E-017
     0.324627783907E-001    -0.280000000000E+003     0.262526491835E-016     0.926250856696E-016     0.267246029943E-017
     0.344115432366E-001    -0.280000000000E+003     0.112511353643E-016     0.832165408820E-016     0.283610527578E-017
     0.364772338618E-001    -0.280000000000E+003     0.112511353643E-016     0.832165408820E-016     0.300956894134E-017
     0.386668658063E-001    -0.280000000000E+003     0.187518922739E-016     0.879208132758E-016     0.320641311284E-017
     0.409878755421E-001    -0.280000000000E+003     0.187518922739E-016     0.974408298122E-016     0.343672405389E-017
     0.434481457293E-001    -0.280000000000E+003     0.150015138191E-016     0.950886936154E-016     0.367356138644E-017
     0.460560319869E-001    -0.280000000000E+003     0.150015138191E-016     0.998487018836E-016     0.393687795442E-017
     0.488203912708E-001    -0.280000000000E+003     0.150015138191E-016     0.109368718420E-015     0.424204321197E-017
     0.517506119535E-001    -0.280000000000E+003     0.112511353643E-016     0.107016582223E-015     0.455735370535E-017
     0.548566457095E-001    -0.280000000000E+003     0.150015138191E-016     0.114128726688E-015     0.491489059440E-017
     0.581490413132E-001    -0.280000000000E+003     0.150015138191E-016     0.109368718420E-015     0.527834723993E-017
     0.616389804647E-001    -0.280000000000E+003     0.375037845478E-017     0.111832326366E-015     0.566885466018E-017
     0.653383157655E-001    -0.280000000000E+003    -0.375037845478E-017     0.111888062240E-015     0.608299857320E-017
     0.692596109728E-001    -0.280000000000E+003    -0.375037845478E-017     0.107128053972E-015     0.650333664149E-017
     0.734161836681E-001    -0.280000000000E+003    -0.375037845478E-017     0.107128053972E-015     0.694889496982E-017
     0.778221504872E-001    -0.280000000000E+003     0.145733222239E-031     0.119000206705E-015     0.747320593204E-017
     0.824924750635E-001    -0.280000000000E+003     0.151562551129E-031     0.123760214973E-015     0.805120630558E-017
     0.874430188470E-001    -0.280000000000E+003    -0.375037845478E-017     0.126168087045E-015     0.867608282933E-017
     0.926905949743E-001    -0.280000000000E+003    -0.750075690956E-017     0.119055942580E-015     0.930207662690E-017
     0.982530253690E-001    -0.280000000000E+003    -0.750075690956E-017     0.114295934311E-015     0.993920736829E-017
     0.104149201269E+000    -0.280000000000E+003    -0.375037845478E-017     0.111888062240E-015     0.105992895616E-016
     0.110399147386E+000    -0.280000000000E+003    -0.750075690956E-017     0.104775917775E-015     0.112558092693E-016
     0.117024089912E+000    -0.280000000000E+003    -0.375037845478E-017     0.976080374355E-016     0.119029340591E-016
     0.124046528610E+000    -0.280000000000E+003    -0.375037845478E-017     0.976080374355E-016     0.125888862993E-016
     0.131490313229E+000    -0.280000000000E+003    -0.375037845478E-017     0.976080374355E-016     0.133159956347E-016
     0.139380724499E+000    -0.280000000000E+003     0.116586577792E-031     0.952001653642E-016     0.140671640924E-016
     0.147744559993E+000    -0.280000000000E+003     0.122415906681E-031     0.999601736324E-016     0.149032145406E-016
     0.156610225139E+000    -0.280000000000E+003     0.116586577792E-031     0.952001653642E-016     0.157472273286E-016
     0.166007829686E+000    -0.280000000000E+003     0.375037845478E-017     0.975523015611E-016     0.166646625164E-016
     0.175969289968E+000    -0.280000000000E+003     0.375037845478E-017     0.975523015611E-016     0.176371437630E-016
     0.185969289968E+000    -0.280000000000E+003    -0.375037845478E-017     0.976080374355E-016     0.186139443727E-016
     0.195969289968E+000    -0.280000000000E+003    -0.112511353643E-016     0.929037650417E-016     0.195497700832E-016
     0.205969289968E+000    -0.280000000000E+003    -0.112511353643E-016     0.929037650417E-016     0.204855957938E-016
     0.215969289968E+000    -0.280000000000E+003    -0.150015138191E-016     0.100071645381E-015     0.214974939916E-016
     0.225969289968E+000    -0.280000000000E+003    -0.150015138191E-016     0.100071645381E-015     0.225093921893E-016
     0.235969289968E+000    -0.280000000000E+003    -0.150015138191E-016     0.100071645381E-015     0.235212903871E-016
     0.245969289968E+000    -0.280000000000E+003    -0.187518922739E-016     0.102479517453E-015     0.245631005887E-016
     0.255969289968E+000    -0.280000000000E+003    -0.187518922739E-016     0.102479517453E-015     0.256049107902E-016
     0.265969289968E+000    -0.280000000000E+003    -0.187518922739E-016     0.102479517453E-015     0.266467209918E-016
     0.275969289968E+000    -0.280000000000E+003    -0.187518922739E-016     0.102479517453E-015     0.276885311934E-016
     0.285969289968E+000    -0.280000000000E+003    -0.187518922739E-016     0.102479517453E-015     0.287303413950E-016
     0.295969289968E+000    -0.280000000000E+003    -0.187518922739E-016     0.102479517453E-015     0.297721515966E-016
     0.305969289968E+000    -0.280000000000E+003    -0.187518922739E-016     0.102479517453E-015     0.308139617981E-016
     0.315969289968E+000    -0.280000000000E+003    -0.187518922739E-016     0.102479517453E-015     0.318557719997E-016
     0.325969289968E+000    -0.280000000000E+003    -0.187518922739E-016     0.102479517453E-015     0.328975822013E-016
     0.335969289968E+000    -0.280000000000E+003    -0.187518922739E-016     0.102479517453E-015     0.339393924029E-016
     0.345969289968E+000    -0.280000000000E+003    -0.187518922739E-016     0.102479517453E-015     0.349812026045E-016
     0.355969289968E+000    -0.280000000000E+003    -0.187518922739E-016     0.102479517453E-015     0.360230128060E-016
     0.365969289968E+000    -0.280000000000E+003    -0.187518922739E-016     0.102479517453E-015     0.370648230076E-016
     0.375969289968E+000    -0.280000000000E+003    -0.187518922739E-016     0.102479517453E-015     0.381066332092E-016
     0.385969289968E+000    -0.280000000000E+003    -0.187518922739E-016     0.102479517453E-015     0.391484434108E-016
     0.395969289968E+000    -0.280000000000E+003    -0.187518922739E-016     0.102479517453E-015     0.401902536124E-016
     0.405969289968E+000    -0.280000000000E+003    -0.187518922739E-016     0.102479517453E-015     0.412320638139E-016
     0.415969289968E+000    -0.280000000000E+003    -0.187518922739E-016     0.102479517453E-015     0.422738740155E-016
     0.425969289968E+000    -0.280000000000E+003    -0.187518922739E-016     0.977195091844E-016     0.432688984343E-016
     0.435969289968E+000    -0.280000000000E+003    -0.225022707287E-016     0.953673729875E-016     0.442487600581E-016
     0.445969289968E+000    -0.280000000000E+003    -0.262526491835E-016     0.930152367906E-016     0.452152504028E-016
     0.455969289968E+000    -0.280000000000E+003    -0.300030276382E-016     0.100183117130E-015     0.462610438158E-016
     0.465969289968E+000    -0.280000000000E+003    -0.337534060930E-016     0.102590989201E-015     0.473410532365E-016
     0.475969289968E+000    -0.280000000000E+003    -0.375037845478E-016     0.104998861273E-015     0.484560103981E-016
     0.485969289968E+000    -0.280000000000E+003    -0.412541630026E-016     0.112166741612E-015     0.496511373324E-016
     0.495969289968E+000    -0.280000000000E+003    -0.487549199121E-016     0.121742494023E-015     0.509625593494E-016
     0.505969289968E+000    -0.280000000000E+003    -0.487549199121E-016     0.126502502291E-015     0.523182851809E-016
     0.515969289968E+000    -0.280000000000E+003    -0.525052983669E-016     0.133670382631E-015     0.537544111346E-016
     0.525969289968E+000    -0.280000000000E+003    -0.525052983669E-016     0.138430390899E-015     0.552349441292E-016
     0.535969289968E+000    -0.280000000000E+003    -0.600060552765E-016     0.138486126773E-015     0.567442199150E-016
     0.545969289968E+000    -0.280000000000E+003    -0.637564337313E-016     0.136133990577E-015     0.582474612873E-016
     0.555969289968E+000    -0.280000000000E+003    -0.675068121860E-016     0.143301870916E-015     0.598315255505E-016
     0.565969289968E+000    -0.280000000000E+003    -0.750075690956E-016     0.148117615059E-015     0.614917955078E-016
     0.575969289968E+000    -0.280000000000E+003    -0.787579475504E-016     0.145765478862E-015     0.631486114038E-016
     0.585969289968E+000    -0.280000000000E+003    -0.825083260052E-016     0.143413342665E-015     0.648031509383E-016
     0.595969289968E+000    -0.280000000000E+003    -0.862587044599E-016     0.145821214736E-015     0.664973879572E-016
     0.605969289968E+000    -0.280000000000E+003    -0.862587044599E-016     0.150581223004E-015     0.682327630987E-016
     0.615969289968E+000    -0.280000000000E+003    -0.862587044599E-016     0.150581223004E-015     0.699681382402E-016
     0.625969289968E+000    -0.280000000000E+003    -0.862587044599E-016     0.150581223004E-015     0.717035133817E-016
     0.635969289968E+000    -0.280000000000E+003    -0.862587044599E-016     0.150581223004E-015     0.734388885232E-016
     0.645969289968E+000    -0.280000000000E+003    -0.862587044599E-016     0.150581223004E-015     0.751742636646E-016
     0.655969289968E+000    -0.280000000000E+003    -0.862587044599E-016     0.150581223004E-015     0.769096388061E-016
     0.665969289968E+000    -0.280000000000E+003    -0.862587044599E-016     0.150581223004E-015     0.786450139476E-016
     0.675969289968E+000    -0.280000000000E+003    -0.862587044599E-016     0.150581223004E-015     0.803803890891E-016
     0.685969289968E+000    -0.280000000000E+003    -0.862587044599E-016     0.150581223004E-015     0.821157642306E-016
     0.695969289968E+000    -0.280000000000E+003    -0.862587044599E-016     0.150581223004E-015     0.838511393720E-016
     0.705969289968E+000    -0.280000000000E+003    -0.862587044599E-016     0.150581223004E-015     0.855865145135E-016
     0.715969289968E+000    -0.280000000000E+003    -0.862587044599E-016     0.150581223004E-015     0.873218896550E-016
     0.725969289968E+000    -0.280000000000E+003    -0.862587044599E-016     0.150581223004E-015     0.890572647965E-016
     0.735969289968E+000    -0.280000000000E+003    -0.862587044599E-016     0.150581223004E-015     0.907926399379E-016
     0.745969289968E+000    -0.280000000000E+003    -0.862587044599E-016     0.150581223004E-015     0.925280150794E-016
     0.755969289968E+000    -0.280000000000E+003    -0.862587044599E-016     0.150581223004E-015     0.942633902209E-016
