 #        time                      h  [L]            Darcian flow [L.T^{-1}]   in    x         z              directions   cumulative flux
 #-----------------------------------------------------------------------------------------------

     0.100000000000E-005     0.400000000000E+001    -0.179790777159E-012    -0.146810310764E+004     0.146810310764E-002
     0.205999994278E-005     0.400000000000E+001    -0.179361001536E-012    -0.146459372336E+004     0.302057237060E-002
     0.318359982147E-005     0.400000000000E+001    -0.178905025980E-012    -0.146087040038E+004     0.466200617525E-002
     0.437461562859E-005     0.400000000000E+001    -0.178421231108E-012    -0.145691991546E+004     0.639722082427E-002
     0.563709231599E-005     0.400000000000E+001    -0.177907895308E-012    -0.145272821055E+004     0.823125632322E-002
     0.697531753239E-005     0.400000000000E+001    -0.177363188148E-012    -0.144828033904E+004     0.101693815933E-001
     0.839383618521E-005     0.400000000000E+001    -0.176785163372E-012    -0.144356040856E+004     0.122170989594E-001
     0.989746587602E-005     0.400000000000E+001    -0.176171751475E-012    -0.143855152030E+004     0.143801477370E-001
     0.114913132622E-004     0.400000000000E+001    -0.175520751816E-012    -0.143323570468E+004     0.166645067188E-001
     0.131807914004E-004     0.400000000000E+001    -0.174829824289E-012    -0.142759385327E+004     0.190763953241E-001
     0.149716381303E-004     0.400000000000E+001    -0.174096480510E-012    -0.142160564688E+004     0.216222731479E-001
     0.168699355614E-004     0.400000000000E+001    -0.173318074546E-012    -0.141524947983E+004     0.243088375999E-001
     0.188821307298E-004     0.400000000000E+001    -0.172491793172E-012    -0.140850238037E+004     0.271430192843E-001
     0.210150574931E-004     0.400000000000E+001    -0.171614645679E-012    -0.140133992755E+004     0.301319747203E-001
     0.232759597402E-004     0.400000000000E+001    -0.170683453278E-012    -0.139373616456E+004     0.332830759466E-001
     0.256725159928E-004     0.400000000000E+001    -0.169694838122E-012    -0.138566350919E+004     0.366038964935E-001
     0.282128654833E-004     0.400000000000E+001    -0.168645212059E-012    -0.137709266196E+004     0.401021931358E-001
     0.309056357980E-004     0.400000000000E+001    -0.167530765200E-012    -0.136799251275E+004     0.437858827648E-001
     0.337599721774E-004     0.400000000000E+001    -0.166347454465E-012    -0.135833004733E+004     0.476630136342E-001
     0.367855685763E-004     0.400000000000E+001    -0.165090992323E-012    -0.134807025534E+004     0.517417301442E-001
     0.399927005860E-004     0.400000000000E+001    -0.163756835994E-012    -0.133717604217E+004     0.560302302316E-001
     0.433922603327E-004     0.400000000000E+001    -0.162340177491E-012    -0.132560814762E+004     0.605367143302E-001
     0.469957934698E-004     0.400000000000E+001    -0.160835934989E-012    -0.131332507545E+004     0.652693247593E-001
     0.508155383889E-004     0.400000000000E+001    -0.159238746135E-012    -0.130028303872E+004     0.702360742898E-001
     0.548644677845E-004     0.400000000000E+001    -0.157542964126E-012    -0.128643592778E+004     0.754447625334E-001
     0.591563327122E-004     0.400000000000E+001    -0.155742657572E-012    -0.127173530915E+004     0.809028787041E-001
     0.637057092900E-004     0.400000000000E+001    -0.153831615465E-012    -0.125613046612E+004     0.866174892253E-001
     0.685280482021E-004     0.400000000000E+001    -0.151803358899E-012    -0.123956849440E+004     0.925951086101E-001
     0.736397271730E-004     0.400000000000E+001    -0.149651161606E-012    -0.122199446984E+004     0.988415520441E-001
     0.790581065897E-004     0.400000000000E+001    -0.147368081850E-012    -0.120335170886E+004     0.105361768174E+000
     0.848015884613E-004     0.400000000000E+001    -0.144947008819E-012    -0.118358214728E+004     0.112159650781E+000
     0.908896789166E-004     0.400000000000E+001    -0.142380727276E-012    -0.116262686821E+004     0.119237828320E+000
     0.973430544509E-004     0.400000000000E+001    -0.139662004943E-012    -0.114042681564E+004     0.126597430831E+000
     0.104183632148E-003     0.400000000000E+001    -0.136783707837E-012    -0.111692373615E+004     0.134237834430E+000
     0.111434644115E-003     0.400000000000E+001    -0.133738949387E-012    -0.109206139664E+004     0.142156384686E+000
     0.119120716386E-003     0.400000000000E+001    -0.130521279663E-012    -0.106578712943E+004     0.150348101588E+000
     0.127267952553E-003     0.400000000000E+001    -0.127124921066E-012    -0.103805375684E+004     0.158805370699E+000
     0.135904022424E-003     0.400000000000E+001    -0.123545056179E-012    -0.100882194168E+004     0.167517627475E+000
     0.145058255993E-003     0.400000000000E+001    -0.119778171672E-012    -0.978062995433E+003     0.176471044580E+000
     0.154761743052E-003     0.400000000000E+001    -0.115822458667E-012    -0.945762147484E+003     0.185648235339E+000
     0.165047438780E-003     0.400000000000E+001    -0.111678264181E-012    -0.911922231446E+003     0.195027989939E+000
     0.175950275662E-003     0.400000000000E+001    -0.107348579519E-012    -0.876567673173E+003     0.204585064296E+000
     0.187507282134E-003     0.400000000000E+001    -0.102839539392E-012    -0.839748566395E+003     0.214290043913E+000
     0.199757708333E-003     0.400000000000E+001    -0.981608902040E-013    -0.801544496522E+003     0.224109305612E+000
     0.212743159403E-003     0.400000000000E+001    -0.933263684241E-013    -0.762067630350E+003     0.234005097538E+000
     0.226507736794E-003     0.400000000000E+001    -0.883539129981E-013    -0.721464450482E+003     0.243935750802E+000
     0.241098188040E-003     0.400000000000E+001    -0.832656237364E-013    -0.679915415566E+003     0.253856023524E+000
     0.256564065527E-003     0.400000000000E+001    -0.780873772846E-013    -0.637631824449E+003     0.263717559203E+000
     0.272957894778E-003     0.400000000000E+001    -0.728480312624E-013    -0.594849317478E+003     0.273469417344E+000
     0.290335352846E-003     0.400000000000E+001    -0.675781926767E-013    -0.551817819830E+003     0.283058608369E+000
     0.308755457403E-003     0.400000000000E+001    -0.623086024451E-013    -0.508788350147E+003     0.292430542976E+000
     0.328280767180E-003     0.400000000000E+001    -0.570682911775E-013    -0.465997961349E+003     0.301529297527E+000
     0.348977594427E-003     0.400000000000E+001    -0.518827829163E-013    -0.423655073058E+003     0.310297613386E+000
     0.370916230124E-003     0.400000000000E+001    -0.467727531890E-013    -0.381928513769E+003     0.318676603912E+000
     0.394171182707E-003     0.400000000000E+001    -0.417536901624E-013    -0.340944753960E+003     0.326605257999E+000
     0.418821431115E-003     0.400000000000E+001    -0.368373043107E-013    -0.300799416912E+003     0.334020038347E+000
     0.444950693017E-003     0.400000000000E+001    -0.320357683260E-013    -0.261591900198E+003     0.340855241618E+000
     0.472647709137E-003     0.400000000000E+001    -0.273703994641E-013    -0.223496272421E+003     0.347045421479E+000
     0.502006544641E-003     0.400000000000E+001    -0.228867912491E-013    -0.186884832958E+003     0.352532142547E+000
     0.533126908594E-003     0.400000000000E+001    -0.186768967340E-013    -0.152508435469E+003     0.357278260565E+000
     0.566114492604E-003     0.400000000000E+001    -0.149003329639E-013    -0.121670452038E+003     0.361291874823E+000
     0.601081329767E-003     0.400000000000E+001    -0.117831449183E-013    -0.962166799974E+002     0.364656267805E+000
     0.638146175159E-003     0.400000000000E+001    -0.954066970369E-014    -0.779054802603E+002     0.367543822386E+000
     0.677434909153E-003     0.400000000000E+001    -0.819433937879E-014    -0.669118588682E+002     0.370172704610E+000
     0.719080964939E-003     0.400000000000E+001    -0.758137961692E-014    -0.619066625757E+002     0.372750872933E+000
     0.763225781689E-003     0.400000000000E+001    -0.745128622968E-014    -0.608443694530E+002     0.375436836473E+000
     0.810019284919E-003     0.400000000000E+001    -0.758203375582E-014    -0.619120040252E+002     0.378333916033E+000
     0.859620395664E-003     0.400000000000E+001    -0.782556222672E-014    -0.639005648989E+002     0.381503455030E+000
     0.912197570216E-003     0.400000000000E+001    -0.809638907993E-014    -0.661120339805E+002     0.384979438980E+000
     0.967929372233E-003     0.400000000000E+001    -0.834592199692E-014    -0.681496248774E+002     0.388777540381E+000
     0.102700507918E-002     0.400000000000E+001    -0.854231815494E-014    -0.697533212097E+002     0.392898267144E+000
     0.108962532517E-002     0.400000000000E+001    -0.866402794222E-014    -0.707471570436E+002     0.397328471521E+000
     0.115600278233E-002     0.400000000000E+001    -0.869552464556E-014    -0.710043471442E+002     0.402041559532E+000
     0.122636288312E-002     0.400000000000E+001    -0.862429765485E-014    -0.704227346273E+002     0.406996510238E+000
     0.130094458593E-002     0.400000000000E+001    -0.843773694959E-014    -0.688993508615E+002     0.412135141148E+000
     0.138000118665E-002     0.400000000000E+001    -0.812082375172E-014    -0.663115582172E+002     0.417377507529E+000
     0.146380117888E-002     0.400000000000E+001    -0.765954640990E-014    -0.625449428785E+002     0.422618773256E+000
     0.155262916586E-002     0.400000000000E+001    -0.706030724643E-014    -0.576517837742E+002     0.427739865155E+000
     0.164678682697E-002     0.400000000000E+001    -0.638785715396E-014    -0.521608120677E+002     0.432651205220E+000
     0.174659394236E-002     0.400000000000E+001    -0.578012002175E-014    -0.471982617827E+002     0.437361927580E+000
     0.185238947896E-002     0.400000000000E+001    -0.539105748948E-014    -0.440213251138E+002     0.442019187293E+000
     0.196453274170E-002     0.400000000000E+001    -0.526157360202E-014    -0.429640089345E+002     0.446837311435E+000
     0.208340459379E-002     0.400000000000E+001    -0.529815359131E-014    -0.432627072148E+002     0.451980029568E+000
     0.220940875020E-002     0.400000000000E+001    -0.538106956593E-014    -0.439397675287E+002     0.457516622909E+000
     0.234297314879E-002     0.400000000000E+001    -0.543717736798E-014    -0.443979225011E+002     0.463446604726E+000
     0.248455140365E-002     0.400000000000E+001    -0.543538246476E-014    -0.443832660041E+002     0.469730310072E+000
     0.263462434571E-002     0.400000000000E+001    -0.536201109784E-014    -0.437841433266E+002     0.476301125276E+000
     0.279370165569E-002     0.400000000000E+001    -0.520659139260E-014    -0.425150451234E+002     0.483064304288E+000
     0.296232359518E-002     0.400000000000E+001    -0.496014959244E-014    -0.405026951109E+002     0.489893947292E+000
     0.314106284138E-002     0.400000000000E+001    -0.462449917883E-014    -0.377619014891E+002     0.496643481100E+000
     0.333052643213E-002     0.400000000000E+001    -0.423392127240E-014    -0.345725908511E+002     0.503193728304E+000
     0.353135782749E-002     0.400000000000E+001    -0.387255505569E-014    -0.316218117614E+002     0.509544380884E+000
     0.374423909507E-002     0.400000000000E+001    -0.364092313890E-014    -0.297303936240E+002     0.515873424764E+000
     0.396989322653E-002     0.400000000000E+001    -0.357317418670E-014    -0.291771814468E+002     0.522457376302E+000
     0.420908659296E-002     0.400000000000E+001    -0.361225412449E-014    -0.294962933558E+002     0.529512694007E+000
     0.446263154769E-002     0.400000000000E+001    -0.368076797767E-014    -0.300557514235E+002     0.537133178141E+000
     0.473138918520E-002     0.400000000000E+001    -0.372752369787E-014    -0.304375408523E+002     0.545313499712E+000
     0.501627226558E-002     0.400000000000E+001    -0.372870479325E-014    -0.304471852279E+002     0.553987387629E+000
     0.531824831448E-002     0.400000000000E+001    -0.367384097198E-014    -0.299991881295E+002     0.563046423930E+000
     0.563834290904E-002     0.400000000000E+001    -0.355508524670E-014    -0.290294740424E+002     0.572338601654E+000
     0.597764316095E-002     0.400000000000E+001    -0.336583816259E-014    -0.274841543287E+002     0.581663982141E+000
     0.633730140856E-002     0.400000000000E+001    -0.311322574441E-014    -0.254214173962E+002     0.590807004574E+000
     0.671853913045E-002     0.400000000000E+001    -0.283986724099E-014    -0.231892758219E+002     0.599647631261E+000
     0.712265109384E-002     0.400000000000E+001    -0.262010351591E-014    -0.213947688242E+002     0.608293513296E+000
     0.755100975191E-002     0.400000000000E+001    -0.250639801817E-014    -0.204662929746E+002     0.617060427091E+000
     0.800506990496E-002     0.400000000000E+001    -0.249247013755E-014    -0.203525631985E+002     0.626301715051E+000
     0.848637364120E-002     0.400000000000E+001    -0.252725031290E-014    -0.206365648827E+002     0.636234170833E+000
     0.899655557408E-002     0.400000000000E+001    -0.256411718263E-014    -0.209376057195E+002     0.646916158988E+000
     0.953734839373E-002     0.400000000000E+001    -0.257825197979E-014    -0.210530250974E+002     0.658301483793E+000
     0.101105887516E-001     0.400000000000E+001    -0.255936665221E-014    -0.208988146949E+002     0.670281527808E+000
     0.107182234982E-001     0.400000000000E+001    -0.250281862183E-014    -0.204370649854E+002     0.682699798611E+000
     0.113623162948E-001     0.400000000000E+001    -0.240700328736E-014    -0.196546734049E+002     0.695359232171E+000
     0.120450546223E-001     0.400000000000E+001    -0.227895358872E-014    -0.186090682661E+002     0.708064356316E+000
     0.127687572104E-001     0.400000000000E+001    -0.214338813419E-014    -0.175020923232E+002     0.720730665827E+000
     0.135358819124E-001     0.400000000000E+001    -0.203835840562E-014    -0.166444595049E+002     0.733499041865E+000
     0.143490340526E-001     0.400000000000E+001    -0.198774105078E-014    -0.162311374362E+002     0.746697426009E+000
     0.152109752747E-001     0.400000000000E+001    -0.197596219570E-014    -0.161349557854E+002     0.760604809517E+000
     0.161246329208E-001     0.400000000000E+001    -0.196804127295E-014    -0.160702765427E+002     0.775287540556E+000
     0.170931099734E-001     0.400000000000E+001    -0.193963581366E-014    -0.158383283654E+002     0.790626598129E+000
     0.181196955938E-001     0.400000000000E+001    -0.188345467347E-014    -0.153795745416E+002     0.806415048200E+000
     0.192078762926E-001     0.400000000000E+001    -0.180753830735E-014    -0.147596703687E+002     0.822476236616E+000
     0.203613477710E-001     0.400000000000E+001    -0.173292608976E-014    -0.141504153766E+002     0.838798337162E+000
     0.215840274722E-001     0.400000000000E+001    -0.167833195945E-014    -0.137046204720E+002     0.855554698425E+000
     0.228800678855E-001     0.400000000000E+001    -0.164378839446E-014    -0.134225508579E+002     0.872950866786E+000
     0.242538706494E-001     0.400000000000E+001    -0.161309542818E-014    -0.131719237686E+002     0.891046492066E+000
     0.257101015006E-001     0.400000000000E+001    -0.156994751789E-014    -0.128195943433E+002     0.909714780848E+000
     0.272537061195E-001     0.400000000000E+001    -0.151434264992E-014    -0.123655461393E+002     0.928802294984E+000
     0.288899269272E-001     0.400000000000E+001    -0.146225993038E-014    -0.119402584598E+002     0.948339194325E+000
     0.306243208897E-001     0.400000000000E+001    -0.142333513681E-014    -0.116224133996E+002     0.968497037955E+000
     0.324627783907E-001     0.400000000000E+001    -0.139063317492E-014    -0.113553816160E+002     0.989373424464E+000
     0.344115432366E-001     0.400000000000E+001    -0.135447768763E-014    -0.110601496576E+002     0.101092705531E+001
     0.364772338618E-001     0.400000000000E+001    -0.131115451886E-014    -0.107063891383E+002     0.103304314298E+001
     0.386668658063E-001     0.400000000000E+001    -0.126825894077E-014    -0.103561201618E+002     0.105571923451E+001
     0.409878755421E-001     0.400000000000E+001    -0.123326917923E-014    -0.100704070765E+002     0.107909274737E+001
     0.434481457293E-001     0.400000000000E+001    -0.120084498583E-014    -0.980564344485E+001     0.110321727961E+001
     0.460560319869E-001     0.400000000000E+001    -0.116559493608E-014    -0.951780494503E+001     0.112803863233E+001
     0.488203912708E-001     0.400000000000E+001    -0.112948138226E-014    -0.922291539931E+001     0.115353408414E+001
     0.517506119535E-001     0.400000000000E+001    -0.109590235636E-014    -0.894872184476E+001     0.117975581397E+001
     0.548566457095E-001     0.400000000000E+001    -0.106621831100E-014    -0.870633321982E+001     0.120679797884E+001
     0.581490413132E-001     0.400000000000E+001    -0.103469295656E-014    -0.844890916530E+001     0.123461513023E+001
     0.616389804647E-001     0.400000000000E+001    -0.100403163977E-014    -0.819854051366E+001     0.126322753776E+001
     0.653383157655E-001     0.400000000000E+001    -0.978422244885E-015    -0.798942393486E+001     0.129278309575E+001
     0.692596109728E-001     0.400000000000E+001    -0.950696842766E-015    -0.776302884577E+001     0.132322422356E+001
     0.734161836681E-001     0.400000000000E+001    -0.920643553929E-015    -0.751762511909E+001     0.135447177886E+001
     0.778221504872E-001     0.400000000000E+001    -0.893945122412E-015    -0.729961588137E+001     0.138663364423E+001
     0.824924750635E-001     0.400000000000E+001    -0.871852012738E-015    -0.711921195030E+001     0.141988267476E+001
     0.874430188470E-001     0.400000000000E+001    -0.845485148453E-015    -0.690391016448E+001     0.145406078431E+001
     0.926905949743E-001     0.400000000000E+001    -0.819398410594E-015    -0.669089578452E+001     0.148917176930E+001
     0.982530253690E-001     0.400000000000E+001    -0.797887167573E-015    -0.651524315524E+001     0.152541235585E+001
     0.104149201269E+000     0.400000000000E+001    -0.774857501338E-015    -0.632719165949E+001     0.156271859083E+001
     0.110399147386E+000     0.400000000000E+001    -0.751060491455E-015    -0.613287432734E+001     0.160104872492E+001
     0.117024089912E+000     0.400000000000E+001    -0.731022336769E-015    -0.596925037715E+001     0.164059466559E+001
     0.124046528610E+000     0.400000000000E+001    -0.708412280305E-015    -0.578462525520E+001     0.168121684184E+001
     0.131490313229E+000     0.400000000000E+001    -0.687986984065E-015    -0.561784005433E+001     0.172303483323E+001
     0.139380724499E+000     0.400000000000E+001    -0.669334174262E-015    -0.546552830357E+001     0.176616009935E+001
     0.147744559993E+000     0.400000000000E+001    -0.647742831869E-015    -0.528922161329E+001     0.181039827881E+001
     0.156610225139E+000     0.400000000000E+001    -0.630222239956E-015    -0.514615512322E+001     0.185602236692E+001
     0.166007829686E+000     0.400000000000E+001    -0.611094536638E-015    -0.498996557263E+001     0.190291609008E+001
     0.175969289968E+000     0.400000000000E+001    -0.592728641029E-015    -0.483999665407E+001     0.195112952451E+001
     0.185969289968E+000     0.400000000000E+001    -0.579479828697E-015    -0.473181189140E+001     0.199844764343E+001
     0.195969289968E+000     0.400000000000E+001    -0.566204032657E-015    -0.462340679004E+001     0.204468171133E+001
     0.205969289968E+000     0.400000000000E+001    -0.557798003606E-015    -0.455476635381E+001     0.209022937487E+001
     0.215969289968E+000     0.400000000000E+001    -0.547056750467E-015    -0.446705736583E+001     0.213489994852E+001
     0.225969289968E+000     0.400000000000E+001    -0.539836796463E-015    -0.440810196735E+001     0.217898096820E+001
     0.235969289968E+000     0.400000000000E+001    -0.531220469811E-015    -0.433774432090E+001     0.222235841141E+001
     0.245969289968E+000     0.400000000000E+001    -0.521226411981E-015    -0.425613664564E+001     0.226491977786E+001
     0.255969289968E+000     0.400000000000E+001    -0.503931298919E-015    -0.411491133010E+001     0.230606889116E+001
     0.265969289968E+000     0.400000000000E+001    -0.470780576784E-015    -0.384421514115E+001     0.234451104258E+001
     0.275969289968E+000     0.400000000000E+001    -0.425151915145E-015    -0.347162884385E+001     0.237922733101E+001
     0.285969289968E+000     0.400000000000E+001    -0.374902571793E-015    -0.306131181704E+001     0.240984044919E+001
     0.295969289968E+000     0.400000000000E+001    -0.336409054534E-015    -0.274698839509E+001     0.243731033314E+001
     0.305969289968E+000     0.400000000000E+001    -0.324274228459E-015    -0.264790002052E+001     0.246378933334E+001
     0.315969289968E+000     0.400000000000E+001    -0.326359938495E-015    -0.266493113543E+001     0.249043864470E+001
     0.325969289968E+000     0.400000000000E+001    -0.321742254980E-015    -0.262722488806E+001     0.251671089358E+001
     0.335969289968E+000     0.400000000000E+001    -0.305692618282E-015    -0.249616965884E+001     0.254167259016E+001
     0.345969289968E+000     0.400000000000E+001    -0.285203563528E-015    -0.232886383018E+001     0.256496122847E+001
     0.355969289968E+000     0.400000000000E+001    -0.272403719613E-015    -0.222434517285E+001     0.258720468019E+001
     0.365969289968E+000     0.400000000000E+001    -0.273966822804E-015    -0.223710887903E+001     0.260957576899E+001
     0.375969289968E+000     0.400000000000E+001    -0.282904013278E-015    -0.231008657741E+001     0.263267663476E+001
     0.385969289968E+000     0.400000000000E+001    -0.290921132496E-015    -0.237555132384E+001     0.265643214800E+001
     0.395969289968E+000     0.400000000000E+001    -0.294387914162E-015    -0.240385974443E+001     0.268047074544E+001
     0.405969289968E+000     0.400000000000E+001    -0.292978981833E-015    -0.239235493889E+001     0.270439429483E+001
     0.415969289968E+000     0.400000000000E+001    -0.287997128721E-015    -0.235167502109E+001     0.272791104504E+001
     0.425969289968E+000     0.400000000000E+001    -0.280560656596E-015    -0.229095161798E+001     0.275082056122E+001
     0.435969289968E+000     0.400000000000E+001    -0.271591848499E-015    -0.221771574211E+001     0.277299771864E+001
     0.445969289968E+000     0.400000000000E+001    -0.263218838476E-015    -0.214934492671E+001     0.279449116791E+001
     0.455969289968E+000     0.400000000000E+001    -0.258396514654E-015    -0.210996766442E+001     0.281559084455E+001
     0.465969289968E+000     0.400000000000E+001    -0.258793945680E-015    -0.211321293503E+001     0.283672297390E+001
     0.475969289968E+000     0.400000000000E+001    -0.262141735329E-015    -0.214054971206E+001     0.285812847102E+001
     0.485969289968E+000     0.400000000000E+001    -0.264960245950E-015    -0.216356459784E+001     0.287976411700E+001
     0.495969289968E+000     0.400000000000E+001    -0.265615567371E-015    -0.216891570333E+001     0.290145327404E+001
     0.505969289968E+000     0.400000000000E+001    -0.264084885919E-015    -0.215641674075E+001     0.292301744144E+001
     0.515969289968E+000     0.400000000000E+001    -0.261279078957E-015    -0.213350558822E+001     0.294435249733E+001
     0.525969289968E+000     0.400000000000E+001    -0.257973846330E-015    -0.210651631564E+001     0.296541766048E+001
     0.535969289968E+000     0.400000000000E+001    -0.255302810729E-015    -0.208470565478E+001     0.298626471703E+001
     0.545969289968E+000     0.400000000000E+001    -0.254092118560E-015    -0.207481960298E+001     0.300701291306E+001
     0.555969289968E+000     0.400000000000E+001    -0.253980207207E-015    -0.207390577743E+001     0.302775197083E+001
     0.565969289968E+000     0.400000000000E+001    -0.254865403745E-015    -0.208113395570E+001     0.304856331039E+001
     0.575969289968E+000     0.400000000000E+001    -0.255675235543E-015    -0.208774673417E+001     0.306944077773E+001
     0.585969289968E+000     0.400000000000E+001    -0.255783064085E-015    -0.208862722103E+001     0.309032704994E+001
     0.595969289968E+000     0.400000000000E+001    -0.254711649584E-015    -0.207987845770E+001     0.311112583452E+001
     0.605969289968E+000     0.400000000000E+001    -0.252647284697E-015    -0.206302163916E+001     0.313175605091E+001
     0.615969289968E+000     0.400000000000E+001    -0.249759812749E-015    -0.203944364141E+001     0.315215048733E+001
     0.625969289968E+000     0.400000000000E+001    -0.247140920079E-015    -0.201805875989E+001     0.317233107493E+001
     0.635969289968E+000     0.400000000000E+001    -0.245389630560E-015    -0.200375839573E+001     0.319236865888E+001
     0.645969289968E+000     0.400000000000E+001    -0.244768243339E-015    -0.199868438402E+001     0.321235550272E+001
     0.655969289968E+000     0.400000000000E+001    -0.244924392759E-015    -0.199995944079E+001     0.323235509713E+001
     0.665969289968E+000     0.400000000000E+001    -0.245423685864E-015    -0.200403647840E+001     0.325239546191E+001
     0.675969289968E+000     0.400000000000E+001    -0.245222266852E-015    -0.200239176734E+001     0.327241937959E+001
     0.685969289968E+000     0.400000000000E+001    -0.244576830139E-015    -0.199712137662E+001     0.329239059335E+001
     0.695969289968E+000     0.400000000000E+001    -0.243666409329E-015    -0.198968722655E+001     0.331228746562E+001
     0.705969289968E+000     0.400000000000E+001    -0.242245039821E-015    -0.197808086372E+001     0.333206827426E+001
     0.715969289968E+000     0.400000000000E+001    -0.240505416167E-015    -0.196387575858E+001     0.335170703184E+001
     0.725969289968E+000     0.400000000000E+001    -0.238538079562E-015    -0.194781123609E+001     0.337118514420E+001
     0.735969289968E+000     0.400000000000E+001    -0.236548097863E-015    -0.193156180237E+001     0.339050076223E+001
     0.745969289968E+000     0.400000000000E+001    -0.234851649367E-015    -0.191770924915E+001     0.340967785472E+001
     0.755969289968E+000     0.400000000000E+001    -0.233720649739E-015    -0.190847393634E+001     0.342876259408E+001
