 #        time                      h  [L]            Darcian flow [L.T^{-1}]   in    x         z              directions   cumulative flux
 #-----------------------------------------------------------------------------------------------

     0.100000000000E-005    -0.280000000000E+003    -0.103018937611E-029    -0.841213464017E-014     0.841213464017E-020
     0.205999994278E-005    -0.280000000000E+003     0.000000000000E+000     0.000000000000E+000     0.841213464017E-020
     0.318359982147E-005    -0.280000000000E+003     0.662786422535E-014     0.415681764934E-014     0.172026588568E-019
     0.437461562859E-005    -0.280000000000E+003     0.662786422535E-014     0.415681764934E-014     0.265206140234E-019
     0.563709231599E-005    -0.280000000000E+003     0.662786422535E-014     0.415681764934E-014     0.363976459668E-019
     0.697531753239E-005    -0.280000000000E+003     0.000000000000E+000     0.000000000000E+000     0.363976459668E-019
     0.839383618521E-005    -0.280000000000E+003     0.662786422535E-014    -0.425531699083E-014     0.475703429094E-019
     0.989746587602E-005    -0.280000000000E+003     0.662786422535E-014    -0.425531699083E-014     0.594134010293E-019
     0.114913132622E-004    -0.280000000000E+003     0.662786422535E-014     0.415681764934E-014     0.718829235986E-019
     0.131807914004E-004    -0.280000000000E+003     0.000000000000E+000     0.000000000000E+000     0.718829235986E-019
     0.149716381303E-004    -0.280000000000E+003     0.000000000000E+000     0.000000000000E+000     0.718829235986E-019
     0.168699355614E-004    -0.280000000000E+003    -0.662786422535E-014    -0.415681764934E-014     0.867343220858E-019
     0.188821307298E-004    -0.280000000000E+003    -0.132557284507E-013     0.851063398166E-014     0.118431680117E-018
     0.210150574931E-004    -0.280000000000E+003    -0.132557284507E-013     0.984993414911E-016     0.146705958651E-018
     0.232759597402E-004    -0.280000000000E+003    -0.198835926760E-013     0.435381633232E-014     0.192725899094E-018
     0.256725159928E-004    -0.280000000000E+003    -0.265114569014E-013     0.196998682982E-015     0.256263850956E-018
     0.282128654833E-004    -0.280000000000E+003    -0.265114569014E-013     0.196998682982E-015     0.323614076295E-018
     0.309056357980E-004    -0.280000000000E+003    -0.265114569014E-013     0.196998682982E-015     0.395005311300E-018
     0.337599721774E-004    -0.280000000000E+003    -0.198835926760E-013    -0.405831830785E-014     0.452929861369E-018
     0.367855685763E-004    -0.280000000000E+003    -0.198835926760E-013    -0.405831830785E-014     0.514329881128E-018
     0.399927005860E-004    -0.280000000000E+003    -0.132557284507E-013     0.984993414911E-016     0.556843925818E-018
     0.433922603327E-004    -0.280000000000E+003    -0.662786422535E-014    -0.415681764934E-014     0.583440504232E-018
     0.469957934698E-004    -0.280000000000E+003    -0.662786422535E-014    -0.125689522895E-013     0.634644560351E-018
     0.508155383889E-004    -0.280000000000E+003    -0.206037875222E-029    -0.168242692803E-013     0.698908977451E-018
     0.548644677845E-004    -0.280000000000E+003    -0.206037875222E-029    -0.168242692803E-013     0.767029255901E-018
     0.591563327122E-004    -0.280000000000E+003     0.662786422535E-014    -0.126674516310E-013     0.828388353559E-018
     0.637057092900E-004    -0.280000000000E+003     0.662786422535E-014    -0.425531699083E-014     0.864220667558E-018
     0.685280482021E-004    -0.280000000000E+003    -0.103018937611E-029    -0.841213464017E-014     0.904786831767E-018
     0.736397271730E-004    -0.280000000000E+003     0.000000000000E+000     0.000000000000E+000     0.904786831767E-018
     0.790581065897E-004    -0.280000000000E+003    -0.662786422535E-014    -0.415681764934E-014     0.947177718755E-018
     0.848015884613E-004    -0.280000000000E+003    -0.662786422535E-014    -0.415681764934E-014     0.992112056536E-018
     0.908896789166E-004    -0.280000000000E+003    -0.662786422535E-014    -0.415681764934E-014     0.103974245201E-017
     0.973430544509E-004    -0.280000000000E+003    -0.662786422535E-014    -0.415681764934E-014     0.109023066849E-017
     0.104183632148E-003    -0.280000000000E+003     0.000000000000E+000     0.000000000000E+000     0.109023066849E-017
     0.111434644115E-003    -0.280000000000E+003     0.103018937611E-029     0.841213464017E-014     0.115122715744E-017
     0.119120716386E-003    -0.280000000000E+003     0.000000000000E+000     0.000000000000E+000     0.115122715744E-017
     0.127267952553E-003    -0.280000000000E+003     0.662786422535E-014    -0.425531699083E-014     0.121539733979E-017
     0.135904022424E-003    -0.280000000000E+003     0.000000000000E+000     0.000000000000E+000     0.121539733979E-017
     0.145058255993E-003    -0.280000000000E+003     0.132557284507E-013    -0.984993414911E-016     0.133674672419E-017
     0.154761743052E-003    -0.280000000000E+003     0.662786422535E-014    -0.425531699083E-014     0.141317442571E-017
     0.165047438780E-003    -0.280000000000E+003     0.103018937611E-029     0.841213464017E-014     0.149969908304E-017
     0.175950275662E-003    -0.280000000000E+003    -0.662786422535E-014     0.126674516310E-013     0.165557263551E-017
     0.187507282134E-003    -0.280000000000E+003    -0.132557284507E-013     0.984993414911E-016     0.180877340434E-017
     0.199757708333E-003    -0.280000000000E+003    -0.132557284507E-013     0.984993414911E-016     0.197116621054E-017
     0.212743159403E-003    -0.280000000000E+003    -0.132557284507E-013     0.984993414911E-016     0.214330257581E-017
     0.226507736794E-003    -0.280000000000E+003    -0.662786422535E-014     0.126674516310E-013     0.234008930200E-017
     0.241098188040E-003    -0.280000000000E+003    -0.662786422535E-014     0.425531699083E-014     0.245500826321E-017
     0.256564065527E-003    -0.280000000000E+003    -0.662786422535E-014     0.425531699083E-014     0.257682235551E-017
     0.272957894778E-003    -0.280000000000E+003    -0.662786422535E-014     0.126674516310E-013     0.281119845703E-017
     0.290335352846E-003    -0.280000000000E+003    -0.662786422535E-014     0.425531699083E-014     0.294806875636E-017
     0.308755457403E-003    -0.280000000000E+003     0.103018937611E-029     0.841213464017E-014     0.310302115599E-017
     0.328280767180E-003    -0.280000000000E+003     0.000000000000E+000     0.000000000000E+000     0.310302115599E-017
     0.348977594427E-003    -0.280000000000E+003     0.000000000000E+000     0.000000000000E+000     0.310302115599E-017
     0.370916230124E-003    -0.280000000000E+003     0.000000000000E+000     0.000000000000E+000     0.310302115599E-017
     0.394171182707E-003    -0.280000000000E+003    -0.662786422535E-014    -0.125689522895E-013     0.343346015900E-017
     0.418821431115E-003    -0.280000000000E+003    -0.103018937611E-029    -0.841213464017E-014     0.364082136752E-017
     0.444950693017E-003    -0.280000000000E+003    -0.662786422535E-014     0.425531699083E-014     0.384662361339E-017
     0.472647709137E-003    -0.280000000000E+003    -0.662786422535E-014    -0.415681764934E-014     0.406331221897E-017
     0.502006544641E-003    -0.280000000000E+003     0.000000000000E+000     0.000000000000E+000     0.406331221897E-017
     0.533126908594E-003    -0.280000000000E+003     0.662786422535E-014    -0.425531699083E-014     0.430842594695E-017
     0.566114492604E-003    -0.280000000000E+003     0.662786422535E-014    -0.425531699083E-014     0.456824648458E-017
     0.601081329767E-003    -0.280000000000E+003    -0.662786422535E-014     0.425531699083E-014     0.484365623960E-017
     0.638146175159E-003    -0.280000000000E+003     0.103018937611E-029     0.841213464017E-014     0.515545070945E-017
     0.677434909153E-003    -0.280000000000E+003    -0.132557284507E-013     0.984993414911E-016     0.567626587634E-017
     0.719080964939E-003    -0.280000000000E+003    -0.132557284507E-013     0.984993414911E-016     0.622832992344E-017
     0.763225781689E-003    -0.280000000000E+003    -0.132557284507E-013    -0.831363529868E-014     0.691906705868E-017
     0.810019284919E-003    -0.280000000000E+003    -0.662786422535E-014     0.425531699083E-014     0.728762733769E-017
     0.859620395664E-003    -0.280000000000E+003     0.000000000000E+000     0.000000000000E+000     0.728762733769E-017
     0.912197570216E-003    -0.280000000000E+003     0.000000000000E+000     0.000000000000E+000     0.728762733769E-017
     0.967929372233E-003    -0.280000000000E+003     0.662786422535E-014     0.415681764934E-014     0.772364710287E-017
     0.102700507918E-002    -0.280000000000E+003     0.198835926760E-013    -0.435381633232E-014     0.892611417942E-017
     0.108962532517E-002    -0.280000000000E+003     0.198835926760E-013     0.405831830785E-014     0.101968997813E-016
     0.115600278233E-002    -0.280000000000E+003     0.265114569014E-013    -0.196998682982E-015     0.119567114583E-016
     0.122636288312E-002    -0.280000000000E+003     0.662786422535E-014    -0.425531699083E-014     0.125108896367E-016
     0.130094458593E-002    -0.280000000000E+003     0.662786422535E-014    -0.425531699083E-014     0.130983184741E-016
     0.138000118665E-002    -0.280000000000E+003    -0.662786422535E-014     0.425531699083E-014     0.137209930081E-016
     0.146380117888E-002    -0.280000000000E+003    -0.662786422535E-014     0.425531699083E-014     0.143810279785E-016
     0.155262916586E-002    -0.280000000000E+003    -0.132557284507E-013     0.851063398166E-014     0.157803020402E-016
     0.164678682697E-002    -0.280000000000E+003    -0.132557284507E-013     0.984993414911E-016     0.170284648848E-016
     0.174659394236E-002    -0.280000000000E+003    -0.265114569014E-013     0.170212679633E-013     0.201729132169E-016
     0.185238947896E-002    -0.280000000000E+003    -0.198835926760E-013     0.211780856127E-013     0.232462117668E-016
     0.196453274170E-002    -0.280000000000E+003    -0.198835926760E-013     0.127659509725E-013     0.258960380902E-016
     0.208340459379E-002    -0.280000000000E+003    -0.132557284507E-013     0.169227686218E-013     0.284513528193E-016
     0.220940875020E-002    -0.280000000000E+003    -0.132557284507E-013     0.851063398166E-014     0.304362491763E-016
     0.234297314879E-002    -0.280000000000E+003    -0.132557284507E-013     0.851063398166E-014     0.325402392011E-016
     0.248455140365E-002    -0.280000000000E+003    -0.132557284507E-013     0.851063398166E-014     0.347704685070E-016
     0.263462434571E-002    -0.280000000000E+003    -0.132557284507E-013     0.851063398166E-014     0.371345114436E-016
     0.279370165569E-002    -0.280000000000E+003    -0.132557284507E-013     0.851063398166E-014     0.396403968212E-016
     0.296232359518E-002    -0.280000000000E+003    -0.198835926760E-013     0.127659509725E-013     0.436247543564E-016
     0.314106284138E-002    -0.280000000000E+003    -0.530229138028E-013     0.880613200614E-014     0.532318472592E-016
     0.333052643213E-002    -0.280000000000E+003    -0.463950495774E-013     0.455081501531E-014     0.620642052913E-016
     0.353135782749E-002    -0.280000000000E+003    -0.397671853521E-013    -0.811663661570E-014     0.702153596537E-016
     0.374423909507E-002    -0.280000000000E+003    -0.463950495774E-013    -0.386131962487E-014     0.801261439826E-016
     0.396989322653E-002    -0.280000000000E+003    -0.463950495774E-013    -0.122734542650E-013     0.909555166337E-016
     0.420908659296E-002    -0.280000000000E+003    -0.331393211267E-013    -0.376083575271E-013     0.102945292982E-015
     0.446263154769E-002    -0.280000000000E+003    -0.265114569014E-013    -0.334515398777E-013     0.113767424690E-015
     0.473138918520E-002    -0.280000000000E+003    -0.265114569014E-013    -0.166272705974E-013     0.122177965010E-015
     0.501627226558E-002    -0.280000000000E+003    -0.265114569014E-013    -0.821513595719E-014     0.130084924574E-015
     0.531824831448E-002    -0.280000000000E+003    -0.198835926760E-013    -0.124704529480E-013     0.137172486136E-015
     0.563834290904E-002    -0.280000000000E+003    -0.132557284507E-013    -0.251379045790E-013     0.146269192596E-015
     0.597764316095E-002    -0.280000000000E+003    -0.662786422535E-014    -0.209810869297E-013     0.153734835962E-015
     0.633730140856E-002    -0.280000000000E+003    -0.198835926760E-013    -0.405831830785E-014     0.161033570029E-015
     0.671853913045E-002    -0.280000000000E+003     0.132557284507E-013    -0.984993414911E-016     0.166087293261E-015
     0.712265109384E-002    -0.280000000000E+003     0.132557284507E-013    -0.169227686218E-013     0.174774238355E-015
     0.755100975191E-002    -0.280000000000E+003     0.331393211267E-013    -0.212765849542E-013     0.191643672746E-015
     0.800506990496E-002    -0.280000000000E+003     0.198835926760E-013    -0.295902202528E-013     0.207831018409E-015
     0.848637364120E-002    -0.280000000000E+003    -0.132557284507E-013    -0.167257699389E-013     0.218102830820E-015
     0.899655557408E-002    -0.280000000000E+003    -0.265114569014E-013    -0.166272705974E-013     0.234068537904E-015
     0.953734839373E-002    -0.280000000000E+003     0.662786422535E-014    -0.425531699083E-014     0.238327991434E-015
     0.101105887516E-001    -0.280000000000E+003     0.662786422535E-014     0.415681764934E-014     0.242812758070E-015
     0.107182234982E-001    -0.280000000000E+003     0.198835926760E-013     0.124704529480E-013     0.257074315202E-015
     0.113623162948E-001    -0.280000000000E+003     0.198835926760E-013     0.124704529480E-013     0.272191564946E-015
     0.120450546223E-001    -0.280000000000E+003     0.198835926760E-013     0.124704529480E-013     0.288215848809E-015
     0.127687572104E-001    -0.280000000000E+003     0.103018937611E-029     0.841213464017E-014     0.294303732420E-015
     0.135358819124E-001    -0.280000000000E+003     0.662786422535E-014     0.125689522895E-013     0.305204116792E-015
     0.143490340526E-001    -0.280000000000E+003     0.397671853521E-013     0.417651751764E-013     0.352098107130E-015
     0.152109752747E-001    -0.280000000000E+003     0.201884744304E-010    -0.862103407975E-011     0.192735579413E-013
     0.161246329208E-001    -0.280000000183E+003    -0.256388919279E-007     0.108583003589E-007     0.254586177609E-010
     0.170931099734E-001    -0.279999999992E+003     0.121682284890E-008    -0.925577563170E-009     0.269392641944E-010
     0.181196955938E-001    -0.280000010015E+003    -0.141428298808E-005     0.587682524060E-006     0.159918023454E-008
     0.192078762926E-001    -0.280000003933E+003    -0.552884341617E-006     0.204364331795E-006     0.224060333788E-008
     0.203613477710E-001    -0.280000002024E+003    -0.265332702944E-006     0.878607382210E-007     0.256300006584E-008
     0.215840274722E-001    -0.280000001238E+003    -0.142489078630E-006     0.431684966982E-007     0.274503837761E-008
     0.228800678855E-001    -0.280000000970E+003    -0.992405615474E-007     0.302221268734E-007     0.287949009987E-008
     0.242538706494E-001    -0.280000000573E+003    -0.413007205900E-007     0.100765150778E-007     0.293789345395E-008
     0.257101015006E-001    -0.280000000471E+003    -0.280036608235E-007     0.726638509759E-008     0.298002373442E-008
     0.272537061195E-001    -0.280000000392E+003    -0.192212436597E-007     0.518231843422E-008     0.301075320139E-008
     0.288899269272E-001    -0.280000000332E+003    -0.134133854377E-007     0.370430838598E-008     0.303352201259E-008
     0.306243208897E-001    -0.280000000285E+003    -0.966829088090E-008     0.270717888165E-008     0.305093559280E-008
     0.324627783907E-001    -0.280000000418E+003    -0.318654654483E-007     0.111634936516E-007     0.311300991935E-008
     0.344115432366E-001    -0.280000000272E+003    -0.129355827097E-007     0.384186312447E-008     0.313930663712E-008
     0.364772338618E-001    -0.280000000219E+003    -0.709494306627E-008     0.189820813763E-008     0.315447806409E-008
     0.386668658063E-001    -0.279999957211E+003     0.635845742942E-005    -0.227717035251E-005     0.179430852049E-007
     0.409878755421E-001    -0.279999987683E+003     0.178610844944E-005    -0.536411701695E-006     0.222715791348E-007
     0.434481457293E-001    -0.279999994837E+003     0.634739429685E-006    -0.166346883668E-006     0.238859465474E-007
     0.460560319869E-001    -0.279999997119E+003     0.265368671400E-006    -0.646319066813E-007     0.245982281049E-007
     0.488203912708E-001    -0.279999998154E+003     0.119167872992E-006    -0.284566339412E-007     0.249369130224E-007
     0.517506119535E-001    -0.279999998669E+003     0.605508092015E-007    -0.150151885965E-007     0.251197140919E-007
     0.548566457095E-001    -0.279999999048E+003     0.278679621043E-007    -0.711695310063E-008     0.252090510059E-007
     0.581490413132E-001    -0.279999999215E+003     0.183960083807E-007    -0.500034753326E-008     0.252718155521E-007
     0.616389804647E-001    -0.279999977340E+003     0.337787903429E-005    -0.107953849938E-005     0.376478061321E-007
     0.653383157655E-001    -0.279999994561E+003     0.716407889205E-006    -0.184102593793E-006     0.403841492880E-007
     0.692596109728E-001    -0.279999997717E+003     0.202410243158E-006    -0.452716801436E-007     0.411974700752E-007
     0.734161836681E-001    -0.279999998617E+003     0.704082925517E-007    -0.149241181684E-007     0.414966294715E-007
     0.778221504872E-001    -0.280000022825E+003    -0.350959179718E-005     0.140183200706E-005     0.581476679710E-007
     0.824924750635E-001    -0.280000004207E+003    -0.649797612789E-006     0.196660305368E-006     0.613183754145E-007
     0.874430188470E-001    -0.280000001497E+003    -0.172177933287E-006     0.261119775993E-007     0.621804963197E-007
     0.926905949743E-001    -0.280000000484E+003     0.190432656144E-007    -0.297137457673E-007     0.623656958126E-007
     0.982530253690E-001    -0.280000000811E+003    -0.148443943138E-007    -0.140634906373E-007     0.624794387161E-007
     0.104149201269E+000    -0.279999998378E+003     0.385978474462E-006    -0.109045011326E-006     0.648443139244E-007
     0.110399147386E+000    -0.279999969279E+003     0.501268911392E-005    -0.138383584948E-005     0.973452679585E-007
     0.117024089912E+000    -0.279999995844E+003     0.701003283591E-006    -0.155250052537E-006     0.102101903718E-006
     0.124046528610E+000    -0.279999999215E+003     0.130970773095E-006    -0.301919130835E-007     0.103045759581E-006
     0.131490313229E+000    -0.279999999942E+003     0.289938903150E-007    -0.963997574141E-008     0.103273200373E-006
     0.139380724499E+000    -0.280000001398E+003    -0.191670475302E-006     0.462285869161E-007     0.104828925640E-006
     0.147744559993E+000    -0.280000006453E+003    -0.999409050257E-006     0.251871767506E-006     0.113449187410E-006
     0.156610225139E+000    -0.280000001249E+003    -0.719521731735E-007     0.109694828936E-006     0.114612248834E-006
     0.166007829686E+000    -0.280000002269E+003     0.522443698899E-006     0.114057506390E-005     0.126401875758E-006
     0.175969289968E+000    -0.280000000780E+003     0.705728418733E-007     0.975832373113E-007     0.127601519089E-006
     0.185969289968E+000    -0.280000000993E+003     0.156329007009E-006     0.325583120826E-006     0.131213210203E-006
     0.195969289968E+000    -0.280000000511E+003     0.213840284154E-007     0.273660730548E-007     0.131560511027E-006
     0.205969289968E+000    -0.280000000411E+003     0.268858649034E-008     0.552636520027E-008     0.131621967686E-006
     0.215969289968E+000    -0.280000000264E+003    -0.374451435659E-006    -0.484416999015E-006     0.137744660775E-006
     0.225969289968E+000    -0.280000000589E+003    -0.591863700581E-007    -0.497261663229E-007     0.138517688460E-006
     0.235969289968E+000    -0.279999995761E+003     0.933369275128E-006    -0.617742938104E-007     0.147871801283E-006
     0.245969289968E+000    -0.280000000361E+003     0.103927999475E-006     0.335547572941E-008     0.148911622821E-006
     0.255969289968E+000    -0.280000008234E+003    -0.178612701339E-005    -0.453150239967E-006     0.167338762718E-006
     0.265969289968E+000    -0.280000001591E+003    -0.214960650682E-006    -0.623482016806E-007     0.169576962432E-006
     0.275969289968E+000    -0.280000001053E+003     0.497810263460E-008     0.524911410513E-007     0.170104229100E-006
     0.285969289968E+000    -0.280000000882E+003    -0.387769822879E-008     0.441581791948E-008     0.170162996431E-006
     0.295969289968E+000    -0.280000001395E+003    -0.700645096872E-006    -0.755093073573E-006     0.180463817279E-006
     0.305969289968E+000    -0.280000000681E+003    -0.894928159720E-007    -0.666734535318E-007     0.181579806236E-006
     0.315969289968E+000    -0.279999993959E+003     0.107790072875E-005    -0.273716472649E-006     0.192700915391E-006
     0.325969289968E+000    -0.279999999812E+003     0.108583106677E-006    -0.213763683732E-007     0.193807587889E-006
     0.335969289968E+000    -0.280000000494E+003     0.605331123229E-007     0.915143820281E-007     0.194904818030E-006
     0.345969289968E+000    -0.280000000492E+003     0.144239557682E-007     0.202526504529E-007     0.195153458402E-006
     0.355969289968E+000    -0.280000000475E+003     0.176993799840E-008     0.118617036094E-008     0.195174764929E-006
     0.365969289968E+000    -0.280000000471E+003    -0.173809111089E-009    -0.512693535430E-011     0.195176503776E-006
     0.375969289968E+000    -0.279999994280E+003     0.101214602928E-005    -0.247636985333E-006     0.205596502150E-006
     0.385969289968E+000    -0.279999999471E+003     0.144748830155E-006    -0.287966056171E-007     0.207072356761E-006
     0.395969289968E+000    -0.280000000848E+003     0.223818148979E-006     0.424662039448E-006     0.211872694369E-006
     0.405969289968E+000    -0.280000000444E+003     0.320481824053E-007     0.351574596276E-007     0.212348418340E-006
     0.415969289968E+000    -0.280000005073E+003    -0.761668970225E-006     0.191057010904E-006     0.220201076499E-006
     0.425969289968E+000    -0.280000033210E+003    -0.532488041985E-005     0.136615037600E-005     0.275174450359E-006
     0.435969289968E+000    -0.280000004536E+003    -0.542414018258E-006     0.118487826113E-006     0.280726498018E-006
     0.445969289968E+000    -0.279999991453E+003     0.190613467796E-005    -0.228041113086E-007     0.299789208838E-006
     0.455969289968E+000    -0.279999987706E+003     0.214640397966E-005    -0.598471759079E-006     0.322071979066E-006
     0.465969289968E+000    -0.279999998121E+003     0.418518498176E-006    -0.979100463460E-007     0.326370166015E-006
     0.475969289968E+000    -0.280000001781E+003     0.165188472514E-006     0.521790910829E-006     0.331843309409E-006
     0.485969289968E+000    -0.280000001642E+003    -0.611156880261E-007     0.132371069116E-006     0.333301295255E-006
     0.495969289968E+000    -0.280000001656E+003    -0.414907677726E-007    -0.494625450144E-008     0.333719140829E-006
     0.505969289968E+000    -0.280000001907E+003    -0.252869786595E-007    -0.171158987133E-007     0.334024490674E-006
     0.515969289968E+000    -0.280000002058E+003    -0.217099932589E-007    -0.118899960640E-007     0.334272017605E-006
     0.525969289968E+000    -0.279999989015E+003     0.212726494811E-005    -0.514618002916E-006     0.356158286927E-006
     0.535969289968E+000    -0.280000000478E+003     0.205927939889E-006    -0.443552557066E-007     0.358264793636E-006
     0.545969289968E+000    -0.280000003065E+003    -0.231879492039E-006     0.525552215281E-007     0.360642400629E-006
     0.555969289968E+000    -0.280000001832E+003    -0.277252373395E-007     0.424661917049E-009     0.360919685523E-006
     0.565969289968E+000    -0.280000018672E+003    -0.278432178425E-005     0.683884927662E-006     0.389590483196E-006
     0.575969289968E+000    -0.280000002624E+003    -0.619507018809E-006    -0.640429322720E-006     0.398500806781E-006
     0.585969289968E+000    -0.280000001976E+003    -0.959290216876E-007    -0.561368188522E-007     0.399612279661E-006
     0.595969289968E+000    -0.280000001789E+003    -0.213512800196E-007    -0.712867627984E-008     0.399837378569E-006
     0.605969289968E+000    -0.280000001708E+003    -0.191186044451E-008     0.122707958988E-007     0.399961566991E-006
     0.615969289968E+000    -0.279999999348E+003    -0.104667943976E-005    -0.192864950471E-005     0.421905191946E-006
     0.625969289968E+000    -0.280000001050E+003    -0.145743326927E-006    -0.163062342984E-006     0.424092209208E-006
     0.635969289968E+000    -0.280000001081E+003    -0.179529421378E-007    -0.798246388646E-007     0.424910395073E-006
     0.645969289968E+000    -0.279999999918E+003    -0.411844745970E-006    -0.864202934376E-006     0.434483601467E-006
     0.655969289968E+000    -0.280000000943E+003    -0.581307898031E-007    -0.535600927163E-007     0.435274036300E-006
     0.665969289968E+000    -0.280000016680E+003    -0.256993887631E-005     0.619491493460E-006     0.461709534288E-006
     0.675969289968E+000    -0.280000002990E+003    -0.275737229000E-006     0.488267145454E-007     0.464509803337E-006
     0.685969289968E+000    -0.280000001622E+003    -0.453004442252E-007     0.804724064238E-009     0.464962879250E-006
     0.695969289968E+000    -0.280000001637E+003     0.818191075934E-007     0.189068235804E-006     0.467023004590E-006
     0.705969289968E+000    -0.280000001304E+003    -0.154343073340E-008    -0.381143420691E-008     0.467064125399E-006
     0.715969289968E+000    -0.280000001242E+003    -0.252680694361E-008     0.718530948500E-009     0.467090395230E-006
     0.725969289968E+000    -0.280000001197E+003    -0.239160514248E-008     0.268606117803E-010     0.467114312789E-006
     0.735969289968E+000    -0.280000001339E+003    -0.642870349578E-008     0.460940490012E-007     0.467579714721E-006
     0.745969289968E+000    -0.280000001443E+003    -0.800136310638E-008     0.535955546811E-007     0.468121610033E-006
     0.755969289968E+000    -0.280000001249E+003     0.159718867742E-007    -0.144119967587E-007     0.468336739487E-006
