 #        time                      h  [L]            Darcian flow [L.T^{-1}]   in    x         z              directions   cumulative flux
 #-----------------------------------------------------------------------------------------------

     0.100000000000E-005    -0.278500000000E+003     0.401428933654E-013    -0.211761826115E-013     0.453859295128E-019
     0.205999994278E-005    -0.278500000000E+003     0.556230293128E-014    -0.958855018544E-013     0.147195426563E-018
     0.318359982147E-005    -0.278500000000E+003     0.802857867308E-013    -0.423523652229E-013     0.249186676352E-018
     0.437461562859E-005    -0.278500000000E+003     0.117647528631E-012    -0.155857969072E-013     0.390530991268E-018
     0.563709231599E-005    -0.278500000000E+003     0.802857867308E-013    -0.423523652229E-013     0.505128347160E-018
     0.697531753239E-005    -0.278500000000E+003     0.120428680096E-012    -0.635285478344E-013     0.687338133191E-018
     0.839383618521E-005    -0.278500000000E+003     0.858480896621E-013    -0.138237867077E-012     0.918167351435E-018
     0.989746587602E-005    -0.278500000000E+003     0.484863477623E-013    -0.165004435393E-012     0.117676276256E-017
     0.114913132622E-004    -0.278500000000E+003     0.194680602595E-013    -0.335599256490E-012     0.171255600155E-017
     0.131807914004E-004    -0.278500000000E+003    -0.385685147462E-013    -0.676788898685E-012     0.285783121706E-017
     0.149716381303E-004    -0.278500000000E+003    -0.882616353550E-013    -0.116180679366E-011     0.494444444548E-017
     0.168699355614E-004    -0.278500000000E+003    -0.236134224335E-012    -0.196683814822E-011     0.870490010951E-017
     0.188821307298E-004    -0.278500000000E+003    -0.430918782458E-012    -0.330483014868E-011     0.154111554776E-016
     0.210150574931E-004    -0.278500000000E+003    -0.655928400930E-012    -0.546343930061E-011     0.271479541663E-016
     0.232759597402E-004    -0.278500000000E+003    -0.108962833485E-011    -0.872032669837E-011     0.470170774501E-016
     0.256725159928E-004    -0.278500000000E+003    -0.188267232467E-011    -0.138325809456E-010     0.804732731797E-016
     0.282128654833E-004    -0.278500000000E+003    -0.291583846314E-011    -0.215137529205E-010     0.135625406086E-015
     0.309056357980E-004    -0.278500000000E+003    -0.437834900545E-011    -0.331977201253E-010     0.225793356314E-015
     0.337599721774E-004    -0.278500000000E+003    -0.676110129345E-011    -0.504845498581E-010     0.371179765465E-015
     0.367855685763E-004    -0.278500000000E+003    -0.101118464634E-010    -0.759052125067E-010     0.602867182357E-015
     0.399927005860E-004    -0.278500000000E+003    -0.151437103240E-010    -0.113266327272E-009     0.969359628047E-015
     0.433922603327E-004    -0.278500000000E+003    -0.225058522007E-010    -0.167477196626E-009     0.154382612995E-014
     0.469957934698E-004    -0.278500000000E+003    -0.330295169920E-010    -0.245674851126E-009     0.243708872839E-014
     0.508155383889E-004    -0.278500000000E+003    -0.481223274226E-010    -0.357806138173E-009     0.381612240214E-014
     0.548644677845E-004    -0.278500000000E+003    -0.696530500598E-010    -0.517943352466E-009     0.593211654906E-014
     0.591563327122E-004    -0.278499999999E+003    -0.100272370855E-009    -0.745462813958E-009     0.916035611283E-014
     0.637057092900E-004    -0.278499999999E+003    -0.143635123610E-009    -0.106725141975E-008     0.140594594163E-013
     0.685280482021E-004    -0.278499999999E+003    -0.204594706932E-009    -0.152039262352E-008     0.214573936887E-013
     0.736397271730E-004    -0.278499999999E+003    -0.290097456444E-009    -0.215620277305E-008     0.325785170251E-013
     0.790581065897E-004    -0.278499999998E+003    -0.409590946754E-009    -0.304526746979E-008     0.492275127519E-013
     0.848015884613E-004    -0.278499999997E+003    -0.576202616638E-009    -0.428462772757E-008     0.740577242660E-013
     0.908896789166E-004    -0.278499999996E+003    -0.807566290797E-009    -0.600701089833E-008     0.110957953028E-012
     0.973430544509E-004    -0.278499999994E+003    -0.112805936916E-008    -0.839391853068E-008     0.165614038388E-012
     0.104183632148E-003    -0.278499999992E+003    -0.157087954852E-008    -0.116934929176E-007     0.246322836963E-012
     0.111434644115E-003    -0.278499999989E+003    -0.218123295027E-008    -0.162433744319E-007     0.365160926189E-012
     0.119120716386E-003    -0.278499999984E+003    -0.302069179447E-008    -0.225035848230E-007     0.539676393326E-012
     0.127267952553E-003    -0.278499999978E+003    -0.417262223440E-008    -0.310984664403E-007     0.795313425036E-012
     0.135904022424E-003    -0.278499999970E+003    -0.575020400117E-008    -0.428756585768E-007     0.116890574956E-011
     0.145058255993E-003    -0.278499999959E+003    -0.790658081875E-008    -0.589826794706E-007     0.171367652724E-011
     0.154761743052E-003    -0.278499999944E+003    -0.108486955102E-007    -0.809725638081E-007     0.250641342962E-011
     0.165047438780E-003    -0.278499999923E+003    -0.148561620587E-007    -0.110943419460E-006     0.365772916491E-011
     0.175950275662E-003    -0.278499999895E+003    -0.203059054828E-007    -0.151726808392E-006     0.532673072642E-011
     0.187507282134E-003    -0.278499999857E+003    -0.277052491267E-007    -0.207139804677E-006     0.774196479159E-011
     0.199757708333E-003    -0.278499999804E+003    -0.377368305990E-007    -0.282320928927E-006     0.112312761882E-010
     0.212743159403E-003    -0.278499999734E+003    -0.513173709202E-007    -0.384181470558E-006     0.162643551910E-010
     0.226507736794E-003    -0.278499999638E+003    -0.696773421843E-007    -0.522005708352E-006     0.235132695258E-010
     0.241098188040E-003    -0.278499999509E+003    -0.944657765917E-007    -0.708253004170E-006     0.339385129815E-010
     0.256564065527E-003    -0.278499999334E+003    -0.127890504912E-006    -0.959625916708E-006     0.489111908972E-010
     0.272957894778E-003    -0.278499999099E+003    -0.172903880444E-006    -0.129849193533E-005     0.703863379311E-010
     0.290335352846E-003    -0.278499998782E+003    -0.233450090887E-006    -0.175477368601E-005     0.101148511021E-009
     0.308755457403E-003    -0.278499998355E+003    -0.314791645101E-006    -0.236845992769E-005     0.145159442183E-009
     0.328280767180E-003    -0.278499997781E+003    -0.423942551691E-006    -0.319293716913E-005     0.208049658901E-009
     0.348977594427E-003    -0.278499997011E+003    -0.570240939112E-006    -0.429940380938E-005     0.297812941222E-009
     0.370916230124E-003    -0.278499995977E+003    -0.766104420248E-006    -0.578271511337E-005     0.425786308320E-009
     0.394171182707E-003    -0.278499994592E+003    -0.102802637687E-005    -0.776911051926E-005     0.608031436243E-009
     0.418821431115E-003    -0.278499992739E+003    -0.137788837254E-005    -0.104264178573E-004     0.867279829324E-009
     0.444950693017E-003    -0.278499990259E+003    -0.184468449972E-005    -0.139775119987E-004     0.123566878852E-008
     0.472647709137E-003    -0.278499986947E+003    -0.246678543085E-005    -0.187180413268E-004     0.175858529989E-008
     0.502006544641E-003    -0.278499982527E+003    -0.329490631601E-005    -0.250397442168E-004     0.250006022835E-008
     0.533126908594E-003    -0.278499976633E+003    -0.439598869917E-005    -0.334610736172E-004     0.355032901810E-008
     0.566114492604E-003    -0.278499968783E+003    -0.585827223542E-005    -0.446673583350E-004     0.503641592653E-008
     0.601081329767E-003    -0.278499958338E+003    -0.779790531469E-005    -0.595633902775E-004     0.713693201184E-008
     0.638146175159E-003    -0.278499944455E+003    -0.103675476779E-004    -0.793421654695E-004     0.101027370019E-007
     0.677434909153E-003    -0.278499926021E+003    -0.137675394829E-004    -0.105574585508E-003     0.142857489787E-007
     0.719080964939E-003    -0.278499901571E+003    -0.182603733550E-004    -0.140326293404E-003     0.201790572817E-007
     0.763225781689E-003    -0.278499869180E+003    -0.241894010026E-004    -0.186309558803E-003     0.284726899138E-007
     0.810019284919E-003    -0.278499826314E+003    -0.320029548763E-004    -0.247080319500E-003     0.401310236924E-007
     0.859620395664E-003    -0.278499769654E+003    -0.422853725085E-004    -0.327293250775E-003     0.565000609467E-007
     0.912197570216E-003    -0.278499694852E+003    -0.557967859249E-004    -0.433031190637E-003     0.794558414158E-007
     0.967929372233E-003    -0.278499596221E+003    -0.735240042428E-004    -0.572229559570E-003     0.111609393932E-006
     0.102700507918E-002    -0.278499466337E+003    -0.967453764676E-004    -0.755221748773E-003     0.156589233652E-006
     0.108962532517E-002    -0.278499295529E+003    -0.127113195689E-003    -0.995438025596E-003     0.219429972696E-006
     0.115600278233E-002    -0.278499071211E+003    -0.166758013449E-003    -0.131029853704E-002     0.307105787001E-006
     0.122636288312E-002    -0.278498777049E+003    -0.218420176829E-003    -0.172235074883E-002     0.429261124488E-006
     0.130094458593E-002    -0.278498391874E+003    -0.285615003574E-003    -0.226071338824E-002     0.599209260365E-006
     0.138000118665E-002    -0.278497888320E+003    -0.372839269015E-003    -0.296290294717E-002     0.835293542343E-006
     0.146380117888E-002    -0.278497231083E+003    -0.485828087984E-003    -0.387713528246E-002     0.116273826623E-005
     0.155262916586E-002    -0.278496374728E+003    -0.631872821220E-003    -0.506521404165E-002     0.161615843129E-005
     0.164678682697E-002    -0.278495260927E+003    -0.820212272202E-003    -0.660613964723E-002     0.224295311146E-005
     0.174659394236E-002    -0.278493814997E+003    -0.106251110270E-002    -0.860059737772E-002     0.310787955272E-005
     0.185238947896E-002    -0.278491941579E+003    -0.137344097738E-002    -0.111765104479E-001     0.429919895678E-005
     0.196453274170E-002    -0.278489519268E+003    -0.177138129484E-002    -0.144958733920E-001     0.593690584311E-005
     0.208340459379E-002    -0.278486393980E+003    -0.227925727250E-002    -0.187631115585E-001     0.818370765041E-005
     0.220940875020E-002    -0.278482370788E+003    -0.292553333204E-002    -0.242352426932E-001     0.112596178571E-004
     0.234297314879E-002    -0.278477203944E+003    -0.374537884508E-002    -0.312341443245E-001     0.154612736953E-004
     0.248455140365E-002    -0.278470584750E+003    -0.478202088650E-002    -0.401612531207E-001     0.211873991263E-004
     0.263462434571E-002    -0.278462126915E+003    -0.608829420342E-002    -0.515150358050E-001     0.289722169094E-004
     0.279370165569E-002    -0.278451349001E+003    -0.772839153783E-002    -0.659115709007E-001     0.395290829439E-004
     0.296232359518E-002    -0.278437653521E+003    -0.977980711302E-002    -0.841085608293E-001     0.538071845090E-004
     0.314106284138E-002    -0.278420302286E+003    -0.123354518522E-001    -0.107033048121E+000     0.730648239314E-004
     0.333052643213E-002    -0.278398387548E+003    -0.155059001588E-001    -0.135813030410E+000     0.989636112471E-004
     0.353135782749E-002    -0.278370798563E+003    -0.194217043854E-001    -0.171813048814E+000     0.133688820898E-003
     0.374423909507E-002    -0.278336183246E+003    -0.242356842429E-001    -0.216673655818E+000     0.180102230406E-003
     0.396989322653E-002    -0.278292904683E+003    -0.301250644778E-001    -0.272354445283E+000     0.241934947356E-003
     0.420908659296E-002    -0.278238992454E+003    -0.372932958373E-001    -0.341180044113E+000     0.324029028242E-003
     0.446263154769E-002    -0.278172088875E+003    -0.459713529031E-001    -0.425888120507E+000     0.432638067954E-003
     0.473138918520E-002    -0.278089390585E+003    -0.564182598753E-001    -0.529678060105E+000     0.575798343668E-003
     0.501627226558E-002    -0.277987586208E+003    -0.689205547164E-001    -0.656258505999E+000     0.763783462522E-003
     0.531824831448E-002    -0.277862791226E+003    -0.837903670900E-001    -0.809891465353E+000     0.100965669555E-002
     0.563834290904E-002    -0.277710481664E+003    -0.101361761001E+000    -0.995430174713E+000     0.132993616166E-002
     0.597764316095E-002    -0.277525428698E+003    -0.121984984577E+000    -0.121834741567E+001     0.174538860854E-002
     0.633730140856E-002    -0.277301636852E+003    -0.146018283304E+000    -0.148475051667E+001     0.228196754862E-002
     0.671853913045E-002    -0.277032289005E+003    -0.173816975938E+000    -0.180137890601E+001     0.297191075067E-002
     0.712265109384E-002    -0.276709701985E+003    -0.205719570928E+000    -0.217557983969E+001     0.385501034525E-002
     0.755100975191E-002    -0.276325297000E+003    -0.242030821751E+000    -0.261525786323E+001     0.498006584872E-002
     0.800506990496E-002    -0.275869589523E+003    -0.283001787092E+000    -0.312879372571E+001     0.640652602286E-002
     0.848637364120E-002    -0.275332203452E+003    -0.328807179439E+000    -0.372492889167E+001     0.820631945983E-002
     0.899655557408E-002    -0.274701914319E+003    -0.379520553407E+000    -0.441261253251E+001     0.104658659504E-001
     0.953734839373E-002    -0.273966725964E+003    -0.435088198708E+000    -0.520080895663E+001     0.132882509591E-001
     0.101105887516E-001    -0.273113984425E+003    -0.495302951851E+000    -0.609826488070E+001     0.167955338939E-001
     0.107182234982E-001    -0.272130531632E+003    -0.559779507371E+000    -0.711323776616E+001     0.211311474585E-001
     0.113623162948E-001    -0.271002900014E+003    -0.627933166002E+000    -0.825318864129E+001     0.264623305310E-001
     0.120450546223E-001    -0.269717547127E+003    -0.698964264817E+000    -0.952444537570E+001     0.329825212633E-001
     0.127687572104E-001    -0.268261127177E+003    -0.771850742467E+000    -0.109318452151E+002     0.409136212592E-001
     0.135358819124E-001    -0.266620793752E+003    -0.845351340485E+000    -0.124783684225E+002     0.505080268563E-001
     0.143490340526E-001    -0.264784525537E+003    -0.918021762336E+000    -0.141647779572E+002     0.620503111378E-001
     0.152109752747E-001    -0.262741464362E+003    -0.988245641090E+000    -0.159892830386E+002     0.758584320025E-001
     0.161246329208E-001    -0.260482252936E+003    -0.105428135459E+001    -0.179472469004E+002     0.922843393238E-001
     0.170931099734E-001    -0.257999358277E+003    -0.111432455535E+001    -0.200309606912E+002     0.111713859852E+000
     0.181196955938E-001    -0.255287366309E+003    -0.116658478186E+001    -0.222295059140E+002     0.134565753835E+000
     0.192078762926E-001    -0.252343233574E+003    -0.120937278605E+001    -0.245287266159E+002     0.161289863668E+000
     0.203613477710E-001    -0.249166483393E+003    -0.124119341853E+001    -0.269113293618E+002     0.192364312706E+000
     0.215840274722E-001    -0.245759336123E+003    -0.126083730459E+001    -0.293571236195E+002     0.228291761109E+000
     0.228800678855E-001    -0.242126766148E+003    -0.126746340935E+001    -0.318434074950E+002     0.269594783060E+000
     0.242538706494E-001    -0.238276481625E+003    -0.126066423078E+001    -0.343454940453E+002     0.316810492102E+000
     0.257101015006E-001    -0.234218826608E+003    -0.124050601557E+001    -0.368373622611E+002     0.370484603398E+000
     0.272537061195E-001    -0.229966608626E+003    -0.120753818336E+001    -0.392924052618E+002     0.431165176615E+000
     0.288899269272E-001    -0.225534857955E+003    -0.116276900300E+001    -0.416842375946E+002     0.499396323840E+000
     0.306243208897E-001    -0.220940527602E+003    -0.110760820516E+001    -0.439875153478E+002     0.575712186865E+000
     0.324627783907E-001    -0.216202145131E+003    -0.104378114975E+001    -0.461787186171E+002     0.660631482783E+000
     0.344115432366E-001    -0.211339428947E+003    -0.973222805201E+000    -0.482368470646E+002     0.754652885321E+000
     0.364772338618E-001    -0.206372881669E+003    -0.897962731212E+000    -0.501439872016E+002     0.858251456861E+000
     0.386668658063E-001    -0.201323368081E+003    -0.820016112274E+000    -0.518857297853E+002     0.971876295923E+000
     0.409878755421E-001    -0.196211699005E+003    -0.741255420688E+000    -0.534514155459E+002     0.109594948076E+001
     0.434481457293E-001    -0.191058436749E+003    -0.663299032620E+000    -0.548338601727E+002     0.123086546196E+001
     0.460560319869E-001    -0.185883628581E+003    -0.587489264168E+000    -0.560291417516E+002     0.137699112292E+001
     0.488203912708E-001    -0.180706451793E+003    -0.514902405349E+000    -0.570364999857E+002     0.153466692588E+001
     0.517506119535E-001    -0.175544881589E+003    -0.446357312761E+000    -0.578581571593E+002     0.170420913969E+001
     0.548566457095E-001    -0.170415444149E+003    -0.382428290315E+000    -0.584989850723E+002     0.188591284462E+001
     0.581490413132E-001    -0.165333063841E+003    -0.323466870692E+000    -0.589660557073E+002     0.208005534823E+001
     0.616389804647E-001    -0.160310991181E+003    -0.269630575945E+000    -0.592681466244E+002     0.228689971400E+001
     0.653383157655E-001    -0.155360794110E+003    -0.220915626351E+000    -0.594152596848E+002     0.250669820088E+001
     0.692596109728E-001    -0.150492397237E+003    -0.177191068200E+000    -0.594181883504E+002     0.273969549409E+001
     0.734161836681E-001    -0.145714156603E+003    -0.138232012998E+000    -0.592881493814E+002     0.298613166678E+001
     0.778221504872E-001    -0.141032959703E+003    -0.103749925569E+000    -0.590364821860E+002     0.324624485007E+001
     0.824924750635E-001    -0.136454342116E+003    -0.734184870860E-001    -0.586744120798E+002     0.352027361333E+001
     0.874430188470E-001    -0.131982613426E+003    -0.468943570421E-001    -0.582128703747E+002     0.380845907039E+001
     0.926905949743E-001    -0.127620986326E+003    -0.238328867188E-001    -0.576623630323E+002     0.411104673593E+001
     0.982530253690E-001    -0.123371703965E+003    -0.389932517844E-002    -0.570328796325E+002     0.442828815984E+001
     0.104149201269E+000    -0.119236161729E+003     0.132237102942E-001    -0.563338350545E+002     0.476044236959E+001
     0.110399147386E+000    -0.115215020586E+003     0.278316838059E-001    -0.555740372763E+002     0.510777715161E+001
     0.117024089912E+000    -0.111308309761E+003     0.401959122775E-001    -0.547616760830E+002     0.547057020603E+001
     0.124046528610E+000    -0.107515517217E+003     0.505610204051E-001    -0.539043283279E+002     0.584911021381E+001
     0.131490313229E+000    -0.103835663462E+003     0.591413710491E-001    -0.530089816222E+002     0.624369790144E+001
     0.139380724499E+000    -0.100267333621E+003     0.661032469845E-001    -0.520821050718E+002     0.665464746126E+001
     0.147744559993E+000    -0.968088499024E+002     0.717437083659E-001    -0.511295156078E+002     0.708228673970E+001
     0.156610225139E+000    -0.934588149173E+002     0.763186683373E-001    -0.501557095014E+002     0.752695098006E+001
     0.166007829686E+000    -0.902155182148E+002     0.799440984350E-001    -0.491651605542E+002     0.798898632724E+001
     0.175969289968E+000    -0.870768143528E+002     0.826963191965E-001    -0.481623352974E+002     0.846875422463E+001
     0.185969289968E+000    -0.841914165582E+002     0.845362141586E-001    -0.471991624833E+002     0.894074660650E+001
     0.195969289968E+000    -0.815379359668E+002     0.856200520121E-001    -0.462796987510E+002     0.940354438602E+001
     0.205969289968E+000    -0.790879413715E+002     0.861088697752E-001    -0.454031751290E+002     0.985757695386E+001
     0.215969289968E+000    -0.768174884219E+002     0.861443804851E-001    -0.445679760274E+002     0.103032575467E+002
     0.225969289968E+000    -0.747063122854E+002     0.858411338058E-001    -0.437720446806E+002     0.107409788352E+002
     0.235969289968E+000    -0.727371535003E+002     0.852871363225E-001    -0.430131486956E+002     0.111711111677E+002
     0.245969289968E+000    -0.708952151272E+002     0.845485586268E-001    -0.422890333007E+002     0.115940023459E+002
     0.255969289968E+000    -0.691677304022E+002     0.836749359709E-001    -0.415975038433E+002     0.120099782259E+002
     0.265969289968E+000    -0.675436180742E+002     0.827034768162E-001    -0.409364674003E+002     0.124193437353E+002
     0.275969289968E+000    -0.660132060527E+002     0.816622887903E-001    -0.403039514205E+002     0.128223840768E+002
     0.285969289968E+000    -0.645680081828E+002     0.805727154778E-001    -0.396981095818E+002     0.132193659903E+002
     0.295969289968E+000    -0.632005425514E+002     0.794510237225E-001    -0.391172206062E+002     0.136105390032E+002
     0.305969289968E+000    -0.619041825103E+002     0.783096343204E-001    -0.385596832990E+002     0.139961366314E+002
     0.315969289968E+000    -0.606730336893E+002     0.771580350171E-001    -0.380240096949E+002     0.143763775112E+002
     0.325969289968E+000    -0.595018318217E+002     0.760034762799E-001    -0.375088174071E+002     0.147514664553E+002
     0.335969289968E+000    -0.583858573570E+002     0.748515408534E-001    -0.370128218251E+002     0.151215954304E+002
     0.345969289968E+000    -0.573208635366E+002     0.737070395830E-001    -0.365348286886E+002     0.154869444608E+002
     0.355969289968E+000    -0.563030166978E+002     0.725721238310E-001    -0.360737258725E+002     0.158476824495E+002
     0.365969289968E+000    -0.553288451039E+002     0.714471899126E-001    -0.356284771723E+002     0.162039679376E+002
     0.375969289968E+000    -0.543951948593E+002     0.703323074378E-001    -0.351981167130E+002     0.165559498074E+002
     0.385969289968E+000    -0.534991922313E+002     0.692277440967E-001    -0.347817433497E+002     0.169037679299E+002
     0.395969289968E+000    -0.526382115035E+002     0.681338957766E-001    -0.343785153350E+002     0.172475537584E+002
     0.405969289968E+000    -0.518098474274E+002     0.670510919535E-001    -0.339876454994E+002     0.175874308748E+002
     0.415969289968E+000    -0.510118914680E+002     0.659794609024E-001    -0.336083969822E+002     0.179235154922E+002
     0.425969289968E+000    -0.502423112045E+002     0.649188668334E-001    -0.332400794564E+002     0.182559169207E+002
     0.435969289968E+000    -0.494992323766E+002     0.638688827662E-001    -0.328820457870E+002     0.185847379989E+002
     0.445969289968E+000    -0.487809231520E+002     0.628287607557E-001    -0.325336890839E+002     0.189100754964E+002
     0.455969289968E+000    -0.480857802394E+002     0.617973602448E-001    -0.321944401500E+002     0.192320204910E+002
     0.465969289968E+000    -0.474123164713E+002     0.607729708397E-001    -0.318637653887E+002     0.195506587244E+002
     0.475969289968E+000    -0.467591493767E+002     0.597528656033E-001    -0.315411654067E+002     0.198660709445E+002
     0.485969289968E+000    -0.461249897484E+002     0.587319822729E-001    -0.312261751761E+002     0.201783332486E+002
     0.495969289968E+000    -0.455086256017E+002     0.576966935287E-001    -0.309183707425E+002     0.204875174943E+002
     0.505969289968E+000    -0.449089189790E+002     0.566457539599E-001    -0.306173659825E+002     0.207936916782E+002
     0.515969289968E+000    -0.443249301625E+002     0.557102429835E-001    -0.303226222081E+002     0.210969184120E+002
     0.525969289968E+000    -0.437558125255E+002     0.548623037271E-001    -0.300336265114E+002     0.213972551782E+002
     0.535969289968E+000    -0.432007024397E+002     0.540429234510E-001    -0.297500518944E+002     0.216947561880E+002
     0.545969289968E+000    -0.426587436812E+002     0.532351153350E-001    -0.294716464114E+002     0.219894731329E+002
     0.555969289968E+000    -0.421291271229E+002     0.524282174112E-001    -0.291981515333E+002     0.222814551190E+002
     0.565969289968E+000    -0.416110965676E+002     0.516224898964E-001    -0.289293076648E+002     0.225707486562E+002
     0.575969289968E+000    -0.411039464980E+002     0.508244782666E-001    -0.286648612326E+002     0.228573977191E+002
     0.585969289968E+000    -0.406070241381E+002     0.500297522250E-001    -0.284045604127E+002     0.231414437638E+002
     0.595969289968E+000    -0.401197230380E+002     0.492346720697E-001    -0.281481660484E+002     0.234229258549E+002
     0.605969289968E+000    -0.396414777692E+002     0.484383110296E-001    -0.278954541902E+002     0.237018808173E+002
     0.615969289968E+000    -0.391717602847E+002     0.476416050101E-001    -0.276462154138E+002     0.239783433820E+002
     0.625969289968E+000    -0.387100774215E+002     0.468457578362E-001    -0.274002533207E+002     0.242523463156E+002
     0.635969289968E+000    -0.382559701716E+002     0.460479177932E-001    -0.271573817000E+002     0.245239205230E+002
     0.645969289968E+000    -0.378090112059E+002     0.452436668987E-001    -0.269174260153E+002     0.247930951634E+002
     0.655969289968E+000    -0.373688012837E+002     0.444306897393E-001    -0.266802249897E+002     0.250598977833E+002
     0.665969289968E+000    -0.369349663823E+002     0.436090435402E-001    -0.264456300781E+002     0.253243544436E+002
     0.675969289968E+000    -0.365071556912E+002     0.427796659757E-001    -0.262135042652E+002     0.255864898353E+002
     0.685969289968E+000    -0.360850401431E+002     0.419420706035E-001    -0.259837211511E+002     0.258463273854E+002
     0.695969289968E+000    -0.356683101620E+002     0.410933219218E-001    -0.257561656901E+002     0.261038893701E+002
     0.705969289968E+000    -0.352566714041E+002     0.402264628700E-001    -0.255307371336E+002     0.263591970583E+002
     0.715969289968E+000    -0.348498327609E+002     0.393204315934E-001    -0.253073604074E+002     0.266122709679E+002
     0.725969289968E+000    -0.344475125515E+002     0.383745116632E-001    -0.250859818453E+002     0.268631310798E+002
     0.735969289968E+000    -0.340495948958E+002     0.375835428124E-001    -0.248663425266E+002     0.271117947891E+002
     0.745969289968E+000    -0.336560389451E+002     0.369344753503E-001    -0.246481383277E+002     0.273582764491E+002
     0.755969289968E+000    -0.332667059264E+002     0.363384837439E-001    -0.244313099017E+002     0.276025898184E+002
