 #        time                      h  [L]            Darcian flow [L.T^{-1}]   in    x         z              directions   cumulative flux
 #-----------------------------------------------------------------------------------------------

     0.100000000000E-005     0.400000000000E+001    -0.180108398913E-012    -0.147069668609E+004     0.147069668609E-002
     0.205999994278E-005     0.400000000000E+001    -0.180015730971E-012    -0.146993999492E+004     0.302883299659E-002
     0.318359982147E-005     0.400000000000E+001    -0.179917568063E-012    -0.146913843394E+004     0.467955676275E-002
     0.437461562859E-005     0.400000000000E+001    -0.179813588505E-012    -0.146828937642E+004     0.642831261948E-002
     0.563709231599E-005     0.400000000000E+001    -0.179703452296E-012    -0.146739004602E+004     0.828085834390E-002
     0.697531753239E-005     0.400000000000E+001    -0.179586800139E-012    -0.146643750887E+004     0.102432819966E-001
     0.839383618521E-005     0.400000000000E+001    -0.179463252419E-012    -0.146542866518E+004     0.123220198925E-001
     0.989746587602E-005     0.400000000000E+001    -0.179332408137E-012    -0.146436024053E+004     0.145238754282E-001
     0.114913132622E-004     0.400000000000E+001    -0.179193843791E-012    -0.146322877678E+004     0.168560387895E-001
     0.131807914004E-004     0.400000000000E+001    -0.179047112224E-012    -0.146203062261E+004     0.193261075638E-001
     0.149716381303E-004     0.400000000000E+001    -0.178891741412E-012    -0.146076192366E+004     0.219421082778E-001
     0.168699355614E-004     0.400000000000E+001    -0.178727233216E-012    -0.145941861229E+004     0.247125188805E-001
     0.188821307298E-004     0.400000000000E+001    -0.178553062078E-012    -0.145799639702E+004     0.276462921861E-001
     0.210150574931E-004     0.400000000000E+001    -0.178368673683E-012    -0.145649075152E+004     0.307528802905E-001
     0.232759597402E-004     0.400000000000E+001    -0.178173483565E-012    -0.145489690325E+004     0.340422599684E-001
     0.256725159928E-004     0.400000000000E+001    -0.177966875677E-012    -0.145320982181E+004     0.375249590531E-001
     0.282128654833E-004     0.400000000000E+001    -0.177748200921E-012    -0.145142420692E+004     0.412120837978E-001
     0.309056357980E-004     0.400000000000E+001    -0.177516775634E-012    -0.144953447604E+004     0.451153472049E-001
     0.337599721774E-004     0.400000000000E+001    -0.177271880046E-012    -0.144753475181E+004     0.492470983075E-001
     0.367855685763E-004     0.400000000000E+001    -0.177012756708E-012    -0.144541884919E+004     0.536203523725E-001
     0.399927005860E-004     0.400000000000E+001    -0.176738608893E-012    -0.144318026239E+004     0.582488219878E-001
     0.433922603327E-004     0.400000000000E+001    -0.176448598978E-012    -0.144081215173E+004     0.631469489814E-001
     0.469957934698E-004     0.400000000000E+001    -0.176141846830E-012    -0.143830733034E+004     0.683299371075E-001
     0.508155383889E-004     0.400000000000E+001    -0.175817428171E-012    -0.143565825096E+004     0.738137854172E-001
     0.548644677845E-004     0.400000000000E+001    -0.175474372978E-012    -0.143285699273E+004     0.796153222148E-001
     0.591563327122E-004     0.400000000000E+001    -0.175111663887E-012    -0.142989524823E+004     0.857522394810E-001
     0.637057092900E-004     0.400000000000E+001    -0.174728234653E-012    -0.142676431094E+004     0.922431276191E-001
     0.685280482021E-004     0.400000000000E+001    -0.174322968659E-012    -0.142345506296E+004     0.991075103589E-001
     0.736397271730E-004     0.400000000000E+001    -0.173894697505E-012    -0.141995796360E+004     0.106365879621E+000
     0.790581065897E-004     0.400000000000E+001    -0.173442199701E-012    -0.141626303863E+004     0.114039730118E+000
     0.848015884613E-004     0.400000000000E+001    -0.172964199481E-012    -0.141235987063E+004     0.122151593431E+000
     0.908896789166E-004     0.400000000000E+001    -0.172459365780E-012    -0.140823759063E+004     0.130725071266E+000
     0.973430544509E-004     0.400000000000E+001    -0.171926311404E-012    -0.140388487133E+004     0.139784867547E+000
     0.104183632148E-003     0.400000000000E+001    -0.171363592424E-012    -0.139928992215E+004     0.149356818980E+000
     0.111434644115E-003     0.400000000000E+001    -0.170769707845E-012    -0.139444048654E+004     0.159467923636E+000
     0.119120716386E-003     0.400000000000E+001    -0.170143099600E-012    -0.138932384193E+004     0.170146367092E+000
     0.127267952553E-003     0.400000000000E+001    -0.169482152917E-012    -0.138392680269E+004     0.181421545592E+000
     0.135904022424E-003     0.400000000000E+001    -0.168785197119E-012    -0.137823572671E+004     0.193324085626E+000
     0.145058255993E-003     0.400000000000E+001    -0.168050506928E-012    -0.137223652603E+004     0.205885859297E+000
     0.154761743052E-003     0.400000000000E+001    -0.167276304344E-012    -0.136591468218E+004     0.219139994740E+000
     0.165047438780E-003     0.400000000000E+001    -0.166460761183E-012    -0.135925526690E+004     0.233120880831E+000
     0.175950275662E-003     0.400000000000E+001    -0.165602002352E-012    -0.135224296889E+004     0.247864165347E+000
     0.187507282134E-003     0.400000000000E+001    -0.164698109972E-012    -0.134486212749E+004     0.263406745658E+000
     0.199757708333E-003     0.400000000000E+001    -0.163747128443E-012    -0.133709677400E+004     0.279786751008E+000
     0.212743159403E-003     0.400000000000E+001    -0.162747070562E-012    -0.132893068169E+004     0.297043515351E+000
     0.226507736794E-003     0.400000000000E+001    -0.161695924831E-012    -0.132034742543E+004     0.315217539671E+000
     0.241098188040E-003     0.400000000000E+001    -0.160591664053E-012    -0.131133045189E+004     0.334350442697E+000
     0.256564065527E-003     0.400000000000E+001    -0.159432255378E-012    -0.130186316160E+004     0.354484898859E+000
     0.272957894778E-003     0.400000000000E+001    -0.158215671928E-012    -0.129192900384E+004     0.375664562352E+000
     0.290335352846E-003     0.400000000000E+001    -0.156939906131E-012    -0.128151158555E+004     0.397933976194E+000
     0.308755457403E-003     0.400000000000E+001    -0.155602984936E-012    -0.127059479553E+004     0.421338465178E+000
     0.328280767180E-003     0.400000000000E+001    -0.154202987020E-012    -0.125916294500E+004     0.445924011739E+000
     0.348977594427E-003     0.400000000000E+001    -0.152738062148E-012    -0.124720092564E+004     0.471737113838E+000
     0.370916230124E-003     0.400000000000E+001    -0.151206452801E-012    -0.123469438622E+004     0.498824624175E+000
     0.394171182707E-003     0.400000000000E+001    -0.149606518173E-012    -0.122162992854E+004     0.527233570238E+000
     0.418821431115E-003     0.400000000000E+001    -0.147936760640E-012    -0.120799532357E+004     0.557010955039E+000
     0.444950693017E-003     0.400000000000E+001    -0.146195854727E-012    -0.119377974800E+004     0.588203538728E+000
     0.472647709137E-003     0.400000000000E+001    -0.144382678596E-012    -0.117897404131E+004     0.620857601755E+000
     0.502006544641E-003     0.400000000000E+001    -0.142496347989E-012    -0.116357098298E+004     0.655018690841E+000
     0.533126908594E-003     0.400000000000E+001    -0.140536252498E-012    -0.114756558867E+004     0.690731349621E+000
     0.566114492604E-003     0.400000000000E+001    -0.138502093955E-012    -0.113095542365E+004     0.728038836670E+000
     0.601081329767E-003     0.400000000000E+001    -0.136393926600E-012    -0.111374093081E+004     0.766982834439E+000
     0.638146175159E-003     0.400000000000E+001    -0.134212198580E-012    -0.109592576956E+004     0.807603153649E+000
     0.677434909153E-003     0.400000000000E+001    -0.131957794173E-012    -0.107751716058E+004     0.849937438746E+000
     0.719080964939E-003     0.400000000000E+001    -0.129632075954E-012    -0.105852623013E+004     0.894020881177E+000
     0.763225781689E-003     0.400000000000E+001    -0.127236925934E-012    -0.103896834600E+004     0.939885948420E+000
     0.810019284919E-003     0.400000000000E+001    -0.124774784502E-012    -0.101886343547E+004     0.987562137878E+000
     0.859620395664E-003     0.400000000000E+001    -0.122248685761E-012    -0.998236273888E+003     0.103707576585E+001
     0.912197570216E-003     0.400000000000E+001    -0.119662287657E-012    -0.977116730638E+003     0.108844980275E+001
     0.967929372233E-003     0.400000000000E+001    -0.117019895054E-012    -0.955539957606E+003     0.114170376649E+001
     0.102700507918E-002     0.400000000000E+001    -0.114326473757E-012    -0.933546503666E+003     0.119685368616E+001
     0.108962532517E-002     0.400000000000E+001    -0.111587653321E-012    -0.911182337626E+003     0.125391214828E+001
     0.115600278233E-002     0.400000000000E+001    -0.108809716441E-012    -0.888498761574E+003     0.131288843677E+001
     0.122636288312E-002     0.400000000000E+001    -0.105999572736E-012    -0.865552196844E+003     0.137378877658E+001
     0.130094458593E-002     0.400000000000E+001    -0.103164714944E-012    -0.842403826274E+003     0.143661668840E+001
     0.138000118665E-002     0.400000000000E+001    -0.100313155852E-012    -0.819119079249E+003     0.150137345839E+001
     0.146380117888E-002     0.400000000000E+001    -0.974533448665E-013    -0.795766950392E+003     0.156805872265E+001
     0.155262916586E-002     0.400000000000E+001    -0.945940638457E-013    -0.772419149028E+003     0.163667116076E+001
     0.164678682697E-002     0.400000000000E+001    -0.917443028460E-013    -0.749149084535E+003     0.170720928638E+001
     0.174659394236E-002     0.400000000000E+001    -0.889131175896E-013    -0.726030702497E+003     0.177967231648E+001
     0.185238947896E-002     0.400000000000E+001    -0.861094718491E-013    -0.703137197672E+003     0.185406109361E+001
     0.196453274170E-002     0.400000000000E+001    -0.833420693895E-013    -0.680539641696E+003     0.193037902946E+001
     0.208340459379E-002     0.400000000000E+001    -0.806191815413E-013    -0.658305575105E+003     0.200863303241E+001
     0.220940875020E-002     0.400000000000E+001    -0.779484777456E-013    -0.636497623640E+003     0.208883437854E+001
     0.234297314879E-002     0.400000000000E+001    -0.753368673407E-013    -0.615172206330E+003     0.217099948430E+001
     0.248455140365E-002     0.400000000000E+001    -0.727903612665E-013    -0.594378406225E+003     0.225515054178E+001
     0.263462434571E-002     0.400000000000E+001    -0.703139620997E-013    -0.574157072461E+003     0.234131598285E+001
     0.279370165569E-002     0.400000000000E+001    -0.679115897675E-013    -0.554540213674E+003     0.242953074832E+001
     0.296232359518E-002     0.400000000000E+001    -0.655860483995E-013    -0.535550727321E+003     0.251983635065E+001
     0.314106284138E-002     0.400000000000E+001    -0.633390371260E-013    -0.517202487853E+003     0.261228073347E+001
     0.333052643213E-002     0.400000000000E+001    -0.611712044162E-013    -0.499500790422E+003     0.270691794680E+001
     0.353135782749E-002     0.400000000000E+001    -0.590822420814E-013    -0.482443118478E+003     0.280380767147E+001
     0.374423909507E-002     0.400000000000E+001    -0.570710117510E-013    -0.466020176517E+003     0.290301463736E+001
     0.396989322653E-002     0.400000000000E+001    -0.551356939074E-013    -0.450217107053E+003     0.300460798762E+001
     0.420908659296E-002     0.400000000000E+001    -0.532739478529E-013    -0.435014796838E+003     0.310866064132E+001
     0.446263154769E-002     0.400000000000E+001    -0.514830705730E-013    -0.420391174083E+003     0.321524870253E+001
     0.473138918520E-002     0.400000000000E+001    -0.497601434761E-013    -0.406322406678E+003     0.332445095261E+001
     0.501627226558E-002     0.400000000000E+001    -0.481021583017E-013    -0.392783930315E+003     0.343634844860E+001
     0.531824831448E-002     0.400000000000E+001    -0.465061167574E-013    -0.379751262076E+003     0.355102423429E+001
     0.563834290904E-002     0.400000000000E+001    -0.449691021246E-013    -0.367200585148E+003     0.366856315671E+001
     0.597764316095E-002     0.400000000000E+001    -0.434883245524E-013    -0.355109118668E+003     0.378905177014E+001
     0.633730140856E-002     0.400000000000E+001    -0.420611444532E-013    -0.343455308767E+003     0.391257830462E+001
     0.671853913045E-002     0.400000000000E+001    -0.406850799215E-013    -0.332218889151E+003     0.403923267709E+001
     0.712265109384E-002     0.400000000000E+001    -0.393578042693E-013    -0.321380860969E+003     0.416910652781E+001
     0.755100975191E-002     0.400000000000E+001    -0.380771387661E-013    -0.310923433537E+003     0.430229327256E+001
     0.800506990496E-002     0.400000000000E+001    -0.368410439035E-013    -0.300829953004E+003     0.443888816706E+001
     0.848637364120E-002     0.400000000000E+001    -0.356476105251E-013    -0.291084829928E+003     0.457898838327E+001
     0.899655557408E-002     0.400000000000E+001    -0.344950505460E-013    -0.281673463483E+003     0.472269309531E+001
     0.953734839373E-002     0.400000000000E+001    -0.333816861281E-013    -0.272582153085E+003     0.487010356647E+001
     0.101105887516E-001     0.400000000000E+001    -0.323059362639E-013    -0.263797988827E+003     0.502132321999E+001
     0.107182234982E-001     0.400000000000E+001    -0.312663005959E-013    -0.255308719360E+003     0.517645766898E+001
     0.113623162948E-001     0.400000000000E+001    -0.302613416204E-013    -0.247102606575E+003     0.533561467789E+001
     0.120450546223E-001     0.400000000000E+001    -0.292896676779E-013    -0.239168286712E+003     0.549890403396E+001
     0.127687572104E-001     0.400000000000E+001    -0.283499198535E-013    -0.231494663386E+003     0.566643732099E+001
     0.135358819124E-001     0.400000000000E+001    -0.274407657773E-013    -0.224070856972E+003     0.583832761037E+001
     0.143490340526E-001     0.400000000000E+001    -0.265609022751E-013    -0.216886226246E+003     0.601468910942E+001
     0.152109752747E-001     0.400000000000E+001    -0.257090670724E-013    -0.209930463953E+003     0.619563683008E+001
     0.161246329208E-001     0.400000000000E+001    -0.248840577379E-013    -0.203193751498E+003     0.638128635478E+001
     0.170931099734E-001     0.400000000000E+001    -0.240847542668E-013    -0.196666943347E+003     0.657175377641E+001
     0.181196955938E-001     0.400000000000E+001    -0.233101406317E-013    -0.190341743006E+003     0.676715587273E+001
     0.192078762926E-001     0.400000000000E+001    -0.225593205455E-013    -0.184210831737E+003     0.696761054434E+001
     0.203613477710E-001     0.400000000000E+001    -0.218315236335E-013    -0.178267918952E+003     0.717323750437E+001
     0.215840274722E-001     0.400000000000E+001    -0.211260999671E-013    -0.172507697581E+003     0.738415916450E+001
     0.228800678855E-001     0.400000000000E+001    -0.204425030616E-013    -0.166925705239E+003     0.760050162451E+001
     0.242538706494E-001     0.400000000000E+001    -0.197802634553E-013    -0.161518108479E+003     0.782239564836E+001
     0.257101015006E-001     0.400000000000E+001    -0.191389564035E-013    -0.156281438998E+003     0.804997750129E+001
     0.272537061195E-001     0.400000000000E+001    -0.185181676755E-013    -0.151212314345E+003     0.828338952815E+001
     0.288899269272E-001     0.400000000000E+001    -0.179174607114E-013    -0.146307169739E+003     0.852278036359E+001
     0.306243208897E-001     0.400000000000E+001    -0.173363462379E-013    -0.141562009960E+003     0.876830465899E+001
     0.324627783907E-001     0.400000000000E+001    -0.167742509319E-013    -0.136972153470E+003     0.902012214197E+001
     0.344115432366E-001     0.400000000000E+001    -0.162304705965E-013    -0.132531850063E+003     0.927839555234E+001
     0.364772338618E-001     0.400000000000E+001    -0.157040523287E-013    -0.128233318698E+003     0.954328591660E+001
     0.386668658063E-001     0.400000000000E+001    -0.151932691715E-013    -0.124062457698E+003     0.981493703709E+001
     0.409878755421E-001     0.400000000000E+001    -0.146970530782E-013    -0.120010545803E+003     0.100934826823E+002
     0.434481457293E-001     0.400000000000E+001    -0.142293308678E-013    -0.116191304119E+003     0.103793446838E+002
     0.460560319869E-001     0.400000000000E+001    -0.137814623074E-013    -0.112534179790E+003     0.106728210248E+002
     0.488203912708E-001     0.400000000000E+001    -0.133504165881E-013    -0.109014424383E+003     0.109741760609E+002
     0.517506119535E-001     0.400000000000E+001    -0.129347417529E-013    -0.105620181769E+003     0.112836665021E+002
     0.548566457095E-001     0.400000000000E+001    -0.125335057643E-013    -0.102343841286E+003     0.116015499278E+002
     0.581490413132E-001     0.400000000000E+001    -0.121459853471E-013    -0.991794969416E+002     0.119280880675E+002
     0.616389804647E-001     0.400000000000E+001    -0.117715599352E-013    -0.961220814315E+002     0.122635482828E+002
     0.653383157655E-001     0.400000000000E+001    -0.114096691848E-013    -0.931670191990E+002     0.126082043258E+002
     0.692596109728E-001     0.400000000000E+001    -0.110597933520E-013    -0.903100662144E+002     0.129623367557E+002
     0.734161836681E-001     0.400000000000E+001    -0.107214432207E-013    -0.875472277244E+002     0.133262331720E+002
     0.778221504872E-001     0.400000000000E+001    -0.103941545239E-013    -0.848747127022E+002     0.137001883399E+002
     0.824924750635E-001     0.400000000000E+001    -0.100774846396E-013    -0.822889068636E+002     0.140845042440E+002
     0.874430188470E-001     0.400000000000E+001    -0.977101043710E-014    -0.797863550854E+002     0.144794900882E+002
     0.926905949743E-001     0.400000000000E+001    -0.947432661070E-014    -0.773637477948E+002     0.148854622442E+002
     0.982530253690E-001     0.400000000000E+001    -0.918704400477E-014    -0.750179072951E+002     0.153027441319E+002
     0.104149201269E+000     0.400000000000E+001    -0.890878741440E-014    -0.727457698057E+002     0.157316659867E+002
     0.110399147386E+000     0.400000000000E+001    -0.863919204903E-014    -0.705443565855E+002     0.161725644142E+002
     0.117024089912E+000     0.400000000000E+001    -0.837789685497E-014    -0.684107194074E+002     0.166257814984E+002
     0.124046528610E+000     0.400000000000E+001    -0.812452967640E-014    -0.663418193887E+002     0.170916628582E+002
     0.131490313229E+000     0.400000000000E+001    -0.787866395420E-014    -0.643341734097E+002     0.175705525887E+002
     0.139380724499E+000     0.400000000000E+001    -0.763960385158E-014    -0.623820995319E+002     0.180627730099E+002
     0.147744559993E+000     0.400000000000E+001    -0.740774976572E-014    -0.604888672462E+002     0.185686919448E+002
     0.156610225139E+000     0.400000000000E+001    -0.718648434014E-014    -0.586820979334E+002     0.190889477751E+002
     0.166007829686E+000     0.400000000000E+001    -0.697258120367E-014    -0.569354462734E+002     0.196240045839E+002
     0.175969289968E+000     0.400000000000E+001    -0.676536209364E-014    -0.552433738311E+002     0.201743092581E+002
     0.185969289968E+000     0.400000000000E+001    -0.657549873406E-014    -0.536930218462E+002     0.207112394766E+002
     0.195969289968E+000     0.400000000000E+001    -0.640074313093E-014    -0.522660340548E+002     0.212338998171E+002
     0.205969289968E+000     0.400000000000E+001    -0.623900241817E-014    -0.509453209082E+002     0.217433530262E+002
     0.215969289968E+000     0.400000000000E+001    -0.608867539246E-014    -0.497178075891E+002     0.222405311021E+002
     0.225969289968E+000     0.400000000000E+001    -0.594845518755E-014    -0.485728227248E+002     0.227262593294E+002
     0.235969289968E+000     0.400000000000E+001    -0.581724785587E-014    -0.475014335555E+002     0.232012736649E+002
     0.245969289968E+000     0.400000000000E+001    -0.569412393238E-014    -0.464960504232E+002     0.236662341691E+002
     0.255969289968E+000     0.400000000000E+001    -0.557828520831E-014    -0.455501554586E+002     0.241217357237E+002
     0.265969289968E+000     0.400000000000E+001    -0.546904035882E-014    -0.446581035661E+002     0.245683167594E+002
     0.275969289968E+000     0.400000000000E+001    -0.536578635596E-014    -0.438149706486E+002     0.250064664659E+002
     0.285969289968E+000     0.400000000000E+001    -0.526799392249E-014    -0.430164348297E+002     0.254366308142E+002
     0.295969289968E+000     0.400000000000E+001    -0.517519593349E-014    -0.422586817448E+002     0.258592176316E+002
     0.305969289968E+000     0.400000000000E+001    -0.508697803499E-014    -0.415383279369E+002     0.262746009110E+002
     0.315969289968E+000     0.400000000000E+001    -0.500297096853E-014    -0.408523581821E+002     0.266831244928E+002
     0.325969289968E+000     0.400000000000E+001    -0.492284423140E-014    -0.401980737207E+002     0.270851052300E+002
     0.335969289968E+000     0.400000000000E+001    -0.484630079564E-014    -0.395730491356E+002     0.274808357214E+002
     0.345969289968E+000     0.400000000000E+001    -0.477307264969E-014    -0.389750959462E+002     0.278705866808E+002
     0.355969289968E+000     0.400000000000E+001    -0.470291720884E-014    -0.384022332980E+002     0.282546090138E+002
     0.365969289968E+000     0.400000000000E+001    -0.463561411509E-014    -0.378526618313E+002     0.286331356321E+002
     0.375969289968E+000     0.400000000000E+001    -0.457096245983E-014    -0.373247410029E+002     0.290063830422E+002
     0.385969289968E+000     0.400000000000E+001    -0.450877843301E-014    -0.368169698900E+002     0.293745527411E+002
     0.395969289968E+000     0.400000000000E+001    -0.444889331906E-014    -0.363279708252E+002     0.297378324493E+002
     0.405969289968E+000     0.400000000000E+001    -0.439115175762E-014    -0.358564751949E+002     0.300963972013E+002
     0.415969289968E+000     0.400000000000E+001    -0.433541020566E-014    -0.354013108815E+002     0.304504103101E+002
     0.425969289968E+000     0.400000000000E+001    -0.428153554671E-014    -0.349613909063E+002     0.308000242191E+002
     0.435969289968E+000     0.400000000000E+001    -0.422940378864E-014    -0.345357027968E+002     0.311453812471E+002
     0.445969289968E+000     0.400000000000E+001    -0.417889876897E-014    -0.341232980144E+002     0.314866142272E+002
     0.455969289968E+000     0.400000000000E+001    -0.412991072788E-014    -0.337232803022E+002     0.318238470303E+002
     0.465969289968E+000     0.400000000000E+001    -0.408233445336E-014    -0.333347905388E+002     0.321571949357E+002
     0.475969289968E+000     0.400000000000E+001    -0.403606623684E-014    -0.329569818796E+002     0.324867647545E+002
     0.485969289968E+000     0.400000000000E+001    -0.399099712828E-014    -0.325889646799E+002     0.328126544013E+002
     0.495969289968E+000     0.400000000000E+001    -0.394698990772E-014    -0.322296184538E+002     0.331349505858E+002
     0.505969289968E+000     0.400000000000E+001    -0.390375249853E-014    -0.318765582145E+002     0.334537161679E+002
     0.515969289968E+000     0.400000000000E+001    -0.386225143646E-014    -0.315376763255E+002     0.337690929312E+002
     0.525969289968E+000     0.400000000000E+001    -0.382223231134E-014    -0.312108953700E+002     0.340812018849E+002
     0.535969289968E+000     0.400000000000E+001    -0.378322587300E-014    -0.308923836296E+002     0.343901257212E+002
     0.545969289968E+000     0.400000000000E+001    -0.374511291577E-014    -0.305811677161E+002     0.346959373983E+002
     0.555969289968E+000     0.400000000000E+001    -0.370782395229E-014    -0.302766802222E+002     0.349987042006E+002
     0.565969289968E+000     0.400000000000E+001    -0.367130192263E-014    -0.299784552182E+002     0.352984887528E+002
     0.575969289968E+000     0.400000000000E+001    -0.363549571252E-014    -0.296860753243E+002     0.355953495060E+002
     0.585969289968E+000     0.400000000000E+001    -0.360035983863E-014    -0.293991691411E+002     0.358893411974E+002
     0.595969289968E+000     0.400000000000E+001    -0.356585196822E-014    -0.291173909955E+002     0.361805151074E+002
     0.605969289968E+000     0.400000000000E+001    -0.353193218868E-014    -0.288404149763E+002     0.364689192571E+002
     0.615969289968E+000     0.400000000000E+001    -0.349856277240E-014    -0.285679330141E+002     0.367545985873E+002
     0.625969289968E+000     0.400000000000E+001    -0.346570802067E-014    -0.282996536069E+002     0.370375951233E+002
     0.635969289968E+000     0.400000000000E+001    -0.343333434872E-014    -0.280353025143E+002     0.373179481485E+002
     0.645969289968E+000     0.400000000000E+001    -0.340140964307E-014    -0.277746175096E+002     0.375956943236E+002
     0.655969289968E+000     0.400000000000E+001    -0.336990256154E-014    -0.275173426648E+002     0.378708677502E+002
     0.665969289968E+000     0.400000000000E+001    -0.333878192064E-014    -0.272632233471E+002     0.381434999837E+002
     0.675969289968E+000     0.400000000000E+001    -0.330801587068E-014    -0.270119994841E+002     0.384136199785E+002
     0.685969289968E+000     0.400000000000E+001    -0.327757041370E-014    -0.267633934615E+002     0.386812539132E+002
     0.695969289968E+000     0.400000000000E+001    -0.324740614689E-014    -0.265170835309E+002     0.389464247485E+002
     0.705969289968E+000     0.400000000000E+001    -0.321747007756E-014    -0.262726369742E+002     0.392091511182E+002
     0.715969289968E+000     0.400000000000E+001    -0.318766687928E-014    -0.260292753919E+002     0.394694438721E+002
     0.725969289968E+000     0.400000000000E+001    -0.315771403673E-014    -0.257846918714E+002     0.397272907908E+002
     0.735969289968E+000     0.400000000000E+001    -0.312869452132E-014    -0.255477295454E+002     0.399827680863E+002
     0.745969289968E+000     0.400000000000E+001    -0.310085123568E-014    -0.253203718643E+002     0.402359718049E+002
     0.755969289968E+000     0.400000000000E+001    -0.307340082179E-014    -0.250962222245E+002     0.404869340272E+002
