 #        time                      h  [L]            Darcian flow [L.T^{-1}]   in    x         z              directions   cumulative flux
 #-----------------------------------------------------------------------------------------------

     0.100000000000E-005    -0.280000000000E+003     0.218573306070E-013     0.137083281349E-013     0.258004101037E-019
     0.205999994278E-005    -0.280000000000E+003     0.218573306070E-013    -0.162415266694E-015     0.489698189228E-019
     0.318359982147E-005    -0.280000000000E+003     0.218573306070E-013    -0.162415266694E-015     0.735293909454E-019
     0.437461562859E-005    -0.280000000000E+003     0.218573306070E-013    -0.162415266694E-015     0.995625358840E-019
     0.563709231599E-005    -0.280000000000E+003     0.109286653035E-013    -0.701657933414E-014     0.115958609428E-018
     0.697531753239E-005    -0.280000000000E+003     0.109286653035E-013     0.685416406745E-014     0.133221989125E-018
     0.839383618521E-005    -0.280000000000E+003    -0.109286653035E-013     0.701657933414E-014     0.151644615369E-018
     0.989746587602E-005    -0.280000000000E+003    -0.109286653035E-013     0.208873227357E-013     0.187090623604E-018
     0.114913132622E-004    -0.280000000000E+003    -0.109286653035E-013     0.347580661373E-013     0.245163539340E-018
     0.131807914004E-004    -0.280000000000E+003     0.339735230171E-029     0.277414868032E-013     0.292032174815E-018
     0.149716381303E-004    -0.280000000000E+003    -0.109286653035E-013     0.701657933414E-014     0.315290310969E-018
     0.168699355614E-004    -0.280000000000E+003    -0.109286653035E-013     0.701657933414E-014     0.339943933962E-018
     0.188821307298E-004    -0.280000000000E+003    -0.327859959105E-013    -0.669174880075E-014     0.407275875967E-018
     0.210150574931E-004    -0.280000000000E+003    -0.437146612140E-013     0.324830533388E-015     0.500518620927E-018
     0.232759597402E-004    -0.280000000000E+003    -0.546433265175E-013    -0.204000769357E-013     0.632390602420E-018
     0.256725159928E-004    -0.280000000000E+003    -0.655719918209E-013     0.487245800082E-015     0.789541907809E-018
     0.282128654833E-004    -0.280000000000E+003    -0.655719918209E-013     0.487245800082E-015     0.956122282530E-018
     0.309056357980E-004    -0.280000000000E+003    -0.874293224279E-013    -0.132210823348E-013     0.119422597251E-017
     0.337599721774E-004    -0.280000000000E+003    -0.765006571244E-013    -0.636691826737E-014     0.141333953160E-017
     0.367855685763E-004    -0.280000000000E+003    -0.983579877314E-013     0.766624040092E-014     0.171183366937E-017
     0.399927005860E-004    -0.280000000000E+003    -0.874293224279E-013     0.145204044684E-013     0.199607185831E-017
     0.433922603327E-004    -0.280000000000E+003    -0.874293224279E-013     0.649661066775E-015     0.229330126899E-017
     0.469957934698E-004    -0.280000000000E+003    -0.546433265175E-013    -0.652933353406E-014     0.249161104555E-017
     0.508155383889E-004    -0.280000000000E+003    -0.546433265175E-013    -0.652933353406E-014     0.270181939735E-017
     0.548644677845E-004    -0.280000000000E+003    -0.546433265175E-013    -0.204000769357E-013     0.293798190416E-017
     0.591563327122E-004    -0.280000000000E+003    -0.546433265175E-013    -0.652933353406E-014     0.317417198274E-017
     0.637057092900E-004    -0.280000000000E+003    -0.765006571244E-013     0.750382513422E-014     0.352387252961E-017
     0.685280482021E-004    -0.280000000000E+003    -0.655719918209E-013     0.143579892017E-013     0.384757462758E-017
     0.736397271730E-004    -0.280000000000E+003    -0.874293224279E-013     0.649661066775E-015     0.429449759446E-017
     0.790581065897E-004    -0.280000000000E+003    -0.983579877314E-013     0.766624040092E-014     0.482905484495E-017
     0.848015884613E-004    -0.280000000000E+003    -0.874293224279E-013     0.649661066775E-015     0.533121743632E-017
     0.908896789166E-004    -0.280000000000E+003    -0.655719918209E-013     0.143579892017E-013     0.573988378867E-017
     0.973430544509E-004    -0.280000000000E+003    -0.874293224279E-013     0.283911478700E-013     0.633310114059E-017
     0.104183632148E-003    -0.280000000000E+003    -0.874293224279E-013     0.283911478700E-013     0.696191149968E-017
     0.111434644115E-003    -0.280000000000E+003    -0.765006571244E-013     0.213745685358E-013     0.753786384517E-017
     0.119120716386E-003    -0.280000000000E+003    -0.874293224279E-013     0.283911478700E-013     0.824439508836E-017
     0.127267952553E-003    -0.280000000000E+003    -0.765006571244E-013     0.213745685358E-013     0.889153507388E-017
     0.135904022424E-003    -0.280000000000E+003    -0.109286653035E-012     0.146828197351E-013     0.984382215667E-017
     0.145058255993E-003    -0.280000000000E+003    -0.874293224279E-013     0.145204044684E-013     0.106551335598E-016
     0.154761743052E-003    -0.280000000000E+003    -0.874293224279E-013     0.649661066775E-015     0.115035262797E-016
     0.165047438780E-003    -0.280000000000E+003    -0.765006571244E-013     0.750382513422E-014     0.122941650320E-016
     0.175950275662E-003    -0.280000000000E+003    -0.765006571244E-013    -0.636691826737E-014     0.131311229360E-016
     0.187507282134E-003    -0.280000000000E+003    -0.874293224279E-013    -0.270918257364E-013     0.141889428434E-016
     0.199757708333E-003    -0.280000000000E+003    -0.983579877314E-013    -0.339459898039E-013     0.154636127271E-016
     0.212743159403E-003    -0.280000000000E+003    -0.983579877314E-013    -0.616874766070E-013     0.169712475605E-016
     0.226507736794E-003    -0.280000000000E+003    -0.874293224279E-013    -0.687040559412E-013     0.185017877173E-016
     0.241098188040E-003    -0.280000000000E+003    -0.983579877314E-013    -0.478167332054E-013     0.200974744524E-016
     0.256564065527E-003    -0.280000000000E+003    -0.131143983642E-012    -0.545084820062E-013     0.222939513678E-016
     0.272957894778E-003    -0.280000000000E+003    -0.120215318338E-012    -0.337835745372E-013     0.243410839960E-016
     0.290335352846E-003    -0.280000000000E+003    -0.109286653035E-012    -0.130586670681E-013     0.262537179003E-016
     0.308755457403E-003    -0.280000000000E+003    -0.109286653035E-012    -0.130586670681E-013     0.282811097293E-016
     0.328280767180E-003    -0.280000000000E+003    -0.153001314249E-012     0.113690686686E-014     0.312685902603E-016
     0.348977594427E-003    -0.280000000000E+003    -0.153001314249E-012     0.113690686686E-014     0.344353194521E-016
     0.370916230124E-003    -0.280000000000E+003    -0.163929979552E-012     0.815348620100E-014     0.380361652474E-016
     0.394171182707E-003    -0.280000000000E+003    -0.174858644856E-012     0.151700655351E-013     0.421177689387E-016
     0.418821431115E-003    -0.280000000000E+003    -0.207644640766E-012     0.847831673439E-014     0.472405258152E-016
     0.444950693017E-003    -0.280000000000E+003    -0.229501971373E-012    -0.523001140051E-014     0.532387998282E-016
     0.472647709137E-003    -0.280000000000E+003    -0.229501971373E-012     0.864073200108E-014     0.595998232706E-016
     0.502006544641E-003    -0.280000000000E+003    -0.229501971373E-012    -0.523001140051E-014     0.663394832240E-016
     0.533126908594E-003    -0.280000000000E+003    -0.240430636677E-012    -0.259549188695E-013     0.738652436242E-016
     0.566114492604E-003    -0.280000000000E+003    -0.229501971373E-012    -0.191007548021E-013     0.814621340857E-016
     0.601081329767E-003    -0.280000000000E+003    -0.240430636677E-012    -0.259549188695E-013     0.899180775583E-016
     0.638146175159E-003    -0.280000000000E+003    -0.229501971373E-012    -0.191007548021E-013     0.984539427594E-016
     0.677434909153E-003    -0.280000000000E+003    -0.240430636677E-012    -0.259549188695E-013     0.107955039819E-015
     0.719080964939E-003    -0.280000000000E+003    -0.229501971373E-012    -0.329714982037E-013     0.117611023810E-015
     0.763225781689E-003    -0.280000000000E+003    -0.218573306070E-012    -0.399880775378E-013     0.127420051409E-015
     0.810019284919E-003    -0.280000000000E+003    -0.229501971373E-012    -0.468422416053E-013     0.138380659240E-015
     0.859620395664E-003    -0.280000000000E+003    -0.218573306070E-012    -0.399880775378E-013     0.149402081461E-015
     0.912197570216E-003    -0.280000000000E+003    -0.229501971373E-012    -0.329714982037E-013     0.161592536143E-015
     0.967929372233E-003    -0.280000000000E+003    -0.251359301980E-012    -0.466798263386E-013     0.175840761803E-015
     0.102700507918E-002    -0.280000000000E+003    -0.240430636677E-012    -0.398256622711E-013     0.190237909673E-015
     0.108962532517E-002    -0.280000000000E+003    -0.218573306070E-012    -0.399880775378E-013     0.204152198288E-015
     0.115600278233E-002    -0.280000000000E+003    -0.218573306070E-012    -0.399880775378E-013     0.218901343424E-015
     0.122636288312E-002    -0.280000000000E+003    -0.207644640766E-012    -0.539242666720E-014     0.233516167012E-015
     0.130094458593E-002    -0.280000000000E+003    -0.218573306070E-012    -0.122465907347E-013     0.249843304273E-015
     0.138000118665E-002    -0.280000000000E+003    -0.207644640766E-012    -0.331339134704E-013     0.266466663567E-015
     0.146380117888E-002    -0.280000000000E+003    -0.207644640766E-012    -0.331339134704E-013     0.284087423468E-015
     0.155262916586E-002    -0.280000000000E+003    -0.196715975463E-012    -0.401504928045E-013     0.301921560916E-015
     0.164678682697E-002    -0.280000000000E+003    -0.207644640766E-012    -0.331339134704E-013     0.321720244602E-015
     0.174659394236E-002    -0.280000000000E+003    -0.207644640766E-012    -0.608754002736E-013     0.343316924926E-015
     0.185238947896E-002    -0.280000000000E+003    -0.218573306070E-012    -0.677295643410E-013     0.367525751191E-015
     0.196453274170E-002    -0.280000000000E+003    -0.207644640766E-012    -0.470046568720E-013     0.391400873950E-015
     0.208340459379E-002    -0.280000000000E+003    -0.207644640766E-012    -0.608754002736E-013     0.417122861597E-015
     0.220940875020E-002    -0.280000000000E+003    -0.196715975463E-012    -0.401504928045E-013     0.442420918223E-015
     0.234297314879E-002    -0.280000000000E+003    -0.174858644856E-012    -0.541836514728E-013     0.466871381254E-015
     0.248455140365E-002    -0.280000000000E+003    -0.185787310159E-012    -0.194255853355E-013     0.493318213656E-015
     0.263462434571E-002    -0.280000000000E+003    -0.207644640766E-012    -0.331339134704E-013     0.524874293901E-015
     0.279370165569E-002    -0.280000000000E+003    -0.207644640766E-012    -0.470046568720E-013     0.558741600872E-015
     0.296232359518E-002    -0.280000000000E+003    -0.229501971373E-012    -0.468422416053E-013     0.598238514391E-015
     0.314106284138E-002    -0.280000000000E+003    -0.229501971373E-012    -0.329714982037E-013     0.639680693424E-015
     0.333052643213E-002    -0.280000000000E+003    -0.229501971373E-012    -0.329714982037E-013     0.683609400827E-015
     0.353135782749E-002    -0.280000000000E+003    -0.229501971373E-012    -0.329714982037E-013     0.730173828160E-015
     0.374423909507E-002    -0.280000000000E+003    -0.240430636677E-012    -0.398256622711E-013     0.782054427587E-015
     0.396989322653E-002    -0.280000000000E+003    -0.229501971373E-012    -0.329714982037E-013     0.834374212491E-015
     0.420908659296E-002    -0.280000000000E+003    -0.262287967284E-012    -0.257925036029E-013     0.897414363219E-015
     0.446263154769E-002    -0.280000000000E+003    -0.262287967284E-012    -0.257925036029E-013     0.964236919385E-015
     0.473138918520E-002    -0.280000000000E+003    -0.273216632587E-012    -0.490518086712E-014     0.103767780919E-014
     0.501627226558E-002    -0.280000000000E+003    -0.262287967284E-012    -0.257925036029E-013     0.111275962519E-014
     0.531824831448E-002    -0.280000000000E+003    -0.262287967284E-012    -0.119217602013E-013     0.119204608427E-014
     0.563834290904E-002    -0.280000000000E+003    -0.295073963194E-012    -0.474276560043E-014     0.128650986468E-014
     0.597764316095E-002    -0.280000000000E+003    -0.295073963194E-012    -0.186135090020E-013     0.138682753259E-014
     0.633730140856E-002    -0.280000000000E+003    -0.295073963194E-012    -0.186135090020E-013     0.149316425483E-014
     0.671853913045E-002    -0.280000000000E+003    -0.284145297891E-012     0.211139846702E-014     0.160149415150E-014
     0.712265109384E-002    -0.280000000000E+003    -0.262287967284E-012     0.194898320033E-014     0.170749078312E-014
     0.755100975191E-002    -0.280000000000E+003    -0.262287967284E-012     0.158197266019E-013     0.182004827988E-014
     0.800506990496E-002    -0.280000000000E+003    -0.240430636677E-012     0.156573113352E-013     0.192944949438E-014
     0.848637364120E-002    -0.280000000000E+003    -0.229501971373E-012     0.225114754027E-013     0.204043976540E-014
     0.899655557408E-002    -0.280000000000E+003    -0.240430636677E-012     0.295280547368E-013     0.216402474092E-014
     0.953734839373E-002    -0.280000000000E+003    -0.240430636677E-012     0.156573113352E-013     0.229432331671E-014
     0.101105887516E-001    -0.280000000000E+003    -0.240430636677E-012     0.178656793363E-014     0.243215166588E-014
     0.107182234982E-001    -0.280000000000E+003    -0.240430636677E-012     0.156573113352E-013     0.257855512983E-014
     0.113623162948E-001    -0.280000000000E+003    -0.240430636677E-012     0.178656793363E-014     0.273341904625E-014
     0.120450546223E-001    -0.280000000000E+003    -0.240430636677E-012     0.156573113352E-013     0.289791796058E-014
     0.127687572104E-001    -0.280000000000E+003    -0.229501971373E-012    -0.523001140051E-014     0.306405225262E-014
     0.135358819124E-001    -0.280000000000E+003    -0.240430636677E-012     0.178656793363E-014     0.324849762502E-014
     0.143490340526E-001    -0.280000000000E+003    -0.251359301980E-012    -0.328090829370E-013     0.345462477122E-014
     0.152109752747E-001    -0.280000000000E+003    -0.229501971373E-012    -0.329714982037E-013     0.365447300377E-014
     0.161246329208E-001    -0.280000000000E+003    -0.229501971373E-012    -0.329714982037E-013     0.386631211884E-014
     0.170931099734E-001    -0.280000000000E+003    -0.229501971373E-012    -0.329714982037E-013     0.409086156869E-014
     0.181196955938E-001    -0.280000000000E+003    -0.229501971373E-012    -0.329714982037E-013     0.432888397268E-014
     0.192078762926E-001    -0.280000000000E+003    -0.218573306070E-012    -0.261173341362E-013     0.456842318381E-014
     0.203613477710E-001    -0.280000000000E+003    -0.218573306070E-012    -0.399880775378E-013     0.482472583495E-014
     0.215840274722E-001    -0.280000000000E+003    -0.218573306070E-012    -0.538588209394E-013     0.509996475782E-014
     0.228800678855E-001    -0.280000000000E+003    -0.196715975463E-012    -0.678919796077E-013     0.536967352648E-014
     0.242538706494E-001    -0.280000000000E+003    -0.196715975463E-012    -0.678919796077E-013     0.565556480583E-014
     0.257101015006E-001    -0.280000000000E+003    -0.196715975463E-012    -0.678919796077E-013     0.595860954558E-014
     0.272537061195E-001    -0.280000000000E+003    -0.207644640766E-012    -0.470046568720E-013     0.628724052050E-014
     0.288899269272E-001    -0.280000000000E+003    -0.196715975463E-012    -0.262797494029E-013     0.661197079118E-014
     0.306243208897E-001    -0.280000000000E+003    -0.196715975463E-012    -0.540212362061E-013     0.696578490211E-014
     0.324627783907E-001    -0.280000000000E+003    -0.207644640766E-012    -0.331339134704E-013     0.735236033428E-014
     0.344115432366E-001    -0.280000000000E+003    -0.196715975463E-012    -0.401504928045E-013     0.774361697871E-014
     0.364772338618E-001    -0.280000000000E+003    -0.196715975463E-012    -0.540212362061E-013     0.816501517761E-014
     0.386668658063E-001    -0.280000000000E+003    -0.196715975463E-012    -0.540212362061E-013     0.861169724433E-014
     0.409878755421E-001    -0.280000000000E+003    -0.196715975463E-012    -0.540212362061E-013     0.908518020950E-014
     0.434481457293E-001    -0.280000000000E+003    -0.196715975463E-012    -0.540212362061E-013     0.958707212549E-014
     0.460560319869E-001    -0.280000000000E+003    -0.196715975463E-012    -0.540212362061E-013     0.101190775277E-013
     0.488203912708E-001    -0.280000000000E+003    -0.196715975463E-012    -0.540212362061E-013     0.106830032236E-013
     0.517506119535E-001    -0.280000000000E+003    -0.196715975463E-012    -0.540212362061E-013     0.112807644290E-013
     0.548566457095E-001    -0.280000000000E+003    -0.207644640766E-012    -0.608754002736E-013     0.119528609809E-013
     0.581490413132E-001    -0.280000000000E+003    -0.207644640766E-012    -0.608754002736E-013     0.126652832874E-013
     0.616389804647E-001    -0.280000000000E+003    -0.218573306070E-012    -0.677295643410E-013     0.134638739776E-013
     0.653383157655E-001    -0.280000000000E+003    -0.196715975463E-012    -0.540212362061E-013     0.142185335641E-013
     0.692596109728E-001    -0.280000000000E+003    -0.207644640766E-012    -0.470046568720E-013     0.150533710938E-013
     0.734161836681E-001    -0.280000000000E+003    -0.196715975463E-012    -0.401504928045E-013     0.158878928620E-013
     0.778221504872E-001    -0.280000000000E+003    -0.174858644856E-012    -0.403129080712E-013     0.166785236430E-013
     0.824924750635E-001    -0.280000000000E+003    -0.163929979552E-012    -0.195880006022E-013     0.174495760973E-013
     0.874430188470E-001    -0.280000000000E+003    -0.142072648945E-012    -0.197504158689E-013     0.181596766256E-013
     0.926905949743E-001    -0.280000000000E+003    -0.142072648945E-012    -0.197504158689E-013     0.189123831451E-013
     0.982530253690E-001    -0.280000000000E+003    -0.142072648945E-012    -0.197504158689E-013     0.197102520126E-013
     0.104149201269E+000    -0.280000000000E+003    -0.153001314249E-012    -0.404753233379E-013     0.206434073806E-013
     0.110399147386E+000    -0.280000000000E+003    -0.142072648945E-012    -0.336211592705E-013     0.215558785360E-013
     0.117024089912E+000    -0.280000000000E+003    -0.142072648945E-012    -0.587967246729E-014     0.224979073489E-013
     0.124046528610E+000    -0.280000000000E+003    -0.142072648945E-012    -0.197504158689E-013     0.235051981937E-013
     0.131490313229E+000    -0.280000000000E+003    -0.131143983642E-012    -0.128962518014E-013     0.244861144109E-013
     0.139380724499E+000    -0.280000000000E+003    -0.131143983642E-012     0.974491600163E-015     0.255209229448E-013
     0.147744559993E+000    -0.280000000000E+003    -0.142072648945E-012    -0.587967246729E-014     0.267102123599E-013
     0.156610225139E+000    -0.280000000000E+003    -0.142072648945E-012    -0.587967246729E-014     0.279708590718E-013
     0.166007829686E+000    -0.280000000000E+003    -0.120215318338E-012     0.782865566761E-014     0.291029880903E-013
     0.175969289968E+000    -0.280000000000E+003    -0.120215318338E-012    -0.604208773398E-014     0.303020197966E-013
     0.185969289968E+000    -0.280000000000E+003    -0.120215318338E-012    -0.199128311356E-013     0.315205534895E-013
     0.195969289968E+000    -0.280000000000E+003    -0.983579877314E-013     0.766624040092E-014     0.325071164623E-013
     0.205969289968E+000    -0.280000000000E+003    -0.874293224279E-013     0.649661066775E-015     0.333814338234E-013
     0.215969289968E+000    -0.280000000000E+003    -0.874293224279E-013     0.649661066775E-015     0.342557511845E-013
     0.225969289968E+000    -0.280000000000E+003    -0.655719918209E-013     0.143579892017E-013     0.349270065730E-013
     0.235969289968E+000    -0.280000000000E+003    -0.874293224279E-013     0.145204044684E-013     0.358132756386E-013
     0.245969289968E+000    -0.280000000000E+003    -0.655719918209E-013     0.487245800082E-015     0.364690136594E-013
     0.255969289968E+000    -0.280000000000E+003    -0.765006571244E-013     0.750382513422E-014     0.372376916110E-013
     0.265969289968E+000    -0.280000000000E+003    -0.874293224279E-013     0.145204044684E-013     0.381239606765E-013
     0.275969289968E+000    -0.280000000000E+003    -0.983579877314E-013     0.215369838025E-013     0.391308437592E-013
     0.285969289968E+000    -0.280000000000E+003    -0.109286653035E-012     0.285535631367E-013     0.402603958164E-013
     0.295969289968E+000    -0.280000000000E+003    -0.874293224279E-013     0.283911478700E-013     0.411796315695E-013
     0.305969289968E+000    -0.280000000000E+003    -0.874293224279E-013     0.283911478700E-013     0.420988673226E-013
     0.315969289968E+000    -0.280000000000E+003    -0.874293224279E-013     0.283911478700E-013     0.430181030757E-013
     0.325969289968E+000    -0.280000000000E+003    -0.874293224279E-013     0.283911478700E-013     0.439373388288E-013
     0.335969289968E+000    -0.280000000000E+003    -0.874293224279E-013     0.283911478700E-013     0.448565745819E-013
     0.345969289968E+000    -0.280000000000E+003    -0.874293224279E-013     0.283911478700E-013     0.457758103350E-013
     0.355969289968E+000    -0.280000000000E+003    -0.874293224279E-013     0.283911478700E-013     0.466950460881E-013
     0.365969289968E+000    -0.280000000000E+003    -0.874293224279E-013     0.283911478700E-013     0.476142818411E-013
     0.375969289968E+000    -0.280000000000E+003    -0.874293224279E-013     0.283911478700E-013     0.485335175942E-013
     0.385969289968E+000    -0.280000000000E+003    -0.874293224279E-013     0.422618912715E-013     0.495045970902E-013
     0.395969289968E+000    -0.280000000000E+003    -0.874293224279E-013     0.422618912715E-013     0.504756765861E-013
     0.405969289968E+000    -0.280000000000E+003    -0.983579877314E-013     0.492784706057E-013     0.515757975529E-013
     0.415969289968E+000    -0.280000000000E+003    -0.874293224279E-013     0.422618912715E-013     0.525468770488E-013
     0.425969289968E+000    -0.280000000000E+003    -0.983579877314E-013     0.492784706057E-013     0.536469980156E-013
     0.435969289968E+000    -0.280000000000E+003    -0.765006571244E-013     0.352453119374E-013     0.544892914653E-013
     0.445969289968E+000    -0.280000000000E+003    -0.655719918209E-013     0.282287326033E-013     0.552031925408E-013
     0.455969289968E+000    -0.280000000000E+003    -0.546433265175E-013     0.489536400723E-013     0.559368376872E-013
     0.465969289968E+000    -0.280000000000E+003    -0.327859959105E-013     0.717899460084E-014     0.562724653815E-013
     0.475969289968E+000    -0.280000000000E+003    -0.327859959105E-013     0.717899460084E-014     0.566080930757E-013
     0.485969289968E+000    -0.280000000000E+003    -0.327859959105E-013     0.717899460084E-014     0.569437207699E-013
     0.495969289968E+000    -0.280000000000E+003    -0.327859959105E-013     0.717899460084E-014     0.572793484641E-013
     0.505969289968E+000    -0.280000000000E+003    -0.327859959105E-013    -0.669174880075E-014     0.576139678046E-013
     0.515969289968E+000    -0.280000000000E+003    -0.327859959105E-013    -0.205624922023E-013     0.580009739561E-013
     0.525969289968E+000    -0.280000000000E+003    -0.437146612140E-013    -0.274166562698E-013     0.585169821582E-013
     0.535969289968E+000    -0.280000000000E+003    -0.437146612140E-013     0.324830533388E-015     0.589541408388E-013
     0.545969289968E+000    -0.280000000000E+003    -0.437146612140E-013    -0.135459128682E-013     0.594117939127E-013
     0.555969289968E+000    -0.280000000000E+003    -0.437146612140E-013    -0.135459128682E-013     0.598694469866E-013
     0.565969289968E+000    -0.280000000000E+003    -0.546433265175E-013    -0.652933353406E-014     0.604197673777E-013
     0.575969289968E+000    -0.280000000000E+003    -0.437146612140E-013    -0.135459128682E-013     0.608774204516E-013
     0.585969289968E+000    -0.280000000000E+003    -0.546433265175E-013    -0.652933353406E-014     0.614277408428E-013
     0.595969289968E+000    -0.280000000000E+003    -0.546433265175E-013    -0.204000769357E-013     0.620110123295E-013
     0.605969289968E+000    -0.280000000000E+003    -0.655719918209E-013     0.487245800082E-015     0.626667503503E-013
     0.615969289968E+000    -0.280000000000E+003    -0.655719918209E-013     0.487245800082E-015     0.633224883712E-013
     0.625969289968E+000    -0.280000000000E+003    -0.655719918209E-013     0.487245800082E-015     0.639782263920E-013
     0.635969289968E+000    -0.280000000000E+003    -0.655719918209E-013    -0.133834976015E-013     0.646474650729E-013
     0.645969289968E+000    -0.280000000000E+003    -0.437146612140E-013     0.141955739350E-013     0.651070829494E-013
     0.655969289968E+000    -0.280000000000E+003    -0.546433265175E-013     0.734140986753E-014     0.656584258039E-013
     0.665969289968E+000    -0.280000000000E+003    -0.546433265175E-013     0.212121532691E-013     0.662445869233E-013
     0.675969289968E+000    -0.280000000000E+003    -0.437146612140E-013     0.280663173366E-013     0.667640760737E-013
     0.685969289968E+000    -0.280000000000E+003    -0.437146612140E-013     0.280663173366E-013     0.672835652241E-013
     0.695969289968E+000    -0.280000000000E+003    -0.546433265175E-013     0.350828966707E-013     0.679329266621E-013
     0.705969289968E+000    -0.280000000000E+003    -0.655719918209E-013     0.559702194064E-013     0.687950375350E-013
     0.715969289968E+000    -0.280000000000E+003    -0.765006571244E-013     0.213745685358E-013     0.695893436926E-013
     0.725969289968E+000    -0.280000000000E+003    -0.765006571244E-013     0.352453119374E-013     0.704316371423E-013
     0.735969289968E+000    -0.280000000000E+003    -0.874293224279E-013     0.145204044684E-013     0.713179062079E-013
     0.745969289968E+000    -0.280000000000E+003    -0.983579877314E-013     0.354077272041E-013     0.723632769984E-013
     0.755969289968E+000    -0.280000000000E+003    -0.983579877314E-013     0.354077272041E-013     0.734086477889E-013
