 #        time                      h  [L]            Darcian flow [L.T^{-1}]   in    x         z              directions   cumulative flux
 #-----------------------------------------------------------------------------------------------

     0.100000000000E-005    -0.278500000000E+003    -0.909743972349E-016    -0.720626833808E-013     0.720627408054E-019
     0.205999994278E-005    -0.278500000000E+003    -0.955231170967E-015    -0.756658175498E-012     0.874121002673E-018
     0.318359982147E-005    -0.278500000000E+003    -0.655015660091E-014    -0.518851320342E-011     0.670393845423E-017
     0.437461562859E-005    -0.278500000000E+003    -0.335240653811E-013    -0.265550988258E-010     0.383315061185E-016
     0.563709231599E-005    -0.278500000000E+003     0.631711771972E-013    -0.112960259990E-009     0.180941223258E-015
     0.697531753239E-005    -0.278500000000E+003     0.160989544165E-012    -0.415808362409E-009     0.737386500730E-015
     0.839383618521E-005    -0.278499999999E+003     0.571224242786E-012    -0.136768202788E-008     0.267746913761E-014
     0.989746587602E-005    -0.278499999996E+003     0.173525464719E-011    -0.411311717770E-008     0.886207479818E-014
     0.114913132622E-004    -0.278499999988E+003     0.466125103287E-011    -0.114938423889E-007     0.271815069539E-013
     0.131807914004E-004    -0.278499999967E+003     0.118830614238E-010    -0.301960483926E-007     0.781970745234E-013
     0.149716381303E-004    -0.278499999918E+003     0.289613085923E-010    -0.752391523591E-007     0.212938874462E-012
     0.168699355614E-004    -0.278499999804E+003     0.674413460209E-010    -0.179015534967E-006     0.552763628737E-012
     0.188821307298E-004    -0.278499999552E+003     0.150710774986E-009    -0.408900105693E-006     0.137555050165E-011
     0.210150574931E-004    -0.278499999010E+003     0.323504404052E-009    -0.900525426042E-006     0.329630540786E-011
     0.232759597402E-004    -0.278499997882E+003     0.669805756497E-009    -0.191893447793E-005     0.763482894533E-011
     0.256725159928E-004    -0.278499995602E+003     0.134178950191E-008    -0.396809185613E-005     0.171445848375E-010
     0.282128654833E-004    -0.278499991115E+003     0.260743101684E-008    -0.798232144950E-005     0.374224721472E-010
     0.309056357980E-004    -0.278499982496E+003     0.492640584332E-008    -0.156534449213E-004     0.795736060408E-010
     0.337599721774E-004    -0.278499966315E+003     0.906787492389E-008    -0.299779352134E-004     0.165140721016E-009
     0.367855685763E-004    -0.278499936574E+003     0.162894839126E-007    -0.561535206678E-004     0.335038618081E-009
     0.399927005860E-004    -0.278499882994E+003     0.286053066192E-007    -0.103019907659E-003     0.665437074306E-009
     0.433922603327E-004    -0.278499788270E+003     0.491789448731E-007    -0.185330497395E-003     0.129547919528E-008
     0.469957934698E-004    -0.278499623770E+003     0.828945647071E-007    -0.327269390006E-003     0.247480532473E-008
     0.508155383889E-004    -0.278499342908E+003     0.137175061387E-006    -0.567799955859E-003     0.464365638446E-008
     0.548644677845E-004    -0.278498871083E+003     0.223149353369E-006    -0.968657765547E-003     0.856568338978E-008
     0.591563327122E-004    -0.278498090647E+003     0.357309672369E-006    -0.162609130510E-002     0.155446477998E-007
     0.637057092900E-004    -0.278496818823E+003     0.563856756923E-006    -0.268781628019E-002     0.277725364994E-007
     0.685280482021E-004    -0.278494775713E+003     0.878013766963E-006    -0.437708646225E-002     0.488803312927E-007
     0.736397271730E-004    -0.278491538692E+003     0.135066313434E-005    -0.702629018905E-002     0.847964717593E-007
     0.790581065897E-004    -0.278486478369E+003     0.205475296643E-005    -0.111230383083E-001     0.145065314608E-006
     0.848015884613E-004    -0.278478670050E+003     0.309396523356E-005    -0.173722797424E-001     0.244842689960E-006
     0.908896789166E-004    -0.278466773279E+003     0.461411775769E-005    -0.267785030842E-001     0.407872641414E-006
     0.973430544509E-004    -0.278448870605E+003     0.681761904001E-005    -0.407524651404E-001     0.670863606592E-006
     0.104183632148E-003    -0.278422255485E+003     0.998093738125E-005    -0.612470059069E-001     0.108982851477E-005
     0.111434644115E-003    -0.278383158350E+003     0.144743820029E-004    -0.909262075563E-001     0.174913554227E-005
     0.119120716386E-003    -0.278326399740E+003     0.207823502214E-004    -0.133371247019E+000     0.277423659812E-005
     0.127267952553E-003    -0.278244960609E+003     0.295203440817E-004    -0.193324568207E+000     0.434929753055E-005
     0.135904022424E-003    -0.278129463070E+003     0.414422485573E-004    -0.276971233779E+000     0.674124048446E-005
     0.145058255993E-003    -0.277967560921E+003     0.574274709580E-004    -0.392252270333E+000     0.103320094235E-004
     0.154761743052E-003    -0.277743249362E+003     0.784328538762E-004    -0.549199257541E+000     0.156611573664E-004
     0.165047438780E-003    -0.277436118600E+003     0.105389594394E-003    -0.760272105873E+000     0.234810849927E-004
     0.175950275662E-003    -0.277020597454E+003     0.139022127296E-003    -0.104067271661E+001     0.348273699714E-004
     0.187507282134E-003    -0.276465261264E+003     0.179565792089E-003    -0.140859585048E+001     0.511065214638E-004
     0.199757708333E-003    -0.275732312407E+003     0.226365219915E-003    -0.188536493732E+001     0.742030456527E-004
     0.212743159403E-003    -0.274777378452E+003     0.277348618713E-003    -0.249538482101E+001     0.106606743346E-003
     0.226507736794E-003    -0.273549805811E+003     0.328396782192E-003    -0.326582620309E+001     0.151559461091E-003
     0.241098188040E-003    -0.271993644552E+003     0.372663425464E-003    -0.422593938963E+001     0.213217823967E-003
     0.256564065527E-003    -0.270049507839E+003     0.399957248245E-003    -0.540588165602E+001     0.296824527595E-003
     0.272957894778E-003    -0.267657423923E+003     0.396357196403E-003    -0.683494603134E+001     0.408875465961E-003
     0.290335352846E-003    -0.264760669459E+003     0.344259094022E-003    -0.853911018114E+001     0.557263495191E-003
     0.308755457403E-003    -0.261310379284E+003     0.223053413961E-003    -0.105379022088E+002     0.751372755739E-003
     0.328280767180E-003    -0.257270495860E+003     0.105965157238E-004    -0.128407240104E+002     0.100209186980E-002
     0.348977594427E-003    -0.252622409148E+003    -0.314419414527E-003    -0.154429869133E+002     0.132171270218E-002
     0.370916230124E-003    -0.247368524766E+003    -0.769159237206E-003    -0.183226703984E+002     0.172368709340E-002
     0.394171182707E-003    -0.241534057871E+003    -0.136246169890E-002    -0.214381344829E+002     0.222222989529E-002
     0.418821431115E-003    -0.235166607703E+003    -0.209004905841E-002    -0.247280754434E+002     0.283178309979E-002
     0.444950693017E-003    -0.228333387151E+003    -0.278687242837E-002    -0.281145571833E+002     0.356639573129E-002
     0.472647709137E-003    -0.221117082756E+003    -0.428116579717E-002    -0.315073391878E+002     0.443905502075E-002
     0.502006544641E-003    -0.213609742570E+003    -0.500175745061E-002    -0.348140118213E+002     0.546115387757E-002
     0.533126908594E-003    -0.205905920250E+003    -0.584010949912E-002    -0.379472705842E+002     0.664208676317E-002
     0.566114492604E-003    -0.198099394085E+003    -0.708217711387E-002    -0.408325845759E+002     0.798905509747E-002
     0.601081329767E-003    -0.190277046570E+003    -0.807505125556E-002    -0.434139365646E+002     0.950710317419E-002
     0.638146175159E-003    -0.182515807698E+003    -0.787446329475E-002    -0.456540305448E+002     0.111992627830E-001
     0.677434909153E-003    -0.174879675164E+003    -0.682469793380E-002    -0.475392490448E+002     0.130670197123E-001
     0.719080964939E-003    -0.167421219733E+003    -0.648349624064E-002    -0.490681240920E+002     0.151105135634E-001
     0.763225781689E-003    -0.160180709524E+003    -0.472301266582E-002    -0.502550117544E+002     0.173290118579E-001
     0.810019284919E-003    -0.153186477685E+003    -0.320642671126E-002    -0.511219763192E+002     0.197211882265E-001
     0.859620395664E-003    -0.146457538611E+003    -0.170113952432E-002    -0.516972326368E+002     0.222854283892E-001
     0.912197570216E-003    -0.140004949370E+003    -0.418283700062E-003    -0.520098817684E+002     0.250199610214E-001
     0.967929372233E-003    -0.133834052928E+003     0.840368297058E-003    -0.520897192287E+002     0.279230149410E-001
     0.102700507918E-002    -0.127942687164E+003     0.156516514218E-002    -0.519680825218E+002     0.309930661561E-001
     0.108962532517E-002    -0.122327792038E+003     0.198997935408E-002    -0.516718650662E+002     0.342287710594E-001
     0.115600278233E-002    -0.116981040666E+003     0.219859194965E-002    -0.512277671214E+002     0.376291399801E-001
     0.122636288312E-002    -0.111892535524E+003     0.280600292263E-002    -0.506602447564E+002     0.411935999128E-001
     0.130094458593E-002    -0.107050585552E+003     0.247736032987E-002    -0.499903176117E+002     0.449219629291E-001
     0.138000118665E-002    -0.102446620409E+003     0.255769378358E-002    -0.492333871434E+002     0.488141871636E-001
     0.146380117888E-002    -0.980681559869E+002     0.246052601820E-002    -0.484076280140E+002     0.528707460205E-001
     0.155262916586E-002    -0.939038629981E+002     0.193020440460E-002    -0.475262016120E+002     0.570924028417E-001
     0.164678682697E-002    -0.899424445662E+002     0.141322938958E-002    -0.466012120749E+002     0.614802639776E-001
     0.174659394236E-002    -0.861722443062E+002     0.147736763622E-002    -0.456438513898E+002     0.660358451224E-001
     0.185238947896E-002    -0.825828543820E+002     0.156151815676E-002    -0.446631562423E+002     0.707610077062E-001
     0.196453274170E-002    -0.791644394008E+002     0.131296469001E-002    -0.436664456794E+002     0.756579053993E-001
     0.208340459379E-002    -0.759061722617E+002     0.153691824906E-002    -0.426610683226E+002     0.807291056063E-001
     0.220940875020E-002    -0.728001397017E+002     0.134856232975E-002    -0.416513435748E+002     0.859773480197E-001
     0.234297314879E-002    -0.698370147500E+002     0.104099975218E-002    -0.406426312948E+002     0.914057566274E-001
     0.248455140365E-002    -0.670086495591E+002     0.103184275807E-002    -0.396385503733E+002     0.970177134164E-001
     0.263462434571E-002    -0.643079165134E+002     0.907122953703E-003    -0.386414577601E+002     0.102816750669E+000
     0.279370165569E-002    -0.617286512052E+002     0.724057097158E-003    -0.376541386793E+002     0.108806669761E+000
     0.296232359518E-002    -0.592637704814E+002     0.509979896192E-003    -0.366791491665E+002     0.114991579033E+000
     0.314106284138E-002    -0.569066701496E+002     0.225167697654E-003    -0.357185121099E+002     0.121375878963E+000
     0.333052643213E-002    -0.546515381299E+002     0.241997169244E-004    -0.347736326060E+002     0.127964216260E+000
     0.353135782749E-002    -0.524933768262E+002    -0.374263359298E-003    -0.338451932995E+002     0.134761393657E+000
     0.374423909507E-002    -0.504262892809E+002    -0.560030661687E-003    -0.329345771752E+002     0.141772548194E+000
     0.396989322653E-002    -0.484463153010E+002    -0.937900321319E-003    -0.320426078609E+002     0.149003095044E+000
     0.420908659296E-002    -0.465491043216E+002    -0.124419372075E-002    -0.311696071265E+002     0.156458658309E+000
     0.446263154769E-002    -0.447293517930E+002    -0.180117763639E-002    -0.303159953806E+002     0.164145125999E+000
     0.473138918520E-002    -0.429832816206E+002    -0.225915183270E-002    -0.294817993503E+002     0.172068584765E+000
     0.501627226558E-002    -0.413074951396E+002    -0.289830889792E-002    -0.286677612454E+002     0.180235544938E+000
     0.531824831448E-002    -0.396988673609E+002    -0.376203303062E-002    -0.278730282031E+002     0.188652531942E+000
     0.563834290904E-002    -0.381534509646E+002    -0.443357372329E-002    -0.270974977783E+002     0.197326294623E+000
     0.597764316095E-002    -0.366680998257E+002    -0.469326703996E-002    -0.263417578637E+002     0.206264059844E+000
     0.633730140856E-002    -0.352403794820E+002    -0.527735821789E-002    -0.256042029016E+002     0.215472822787E+000
     0.671853913045E-002    -0.338667418644E+002    -0.573545441243E-002    -0.248849896417E+002     0.224959919799E+000
     0.712265109384E-002    -0.325444045709E+002    -0.497033022231E-002    -0.241824496496E+002     0.234732337213E+000
     0.755100975191E-002    -0.312661148529E+002    -0.648368147694E-002    -0.234966776250E+002     0.244797342893E+000
     0.800506990496E-002    -0.300292756913E+002    -0.534265276755E-002    -0.228239723729E+002     0.255160799565E+000
     0.848637364120E-002    -0.288260847818E+002    -0.479962326011E-002    -0.221631011771E+002     0.265827983219E+000
     0.899655557408E-002    -0.276471005767E+002    -0.488261453329E-002    -0.215068207999E+002     0.276800374907E+000
     0.953734839373E-002    -0.264812586815E+002    -0.470106893141E-002    -0.208503608852E+002     0.288076100648E+000
     0.101105887516E-001    -0.253119076367E+002    -0.480557832547E-002    -0.201842430407E+002     0.299646523680E+000
     0.107182234982E-001    -0.241192984944E+002    -0.443808223111E-002    -0.194971092629E+002     0.311493645033E+000
     0.113623162948E-001    -0.228779486173E+002    -0.448325564003E-002    -0.187759191660E+002     0.323587079662E+000
     0.120450546223E-001    -0.215567241641E+002    -0.267039738189E-002    -0.179957178600E+002     0.335873446111E+000
     0.127687572104E-001    -0.201215954337E+002    -0.376858852224E-002    -0.171438802991E+002     0.348280516954E+000
     0.135358819124E-001    -0.185087245639E+002    -0.785028842233E-002    -0.161785417931E+002     0.360691477467E+000
     0.143490340526E-001    -0.167794437711E+002    -0.100107076021E-001    -0.151058523359E+002     0.372974836321E+000
     0.152109752747E-001    -0.147449954347E+002    -0.209911502760E-003    -0.138539599786E+002     0.384916135517E+000
     0.161246329208E-001    -0.124581701975E+002     0.173306181907E-002    -0.124147697926E+002     0.396258984973E+000
     0.170931099734E-001    -0.994551859561E+001    -0.925580634141E-002    -0.107907855073E+002     0.406709616961E+000
     0.181196955938E-001    -0.717746695381E+001    -0.940672621410E-002    -0.896782423677E+001     0.415915861433E+000
     0.192078762926E-001    -0.434998731389E+001    -0.107019397495E-002    -0.708012730614E+001     0.423620319400E+000
     0.203613477710E-001    -0.204134268998E+001    -0.690390763427E-002    -0.547485006920E+001     0.429935407825E+000
     0.215840274722E-001    -0.520307754178E+000     0.814381616467E-002    -0.440412551665E+001     0.435320251902E+000
     0.228800678855E-001    -0.181052003170E-001     0.239082246413E-001    -0.403792693905E+001     0.440553660133E+000
     0.242538706494E-001     0.103347198022E+000     0.108996007133E-001    -0.393719749824E+001     0.445962613665E+000
     0.257101015006E-001     0.938921344417E-001     0.107365101910E-001    -0.394924943552E+001     0.451713653784E+000
     0.272537061195E-001     0.370180652903E-001     0.151316143200E-001    -0.399584376096E+001     0.457881700895E+000
     0.288899269272E-001    -0.254149268812E-001     0.193919124908E-001    -0.403908718226E+001     0.464490615554E+000
     0.306243208897E-001    -0.345236279312E-001     0.168884224588E-001    -0.405293749626E+001     0.471520066905E+000
     0.324627783907E-001    -0.289684116771E-001     0.105412843373E-001    -0.404770093341E+001     0.478961618283E+000
     0.344115432366E-001     0.292034380776E-001     0.601393040716E-002    -0.400698539176E+001     0.486770299347E+000
     0.364772338618E-001     0.109816548564E+000     0.256461870279E-002    -0.394019930569E+001     0.494909533838E+000
     0.386668658063E-001     0.179146793297E+000    -0.101348475050E-001    -0.387925260567E+001     0.503403698253E+000
     0.409878755421E-001     0.315055589071E+000    -0.161011373045E-001    -0.377932468999E+001     0.512175627259E+000
     0.434481457293E-001     0.441815563274E+000    -0.132765924039E-001    -0.368753822039E+001     0.521248026408E+000
     0.460560319869E-001     0.548399722373E+000    -0.416846673533E-002    -0.361011525727E+001     0.530662802652E+000
     0.488203912708E-001     0.641312801284E+000    -0.767232888930E-003    -0.354666169888E+001     0.540467050076E+000
     0.517506119535E-001     0.726895311288E+000     0.799831037789E-002    -0.348708818136E+001     0.550685014865E+000
     0.548566457095E-001     0.791626114824E+000     0.157707952637E-001    -0.343829717850E+001     0.561364594306E+000
     0.581490413132E-001     0.842600064214E+000     0.191805600734E-001    -0.339752164314E+001     0.572550757881E+000
     0.616389804647E-001     0.917102287307E+000     0.210934050597E-001    -0.334667719853E+001     0.584230689650E+000
     0.653383157655E-001     0.961565150678E+000     0.143718779858E-001    -0.330962755942E+001     0.596474227149E+000
     0.692596109728E-001     0.103806046110E+001     0.651952991369E-002    -0.325468784499E+001     0.609236844601E+000
     0.734161836681E-001     0.113637414438E+001    -0.176355078958E-002    -0.318457532330E+001     0.622473765466E+000
     0.778221504872E-001     0.124690221808E+001    -0.120188946695E-001    -0.310585294234E+001     0.636158152936E+000
     0.824924750635E-001     0.136044957851E+001    -0.198111353124E-001    -0.302367853462E+001     0.650280016214E+000
     0.874430188470E-001     0.145006072930E+001    -0.208608691112E-001    -0.295917015654E+001     0.664929881646E+000
     0.926905949743E-001     0.151172289150E+001    -0.186685419414E-001    -0.291264190290E+001     0.680214505711E+000
     0.982530253690E-001     0.156043845048E+001    -0.138794378786E-001    -0.287517506863E+001     0.696207653245E+000
     0.104149201269E+000     0.162702019221E+001     0.224739188947E-002    -0.282822480007E+001     0.712883369416E+000
     0.110399147386E+000     0.165310123254E+001     0.139875555538E-001    -0.280755938812E+001     0.730430682081E+000
     0.117024089912E+000     0.167359069279E+001     0.163537341881E-001    -0.279177929856E+001     0.748926376802E+000
     0.124046528610E+000     0.170592811478E+001     0.222789159386E-001    -0.276737824650E+001     0.768360750647E+000
     0.131490313229E+000     0.173544331190E+001     0.240246029784E-001    -0.274547456078E+001     0.788798254393E+000
     0.139380724499E+000     0.178253153040E+001     0.214188922486E-001    -0.271149077763E+001     0.810193699279E+000
     0.147744559993E+000     0.182178477605E+001     0.138488939852E-001    -0.268314252332E+001     0.832635360875E+000
     0.156610225139E+000     0.187094962446E+001     0.211640146926E-002    -0.264823396385E+001     0.856113723923E+000
     0.166007829686E+000     0.193277994733E+001    -0.769609466396E-002    -0.260393729388E+001     0.880584603756E+000
     0.175969289968E+000     0.204650788080E+001    -0.935704274337E-002    -0.252166829278E+001     0.905704275233E+000
     0.185969289968E+000     0.208592568430E+001    -0.127817484790E-001    -0.249298182506E+001     0.930634421148E+000
     0.195969289968E+000     0.211964281959E+001    -0.130795273823E-001    -0.246706589969E+001     0.955305426858E+000
     0.205969289968E+000     0.212487661884E+001    -0.128197201970E-002    -0.246337594790E+001     0.979939189673E+000
     0.215969289968E+000     0.216629239202E+001     0.609005093152E-002    -0.243247318765E+001     0.100426399779E+001
     0.225969289968E+000     0.219391866221E+001     0.635132146607E-002    -0.241057293531E+001     0.102836981081E+001
     0.235969289968E+000     0.222083214014E+001     0.930971377944E-002    -0.239101760039E+001     0.105228016806E+001
     0.245969289968E+000     0.224401554224E+001     0.987793138170E-002    -0.237422857685E+001     0.107602265931E+001
     0.255969289968E+000     0.226788329986E+001     0.107736052709E-001    -0.235702239024E+001     0.109959312943E+001
     0.265969289968E+000     0.228910422450E+001     0.105185591512E-001    -0.234257762476E+001     0.112301914183E+001
     0.275969289968E+000     0.231464772518E+001     0.814121671030E-002    -0.232495613539E+001     0.114626884572E+001
     0.285969289968E+000     0.232809947549E+001     0.521089790782E-002    -0.231462514829E+001     0.116941515586E+001
     0.295969289968E+000     0.235106144960E+001     0.298570940945E-002    -0.229863770968E+001     0.119240155235E+001
     0.305969289968E+000     0.237470523100E+001    -0.328105355282E-004    -0.228140582193E+001     0.121521561057E+001
     0.315969289968E+000     0.239859532885E+001    -0.370476022933E-003    -0.226432551907E+001     0.123785886606E+001
     0.325969289968E+000     0.241806613224E+001    -0.135497920808E-002    -0.225017819759E+001     0.126036065212E+001
     0.335969289968E+000     0.243085431434E+001    -0.134837796803E-002    -0.224071406409E+001     0.128276779682E+001
     0.345969289968E+000     0.244360909127E+001    -0.254903860183E-002    -0.223122676633E+001     0.130508007904E+001
     0.355969289968E+000     0.245733472334E+001    -0.314316436434E-002    -0.222125636047E+001     0.132729266488E+001
     0.365969289968E+000     0.247308013160E+001    -0.361837721285E-002    -0.220972496537E+001     0.134938994416E+001
     0.375969289968E+000     0.249076883587E+001    -0.363396895266E-002    -0.219670776716E+001     0.137135705189E+001
     0.385969289968E+000     0.250810640383E+001    -0.488447553439E-002    -0.218324729974E+001     0.139318957953E+001
     0.395969289968E+000     0.252798133055E+001    -0.380427258111E-002    -0.216861684598E+001     0.141487578136E+001
     0.405969289968E+000     0.254996384287E+001    -0.231305634100E-002    -0.215257694927E+001     0.143640156328E+001
     0.415969289968E+000     0.256431998099E+001    -0.142202009785E-002    -0.214166268127E+001     0.145781819481E+001
     0.425969289968E+000     0.257993767035E+001     0.203453504686E-003    -0.213009185056E+001     0.147911911341E+001
     0.435969289968E+000     0.259063958259E+001     0.138800008729E-002    -0.212217710717E+001     0.150034088902E+001
     0.445969289968E+000     0.259981323211E+001     0.280111559113E-002    -0.211581625781E+001     0.152149907014E+001
     0.455969289968E+000     0.260601448587E+001     0.174084152598E-002    -0.211153004807E+001     0.154261437780E+001
     0.465969289968E+000     0.261076543397E+001     0.366982450816E-002    -0.210809090321E+001     0.156369531878E+001
     0.475969289968E+000     0.261938595565E+001     0.366019995650E-002    -0.210296207306E+001     0.158472497136E+001
     0.485969289968E+000     0.262337437323E+001     0.521232314675E-002    -0.210040895901E+001     0.160572912562E+001
     0.495969289968E+000     0.262132722242E+001     0.189836721499E-002    -0.210139760918E+001     0.162674311029E+001
     0.505969289968E+000     0.262932068891E+001     0.264537919242E-002    -0.209600844011E+001     0.164770321138E+001
     0.515969289968E+000     0.263341484783E+001    -0.467941638514E-003    -0.209291211047E+001     0.166863233301E+001
     0.525969289968E+000     0.265231549483E+001     0.885223520397E-004    -0.207999012284E+001     0.168943223426E+001
     0.535969289968E+000     0.266414629962E+001    -0.109224384999E-002    -0.207192592003E+001     0.171015149634E+001
     0.545969289968E+000     0.267140820602E+001    -0.189706249673E-002    -0.206499790484E+001     0.173080148410E+001
     0.555969289968E+000     0.268122460759E+001    -0.285496011576E-002    -0.205737778604E+001     0.175137528177E+001
     0.565969289968E+000     0.269693511443E+001    -0.358234918866E-002    -0.204539882084E+001     0.177182930135E+001
     0.575969289968E+000     0.271681278984E+001    -0.900467092479E-003    -0.203196604008E+001     0.179214896375E+001
     0.585969289968E+000     0.272903157600E+001    -0.196154424506E-002    -0.202224549418E+001     0.181237142820E+001
     0.595969289968E+000     0.273757879950E+001    -0.117844067549E-002    -0.201617637044E+001     0.183253319535E+001
     0.605969289968E+000     0.274523787875E+001    -0.995916816407E-003    -0.201030045781E+001     0.185263620239E+001
     0.615969289968E+000     0.275138031889E+001    -0.274680918377E-003    -0.200562270108E+001     0.187269242959E+001
     0.625969289968E+000     0.275476842826E+001    -0.169905538983E-002    -0.200425932239E+001     0.189273503002E+001
     0.635969289968E+000     0.276207823515E+001    -0.940852301337E-003    -0.199897160837E+001     0.191272474832E+001
     0.645969289968E+000     0.276917679773E+001    -0.155847697897E-002    -0.199367167046E+001     0.193266147111E+001
     0.655969289968E+000     0.277743164117E+001    -0.258165985910E-002    -0.198781155867E+001     0.195253960346E+001
     0.665969289968E+000     0.281833970515E+001     0.215662290525E-002    -0.196087894717E+001     0.197214840479E+001
     0.675969289968E+000     0.280956796965E+001     0.148113969797E-002    -0.196525275781E+001     0.199180093795E+001
     0.685969289968E+000     0.283519251615E+001     0.281398158515E-002    -0.194805850535E+001     0.201128154333E+001
     0.695969289968E+000     0.282683876528E+001     0.277098171199E-002    -0.195268523102E+001     0.203080841530E+001
     0.705969289968E+000     0.282372061693E+001     0.291962116528E-002    -0.195395394666E+001     0.205034797658E+001
     0.715969289968E+000     0.284085095031E+001     0.263714780900E-002    -0.194304210850E+001     0.206977841556E+001
     0.725969289968E+000     0.283661328814E+001     0.220087340552E-002    -0.194505191553E+001     0.208922894717E+001
     0.735969289968E+000     0.283458992648E+001     0.213824645679E-002    -0.194627972394E+001     0.210869175616E+001
     0.745969289968E+000     0.283701760037E+001     0.205142704342E-003    -0.194477073681E+001     0.212813946363E+001
     0.755969289968E+000     0.283565455921E+001     0.656781010382E-003    -0.194543531004E+001     0.214759381784E+001
