 #        time                      h  [L]            Darcian flow [L.T^{-1}]   in    x         z              directions   cumulative flux
 #-----------------------------------------------------------------------------------------------

     0.100000000000E-005     0.400000000000E+001    -0.342505156076E-012    -0.279676684179E+004     0.279676684179E-002
     0.205999994278E-005     0.400000000000E+001    -0.290516915150E-012    -0.237225063873E+004     0.531135238310E-002
     0.318359982147E-005     0.400000000000E+001    -0.242401806394E-012    -0.197936095994E+004     0.753536211758E-002
     0.437461562859E-005     0.400000000000E+001    -0.199884374362E-012    -0.163217978034E+004     0.947931403602E-002
     0.563709231599E-005     0.400000000000E+001    -0.164580031882E-012    -0.134389794671E+004     0.111759538640E-001
     0.697531753239E-005     0.400000000000E+001    -0.137291480101E-012    -0.112107001134E+004     0.126761980225E-001
     0.839383618521E-005     0.400000000000E+001    -0.117487623979E-012    -0.959359254116E+003     0.140370670192E-001
     0.989746587602E-005     0.400000000000E+001    -0.103524488238E-012    -0.845341598167E+003     0.153081477451E-001
     0.114913132622E-004     0.400000000000E+001    -0.934486356519E-013    -0.763066018031E+003     0.165243585235E-001
     0.131807914004E-004     0.400000000000E+001    -0.856873862346E-013    -0.699690607074E+003     0.177064705076E-001
     0.149716381303E-004     0.400000000000E+001    -0.792734003489E-013    -0.647316437720E+003     0.188657150333E-001
     0.168699355614E-004     0.400000000000E+001    -0.737321163190E-013    -0.602068419812E+003     0.200086199680E-001
     0.188821307298E-004     0.400000000000E+001    -0.688670360264E-013    -0.562342024446E+003     0.211401618725E-001
     0.210150574931E-004     0.400000000000E+001    -0.645852906684E-013    -0.527378920301E+003     0.222650224860E-001
     0.232759597402E-004     0.400000000000E+001    -0.608068774018E-013    -0.496525834584E+003     0.233876188612E-001
     0.256725159928E-004     0.400000000000E+001    -0.574424382386E-013    -0.469053103953E+003     0.245117310103E-001
     0.282128654833E-004     0.400000000000E+001    -0.544047129205E-013    -0.444248194323E+003     0.256402766844E-001
     0.309056357980E-004     0.400000000000E+001    -0.516248148949E-013    -0.421548604307E+003     0.267754102523E-001
     0.337599721774E-004     0.400000000000E+001    -0.490593449165E-013    -0.400599952171E+003     0.279188572693E-001
     0.367855685763E-004     0.400000000000E+001    -0.466865613811E-013    -0.381224704246E+003     0.290722893617E-001
     0.399927005860E-004     0.400000000000E+001    -0.444961337153E-013    -0.363338504998E+003     0.302375639114E-001
     0.433922603327E-004     0.400000000000E+001    -0.424784701697E-013    -0.346863031849E+003     0.314167455121E-001
     0.469957934698E-004     0.400000000000E+001    -0.406180363581E-013    -0.331671436910E+003     0.326119345256E-001
     0.508155383889E-004     0.400000000000E+001    -0.388921812109E-013    -0.317578760161E+003     0.338250043812E-001
     0.548644677845E-004     0.400000000000E+001    -0.372743337717E-013    -0.304368033279E+003     0.350573690582E-001
     0.591563327122E-004     0.400000000000E+001    -0.357389461420E-013    -0.291830641838E+003     0.363098667547E-001
     0.637057092900E-004     0.400000000000E+001    -0.342640160859E-013    -0.279786923950E+003     0.375827228333E-001
     0.685280482021E-004     0.400000000000E+001    -0.328673995065E-013    -0.268382684129E+003     0.388769550943E-001
     0.736397271730E-004     0.400000000000E+001    -0.315345653610E-013    -0.257499267405E+003     0.401932086846E-001
     0.790581065897E-004     0.400000000000E+001    -0.302609781982E-013    -0.247099639008E+003     0.415320882824E-001
     0.848015884613E-004     0.400000000000E+001    -0.290515726470E-013    -0.237224093243E+003     0.428945805615E-001
     0.908896789166E-004     0.400000000000E+001    -0.279107036828E-013    -0.227908191180E+003     0.442821062449E-001
     0.973430544509E-004     0.400000000000E+001    -0.268394350887E-013    -0.219160619269E+003     0.456964320234E-001
     0.104183632148E-003     0.400000000000E+001    -0.258348529332E-013    -0.210957583454E+003     0.471395037637E-001
     0.111434644115E-003     0.400000000000E+001    -0.248909222353E-013    -0.203249804373E+003     0.486132705276E-001
     0.119120716386E-003     0.400000000000E+001    -0.240001453943E-013    -0.195976059473E+003     0.501195566840E-001
     0.127267952553E-003     0.400000000000E+001    -0.231552433714E-013    -0.189076910890E+003     0.516600109308E-001
     0.135904022424E-003     0.400000000000E+001    -0.223502926323E-013    -0.182503989296E+003     0.532361281341E-001
     0.145058255993E-003     0.400000000000E+001    -0.215810975237E-013    -0.176223034582E+003     0.548493149529E-001
     0.154761743052E-003     0.400000000000E+001    -0.208449136117E-013    -0.170211636745E+003     0.565009613673E-001
     0.165047438780E-003     0.400000000000E+001    -0.201398454336E-013    -0.164454318156E+003     0.581924884450E-001
     0.175950275662E-003     0.400000000000E+001    -0.194642675328E-013    -0.158937805957E+003     0.599253614178E-001
     0.187507282134E-003     0.400000000000E+001    -0.188164872216E-013    -0.153648278301E+003     0.617010755645E-001
     0.199757708333E-003     0.400000000000E+001    -0.181946701105E-013    -0.148570756264E+003     0.635211306494E-001
     0.212743159403E-003     0.400000000000E+001    -0.175968559491E-013    -0.143689233184E+003     0.653870001562E-001
     0.226507736794E-003     0.400000000000E+001    -0.170210837963E-013    -0.138987696764E+003     0.673001070647E-001
     0.241098188040E-003     0.400000000000E+001    -0.164741688529E-013    -0.134521797341E+003     0.692628407904E-001
     0.256564065527E-003     0.400000000000E+001    -0.159480152698E-013    -0.130225427290E+003     0.712768912945E-001
     0.272957894778E-003     0.400000000000E+001    -0.154413269735E-013    -0.126088003368E+003     0.733439564923E-001
     0.290335352846E-003     0.400000000000E+001    -0.149531039315E-013    -0.122101359689E+003     0.754657677504E-001
     0.308755457403E-003     0.400000000000E+001    -0.144824243540E-013    -0.118257969270E+003     0.776440919091E-001
     0.328280767180E-003     0.400000000000E+001    -0.140284413299E-013    -0.114550916555E+003     0.798807340401E-001
     0.348977594427E-003     0.400000000000E+001    -0.135903783476E-013    -0.110973860847E+003     0.821775408669E-001
     0.370916230124E-003     0.400000000000E+001    -0.131675232300E-013    -0.107520986779E+003     0.845364046256E-001
     0.394171182707E-003     0.400000000000E+001    -0.127592155302E-013    -0.104186901391E+003     0.869592660773E-001
     0.418821431115E-003     0.400000000000E+001    -0.123648342911E-013    -0.100966534185E+003     0.894481162258E-001
     0.444950693017E-003     0.400000000000E+001    -0.119841868334E-013    -0.978583118145E+002     0.920050816845E-001
     0.472647709137E-003     0.400000000000E+001    -0.116161642463E-013    -0.948531793362E+002     0.946322317217E-001
     0.502006544641E-003     0.400000000000E+001    -0.112598555324E-013    -0.919436978911E+002     0.973315916236E-001
     0.533126908594E-003     0.400000000000E+001    -0.109162245169E-013    -0.891377377092E+002     0.100105590463E+000
     0.566114492604E-003     0.400000000000E+001    -0.105835290748E-013    -0.864210732611E+002     0.102956412878E+000
     0.601081329767E-003     0.400000000000E+001    -0.102614956097E-013    -0.837914704622E+002     0.105886335581E+000
     0.638146175159E-003     0.400000000000E+001    -0.994961687883E-014    -0.812447873604E+002     0.108897661063E+000
     0.677434909153E-003     0.400000000000E+001    -0.964770302423E-014    -0.787794736487E+002     0.111992806848E+000
     0.719080964939E-003     0.400000000000E+001    -0.935534015242E-014    -0.763921496299E+002     0.115174238573E+000
     0.763225781689E-003     0.400000000000E+001    -0.907222409278E-014    -0.740803315625E+002     0.118444501234E+000
     0.810019284919E-003     0.400000000000E+001    -0.879753089901E-014    -0.718372914145E+002     0.121806019762E+000
     0.859620395664E-003     0.400000000000E+001    -0.853086742436E-014    -0.696598188988E+002     0.125261224154E+000
     0.912197570216E-003     0.400000000000E+001    -0.827627377383E-014    -0.675809039765E+002     0.128814437139E+000
     0.967929372233E-003     0.400000000000E+001    -0.803090502991E-014    -0.655773161331E+002     0.132469179138E+000
     0.102700507918E-002     0.400000000000E+001    -0.779092192802E-014    -0.636177053943E+002     0.136227440059E+000
     0.108962532517E-002     0.400000000000E+001    -0.756023621315E-014    -0.617340135818E+002     0.140093239175E+000
     0.115600278233E-002     0.400000000000E+001    -0.733562031029E-014    -0.598998855457E+002     0.144069241262E+000
     0.122636288312E-002     0.400000000000E+001    -0.711740369035E-014    -0.581180116202E+002     0.148158430417E+000
     0.130094458593E-002     0.400000000000E+001    -0.690350472784E-014    -0.563713940431E+002     0.152362704975E+000
     0.138000118665E-002     0.400000000000E+001    -0.670452625706E-014    -0.547466115269E+002     0.156690785983E+000
     0.146380117888E-002     0.400000000000E+001    -0.651065720985E-014    -0.531635506204E+002     0.161145891112E+000
     0.155262916586E-002     0.400000000000E+001    -0.632238441645E-014    -0.516261865940E+002     0.165731741342E+000
     0.164678682697E-002     0.400000000000E+001    -0.613972948321E-014    -0.501346958771E+002     0.170452307046E+000
     0.174659394236E-002     0.400000000000E+001    -0.596262431989E-014    -0.486885224707E+002     0.175311768027E+000
     0.185238947896E-002     0.400000000000E+001    -0.579072322015E-014    -0.472848434682E+002     0.180314293415E+000
     0.196453274170E-002     0.400000000000E+001    -0.562377063591E-014    -0.459215721613E+002     0.185464088347E+000
     0.208340459379E-002     0.400000000000E+001    -0.546194443532E-014    -0.446001609536E+002     0.190765792083E+000
     0.220940875020E-002     0.400000000000E+001    -0.530472656351E-014    -0.433163796060E+002     0.196223835954E+000
     0.234297314879E-002     0.400000000000E+001    -0.515221358845E-014    -0.420710166559E+002     0.201843025992E+000
     0.248455140365E-002     0.400000000000E+001    -0.500424069701E-014    -0.408627263019E+002     0.207628299471E+000
     0.263462434571E-002     0.400000000000E+001    -0.486038864315E-014    -0.396880851404E+002     0.213584407172E+000
     0.279370165569E-002     0.400000000000E+001    -0.472074676019E-014    -0.385478226333E+002     0.219716491102E+000
     0.296232359518E-002     0.400000000000E+001    -0.458512484043E-014    -0.374403856167E+002     0.226029761540E+000
     0.314106284138E-002     0.400000000000E+001    -0.445354763963E-014    -0.363659762369E+002     0.232529788720E+000
     0.333052643213E-002     0.400000000000E+001    -0.432578191379E-014    -0.353226899119E+002     0.239222152386E+000
     0.353135782749E-002     0.400000000000E+001    -0.420170042985E-014    -0.343094877051E+002     0.246112574676E+000
     0.374423909507E-002     0.400000000000E+001    -0.408119489500E-014    -0.333254853386E+002     0.253206946237E+000
     0.396989322653E-002     0.400000000000E+001    -0.396419181870E-014    -0.323700827166E+002     0.260511389138E+000
     0.420908659296E-002     0.400000000000E+001    -0.385077686134E-014    -0.314439793091E+002     0.268032580403E+000
     0.446263154769E-002     0.400000000000E+001    -0.374054299058E-014    -0.305438514451E+002     0.275776819835E+000
     0.473138918520E-002     0.400000000000E+001    -0.363348843863E-014    -0.296696846891E+002     0.283750774198E+000
     0.501627226558E-002     0.400000000000E+001    -0.352951307926E-014    -0.288206614488E+002     0.291961293010E+000
     0.531824831448E-002     0.400000000000E+001    -0.342847865201E-014    -0.279956527417E+002     0.300415309611E+000
     0.563834290904E-002     0.400000000000E+001    -0.333030516495E-014    -0.271940053840E+002     0.309119963739E+000
     0.597764316095E-002     0.400000000000E+001    -0.323502991218E-014    -0.264160239053E+002     0.318082927304E+000
     0.633730140856E-002     0.400000000000E+001    -0.314230490493E-014    -0.256588667616E+002     0.327311350360E+000
     0.671853913045E-002     0.400000000000E+001    -0.305244143996E-014    -0.249250758838E+002     0.336813729508E+000
     0.712265109384E-002     0.400000000000E+001    -0.296517110670E-014    -0.242124595333E+002     0.346598274068E+000
     0.755100975191E-002     0.400000000000E+001    -0.287964036353E-014    -0.235140480139E+002     0.356670720121E+000
     0.800506990496E-002     0.400000000000E+001    -0.279671807519E-014    -0.228369361447E+002     0.367040062842E+000
     0.848637364120E-002     0.400000000000E+001    -0.271496602913E-014    -0.221693800288E+002     0.377710268280E+000
     0.899655557408E-002     0.400000000000E+001    -0.263414728746E-014    -0.215094449215E+002     0.388683998465E+000
     0.953734839373E-002     0.400000000000E+001    -0.255364722968E-014    -0.208521120658E+002     0.399960670945E+000
     0.101105887516E-001     0.400000000000E+001    -0.247211497481E-014    -0.201863506811E+002     0.411532301834E+000
     0.107182234982E-001     0.400000000000E+001    -0.238834390788E-014    -0.195023080087E+002     0.423382581818E+000
     0.113623162948E-001     0.400000000000E+001    -0.230004074539E-014    -0.187812579675E+002     0.435479454786E+000
     0.120450546223E-001     0.400000000000E+001    -0.220577729229E-014    -0.180115384601E+002     0.447776622431E+000
     0.127687572104E-001     0.400000000000E+001    -0.210127618067E-014    -0.171582221269E+002     0.460194072191E+000
     0.135358819124E-001     0.400000000000E+001    -0.198180359228E-014    -0.161826544083E+002     0.472608186132E+000
     0.143490340526E-001     0.400000000000E+001    -0.185476602979E-014    -0.151453139883E+002     0.484923630615E+000
     0.152109752747E-001     0.400000000000E+001    -0.169960370379E-014    -0.138783174460E+002     0.496885924516E+000
     0.161246329208E-001     0.400000000000E+001    -0.152306788942E-014    -0.124367931266E+002     0.508248895649E+000
     0.170931099734E-001     0.400000000000E+001    -0.132514542340E-014    -0.108206335437E+002     0.518728430930E+000
     0.181196955938E-001     0.400000000000E+001    -0.110222007720E-014    -0.900030995035E+001     0.527968019704E+000
     0.192078762926E-001     0.400000000000E+001    -0.865464016576E-015    -0.706705000314E+001     0.535658247115E+000
     0.203613477710E-001     0.400000000000E+001    -0.670576840834E-015    -0.547567544618E+001     0.541974282567E+000
     0.215840274722E-001     0.400000000000E+001    -0.537282510323E-015    -0.438724463818E+001     0.547338477530E+000
     0.228800678855E-001     0.400000000000E+001    -0.493061212565E-015    -0.402615033909E+001     0.552556531080E+000
     0.242538706494E-001     0.400000000000E+001    -0.483672771274E-015    -0.394948789815E+001     0.557982348470E+000
     0.257101015006E-001     0.400000000000E+001    -0.484099654640E-015    -0.395297366536E+001     0.563738790676E+000
     0.272537061195E-001     0.400000000000E+001    -0.488766376061E-015    -0.399108033762E+001     0.569899440719E+000
     0.288899269272E-001     0.400000000000E+001    -0.494760080187E-015    -0.404002264597E+001     0.576509809836E+000
     0.306243208897E-001     0.400000000000E+001    -0.495111688677E-015    -0.404289374717E+001     0.583521780342E+000
     0.324627783907E-001     0.400000000000E+001    -0.494659538410E-015    -0.403920166006E+001     0.590947680933E+000
     0.344115432366E-001     0.400000000000E+001    -0.489075144991E-015    -0.399360162728E+001     0.598730271392E+000
     0.364772338618E-001     0.400000000000E+001    -0.482220796832E-015    -0.393763162707E+001     0.606864200130E+000
     0.386668658063E-001     0.400000000000E+001    -0.476433496544E-015    -0.389037473397E+001     0.615382688923E+000
     0.409878755421E-001     0.400000000000E+001    -0.464117134070E-015    -0.378980400221E+001     0.624178860909E+000
     0.434481457293E-001     0.400000000000E+001    -0.452627939836E-015    -0.369598761170E+001     0.633271989043E+000
     0.460560319869E-001     0.400000000000E+001    -0.443015949726E-015    -0.361749975613E+001     0.642706016944E+000
     0.488203912708E-001     0.400000000000E+001    -0.434247553260E-015    -0.354590036541E+001     0.652508159538E+000
     0.517506119535E-001     0.400000000000E+001    -0.426573737406E-015    -0.348323890368E+001     0.662714818217E+000
     0.548566457095E-001     0.400000000000E+001    -0.420752341822E-015    -0.343570360136E+001     0.673386229578E+000
     0.581490413132E-001     0.400000000000E+001    -0.416555399761E-015    -0.340143296868E+001     0.684585092530E+000
     0.616389804647E-001     0.400000000000E+001    -0.409626340217E-015    -0.334485290373E+001     0.696258425635E+000
     0.653383157655E-001     0.400000000000E+001    -0.405900866266E-015    -0.331443210033E+001     0.708519621306E+000
     0.692596109728E-001     0.400000000000E+001    -0.399155790771E-015    -0.325935437914E+001     0.721300512012E+000
     0.734161836681E-001     0.400000000000E+001    -0.390187655957E-015    -0.318612400105E+001     0.734543868038E+000
     0.778221504872E-001     0.400000000000E+001    -0.380082905715E-015    -0.310361245365E+001     0.748218281529E+000
     0.824924750635E-001     0.400000000000E+001    -0.369915452024E-015    -0.302058889372E+001     0.762325412074E+000
     0.874430188470E-001     0.400000000000E+001    -0.361812286469E-015    -0.295442152563E+001     0.776951405191E+000
     0.926905949743E-001     0.400000000000E+001    -0.356444924271E-015    -0.291059368725E+001     0.792224967141E+000
     0.982530253690E-001     0.400000000000E+001    -0.352200936694E-015    -0.287593889879E+001     0.808222177085E+000
     0.104149201269E+000     0.400000000000E+001    -0.346077267279E-015    -0.282593534332E+001     0.824884388951E+000
     0.110399147386E+000     0.400000000000E+001    -0.343958835759E-015    -0.280863703722E+001     0.842438219095E+000
     0.117024089912E+000     0.400000000000E+001    -0.342207692030E-015    -0.279433786352E+001     0.860950546839E+000
     0.124046528610E+000     0.400000000000E+001    -0.339332167322E-015    -0.277085742239E+001     0.880408723230E+000
     0.131490313229E+000     0.400000000000E+001    -0.336807261101E-015    -0.275023999847E+001     0.900880917428E+000
     0.139380724499E+000     0.400000000000E+001    -0.332544179707E-015    -0.271542929715E+001     0.922306771357E+000
     0.147744559993E+000     0.400000000000E+001    -0.329027810795E-015    -0.268671596597E+001     0.944778021717E+000
     0.156610225139E+000     0.400000000000E+001    -0.324489997618E-015    -0.264966190941E+001     0.968269036955E+000
     0.166007829686E+000     0.400000000000E+001    -0.318881040499E-015    -0.260386129880E+001     0.992739095736E+000
     0.175969289968E+000     0.400000000000E+001    -0.308653413900E-015    -0.252034638979E+001     0.101784542619E+001
     0.185969289968E+000     0.400000000000E+001    -0.305136844770E-015    -0.249163142371E+001     0.104276174043E+001
     0.195969289968E+000     0.400000000000E+001    -0.302259756589E-015    -0.246813821585E+001     0.106744312259E+001
     0.205969289968E+000     0.400000000000E+001    -0.301749940520E-015    -0.246397525172E+001     0.109208287511E+001
     0.215969289968E+000     0.400000000000E+001    -0.298145254442E-015    -0.243454075615E+001     0.111642828267E+001
     0.225969289968E+000     0.400000000000E+001    -0.295777557528E-015    -0.241520704364E+001     0.114058035311E+001
     0.235969289968E+000     0.400000000000E+001    -0.293361234474E-015    -0.239547626857E+001     0.116453511579E+001
     0.245969289968E+000     0.400000000000E+001    -0.291298600235E-015    -0.237863358184E+001     0.118832145161E+001
     0.255969289968E+000     0.400000000000E+001    -0.289166495842E-015    -0.236122362826E+001     0.121193368789E+001
     0.265969289968E+000     0.400000000000E+001    -0.287163841727E-015    -0.234487071641E+001     0.123538239506E+001
     0.275969289968E+000     0.400000000000E+001    -0.284702150784E-015    -0.232476948441E+001     0.125863008990E+001
     0.285969289968E+000     0.400000000000E+001    -0.283634924951E-015    -0.231605492415E+001     0.128179063914E+001
     0.295969289968E+000     0.400000000000E+001    -0.281484398032E-015    -0.229849453922E+001     0.130477558453E+001
     0.305969289968E+000     0.400000000000E+001    -0.279398693386E-015    -0.228146346833E+001     0.132759021922E+001
     0.315969289968E+000     0.400000000000E+001    -0.277262216847E-015    -0.226401781347E+001     0.135023039735E+001
     0.325969289968E+000     0.400000000000E+001    -0.275528093686E-015    -0.224985762326E+001     0.137272897359E+001
     0.335969289968E+000     0.400000000000E+001    -0.274359651958E-015    -0.224031657250E+001     0.139513213931E+001
     0.345969289968E+000     0.400000000000E+001    -0.273238197213E-015    -0.223115919956E+001     0.141744373131E+001
     0.355969289968E+000     0.400000000000E+001    -0.271998924770E-015    -0.222103977211E+001     0.143965412903E+001
     0.365969289968E+000     0.400000000000E+001    -0.270595232958E-015    -0.220957775864E+001     0.146174990661E+001
     0.375969289968E+000     0.400000000000E+001    -0.269011888467E-015    -0.219664876971E+001     0.148371639431E+001
     0.385969289968E+000     0.400000000000E+001    -0.267567898619E-015    -0.218485769779E+001     0.150556497129E+001
     0.395969289968E+000     0.400000000000E+001    -0.265780727963E-015    -0.217026434191E+001     0.152726761471E+001
     0.405969289968E+000     0.400000000000E+001    -0.263779299778E-015    -0.215392144054E+001     0.154880682911E+001
     0.415969289968E+000     0.400000000000E+001    -0.262561403710E-015    -0.214397656445E+001     0.157024659476E+001
     0.425969289968E+000     0.400000000000E+001    -0.261169218541E-015    -0.213260850984E+001     0.159157267986E+001
     0.435969289968E+000     0.400000000000E+001    -0.260228377115E-015    -0.212492595658E+001     0.161282193942E+001
     0.445969289968E+000     0.400000000000E+001    -0.259379534027E-015    -0.211799462676E+001     0.163400188569E+001
     0.455969289968E+000     0.400000000000E+001    -0.258753104555E-015    -0.211287944194E+001     0.165513068011E+001
     0.465969289968E+000     0.400000000000E+001    -0.258368421787E-015    -0.210973826876E+001     0.167622806280E+001
     0.475969289968E+000     0.400000000000E+001    -0.257475391996E-015    -0.210244612712E+001     0.169725252407E+001
     0.485969289968E+000     0.400000000000E+001    -0.257134273795E-015    -0.209966068563E+001     0.171824913092E+001
     0.495969289968E+000     0.400000000000E+001    -0.257364955267E-015    -0.210154434280E+001     0.173926457435E+001
     0.505969289968E+000     0.400000000000E+001    -0.256585120747E-015    -0.209517651069E+001     0.176021633946E+001
     0.515969289968E+000     0.400000000000E+001    -0.256270401604E-015    -0.209260663386E+001     0.178114240580E+001
     0.525969289968E+000     0.400000000000E+001    -0.254433481215E-015    -0.207760704059E+001     0.180191847620E+001
     0.535969289968E+000     0.400000000000E+001    -0.253283043959E-015    -0.206821300750E+001     0.182260060628E+001
     0.545969289968E+000     0.400000000000E+001    -0.252880024066E-015    -0.206492210033E+001     0.184324982728E+001
     0.555969289968E+000     0.400000000000E+001    -0.252024761377E-015    -0.205793835049E+001     0.186382921079E+001
     0.565969289968E+000     0.400000000000E+001    -0.250677029303E-015    -0.204693328295E+001     0.188429854362E+001
     0.575969289968E+000     0.400000000000E+001    -0.248805446248E-015    -0.203165064753E+001     0.190461505009E+001
     0.585969289968E+000     0.400000000000E+001    -0.247791930551E-015    -0.202337466381E+001     0.192484879673E+001
     0.595969289968E+000     0.400000000000E+001    -0.246975226649E-015    -0.201670577036E+001     0.194501585443E+001
     0.605969289968E+000     0.400000000000E+001    -0.246356599050E-015    -0.201165429266E+001     0.196513239736E+001
     0.615969289968E+000     0.400000000000E+001    -0.245863275546E-015    -0.200762600055E+001     0.198520865736E+001
     0.625969289968E+000     0.400000000000E+001    -0.245330124883E-015    -0.200327249500E+001     0.200524138231E+001
     0.635969289968E+000     0.400000000000E+001    -0.244705742009E-015    -0.199817402192E+001     0.202522312253E+001
     0.645969289968E+000     0.400000000000E+001    -0.244137783852E-015    -0.199353629162E+001     0.204515848545E+001
     0.655969289968E+000     0.400000000000E+001    -0.243302343673E-015    -0.198671440486E+001     0.206502562950E+001
     0.665969289968E+000     0.400000000000E+001    -0.239445732410E-015    -0.195522278404E+001     0.208457785734E+001
     0.675969289968E+000     0.400000000000E+001    -0.240408540167E-015    -0.196308470601E+001     0.210420870440E+001
     0.685969289968E+000     0.400000000000E+001    -0.237892345738E-015    -0.194253841927E+001     0.212363408859E+001
     0.695969289968E+000     0.400000000000E+001    -0.238857182965E-015    -0.195041691311E+001     0.214313825772E+001
     0.705969289968E+000     0.400000000000E+001    -0.239229513129E-015    -0.195345721963E+001     0.216267282992E+001
     0.715969289968E+000     0.400000000000E+001    -0.237587436512E-015    -0.194004864649E+001     0.218207331638E+001
     0.725969289968E+000     0.400000000000E+001    -0.238039895877E-015    -0.194374325759E+001     0.220151074896E+001
     0.735969289968E+000     0.400000000000E+001    -0.238229793495E-015    -0.194529388931E+001     0.222096368785E+001
     0.745969289968E+000     0.400000000000E+001    -0.237988251298E-015    -0.194332154760E+001     0.224039690333E+001
     0.755969289968E+000     0.400000000000E+001    -0.238144520698E-015    -0.194459758408E+001     0.225984287917E+001
