 #        time                      h  [L]            Darcian flow [L.T^{-1}]   in    x         z              directions   cumulative flux
 #-----------------------------------------------------------------------------------------------

     0.100000000000E-005    -0.280000000000E+003     0.000000000000E+000     0.000000000000E+000     0.000000000000E+000
     0.205999994278E-005    -0.280000000000E+003    -0.423699688313E-014     0.235334586957E-014     0.513748843406E-020
     0.318359982147E-005    -0.280000000000E+003    -0.127109906494E-013    -0.353116758283E-014     0.199604253156E-019
     0.437461562859E-005    -0.280000000000E+003    -0.127109906494E-013     0.176443501295E-014     0.352445745621E-019
     0.563709231599E-005    -0.280000000000E+003    -0.847399376627E-014     0.470669173915E-014     0.474822344298E-019
     0.697531753239E-005    -0.280000000000E+003    -0.169479875325E-013     0.411778088252E-014     0.708222940808E-019
     0.839383618521E-005    -0.280000000000E+003    -0.847399376627E-014     0.470669173915E-014     0.845725272237E-019
     0.989746587602E-005    -0.280000000000E+003    -0.423699688313E-014     0.764894846535E-014     0.977203528725E-019
     0.114913132622E-004    -0.280000000000E+003    -0.423699688313E-014     0.764894846535E-014     0.111657047308E-018
     0.131807914004E-004    -0.280000000000E+003    -0.847399376627E-014     0.470669173915E-014     0.128033792333E-018
     0.149716381303E-004    -0.280000000000E+003    -0.847399376627E-014    -0.588910856626E-015     0.143246019297E-018
     0.168699355614E-004    -0.280000000000E+003    -0.847399376627E-014    -0.588910856626E-015     0.159370979010E-018
     0.188821307298E-004    -0.280000000000E+003    -0.127109906494E-013     0.706003760872E-014     0.188628422300E-018
     0.210150574931E-004    -0.280000000000E+003    -0.127109906494E-013     0.123556402045E-013     0.226437888501E-018
     0.232759597402E-004    -0.280000000000E+003    -0.127109906494E-013     0.123556402045E-013     0.266515920511E-018
     0.256725159928E-004    -0.280000000000E+003    -0.127109906494E-013     0.176512428003E-013     0.318645049233E-018
     0.282128654833E-004    -0.280000000000E+003    -0.127109906494E-013     0.176512428003E-013     0.373901922694E-018
     0.309056357980E-004    -0.280000000000E+003    -0.847399376627E-014     0.258891021223E-013     0.447254794027E-018
     0.337599721774E-004    -0.280000000000E+003    -0.423699688313E-014     0.235357562527E-013     0.515513666877E-018
     0.367855685763E-004    -0.280000000000E+003     0.389114566108E-029     0.317736155747E-013     0.611647803739E-018
     0.399927005860E-004    -0.280000000000E+003     0.423699688313E-014     0.294202697051E-013     0.706975960949E-018
     0.433922603327E-004    -0.280000000000E+003     0.389114566108E-029     0.317736155747E-013     0.814992265465E-018
     0.469957934698E-004    -0.280000000000E+003     0.423699688313E-014     0.294202697051E-013     0.922102971342E-018
     0.508155383889E-004    -0.280000000000E+003     0.847399376627E-014     0.270669238355E-013     0.103044018561E-017
     0.548644677845E-004    -0.280000000000E+003     0.847399376627E-014     0.270669238355E-013     0.114527762653E-017
     0.591563327122E-004    -0.280000000000E+003     0.847399376627E-014     0.270669238355E-013     0.126700530734E-017
     0.637057092900E-004    -0.280000000000E+003     0.847399376627E-014     0.270669238355E-013     0.139603664203E-017
     0.685280482021E-004    -0.280000000000E+003     0.423699688313E-014     0.188290645135E-013     0.148910725995E-017
     0.736397271730E-004    -0.280000000000E+003     0.127109906494E-013     0.247135779659E-013     0.163116506006E-017
     0.790581065897E-004    -0.280000000000E+003     0.127109906494E-013     0.194179753702E-013     0.175691665242E-017
     0.848015884613E-004    -0.280000000000E+003     0.847399376627E-014     0.217713212397E-013     0.189109783712E-017
     0.908896789166E-004    -0.280000000000E+003     0.847399376627E-014     0.164757186440E-013     0.200389322742E-017
     0.973430544509E-004    -0.280000000000E+003     0.423699688313E-014     0.823785932198E-014     0.206367478106E-017
     0.104183632148E-003    -0.280000000000E+003     0.423699688313E-014     0.135334619178E-013     0.216068245400E-017
     0.111434644115E-003    -0.280000000000E+003     0.194557283054E-029     0.158868077873E-013     0.227587788739E-017
     0.119120716386E-003    -0.280000000000E+003     0.194557283054E-029     0.158868077873E-013     0.239798504019E-017
     0.127267952553E-003    -0.280000000000E+003     0.194557283054E-029     0.158868077873E-013     0.252741861518E-017
     0.135904022424E-003    -0.280000000000E+003     0.194557283054E-029     0.158868077873E-013     0.266461819725E-017
     0.145058255993E-003    -0.280000000000E+003     0.194557283054E-029     0.158868077873E-013     0.281004974640E-017
     0.154761743052E-003    -0.280000000000E+003     0.847399376627E-014     0.217713212397E-013     0.303674592451E-017
     0.165047438780E-003    -0.280000000000E+003     0.259409710739E-029     0.211824103831E-013     0.325462175249E-017
     0.175950275662E-003    -0.280000000000E+003     0.423699688313E-014     0.188290645135E-013     0.346504532169E-017
     0.187507282134E-003    -0.280000000000E+003     0.127109906494E-013     0.247135779659E-013     0.378622412117E-017
     0.199757708333E-003    -0.280000000000E+003     0.847399376627E-014     0.217713212397E-013     0.407242276115E-017
     0.212743159403E-003    -0.280000000000E+003    -0.423699688313E-014     0.235357562527E-013     0.438295807852E-017
     0.226507736794E-003    -0.280000000000E+003    -0.423699688313E-014     0.235357562527E-013     0.471212549717E-017
     0.241098188040E-003    -0.280000000000E+003     0.259409710739E-029     0.211824103831E-013     0.502118642315E-017
     0.256564065527E-003    -0.280000000000E+003     0.194557283054E-029     0.158868077873E-013     0.526688984604E-017
     0.272957894778E-003    -0.280000000000E+003     0.129704855369E-029     0.105912051916E-013     0.544052025551E-017
     0.290335352846E-003    -0.280000000000E+003     0.423699688313E-014     0.135334619178E-013     0.568695364806E-017
     0.308755457403E-003    -0.280000000000E+003     0.127109906494E-013     0.353116758283E-014     0.592995834429E-017
     0.328280767180E-003    -0.280000000000E+003     0.127109906494E-013     0.882677017860E-014     0.623211600181E-017
     0.348977594427E-003    -0.280000000000E+003     0.847399376627E-014     0.111801160482E-013     0.652246494893E-017
     0.370916230124E-003    -0.280000000000E+003     0.847399376627E-014     0.111801160482E-013     0.683023481626E-017
     0.394171182707E-003    -0.280000000000E+003     0.423699688313E-014     0.823785932198E-014     0.704565962576E-017
     0.418821431115E-003    -0.280000000000E+003     0.423699688313E-014     0.823785932198E-014     0.727400991150E-017
     0.444950693017E-003    -0.280000000000E+003     0.847399376627E-014     0.588451345240E-014     0.754357990925E-017
     0.472647709137E-003    -0.280000000000E+003     0.127109906494E-013     0.353116758283E-014     0.790896898551E-017
     0.502006544641E-003    -0.280000000000E+003    -0.648524276847E-030    -0.529560259578E-014     0.806444171101E-017
     0.533126908594E-003    -0.280000000000E+003    -0.648524276847E-030    -0.529560259578E-014     0.822924279114E-017
     0.566114492604E-003    -0.280000000000E+003    -0.648524276847E-030    -0.529560259578E-014     0.840393192665E-017
     0.601081329767E-003    -0.280000000000E+003    -0.648524276847E-030    -0.529560259578E-014     0.858910240030E-017
     0.638146175159E-003    -0.280000000000E+003    -0.648524276847E-030    -0.529560259578E-014     0.878538309177E-017
     0.677434909153E-003    -0.280000000000E+003    -0.423699688313E-014    -0.823785932198E-014     0.914933859784E-017
     0.719080964939E-003    -0.280000000000E+003    -0.127109906494E-013    -0.882677017860E-014     0.979381875231E-017
     0.763225781689E-003    -0.280000000000E+003    -0.169479875325E-013    -0.647342430903E-014     0.105947029476E-016
     0.810019284919E-003    -0.280000000000E+003    -0.296589781819E-013    -0.470898929608E-014     0.119999341842E-016
     0.859620395664E-003    -0.280000000000E+003    -0.296589781819E-013    -0.470898929608E-014     0.134894792146E-016
     0.912197570216E-003    -0.280000000000E+003    -0.338959750651E-013    -0.235564342650E-014     0.152759322909E-016
     0.967929372233E-003    -0.280000000000E+003    -0.296589781819E-013    -0.470898929608E-014     0.169495849064E-016
     0.102700507918E-002    -0.280000000000E+003    -0.381329719482E-013    -0.229755692931E-017     0.192023171864E-016
     0.108962532517E-002    -0.280000000000E+003    -0.423699688313E-013    -0.294455428313E-014     0.218619345022E-016
     0.115600278233E-002    -0.280000000000E+003    -0.423699688313E-013    -0.294455428313E-014     0.246811287048E-016
     0.122636288312E-002    -0.280000000000E+003    -0.423699688313E-013     0.764665090842E-014     0.277104440353E-016
     0.130094458593E-002    -0.280000000000E+003    -0.381329719482E-013     0.158845102304E-013     0.307913465784E-016
     0.138000118665E-002    -0.280000000000E+003    -0.296589781819E-013     0.111778184912E-013     0.332970774499E-016
     0.146380117888E-002    -0.280000000000E+003    -0.296589781819E-013     0.111778184912E-013     0.359531520303E-016
     0.155262916586E-002    -0.280000000000E+003    -0.296589781819E-013     0.111778184912E-013     0.387685909335E-016
     0.164678682697E-002    -0.280000000000E+003    -0.338959750651E-013     0.823556176505E-014     0.420530088326E-016
     0.174659394236E-002    -0.280000000000E+003    -0.296589781819E-013     0.586613299697E-015     0.450137648344E-016
     0.185238947896E-002    -0.280000000000E+003    -0.254219812988E-013    -0.123579377614E-013     0.480042357483E-016
     0.196453274170E-002    -0.280000000000E+003    -0.296589781819E-013    -0.153001944876E-013     0.517467824542E-016
     0.208340459379E-002    -0.280000000000E+003    -0.254219812988E-013    -0.176535403572E-013     0.554259087557E-016
     0.220940875020E-002    -0.280000000000E+003    -0.296589781819E-013    -0.311870022750E-013     0.608488970905E-016
     0.234297314879E-002    -0.280000000000E+003    -0.381329719482E-013    -0.317759131316E-013     0.674786337298E-016
     0.248455140365E-002    -0.280000000000E+003    -0.423699688313E-013    -0.506049776451E-013     0.768228822329E-016
     0.263462434571E-002    -0.280000000000E+003    -0.296589781819E-013    -0.364826048707E-013     0.838789210479E-016
     0.279370165569E-002    -0.280000000000E+003    -0.338959750651E-013    -0.447204641927E-013     0.928054930129E-016
     0.296232359518E-002    -0.280000000000E+003    -0.381329719482E-013    -0.370715157274E-013     0.101773296719E-015
     0.314106284138E-002    -0.280000000000E+003    -0.381329719482E-013    -0.264803105358E-013     0.110071362034E-015
     0.333052643213E-002    -0.280000000000E+003    -0.508439625976E-013    -0.247158755229E-013     0.120782312147E-015
     0.353135782749E-002    -0.280000000000E+003    -0.466069657145E-013    -0.323648239882E-013     0.132177951813E-015
     0.374423909507E-002    -0.280000000000E+003    -0.381329719482E-013    -0.158891053443E-013     0.140972260220E-015
     0.396989322653E-002    -0.280000000000E+003    -0.211849844157E-013     0.647112675210E-014     0.145970787257E-015
     0.420908659296E-002    -0.280000000000E+003    -0.211849844157E-013     0.117552415632E-014     0.151045890070E-015
     0.446263154769E-002    -0.280000000000E+003    -0.211849844157E-013     0.117552415632E-014     0.156425498762E-015
     0.473138918520E-002    -0.280000000000E+003    -0.127109906494E-013     0.706003760872E-014     0.160333251579E-015
     0.501627226558E-002    -0.280000000000E+003     0.423699688313E-014    -0.235334586957E-014     0.161713990834E-015
     0.531824831448E-002    -0.280000000000E+003    -0.423699688313E-014     0.235334586957E-014     0.163177574364E-015
     0.563834290904E-002    -0.280000000000E+003     0.259409710739E-029     0.211824103831E-013     0.169957949428E-015
     0.597764316095E-002    -0.280000000000E+003     0.169479875325E-013     0.117690269048E-013     0.176958925459E-015
     0.633730140856E-002    -0.280000000000E+003     0.508439625976E-013    -0.705774005180E-014     0.195420713460E-015
     0.671853913045E-002    -0.280000000000E+003     0.466069657145E-013     0.217736187967E-013     0.215032419811E-015
     0.712265109384E-002    -0.280000000000E+003     0.296589781819E-013    -0.588221589547E-014     0.227251414798E-015
     0.755100975191E-002    -0.280000000000E+003     0.127109906494E-013     0.882677017860E-014     0.233880341570E-015
     0.800506990496E-002    -0.280000000000E+003     0.169479875325E-013     0.647342430903E-014     0.242117992715E-015
     0.848637364120E-002    -0.280000000000E+003     0.169479875325E-013    -0.411778088252E-014     0.250512437668E-015
     0.899655557408E-002    -0.280000000000E+003     0.296589781819E-013     0.470898929608E-014     0.265833444623E-015
     0.953734839373E-002    -0.280000000000E+003     0.169479875325E-013     0.170646295006E-013     0.278839887016E-015
     0.101105887516E-001    -0.280000000000E+003     0.381329719482E-013     0.229755692931E-017     0.300699245543E-015
     0.107182234982E-001    -0.280000000000E+003     0.847399376627E-014    -0.470669173915E-014     0.306589276960E-015
     0.113623162948E-001    -0.280000000000E+003    -0.254219812988E-013     0.141200752174E-013     0.325319575856E-015
     0.120450546223E-001    -0.280000000000E+003     0.423699688313E-014    -0.129445510611E-013     0.334618701076E-015
     0.127687572104E-001    -0.280000000000E+003    -0.423699688313E-014     0.182401536569E-013     0.348170606409E-015
     0.135358819124E-001    -0.280000000000E+003    -0.423699688313E-014     0.288313588485E-013     0.370525407286E-015
     0.143490340526E-001    -0.280000000000E+003     0.648524276847E-030     0.529560259578E-014     0.374831537870E-015
     0.152109752747E-001    -0.280000000000E+003     0.423699688313E-014    -0.764894846535E-014     0.382368402151E-015
     0.161246329208E-001    -0.280000000000E+003    -0.211849844157E-013     0.647112675210E-014     0.402607085204E-015
     0.170931099734E-001    -0.280000000000E+003    -0.254219812988E-013    -0.229491429530E-013     0.435775696440E-015
     0.181196955938E-001    -0.280000000000E+003    -0.169479875325E-013    -0.117782171325E-014     0.453216221299E-015
     0.192078762926E-001    -0.280000000000E+003    -0.127109906494E-013     0.176443501295E-014     0.467180701122E-015
     0.203613477710E-001    -0.280000000000E+003    -0.847399376627E-014     0.470669173915E-014     0.478361732631E-015
     0.215840274722E-001    -0.280000000000E+003     0.648524276847E-030     0.529560259578E-014     0.484836558430E-015
     0.228800678855E-001    -0.280000000000E+003     0.847399376627E-014     0.111801160482E-013     0.503018280920E-015
     0.242538706494E-001    -0.280000000000E+003     0.847399376627E-014     0.588451345240E-014     0.517191509746E-015
     0.257101015006E-001    -0.280000000000E+003     0.423699688313E-014     0.294225672620E-014     0.524703320618E-015
     0.272537061195E-001    -0.279999977387E+003     0.207554788068E-005    -0.690563363900E-006     0.337650173434E-008
     0.288899269272E-001    -0.279999990925E+003     0.826820448547E-006    -0.243184656331E-006     0.478666478661E-008
     0.306243208897E-001    -0.280000044435E+003    -0.413774836159E-005     0.138360231230E-005     0.123537357770E-007
     0.324627783907E-001    -0.280000010319E+003    -0.988618315430E-006     0.268293552014E-006     0.142370087872E-007
     0.344115432366E-001    -0.280000002109E+003    -0.176632224340E-006     0.219335960959E-007     0.145838671714E-007
     0.364772338618E-001    -0.280000002081E+003    -0.147268260229E-006     0.321061665920E-007     0.148952233300E-007
     0.386668658063E-001    -0.280000001546E+003    -0.894041838907E-007     0.195474618136E-007     0.150956100831E-007
     0.409878755421E-001    -0.280000001221E+003    -0.574763324772E-007     0.117586427630E-007     0.152317763179E-007
     0.434481457293E-001    -0.280000000994E+003    -0.373919633089E-007     0.633727766607E-008     0.153250825313E-007
     0.460560319869E-001    -0.280000000844E+003    -0.254282815662E-007     0.303864451683E-008     0.153918683987E-007
     0.488203912708E-001    -0.280000030544E+003    -0.284539476488E-005     0.839928396756E-006     0.235930990989E-007
     0.517506119535E-001    -0.280000010212E+003    -0.888767525895E-006     0.221862479497E-006     0.262773006815E-007
     0.548566457095E-001    -0.280000004994E+003    -0.352555126078E-006     0.794245117575E-007     0.273997929619E-007
     0.581490413132E-001    -0.280000003041E+003    -0.154301140079E-006     0.317538116104E-007     0.279184591464E-007
     0.616389804647E-001    -0.279999974626E+003     0.257989394884E-005    -0.724413136959E-006     0.372703417040E-007
     0.653383157655E-001    -0.279999993845E+003     0.683402975206E-006    -0.162814371144E-006     0.398692350617E-007
     0.692596109728E-001    -0.279999971678E+003     0.279076105946E-005    -0.741483431348E-006     0.511923068145E-007
     0.734161836681E-001    -0.279999992217E+003     0.742146125903E-006    -0.168353286902E-006     0.543554660132E-007
     0.778221504872E-001    -0.279999996878E+003     0.251582953015E-006    -0.554055577448E-007     0.554904943599E-007
     0.824924750635E-001    -0.279999997995E+003     0.140427497204E-006    -0.335783929767E-007     0.561648250321E-007
     0.874430188470E-001    -0.279999998674E+003     0.829304526308E-007    -0.205789043178E-007     0.565878272368E-007
     0.926905949743E-001    -0.279999999247E+003     0.261550115534E-007    -0.265906033766E-007     0.567835516135E-007
     0.982530253690E-001    -0.279999999714E+003     0.911849143031E-007     0.144466944722E-006     0.577338222628E-007
     0.104149201269E+000    -0.280000036997E+003    -0.368920963312E-005     0.904633658995E-006     0.801304677811E-007
     0.110399147386E+000    -0.280000008149E+003    -0.927145686317E-006    -0.115677351500E-006     0.859700061059E-007
     0.117024089912E+000    -0.280000001361E+003    -0.854198604674E-007    -0.472645271128E-007     0.866167609442E-007
     0.124046528610E+000    -0.280000001243E+003    -0.459751104518E-007    -0.220038274321E-008     0.869399878975E-007
     0.131490313229E+000    -0.280000001014E+003    -0.254435220144E-007     0.138015442921E-008     0.871296624297E-007
     0.139380724499E+000    -0.280000001046E+003    -0.348574807552E-007     0.478718861581E-008     0.874072839617E-007
     0.147744559993E+000    -0.280000000762E+003    -0.396515114242E-008     0.105999681672E-007     0.875019401706E-007
     0.156610225139E+000    -0.280000002710E+003    -0.215697664636E-006     0.415255351946E-007     0.894493587968E-007
     0.166007829686E+000    -0.280000000947E+003    -0.344020968306E-007     0.450665503276E-008     0.897754183266E-007
     0.175969289968E+000    -0.280000001796E+003    -0.121845410946E-006     0.290044023671E-007     0.910230911086E-007
     0.185969289968E+000    -0.280000000734E+003    -0.189434646743E-007     0.450665323746E-008     0.912178126476E-007
     0.195969289968E+000    -0.279999951222E+003     0.510705971724E-005    -0.980183279165E-006     0.143220522400E-006
     0.205969289968E+000    -0.280000017470E+003    -0.185880587984E-005     0.406751094051E-006     0.162248411804E-006
     0.215969289968E+000    -0.280000001838E+003    -0.256959621418E-006    -0.554029833511E-008     0.164818605219E-006
     0.225969289968E+000    -0.279999996542E+003     0.333153712733E-006    -0.936585408267E-007     0.168279288946E-006
     0.235969289968E+000    -0.280000003522E+003    -0.365288190490E-006     0.665444506526E-007     0.171992288085E-006
     0.245969289968E+000    -0.280000000720E+003    -0.517380407138E-007     0.254503488757E-008     0.172510294075E-006
     0.255969289968E+000    -0.280000002744E+003    -0.252839932750E-006     0.346905673525E-007     0.175062380811E-006
     0.265969289968E+000    -0.280000001550E+003     0.620005806234E-007     0.268812835845E-006     0.177821083635E-006
     0.275969289968E+000    -0.280000000718E+003     0.671816358206E-007     0.113689654219E-006     0.179141640701E-006
     0.285969289968E+000    -0.279999977126E+003     0.243153909634E-005    -0.460995796415E-006     0.203890175004E-006
     0.295969289968E+000    -0.280000012217E+003    -0.126540262183E-005     0.263820886335E-006     0.216816292965E-006
     0.305969289968E+000    -0.280000001914E+003    -0.184794188837E-006     0.321445046779E-007     0.218691983809E-006
     0.315969289968E+000    -0.280000000555E+003    -0.313496626920E-007     0.544126156533E-008     0.219010167510E-006
     0.325969289968E+000    -0.280000000321E+003    -0.684034757401E-008     0.171276178051E-008     0.219080682691E-006
     0.335969289968E+000    -0.279999991789E+003     0.898318380341E-006    -0.135476327186E-006     0.228165448773E-006
     0.345969289968E+000    -0.279999998801E+003     0.129713885340E-006    -0.215864629899E-007     0.229480426623E-006
     0.355969289968E+000    -0.279999999737E+003     0.265275239952E-007    -0.413297931162E-008     0.229748902142E-006
     0.365969289968E+000    -0.280000000189E+003    -0.178012127568E-007     0.418821923541E-008     0.229931774873E-006
     0.375969289968E+000    -0.279999999197E+003     0.832697891790E-007    -0.248826153447E-007     0.230800854981E-006
     0.385969289968E+000    -0.280000000604E+003    -0.483576883894E-007     0.201302254048E-007     0.231324657615E-006
     0.395969289968E+000    -0.280000000230E+003    -0.194822603291E-006    -0.263033891182E-006     0.234597923181E-006
     0.405969289968E+000    -0.280000000248E+003    -0.225063808324E-007     0.186003003263E-008     0.234823754289E-006
     0.415969289968E+000    -0.280000000104E+003     0.513972902029E-006     0.727230225052E-006     0.243728988391E-006
     0.425969289968E+000    -0.280000000347E+003     0.124420052964E-006     0.149749862076E-006     0.245675918559E-006
     0.435969289968E+000    -0.279999999008E+003     0.139197262991E-006    -0.254058021597E-007     0.247090886149E-006
     0.445969289968E+000    -0.279999999173E+003     0.108673661711E-006    -0.229687955551E-007     0.248201630508E-006
     0.455969289968E+000    -0.280000011605E+003    -0.117577253275E-005     0.230364637971E-006     0.260182903042E-006
     0.465969289968E+000    -0.280000002108E+003     0.304692165375E-006     0.697682613542E-006     0.267796038696E-006
     0.475969289968E+000    -0.280000001086E+003     0.258808605797E-007     0.655347874996E-007     0.268500639811E-006
     0.485969289968E+000    -0.280000002062E+003    -0.133859173708E-006     0.446481163090E-007     0.269911729201E-006
     0.495969289968E+000    -0.280000000710E+003    -0.174439957249E-007     0.517148233322E-008     0.270093673483E-006
     0.505969289968E+000    -0.280000000461E+003     0.761319020226E-007     0.115894811289E-006     0.271480312361E-006
     0.515969289968E+000    -0.280000000392E+003     0.114448064701E-007     0.155413525987E-007     0.271673319417E-006
     0.525969289968E+000    -0.280000000314E+003     0.911265323486E-008     0.125038068453E-007     0.271828040338E-006
     0.535969289968E+000    -0.280000006446E+003    -0.636071519358E-006     0.127510940136E-006     0.278315304921E-006
     0.545969289968E+000    -0.280000001260E+003    -0.904658695509E-007     0.149817764936E-007     0.279232285137E-006
     0.555969289968E+000    -0.280000000486E+003    -0.882481707881E-008     0.141154542894E-008     0.279321655075E-006
     0.565969289968E+000    -0.280000004683E+003    -0.434839501834E-006     0.109495415677E-006     0.283805789756E-006
     0.575969289968E+000    -0.279999999814E+003     0.529040964744E-007    -0.529252274500E-008     0.284337471449E-006
     0.585969289968E+000    -0.280000000077E+003     0.173339313325E-007     0.193283957592E-007     0.284597096574E-006
     0.595969289968E+000    -0.279999999972E+003     0.596107328600E-008     0.623114222954E-008     0.284683329705E-006
     0.605969289968E+000    -0.279999999901E+003    -0.196270237270E-007    -0.299834217059E-007     0.285041690645E-006
     0.615969289968E+000    -0.279999999871E+003    -0.330971783090E-007    -0.465068011462E-007     0.285612506357E-006
     0.625969289968E+000    -0.279999997851E+003     0.203007463447E-006    -0.452846415849E-007     0.287692475803E-006
     0.635969289968E+000    -0.279999999531E+003     0.304843918797E-007    -0.478560398399E-008     0.288001053209E-006
     0.645969289968E+000    -0.279999970759E+003     0.301223932910E-005    -0.578123278166E-006     0.318673210454E-006
     0.655969289968E+000    -0.279999991382E+003     0.798443293244E-006    -0.156615461788E-006     0.326809795090E-006
     0.665969289968E+000    -0.279999997828E+003     0.120485944128E-006    -0.211356478459E-007     0.328033052150E-006
     0.675969289968E+000    -0.279999998872E+003     0.317135956664E-007    -0.791959291423E-008     0.328359927065E-006
     0.685969289968E+000    -0.279999999692E+003    -0.314928987943E-007     0.656091222935E-008     0.328681617637E-006
     0.695969289968E+000    -0.279999999521E+003    -0.530717757329E-009    -0.754775970810E-009     0.328690844490E-006
     0.705969289968E+000    -0.279999999568E+003     0.678000938387E-007     0.925507917798E-007     0.329838123958E-006
     0.715969289968E+000    -0.279999999651E+003     0.116234806872E-007     0.111915225100E-007     0.329999479305E-006
     0.725969289968E+000    -0.279999999672E+003     0.385639551207E-007     0.526709495980E-007     0.330652273880E-006
     0.735969289968E+000    -0.280000021485E+003    -0.208937431835E-005     0.672129165517E-006     0.352600491706E-006
     0.745969289968E+000    -0.280000002882E+003    -0.248931290253E-006     0.703319427788E-007     0.355187253570E-006
     0.755969289968E+000    -0.280000000712E+003     0.211336064884E-007     0.942678398391E-007     0.356153330946E-006
