 #        time                      h  [L]            Darcian flow [L.T^{-1}]   in    x         z              directions   cumulative flux
 #-----------------------------------------------------------------------------------------------

     0.100000000000E-005     0.400000000000E+001    -0.181814027884E-012    -0.148462420357E+004     0.148462420357E-002
     0.205999994278E-005     0.400000000000E+001    -0.178837137329E-012    -0.146031604748E+004     0.303255913034E-002
     0.318359982147E-005     0.400000000000E+001    -0.175716241115E-012    -0.143483199595E+004     0.464473618693E-002
     0.437461562859E-005     0.400000000000E+001    -0.172447261687E-012    -0.140813875321E+004     0.632185170063E-002
     0.563709231599E-005     0.400000000000E+001    -0.169026489770E-012    -0.138020603073E+004     0.806432963823E-002
     0.697531753239E-005     0.400000000000E+001    -0.165450689227E-012    -0.135100740346E+004     0.987228181309E-002
     0.839383618521E-005     0.400000000000E+001    -0.161717218805E-012    -0.132052130392E+004     0.117454659141E-001
     0.989746587602E-005     0.400000000000E+001    -0.157824172751E-012    -0.128873217046E+004     0.136832418691E-001
     0.114913132622E-004     0.400000000000E+001    -0.153770542337E-012    -0.125563176619E+004     0.156845272777E-001
     0.131807914004E-004     0.400000000000E+001    -0.149556400192E-012    -0.122122068417E+004     0.177477529256E-001
     0.149716381303E-004     0.400000000000E+001    -0.145183109117E-012    -0.118551005252E+004     0.198708197263E-001
     0.168699355614E-004     0.400000000000E+001    -0.140653556496E-012    -0.114852344851E+004     0.220510588382E-001
     0.188821307298E-004     0.400000000000E+001    -0.135972414527E-012    -0.111029902353E+004     0.242851971688E-001
     0.210150574931E-004     0.400000000000E+001    -0.131146425054E-012    -0.107089182894E+004     0.265693310114E-001
     0.232759597402E-004     0.400000000000E+001    -0.126184705615E-012    -0.103037631506E+004     0.288989111374E-001
     0.256725159928E-004     0.400000000000E+001    -0.121099070169E-012    -0.988848950190E+003     0.312687432718E-001
     0.282128654833E-004     0.400000000000E+001    -0.115904353617E-012    -0.946430870501E+003     0.336730084516E-001
     0.309056357980E-004     0.400000000000E+001    -0.110618723308E-012    -0.903270423643E+003     0.361053082345E-001
     0.337599721774E-004     0.400000000000E+001    -0.105263953111E-012    -0.859545406760E+003     0.385587399588E-001
     0.367855685763E-004     0.400000000000E+001    -0.998656262855E-013    -0.815464723013E+003     0.410260070881E-001
     0.399927005860E-004     0.400000000000E+001    -0.944532226051E-013    -0.771269093022E+003     0.434995688844E-001
     0.433922603327E-004     0.400000000000E+001    -0.890600341216E-013    -0.727230367022E+003     0.459718319668E-001
     0.469957934698E-004     0.400000000000E+001    -0.837228445478E-013    -0.683648906820E+003     0.484353834566E-001
     0.508155383889E-004     0.400000000000E+001    -0.784813029907E-013    -0.640848471946E+003     0.508832611512E-001
     0.548644677845E-004     0.400000000000E+001    -0.733769285746E-013    -0.599168091777E+003     0.533092504509E-001
     0.591563327122E-004     0.400000000000E+001    -0.684517043798E-013    -0.558950584181E+003     0.557081908595E-001
     0.637057092900E-004     0.400000000000E+001    -0.637462627634E-013    -0.520527737530E+003     0.580762675567E-001
     0.685280482021E-004     0.400000000000E+001    -0.592977320845E-013    -0.484202727887E+003     0.604112572128E-001
     0.736397271730E-004     0.400000000000E+001    -0.551374027077E-013    -0.450231060466E+003     0.627126938566E-001
     0.790581065897E-004     0.400000000000E+001    -0.512884627847E-013    -0.418802080897E+003     0.649819224314E-001
     0.848015884613E-004     0.400000000000E+001    -0.477641252662E-013    -0.390023681109E+003     0.672220163734E-001
     0.908896789166E-004     0.400000000000E+001    -0.445664844040E-013    -0.363912961966E+003     0.694375514037E-001
     0.973430544509E-004     0.400000000000E+001    -0.416863768502E-013    -0.340395099054E+003     0.716342488079E-001
     0.104183632148E-003     0.400000000000E+001    -0.391043757378E-013    -0.319311459965E+003     0.738185236593E-001
     0.111434644115E-003     0.400000000000E+001    -0.367928440290E-013    -0.300436371162E+003     0.759969913821E-001
     0.119120716386E-003     0.400000000000E+001    -0.347187701752E-013    -0.283500272890E+003     0.781759949682E-001
     0.127267952553E-003     0.400000000000E+001    -0.328469637302E-013    -0.268215813352E+003     0.803612125433E-001
     0.135904022424E-003     0.400000000000E+001    -0.311431392862E-013    -0.254303030947E+003     0.825573912870E-001
     0.145058255993E-003     0.400000000000E+001    -0.295764678159E-013    -0.241510187561E+003     0.847682319532E-001
     0.154761743052E-003     0.400000000000E+001    -0.281212998655E-013    -0.229627839513E+003     0.869964227223E-001
     0.165047438780E-003     0.400000000000E+001    -0.267579276190E-013    -0.218495060271E+003     0.892437964303E-001
     0.175950275662E-003     0.400000000000E+001    -0.254724185674E-013    -0.207998082264E+003     0.915115655931E-001
     0.187507282134E-003     0.400000000000E+001    -0.242556970403E-013    -0.198062797022E+003     0.938005786201E-001
     0.199757708333E-003     0.400000000000E+001    -0.231021518479E-013    -0.188643385701E+003     0.961115404945E-001
     0.212743159403E-003     0.400000000000E+001    -0.220080925468E-013    -0.179709713545E+003     0.984451521865E-001
     0.226507736794E-003     0.400000000000E+001    -0.209703527822E-013    -0.171235925303E+003     0.100802142332E+000
     0.241098188040E-003     0.400000000000E+001    -0.199852476411E-013    -0.163191931380E+003     0.103183186251E+000
     0.256564065527E-003     0.400000000000E+001    -0.190479462206E-013    -0.155538284457E+003     0.105588722303E+000
     0.272957894778E-003     0.400000000000E+001    -0.181521297632E-013    -0.148223387967E+003     0.108018671216E+000
     0.290335352846E-003     0.400000000000E+001    -0.172895094185E-013    -0.141179558306E+003     0.110472013071E+000
     0.308755457403E-003     0.400000000000E+001    -0.164479187372E-013    -0.134307448880E+003     0.112945970322E+000
     0.328280767180E-003     0.400000000000E+001    -0.156012213966E-013    -0.127393640415E+003     0.115433370615E+000
     0.348977594427E-003     0.400000000000E+001    -0.145488544008E-013    -0.118800411767E+003     0.117892162214E+000
     0.370916230124E-003     0.400000000000E+001    -0.137927808956E-013    -0.112626603076E+003     0.120363036229E+000
     0.394171182707E-003     0.400000000000E+001    -0.131683957992E-013    -0.107528111847E+003     0.122863597371E+000
     0.418821431115E-003     0.400000000000E+001    -0.126133393779E-013    -0.102995732212E+003     0.125402467755E+000
     0.444950693017E-003     0.400000000000E+001    -0.121029977632E-013    -0.988284766813E+002     0.127984782906E+000
     0.472647709137E-003     0.400000000000E+001    -0.116263346205E-013    -0.949362267437E+002     0.130614233108E+000
     0.502006544641E-003     0.400000000000E+001    -0.111771171708E-013    -0.912680878972E+002     0.133293757887E+000
     0.533126908594E-003     0.400000000000E+001    -0.107507938059E-013    -0.877868934403E+002     0.136025717962E+000
     0.566114492604E-003     0.400000000000E+001    -0.103434823584E-013    -0.844609430703E+002     0.138811880417E+000
     0.601081329767E-003     0.400000000000E+001    -0.995177998272E-014    -0.812624504440E+002     0.141653371289E+000
     0.638146175159E-003     0.400000000000E+001    -0.957286346895E-014    -0.781683623034E+002     0.144550669552E+000
     0.677434909153E-003     0.400000000000E+001    -0.920460647730E-014    -0.751613157664E+002     0.147503662494E+000
     0.719080964939E-003     0.400000000000E+001    -0.884554138961E-014    -0.722293268212E+002     0.150511729068E+000
     0.763225781689E-003     0.400000000000E+001    -0.849450870760E-014    -0.693629274458E+002     0.153573742789E+000
     0.810019284919E-003     0.400000000000E+001    -0.814959128670E-014    -0.665464629669E+002     0.156687684919E+000
     0.859620395664E-003     0.400000000000E+001    -0.780332176757E-014    -0.637189577681E+002     0.159848216000E+000
     0.912197570216E-003     0.400000000000E+001    -0.742153246572E-014    -0.606014115326E+002     0.163034466992E+000
     0.967929372233E-003     0.400000000000E+001    -0.712926807735E-014    -0.582148916921E+002     0.166278887810E+000
     0.102700507918E-002     0.400000000000E+001    -0.686564207294E-014    -0.560622220033E+002     0.169590803208E+000
     0.108962532517E-002     0.400000000000E+001    -0.661859207368E-014    -0.540449056682E+002     0.172975108496E+000
     0.115600278233E-002     0.400000000000E+001    -0.638445354772E-014    -0.521330195136E+002     0.176435565765E+000
     0.122636288312E-002     0.400000000000E+001    -0.616126857326E-014    -0.503105758946E+002     0.179975422956E+000
     0.130094458593E-002     0.400000000000E+001    -0.594761110036E-014    -0.485659302299E+002     0.183597552731E+000
     0.138000118665E-002     0.400000000000E+001    -0.574237213704E-014    -0.468900269126E+002     0.187304518866E+000
     0.146380117888E-002     0.400000000000E+001    -0.554470726679E-014    -0.452759707587E+002     0.191098644864E+000
     0.155262916586E-002     0.400000000000E+001    -0.535398966300E-014    -0.437186433405E+002     0.194982083946E+000
     0.164678682697E-002     0.400000000000E+001    -0.516974415707E-014    -0.422141646120E+002     0.198956870951E+000
     0.174659394236E-002     0.400000000000E+001    -0.499157218266E-014    -0.407592800318E+002     0.203024937116E+000
     0.185238947896E-002     0.400000000000E+001    -0.481908183216E-014    -0.393507894318E+002     0.207188075000E+000
     0.196453274170E-002     0.400000000000E+001    -0.465182821932E-014    -0.379850600399E+002     0.211447843568E+000
     0.208340459379E-002     0.400000000000E+001    -0.448925134009E-014    -0.366575190759E+002     0.215805390754E+000
     0.220940875020E-002     0.400000000000E+001    -0.433056664069E-014    -0.353617601720E+002     0.220261119514E+000
     0.234297314879E-002     0.400000000000E+001    -0.417445654398E-014    -0.340870244946E+002     0.224813932440E+000
     0.248455140365E-002     0.400000000000E+001    -0.401769568100E-014    -0.328069749074E+002     0.229458686695E+000
     0.263462434571E-002     0.400000000000E+001    -0.383162950619E-014    -0.312876292892E+002     0.234154113272E+000
     0.279370165569E-002     0.400000000000E+001    -0.369477540185E-014    -0.301701307220E+002     0.238953496509E+000
     0.296232359518E-002     0.400000000000E+001    -0.356712330303E-014    -0.291277722321E+002     0.243865077956E+000
     0.314106284138E-002     0.400000000000E+001    -0.344265983667E-014    -0.281114509022E+002     0.248889697500E+000
     0.333052643213E-002     0.400000000000E+001    -0.331803163924E-014    -0.270937844410E+002     0.254022983187E+000
     0.353135782749E-002     0.400000000000E+001    -0.318420486776E-014    -0.260010059225E+002     0.259244801487E+000
     0.374423909507E-002     0.400000000000E+001    -0.302577493771E-014    -0.247073273683E+002     0.264504528656E+000
     0.396989322653E-002     0.400000000000E+001    -0.293508844862E-014    -0.239668159886E+002     0.269912739701E+000
     0.420908659296E-002     0.400000000000E+001    -0.284863410235E-014    -0.232608626776E+002     0.275476583751E+000
     0.446263154769E-002     0.400000000000E+001    -0.276559542234E-014    -0.225828003981E+002     0.281202338856E+000
     0.473138918520E-002     0.400000000000E+001    -0.268557447266E-014    -0.219293797570E+002     0.287096027152E+000
     0.501627226558E-002     0.400000000000E+001    -0.260833349157E-014    -0.212986592819E+002     0.293163654816E+000
     0.531824831448E-002     0.400000000000E+001    -0.253370796229E-014    -0.206892955916E+002     0.299411326553E+000
     0.563834290904E-002     0.400000000000E+001    -0.246158707498E-014    -0.201003838551E+002     0.305845350774E+000
     0.597764316095E-002     0.400000000000E+001    -0.239193162739E-014    -0.195316039617E+002     0.312472428918E+000
     0.633730140856E-002     0.400000000000E+001    -0.232482939042E-014    -0.189836726151E+002     0.319300063344E+000
     0.671853913045E-002     0.400000000000E+001    -0.226083496885E-014    -0.184611185072E+002     0.326338138107E+000
     0.712265109384E-002     0.400000000000E+001    -0.220284023893E-014    -0.179875555994E+002     0.333607124517E+000
     0.755100975191E-002     0.400000000000E+001    -0.213761007969E-014    -0.174549109276E+002     0.341084086739E+000
     0.800506990496E-002     0.400000000000E+001    -0.207503374500E-014    -0.169439363777E+002     0.348777653084E+000
     0.848637364120E-002     0.400000000000E+001    -0.201509909909E-014    -0.164545328538E+002     0.356697281224E+000
     0.899655557408E-002     0.400000000000E+001    -0.196029987302E-014    -0.160070632152E+002     0.364863795675E+000
     0.953734839373E-002     0.400000000000E+001    -0.190255863214E-014    -0.155355702025E+002     0.373265320490E+000
     0.101105887516E-001     0.400000000000E+001    -0.184723868342E-014    -0.150838485407E+002     0.381911991226E+000
     0.107182234982E-001     0.400000000000E+001    -0.179394337694E-014    -0.146486593374E+002     0.390813025630E+000
     0.113623162948E-001     0.400000000000E+001    -0.174251743598E-014    -0.142287346620E+002     0.399977651130E+000
     0.120450546223E-001     0.400000000000E+001    -0.169293243182E-014    -0.138238423765E+002     0.409415718154E+000
     0.127687572104E-001     0.400000000000E+001    -0.164519944581E-014    -0.134340729666E+002     0.419137991529E+000
     0.135358819124E-001     0.400000000000E+001    -0.160087711406E-014    -0.130721536624E+002     0.429165963512E+000
     0.143490340526E-001     0.400000000000E+001    -0.155518005382E-014    -0.126990088481E+002     0.439492189735E+000
     0.152109752747E-001     0.400000000000E+001    -0.151133882463E-014    -0.123410180444E+002     0.450129421911E+000
     0.161246329208E-001     0.400000000000E+001    -0.147037256495E-014    -0.120065031483E+002     0.461099255315E+000
     0.170931099734E-001     0.400000000000E+001    -0.142739748273E-014    -0.116555849713E+002     0.472387421894E+000
     0.181196955938E-001     0.400000000000E+001    -0.138558345045E-014    -0.113141474866E+002     0.484002363010E+000
     0.192078762926E-001     0.400000000000E+001    -0.134491077704E-014    -0.109820299042E+002     0.495952795986E+000
     0.203613477710E-001     0.400000000000E+001    -0.130512744975E-014    -0.106571743841E+002     0.508245542679E+000
     0.215840274722E-001     0.400000000000E+001    -0.126743094533E-014    -0.103493590659E+002     0.520899493929E+000
     0.228800678855E-001     0.400000000000E+001    -0.122629773182E-014    -0.100134808883E+002     0.533877369838E+000
     0.242538706494E-001     0.400000000000E+001    -0.118584720814E-014    -0.968317729624E+001     0.547180145571E+000
     0.257101015006E-001     0.400000000000E+001    -0.114218158241E-014    -0.932662040357E+001     0.560761857940E+000
     0.272537061195E-001     0.400000000000E+001    -0.109701683954E-014    -0.895782229047E+001     0.574589193802E+000
     0.288899269272E-001     0.400000000000E+001    -0.105014955966E-014    -0.857512190769E+001     0.588619986696E+000
     0.306243208897E-001     0.400000000000E+001    -0.100021328724E-014    -0.816736129911E+001     0.602785408823E+000
     0.324627783907E-001     0.400000000000E+001    -0.945709164523E-015    -0.772230136217E+001     0.616982531688E+000
     0.344115432366E-001     0.400000000000E+001    -0.887764755449E-015    -0.724914935528E+001     0.631109419114E+000
     0.364772338618E-001     0.400000000000E+001    -0.824173779633E-015    -0.672988963191E+001     0.645011289035E+000
     0.386668658063E-001     0.400000000000E+001    -0.756367231961E-015    -0.617620715203E+001     0.658534909511E+000
     0.409878755421E-001     0.400000000000E+001    -0.686834822195E-015    -0.560843193868E+001     0.671552134643E+000
     0.434481457293E-001     0.400000000000E+001    -0.614638622804E-015    -0.501890523237E+001     0.683899997559E+000
     0.460560319869E-001     0.400000000000E+001    -0.541123653492E-015    -0.441860995243E+001     0.695423229732E+000
     0.488203912708E-001     0.400000000000E+001    -0.472427995379E-015    -0.385766733485E+001     0.706087208243E+000
     0.517506119535E-001     0.400000000000E+001    -0.409967507496E-015    -0.334763874598E+001     0.715896528535E+000
     0.548566457095E-001     0.400000000000E+001    -0.359218681041E-015    -0.293324313011E+001     0.725007280711E+000
     0.581490413132E-001     0.400000000000E+001    -0.323587067474E-015    -0.264228892526E+001     0.733706741152E+000
     0.616389804647E-001     0.400000000000E+001    -0.305511819132E-015    -0.249469332174E+001     0.742413069047E+000
     0.653383157655E-001     0.400000000000E+001    -0.301875151597E-015    -0.246499767776E+001     0.751531921973E+000
     0.692596109728E-001     0.400000000000E+001    -0.307037816498E-015    -0.250715403586E+001     0.761363213077E+000
     0.734161836681E-001     0.400000000000E+001    -0.314577109287E-015    -0.256871703340E+001     0.772040272160E+000
     0.778221504872E-001     0.400000000000E+001    -0.321396836257E-015    -0.262440433013E+001     0.783603310559E+000
     0.824924750635E-001     0.400000000000E+001    -0.326479843300E-015    -0.266591023246E+001     0.796053976636E+000
     0.874430188470E-001     0.400000000000E+001    -0.329093571850E-015    -0.268725294574E+001     0.809357340001E+000
     0.926905949743E-001     0.400000000000E+001    -0.327722417339E-015    -0.267605661948E+001     0.823400150833E+000
     0.982530253690E-001     0.400000000000E+001    -0.322805253475E-015    -0.263590492948E+001     0.838062188530E+000
     0.104149201269E+000     0.400000000000E+001    -0.313730774935E-015    -0.256180618896E+001     0.853167048442E+000
     0.110399147386E+000     0.400000000000E+001    -0.301877164417E-015    -0.246501411368E+001     0.868573253829E+000
     0.117024089912E+000     0.400000000000E+001    -0.289620406037E-015    -0.236493008628E+001     0.884240779729E+000
     0.124046528610E+000     0.400000000000E+001    -0.279398562237E-015    -0.228146239742E+001     0.900262209558E+000
     0.131490313229E+000     0.400000000000E+001    -0.273769604969E-015    -0.223549847319E+001     0.916902778707E+000
     0.139380724499E+000     0.400000000000E+001    -0.273173478189E-015    -0.223063072862E+001     0.934503372547E+000
     0.147744559993E+000     0.400000000000E+001    -0.275806745678E-015    -0.225213298945E+001     0.953339842383E+000
     0.156610225139E+000     0.400000000000E+001    -0.279456848015E-015    -0.228193833691E+001     0.973570743561E+000
     0.166007829686E+000     0.400000000000E+001    -0.281772524598E-015    -0.230084727118E+001     0.995193196338E+000
     0.175969289968E+000     0.400000000000E+001    -0.281039759178E-015    -0.229486378745E+001     0.101805339081E+001
     0.185969289968E+000     0.400000000000E+001    -0.278400643894E-015    -0.227331377576E+001     0.104078652857E+001
     0.195969289968E+000     0.400000000000E+001    -0.273869941348E-015    -0.223631778190E+001     0.106314970639E+001
     0.205969289968E+000     0.400000000000E+001    -0.268169067953E-015    -0.218976661794E+001     0.108504737257E+001
     0.215969289968E+000     0.400000000000E+001    -0.261757127774E-015    -0.213740915304E+001     0.110642146410E+001
     0.225969289968E+000     0.400000000000E+001    -0.255966608983E-015    -0.209012597887E+001     0.112732272388E+001
     0.235969289968E+000     0.400000000000E+001    -0.252794159112E-015    -0.206422095978E+001     0.114796493348E+001
     0.245969289968E+000     0.400000000000E+001    -0.252878401944E-015    -0.206490885470E+001     0.116861402203E+001
     0.255969289968E+000     0.400000000000E+001    -0.254840314946E-015    -0.208092909011E+001     0.118942331293E+001
     0.265969289968E+000     0.400000000000E+001    -0.256604795783E-015    -0.209533716955E+001     0.121037668463E+001
     0.275969289968E+000     0.400000000000E+001    -0.256727429547E-015    -0.209633855023E+001     0.123134007013E+001
     0.285969289968E+000     0.400000000000E+001    -0.255455930982E-015    -0.208595597653E+001     0.125219962989E+001
     0.295969289968E+000     0.400000000000E+001    -0.253523652597E-015    -0.207017772613E+001     0.127290140716E+001
     0.305969289968E+000     0.400000000000E+001    -0.251078130441E-015    -0.205020852230E+001     0.129340349238E+001
     0.315969289968E+000     0.400000000000E+001    -0.249036419226E-015    -0.203353668502E+001     0.131373885923E+001
     0.325969289968E+000     0.400000000000E+001    -0.247772028798E-015    -0.202321215366E+001     0.133397098076E+001
     0.335969289968E+000     0.400000000000E+001    -0.247673603297E-015    -0.202240844845E+001     0.135419506525E+001
     0.345969289968E+000     0.400000000000E+001    -0.248367330603E-015    -0.202807316179E+001     0.137447579687E+001
     0.355969289968E+000     0.400000000000E+001    -0.248919929919E-015    -0.203258547764E+001     0.139480165164E+001
     0.365969289968E+000     0.400000000000E+001    -0.249285331638E-015    -0.203556920911E+001     0.141515734373E+001
     0.375969289968E+000     0.400000000000E+001    -0.248643865615E-015    -0.203033124153E+001     0.143546065615E+001
     0.385969289968E+000     0.400000000000E+001    -0.247499719878E-015    -0.202098858259E+001     0.145567054198E+001
     0.395969289968E+000     0.400000000000E+001    -0.245381936680E-015    -0.200369557044E+001     0.147570749768E+001
     0.405969289968E+000     0.400000000000E+001    -0.243421709008E-015    -0.198768909678E+001     0.149558438865E+001
     0.415969289968E+000     0.400000000000E+001    -0.241780202288E-015    -0.197428517722E+001     0.151532724042E+001
     0.425969289968E+000     0.400000000000E+001    -0.240923680636E-015    -0.196729114716E+001     0.153500015189E+001
     0.435969289968E+000     0.400000000000E+001    -0.240872816566E-015    -0.196687581051E+001     0.155466891000E+001
     0.445969289968E+000     0.400000000000E+001    -0.241025555128E-015    -0.196812301552E+001     0.157435014015E+001
     0.455969289968E+000     0.400000000000E+001    -0.241363342670E-015    -0.197088126011E+001     0.159405895275E+001
     0.465969289968E+000     0.400000000000E+001    -0.240938928562E-015    -0.196741565593E+001     0.161373310931E+001
     0.475969289968E+000     0.400000000000E+001    -0.240262104761E-015    -0.196188897017E+001     0.163335199901E+001
     0.485969289968E+000     0.400000000000E+001    -0.239293617379E-015    -0.195398067055E+001     0.165289180572E+001
     0.495969289968E+000     0.400000000000E+001    -0.238109009379E-015    -0.194430761216E+001     0.167233488184E+001
     0.505969289968E+000     0.400000000000E+001    -0.236708252246E-015    -0.193286956216E+001     0.169166357746E+001
     0.515969289968E+000     0.400000000000E+001    -0.235216321947E-015    -0.192068702675E+001     0.171087044773E+001
     0.525969289968E+000     0.400000000000E+001    -0.233737104401E-015    -0.190860829885E+001     0.172995653072E+001
     0.535969289968E+000     0.400000000000E+001    -0.232599451534E-015    -0.189931865821E+001     0.174894971730E+001
     0.545969289968E+000     0.400000000000E+001    -0.231928737409E-015    -0.189384186176E+001     0.176788813592E+001
     0.555969289968E+000     0.400000000000E+001    -0.232183651571E-015    -0.189592339385E+001     0.178684736986E+001
     0.565969289968E+000     0.400000000000E+001    -0.232521788229E-015    -0.189868448920E+001     0.180583421475E+001
     0.575969289968E+000     0.400000000000E+001    -0.232991884564E-015    -0.190252311708E+001     0.182485944592E+001
     0.585969289968E+000     0.400000000000E+001    -0.233617681679E-015    -0.190763313832E+001     0.184393577730E+001
     0.595969289968E+000     0.400000000000E+001    -0.234103224520E-015    -0.191159789650E+001     0.186305175627E+001
     0.605969289968E+000     0.400000000000E+001    -0.234372914361E-015    -0.191380008117E+001     0.188218975708E+001
     0.615969289968E+000     0.400000000000E+001    -0.233917135189E-015    -0.191007836179E+001     0.190129054070E+001
     0.625969289968E+000     0.400000000000E+001    -0.233364519328E-015    -0.190556591085E+001     0.192034619981E+001
     0.635969289968E+000     0.400000000000E+001    -0.232228224120E-015    -0.189628735634E+001     0.193930907337E+001
     0.645969289968E+000     0.400000000000E+001    -0.230964780712E-015    -0.188597055798E+001     0.195816877895E+001
     0.655969289968E+000     0.400000000000E+001    -0.229576987990E-015    -0.187463837042E+001     0.197691516265E+001
     0.665969289968E+000     0.400000000000E+001    -0.228153835978E-015    -0.186301745235E+001     0.199554533718E+001
     0.675969289968E+000     0.400000000000E+001    -0.226872028843E-015    -0.185255070279E+001     0.201407084421E+001
     0.685969289968E+000     0.400000000000E+001    -0.225848251403E-015    -0.184419092558E+001     0.203251275346E+001
     0.695969289968E+000     0.400000000000E+001    -0.225405049161E-015    -0.184057190463E+001     0.205091847251E+001
     0.705969289968E+000     0.400000000000E+001    -0.225397199481E-015    -0.184050780713E+001     0.206932355058E+001
     0.715969289968E+000     0.400000000000E+001    -0.225501926938E-015    -0.184136297172E+001     0.208773718030E+001
     0.725969289968E+000     0.400000000000E+001    -0.225931741707E-015    -0.184487267565E+001     0.210618590705E+001
     0.735969289968E+000     0.400000000000E+001    -0.226639200589E-015    -0.185064951582E+001     0.212469240221E+001
     0.745969289968E+000     0.400000000000E+001    -0.227237482980E-015    -0.185553486228E+001     0.214324775083E+001
     0.755969289968E+000     0.400000000000E+001    -0.227677089892E-015    -0.185912452513E+001     0.216183899608E+001
