 #        time                      h  [L]            Darcian flow [L.T^{-1}]   in    x         z              directions   cumulative flux
 #-----------------------------------------------------------------------------------------------

     0.100000000000E-005    -0.280000000000E+003     0.178719388318E-014    -0.568407957118E-014     0.595842450213E-020
     0.205999994278E-005    -0.280000000000E+003     0.178719388318E-014    -0.341575978335E-014     0.100447864064E-019
     0.318359982147E-005    -0.280000000000E+003     0.178719388318E-014    -0.568407957118E-014     0.167396714542E-019
     0.437461562859E-005    -0.280000000000E+003     0.357438776636E-014    -0.683151956670E-014     0.259225429339E-019
     0.563709231599E-005    -0.280000000000E+003     0.357438776636E-014    -0.683151956670E-014     0.356563861771E-019
     0.697531753239E-005    -0.280000000000E+003    -0.111115622704E-029    -0.907327915133E-014     0.477984771328E-019
     0.839383618521E-005    -0.280000000000E+003    -0.833367170283E-030    -0.680495936350E-014     0.574514389216E-019
     0.989746587602E-005    -0.280000000000E+003    -0.833367170283E-030    -0.680495936350E-014     0.676835778653E-019
     0.114913132622E-004    -0.280000000000E+003    -0.555578113522E-030    -0.453663957566E-014     0.749142889952E-019
     0.131807914004E-004    -0.280000000000E+003    -0.833367170283E-030    -0.680495936350E-014     0.864111190712E-019
     0.149716381303E-004    -0.280000000000E+003    -0.111115622704E-029    -0.907327915133E-014     0.102659971368E-018
     0.168699355614E-004    -0.280000000000E+003     0.178719388318E-014    -0.795239935901E-014     0.118132518221E-018
     0.188821307298E-004    -0.280000000000E+003     0.178719388318E-014    -0.795239935901E-014     0.134533416999E-018
     0.210150574931E-004    -0.280000000000E+003    -0.833367170283E-030    -0.680495936350E-014     0.149047896949E-018
     0.232759597402E-004    -0.280000000000E+003     0.178719388318E-014    -0.795239935901E-014     0.167475944827E-018
     0.256725159928E-004    -0.280000000000E+003    -0.138894528381E-029    -0.113415989392E-013     0.194656724679E-018
     0.282128654833E-004    -0.280000000000E+003    -0.178719388318E-014    -0.792583915581E-014     0.215296652092E-018
     0.309056357980E-004    -0.280000000000E+003    -0.178719388318E-014    -0.124624787315E-013     0.249198559570E-018
     0.337599721774E-004    -0.280000000000E+003    -0.178719388318E-014    -0.124624787315E-013     0.285134579557E-018
     0.367855685763E-004    -0.280000000000E+003     0.178719388318E-014    -0.147573587225E-013     0.330110627051E-018
     0.399927005860E-004    -0.280000000000E+003     0.178719388318E-014    -0.147573587225E-013     0.377785234820E-018
     0.433922603327E-004    -0.280000000000E+003     0.357438776636E-014    -0.136364789302E-013     0.425709358688E-018
     0.469957934698E-004    -0.280000000000E+003     0.357438776636E-014    -0.136364789302E-013     0.476508927246E-018
     0.508155383889E-004    -0.280000000000E+003     0.357438776636E-014    -0.136364789302E-013     0.530356467010E-018
     0.548644677845E-004    -0.280000000000E+003     0.178719388318E-014    -0.170256785103E-013     0.599670991606E-018
     0.591563327122E-004    -0.280000000000E+003    -0.222231245409E-029    -0.181465583027E-013     0.677553568743E-018
     0.637057092900E-004    -0.280000000000E+003     0.357438776636E-014    -0.159047987180E-013     0.751715226549E-018
     0.685280482021E-004    -0.280000000000E+003     0.357438776636E-014    -0.159047987180E-013     0.830326579579E-018
     0.736397271730E-004    -0.280000000000E+003     0.357438776636E-014    -0.181731185059E-013     0.925001509705E-018
     0.790581065897E-004    -0.280000000000E+003     0.714877553273E-014    -0.181996787091E-013     0.103094895123E-017
     0.848015884613E-004    -0.280000000000E+003     0.714877553273E-014    -0.227363182847E-013     0.116783736368E-017
     0.908896789166E-004    -0.280000000000E+003     0.714877553273E-014    -0.227363182847E-013     0.131293907304E-017
     0.973430544509E-004    -0.280000000000E+003     0.357438776636E-014    -0.249780778694E-013     0.147577407142E-017
     0.104183632148E-003    -0.280000000000E+003     0.357438776636E-014    -0.227097580815E-013     0.163303437934E-017
     0.111434644115E-003    -0.280000000000E+003     0.536158164954E-014    -0.170522387135E-013     0.176264820145E-017
     0.119120716386E-003    -0.280000000000E+003     0.536158164954E-014    -0.193205585014E-013     0.191675932462E-017
     0.127267952553E-003    -0.280000000000E+003     0.536158164954E-014    -0.238571980770E-013     0.211597756815E-017
     0.135904022424E-003    -0.280000000000E+003     0.536158164954E-014    -0.193205585014E-013     0.228913680744E-017
     0.145058255993E-003    -0.280000000000E+003     0.536158164954E-014    -0.238571980770E-013     0.251297840172E-017
     0.154761743052E-003    -0.280000000000E+003     0.714877553273E-014    -0.204679984969E-013     0.272335482467E-017
     0.165047438780E-003    -0.280000000000E+003     0.536158164954E-014    -0.215888782892E-013     0.295215693534E-017
     0.175950275662E-003    -0.280000000000E+003     0.714877553273E-014    -0.204679984969E-013     0.318853585865E-017
     0.187507282134E-003    -0.280000000000E+003     0.714877553273E-014    -0.204679984969E-013     0.343909750384E-017
     0.199757708333E-003    -0.280000000000E+003     0.893596941591E-014    -0.193471187046E-013     0.370016743754E-017
     0.212743159403E-003    -0.280000000000E+003     0.893596941591E-014    -0.216154384924E-013     0.400389342689E-017
     0.226507736794E-003    -0.280000000000E+003     0.893596941591E-014    -0.216154384924E-013     0.432584295823E-017
     0.241098188040E-003    -0.280000000000E+003     0.107231632991E-013    -0.204945587001E-013     0.466332522630E-017
     0.256564065527E-003    -0.280000000000E+003     0.107231632991E-013    -0.227628784879E-013     0.505248028605E-017
     0.272957894778E-003    -0.280000000000E+003     0.107231632991E-013    -0.227628784879E-013     0.546498462711E-017
     0.290335352846E-003    -0.280000000000E+003     0.125103571823E-013    -0.261786382713E-013     0.596917956867E-017
     0.308755457403E-003    -0.280000000000E+003     0.107231632991E-013    -0.272995180636E-013     0.650944155490E-017
     0.328280767180E-003    -0.280000000000E+003     0.125103571823E-013    -0.261786382713E-013     0.707595493007E-017
     0.348977594427E-003    -0.280000000000E+003     0.125103571823E-013    -0.284469580591E-013     0.771913642127E-017
     0.370916230124E-003    -0.280000000000E+003     0.125103571823E-013    -0.284469580591E-013     0.840090876513E-017
     0.394171182707E-003    -0.280000000000E+003     0.125103571823E-013    -0.261786382713E-013     0.907563514991E-017
     0.418821431115E-003    -0.280000000000E+003     0.125103571823E-013    -0.284469580591E-013     0.984167447277E-017
     0.444950693017E-003    -0.280000000000E+003     0.142975510655E-013    -0.295943980546E-013     0.107004683715E-016
     0.472647709137E-003    -0.280000000000E+003     0.125103571823E-013    -0.284469580591E-013     0.115611900617E-016
     0.502006544641E-003    -0.280000000000E+003     0.125103571823E-013    -0.284469580591E-013     0.124735550041E-016
     0.533126908594E-003    -0.280000000000E+003     0.125103571823E-013    -0.307152778469E-013     0.135056713074E-016
     0.566114492604E-003    -0.280000000000E+003     0.125103571823E-013    -0.307152778469E-013     0.145997145298E-016
     0.601081329767E-003    -0.280000000000E+003     0.125103571823E-013    -0.284469580591E-013     0.156863555980E-016
     0.638146175159E-003    -0.280000000000E+003     0.125103571823E-013    -0.284469580591E-013     0.168381950682E-016
     0.677434909153E-003    -0.280000000000E+003     0.107231632991E-013    -0.318361576393E-013     0.181580434472E-016
     0.719080964939E-003    -0.280000000000E+003     0.107231632991E-013    -0.318361576393E-013     0.195570826534E-016
     0.763225781689E-003    -0.280000000000E+003     0.125103571823E-013    -0.329835976348E-013     0.211143543391E-016
     0.810019284919E-003    -0.280000000000E+003     0.107231632991E-013    -0.341044774271E-013     0.227872476762E-016
     0.859620395664E-003    -0.280000000000E+003     0.107231632991E-013    -0.341044774271E-013     0.245605145178E-016
     0.912197570216E-003    -0.280000000000E+003     0.893596941591E-014    -0.329570374316E-013     0.263558674948E-016
     0.967929372233E-003    -0.280000000000E+003     0.893596941591E-014    -0.284203978559E-013     0.280162361683E-016
     0.102700507918E-002    -0.280000000000E+003     0.714877553273E-014    -0.295412776482E-013     0.298117801349E-016
     0.108962532517E-002    -0.280000000000E+003     0.714877553273E-014    -0.318095974361E-013     0.318533878915E-016
     0.115600278233E-002    -0.280000000000E+003     0.536158164954E-014    -0.283938376527E-013     0.337714053478E-016
     0.122636288312E-002    -0.280000000000E+003     0.536158164954E-014    -0.306621574405E-013     0.359615317004E-016
     0.130094458593E-002    -0.280000000000E+003     0.536158164954E-014    -0.306621574405E-013     0.382830655088E-016
     0.138000118665E-002    -0.280000000000E+003     0.536158164954E-014    -0.283938376527E-013     0.405674546175E-016
     0.146380117888E-002    -0.280000000000E+003     0.536158164954E-014    -0.306621574405E-013     0.431759297231E-016
     0.155262916586E-002    -0.280000000000E+003     0.714877553273E-014    -0.318095974361E-013     0.460719884075E-016
     0.164678682697E-002    -0.280000000000E+003     0.357438776636E-014    -0.340513570207E-013     0.492958003732E-016
     0.174659394236E-002    -0.280000000000E+003     0.714877553273E-014    -0.340779172239E-013     0.527710512162E-016
     0.185238947896E-002    -0.280000000000E+003     0.714877553273E-014    -0.340779172239E-013     0.564548169109E-016
     0.196453274170E-002    -0.280000000000E+003     0.536158164954E-014    -0.329304772284E-013     0.601963754719E-016
     0.208340459379E-002    -0.280000000000E+003     0.536158164954E-014    -0.306621574405E-013     0.638965460645E-016
     0.220940875020E-002    -0.280000000000E+003     0.714877553273E-014    -0.272729578604E-013     0.674491465479E-016
     0.234297314879E-002    -0.280000000000E+003     0.714877553273E-014    -0.272729578604E-013     0.712149028571E-016
     0.248455140365E-002    -0.280000000000E+003     0.714877553273E-014    -0.272729578604E-013     0.752066043293E-016
     0.263462434571E-002    -0.280000000000E+003     0.714877553273E-014    -0.272729578604E-013     0.794378076614E-016
     0.279370165569E-002    -0.280000000000E+003     0.536158164954E-014    -0.261255178649E-013     0.836804005372E-016
     0.296232359518E-002    -0.280000000000E+003     0.714877553273E-014    -0.272729578604E-013     0.884345800879E-016
     0.314106284138E-002    -0.280000000000E+003     0.357438776636E-014    -0.249780778694E-013     0.929446236632E-016
     0.333052643213E-002    -0.280000000000E+003     0.178719388318E-014    -0.238306378738E-013     0.974723411494E-016
     0.353135782749E-002    -0.280000000000E+003     0.178719388318E-014    -0.238306378738E-013     0.102271721426E-015
     0.374423909507E-002    -0.280000000000E+003     0.536158164954E-014    -0.283938376527E-013     0.108423056605E-015
     0.396989322653E-002    -0.280000000000E+003     0.536158164954E-014    -0.238571980770E-013     0.113940807507E-015
     0.420908659296E-002    -0.280000000000E+003     0.536158164954E-014    -0.238571980770E-013     0.119789623149E-015
     0.446263154769E-002    -0.280000000000E+003     0.357438776636E-014    -0.227097580815E-013     0.125618452148E-015
     0.473138918520E-002    -0.280000000000E+003    -0.178719388318E-014    -0.192674380950E-013     0.130818952245E-015
     0.501627226558E-002    -0.280000000000E+003    -0.166673434057E-029    -0.136099187270E-013     0.134696187816E-015
     0.531824831448E-002    -0.280000000000E+003     0.178719388318E-014    -0.795239935901E-014     0.137157518948E-015
     0.563834290904E-002    -0.280000000000E+003    -0.833367170283E-030    -0.680495936350E-014     0.139335749656E-015
     0.597764316095E-002    -0.280000000000E+003    -0.833367170283E-030    -0.680495936350E-014     0.141644674082E-015
     0.633730140856E-002    -0.280000000000E+003    -0.178719388318E-014    -0.565751936798E-014     0.143778559757E-015
     0.671853913045E-002    -0.280000000000E+003    -0.357438776636E-014    -0.904671894813E-014     0.147486953977E-015
     0.712265109384E-002    -0.280000000000E+003    -0.178719388318E-014    -0.792583915581E-014     0.150770298108E-015
     0.755100975191E-002    -0.280000000000E+003    -0.178719388318E-014    -0.792583915581E-014     0.154250642700E-015
     0.800506990496E-002    -0.280000000000E+003    -0.357438776636E-014    -0.224175958463E-014     0.156166417887E-015
     0.848637364120E-002    -0.280000000000E+003    -0.536158164954E-014    -0.563095916478E-014     0.159908666911E-015
     0.899655557408E-002    -0.280000000000E+003    -0.714877553273E-014    -0.448351916926E-014     0.164213796448E-015
     0.953734839373E-002    -0.280000000000E+003    -0.893596941591E-014    -0.101410385372E-013     0.171523351373E-015
     0.101105887516E-001    -0.280000000000E+003    -0.536158164954E-014    -0.147042383161E-013     0.180495271387E-015
     0.107182234982E-001    -0.280000000000E+003    -0.536158164954E-014    -0.789927895261E-014     0.186296358936E-015
     0.113623162948E-001    -0.280000000000E+003    -0.536158164954E-014    -0.563095916478E-014     0.191304330947E-015
     0.120450546223E-001    -0.280000000000E+003    -0.714877553273E-014     0.531204064009E-016     0.196185208742E-015
     0.127687572104E-001    -0.280000000000E+003    -0.536158164954E-014     0.344231998655E-014     0.200796286167E-015
     0.135358819124E-001    -0.280000000000E+003    -0.178719388318E-014     0.114743999552E-014     0.202425533436E-015
     0.143490340526E-001    -0.280000000000E+003    -0.357438776636E-014    -0.451007937246E-014     0.207105014800E-015
     0.152109752747E-001    -0.280000000000E+003    -0.357438776636E-014    -0.451007937246E-014     0.212065264779E-015
     0.161246329208E-001    -0.280000000000E+003    -0.178719388318E-014    -0.112087979232E-014     0.213992721567E-015
     0.170931099734E-001    -0.280000000000E+003    -0.178719388318E-014    -0.112087979232E-014     0.216035825652E-015
     0.181196955938E-001    -0.280000000000E+003    -0.178719388318E-014    -0.565751936798E-014     0.222126653162E-015
     0.192078762926E-001    -0.280000000000E+003    -0.536158164954E-014    -0.109431958912E-014     0.228081308116E-015
     0.203613477710E-001    -0.280000000000E+003    -0.536158164954E-014     0.344231998655E-014     0.235430661817E-015
     0.215840274722E-001    -0.280000000000E+003    -0.536158164954E-014     0.571063977438E-014     0.245008073895E-015
     0.228800678855E-001    -0.280000000000E+003    -0.357438776636E-014     0.683151956670E-014     0.255000697399E-015
     0.242538706494E-001    -0.280000000000E+003     0.277789056761E-030     0.226831978783E-014     0.258116921393E-015
     0.257101015006E-001    -0.280000000000E+003     0.138894528381E-029     0.113415989392E-013     0.274632907669E-015
     0.272537061195E-001    -0.280000000000E+003    -0.536158164954E-014     0.797895956221E-014     0.289471625797E-015
     0.288899269272E-001    -0.280000000000E+003    -0.357438776636E-014     0.683151956670E-014     0.302087080017E-015
     0.306243208897E-001    -0.280000000000E+003    -0.107231632991E-013     0.234800039743E-014     0.321125902378E-015
     0.324627783907E-001    -0.280000000000E+003    -0.357438776636E-014     0.456319977886E-014     0.331782462270E-015
     0.344115432366E-001    -0.280000000000E+003    -0.357438776636E-014     0.456319977886E-014     0.343078415146E-015
     0.364772338618E-001    -0.280000000000E+003     0.178719388318E-014     0.565751936798E-014     0.355334348834E-015
     0.386668658063E-001    -0.280000000000E+003     0.536158164954E-014     0.109431958912E-014     0.367316276760E-015
     0.409878755421E-001    -0.280000000000E+003     0.178719388318E-014     0.112087979232E-014     0.372212690630E-015
     0.434481457293E-001    -0.280000000000E+003    -0.178719388318E-014     0.795239935901E-014     0.392265736647E-015
     0.460560319869E-001    -0.280000000000E+003    -0.105265719719E-011     0.435400259849E-012     0.336303689293E-014
     0.488203912708E-001    -0.280000010723E+003    -0.405920395782E-006     0.171914096873E-006     0.121859935975E-008
     0.517506119535E-001    -0.280000041185E+003    -0.156301289491E-005     0.649353674265E-006     0.617809590241E-008
     0.548566457095E-001    -0.280000017106E+003    -0.642479608904E-006     0.238309877716E-006     0.830651478761E-008
     0.581490413132E-001    -0.280000009117E+003    -0.318686864931E-006     0.106310962825E-006     0.941259967812E-008
     0.616389804647E-001    -0.279999904842E+003     0.369124691599E-005    -0.152215005898E-005     0.233471381506E-007
     0.653383157655E-001    -0.279999965840E+003     0.134804078002E-005    -0.492084086458E-006     0.286558592079E-007
     0.692596109728E-001    -0.279999983866E+003     0.606698948723E-006    -0.197112132711E-006     0.311573161127E-007
     0.734161836681E-001    -0.279999990895E+003     0.305202967048E-006    -0.901673969558E-007     0.324801189122E-007
     0.778221504872E-001    -0.279999994149E+003     0.164850705074E-006    -0.454691883837E-007     0.332335676067E-007
     0.824924750635E-001    -0.279999995874E+003     0.941106117962E-007    -0.250494444973E-007     0.336883978047E-007
     0.874430188470E-001    -0.279999996933E+003     0.547605830711E-007    -0.142911862555E-007     0.339685723185E-007
     0.926905949743E-001    -0.279999997555E+003     0.349745197910E-007    -0.935609942694E-008     0.341585573050E-007
     0.982530253690E-001    -0.279999908422E+003     0.355750301570E-005    -0.132182415537E-005     0.552687294822E-007
     0.104149201269E+000    -0.279999932010E+003     0.261214867146E-005    -0.903375493102E-006     0.715654524465E-007
     0.110399147386E+000    -0.279999974362E+003     0.877944716309E-006    -0.258478627962E-006     0.772854273278E-007
     0.117024089912E+000    -0.279999986545E+003     0.359170992465E-006    -0.944117235109E-007     0.797457473833E-007
     0.124046528610E+000    -0.279999991268E+003     0.168606749764E-006    -0.421328382358E-007     0.809661860565E-007
     0.131490313229E+000    -0.280000009057E+003    -0.534229073600E-006     0.194966275717E-006     0.851994196521E-007
     0.139380724499E+000    -0.279999983525E+003     0.519267472291E-006    -0.182873656313E-006     0.895433148768E-007
     0.147744559993E+000    -0.279999993458E+003     0.136215719496E-006    -0.394445259288E-007     0.907294056273E-007
     0.156610225139E+000    -0.279999995741E+003     0.517588822316E-007    -0.130275356397E-007     0.912025945543E-007
     0.166007829686E+000    -0.279999996632E+003     0.254507959239E-007    -0.584784934897E-008     0.914480034841E-007
     0.175969289968E+000    -0.279999997127E+003     0.151583657638E-007    -0.317167637334E-008     0.916022728935E-007
     0.185969289968E+000    -0.279999997448E+003     0.104815008855E-007    -0.191917195486E-008     0.917088304281E-007
     0.195969289968E+000    -0.279999997323E+003     0.225635107829E-007    -0.594145643362E-008     0.919421570069E-007
     0.205969289968E+000    -0.279999997769E+003     0.975107114189E-008    -0.163054461791E-008     0.920410215931E-007
     0.215969289968E+000    -0.280000017249E+003    -0.786209700709E-006     0.256373506116E-006     0.100310562500E-006
     0.225969289968E+000    -0.280000002731E+003    -0.176221590828E-006     0.473032132843E-007     0.102135162266E-006
     0.235969289968E+000    -0.280000011177E+003    -0.509742160442E-006     0.161252443318E-006     0.107481557506E-006
     0.245969289968E+000    -0.280000001978E+003    -0.122187091607E-006     0.321691813736E-007     0.108745066176E-006
     0.255969289968E+000    -0.280000000293E+003    -0.464139594377E-007     0.121865688472E-007     0.109224937835E-006
     0.265969289968E+000    -0.280000006138E+003    -0.285906113184E-006     0.919909632317E-007     0.112228346613E-006
     0.275969289968E+000    -0.280000000650E+003    -0.582488697838E-007     0.152957797401E-007     0.112830583419E-006
     0.285969289968E+000    -0.279999999756E+003    -0.194097209003E-007     0.514925841982E-008     0.113031394805E-006
     0.295969289968E+000    -0.279999999449E+003    -0.747914549485E-008     0.236058288597E-008     0.113109823096E-006
     0.305969289968E+000    -0.279999963529E+003     0.146730041795E-005    -0.475540080682E-006     0.128534183326E-006
     0.315969289968E+000    -0.279999990644E+003     0.334497927415E-006    -0.873452616695E-007     0.131991321712E-006
     0.325969289968E+000    -0.279999995950E+003     0.968528767522E-007    -0.210331863604E-007     0.132982425877E-006
     0.335969289968E+000    -0.280000000092E+003    -0.761302684131E-007     0.291872298252E-007     0.133797760909E-006
     0.345969289968E+000    -0.280000003426E+003    -0.208685587468E-006     0.682060053088E-007     0.135993250230E-006
     0.355969289968E+000    -0.279999999621E+003    -0.443101893563E-007     0.119882028350E-007     0.136452282897E-006
     0.365969289968E+000    -0.279999971458E+003     0.111953843943E-005    -0.363919496262E-006     0.148224299364E-006
     0.375969289968E+000    -0.280000035182E+003    -0.150915048644E-005     0.505345563814E-006     0.164139415856E-006
     0.385969289968E+000    -0.280000070981E+003    -0.297183747948E-005     0.946946970828E-006     0.195330001888E-006
     0.395969289968E+000    -0.280000014763E+003    -0.608060359266E-006     0.151716911616E-006     0.201597022087E-006
     0.405969289968E+000    -0.280000005722E+003    -0.197175094938E-006     0.442898671665E-007     0.203617903340E-006
     0.415969289968E+000    -0.280000002878E+003    -0.769415352301E-007     0.172177610592E-007     0.204406348084E-006
     0.425969289968E+000    -0.280000021587E+003    -0.853092644033E-006     0.273711951643E-006     0.213365618656E-006
     0.435969289968E+000    -0.280000005846E+003    -0.205381778022E-006     0.539544060861E-007     0.215489124076E-006
     0.445969289968E+000    -0.280000002586E+003    -0.686206502920E-007     0.162514408544E-007     0.216194312205E-006
     0.455969289968E+000    -0.280000001502E+003    -0.288353293312E-007     0.679109653003E-008     0.216490554540E-006
     0.465969289968E+000    -0.280000013425E+003    -0.525327964780E-006     0.169213234658E-006     0.222009635889E-006
     0.475969289968E+000    -0.280000003686E+003    -0.125043644522E-006     0.327282848363E-007     0.223302193573E-006
     0.485969289968E+000    -0.280000001701E+003    -0.418018443565E-007     0.966604891957E-008     0.223731242136E-006
     0.495969289968E+000    -0.280000001042E+003    -0.177905928069E-007     0.393910402495E-008     0.223913456771E-006
     0.505969289968E+000    -0.280000002128E+003    -0.666067671577E-007     0.206171541268E-007     0.224610703390E-006
     0.515969289968E+000    -0.280000000887E+003    -0.188121885851E-007     0.463726020446E-008     0.224804456486E-006
     0.525969289968E+000    -0.280000000564E+003    -0.803020523194E-008     0.168654301735E-008     0.224886510507E-006
     0.535969289968E+000    -0.279999998292E+003     0.828070808642E-007    -0.274977805596E-007     0.225759043634E-006
     0.545969289968E+000    -0.280000020821E+003    -0.846255754560E-006     0.275165203448E-006     0.234657721576E-006
     0.555969289968E+000    -0.280000005111E+003    -0.193379962735E-006     0.506966732518E-007     0.236656870462E-006
     0.565969289968E+000    -0.280000002109E+003    -0.606153177004E-007     0.136607569339E-007     0.237278226481E-006
     0.575969289968E+000    -0.280000001364E+003    -0.297046615577E-007     0.690658647449E-008     0.237583196619E-006
     0.585969289968E+000    -0.280000000871E+003    -0.121096450186E-007     0.248481731699E-008     0.237706816124E-006
     0.595969289968E+000    -0.280000000662E+003    -0.662285975034E-008     0.130035302702E-008     0.237774309227E-006
     0.605969289968E+000    -0.280000000536E+003    -0.423873776092E-008     0.763206846942E-009     0.237817378221E-006
     0.615969289968E+000    -0.280000000448E+003    -0.302462011207E-008     0.468631996749E-009     0.237847985316E-006
     0.625969289968E+000    -0.280000000378E+003    -0.208160726294E-008     0.212313724017E-009     0.237868909384E-006
     0.635969289968E+000    -0.280000024956E+003    -0.101360537272E-005     0.328301586578E-006     0.248523381606E-006
     0.645969289968E+000    -0.280000006210E+003    -0.232632295920E-006     0.608130911695E-007     0.250927877752E-006
     0.655969289968E+000    -0.280000002605E+003    -0.725537117185E-007     0.163363546363E-007     0.251671579141E-006
     0.665969289968E+000    -0.280000001542E+003    -0.281523049339E-007     0.592708447188E-008     0.251959273876E-006
     0.675969289968E+000    -0.279999993479E+003     0.300157767539E-006    -0.988906770661E-007     0.255119559487E-006
     0.685969289968E+000    -0.279999999041E+003     0.642935461115E-007    -0.173371214354E-007     0.255785460069E-006
     0.695969289968E+000    -0.279999998535E+003     0.778556386047E-007    -0.237783638275E-007     0.256599518485E-006
     0.705969289968E+000    -0.279999999876E+003     0.188498019786E-007    -0.492003173477E-008     0.256794331664E-006
     0.715969289968E+000    -0.280000000147E+003     0.548163281956E-008    -0.149108129605E-008     0.256851139781E-006
     0.725969289968E+000    -0.279999999651E+003     0.249084893626E-007    -0.820022952350E-008     0.257113375669E-006
     0.735969289968E+000    -0.280000000295E+003    -0.235313920453E-008     0.817255331719E-009     0.257138285848E-006
     0.745969289968E+000    -0.280000000235E+003    -0.466773936187E-009    -0.124232275989E-009     0.257143116082E-006
     0.755969289968E+000    -0.280000000228E+003    -0.445336545607E-009    -0.171542000020E-009     0.257147888411E-006
