 #        time                      h  [L]            Darcian flow [L.T^{-1}]   in    x         z              directions   cumulative flux
 #-----------------------------------------------------------------------------------------------

     0.100000000000E-005    -0.280000000000E+003     0.152019366577E-014    -0.112961030828E-016     0.152023563416E-020
     0.205999994278E-005    -0.280000000000E+003     0.152019366577E-014    -0.112961030828E-016     0.313168531939E-020
     0.318359982147E-005    -0.280000000000E+003     0.228029049865E-014     0.143013668780E-014     0.615603044290E-020
     0.437461562859E-005    -0.280000000000E+003     0.304038733153E-014     0.287156947868E-014     0.111369642629E-019
     0.563709231599E-005    -0.280000000000E+003     0.228029049865E-014     0.239485724941E-014     0.153117488522E-019
     0.697531753239E-005    -0.280000000000E+003     0.304038733153E-014     0.287156947868E-014     0.209083254881E-019
     0.839383618521E-005    -0.280000000000E+003     0.228029049865E-014     0.239485724941E-014     0.255991129463E-019
     0.989746587602E-005    -0.280000000000E+003     0.228029049865E-014     0.239485724941E-014     0.305713473835E-019
     0.114913132622E-004    -0.280000000000E+003     0.304038733153E-014     0.287156947868E-014     0.372369586226E-019
     0.131807914004E-004    -0.280000000000E+003     0.152019366577E-014     0.191814502015E-014     0.413719608008E-019
     0.149716381303E-004    -0.280000000000E+003     0.228029049865E-014     0.239485724941E-014     0.472939706123E-019
     0.168699355614E-004    -0.280000000000E+003     0.152019366577E-014     0.953424458531E-015     0.507003472580E-019
     0.188821307298E-004    -0.280000000000E+003     0.228029049865E-014     0.239485724941E-014     0.573543167638E-019
     0.210150574931E-004    -0.280000000000E+003     0.228029049865E-014     0.239485724941E-014     0.644075240592E-019
     0.232759597402E-004    -0.280000000000E+003     0.152019366577E-014     0.191814502015E-014     0.699410882440E-019
     0.256725159928E-004    -0.280000000000E+003     0.152019366577E-014     0.191814502015E-014     0.758066659633E-019
     0.282128654833E-004    -0.280000000000E+003     0.228029049865E-014     0.143013668780E-014     0.826444146490E-019
     0.309056357980E-004    -0.280000000000E+003     0.152019366577E-014     0.953424458531E-015     0.874764234594E-019
     0.337599721774E-004    -0.280000000000E+003     0.228029049865E-014     0.239485724941E-014     0.969152033186E-019
     0.367855685763E-004    -0.280000000000E+003     0.228029049865E-014     0.239485724941E-014     0.106920309429E-018
     0.399927005860E-004    -0.280000000000E+003     0.152019366577E-014     0.191814502015E-014     0.114769773442E-018
     0.433922603327E-004    -0.280000000000E+003     0.228029049865E-014     0.143013668780E-014     0.123920221157E-018
     0.469957934698E-004    -0.280000000000E+003     0.228029049865E-014     0.143013668780E-014     0.133619695211E-018
     0.508155383889E-004    -0.280000000000E+003     0.304038733153E-014     0.942128355449E-015     0.145777986468E-018
     0.548644677845E-004    -0.280000000000E+003     0.228029049865E-014     0.465416126183E-015     0.155201069975E-018
     0.591563327122E-004    -0.280000000000E+003     0.304038733153E-014    -0.225922061656E-016     0.168250361975E-018
     0.637057092900E-004    -0.280000000000E+003     0.228029049865E-014     0.465416126183E-015     0.178838137460E-018
     0.685280482021E-004    -0.280000000000E+003     0.000000000000E+000     0.000000000000E+000     0.178838137460E-018
     0.736397271730E-004    -0.280000000000E+003     0.118144194785E-030     0.964720561614E-015     0.183769479268E-018
     0.790581065897E-004    -0.280000000000E+003    -0.236288389571E-030    -0.192944112323E-014     0.194223923335E-018
     0.848015884613E-004    -0.280000000000E+003     0.760096832883E-015    -0.145272889396E-014     0.203640726512E-018
     0.908896789166E-004    -0.280000000000E+003    -0.118144194785E-030    -0.964720561614E-015     0.209514032556E-018
     0.973430544509E-004    -0.280000000000E+003    -0.760096832883E-015    -0.240615335249E-014     0.225798190866E-018
     0.104183632148E-003    -0.280000000000E+003    -0.118144194785E-030    -0.964720561614E-015     0.232397436823E-018
     0.111434644115E-003    -0.280000000000E+003     0.760096832883E-015     0.476712229266E-015     0.238903181766E-018
     0.119120716386E-003    -0.280000000000E+003     0.152019366577E-014    -0.976016664697E-015     0.252788401186E-018
     0.127267952553E-003    -0.280000000000E+003     0.152019366577E-014    -0.194073722631E-014     0.272873362259E-018
     0.135904022424E-003    -0.280000000000E+003     0.228029049865E-014    -0.146402499705E-014     0.296275508543E-018
     0.145058255993E-003    -0.280000000000E+003     0.152019366577E-014    -0.194073722631E-014     0.318842968368E-018
     0.154761743052E-003    -0.280000000000E+003     0.760096832883E-015    -0.241744945558E-014     0.343432854942E-018
     0.165047438780E-003    -0.280000000000E+003     0.152019366577E-014    -0.194073722631E-014     0.368789650064E-018
     0.175950275662E-003    -0.280000000000E+003     0.152019366577E-014    -0.194073722631E-014     0.395667851442E-018
     0.187507282134E-003    -0.280000000000E+003     0.228029049865E-014    -0.499304435431E-015     0.422645552822E-018
     0.199757708333E-003    -0.280000000000E+003     0.304038733153E-014    -0.195203332939E-014     0.466907394183E-018
     0.212743159403E-003    -0.280000000000E+003     0.228029049865E-014    -0.146402499705E-014     0.502095556165E-018
     0.226507736794E-003    -0.280000000000E+003     0.152019366577E-014    -0.976016664697E-015     0.526961855957E-018
     0.241098188040E-003    -0.280000000000E+003     0.760096832883E-015    -0.488008332349E-015     0.540140994136E-018
     0.256564065527E-003    -0.280000000000E+003     0.000000000000E+000     0.000000000000E+000     0.540140994136E-018
     0.272957894778E-003    -0.280000000000E+003     0.760096832883E-015    -0.488008332349E-015     0.554949072194E-018
     0.290335352846E-003    -0.280000000000E+003     0.228029049865E-014    -0.146402499705E-014     0.602038757878E-018
     0.308755457403E-003    -0.280000000000E+003     0.000000000000E+000     0.000000000000E+000     0.602038757878E-018
     0.328280767180E-003    -0.280000000000E+003     0.118144194785E-030     0.964720561614E-015     0.620875225692E-018
     0.348977594427E-003    -0.280000000000E+003    -0.760096832883E-015     0.488008332349E-015     0.639570079025E-018
     0.370916230124E-003    -0.280000000000E+003    -0.760096832883E-015     0.488008332349E-015     0.659386622490E-018
     0.394171182707E-003    -0.280000000000E+003    -0.152019366577E-014     0.976016664697E-015     0.701397692366E-018
     0.418821431115E-003    -0.280000000000E+003    -0.228029049865E-014     0.146402499705E-014     0.768195289863E-018
     0.444950693017E-003    -0.280000000000E+003    -0.152019366577E-014     0.976016664697E-015     0.815398922880E-018
     0.472647709137E-003    -0.280000000000E+003    -0.228029049865E-014     0.146402499705E-014     0.890452695325E-018
     0.502006544641E-003    -0.280000000000E+003    -0.228029049865E-014     0.339346612027E-014     0.101048451636E-017
     0.533126908594E-003    -0.280000000000E+003    -0.228029049865E-014     0.242874555866E-014     0.111416031574E-017
     0.566114492604E-003    -0.280000000000E+003    -0.228029049865E-014     0.242874555866E-014     0.122405665715E-017
     0.601081329767E-003    -0.280000000000E+003    -0.152019366577E-014     0.194073722631E-014     0.131025859715E-017
     0.638146175159E-003    -0.280000000000E+003    -0.152019366577E-014     0.194073722631E-014     0.140163264862E-017
     0.677434909153E-003    -0.280000000000E+003    -0.760096832883E-015     0.488008332349E-015     0.143712104068E-017
     0.719080964939E-003    -0.280000000000E+003    -0.760096832883E-015    -0.476712229266E-015     0.147448666882E-017
     0.763225781689E-003    -0.280000000000E+003    -0.152019366577E-014     0.112961030828E-016     0.154159719231E-017
     0.810019284919E-003    -0.280000000000E+003     0.118144194785E-030     0.964720561614E-015     0.158673984702E-017
     0.859620395664E-003    -0.280000000000E+003     0.760096832883E-015    -0.488008332349E-015     0.163154311467E-017
     0.912197570216E-003    -0.280000000000E+003     0.760096832883E-015     0.476712229266E-015     0.167871634910E-017
     0.967929372233E-003    -0.280000000000E+003     0.760096832883E-015    -0.145272889396E-014     0.177009217687E-017
     0.102700507918E-002    -0.280000000000E+003    -0.118144194785E-030    -0.964720561614E-015     0.182708372606E-017
     0.108962532517E-002    -0.280000000000E+003     0.760096832883E-015     0.476712229266E-015     0.188326779394E-017
     0.115600278233E-002    -0.280000000000E+003     0.760096832883E-015    -0.488008332349E-015     0.194322465648E-017
     0.122636288312E-002    -0.280000000000E+003     0.152019366577E-014    -0.112961030828E-016     0.205018858893E-017
     0.130094458593E-002    -0.280000000000E+003     0.760096832883E-015    -0.488008332349E-015     0.211755611241E-017
     0.138000118665E-002    -0.280000000000E+003     0.760096832883E-015    -0.488008332349E-015     0.218896568345E-017
     0.146380117888E-002    -0.280000000000E+003     0.760096832883E-015     0.476712229266E-015     0.226415261985E-017
     0.155262916586E-002    -0.280000000000E+003     0.760096832883E-015    -0.488008332349E-015     0.234438840520E-017
     0.164678682697E-002    -0.280000000000E+003     0.000000000000E+000     0.000000000000E+000     0.234438840520E-017
     0.174659394236E-002    -0.280000000000E+003    -0.118144194785E-030    -0.964720561614E-015     0.244067438161E-017
     0.185238947896E-002    -0.280000000000E+003     0.760096832883E-015     0.476712229266E-015     0.253559613602E-017
     0.196453274170E-002    -0.280000000000E+003    -0.152019366577E-014     0.976016664697E-015     0.273818775302E-017
     0.208340459379E-002    -0.280000000000E+003    -0.228029049865E-014     0.499304435431E-015     0.301567218085E-017
     0.220940875020E-002    -0.280000000000E+003    -0.760096832883E-015     0.488008332349E-015     0.312948813900E-017
     0.234297314879E-002    -0.280000000000E+003    -0.760096832883E-015     0.145272889396E-014     0.334847545036E-017
     0.248455140365E-002    -0.280000000000E+003    -0.152019366577E-014     0.112961030828E-016     0.356370775843E-017
     0.263462434571E-002    -0.280000000000E+003    -0.152019366577E-014     0.976016664697E-015     0.383482096893E-017
     0.279370165569E-002    -0.280000000000E+003    -0.228029049865E-014     0.242874555866E-014     0.436477837243E-017
     0.296232359518E-002    -0.280000000000E+003    -0.304038733153E-014     0.195203332939E-014     0.497402391330E-017
     0.314106284138E-002    -0.280000000000E+003    -0.228029049865E-014     0.499304435431E-015     0.539125773772E-017
     0.333052643213E-002    -0.280000000000E+003    -0.152019366577E-014    -0.953424458531E-015     0.573123836465E-017
     0.353135782749E-002    -0.280000000000E+003    -0.760096832883E-015    -0.476712229266E-015     0.591142808720E-017
     0.374423909507E-002    -0.280000000000E+003    -0.152019366577E-014    -0.953424458531E-015     0.629343027838E-017
     0.396989322653E-002    -0.280000000000E+003    -0.760096832883E-015    -0.144143279088E-014     0.666114790976E-017
     0.420908659296E-002    -0.280000000000E+003    -0.760096832883E-015    -0.144143279088E-014     0.705092857799E-017
     0.446263154769E-002    -0.280000000000E+003    -0.152019366577E-014    -0.191814502015E-014     0.767148052027E-017
     0.473138918520E-002    -0.280000000000E+003    -0.228029049865E-014    -0.239485724941E-014     0.856021395554E-017
     0.501627226558E-002    -0.280000000000E+003    -0.228029049865E-014    -0.239485724941E-014     0.950227134607E-017
     0.531824831448E-002    -0.280000000000E+003    -0.304038733153E-014    -0.383629004029E-014     0.109804456909E-016
     0.563834290904E-002    -0.280000000000E+003    -0.152019366577E-014    -0.481230670499E-014     0.125958703703E-016
     0.597764316095E-002    -0.280000000000E+003    -0.152019366577E-014    -0.384758614337E-014     0.139995612090E-016
     0.633730140856E-002    -0.280000000000E+003    -0.152019366577E-014    -0.384758614337E-014     0.154874734177E-016
     0.671853913045E-002    -0.280000000000E+003    -0.228029049865E-014    -0.335957781103E-014     0.170354341474E-016
     0.712265109384E-002    -0.280000000000E+003    -0.228029049865E-014    -0.335957781103E-014     0.186762724323E-016
     0.755100975191E-002    -0.280000000000E+003    -0.152019366577E-014    -0.384758614337E-014     0.204483993924E-016
     0.800506990496E-002    -0.280000000000E+003    -0.228029049865E-014    -0.432429837264E-014     0.226681583160E-016
     0.848637364120E-002    -0.280000000000E+003    -0.304038733153E-014    -0.576573116352E-014     0.258054174253E-016
     0.899655557408E-002    -0.280000000000E+003    -0.304038733153E-014    -0.576573116352E-014     0.291309119017E-016
     0.953734839373E-002    -0.280000000000E+003    -0.304038733153E-014    -0.576573116352E-014     0.326559358563E-016
     0.101105887516E-001    -0.280000000000E+003    -0.228029049865E-014    -0.528901893425E-014     0.359575936087E-016
     0.107182234982E-001    -0.280000000000E+003    -0.228029049865E-014    -0.625373949587E-014     0.400023138515E-016
     0.113623162948E-001    -0.280000000000E+003    -0.304038733153E-014    -0.576573116352E-014     0.442006731019E-016
     0.120450546223E-001    -0.280000000000E+003    -0.304038733153E-014    -0.769517228675E-014     0.498496729489E-016
     0.127687572104E-001    -0.280000000000E+003    -0.228029049865E-014    -0.721846005748E-014     0.553281488806E-016
     0.135358819124E-001    -0.280000000000E+003    -0.380048416441E-014    -0.720716395440E-014     0.615785391697E-016
     0.143490340526E-001    -0.280000000000E+003    -0.304038733153E-014    -0.769517228675E-014     0.683065872818E-016
     0.152109752747E-001    -0.280000000000E+003    -0.380048416441E-014    -0.817188451601E-014     0.760747474358E-016
     0.161246329208E-001    -0.280000000000E+003    -0.456058099730E-014    -0.864859674528E-014     0.850079237978E-016
     0.170931099734E-001    -0.280000000000E+003    -0.228029049865E-014    -0.625373949587E-014     0.914545905847E-016
     0.181196955938E-001    -0.280000000000E+003    -0.304038733153E-014    -0.576573116352E-014     0.981461345025E-016
     0.192078762926E-001    -0.280000000000E+003    -0.304038733153E-014    -0.576573116352E-014     0.105239170673E-015
     0.203613477710E-001    -0.280000000000E+003    -0.304038733153E-014    -0.480101060191E-014     0.111794061769E-015
     0.215840274722E-001    -0.280000000000E+003    -0.456058099730E-014    -0.478971449882E-014     0.119880427917E-015
     0.228800678855E-001    -0.280000000000E+003    -0.380048416441E-014    -0.334828170794E-014     0.126444929580E-015
     0.242538706494E-001    -0.280000000000E+003    -0.304038733153E-014     0.225922061656E-016     0.130621937412E-015
     0.257101015006E-001    -0.280000000000E+003    -0.228029049865E-014    -0.465416126183E-015     0.134011027113E-015
     0.272537061195E-001    -0.280000000000E+003    -0.304038733153E-014     0.225922061656E-016     0.138704312606E-015
     0.288899269272E-001    -0.280000000000E+003    -0.228029049865E-014     0.146402499705E-014     0.143138167273E-015
     0.306243208897E-001    -0.280000000000E+003    -0.228029049865E-014     0.339346612027E-014     0.150229131956E-015
     0.324627783907E-001    -0.280000000000E+003    -0.228029049865E-014     0.339346612027E-014     0.157745554115E-015
     0.344115432366E-001    -0.280000000000E+003    -0.304038733153E-014     0.291675389101E-014     0.165956172067E-015
     0.364772338618E-001    -0.280000000000E+003    -0.152019366577E-014     0.387017834954E-014     0.174545389507E-015
     0.386668658063E-001    -0.280000000000E+003    -0.304038733153E-014     0.388147445262E-014     0.185341362882E-015
     0.409878755421E-001    -0.280000000000E+003    -0.152019366577E-014     0.194073722631E-014     0.191063228461E-015
     0.434481457293E-001    -0.280000000000E+003    -0.760096832883E-015     0.145272889396E-014     0.195096997633E-015
     0.460560319869E-001    -0.280000000000E+003    -0.228029049865E-014    -0.465416126183E-015     0.201166337842E-015
     0.488203912708E-001    -0.280000000000E+003    -0.228029049865E-014    -0.465416126183E-015     0.207599838115E-015
     0.517506119535E-001    -0.280000000000E+003    -0.152019366577E-014     0.194073722631E-014     0.214823560018E-015
     0.548566457095E-001    -0.280000000000E+003    -0.304038733153E-014     0.195203332939E-014     0.226045926582E-015
     0.581490413132E-001    -0.280000000000E+003    -0.304038733153E-014     0.195203332939E-014     0.237941634498E-015
     0.616389804647E-001    -0.280000000000E+003    -0.380048416441E-014     0.244004166174E-014     0.253703446636E-015
     0.653383157655E-001    -0.280000000000E+003    -0.380048416441E-014     0.244004166174E-014     0.270410966600E-015
     0.692596109728E-001    -0.280000000000E+003    -0.380048416441E-014     0.340476222336E-014     0.290419598042E-015
     0.734161836681E-001    -0.280000000000E+003    -0.456058099730E-014     0.196332943248E-014     0.311057959477E-015
     0.778221504872E-001    -0.280000000000E+003    -0.532067783018E-014     0.521896641597E-015     0.334613194600E-015
     0.824924750635E-001    -0.280000000000E+003    -0.532067783018E-014     0.521896641597E-015     0.359581742483E-015
     0.874430188470E-001    -0.280000000000E+003    -0.532067783018E-014     0.521896641597E-015     0.386048401810E-015
     0.926905949743E-001    -0.280000000000E+003    -0.608077466306E-014     0.100990497395E-014     0.418394815446E-015
     0.982530253690E-001    -0.280000000000E+003    -0.608077466306E-014     0.100990497395E-014     0.452682012050E-015
     0.104149201269E+000    -0.280000000000E+003    -0.608077466306E-014     0.100990497395E-014     0.489026438488E-015
     0.110399147386E+000    -0.280000000000E+003    -0.608077466306E-014    -0.919536149283E-015     0.527463031514E-015
     0.117024089912E+000    -0.280000000000E+003    -0.608077466306E-014    -0.919536149283E-015     0.568205817921E-015
     0.124046528610E+000    -0.280000000000E+003    -0.684087149594E-014    -0.236096894016E-014     0.619026007491E-015
     0.131490313229E+000    -0.280000000000E+003    -0.456058099730E-014     0.338883092484E-016     0.652974927381E-015
     0.139380724499E+000    -0.280000000000E+003    -0.456058099730E-014     0.338883092484E-016     0.688960780523E-015
     0.147744559993E+000    -0.280000000000E+003    -0.456058099730E-014    -0.189555281398E-014     0.730268323325E-015
     0.156610225139E+000    -0.280000000000E+003    -0.456058099730E-014    -0.930832252366E-015     0.771534492649E-015
     0.166007829686E+000    -0.280000000000E+003    -0.380048416441E-014    -0.454120023100E-015     0.807504006515E-015
     0.175969289968E+000    -0.280000000000E+003    -0.380048416441E-014    -0.454120023100E-015     0.845631689156E-015
     0.185969289968E+000    -0.280000000000E+003    -0.380048416441E-014    -0.454120023100E-015     0.883906883316E-015
     0.195969289968E+000    -0.280000000000E+003    -0.228029049865E-014     0.499304435431E-015     0.907250040080E-015
     0.205969289968E+000    -0.280000000000E+003    -0.152019366577E-014     0.976016664697E-015     0.925315469251E-015
     0.215969289968E+000    -0.280000000000E+003    -0.760096832883E-015     0.145272889396E-014     0.941711104142E-015
     0.225969289968E+000    -0.280000000000E+003    -0.760096832883E-015     0.488008332349E-015     0.950743818727E-015
     0.235969289968E+000    -0.280000000000E+003    -0.760096832883E-015     0.488008332349E-015     0.959776533312E-015
     0.245969289968E+000    -0.280000000000E+003    -0.760096832883E-015     0.145272889396E-014     0.976172168203E-015
     0.255969289968E+000    -0.280000000000E+003    -0.760096832883E-015     0.241744945558E-014     0.100151345678E-014
     0.265969289968E+000    -0.280000000000E+003     0.354432584356E-030     0.289416168484E-014     0.103045507363E-014
     0.275969289968E+000    -0.280000000000E+003     0.354432584356E-030     0.289416168484E-014     0.105939669047E-014
     0.285969289968E+000    -0.280000000000E+003     0.760096832883E-015     0.337087391411E-014     0.109395177424E-014
     0.295969289968E+000    -0.280000000000E+003     0.760096832883E-015     0.337087391411E-014     0.112850685800E-014
     0.305969289968E+000    -0.280000000000E+003     0.760096832883E-015     0.337087391411E-014     0.116306194177E-014
     0.315969289968E+000    -0.280000000000E+003     0.760096832883E-015     0.337087391411E-014     0.119761702553E-014
     0.325969289968E+000    -0.280000000000E+003     0.760096832883E-015     0.337087391411E-014     0.123217210930E-014
     0.335969289968E+000    -0.280000000000E+003     0.760096832883E-015     0.337087391411E-014     0.126672719306E-014
     0.345969289968E+000    -0.280000000000E+003     0.760096832883E-015     0.337087391411E-014     0.130128227683E-014
     0.355969289968E+000    -0.280000000000E+003     0.760096832883E-015     0.337087391411E-014     0.133583736059E-014
     0.365969289968E+000    -0.280000000000E+003     0.760096832883E-015     0.337087391411E-014     0.137039244436E-014
     0.375969289968E+000    -0.280000000000E+003     0.760096832883E-015     0.337087391411E-014     0.140494752813E-014
     0.385969289968E+000    -0.280000000000E+003     0.760096832883E-015     0.337087391411E-014     0.143950261189E-014
     0.395969289968E+000    -0.280000000000E+003     0.760096832883E-015     0.337087391411E-014     0.147405769566E-014
     0.405969289968E+000    -0.280000000000E+003     0.760096832883E-015     0.337087391411E-014     0.150861277942E-014
     0.415969289968E+000    -0.280000000000E+003     0.760096832883E-015     0.337087391411E-014     0.154316786319E-014
     0.425969289968E+000    -0.280000000000E+003     0.760096832883E-015     0.337087391411E-014     0.157772294695E-014
     0.435969289968E+000    -0.280000000000E+003     0.760096832883E-015     0.337087391411E-014     0.161227803072E-014
     0.445969289968E+000    -0.280000000000E+003     0.760096832883E-015     0.337087391411E-014     0.164683311448E-014
     0.455969289968E+000    -0.280000000000E+003     0.760096832883E-015     0.337087391411E-014     0.168138819825E-014
     0.465969289968E+000    -0.280000000000E+003     0.760096832883E-015     0.337087391411E-014     0.171594328201E-014
     0.475969289968E+000    -0.280000000000E+003     0.760096832883E-015     0.337087391411E-014     0.175049836578E-014
     0.485969289968E+000    -0.280000000000E+003     0.760096832883E-015     0.337087391411E-014     0.178505344954E-014
     0.495969289968E+000    -0.280000000000E+003     0.760096832883E-015     0.337087391411E-014     0.181960853331E-014
     0.505969289968E+000    -0.280000000000E+003     0.760096832883E-015     0.337087391411E-014     0.185416361707E-014
     0.515969289968E+000    -0.280000000000E+003     0.760096832883E-015     0.337087391411E-014     0.188871870084E-014
     0.525969289968E+000    -0.280000000000E+003     0.760096832883E-015     0.337087391411E-014     0.192327378460E-014
     0.535969289968E+000    -0.280000000000E+003     0.760096832883E-015     0.337087391411E-014     0.195782886837E-014
     0.545969289968E+000    -0.280000000000E+003     0.760096832883E-015     0.337087391411E-014     0.199238395213E-014
     0.555969289968E+000    -0.280000000000E+003     0.760096832883E-015     0.337087391411E-014     0.202693903590E-014
     0.565969289968E+000    -0.280000000000E+003     0.760096832883E-015     0.337087391411E-014     0.206149411966E-014
     0.575969289968E+000    -0.280000000000E+003     0.760096832883E-015     0.337087391411E-014     0.209604920343E-014
     0.585969289968E+000    -0.280000000000E+003     0.760096832883E-015     0.337087391411E-014     0.213060428719E-014
     0.595969289968E+000    -0.280000000000E+003     0.760096832883E-015     0.337087391411E-014     0.216515937096E-014
     0.605969289968E+000    -0.280000000000E+003     0.760096832883E-015     0.337087391411E-014     0.219971445472E-014
     0.615969289968E+000    -0.280000000000E+003     0.760096832883E-015     0.337087391411E-014     0.223426953849E-014
     0.625969289968E+000    -0.280000000000E+003     0.760096832883E-015     0.337087391411E-014     0.226882462225E-014
     0.635969289968E+000    -0.280000000000E+003     0.760096832883E-015     0.337087391411E-014     0.230337970602E-014
     0.645969289968E+000    -0.280000000000E+003     0.760096832883E-015     0.337087391411E-014     0.233793478978E-014
     0.655969289968E+000    -0.280000000000E+003     0.760096832883E-015     0.337087391411E-014     0.237248987355E-014
     0.665969289968E+000    -0.280000000000E+003     0.760096832883E-015     0.337087391411E-014     0.240704495731E-014
     0.675969289968E+000    -0.280000000000E+003     0.760096832883E-015     0.337087391411E-014     0.244160004108E-014
     0.685969289968E+000    -0.280000000000E+003     0.760096832883E-015     0.337087391411E-014     0.247615512485E-014
     0.695969289968E+000    -0.280000000000E+003     0.760096832883E-015     0.337087391411E-014     0.251071020861E-014
     0.705969289968E+000    -0.280000000000E+003     0.760096832883E-015     0.337087391411E-014     0.254526529238E-014
     0.715969289968E+000    -0.280000000000E+003     0.760096832883E-015     0.337087391411E-014     0.257982037614E-014
     0.725969289968E+000    -0.280000000000E+003     0.760096832883E-015     0.337087391411E-014     0.261437545991E-014
     0.735969289968E+000    -0.280000000000E+003     0.760096832883E-015     0.337087391411E-014     0.264893054367E-014
     0.745969289968E+000    -0.280000000000E+003     0.760096832883E-015     0.337087391411E-014     0.268348562744E-014
     0.755969289968E+000    -0.280000000000E+003     0.760096832883E-015     0.337087391411E-014     0.271804071120E-014
