 #        time                      h  [L]            Darcian flow [L.T^{-1}]   in    x         z              directions   cumulative flux
 #-----------------------------------------------------------------------------------------------

     0.100000000000E-005     0.400000000000E+001    -0.181810620042E-012    -0.148459637643E+004     0.148459637643E-002
     0.205999994278E-005     0.400000000000E+001    -0.178830212501E-012    -0.146025950197E+004     0.303247136497E-002
     0.318359982147E-005     0.400000000000E+001    -0.175705695892E-012    -0.143474588766E+004     0.464455167030E-002
     0.437461562859E-005     0.400000000000E+001    -0.172433000315E-012    -0.140802230026E+004     0.632152848669E-002
     0.563709231599E-005     0.400000000000E+001    -0.169008426377E-012    -0.138005853193E+004     0.806382021050E-002
     0.697531753239E-005     0.400000000000E+001    -0.165428750388E-012    -0.135082825924E+004     0.987153265005E-002
     0.839383618521E-005     0.400000000000E+001    -0.161691346482E-012    -0.132031004037E+004     0.117444170698E-001
     0.989746587602E-005     0.400000000000E+001    -0.157794327648E-012    -0.128848846669E+004     0.136818265846E-001
     0.114913132622E-004     0.400000000000E+001    -0.153736707691E-012    -0.125535548533E+004     0.156826716437E-001
     0.131807914004E-004     0.400000000000E+001    -0.149518586036E-012    -0.122091190815E+004     0.177453756212E-001
     0.149716381303E-004     0.400000000000E+001    -0.145141357015E-012    -0.118516912073E+004     0.198678318653E-001
     0.168699355614E-004     0.400000000000E+001    -0.140607944750E-012    -0.114815100034E+004     0.220473639598E-001
     0.188821307298E-004     0.400000000000E+001    -0.135923063811E-012    -0.110989604436E+004     0.242806914177E-001
     0.210150574931E-004     0.400000000000E+001    -0.131093504396E-012    -0.107045969897E+004     0.265639035587E-001
     0.232759597402E-004     0.400000000000E+001    -0.126128438571E-012    -0.102991685978E+004     0.288924449013E-001
     0.256725159928E-004     0.400000000000E+001    -0.121039740982E-012    -0.988364490615E+003     0.312611160010E-001
     0.282128654833E-004     0.400000000000E+001    -0.115842312993E-012    -0.945924270361E+003     0.336640942394E-001
     0.309056357980E-004     0.400000000000E+001    -0.110554393346E-012    -0.902745129639E+003     0.360949795262E-001
     0.337599721774E-004     0.400000000000E+001    -0.105197830732E-012    -0.859005476562E+003     0.385468701080E-001
     0.367855685763E-004     0.400000000000E+001    -0.997982843205E-013    -0.814914834138E+003     0.410124734956E-001
     0.399927005860E-004     0.400000000000E+001    -0.943853075116E-013    -0.770714524198E+003     0.434842567165E-001
     0.433922603327E-004     0.400000000000E+001    -0.889922591450E-013    -0.726676942339E+003     0.459546383986E-001
     0.469957934698E-004     0.400000000000E+001    -0.836559770843E-013    -0.683102892545E+003     0.484162223079E-001
     0.508155383889E-004     0.400000000000E+001    -0.784161450332E-013    -0.640316416846E+003     0.508620676877E-001
     0.548644677845E-004     0.400000000000E+001    -0.733142895354E-013    -0.598656605206E+003     0.532859860144E-001
     0.591563327122E-004     0.400000000000E+001    -0.683923663821E-013    -0.558466052659E+003     0.556828468791E-001
     0.637057092900E-004     0.400000000000E+001    -0.636909397252E-013    -0.520075990641E+003     0.580488684096E-001
     0.685280482021E-004     0.400000000000E+001    -0.592470255190E-013    -0.483788677358E+003     0.603818613737E-001
     0.736397271730E-004     0.400000000000E+001    -0.550917588678E-013    -0.449858350229E+003     0.626813928425E-001
     0.790581065897E-004     0.400000000000E+001    -0.512481371366E-013    -0.418472796992E+003     0.649488372321E-001
     0.848015884613E-004     0.400000000000E+001    -0.477291606798E-013    -0.389738173594E+003     0.671872913669E-001
     0.908896789166E-004     0.400000000000E+001    -0.445367083986E-013    -0.363669822431E+003     0.694013461417E-001
     0.973430544509E-004     0.400000000000E+001    -0.416614205839E-013    -0.340191315675E+003     0.715967284552E-001
     0.104183632148E-003     0.400000000000E+001    -0.390837136291E-013    -0.319142741044E+003     0.737798491718E-001
     0.111434644115E-003     0.400000000000E+001    -0.367758489293E-013    -0.300297595641E+003     0.759573106316E-001
     0.119120716386E-003     0.400000000000E+001    -0.347047760256E-013    -0.283386001986E+003     0.781354359233E-001
     0.127267952553E-003     0.400000000000E+001    -0.328353264599E-013    -0.268120787828E+003     0.803198793030E-001
     0.135904022424E-003     0.400000000000E+001    -0.311332875162E-013    -0.254222585140E+003     0.825153633110E-001
     0.145058255993E-003     0.400000000000E+001    -0.295679372798E-013    -0.241440530448E+003     0.847255663198E-001
     0.154761743052E-003     0.400000000000E+001    -0.281137486299E-013    -0.229566178995E+003     0.869531587669E-001
     0.165047438780E-003     0.400000000000E+001    -0.267511324948E-013    -0.218439573871E+003     0.891999617586E-001
     0.175950275662E-003     0.400000000000E+001    -0.254662560580E-013    -0.207947761556E+003     0.914671822830E-001
     0.187507282134E-003     0.400000000000E+001    -0.242501143889E-013    -0.198017211214E+003     0.937556684745E-001
     0.199757708333E-003     0.400000000000E+001    -0.230971348898E-013    -0.188602419130E+003     0.960661284909E-001
     0.212743159403E-003     0.400000000000E+001    -0.220036368828E-013    -0.179673330287E+003     0.983992677299E-001
     0.226507736794E-003     0.400000000000E+001    -0.209664432384E-013    -0.171204001456E+003     0.100755818458E+000
     0.241098188040E-003     0.400000000000E+001    -0.199818484247E-013    -0.163164174672E+003     0.103136457393E+000
     0.256564065527E-003     0.400000000000E+001    -0.190450012871E-013    -0.155514237250E+003     0.105541621534E+000
     0.272957894778E-003     0.400000000000E+001    -0.181495703940E-013    -0.148202489131E+003     0.107971227835E+000
     0.290335352846E-003     0.400000000000E+001    -0.172872641118E-013    -0.141161223986E+003     0.110424251086E+000
     0.308755457403E-003     0.400000000000E+001    -0.164459174685E-013    -0.134291107280E+003     0.112897907323E+000
     0.328280767180E-003     0.400000000000E+001    -0.155993593675E-013    -0.127378435794E+003     0.115385010741E+000
     0.348977594427E-003     0.400000000000E+001    -0.145477149586E-013    -0.118791107515E+003     0.117843609772E+000
     0.370916230124E-003     0.400000000000E+001    -0.137920446985E-013    -0.112620591570E+003     0.120314351902E+000
     0.394171182707E-003     0.400000000000E+001    -0.131679168511E-013    -0.107524200939E+003     0.122814822097E+000
     0.418821431115E-003     0.400000000000E+001    -0.126130560985E-013    -0.102993419060E+003     0.125353635461E+000
     0.444950693017E-003     0.400000000000E+001    -0.121028773345E-013    -0.988274933061E+002     0.127935924917E+000
     0.472647709137E-003     0.400000000000E+001    -0.116263468592E-013    -0.949363266801E+002     0.130565377887E+000
     0.502006544641E-003     0.400000000000E+001    -0.111772256589E-013    -0.912689737698E+002     0.133244928674E+000
     0.533126908594E-003     0.400000000000E+001    -0.107509566088E-013    -0.877882228274E+002     0.135976930120E+000
     0.566114492604E-003     0.400000000000E+001    -0.103436577849E-013    -0.844623755360E+002     0.138763139828E+000
     0.601081329767E-003     0.400000000000E+001    -0.995193400804E-014    -0.812637081563E+002     0.141604674679E+000
     0.638146175159E-003     0.400000000000E+001    -0.957297605757E-014    -0.781692816593E+002     0.144502007018E+000
     0.677434909153E-003     0.400000000000E+001    -0.920467485456E-014    -0.751618741091E+002     0.147455021896E+000
     0.719080964939E-003     0.400000000000E+001    -0.884557944412E-014    -0.722296375598E+002     0.150463101411E+000
     0.763225781689E-003     0.400000000000E+001    -0.849454299110E-014    -0.693632073919E+002     0.153525127491E+000
     0.810019284919E-003     0.400000000000E+001    -0.814965550297E-014    -0.665469873325E+002     0.156639094158E+000
     0.859620395664E-003     0.400000000000E+001    -0.780345623926E-014    -0.637200558128E+002     0.159799679703E+000
     0.912197570216E-003     0.400000000000E+001    -0.742176180455E-014    -0.606032842262E+002     0.162986029156E+000
     0.967929372233E-003     0.400000000000E+001    -0.712957380165E-014    -0.582173881205E+002     0.166230589104E+000
     0.102700507918E-002     0.400000000000E+001    -0.686601345404E-014    -0.560652545601E+002     0.169542683653E+000
     0.108962532517E-002     0.400000000000E+001    -0.661901671886E-014    -0.540483731593E+002     0.172927206075E+000
     0.115600278233E-002     0.400000000000E+001    -0.638491672637E-014    -0.521368016543E+002     0.176387914394E+000
     0.122636288312E-002     0.400000000000E+001    -0.616175582919E-014    -0.503145546412E+002     0.179928051529E+000
     0.130094458593E-002     0.400000000000E+001    -0.594811074575E-014    -0.485700101441E+002     0.183550485592E+000
     0.138000118665E-002     0.400000000000E+001    -0.574287653603E-014    -0.468941456429E+002     0.187257777340E+000
     0.146380117888E-002     0.400000000000E+001    -0.554521280011E-014    -0.452800987515E+002     0.191052249263E+000
     0.155262916586E-002     0.400000000000E+001    -0.535449575423E-014    -0.437227758890E+002     0.194936055431E+000
     0.164678682697E-002     0.400000000000E+001    -0.517025193856E-014    -0.422183109625E+002     0.198911232847E+000
     0.174659394236E-002     0.400000000000E+001    -0.499208332816E-014    -0.407634538517E+002     0.202979715589E+000
     0.185238947896E-002     0.400000000000E+001    -0.481959786935E-014    -0.393550031952E+002     0.207143299270E+000
     0.196453274170E-002     0.400000000000E+001    -0.465235040137E-014    -0.379893239798E+002     0.211403546010E+000
     0.208340459379E-002     0.400000000000E+001    -0.448978102826E-014    -0.366618443080E+002     0.215761607344E+000
     0.220940875020E-002     0.400000000000E+001    -0.433110627563E-014    -0.353661666257E+002     0.220217891336E+000
     0.234297314879E-002     0.400000000000E+001    -0.417501218903E-014    -0.340915616808E+002     0.224771310268E+000
     0.248455140365E-002     0.400000000000E+001    -0.401828958034E-014    -0.328118244635E+002     0.229416751115E+000
     0.263462434571E-002     0.400000000000E+001    -0.383220190664E-014    -0.312923032936E+002     0.234112879134E+000
     0.279370165569E-002     0.400000000000E+001    -0.369531920900E-014    -0.301745712444E+002     0.238912968757E+000
     0.296232359518E-002     0.400000000000E+001    -0.356765730558E-014    -0.291321326938E+002     0.243825285473E+000
     0.314106284138E-002     0.400000000000E+001    -0.344319864891E-014    -0.281158506380E+002     0.248850691423E+000
     0.333052643213E-002     0.400000000000E+001    -0.331859478857E-014    -0.270983829042E+002     0.253984848351E+000
     0.353135782749E-002     0.400000000000E+001    -0.318489155892E-014    -0.260066131813E+002     0.259207792765E+000
     0.374423909507E-002     0.400000000000E+001    -0.302623464032E-014    -0.247110811250E+002     0.264468319038E+000
     0.396989322653E-002     0.400000000000E+001    -0.293552641949E-014    -0.239703922922E+002     0.269877337092E+000
     0.420908659296E-002     0.400000000000E+001    -0.284905522780E-014    -0.232643014279E+002     0.275442003668E+000
     0.446263154769E-002     0.400000000000E+001    -0.276600183410E-014    -0.225861190020E+002     0.281168600188E+000
     0.473138918520E-002     0.400000000000E+001    -0.268596694929E-014    -0.219325845718E+002     0.287063149802E+000
     0.501627226558E-002     0.400000000000E+001    -0.260871257353E-014    -0.213017547210E+002     0.293131659304E+000
     0.531824831448E-002     0.400000000000E+001    -0.253407408875E-014    -0.206922852411E+002     0.299380233844E+000
     0.563834290904E-002     0.400000000000E+001    -0.246194046525E-014    -0.201032695057E+002     0.305815181746E+000
     0.597764316095E-002     0.400000000000E+001    -0.239227211659E-014    -0.195343842670E+002     0.312443203248E+000
     0.633730140856E-002     0.400000000000E+001    -0.232515584148E-014    -0.189863382904E+002     0.319271796407E+000
     0.671853913045E-002     0.400000000000E+001    -0.226114160603E-014    -0.184636223898E+002     0.326310825744E+000
     0.712265109384E-002     0.400000000000E+001    -0.220316152446E-014    -0.179901790948E+002     0.333580872340E+000
     0.755100975191E-002     0.400000000000E+001    -0.213791849356E-014    -0.174574293180E+002     0.341058913336E+000
     0.800506990496E-002     0.400000000000E+001    -0.207533090697E-014    -0.169463628894E+002     0.348753581463E+000
     0.848637364120E-002     0.400000000000E+001    -0.201538495529E-014    -0.164568670468E+002     0.356674333060E+000
     0.899655557408E-002     0.400000000000E+001    -0.196014318560E-014    -0.160057837653E+002     0.364840194758E+000
     0.953734839373E-002     0.400000000000E+001    -0.190282366252E-014    -0.155377343397E+002     0.373242889923E+000
     0.101105887516E-001     0.400000000000E+001    -0.184750416933E-014    -0.150860163977E+002     0.381890803362E+000
     0.107182234982E-001     0.400000000000E+001    -0.179420047728E-014    -0.146507587211E+002     0.390793113424E+000
     0.113623162948E-001     0.400000000000E+001    -0.174276569438E-014    -0.142307618458E+002     0.399959044619E+000
     0.120450546223E-001     0.400000000000E+001    -0.169317181407E-014    -0.138257970808E+002     0.409398446195E+000
     0.127687572104E-001     0.400000000000E+001    -0.164542890549E-014    -0.134359466471E+002     0.419122075557E+000
     0.135358819124E-001     0.400000000000E+001    -0.160111044262E-014    -0.130740589347E+002     0.429151509121E+000
     0.143490340526E-001     0.400000000000E+001    -0.155539538913E-014    -0.127007671943E+002     0.439479165148E+000
     0.152109752747E-001     0.400000000000E+001    -0.151154324015E-014    -0.123426872238E+002     0.450117836057E+000
     0.161246329208E-001     0.400000000000E+001    -0.147057482697E-014    -0.120081547430E+002     0.461089178454E+000
     0.170931099734E-001     0.400000000000E+001    -0.142758357107E-014    -0.116571044979E+002     0.472378816660E+000
     0.181196955938E-001     0.400000000000E+001    -0.138575232865E-014    -0.113155264817E+002     0.483995173433E+000
     0.192078762926E-001     0.400000000000E+001    -0.134505703079E-014    -0.109832241567E+002     0.495946905971E+000
     0.203613477710E-001     0.400000000000E+001    -0.130524059875E-014    -0.106580983158E+002     0.508240718393E+000
     0.215840274722E-001     0.400000000000E+001    -0.126751189591E-014    -0.103500200775E+002     0.520895477848E+000
     0.228800678855E-001     0.400000000000E+001    -0.122632812709E-014    -0.100137290845E+002     0.533873675429E+000
     0.242538706494E-001     0.400000000000E+001    -0.118567069796E-014    -0.968173598120E+001     0.547174471080E+000
     0.257101015006E-001     0.400000000000E+001    -0.114204200444E-014    -0.932548066299E+001     0.560754523723E+000
     0.272537061195E-001     0.400000000000E+001    -0.109681086740E-014    -0.895614040036E+001     0.574579263413E+000
     0.288899269272E-001     0.400000000000E+001    -0.104958705477E-014    -0.857052870670E+001     0.588602540816E+000
     0.306243208897E-001     0.400000000000E+001    -0.999754601906E-015    -0.816361584909E+001     0.602761466857E+000
     0.324627783907E-001     0.400000000000E+001    -0.945141946403E-015    -0.771766967473E+001     0.616950074561E+000
     0.344115432366E-001     0.400000000000E+001    -0.887113710957E-015    -0.724383317357E+001     0.631066601999E+000
     0.364772338618E-001     0.400000000000E+001    -0.823360922513E-015    -0.672325214982E+001     0.644954760935E+000
     0.386668658063E-001     0.400000000000E+001    -0.755428330826E-015    -0.616854044245E+001     0.658461594139E+000
     0.409878755421E-001     0.400000000000E+001    -0.685778676314E-015    -0.559980785310E+001     0.671458802685E+000
     0.434481457293E-001     0.400000000000E+001    -0.613719331529E-015    -0.501139864944E+001     0.683788197378E+000
     0.460560319869E-001     0.400000000000E+001    -0.540084576427E-015    -0.441012524430E+001     0.695289302397E+000
     0.488203912708E-001     0.400000000000E+001    -0.471458617363E-015    -0.384975176264E+001     0.705931399423E+000
     0.517506119535E-001     0.400000000000E+001    -0.409136750945E-015    -0.334085510394E+001     0.715720842146E+000
     0.548566457095E-001     0.400000000000E+001    -0.358597624751E-015    -0.292817182065E+001     0.724815842665E+000
     0.581490413132E-001     0.400000000000E+001    -0.323210801023E-015    -0.263921647652E+001     0.733505187389E+000
     0.616389804647E-001     0.400000000000E+001    -0.305423615577E-015    -0.249397308505E+001     0.742209001701E+000
     0.653383157655E-001     0.400000000000E+001    -0.301938052468E-015    -0.246551130235E+001     0.751329754697E+000
     0.692596109728E-001     0.400000000000E+001    -0.307054361872E-015    -0.250728913909E+001     0.761161575581E+000
     0.734161836681E-001     0.400000000000E+001    -0.314694383938E-015    -0.256967465360E+001     0.771842615082E+000
     0.778221504872E-001     0.400000000000E+001    -0.321497900276E-015    -0.262522958048E+001     0.783409289506E+000
     0.824924750635E-001     0.400000000000E+001    -0.326559473974E-015    -0.266656046626E+001     0.795862992386E+000
     0.874430188470E-001     0.400000000000E+001    -0.329103746122E-015    -0.268733602498E+001     0.809166767039E+000
     0.926905949743E-001     0.400000000000E+001    -0.327994535656E-015    -0.267827863417E+001     0.823221238062E+000
     0.982530253690E-001     0.400000000000E+001    -0.322525843802E-015    -0.263362337636E+001     0.837870584778E+000
     0.104149201269E+000     0.400000000000E+001    -0.313657489530E-015    -0.256120776822E+001     0.852971916296E+000
     0.110399147386E+000     0.400000000000E+001    -0.301804906806E-015    -0.246442408551E+001     0.868374434039E+000
     0.117024089912E+000     0.400000000000E+001    -0.289561553362E-015    -0.236444951772E+001     0.884038776200E+000
     0.124046528610E+000     0.400000000000E+001    -0.279328764899E-015    -0.228089245890E+001     0.900056203671E+000
     0.131490313229E+000     0.400000000000E+001    -0.273781836610E-015    -0.223559835212E+001     0.916697516298E+000
     0.139380724499E+000     0.400000000000E+001    -0.273197102322E-015    -0.223082363431E+001     0.934299632243E+000
     0.147744559993E+000     0.400000000000E+001    -0.275847911020E-015    -0.225246912997E+001     0.953138913502E+000
     0.156610225139E+000     0.400000000000E+001    -0.279495740252E-015    -0.228225591612E+001     0.973372630231E+000
     0.166007829686E+000     0.400000000000E+001    -0.281799825847E-015    -0.230107020280E+001     0.994997178032E+000
     0.175969289968E+000     0.400000000000E+001    -0.281064494351E-015    -0.229506576547E+001     0.101785938450E+001
     0.185969289968E+000     0.400000000000E+001    -0.278395419054E-015    -0.227327111171E+001     0.104059209562E+001
     0.195969289968E+000     0.400000000000E+001    -0.273858142688E-015    -0.223622143853E+001     0.106295431000E+001
     0.205969289968E+000     0.400000000000E+001    -0.268146339290E-015    -0.218958102431E+001     0.108485012024E+001
     0.215969289968E+000     0.400000000000E+001    -0.261735293636E-015    -0.213723086377E+001     0.110622242888E+001
     0.225969289968E+000     0.400000000000E+001    -0.255937494395E-015    -0.208988824021E+001     0.112712131128E+001
     0.235969289968E+000     0.400000000000E+001    -0.252793362627E-015    -0.206421445598E+001     0.114776345584E+001
     0.245969289968E+000     0.400000000000E+001    -0.252889795255E-015    -0.206500188815E+001     0.116841347473E+001
     0.255969289968E+000     0.400000000000E+001    -0.254891384036E-015    -0.208134610088E+001     0.118922693573E+001
     0.265969289968E+000     0.400000000000E+001    -0.256614727989E-015    -0.209541827217E+001     0.121018111846E+001
     0.275969289968E+000     0.400000000000E+001    -0.256737858755E-015    -0.209642371118E+001     0.123114535557E+001
     0.285969289968E+000     0.400000000000E+001    -0.255484004092E-015    -0.208618521087E+001     0.125200720768E+001
     0.295969289968E+000     0.400000000000E+001    -0.253514226706E-015    -0.207010075789E+001     0.127270821526E+001
     0.305969289968E+000     0.400000000000E+001    -0.251070519148E-015    -0.205014637137E+001     0.129320967897E+001
     0.315969289968E+000     0.400000000000E+001    -0.249030903812E-015    -0.203349164825E+001     0.131354459545E+001
     0.325969289968E+000     0.400000000000E+001    -0.247858359557E-015    -0.202391709781E+001     0.133378376643E+001
     0.335969289968E+000     0.400000000000E+001    -0.247673130081E-015    -0.202240458435E+001     0.135400781227E+001
     0.345969289968E+000     0.400000000000E+001    -0.248345695773E-015    -0.202789650000E+001     0.137428677727E+001
     0.355969289968E+000     0.400000000000E+001    -0.248922975548E-015    -0.203261034709E+001     0.139461288074E+001
     0.365969289968E+000     0.400000000000E+001    -0.249290002914E-015    -0.203560735298E+001     0.141496895427E+001
     0.375969289968E+000     0.400000000000E+001    -0.248617484971E-015    -0.203011582723E+001     0.143527011255E+001
     0.385969289968E+000     0.400000000000E+001    -0.247491687433E-015    -0.202092299270E+001     0.145547934247E+001
     0.395969289968E+000     0.400000000000E+001    -0.245368738331E-015    -0.200358779774E+001     0.147551522045E+001
     0.405969289968E+000     0.400000000000E+001    -0.243430117319E-015    -0.198775775586E+001     0.149539279801E+001
     0.415969289968E+000     0.400000000000E+001    -0.241781935331E-015    -0.197429932859E+001     0.151513579130E+001
     0.425969289968E+000     0.400000000000E+001    -0.240922802551E-015    -0.196728397706E+001     0.153480863107E+001
     0.435969289968E+000     0.400000000000E+001    -0.240911898026E-015    -0.196719493485E+001     0.155448058041E+001
     0.445969289968E+000     0.400000000000E+001    -0.241043880279E-015    -0.196827265173E+001     0.157416330693E+001
     0.455969289968E+000     0.400000000000E+001    -0.241184942205E-015    -0.196942450977E+001     0.159385755203E+001
     0.465969289968E+000     0.400000000000E+001    -0.241003507696E-015    -0.196794298457E+001     0.161353698188E+001
     0.475969289968E+000     0.400000000000E+001    -0.240155639692E-015    -0.196101961691E+001     0.163314717804E+001
     0.485969289968E+000     0.400000000000E+001    -0.239286498136E-015    -0.195392253753E+001     0.165268640342E+001
     0.495969289968E+000     0.400000000000E+001    -0.238102201594E-015    -0.194425202238E+001     0.167212892364E+001
     0.505969289968E+000     0.400000000000E+001    -0.236701863381E-015    -0.193281739311E+001     0.169145709757E+001
     0.515969289968E+000     0.400000000000E+001    -0.235207155093E-015    -0.192061217370E+001     0.171066321931E+001
     0.525969289968E+000     0.400000000000E+001    -0.233729122976E-015    -0.190854312557E+001     0.172974865057E+001
     0.535969289968E+000     0.400000000000E+001    -0.232602030402E-015    -0.189933971627E+001     0.174874204773E+001
     0.545969289968E+000     0.400000000000E+001    -0.231921432495E-015    -0.189378221261E+001     0.176767986986E+001
     0.555969289968E+000     0.400000000000E+001    -0.232185328244E-015    -0.189593708492E+001     0.178663924071E+001
     0.565969289968E+000     0.400000000000E+001    -0.232481045909E-015    -0.189835180291E+001     0.180562275873E+001
     0.575969289968E+000     0.400000000000E+001    -0.233027424535E-015    -0.190281332297E+001     0.182465089196E+001
     0.585969289968E+000     0.400000000000E+001    -0.233618425677E-015    -0.190763921352E+001     0.184372728410E+001
     0.595969289968E+000     0.400000000000E+001    -0.234103651564E-015    -0.191160138357E+001     0.186284329793E+001
     0.605969289968E+000     0.400000000000E+001    -0.234372285555E-015    -0.191379494658E+001     0.188198124740E+001
     0.615969289968E+000     0.400000000000E+001    -0.233995972864E-015    -0.191072212027E+001     0.190108846860E+001
     0.625969289968E+000     0.400000000000E+001    -0.233390867257E-015    -0.190578105801E+001     0.192014627918E+001
     0.635969289968E+000     0.400000000000E+001    -0.232215207888E-015    -0.189618107073E+001     0.193910808989E+001
     0.645969289968E+000     0.400000000000E+001    -0.230896775832E-015    -0.188541525599E+001     0.195796224245E+001
     0.655969289968E+000     0.400000000000E+001    -0.229472387943E-015    -0.187378424623E+001     0.197670008491E+001
     0.665969289968E+000     0.400000000000E+001    -0.228141533426E-015    -0.186291699439E+001     0.199532925486E+001
     0.675969289968E+000     0.400000000000E+001    -0.226863791900E-015    -0.185248344305E+001     0.201385408929E+001
     0.685969289968E+000     0.400000000000E+001    -0.225933041271E-015    -0.184488328740E+001     0.203230292216E+001
     0.695969289968E+000     0.400000000000E+001    -0.225365780159E-015    -0.184025124890E+001     0.205070543465E+001
     0.705969289968E+000     0.400000000000E+001    -0.225413017337E-015    -0.184063696973E+001     0.206911180435E+001
     0.715969289968E+000     0.400000000000E+001    -0.225506022783E-015    -0.184139641683E+001     0.208752576852E+001
     0.725969289968E+000     0.400000000000E+001    -0.225957347362E-015    -0.184508176169E+001     0.210597658613E+001
     0.735969289968E+000     0.400000000000E+001    -0.226670024199E-015    -0.185090120969E+001     0.212448559823E+001
     0.745969289968E+000     0.400000000000E+001    -0.227194318246E-015    -0.185518239548E+001     0.214303742218E+001
     0.755969289968E+000     0.400000000000E+001    -0.227679645056E-015    -0.185914538963E+001     0.216162887608E+001
