 #        time                      h  [L]            Darcian flow [L.T^{-1}]   in    x         z              directions   cumulative flux
 #-----------------------------------------------------------------------------------------------

     0.100000000000E-005    -0.278500000000E+003    -0.348557708089E-011    -0.259797936348E-010     0.262125718863E-016
     0.205999994278E-005    -0.278499999999E+003    -0.242005987881E-010    -0.180755398557E-009     0.219522919474E-015
     0.318359982147E-005    -0.278499999997E+003    -0.982504743193E-010    -0.734802404579E-009     0.105249452532E-014
     0.437461562859E-005    -0.278499999990E+003    -0.304484890896E-009    -0.227903581458E-008     0.379098028485E-014
     0.563709231599E-005    -0.278499999975E+003    -0.797123523245E-009    -0.597196304292E-008     0.113973104948E-013
     0.697531753239E-005    -0.278499999941E+003    -0.185741015301E-008    -0.139279852473E-007     0.302011008511E-013
     0.839383618521E-005    -0.278499999874E+003    -0.397221987781E-008    -0.298142577498E-007     0.728668901499E-013
     0.989746587602E-005    -0.278499999748E+003    -0.795295452150E-008    -0.597518483027E-007     0.163503872728E-012
     0.114913132622E-004    -0.278499999521E+003    -0.151118509776E-007    -0.113656649163E-006     0.346249453792E-012
     0.131807914004E-004    -0.278499999126E+003    -0.275206304287E-007    -0.207210880133E-006     0.699401849156E-012
     0.149716381303E-004    -0.278499998460E+003    -0.483857327239E-007    -0.364731770524E-006     0.135830311848E-011
     0.168699355614E-004    -0.278499997367E+003    -0.825883968315E-007    -0.623309294791E-006     0.255187084877E-011
     0.188821307298E-004    -0.278499995609E+003    -0.137455331447E-006    -0.103872845941E-005     0.466021624204E-011
     0.210150574931E-004    -0.278499992833E+003    -0.223851161823E-006    -0.169388796199E-005     0.830456724846E-011
     0.232759597402E-004    -0.278499988521E+003    -0.357717565980E-006    -0.271069615410E-005     0.144863203250E-010
     0.256725159928E-004    -0.278499981916E+003    -0.562229189065E-006    -0.426678885409E-005     0.248003112804E-010
     0.282128654833E-004    -0.278499971920E+003    -0.870798644409E-006    -0.661890829499E-005     0.417595439333E-010
     0.309056357980E-004    -0.278499956959E+003    -0.133124516442E-005    -0.101354493928E-004     0.692863939843E-010
     0.337599721774E-004    -0.278499934781E+003    -0.201155170178E-005    -0.153415780123E-004     0.113451229685E-009
     0.367855685763E-004    -0.278499902192E+003    -0.300778259931E-005    -0.229815300583E-004     0.183577053776E-009
     0.399927005860E-004    -0.278499854681E+003    -0.445492828142E-005    -0.341043089781E-004     0.293883293892E-009
     0.433922603327E-004    -0.278499785908E+003    -0.654169973038E-005    -0.501811354644E-004     0.465920506062E-009
     0.469957934698E-004    -0.278499687002E+003    -0.953062907045E-005    -0.732658273127E-004     0.732160750946E-009
     0.508155383889E-004    -0.278499545607E+003    -0.137852672995E-004    -0.106212994589E-003     0.114127012227E-008
     0.548644677845E-004    -0.278499344577E+003    -0.198068253053E-004    -0.152973766705E-003     0.176582038375E-008
     0.591563327122E-004    -0.278499060219E+003    -0.282833113834E-004    -0.218995013750E-003     0.271352365458E-008
     0.637057092900E-004    -0.278498659905E+003    -0.401551033671E-004    -0.311756018318E-003     0.414353569553E-008
     0.685280482021E-004    -0.278498098884E+003    -0.567019874364E-004    -0.441486679460E-003     0.629002154813E-008
     0.736397271730E-004    -0.278497315995E+003    -0.796580247014E-004    -0.622124003609E-003     0.949608223347E-008
     0.790581065897E-004    -0.278496227979E+003    -0.111362191154E-003    -0.872579289572E-003     0.142623967431E-007
     0.848015884613E-004    -0.278494721936E+003    -0.154954584434E-003    -0.121840747097E-002     0.213166638104E-007
     0.908896789166E-004    -0.278492645386E+003    -0.214630090416E-003    -0.169399291037E-002     0.317122954103E-007
     0.973430544509E-004    -0.278489793275E+003    -0.295963710111E-003    -0.234539280207E-002     0.469680286479E-007
     0.104183632148E-003    -0.278485891057E+003    -0.406324178646E-003    -0.323401030407E-002     0.692644527493E-007
     0.111434644115E-003    -0.278480572852E+003    -0.555394916876E-003    -0.444130434548E-002     0.101719230478E-006
     0.119120716386E-003    -0.278473353424E+003    -0.755823519521E-003    -0.607478107861E-002     0.148770446045E-006
     0.127267952553E-003    -0.278463592528E+003    -0.102402258664E-002    -0.827555191803E-002     0.216707542481E-006
     0.135904022424E-003    -0.278450449901E+003    -0.138114531936E-002    -0.112277830765E-001     0.314402326718E-006
     0.145058255993E-003    -0.278432828947E+003    -0.185425838662E-002    -0.151703986988E-001     0.454309228202E-006
     0.154761743052E-003    -0.278409306914E+003    -0.247773146468E-002    -0.204114304917E-001     0.653825204020E-006
     0.165047438780E-003    -0.278378049182E+003    -0.329485678541E-002    -0.273454267209E-001     0.937126286423E-006
     0.175950275662E-003    -0.278336705160E+003    -0.435970212742E-002    -0.364743375088E-001     0.133763073190E-005
     0.187507282134E-003    -0.278282283257E+003    -0.573918599415E-002    -0.484322759594E-001     0.190127905488E-005
     0.199757708333E-003    -0.278211002591E+003    -0.751534323551E-002    -0.640145100879E-001     0.269086990386E-005
     0.212743159403E-003    -0.278118119450E+003    -0.978772207568E-002    -0.842109634840E-001     0.379174868182E-005
     0.226507736794E-003    -0.277997727238E+003    -0.126758184643E-001    -0.110244388667E+000     0.531921380176E-005
     0.241098188040E-003    -0.277842529734E+003    -0.163214100747E-001    -0.143613223563E+000     0.742808405115E-005
     0.256564065527E-003    -0.277643589050E+003    -0.208905996376E-001    -0.186138948747E+000     0.103249599652E-004
     0.272957894778E-003    -0.277390051859E+003    -0.265753158946E-001    -0.240017536627E+000     0.142838122836E-004
     0.290335352846E-003    -0.277068860145E+003    -0.335939531735E-001    -0.307874341349E+000     0.196656411716E-004
     0.308755457403E-003    -0.276664455866E+003    -0.421907716149E-001    -0.392821578762E+000     0.269430711758E-004
     0.328280767180E-003    -0.276158491180E+003    -0.526337194908E-001    -0.498517669404E+000     0.367308847162E-004
     0.348977594427E-003    -0.275529539316E+003    -0.652112904762E-001    -0.629232300843E+000     0.498237473758E-004
     0.370916230124E-003    -0.274752851477E+003    -0.802252692311E-001    -0.789910738257E+000     0.672424586269E-004
     0.394171182707E-003    -0.273800248560E+003    -0.979758893428E-001    -0.986221012171E+000     0.902898784051E-004
     0.418821431115E-003    -0.272640214035E+003    -0.118739117136E+000    -0.122457236386E+001     0.120617463331E-003
     0.444950693017E-003    -0.271238228580E+003    -0.142736288849E+000    -0.151209869240E+001     0.160303125334E-003
     0.472647709137E-003    -0.269557383200E+003    -0.170095558287E+000    -0.185659943224E+001     0.211940748353E-003
     0.502006544641E-003    -0.267559304798E+003    -0.200804883377E+000    -0.226642614807E+001     0.278741035779E-003
     0.533126908594E-003    -0.265205413707E+003    -0.234657537253E+000    -0.275029914573E+001     0.364642314051E-003
     0.566114492604E-003    -0.262458503159E+003    -0.271193133394E+000    -0.331703565909E+001     0.474428399786E-003
     0.601081329767E-003    -0.259284587036E+003    -0.309639811213E+000    -0.397517066855E+001     0.613848588682E-003
     0.638146175159E-003    -0.255654909640E+003    -0.348866244285E+000    -0.473245440405E+001     0.789732244290E-003
     0.677434909153E-003    -0.251547959524E+003    -0.387354929807E+000    -0.559521857396E+001     0.101008746078E-002
     0.719080964939E-003    -0.246951291543E+003    -0.423210011620E+000    -0.656761793061E+001     0.128417012384E-002
     0.763225781689E-003    -0.241862949112E+003    -0.454212908611E+000    -0.765077647632E+001     0.162250692616E-002
     0.810019284919E-003    -0.236292296088E+003    -0.477936939194E+000    -0.884190012345E+001     0.203685440443E-002
     0.859620395664E-003    -0.230260086976E+003    -0.491930799855E+000    -0.101334680575E+002     0.254007758580E-002
     0.912197570216E-003    -0.223797472552E+003    -0.493962831810E+000    -0.115127436351E+002     0.314594201748E-002
     0.967929372233E-003    -0.216945131273E+003    -0.482249557628E+000    -0.129613593623E+002     0.386880175404E-002
     0.102700507918E-002    -0.209752668033E+003    -0.455690579922E+000    -0.144550393247E+002     0.472316764186E-002
     0.108962532517E-002    -0.202277225022E+003    -0.414140430968E+000    -0.159640492022E+002     0.572317665852E-002
     0.115600278233E-002    -0.194581225260E+003    -0.358639787640E+000    -0.174546534606E+002     0.688201671119E-002
     0.122636288312E-002    -0.186729950693E+003    -0.291502437854E+000    -0.188913918017E+002     0.821137517328E-002
     0.130094458593E-002    -0.178789464276E+003    -0.216194272600E+000    -0.202398109642E+002     0.972098085324E-002
     0.138000118665E-002    -0.170824984614E+003    -0.136990752030E+000    -0.214692442611E+002     0.114183008762E-001
     0.146380117888E-002    -0.162899572764E+003    -0.584558574506E-001    -0.225552240957E+002     0.133084348280E-001
     0.155262916586E-002    -0.155072905786E+003     0.151594377893E-001    -0.234811624891E+002     0.153942196584E-001
     0.164678682697E-002    -0.147399957940E+003     0.804673768394E-001    -0.242390583636E+002     0.176765252776E-001
     0.174659394236E-002    -0.139929550050E+003     0.135314790400E+000    -0.248291706311E+002     0.201546899765E-001
     0.185238947896E-002    -0.132702898934E+003     0.178894446592E+000    -0.252587922482E+002     0.228270244776E-001
     0.196453274170E-002    -0.125752426143E+003     0.211589464997E+000    -0.255404232227E+002     0.256913091566E-001
     0.208340459379E-002    -0.119101103906E+003     0.234621251552E+000    -0.256897297588E+002     0.287452222674E-001
     0.220940875020E-002    -0.112762507239E+003     0.249621448802E+000    -0.257236704729E+002     0.319866642726E-001
     0.234297314879E-002    -0.106741535168E+003     0.258247172172E+000    -0.256590815974E+002     0.354139776465E-001
     0.248455140365E-002    -0.101035446093E+003     0.261891771224E+000    -0.255119449580E+002     0.390261045990E-001
     0.263462434571E-002    -0.956325423585E+002     0.261211334858E+000    -0.252989840771E+002     0.428229999384E-001
     0.279370165569E-002    -0.905218023205E+002     0.257884514531E+000    -0.250311003632E+002     0.468050913686E-001
     0.296232359518E-002    -0.856948140693E+002     0.253248289588E+000    -0.247141773974E+002     0.509726626801E-001
     0.314106284138E-002    -0.811413098475E+002     0.247645928619E+000    -0.243545520671E+002     0.553260019989E-001
     0.333052643213E-002    -0.768471524032E+002     0.241058017696E+000    -0.239605493203E+002     0.598658834466E-001
     0.353135782749E-002    -0.727939089517E+002     0.233007317058E+000    -0.235420013166E+002     0.645940879928E-001
     0.374423909507E-002    -0.689576489216E+002     0.223903985575E+000    -0.231109014107E+002     0.695141968695E-001
     0.396989322653E-002    -0.653319765579E+002     0.215429879612E+000    -0.226629702218E+002     0.746284207772E-001
     0.420908659296E-002    -0.619150801112E+002     0.207991296544E+000    -0.221945280989E+002     0.799374377758E-001
     0.446263154769E-002    -0.586981653586E+002     0.201140812413E+000    -0.217102028743E+002     0.854421864201E-001
     0.473138918520E-002    -0.556677981361E+002     0.194417856709E+000    -0.212169133388E+002     0.911446333175E-001
     0.501627226558E-002    -0.528099670183E+002     0.187458712164E+000    -0.207200350100E+002     0.970476622898E-001
     0.531824831448E-002    -0.501115301881E+002     0.180129560409E+000    -0.202233408793E+002     0.103154869107E+000
     0.563834290904E-002    -0.475602832616E+002     0.172510435877E+000    -0.197296624328E+002     0.109470468812E+000
     0.597764316095E-002    -0.451447605026E+002     0.164680916884E+000    -0.192412816191E+002     0.115999279623E+000
     0.633730140856E-002    -0.428537294128E+002     0.156543338708E+000    -0.187603679181E+002     0.122746835571E+000
     0.671853913045E-002    -0.406739053071E+002     0.147203409363E+000    -0.182904435406E+002     0.129720068423E+000
     0.712265109384E-002    -0.385832722135E+002     0.137921191141E+000    -0.178410398324E+002     0.136930061489E+000
     0.755100975191E-002    -0.366042561827E+002     0.131724570200E+000    -0.173860122943E+002     0.144377724134E+000
     0.800506990496E-002    -0.347409455463E+002     0.126854841739E+000    -0.169268191071E+002     0.152063734041E+000
     0.848637364120E-002    -0.329812138203E+002     0.122183567458E+000    -0.164736303155E+002     0.159992771943E+000
     0.899655557408E-002    -0.313062234408E+002     0.115621552457E+000    -0.160351976249E+002     0.168173852725E+000
     0.953734839373E-002    -0.297172169941E+002     0.111677072178E+000    -0.156038870551E+002     0.176612538921E+000
     0.101105887516E-001    -0.282155188789E+002     0.108087891916E+000    -0.151769156425E+002     0.185312780109E+000
     0.107182234982E-001    -0.267936866131E+002     0.104148326271E+000    -0.147585764815E+002     0.194280827278E+000
     0.113623162948E-001    -0.254428601105E+002     0.100127477155E+000    -0.143514053789E+002     0.203524689074E+000
     0.120450546223E-001    -0.241561083474E+002     0.957719227347E-001    -0.139558343015E+002     0.213053096401E+000
     0.127687572104E-001    -0.229269208354E+002     0.906399550207E-001    -0.135723330186E+002     0.222875647967E+000
     0.135358819124E-001    -0.217433097302E+002     0.836911839238E-001    -0.132050602066E+002     0.233005779289E+000
     0.143490340526E-001    -0.206129379426E+002     0.789189005766E-001    -0.128436199603E+002     0.243449793505E+000
     0.152109752747E-001    -0.195302161090E+002     0.732506911105E-001    -0.124910869239E+002     0.254216561360E+000
     0.161246329208E-001    -0.184836039941E+002     0.692900752429E-001    -0.121523815002E+002     0.265319858116E+000
     0.170931099734E-001    -0.174905685418E+002     0.673415077676E-001    -0.118106836991E+002     0.276758420183E+000
     0.181196955938E-001    -0.165444340836E+002     0.657008232247E-001    -0.114723550889E+002     0.288535968079E+000
     0.192078762926E-001    -0.156320565830E+002     0.633043979646E-001    -0.111411743502E+002     0.300659774675E+000
     0.203613477710E-001    -0.147377141159E+002     0.588094976061E-001    -0.108180897988E+002     0.313138317091E+000
     0.215840274722E-001    -0.138460462256E+002     0.550865292167E-001    -0.105042937588E+002     0.325981880451E+000
     0.228800678855E-001    -0.129805512554E+002     0.541843874804E-001    -0.101735307409E+002     0.339167374445E+000
     0.242538706494E-001    -0.121177650337E+002     0.514820567730E-001    -0.983911383550E+001     0.352684561259E+000
     0.257101015006E-001    -0.112547697379E+002     0.507732197137E-001    -0.948861887521E+001     0.366502378617E+000
     0.272537061195E-001    -0.103727365385E+002     0.491399148003E-001    -0.912371179605E+001     0.380585986555E+000
     0.288899269272E-001    -0.945194899928E+001     0.458897399844E-001    -0.874300098824E+001     0.394891663745E+000
     0.306243208897E-001    -0.847551825733E+001     0.421404289227E-001    -0.834283340377E+001     0.409361608217E+000
     0.324627783907E-001    -0.745987704868E+001     0.395287520414E-001    -0.790435388578E+001     0.423893608620E+000
     0.344115432366E-001    -0.638387419220E+001     0.312491839678E-001    -0.744028776157E+001     0.438393107737E+000
     0.364772338618E-001    -0.527033578944E+001     0.335845295820E-001    -0.693374239368E+001     0.452716242410E+000
     0.386668658063E-001    -0.413820229097E+001     0.320530901117E-001    -0.638987151669E+001     0.466707885234E+000
     0.409878755421E-001    -0.296939428047E+001     0.284888219926E-001    -0.584085356856E+001     0.480264724489E+000
     0.434481457293E-001    -0.180711982419E+001     0.698846539942E-002    -0.529131283729E+001     0.493282795067E+000
     0.460560319869E-001    -0.744328798982E+000     0.318062258890E-001    -0.475037585933E+001     0.505671512673E+000
     0.488203912708E-001     0.226623521997E+000     0.377911362574E-001    -0.459142769186E+001     0.518364298361E+000
     0.517506119535E-001     0.100864218937E+001     0.124714399270E-001    -0.347969344747E+001     0.528560633558E+000
     0.548566457095E-001     0.158574608554E+001    -0.605420992707E-002    -0.290425796032E+001     0.537581376419E+000
     0.581490413132E-001     0.196806276826E+001    -0.951104976941E-002    -0.262454173500E+001     0.546222462828E+000
     0.616389804647E-001     0.215898624992E+001    -0.115913741200E-001    -0.248786608582E+001     0.554905058323E+000
     0.653383157655E-001     0.219358713017E+001    -0.125870118374E-001    -0.246698659049E+001     0.564031387691E+000
     0.692596109728E-001     0.213680833573E+001    -0.820771052922E-002    -0.251100915609E+001     0.573877848461E+000
     0.734161836681E-001     0.205368045149E+001    -0.170895273027E-002    -0.257332957168E+001     0.584574082254E+000
     0.778221504872E-001     0.198009614633E+001     0.269547069519E-002    -0.262741701342E+001     0.596150400527E+000
     0.824924750635E-001     0.192541875917E+001     0.444134486153E-002    -0.266731333587E+001     0.608607636821E+000
     0.874430188470E-001     0.189830566042E+001     0.399563717725E-002    -0.268674200049E+001     0.621908485438E+000
     0.926905949743E-001     0.191152398878E+001     0.491324301010E-002    -0.267573305766E+001     0.635949622026E+000
     0.982530253690E-001     0.197123893081E+001     0.614733584410E-002    -0.263101896017E+001     0.650584521806E+000
     0.104149201269E+000     0.206942518633E+001     0.567438927862E-002    -0.255660273200E+001     0.665658738349E+000
     0.110399147386E+000     0.219817059177E+001     0.374835521981E-002    -0.246095504536E+001     0.681039592620E+000
     0.117024089912E+000     0.233210275046E+001     0.649235227786E-003    -0.236114882435E+001     0.696682068468E+000
     0.124046528610E+000     0.244272656628E+001    -0.484313846882E-002    -0.227972748198E+001     0.712691351086E+000
     0.131490313229E+000     0.250217799447E+001    -0.101130819275E-001    -0.223658273431E+001     0.729340161436E+000
     0.139380724499E+000     0.250786393054E+001    -0.108022367810E-001    -0.223330352362E+001     0.746962050860E+000
     0.147744559993E+000     0.247932743776E+001    -0.630069646226E-002    -0.225433969750E+001     0.765817050882E+000
     0.156610225139E+000     0.244078050257E+001     0.984485064678E-003    -0.228216510195E+001     0.786049964365E+000
     0.166007829686E+000     0.241659115448E+001     0.628390867014E-002    -0.229940326247E+001     0.807658927612E+000
     0.175969289968E+000     0.242535847030E+001     0.981349052608E-002    -0.229218692430E+001     0.830492665878E+000
     0.185969289968E+000     0.245494255468E+001     0.102959619025E-001    -0.226987889504E+001     0.853191688335E+000
     0.195969289968E+000     0.250404821773E+001     0.768355678267E-002    -0.223351756228E+001     0.875526996119E+000
     0.205969289968E+000     0.256603506854E+001     0.431514089992E-002    -0.218766705503E+001     0.897403709227E+000
     0.215969289968E+000     0.263575839162E+001     0.943701001018E-003    -0.213575732217E+001     0.918761284534E+000
     0.225969289968E+000     0.269853015406E+001    -0.253847259331E-002    -0.208949379525E+001     0.939656237906E+000
     0.235969289968E+000     0.273203237984E+001    -0.642639427244E-002    -0.206535662161E+001     0.960309904101E+000
     0.245969289968E+000     0.273008214613E+001    -0.980013526611E-002    -0.206772040483E+001     0.980987340391E+000
     0.255969289968E+000     0.270777222230E+001    -0.109343459507E-001    -0.208484078052E+001     0.100183603493E+001
     0.265969289968E+000     0.268932427618E+001    -0.998415332237E-002    -0.209831969551E+001     0.102281946942E+001
     0.275969289968E+000     0.268854110338E+001    -0.662713350896E-002    -0.209836075958E+001     0.104380318166E+001
     0.285969289968E+000     0.270341745445E+001    -0.182539732481E-002    -0.208628939396E+001     0.106466608359E+001
     0.295969289968E+000     0.272609872848E+001     0.327467939778E-002    -0.206826380426E+001     0.108534874755E+001
     0.305969289968E+000     0.275376279153E+001     0.782405591517E-002    -0.204666701736E+001     0.110581556728E+001
     0.315969289968E+000     0.277690431076E+001     0.114205842946E-001    -0.202886406792E+001     0.112610452939E+001
     0.325969289968E+000     0.278986029707E+001     0.127041309565E-001    -0.201914121435E+001     0.114629634119E+001
     0.335969289968E+000     0.279154475859E+001     0.117624910781E-001    -0.201824008732E+001     0.116647908483E+001
     0.345969289968E+000     0.278374333853E+001     0.955557608031E-002    -0.202448631939E+001     0.118672417353E+001
     0.355969289968E+000     0.277686119651E+001     0.698884435970E-002    -0.203014276292E+001     0.120702572146E+001
     0.365969289968E+000     0.277252295448E+001     0.480600939601E-002    -0.203368218987E+001     0.122736260014E+001
     0.375969289968E+000     0.277947214342E+001     0.330936293812E-002    -0.202875324340E+001     0.124765015957E+001
     0.385969289968E+000     0.279203136789E+001     0.200249237365E-002    -0.201914763290E+001     0.126784164583E+001
     0.395969289968E+000     0.281480874692E+001     0.153645008126E-002    -0.200250743749E+001     0.128786672610E+001
     0.405969289968E+000     0.283611496601E+001     0.105316686426E-002    -0.198651962389E+001     0.130773192513E+001
     0.415969289968E+000     0.285412448354E+001     0.757804251707E-003    -0.197319415937E+001     0.132746386818E+001
     0.425969289968E+000     0.286308561647E+001    -0.249081206166E-003    -0.196687533816E+001     0.134713262171E+001
     0.435969289968E+000     0.286303851866E+001    -0.145054661259E-002    -0.196716999999E+001     0.136680432706E+001
     0.445969289968E+000     0.286106740876E+001    -0.252129298902E-002    -0.196902469207E+001     0.138649459013E+001
     0.455969289968E+000     0.285934049845E+001    -0.330613967418E-002    -0.197043915082E+001     0.140619900937E+001
     0.465969289968E+000     0.286137541124E+001    -0.386022469560E-002    -0.196890257067E+001     0.142588807292E+001
     0.475969289968E+000     0.287028224132E+001    -0.370019906255E-002    -0.196243319966E+001     0.144551243980E+001
     0.485969289968E+000     0.288045055516E+001    -0.289222402034E-002    -0.195434586227E+001     0.146505591982E+001
     0.495969289968E+000     0.289384819683E+001    -0.995096751110E-003    -0.194392994629E+001     0.148449522183E+001
     0.505969289968E+000     0.290973037188E+001     0.128412769940E-002    -0.193156984763E+001     0.150381092458E+001
     0.515969289968E+000     0.292673237929E+001     0.362362995341E-002    -0.191832559105E+001     0.152299421471E+001
     0.525969289968E+000     0.294331190123E+001     0.590483164200E-002    -0.190560025030E+001     0.154205030870E+001
     0.535969289968E+000     0.295593579243E+001     0.764761737268E-002    -0.189599344200E+001     0.156101039736E+001
     0.545969289968E+000     0.296336841487E+001     0.825425541615E-002    -0.189048736053E+001     0.157991545116E+001
     0.555969289968E+000     0.296088586501E+001     0.759706194799E-002    -0.189213235704E+001     0.159883692724E+001
     0.565969289968E+000     0.295689838620E+001     0.667753370178E-002    -0.189576189216E+001     0.161779466377E+001
     0.575969289968E+000     0.295041098663E+001     0.506217620739E-002    -0.190103747903E+001     0.163680510596E+001
     0.585969289968E+000     0.294354173715E+001     0.351736251045E-002    -0.190652814018E+001     0.165587041980E+001
     0.595969289968E+000     0.293795026859E+001     0.207990231126E-002    -0.191097598478E+001     0.167498019097E+001
     0.605969289968E+000     0.293491279099E+001     0.869202902727E-003    -0.191328753122E+001     0.169411306826E+001
     0.615969289968E+000     0.293911357945E+001     0.576063771131E-004    -0.191015736707E+001     0.171321464194E+001
     0.625969289968E+000     0.294569306917E+001    -0.419168703310E-003    -0.190525235352E+001     0.173226716593E+001
     0.635969289968E+000     0.295833106268E+001    -0.296522503462E-003    -0.189590600379E+001     0.175122622620E+001
     0.645969289968E+000     0.297291360121E+001    -0.179241293417E-003    -0.188489833660E+001     0.177007520965E+001
     0.655969289968E+000     0.298816804287E+001     0.976787969289E-005    -0.187362932956E+001     0.178881150295E+001
     0.665969289968E+000     0.300326566196E+001     0.780385512668E-003    -0.186200328088E+001     0.180743153739E+001
     0.675969289968E+000     0.301737858454E+001     0.151386222122E-002    -0.185134733001E+001     0.182594501688E+001
     0.685969289968E+000     0.302770119793E+001     0.220729216199E-002    -0.184359986758E+001     0.184438102877E+001
     0.695969289968E+000     0.303396965302E+001     0.265043069099E-002    -0.183890108702E+001     0.186277005874E+001
     0.705969289968E+000     0.303346889163E+001     0.259612374216E-002    -0.183932960179E+001     0.188116337308E+001
     0.715969289968E+000     0.303215665952E+001     0.243254151363E-002    -0.184049798062E+001     0.189956836896E+001
     0.725969289968E+000     0.302722991765E+001     0.172791049955E-002    -0.184427109852E+001     0.191801108804E+001
     0.735969289968E+000     0.301921505115E+001     0.144338083054E-002    -0.185047709979E+001     0.193651586467E+001
     0.745969289968E+000     0.301309194869E+001     0.856029511805E-003    -0.185521936345E+001     0.195506806028E+001
     0.755969289968E+000     0.300777558951E+001     0.348868696106E-003    -0.185917185113E+001     0.197365977912E+001
