 #        time                      h  [L]            Darcian flow [L.T^{-1}]   in    x         z              directions   cumulative flux
 #-----------------------------------------------------------------------------------------------

     0.100000000000E-005    -0.280000000000E+003     0.000000000000E+000     0.000000000000E+000     0.000000000000E+000
     0.205999994278E-005    -0.280000000000E+003    -0.278323054746E-030    -0.227268021229E-014     0.240904089498E-020
     0.318359982147E-005    -0.280000000000E+003    -0.278323054746E-030    -0.227268021229E-014     0.496262410582E-020
     0.437461562859E-005    -0.280000000000E+003    -0.556646109493E-030    -0.454536042458E-014     0.103762202206E-019
     0.563709231599E-005    -0.280000000000E+003     0.179062943224E-014    -0.796768637314E-014     0.206861323296E-019
     0.697531753239E-005    -0.280000000000E+003     0.358125886448E-014    -0.684465189713E-014     0.310238398098E-019
     0.839383618521E-005    -0.280000000000E+003     0.358125886448E-014    -0.113900123217E-013     0.479606077367E-019
     0.989746587602E-005    -0.280000000000E+003     0.358125886448E-014    -0.113900123217E-013     0.659135807700E-019
     0.114913132622E-004    -0.280000000000E+003     0.358125886448E-014    -0.113900123217E-013     0.849437311581E-019
     0.131807914004E-004    -0.280000000000E+003     0.179062943224E-014    -0.796768637314E-014     0.987407155214E-019
     0.149716381303E-004    -0.280000000000E+003     0.179062943224E-014    -0.102403665854E-013     0.117357896933E-018
     0.168699355614E-004    -0.280000000000E+003     0.179062943224E-014    -0.102403665854E-013     0.137092108165E-018
     0.188821307298E-004    -0.280000000000E+003     0.179062943224E-014    -0.796768637314E-014     0.153524534632E-018
     0.210150574931E-004    -0.280000000000E+003     0.537188829673E-014    -0.102669778457E-013     0.178239626702E-018
     0.232759597402E-004    -0.280000000000E+003     0.537188829673E-014    -0.102669778457E-013     0.204437622882E-018
     0.256725159928E-004    -0.280000000000E+003     0.716251772897E-014    -0.687126315740E-014     0.228224686316E-018
     0.282128654833E-004    -0.280000000000E+003     0.358125886448E-014    -0.911733210942E-014     0.253108594117E-018
     0.309056357980E-004    -0.280000000000E+003     0.358125886448E-014    -0.457197168485E-014     0.268747155368E-018
     0.337599721774E-004    -0.280000000000E+003     0.179062943224E-014    -0.342232594857E-014     0.279771941846E-018
     0.367855685763E-004    -0.280000000000E+003     0.358125886448E-014    -0.684465189713E-014     0.303144487918E-018
     0.399927005860E-004    -0.280000000000E+003     0.179062943224E-014    -0.102403665854E-013     0.336485006368E-018
     0.433922603327E-004    -0.280000000000E+003     0.179062943224E-014    -0.796768637314E-014     0.364247231642E-018
     0.469957934698E-004    -0.280000000000E+003     0.179062943224E-014    -0.569500616086E-014     0.385759886529E-018
     0.508155383889E-004    -0.280000000000E+003    -0.179062943224E-014    -0.566839490059E-014     0.408466351931E-018
     0.548644677845E-004    -0.280000000000E+003     0.179062943224E-014    -0.796768637314E-014     0.441531601074E-018
     0.591563327122E-004    -0.280000000000E+003     0.179062943224E-014    -0.342232594857E-014     0.458108797357E-018
     0.637057092900E-004    -0.280000000000E+003     0.179062943224E-014    -0.342232594857E-014     0.475680624468E-018
     0.685280482021E-004    -0.280000000000E+003    -0.179062943224E-014    -0.339571468830E-014     0.494193150810E-018
     0.736397271730E-004    -0.280000000000E+003    -0.556646109493E-030    -0.454536042458E-014     0.517427574108E-018
     0.790581065897E-004    -0.280000000000E+003     0.179062943224E-014    -0.342232594857E-014     0.538355897958E-018
     0.848015884613E-004    -0.280000000000E+003     0.358125886448E-014    -0.457197168485E-014     0.571711803791E-018
     0.908896789166E-004    -0.280000000000E+003     0.179062943224E-014    -0.342232594857E-014     0.595226865930E-018
     0.973430544509E-004    -0.280000000000E+003    -0.834969164239E-030    -0.681804063687E-014     0.639226242567E-018
     0.104183632148E-003    -0.280000000000E+003    -0.358125886448E-014    -0.451874916431E-014     0.678667680703E-018
     0.111434644115E-003    -0.280000000000E+003    -0.179062943224E-014    -0.566839490059E-014     0.721771305647E-018
     0.119120716386E-003    -0.280000000000E+003    -0.278323054746E-030    -0.227268021229E-014     0.739239290006E-018
     0.127267952553E-003    -0.280000000000E+003     0.358125886448E-014    -0.684465189713E-014     0.802176188246E-018
     0.135904022424E-003    -0.280000000000E+003     0.358125886448E-014    -0.457197168485E-014     0.852331118620E-018
     0.145058255993E-003    -0.280000000000E+003     0.537188829673E-014    -0.572161742113E-014     0.924175285021E-018
     0.154761743052E-003    -0.280000000000E+003     0.537188829673E-014    -0.117625699655E-014     0.977536316172E-018
     0.165047438780E-003    -0.280000000000E+003     0.179062943224E-014    -0.342232594857E-014     0.101726449957E-017
     0.175950275662E-003    -0.280000000000E+003     0.358125886448E-014    -0.229929147256E-014     0.106366520612E-017
     0.187507282134E-003    -0.280000000000E+003     0.537188829673E-014    -0.117625699655E-014     0.112721903771E-017
     0.199757708333E-003    -0.280000000000E+003     0.537188829673E-014    -0.117625699655E-014     0.119458609555E-017
     0.212743159403E-003    -0.280000000000E+003     0.537188829673E-014    -0.117625699655E-014     0.126599517301E-017
     0.226507736794E-003    -0.280000000000E+003     0.716251772897E-014    -0.232590273283E-014     0.136965211367E-017
     0.241098188040E-003    -0.280000000000E+003     0.716251772897E-014    -0.232590273283E-014     0.147952846483E-017
     0.256564065527E-003    -0.280000000000E+003     0.716251772897E-014    -0.459858294512E-014     0.161116900032E-017
     0.272957894778E-003    -0.280000000000E+003     0.358125886448E-014    -0.457197168485E-014     0.170637797581E-017
     0.290335352846E-003    -0.280000000000E+003     0.358125886448E-014    -0.457197168485E-014     0.180729948438E-017
     0.308755457403E-003    -0.280000000000E+003     0.179062943224E-014    -0.796768637314E-014     0.195772575437E-017
     0.328280767180E-003    -0.280000000000E+003    -0.111329221899E-029    -0.909072084915E-014     0.213522489504E-017
     0.348977594427E-003    -0.280000000000E+003    -0.179062943224E-014    -0.794107511288E-014     0.230370651144E-017
     0.370916230124E-003    -0.280000000000E+003    -0.358125886448E-014    -0.679142937660E-014     0.247214741891E-017
     0.394171182707E-003    -0.280000000000E+003    -0.358125886448E-014    -0.906410958888E-014     0.269878897190E-017
     0.418821431115E-003    -0.280000000000E+003    -0.179062943224E-014    -0.102137553252E-013     0.295440046130E-017
     0.444950693017E-003    -0.280000000000E+003    -0.179062943224E-014    -0.794107511288E-014     0.316710457426E-017
     0.472647709137E-003    -0.280000000000E+003    -0.537188829673E-014    -0.101871440649E-013     0.348608365259E-017
     0.502006544641E-003    -0.280000000000E+003    -0.358125886448E-014    -0.906410958888E-014     0.377221332963E-017
     0.533126908594E-003    -0.280000000000E+003    -0.179062943224E-014    -0.794107511288E-014     0.402554729040E-017
     0.566114492604E-003    -0.280000000000E+003    -0.179062943224E-014    -0.124864355375E-013     0.444165846789E-017
     0.601081329767E-003    -0.280000000000E+003    -0.537188829673E-014    -0.124598242772E-013     0.491610627193E-017
     0.638146175159E-003    -0.280000000000E+003    -0.537188829673E-014    -0.124598242772E-013     0.541902091706E-017
     0.677434909153E-003    -0.280000000000E+003    -0.358125886448E-014    -0.136094700135E-013     0.597192256028E-017
     0.719080964939E-003    -0.280000000000E+003    -0.358125886448E-014    -0.113367898012E-013     0.646705233721E-017
     0.763225781689E-003    -0.280000000000E+003    -0.358125886448E-014    -0.113367898012E-013     0.699188987242E-017
     0.810019284919E-003    -0.280000000000E+003    -0.179062943224E-014    -0.102137553252E-013     0.747711650612E-017
     0.859620395664E-003    -0.280000000000E+003    -0.179062943224E-014    -0.794107511288E-014     0.788089217735E-017
     0.912197570216E-003    -0.280000000000E+003    -0.358125886448E-014    -0.906410958888E-014     0.839330657377E-017
     0.967929372233E-003    -0.280000000000E+003    -0.537188829673E-014    -0.101871440649E-013     0.903515473400E-017
     0.102700507918E-002    -0.280000000000E+003    -0.716251772897E-014    -0.903749832862E-014     0.971639276510E-017
     0.108962532517E-002    -0.280000000000E+003    -0.537188829673E-014    -0.791446385261E-014     0.103153773394E-016
     0.115600278233E-002    -0.280000000000E+003    -0.537188829673E-014    -0.791446385261E-014     0.109503009538E-016
     0.122636288312E-002    -0.280000000000E+003    -0.358125886448E-014    -0.679142937660E-014     0.114905131799E-016
     0.130094458593E-002    -0.280000000000E+003    -0.537188829673E-014    -0.336910342803E-014     0.119634343506E-016
     0.138000118665E-002    -0.280000000000E+003    -0.358125886448E-014    -0.224606895202E-014     0.122976319599E-016
     0.146380117888E-002    -0.280000000000E+003    -0.537188829673E-014    -0.109642321574E-014     0.127570770452E-016
     0.155262916586E-002    -0.280000000000E+003    -0.358125886448E-014    -0.451874916431E-014     0.132692419102E-016
     0.164678682697E-002    -0.280000000000E+003    -0.179062943224E-014    -0.339571468830E-014     0.136307047218E-016
     0.174659394236E-002    -0.280000000000E+003    -0.179062943224E-014    -0.112303447601E-014     0.138416630671E-016
     0.185238947896E-002    -0.280000000000E+003    -0.179062943224E-014    -0.112303447601E-014     0.140652789011E-016
     0.196453274170E-002    -0.280000000000E+003    -0.179062943224E-014    -0.112303447601E-014     0.143023116723E-016
     0.208340459379E-002    -0.280000000000E+003    -0.358125886448E-014    -0.224606895202E-014     0.148048211202E-016
     0.220940875020E-002    -0.280000000000E+003    -0.716251772897E-014    -0.221945769175E-014     0.157496645509E-016
     0.234297314879E-002    -0.280000000000E+003    -0.716251772897E-014    -0.221945769175E-014     0.167511985333E-016
     0.248455140365E-002    -0.280000000000E+003    -0.834969164239E-030    -0.681804063687E-014     0.177164848282E-016
     0.263462434571E-002    -0.280000000000E+003    -0.834969164239E-030    -0.681804063687E-014     0.187396882456E-016
     0.279370165569E-002    -0.280000000000E+003    -0.358125886448E-014    -0.906410958888E-014     0.202900473982E-016
     0.296232359518E-002    -0.280000000000E+003    -0.179062943224E-014    -0.794107511288E-014     0.216627069168E-016
     0.314106284138E-002    -0.280000000000E+003    -0.179062943224E-014    -0.102137553252E-013     0.235161488855E-016
     0.333052643213E-002    -0.280000000000E+003    -0.166993832848E-029    -0.136360812737E-013     0.260996898074E-016
     0.353135782749E-002    -0.280000000000E+003     0.179062943224E-014    -0.125130467977E-013     0.286383026643E-016
     0.374423909507E-002    -0.280000000000E+003    -0.139161527373E-029    -0.113634010614E-013     0.310573578863E-016
     0.396989322653E-002    -0.280000000000E+003    -0.194826138323E-029    -0.159087614860E-013     0.346472356420E-016
     0.420908659296E-002    -0.280000000000E+003    -0.179062943224E-014    -0.147591157497E-013     0.382034051713E-016
     0.446263154769E-002    -0.280000000000E+003    -0.358125886448E-014    -0.679142937660E-014     0.401500778290E-016
     0.473138918520E-002    -0.280000000000E+003    -0.179062943224E-014    -0.102137553252E-013     0.429369682033E-016
     0.501627226558E-002    -0.280000000000E+003    -0.179062943224E-014    -0.794107511288E-014     0.452560464512E-016
     0.531824831448E-002    -0.280000000000E+003    -0.358125886448E-014    -0.679142937660E-014     0.475745643579E-016
     0.563834290904E-002    -0.280000000000E+003    -0.716251772897E-014    -0.903749832862E-014     0.512657704835E-016
     0.597764316095E-002    -0.280000000000E+003    -0.537188829673E-014    -0.791446385261E-014     0.545112961716E-016
     0.633730140856E-002    -0.280000000000E+003    -0.834969164239E-030    -0.681804063687E-014     0.569634607192E-016
     0.671853913045E-002    -0.280000000000E+003    -0.556646109493E-030    -0.454536042458E-014     0.586963235726E-016
     0.712265109384E-002    -0.280000000000E+003    -0.556646109493E-030    -0.454536042458E-014     0.605331580981E-016
     0.755100975191E-002    -0.280000000000E+003     0.179062943224E-014    -0.342232594857E-014     0.621876802404E-016
     0.800506990496E-002    -0.280000000000E+003     0.537188829673E-014    -0.344893720884E-014     0.650862898606E-016
     0.848637364120E-002    -0.280000000000E+003     0.716251772897E-014    -0.532225205386E-016     0.685337315763E-016
     0.899655557408E-002    -0.280000000000E+003     0.358125886448E-014    -0.229929147256E-014     0.707049831881E-016
     0.953734839373E-002    -0.280000000000E+003     0.358125886448E-014    -0.457197168485E-014     0.738456972655E-016
     0.101105887516E-001    -0.280000000000E+003     0.537188829673E-014    -0.799429763341E-014     0.793668673158E-016
     0.107182234982E-001    -0.280000000000E+003     0.895314716121E-014    -0.574822868139E-014     0.858318547929E-016
     0.113623162948E-001    -0.280000000000E+003     0.179062943224E-014    -0.796768637314E-014     0.910917856806E-016
     0.120450546223E-001    -0.280000000000E+003     0.537188829673E-014    -0.799429763341E-014     0.976675864843E-016
     0.127687572104E-001    -0.280000000000E+003    -0.278323054746E-030    -0.227268021229E-014     0.993123310359E-016
     0.135358819124E-001    -0.280000000000E+003     0.358125886448E-014    -0.229929147256E-014     0.102577089426E-015
     0.143490340526E-001    -0.280000000000E+003     0.179062943224E-014    -0.796768637314E-014     0.109217629548E-015
     0.152109752747E-001    -0.280000000000E+003    -0.556646109493E-030    -0.454536042458E-014     0.113135463068E-015
     0.161246329208E-001    -0.280000000000E+003     0.358125886448E-014    -0.684465189713E-014     0.120193412183E-015
     0.170931099734E-001    -0.280000000000E+003     0.358125886448E-014    -0.457197168485E-014     0.125817949718E-015
     0.181196955938E-001    -0.280000000000E+003    -0.556646109493E-030    -0.454536042458E-014     0.130484151369E-015
     0.192078762926E-001    -0.280000000000E+003    -0.179062943224E-014    -0.339571468830E-014     0.134661579422E-015
     0.203613477710E-001    -0.280000000000E+003     0.000000000000E+000     0.000000000000E+000     0.134661579422E-015
     0.215840274722E-001    -0.280000000000E+003     0.358125886448E-014    -0.684465189713E-014     0.144106704904E-015
     0.228800678855E-001    -0.280000000000E+003     0.895314716121E-014    -0.574822868139E-014     0.157896049719E-015
     0.242538706494E-001    -0.280000000000E+003     0.179062943224E-014    -0.342232594857E-014     0.163202320642E-015
     0.257101015006E-001    -0.280000000000E+003     0.358125886448E-014    -0.457197168485E-014     0.171659542277E-015
     0.272537061195E-001    -0.280000000000E+003     0.716251772897E-014    -0.232590273283E-014     0.183283969808E-015
     0.288899269272E-001    -0.280000000000E+003     0.716251772897E-014    -0.532225205386E-016     0.195003753894E-015
     0.306243208897E-001    -0.280000000000E+003    -0.111329221899E-029    -0.909072084915E-014     0.210770645250E-015
     0.324627783907E-001    -0.280000000000E+003     0.716251772897E-014    -0.459858294512E-014     0.226418999513E-015
     0.344115432366E-001    -0.280000000000E+003     0.895314716121E-014    -0.347554846911E-014     0.245135085751E-015
     0.364772338618E-001    -0.280000000000E+003     0.716251772897E-014     0.449213790404E-014     0.262599759470E-015
     0.386668658063E-001    -0.280000000000E+003     0.716251772897E-014     0.903749832862E-014     0.287849741768E-015
     0.409878755421E-001    -0.280000000000E+003     0.895314716121E-014     0.101605328046E-013     0.319281670316E-015
     0.434481457293E-001    -0.280000000000E+003     0.834969164239E-030     0.681804063687E-014     0.336055892430E-015
     0.460560319869E-001    -0.280000000091E+003    -0.343281031085E-008     0.146639539181E-008     0.973530057768E-011
     0.488203912708E-001    -0.280000000038E+003    -0.143168343720E-008     0.551179489739E-009     0.139761523425E-010
     0.517506119535E-001    -0.279999997730E+003     0.864074529076E-007    -0.362998470120E-007     0.288604069876E-009
     0.548566457095E-001    -0.279999999093E+003     0.344929880485E-007    -0.129539669103E-007     0.403046619479E-009
     0.581490413132E-001    -0.279999999532E+003     0.167338707942E-007    -0.564171536784E-008     0.461188068477E-009
     0.616389804647E-001    -0.280000179333E+003    -0.689084114735E-005     0.280815153480E-005     0.264300423914E-007
     0.653383157655E-001    -0.280000067734E+003    -0.258487918206E-005     0.929404820650E-006     0.365917021521E-007
     0.692596109728E-001    -0.280000034045E+003    -0.119843971867E-005     0.384495672504E-006     0.415270765798E-007
     0.734161836681E-001    -0.280000020259E+003    -0.614876941112E-006     0.180229128392E-006     0.441903863566E-007
     0.778221504872E-001    -0.280000019153E+003    -0.551936028530E-006     0.176415400737E-006     0.467433990064E-007
     0.824924750635E-001    -0.280000012107E+003    -0.276037848509E-006     0.795814912738E-007     0.480850923637E-007
     0.874430188470E-001    -0.279999999148E+003     0.225007173956E-006    -0.102348093652E-006     0.493088219329E-007
     0.926905949743E-001    -0.280000003794E+003     0.274748623054E-007    -0.142123307184E-007     0.494711458766E-007
     0.982530253690E-001    -0.280000004887E+003    -0.361153060555E-007     0.115588926626E-007     0.496820730121E-007
     0.104149201269E+000    -0.280000004249E+003    -0.280439224612E-007     0.839635145081E-008     0.498546769834E-007
     0.110399147386E+000    -0.280000003741E+003    -0.218365016211E-007     0.621494070953E-008     0.499965739260E-007
     0.117024089912E+000    -0.279999990646E+003     0.490148838581E-006    -0.176966548947E-006     0.534489448359E-007
     0.124046528610E+000    -0.279999994013E+003     0.341501481637E-006    -0.114447089611E-006     0.559782065347E-007
     0.131490313229E+000    -0.279999999895E+003     0.874156925787E-007    -0.242756046678E-007     0.566535349783E-007
     0.139380724499E+000    -0.280000001589E+003     0.681431007578E-008     0.643045704033E-010     0.567073050813E-007
     0.147744559993E+000    -0.280000001522E+003     0.340171600237E-008    -0.105895799022E-008     0.567371031909E-007
     0.156610225139E+000    -0.280000001524E+003    -0.145212883147E-009    -0.610912834115E-009     0.567426702446E-007
     0.166007829686E+000    -0.280000001498E+003    -0.176792423559E-008    -0.349957836314E-009     0.567596068728E-007
     0.175969289968E+000    -0.280000001456E+003    -0.238389180234E-008    -0.238097761351E-009     0.567834720675E-007
     0.185969289968E+000    -0.280000001412E+003    -0.264779297588E-008    -0.163321253902E-009     0.568100003194E-007
     0.195969289968E+000    -0.280000033791E+003    -0.133778074718E-005     0.432635204546E-006     0.708699809301E-007
     0.205969289968E+000    -0.280000009108E+003    -0.307093103218E-006     0.798250728266E-007     0.740429640107E-007
     0.215969289968E+000    -0.280000004367E+003    -0.963812409220E-007     0.213751188219E-007     0.750301944451E-007
     0.225969289968E+000    -0.280000002960E+003    -0.376962800193E-007     0.763065741338E-008     0.754148028772E-007
     0.235969289968E+000    -0.280000002377E+003    -0.179510436937E-007     0.344937806481E-008     0.755975973461E-007
     0.245969289968E+000    -0.280000002052E+003    -0.958300811186E-008     0.161193335437E-008     0.756947736671E-007
     0.255969289968E+000    -0.280000001863E+003    -0.638552236445E-008     0.934727109456E-009     0.757593094019E-007
     0.265969289968E+000    -0.280000005299E+003    -0.151712343514E-006     0.481891949919E-007     0.773511270324E-007
     0.275969289968E+000    -0.279999989164E+003     0.511256762410E-006    -0.168703248191E-006     0.827348456641E-007
     0.285969289968E+000    -0.279999999255E+003     0.884244099781E-007    -0.228126090846E-007     0.836480428725E-007
     0.295969289968E+000    -0.280000000541E+003     0.267160907696E-007    -0.655451262213E-008     0.839231267037E-007
     0.305969289968E+000    -0.280000000869E+003     0.103886803994E-007    -0.297261928814E-008     0.840311827752E-007
     0.315969289968E+000    -0.280000001024E+003     0.313685327073E-008    -0.127460809747E-008     0.840650420047E-007
     0.325969289968E+000    -0.280000011156E+003    -0.414366849385E-006     0.133804116910E-006     0.884193895743E-007
     0.335969289968E+000    -0.280000003511E+003    -0.949024340009E-007     0.243448265265E-007     0.893991417143E-007
     0.345969289968E+000    -0.280000002056E+003    -0.299992543238E-007     0.634576246360E-008     0.897057724305E-007
     0.355969289968E+000    -0.280000001623E+003    -0.118995131791E-007     0.212050461504E-008     0.898266421760E-007
     0.365969289968E+000    -0.280000006513E+003    -0.214652518726E-006     0.685398933368E-007     0.920799380015E-007
     0.375969289968E+000    -0.280000002564E+003    -0.512073149193E-007     0.129133953528E-007     0.926080426200E-007
     0.385969289968E+000    -0.279999950580E+003     0.209043235403E-005    -0.679633523527E-006     0.114589419176E-006
     0.395969289968E+000    -0.280000027359E+003    -0.109729772902E-005     0.384138861766E-006     0.126215359875E-006
     0.405969289968E+000    -0.280000005661E+003    -0.213808336529E-006     0.605998660333E-007     0.128437663826E-006
     0.415969289968E+000    -0.280000002160E+003    -0.545441601075E-007     0.124003538944E-007     0.128997023655E-006
     0.425969289968E+000    -0.280000003426E+003    -0.100993555394E-006     0.303048095578E-007     0.130051446706E-006
     0.435969289968E+000    -0.280000001657E+003    -0.259506126364E-007     0.605429274197E-008     0.130317921613E-006
     0.445969289968E+000    -0.280000001271E+003    -0.920375284453E-008     0.174086477287E-008     0.130411591072E-006
     0.455969289968E+000    -0.280000001544E+003    -0.209049376910E-007     0.606219890852E-008     0.130629252891E-006
     0.465969289968E+000    -0.279999965609E+003     0.145812638453E-005    -0.473373091989E-006     0.145959662663E-006
     0.475969289968E+000    -0.279999992476E+003     0.333537002788E-006    -0.880625245175E-007     0.149409328450E-006
     0.485969289968E+000    -0.279999997619E+003     0.102176717228E-006    -0.236784350362E-007     0.150458173044E-006
     0.495969289968E+000    -0.279999999102E+003     0.380393976998E-007    -0.859122144162E-008     0.150848148026E-006
     0.505969289968E+000    -0.279999999685E+003     0.166099753380E-007    -0.400019574731E-008     0.151018996745E-006
     0.515969289968E+000    -0.279999999973E+003     0.836057595514E-008    -0.223284248305E-008     0.151105532758E-006
     0.525969289968E+000    -0.280000000140E+003     0.474161717341E-008    -0.139178385263E-008     0.151154949350E-006
     0.535969289968E+000    -0.279999997982E+003     0.961650009352E-007    -0.311391652194E-007     0.152165758680E-006
     0.545969289968E+000    -0.279999999773E+003     0.232752818303E-007    -0.623411249993E-008     0.152406715710E-006
     0.555969289968E+000    -0.280000000152E+003     0.796790344670E-008    -0.195931775288E-008     0.152488768383E-006
     0.565969289968E+000    -0.280000000284E+003     0.346157318749E-008    -0.859497827327E-009     0.152524435210E-006
     0.575969289968E+000    -0.280000000350E+003     0.179388121162E-008    -0.465320432828E-009     0.152542967703E-006
     0.585969289968E+000    -0.280000000443E+003    -0.110753474168E-008     0.419622374998E-009     0.152554811334E-006
     0.595969289968E+000    -0.280000000428E+003     0.257546230597E-009    -0.738736221597E-010     0.152557490651E-006
     0.605969289968E+000    -0.280000000438E+003     0.397451689023E-009    -0.110598842248E-009     0.152561616181E-006
     0.615969289968E+000    -0.280000000450E+003     0.347537893704E-009    -0.901067735950E-010     0.152565206471E-006
     0.625969289968E+000    -0.280000000459E+003     0.283338456823E-009    -0.697903649742E-010     0.152568124541E-006
     0.635969289968E+000    -0.280000023845E+003    -0.962423015020E-006     0.311984372134E-006     0.162685398425E-006
     0.645969289968E+000    -0.280000006080E+003    -0.219451871541E-006     0.576385920077E-007     0.164954348208E-006
     0.655969289968E+000    -0.280000002702E+003    -0.678114166594E-007     0.155563095935E-007     0.165650077107E-006
     0.665969289968E+000    -0.280000001716E+003    -0.255673069138E-007     0.561345358402E-008     0.165911839985E-006
     0.675969289968E+000    -0.280000001322E+003    -0.114367912800E-007     0.258304184570E-008     0.166029088567E-006
     0.685969289968E+000    -0.279999997778E+003     0.131776704812E-006    -0.432411208630E-007     0.167415987787E-006
     0.695969289968E+000    -0.279999966535E+003     0.141419417744E-005    -0.456776244358E-006     0.182277312455E-006
     0.705969289968E+000    -0.279999992561E+003     0.322272836397E-006    -0.842894705240E-007     0.185608445835E-006
     0.715969289968E+000    -0.279999997501E+003     0.993352354547E-007    -0.227476192228E-007     0.186627511249E-006
     0.725969289968E+000    -0.279999998158E+003     0.690896503372E-007    -0.185850195406E-007     0.187342967937E-006
     0.735969289968E+000    -0.279999999312E+003     0.236018622619E-007    -0.571651704891E-008     0.187585810782E-006
     0.745969289968E+000    -0.279999999827E+003     0.549646776376E-008    -0.979765207161E-009     0.187641641864E-006
     0.755969289968E+000    -0.279999999924E+003     0.468485064510E-008    -0.124752638128E-008     0.187690122940E-006
