 #        time                      h  [L]            Darcian flow [L.T^{-1}]   in    x         z              directions   cumulative flux
 #-----------------------------------------------------------------------------------------------

     0.100000000000E-005    -0.278500000000E+003    -0.411462106084E-013    -0.355770369187E-009     0.355770371567E-015
     0.205999994278E-005    -0.278499999998E+003     0.111552258759E-011    -0.436800792177E-008     0.498585866969E-014
     0.318359982147E-005    -0.278499999989E+003     0.869613035847E-011    -0.293883040917E-007     0.380065550277E-013
     0.437461562859E-005    -0.278499999947E+003     0.422477471449E-010    -0.143070465319E-006     0.208405748184E-012
     0.563709231599E-005    -0.278499999790E+003     0.159681105573E-009    -0.563012763682E-006     0.919196265628E-012
     0.697531753239E-005    -0.278499999289E+003     0.510780368835E-009    -0.189901044071E-005     0.346050001552E-011
     0.839383618521E-005    -0.278499997856E+003     0.144206483841E-008    -0.568903935240E-005     0.115305087127E-010
     0.989746587602E-005    -0.278499994121E+003     0.368186539937E-008    -0.154983414520E-004     0.348342757359E-010
     0.114913132622E-004    -0.278499985089E+003     0.864208486265E-008    -0.390347443365E-004     0.970497024932E-010
     0.131807914004E-004    -0.278499964593E+003     0.188709930351E-007    -0.920043963297E-004     0.252489121980E-009
     0.149716381303E-004    -0.278499920554E+003     0.386902586445E-007    -0.204812752743E-003     0.619277376998E-009
     0.168699355614E-004    -0.278499830339E+003     0.750131205671E-007    -0.433724762354E-003     0.144261599151E-008
     0.188821307298E-004    -0.278499653169E+003     0.138306386865E-006    -0.878745681749E-003     0.321082382846E-008
     0.210150574931E-004    -0.278499318131E+003     0.243613239528E-006    -0.171126324717E-002     0.686082304445E-008
     0.232759597402E-004    -0.278498705802E+003     0.411470641116E-006    -0.321537134009E-002     0.141304633920E-007
     0.256725159928E-004    -0.278497620919E+003     0.668534017714E-006    -0.584770874514E-002     0.281448264399E-007
     0.282128654833E-004    -0.278495752828E+003     0.104766021108E-005    -0.103214857226E-001     0.543650075723E-007
     0.309056357980E-004    -0.278492619739E+003     0.158724239671E-005    -0.177209795730E-001     0.102083535504E-006
     0.337599721774E-004    -0.278487492165E+003     0.232959536763E-005    -0.296529530357E-001     0.186723038373E-006
     0.367855685763E-004    -0.278479290394E+003     0.331818141932E-005    -0.484409376091E-001     0.333285765106E-006
     0.399927005860E-004    -0.278466450611E+003     0.459324199468E-005    -0.773668499206E-001     0.581411466412E-006
     0.433922603327E-004    -0.278446754524E+003     0.618485412602E-005    -0.120961692611E+000     0.992627968050E-006
     0.469957934698E-004    -0.278417118228E+003     0.810138100767E-005    -0.185342890022E+000     0.166051721460E-005
     0.508155383889E-004    -0.278373337876E+003     0.103097142568E-004    -0.278589977117E+000     0.272465986492E-005
     0.548644677845E-004    -0.278309792614E+003     0.127017436912E-004    -0.411142913915E+000     0.438934849568E-005
     0.591563327122E-004    -0.278219109528E+003     0.150395199924E-004    -0.596198480614E+000     0.694815184539E-005
     0.637057092900E-004    -0.278091801002E+003     0.168700242071E-004    -0.850070535345E+000     0.108154428291E-004
     0.685280482021E-004    -0.277915892002E+003     0.173999016180E-004    -0.119247018066E+001     0.165659381835E-004
     0.736397271730E-004    -0.277676563054E+003     0.153218673813E-004    -0.164665309624E+001     0.249831001883E-004
     0.790581065897E-004    -0.277355843683E+003     0.858888958882E-005    -0.223937466724E+001     0.371168817916E-004
     0.848015884613E-004    -0.276932399804E+003    -0.585886964544E-005    -0.300059064720E+001     0.543507197780E-004
     0.908896789166E-004    -0.276381465816E+003    -0.323961564039E-004    -0.396284325032E+001     0.784768679470E-004
     0.973430544509E-004    -0.275674976094E+003    -0.770068079937E-004    -0.516028135046E+001     0.111778101368E-003
     0.104183632148E-003    -0.274781949123E+003    -0.147510948785E-003    -0.662728041661E+001     0.157112527989E-003
     0.111434644115E-003    -0.273669168323E+003    -0.253644345991E-003    -0.839665448946E+001     0.217996770206E-003
     0.119120716386E-003    -0.272302184654E+003    -0.406894221406E-003    -0.104974901963E+002     0.298681238575E-003
     0.127267952553E-003    -0.270646636565E+003    -0.619996386818E-003    -0.129526820208E+002     0.404209798116E-003
     0.135904022424E-003    -0.268669843653E+003    -0.906022875237E-003    -0.157763075491E+002     0.540455092638E-003
     0.145058255993E-003    -0.266342585425E+003    -0.127704142610E-002    -0.189710468247E+002     0.714120486712E-003
     0.154761743052E-003    -0.263640932591E+003    -0.174240215840E-002    -0.225259122603E+002     0.932700385482E-003
     0.165047438780E-003    -0.260547964644E+003    -0.230678365545E-002    -0.264146003350E+002     0.120439292833E-002
     0.175950275662E-003    -0.257055193811E+003    -0.296818455007E-002    -0.305947847742E+002     0.153796287775E-002
     0.187507282134E-003    -0.253163529210E+003    -0.371606227262E-002    -0.350086240410E+002     0.194255777464E-002
     0.199757708333E-003    -0.248883658118E+003    -0.452981296240E-002    -0.395846418397E+002     0.242748651128E-002
     0.212743159403E-003    -0.244235550254E+003    -0.550075334730E-002    -0.442408944208E+002     0.300197448551E-002
     0.226507736794E-003    -0.239248357344E+003    -0.651578762541E-002    -0.488896506970E+002     0.367491987211E-002
     0.241098188040E-003    -0.233958277991E+003    -0.741080593951E-002    -0.534418643587E+002     0.445466079607E-002
     0.256564065527E-003    -0.228406846501E+003    -0.805270707588E-002    -0.578123937672E+002     0.534878020396E-002
     0.272957894778E-003    -0.222639243109E+003    -0.900207669953E-002    -0.619254292182E+002     0.636397512758E-002
     0.290335352846E-003    -0.216702308767E+003    -0.964227878345E-002    -0.657173757951E+002     0.750597608208E-002
     0.308755457403E-003    -0.210642656894E+003    -0.102062120988E-001    -0.691386612657E+002     0.877951746545E-002
     0.328280767180E-003    -0.204505104758E+003    -0.957969338271E-002    -0.721563870145E+002     0.101883932867E-001
     0.348977594427E-003    -0.198331611602E+003    -0.946585848194E-002    -0.747526166663E+002     0.117355352925E-001
     0.370916230124E-003    -0.192160348191E+003    -0.870789688503E-002    -0.769217329882E+002     0.134230931805E-001
     0.394171182707E-003    -0.186025145001E+003    -0.752992101637E-002    -0.786716047987E+002     0.152525976281E-001
     0.418821431115E-003    -0.179955366838E+003    -0.624663738571E-002    -0.800169564830E+002     0.172250354883E-001
     0.444950693017E-003    -0.173975720607E+003    -0.508040976460E-002    -0.809813136021E+002     0.193410174447E-001
     0.472647709137E-003    -0.168106618892E+003    -0.352468290265E-002    -0.815924868314E+002     0.216008858699E-001
     0.502006544641E-003    -0.162364328294E+003    -0.242309619966E-002    -0.818809405883E+002     0.240048149365E-001
     0.533126908594E-003    -0.156761651487E+003    -0.141022607979E-002    -0.818776336067E+002     0.265528766944E-001
     0.566114492604E-003    -0.151308075666E+003    -0.753407639219E-003    -0.816143907100E+002     0.292451382645E-001
     0.601081329767E-003    -0.146010164178E+003     0.133740403155E-003    -0.811221583100E+002     0.320817235644E-001
     0.638146175159E-003    -0.140872018687E+003     0.584012587127E-003    -0.804306077671E+002     0.350628716061E-001
     0.677434909153E-003    -0.135895986637E+003     0.642065438553E-003    -0.795657923138E+002     0.381889108555E-001
     0.719080964939E-003    -0.131082715797E+003     0.120369305747E-002    -0.785539318455E+002     0.414603722838E-001
     0.763225781689E-003    -0.126431277049E+003     0.110329225858E-002    -0.774177878053E+002     0.448779663400E-001
     0.810019284919E-003    -0.121939861292E+003     0.914560334482E-003    -0.761782514613E+002     0.484426135960E-001
     0.859620395664E-003    -0.117605510289E+003     0.685211983703E-003    -0.748541092290E+002     0.521554605578E-001
     0.912197570216E-003    -0.113425100840E+003     0.772656408318E-003    -0.734611365022E+002     0.560178395546E-001
     0.967929372233E-003    -0.109394222904E+003     0.681505424409E-003    -0.720149804127E+002     0.600313641854E-001
     0.102700507918E-002    -0.105509192541E+003     0.799267176100E-003    -0.705275811546E+002     0.641978309018E-001
     0.108962532517E-002    -0.101765660475E+003     0.767713785635E-003    -0.690101127004E+002     0.685192611348E-001
     0.115600278233E-002    -0.981583284100E+002     0.494978902783E-003    -0.674729485869E+002     0.729979438893E-001
     0.122636288312E-002    -0.946830390510E+002     0.522379207503E-003    -0.659238619639E+002     0.776363534618E-001
     0.130094458593E-002    -0.913351383231E+002     0.461727082851E-003    -0.643703412416E+002     0.824372031225E-001
     0.138000118665E-002    -0.880961293253E+002    -0.187083573102E-002    -0.628299559578E+002     0.874043258658E-001
     0.146380117888E-002    -0.849610202263E+002    -0.655137808581E-002    -0.612921254012E+002     0.925406055278E-001
     0.155262916586E-002    -0.819819912857E+002    -0.192132975012E-002    -0.597403563299E+002     0.978472211244E-001
     0.164678682697E-002    -0.791055603573E+002    -0.113285186347E-002    -0.582181325821E+002     0.103328904324E+000
     0.174659394236E-002    -0.763305072509E+002    -0.900810535478E-003    -0.567179142449E+002     0.108989755736E+000
     0.185238947896E-002    -0.736543013180E+002    -0.704192480410E-003    -0.552401571589E+002     0.114833917805E+000
     0.196453274170E-002    -0.710372406242E+002    -0.324913352364E-002    -0.537897448162E+002     0.120866075302E+000
     0.208340459379E-002    -0.685210479878E+002    -0.290827275318E-002    -0.523548084241E+002     0.127089588355E+000
     0.220940875020E-002    -0.661024600472E+002    -0.299195065631E-002    -0.509414175423E+002     0.133508418710E+000
     0.234297314879E-002    -0.638194765894E+002    -0.165939238006E-002    -0.495575201365E+002     0.140127539086E+000
     0.248455140365E-002    -0.616025531016E+002    -0.184135704936E-002    -0.482117381096E+002     0.146953272836E+000
     0.263462434571E-002    -0.594569054144E+002    -0.205198085400E-002    -0.468953375840E+002     0.153990994123E+000
     0.279370165569E-002    -0.573830933237E+002    -0.261537344234E-002    -0.456077316686E+002     0.161246149403E+000
     0.296232359518E-002    -0.553782125783E+002    -0.270735751184E-002    -0.443476301907E+002     0.168724132831E+000
     0.314106284138E-002    -0.534402723450E+002    -0.319905406482E-002    -0.431148548030E+002     0.176430449500E+000
     0.333052643213E-002    -0.515650594764E+002    -0.435425430133E-002    -0.419095385326E+002     0.184370781200E+000
     0.353135782749E-002    -0.497485758890E+002    -0.367868949715E-002    -0.407284419008E+002     0.192550331051E+000
     0.374423909507E-002    -0.479496793032E+002     0.455052270875E-003    -0.395588219263E+002     0.200971663207E+000
     0.396989322653E-002    -0.462116107005E+002     0.147319956453E-002    -0.384083978446E+002     0.209638676870E+000
     0.420908659296E-002    -0.445563521521E+002    -0.245082155498E-002    -0.372896014017E+002     0.218558102182E+000
     0.446263154769E-002    -0.428757303645E+002    -0.409128724267E-003    -0.361651078175E+002     0.227727582807E+000
     0.473138918520E-002    -0.412191565761E+002    -0.816264429428E-003    -0.350415993244E+002     0.237145280258E+000
     0.501627226558E-002    -0.395747457148E+002    -0.260816094460E-003    -0.339048218537E+002     0.246804190348E+000
     0.531824831448E-002    -0.379113339766E+002    -0.278859042843E-002    -0.327493530154E+002     0.256693710611E+000
     0.563834290904E-002    -0.362096260920E+002    -0.462427915640E-002    -0.315569310656E+002     0.266794913775E+000
     0.597764316095E-002    -0.344491906858E+002    -0.459786105814E-002    -0.303102814164E+002     0.277079200013E+000
     0.633730140856E-002    -0.326020287390E+002    -0.574193450816E-002    -0.289887967356E+002     0.287505260052E+000
     0.671853913045E-002    -0.306420248566E+002    -0.702804021735E-002    -0.275713077585E+002     0.298016482953E+000
     0.712265109384E-002    -0.285382526937E+002    -0.826096270362E-002    -0.260372403339E+002     0.308538443795E+000
     0.755100975191E-002    -0.261362257830E+002    -0.374169108583E-002    -0.243163454758E+002     0.318954561035E+000
     0.800506990496E-002    -0.235489454235E+002    -0.258575363656E-002    -0.224212220689E+002     0.329135144627E+000
     0.848637364120E-002    -0.207267373526E+002    -0.187788361108E-002    -0.203331512567E+002     0.338921566338E+000
     0.899655557408E-002    -0.176524389696E+002    -0.325267752822E-002    -0.180386418878E+002     0.348124555673E+000
     0.953734839373E-002    -0.143828000031E+002    -0.103687598965E-001    -0.155537951613E+002     0.356535938284E+000
     0.101105887516E-001    -0.109136630669E+002    -0.180624731606E-001    -0.129010694999E+002     0.363931359229E+000
     0.107182234982E-001    -0.741716635509E+001    -0.651303863970E-002    -0.102326380816E+002     0.370149066936E+000
     0.113623162948E-001    -0.431703725764E+001    -0.652829608595E-002    -0.781537659548E+001     0.375182896460E+000
     0.120450546223E-001    -0.191499405246E+001    -0.106328918511E-001    -0.592867447088E+001     0.379230636263E+000
     0.127687572104E-001    -0.506440559258E+000     0.206073436489E-002    -0.480915611259E+001     0.382711035307E+000
     0.135358819124E-001     0.137549785406E+000     0.780141939782E-002    -0.430707850178E+001     0.386015107040E+000
     0.143490340526E-001     0.288552060357E+000     0.165983422060E-001    -0.416767201424E+001     0.389404085334E+000
     0.152109752747E-001     0.273466219705E+000     0.442265336635E-001    -0.418005403171E+001     0.393007247875E+000
     0.161246329208E-001     0.260439781578E+000     0.195164109155E-001    -0.419102354190E+001     0.396836450096E+000
     0.170931099734E-001     0.707445219662E-001     0.478310350394E-001    -0.433944094595E+001     0.401039354362E+000
     0.181196955938E-001    -0.266202472463E-001     0.507673405249E-001    -0.442066955836E+001     0.405577849411E+000
     0.192078762926E-001    -0.503134479618E-001     0.276736355298E-001    -0.444786507631E+001     0.410418024019E+000
     0.203613477710E-001    -0.161737586267E+000     0.384754020806E-001    -0.453017208266E+001     0.415643636769E+000
     0.215840274722E-001    -0.174371558742E+000     0.359000902037E-001    -0.454088575809E+001     0.421195859122E+000
     0.228800678855E-001    -0.135818124870E+000     0.168854153765E-001    -0.451437926547E+001     0.427046718018E+000
     0.242538706494E-001    -0.100103042519E+000     0.992467487241E-002    -0.449036255762E+001     0.433215605578E+000
     0.257101015006E-001    -0.291201008406E-001     0.623451782449E-002    -0.443659330417E+001     0.439676316001E+000
     0.272537061195E-001     0.726349047739E-001     0.729236162174E-004    -0.435445634347E+001     0.446397874926E+000
     0.288899269272E-001     0.193769465211E+000    -0.828237689650E-002    -0.425929931497E+001     0.453367042268E+000
     0.306243208897E-001     0.329806804527E+000    -0.140171416174E-001    -0.414990206149E+001     0.460564648406E+000
     0.324627783907E-001     0.458413354587E+000    -0.158900042814E-001    -0.404722330350E+001     0.468005353794E+000
     0.344115432366E-001     0.571802314380E+000    -0.128734469488E-001    -0.395615400440E+001     0.475715008460E+000
     0.364772338618E-001     0.669424090813E+000    -0.811006564807E-002    -0.387738297426E+001     0.483724499641E+000
     0.386668658063E-001     0.752654373259E+000     0.513017918658E-002    -0.381215555685E+001     0.492071724784E+000
     0.409878755421E-001     0.812570323858E+000     0.155575672512E-001    -0.376267212758E+001     0.500804998075E+000
     0.434481457293E-001     0.853227690896E+000     0.154434118941E-001    -0.372825373132E+001     0.509977588273E+000
     0.460560319869E-001     0.899044219666E+000     0.183919615165E-001    -0.369368038127E+001     0.519610405992E+000
     0.488203912708E-001     0.948330178502E+000     0.246151414487E-001    -0.365403381946E+001     0.529711697493E+000
     0.517506119535E-001     0.997023367578E+000     0.211525668556E-001    -0.361158182886E+001     0.540294610773E+000
     0.548566457095E-001     0.104260340294E+001     0.113786787680E-001    -0.357370005456E+001     0.551394700041E+000
     0.581490413132E-001     0.112884960517E+001     0.582066638150E-002    -0.350628302317E+001     0.562938786759E+000
     0.616389804647E-001     0.122607424488E+001    -0.483831261914E-002    -0.342954978074E+001     0.574907718721E+000
     0.653383157655E-001     0.133443013635E+001    -0.163723247908E-001    -0.334468866755E+001     0.587280991816E+000
     0.692596109728E-001     0.144596970768E+001    -0.228959698014E-001    -0.325727733858E+001     0.600054053375E+000
     0.734161836681E-001     0.153117499239E+001    -0.264249221106E-001    -0.318862082295E+001     0.613308242740E+000
     0.778221504872E-001     0.159078004955E+001    -0.245559180238E-001    -0.313947221690E+001     0.627141076274E+000
     0.824924750635E-001     0.163645835297E+001    -0.178300163412E-001    -0.310047212787E+001     0.641621526886E+000
     0.874430188470E-001     0.169691995665E+001    -0.150037396940E-002    -0.305216239040E+001     0.656731392260E+000
     0.926905949743E-001     0.171956558172E+001     0.792294943957E-002    -0.303315253841E+001     0.672648145412E+000
     0.982530253690E-001     0.175269035120E+001     0.191972557813E-001    -0.300614432108E+001     0.689369954911E+000
     0.104149201269E+000     0.176905031220E+001     0.236309362424E-001    -0.299240171457E+001     0.707014231926E+000
     0.110399147386E+000     0.180343847367E+001     0.297982497972E-001    -0.296611064692E+001     0.725553199115E+000
     0.117024089912E+000     0.182762161653E+001     0.279561285916E-001    -0.294454282899E+001     0.745061505304E+000
     0.124046528610E+000     0.187278951095E+001     0.233407240657E-001    -0.290838666395E+001     0.765486130063E+000
     0.131490313229E+000     0.191274061846E+001     0.141173998178E-001    -0.287725994872E+001     0.786904091218E+000
     0.139380724499E+000     0.196258474736E+001     0.245711044446E-003    -0.283828105504E+001     0.809299296125E+000
     0.147744559993E+000     0.202566029799E+001    -0.104624335972E-001    -0.278864070361E+001     0.832623192376E+000
     0.156610225139E+000     0.209772205384E+001    -0.161965488649E-001    -0.273239817142E+001     0.856848145185E+000
     0.166007829686E+000     0.218591387101E+001    -0.151915680118E-001    -0.266154316955E+001     0.881860682810E+000
     0.175969289968E+000     0.221855110296E+001    -0.124092239635E-001    -0.263377284889E+001     0.908097197643E+000
     0.185969289968E+000     0.225485137157E+001    -0.567365796303E-002    -0.260412157307E+001     0.934138475180E+000
     0.195969289968E+000     0.226233283222E+001     0.954174357286E-002    -0.259790062282E+001     0.960117656636E+000
     0.205969289968E+000     0.229769677300E+001     0.146459214118E-001    -0.256851425690E+001     0.985803216764E+000
     0.215969289968E+000     0.231510327874E+001     0.135925063305E-001    -0.255355739193E+001     0.101133915244E+001
     0.225969289968E+000     0.233709902849E+001     0.133178787296E-001    -0.253649409655E+001     0.103670444303E+001
     0.235969289968E+000     0.236200664400E+001     0.139874062277E-001    -0.251688633442E+001     0.106187369504E+001
     0.245969289968E+000     0.237668547277E+001     0.104121414302E-001    -0.250508479448E+001     0.108692475937E+001
     0.255969289968E+000     0.239907247661E+001     0.720267234541E-002    -0.248775081843E+001     0.111180237183E+001
     0.265969289968E+000     0.242507878390E+001     0.416049801907E-002    -0.246759704705E+001     0.113647837737E+001
     0.275969289968E+000     0.244706825144E+001     0.908868635176E-003    -0.244977321295E+001     0.116097611119E+001
     0.285969289968E+000     0.247260660174E+001    -0.410966702144E-003    -0.243003318108E+001     0.118527644334E+001
     0.295969289968E+000     0.249516777648E+001    -0.131000914174E-002    -0.241187830635E+001     0.120939522997E+001
     0.305969289968E+000     0.251215645674E+001    -0.216717759337E-002    -0.239830775663E+001     0.123337831732E+001
     0.315969289968E+000     0.252633434591E+001    -0.322325102175E-002    -0.238679544918E+001     0.125724629358E+001
     0.325969289968E+000     0.254131667071E+001    -0.404010675754E-002    -0.237497788768E+001     0.128099610682E+001
     0.335969289968E+000     0.255881045858E+001    -0.440136389196E-002    -0.236077160849E+001     0.130460386393E+001
     0.345969289968E+000     0.257869999876E+001    -0.404215665848E-002    -0.234502118526E+001     0.132805411062E+001
     0.355969289968E+000     0.260099616983E+001    -0.307175966111E-002    -0.232640403318E+001     0.135131817123E+001
     0.365969289968E+000     0.262488050555E+001    -0.191294149882E-002    -0.230721458803E+001     0.137439032505E+001
     0.375969289968E+000     0.264218645857E+001    -0.266361342818E-002    -0.229293476145E+001     0.139731968813E+001
     0.385969289968E+000     0.266071621576E+001    -0.656549581615E-003    -0.227741771347E+001     0.142009386621E+001
     0.395969289968E+000     0.267651933228E+001     0.485152285367E-002    -0.226514123925E+001     0.144274533056E+001
     0.405969289968E+000     0.268513228538E+001     0.438089354904E-002    -0.225854057600E+001     0.146533077881E+001
     0.415969289968E+000     0.269184835938E+001     0.437210878577E-002    -0.225303389005E+001     0.148786116013E+001
     0.425969289968E+000     0.269522671527E+001     0.585086170777E-002    -0.225050775829E+001     0.151036631377E+001
     0.435969289968E+000     0.270009403777E+001     0.428681273632E-002    -0.224696514830E+001     0.153283600614E+001
     0.445969289968E+000     0.270578780350E+001     0.568175126247E-002    -0.224245740510E+001     0.155526065217E+001
     0.455969289968E+000     0.270293406200E+001     0.237468408607E-002    -0.224509372703E+001     0.157771160200E+001
     0.465969289968E+000     0.270968316632E+001     0.250343514733E-002    -0.224019201773E+001     0.160011353617E+001
     0.475969289968E+000     0.271543757841E+001     0.310218015284E-003    -0.223566201366E+001     0.162247015652E+001
     0.485969289968E+000     0.273059278786E+001     0.612892331729E-003    -0.222392564006E+001     0.164470941377E+001
     0.495969289968E+000     0.274678655574E+001    -0.147478754519E-003    -0.221103396829E+001     0.166681975350E+001
     0.505969289968E+000     0.275753397999E+001    -0.262892465530E-002    -0.220160056298E+001     0.168883577482E+001
     0.515969289968E+000     0.277027738071E+001    -0.283498901170E-002    -0.219130849829E+001     0.171074887814E+001
     0.525969289968E+000     0.278796851510E+001    -0.182362432081E-002    -0.217618950387E+001     0.173251078082E+001
     0.535969289968E+000     0.280506316969E+001    -0.474786399820E-003    -0.216282756280E+001     0.175413905697E+001
     0.545969289968E+000     0.281702147210E+001    -0.618353557669E-003    -0.215331618865E+001     0.177567221975E+001
     0.555969289968E+000     0.282857292353E+001     0.629549045308E-003    -0.214401211734E+001     0.179711234185E+001
     0.565969289968E+000     0.283169198974E+001    -0.654734677439E-003    -0.214066011148E+001     0.181851894396E+001
     0.575969289968E+000     0.283633267160E+001    -0.272753541655E-002    -0.213685836465E+001     0.183988754502E+001
     0.585969289968E+000     0.284248805185E+001    -0.251177914390E-002    -0.213201155858E+001     0.186120767540E+001
     0.595969289968E+000     0.285163196498E+001    -0.285325023172E-002    -0.212633407386E+001     0.188247103528E+001
     0.605969289968E+000     0.285643993811E+001    -0.992411791911E-003    -0.212149605266E+001     0.190368599813E+001
     0.615969289968E+000     0.286778094924E+001    -0.190303732773E-002    -0.211244745211E+001     0.192481048122E+001
     0.625969289968E+000     0.287528997532E+001    -0.540538854225E-003    -0.210579449317E+001     0.194586842685E+001
     0.635969289968E+000     0.288784585692E+001     0.358347283377E-004    -0.209611156213E+001     0.196682954247E+001
     0.645969289968E+000     0.289354197451E+001     0.314895277100E-003    -0.209126036256E+001     0.198774214633E+001
     0.655969289968E+000     0.289917946428E+001     0.324360442969E-003    -0.208630700301E+001     0.200860521661E+001
     0.665969289968E+000     0.290165149117E+001     0.261913708026E-003    -0.208463693639E+001     0.202945158614E+001
     0.675969289968E+000     0.290557782748E+001     0.756544159625E-003    -0.208203859219E+001     0.205027197344E+001
     0.685969289968E+000     0.292898006796E+001     0.536896881452E-003    -0.206559070808E+001     0.207092788122E+001
     0.695969289968E+000     0.292630771511E+001     0.101352888830E-002    -0.206717148202E+001     0.209159959852E+001
     0.705969289968E+000     0.291975156866E+001     0.236435142076E-003    -0.207194495064E+001     0.211231904816E+001
     0.715969289968E+000     0.293372499204E+001    -0.754016215697E-003    -0.206140270314E+001     0.213293307657E+001
     0.725969289968E+000     0.293101890703E+001     0.175952321820E-004    -0.206296194308E+001     0.215356269601E+001
     0.735969289968E+000     0.292938475190E+001     0.481423034098E-003    -0.206379978731E+001     0.217420069444E+001
     0.745969289968E+000     0.292912437177E+001     0.591597600214E-004    -0.206343509472E+001     0.219483504540E+001
     0.755969289968E+000     0.293670871295E+001    -0.482301860918E-004    -0.205748745289E+001     0.221540991993E+001
