 #        time                      h  [L]            Darcian flow [L.T^{-1}]   in    x         z              directions   cumulative flux
 #-----------------------------------------------------------------------------------------------

     0.100000000000E-005    -0.280000000000E+003     0.000000000000E+000     0.000000000000E+000     0.000000000000E+000
     0.205999994278E-005    -0.280000000000E+003     0.126487952090E-013     0.878358040107E-014     0.163234245372E-019
     0.318359982147E-005    -0.280000000000E+003     0.252975904180E-013     0.175671608021E-013     0.509290826879E-019
     0.437461562859E-005    -0.280000000000E+003     0.379463856271E-013     0.421598141362E-013     0.118485805983E-018
     0.563709231599E-005    -0.280000000000E+003     0.379463856271E-013     0.421598141362E-013     0.190095928811E-018
     0.697531753239E-005    -0.280000000000E+003     0.379463856271E-013     0.579688870692E-013     0.282813982414E-018
     0.839383618521E-005    -0.280000000000E+003     0.505951808361E-013     0.667524674703E-013     0.401629330331E-018
     0.989746587602E-005    -0.280000000000E+003     0.632439760451E-013     0.281088290723E-013     0.505694266776E-018
     0.114913132622E-004    -0.280000000000E+003     0.505951808361E-013     0.351343216043E-013     0.603871809935E-018
     0.131807914004E-004    -0.280000000000E+003     0.632439760451E-013     0.281088290723E-013     0.720799159901E-018
     0.149716381303E-004    -0.280000000000E+003     0.632439760451E-013     0.122997561394E-013     0.836181463560E-018
     0.168699355614E-004    -0.280000000000E+003     0.505951808361E-013     0.193252486713E-013     0.938993812525E-018
     0.188821307298E-004    -0.280000000000E+003     0.632439760451E-013    -0.193183897266E-013     0.107205759810E-017
     0.210150574931E-004    -0.280000000000E+003     0.632439760451E-013    -0.193183897266E-013     0.121310520319E-017
     0.232759597402E-004    -0.280000000000E+003     0.505951808361E-013     0.351617573828E-014     0.132777186673E-017
     0.256725159928E-004    -0.280000000000E+003     0.632439760451E-013     0.122997561394E-013     0.148217937502E-017
     0.282128654833E-004    -0.280000000000E+003     0.632439760451E-013     0.122997561394E-013     0.164585132496E-017
     0.309056357980E-004    -0.280000000000E+003     0.758927712541E-013     0.368924094734E-013     0.187307970098E-017
     0.337599721774E-004    -0.280000000000E+003     0.758927712541E-013     0.210833365404E-013     0.209790684349E-017
     0.367855685763E-004    -0.280000000000E+003     0.758927712541E-013     0.527426360743E-014     0.232808157444E-017
     0.399927005860E-004    -0.280000000000E+003     0.632439760451E-013     0.122997561394E-013     0.253471359562E-017
     0.433922603327E-004    -0.280000000000E+003     0.632439760451E-013     0.122997561394E-013     0.275374352625E-017
     0.469957934698E-004    -0.280000000000E+003     0.758927712541E-013     0.527426360743E-014     0.302788526921E-017
     0.508155383889E-004    -0.280000000000E+003     0.632439760451E-013    -0.193183897266E-013     0.328047991154E-017
     0.548644677845E-004    -0.280000000000E+003     0.632439760451E-013    -0.193183897266E-013     0.354823021796E-017
     0.591563327122E-004    -0.280000000000E+003     0.505951808361E-013    -0.281019701277E-013     0.379662477141E-017
     0.637057092900E-004    -0.280000000000E+003     0.505951808361E-013    -0.439110430607E-013     0.410140081618E-017
     0.685280482021E-004    -0.280000000000E+003     0.379463856271E-013    -0.368855505288E-013     0.435659651371E-017
     0.736397271730E-004    -0.280000000000E+003     0.505951808361E-013    -0.597201159937E-013     0.475669323272E-017
     0.790581065897E-004    -0.280000000000E+003     0.126487952090E-013    -0.702617842639E-013     0.514351810359E-017
     0.848015884613E-004    -0.280000000000E+003     0.252975904180E-013    -0.772872767958E-013     0.561059036803E-017
     0.908896789166E-004    -0.280000000000E+003     0.252975904180E-013    -0.614782038628E-013     0.601532420527E-017
     0.973430544509E-004    -0.280000000000E+003     0.126487952090E-013    -0.702617842639E-013     0.647603874105E-017
     0.104183632148E-003    -0.280000000000E+003     0.252975904180E-013    -0.930963497288E-013     0.713596478311E-017
     0.111434644115E-003    -0.280000000000E+003     0.126487952090E-013    -0.544527113309E-013     0.754131449812E-017
     0.119120716386E-003    -0.280000000000E+003     0.252975904180E-013    -0.456691309298E-013     0.794258618682E-017
     0.127267952553E-003    -0.280000000000E+003     0.505951808361E-013    -0.597201159937E-013     0.858027929666E-017
     0.135904022424E-003    -0.280000000000E+003     0.632439760451E-013    -0.667456085256E-013     0.937436471268E-017
     0.145058255993E-003    -0.280000000000E+003     0.758927712541E-013    -0.579620281245E-013     0.102485489379E-016
     0.154761743052E-003    -0.280000000000E+003     0.632439760451E-013    -0.667456085256E-013     0.111407832150E-016
     0.165047438780E-003    -0.280000000000E+003     0.758927712541E-013    -0.579620281245E-013     0.121230165045E-016
     0.175950275662E-003    -0.280000000000E+003     0.885415664632E-013    -0.966056665225E-013     0.135517567895E-016
     0.187507282134E-003    -0.280000000000E+003     0.758927712541E-013    -0.121198319857E-012     0.152043984294E-016
     0.199757708333E-003    -0.280000000000E+003     0.632439760451E-013    -0.983637543916E-013     0.166369771539E-016
     0.212743159403E-003    -0.280000000000E+003     0.632439760451E-013    -0.129981900258E-012     0.185140417313E-016
     0.226507736794E-003    -0.280000000000E+003     0.632439760451E-013    -0.129981900258E-012     0.205037300760E-016
     0.241098188040E-003    -0.280000000000E+003     0.758927712541E-013    -0.152816465722E-012     0.229932127494E-016
     0.256564065527E-003    -0.280000000000E+003     0.632439760451E-013    -0.145790973191E-012     0.254510131141E-016
     0.272957894778E-003    -0.280000000000E+003     0.632439760451E-013    -0.145790973191E-012     0.280562813600E-016
     0.290335352846E-003    -0.280000000000E+003     0.632439760451E-013    -0.145790973191E-012     0.308178655516E-016
     0.308755457403E-003    -0.280000000000E+003     0.101190361672E-012    -0.878220861214E-013     0.332858989251E-016
     0.328280767180E-003    -0.280000000000E+003     0.126487952090E-012    -0.117682144118E-012     0.366592198003E-016
     0.348977594427E-003    -0.280000000000E+003     0.113839156881E-012    -0.110656651586E-012     0.399450161920E-016
     0.370916230124E-003    -0.280000000000E+003     0.101190361672E-012    -0.119440231987E-012     0.433793383441E-016
     0.394171182707E-003    -0.280000000000E+003     0.885415664632E-013    -0.112414739455E-012     0.467070467059E-016
     0.418821431115E-003    -0.280000000000E+003     0.758927712541E-013    -0.105389246924E-012     0.499084114024E-016
     0.444950693017E-003    -0.280000000000E+003     0.101190361672E-012    -0.119440231987E-012     0.539987433723E-016
     0.472647709137E-003    -0.280000000000E+003     0.885415664632E-013    -0.112414739455E-012     0.579620966327E-016
     0.502006544641E-003    -0.280000000000E+003     0.885415664632E-013    -0.128223812388E-012     0.625368923740E-016
     0.533126908594E-003    -0.280000000000E+003     0.758927712541E-013    -0.105389246924E-012     0.665785406712E-016
     0.566114492604E-003    -0.280000000000E+003     0.632439760451E-013    -0.983637543916E-013     0.704361461339E-016
     0.601081329767E-003    -0.280000000000E+003     0.758927712541E-013    -0.895801739905E-013     0.745414851731E-016
     0.638146175159E-003    -0.280000000000E+003     0.632439760451E-013    -0.825546814586E-013     0.783960644256E-016
     0.677434909153E-003    -0.280000000000E+003    -0.968026528244E-029    -0.790453646650E-013     0.815016567314E-016
     0.719080964939E-003    -0.280000000000E+003     0.126487952090E-013    -0.860708571969E-013     0.851246683885E-016
     0.763225781689E-003    -0.280000000000E+003     0.252975904180E-013    -0.772872767958E-013     0.887146195686E-016
     0.810019284919E-003    -0.280000000000E+003     0.379463856271E-013    -0.685036963948E-013     0.923790870755E-016
     0.859620395664E-003    -0.280000000000E+003     0.252975904180E-013    -0.614782038628E-013     0.956765492323E-016
     0.912197570216E-003    -0.280000000000E+003     0.252975904180E-013    -0.456691309298E-013     0.984214793965E-016
     0.967929372233E-003    -0.280000000000E+003    -0.126487952090E-013     0.702549253192E-014     0.992278582264E-016
     0.102700507918E-002    -0.280000000000E+003    -0.126487952090E-013     0.386436383979E-013     0.101629939824E-015
     0.108962532517E-002    -0.280000000000E+003    -0.126487952090E-013     0.860708571969E-013     0.107077607722E-015
     0.115600278233E-002    -0.280000000000E+003    -0.252975904180E-013     0.930963497288E-013     0.113481191531E-015
     0.122636288312E-002    -0.280000000000E+003    -0.632439760451E-013     0.825546814586E-013     0.120798329424E-015
     0.130094458593E-002    -0.280000000000E+003    -0.126487952090E-013     0.544527113309E-013     0.124967633256E-015
     0.138000118665E-002    -0.280000000000E+003    -0.126487952090E-013     0.386436383979E-013     0.128182159421E-015
     0.146380117888E-002    -0.280000000000E+003    -0.632439760451E-013     0.351274626596E-013     0.134244635175E-015
     0.155262916586E-002    -0.280000000000E+003    -0.379463856271E-013    -0.105416682702E-013     0.137742986426E-015
     0.164678682697E-002    -0.280000000000E+003    -0.252975904180E-013    -0.175808786914E-014     0.140130693559E-015
     0.174659394236E-002    -0.280000000000E+003     0.379463856271E-013    -0.526740466278E-014     0.143954327120E-015
     0.185238947896E-002    -0.280000000000E+003     0.126487952090E-013    -0.702617842639E-013     0.151507202553E-015
     0.196453274170E-002    -0.280000000000E+003    -0.252975904180E-013    -0.491853066681E-013     0.157709812326E-015
     0.208340459379E-002    -0.280000000000E+003    -0.505951808361E-013    -0.983706133362E-013     0.170859344333E-015
     0.220940875020E-002    -0.280000000000E+003    -0.580815916946E-029    -0.474272187990E-013     0.176835371029E-015
     0.234297314879E-002    -0.280000000000E+003    -0.580815916946E-029    -0.474272187990E-013     0.183169958984E-015
     0.248455140365E-002    -0.280000000000E+003     0.126487952090E-013    -0.386436383979E-013     0.188926682656E-015
     0.263462434571E-002    -0.280000000000E+003    -0.379463856271E-013    -0.421598141362E-013     0.197439110585E-015
     0.279370165569E-002    -0.280000000000E+003    -0.580815916946E-029    -0.474272187990E-013     0.204983704971E-015
     0.296232359518E-002    -0.280000000000E+003     0.379463856271E-013     0.579688870692E-013     0.216666565100E-015
     0.314106284138E-002    -0.280000000000E+003     0.139136747299E-012     0.175740197468E-013     0.241733354011E-015
     0.333052643213E-002    -0.280000000000E+003     0.758927712541E-013    -0.105348093256E-013     0.256250141544E-015
     0.353135782749E-002    -0.280000000000E+003    -0.252975904180E-013    -0.175671608021E-013     0.262435530796E-015
     0.374423909507E-002    -0.280000000000E+003    -0.193605305649E-029    -0.158090729330E-013     0.265800986281E-015
     0.396989322653E-002    -0.280000000000E+003     0.505951808361E-013    -0.122928971947E-013     0.277550152787E-015
     0.420908659296E-002    -0.280000000000E+003    -0.379463856271E-013    -0.421598141362E-013     0.291117663792E-015
     0.446263154769E-002    -0.280000000000E+003    -0.193605305649E-029    -0.158090729330E-013     0.295125974473E-015
     0.473138918520E-002    -0.280000000000E+003    -0.505951808361E-013     0.281019701277E-013     0.310680502512E-015
     0.501627226558E-002    -0.280000000000E+003    -0.632439760451E-013     0.351274626596E-013     0.331290251051E-015
     0.531824831448E-002    -0.280000000000E+003    -0.252975904180E-013    -0.175808786914E-014     0.338947943027E-015
     0.563834290904E-002    -0.280000000000E+003     0.126487952090E-013     0.878358040107E-014     0.343877226274E-015
     0.597764316095E-002    -0.280000000000E+003    -0.885415664632E-013    -0.140578440085E-013     0.374295701014E-015
     0.633730140856E-002    -0.280000000000E+003    -0.505951808361E-013    -0.667524674703E-013     0.404420733023E-015
     0.671853913045E-002    -0.280000000000E+003    -0.379463856271E-013    -0.421598141362E-013     0.426045274975E-015
     0.712265109384E-002    -0.280000000000E+003     0.126487952090E-013    -0.228345654649E-013     0.436594140785E-015
     0.755100975191E-002    -0.280000000000E+003    -0.113839156881E-012    -0.685894464441E-017     0.485358129351E-015
     0.800506990496E-002    -0.280000000000E+003    -0.505951808361E-013     0.913382618597E-013     0.532768946728E-015
     0.848637364120E-002    -0.280000000000E+003    -0.101190361672E-012    -0.228414244096E-013     0.582697615564E-015
     0.899655557408E-002    -0.280000000000E+003    -0.379463856271E-013    -0.421598141362E-013     0.611636122899E-015
     0.953734839373E-002    -0.280000000000E+003    -0.632439760451E-013    -0.281088290723E-013     0.649063935579E-015
     0.101105887516E-001    -0.280000000143E+003    -0.387478259164E-007     0.138461093926E-007     0.235880009809E-010
     0.107182234982E-001    -0.280000000057E+003    -0.154415606458E-007     0.492589869996E-008     0.334366763388E-010
     0.113623162948E-001    -0.280000000053E+003    -0.139035556905E-007     0.449738632080E-008     0.428487068674E-010
     0.120450546223E-001    -0.280000000011E+003    -0.198708778086E-008     0.376260927404E-009     0.442294748987E-010
     0.127687572104E-001    -0.279999997203E+003     0.766397265451E-006    -0.274725209030E-006     0.633431264319E-009
     0.135358819124E-001    -0.279999998965E+003     0.279629649078E-006    -0.890127265161E-007     0.858548064765E-009
     0.143490340526E-001    -0.279999999496E+003     0.124737498242E-006    -0.383490931270E-007     0.964663940553E-009
     0.152109752747E-001    -0.279999999701E+003     0.654690256951E-007    -0.225822952593E-007     0.102435704738E-008
     0.161246329208E-001    -0.279999999593E+003     0.979935685876E-007    -0.348786947821E-007     0.111939177377E-008
     0.170931099734E-001    -0.279999999827E+003     0.366734109047E-007    -0.165601094440E-007     0.115836231192E-008
     0.181196955938E-001    -0.279999999800E+003     0.492083669719E-007    -0.212327445162E-007     0.121338091164E-008
     0.192078762926E-001    -0.279999987495E+003     0.354574886666E-005    -0.105146710233E-005     0.523787244313E-008
     0.203613477710E-001    -0.279999995760E+003     0.116788386267E-005    -0.303343669457E-006     0.662969249247E-008
     0.215840274722E-001    -0.280000005269E+003    -0.156417547985E-005     0.544915123075E-006     0.865490831769E-008
     0.228800678855E-001    -0.279999947951E+003     0.148720533492E-004    -0.415792378884E-005     0.286688233456E-007
     0.242538706494E-001    -0.279999983944E+003     0.435060479391E-005    -0.102933627323E-005     0.348107043726E-007
     0.257101015006E-001    -0.279999993875E+003     0.127478459855E-005    -0.239309380838E-006     0.366995119943E-007
     0.272537061195E-001    -0.279999995967E+003     0.610609063673E-006    -0.110557940776E-006     0.376573761699E-007
     0.288899269272E-001    -0.279999997090E+003     0.299402564488E-006    -0.439631657016E-007     0.381525179323E-007
     0.306243208897E-001    -0.279999997656E+003     0.168860443796E-006    -0.169962167671E-007     0.384468682513E-007
     0.324627783907E-001    -0.279999997993E+003     0.107289308083E-006    -0.546007602317E-008     0.386443703450E-007
     0.344115432366E-001    -0.280000045623E+003    -0.139194686711E-004     0.346220515370E-005     0.665966474077E-007
     0.364772338618E-001    -0.280000009660E+003    -0.311957381307E-005     0.490696539604E-006     0.731199544526E-007
     0.386668658063E-001    -0.280000002867E+003    -0.855932665797E-006     0.157206518894E-006     0.750254810930E-007
     0.409878755421E-001    -0.280000000999E+003    -0.274583890444E-006     0.597309555820E-007     0.756776976311E-007
     0.434481457293E-001    -0.280000000335E+003    -0.146189892379E-006    -0.339719084502E-007     0.760469478393E-007
     0.460560319869E-001    -0.280000001715E+003    -0.553240476183E-006     0.143527098522E-006     0.775374981198E-007
     0.488203912708E-001    -0.280000008990E+003    -0.278046924884E-005     0.618587076530E-006     0.854116333490E-007
     0.517506119535E-001    -0.280000001473E+003    -0.481137411501E-006     0.984314517341E-007     0.868506729287E-007
     0.548566457095E-001    -0.280000000227E+003    -0.133022509297E-006    -0.656201198543E-008     0.872643477462E-007
     0.581490413132E-001    -0.279999972227E+003     0.842331987343E-005    -0.173875888421E-005     0.115581935935E-006
     0.616389804647E-001    -0.279999995315E+003     0.117360413088E-005    -0.180582119554E-006     0.119725945229E-006
     0.653383157655E-001    -0.279999998119E+003     0.220345568647E-006    -0.807296218206E-007     0.120594063772E-006
     0.692596109728E-001    -0.279999992270E+003     0.208188428425E-005    -0.398840848918E-006     0.128906207212E-006
     0.734161836681E-001    -0.279999993804E+003     0.160158667238E-005    -0.292621432794E-006     0.135673520105E-006
     0.778221504872E-001    -0.279999998174E+003     0.235414672940E-006    -0.351495999285E-007     0.136722247229E-006
     0.824924750635E-001    -0.279999998500E+003     0.158049492546E-006    -0.268267195813E-007     0.137470947237E-006
     0.874430188470E-001    -0.280000001826E+003    -0.830572594390E-006     0.202561899076E-006     0.141703248615E-006
     0.926905949743E-001    -0.280000002250E+003    -0.985237379119E-006     0.187888672506E-006     0.146966530445E-006
     0.982530253690E-001    -0.279999999337E+003    -0.564957035617E-006    -0.656174756286E-006     0.151782907082E-006
     0.104149201269E+000    -0.279999994883E+003     0.980448007370E-006    -0.652527058334E-006     0.158727065155E-006
     0.110399147386E+000    -0.279999998814E+003     0.206238986406E-007    -0.142142284127E-007     0.158883612205E-006
     0.117024089912E+000    -0.279999994865E+003     0.131201283154E-005    -0.187513522891E-006     0.167663945714E-006
     0.124046528610E+000    -0.279999996685E+003     0.700773545849E-006    -0.106059932931E-006     0.172641127426E-006
     0.131490313229E+000    -0.279999998543E+003     0.115489154998E-006    -0.159848113479E-007     0.173508999265E-006
     0.139380724499E+000    -0.279999997126E+003     0.598649624592E-006    -0.906944146093E-007     0.178286490820E-006
     0.147744559993E+000    -0.279999998874E+003     0.504083583765E-007    -0.648687714006E-008     0.178711574658E-006
     0.156610225139E+000    -0.279999999079E+003     0.722110867206E-008     0.885829582875E-010     0.178775599407E-006
     0.166007829686E+000    -0.279999998993E+003     0.463277811056E-007    -0.169742542548E-007     0.179239272740E-006
     0.175969289968E+000    -0.279999999454E+003     0.285470975966E-006     0.385229153910E-006     0.184015532519E-006
     0.185969289968E+000    -0.279999999226E+003    -0.217049784851E-007     0.167826194249E-007     0.184289897678E-006
     0.195969289968E+000    -0.279999999110E+003    -0.768224579979E-008    -0.927343544389E-009     0.184367277822E-006
     0.205969289968E+000    -0.279999999095E+003    -0.983011242556E-008    -0.140875741667E-007     0.184539059909E-006
     0.215969289968E+000    -0.279999999130E+003     0.748947815942E-009    -0.130200593574E-008     0.184554080370E-006
     0.225969289968E+000    -0.279999999248E+003    -0.271407602955E-007     0.424475902933E-008     0.184828787277E-006
     0.235969289968E+000    -0.279999999196E+003    -0.172225996165E-008    -0.413628716613E-009     0.184846499612E-006
     0.245969289968E+000    -0.279999999431E+003    -0.130912412435E-006    -0.531247919070E-007     0.186259308985E-006
     0.255969289968E+000    -0.279999999201E+003     0.171340201030E-007    -0.238093824759E-008     0.186432295548E-006
     0.265969289968E+000    -0.279999999551E+003     0.324885570455E-007     0.169302110296E-006     0.188156207115E-006
     0.275969289968E+000    -0.279999999218E+003    -0.266179223473E-006    -0.423033698430E-006     0.193154295640E-006
     0.285969289968E+000    -0.279999999479E+003     0.270536960810E-006     0.390782137746E-006     0.197907199240E-006
     0.295969289968E+000    -0.279999999502E+003     0.730853283091E-006     0.109138814688E-005     0.211042170152E-006
     0.305969289968E+000    -0.279999999392E+003     0.353541036836E-006     0.502514068182E-006     0.217186367849E-006
     0.315969289968E+000    -0.279999999161E+003    -0.131657515170E-008    -0.321049277023E-008     0.217221067466E-006
     0.325969289968E+000    -0.279999999070E+003     0.795901409020E-008    -0.221273411648E-007     0.217456219572E-006
     0.335969289968E+000    -0.280000000075E+003     0.784298033279E-007     0.398125350302E-006     0.221513990249E-006
     0.345969289968E+000    -0.279999979978E+003     0.527205677764E-005    -0.179407669889E-005     0.277203570843E-006
     0.355969289968E+000    -0.279999997619E+003     0.379179793536E-006    -0.811480651327E-007     0.281081228955E-006
     0.365969289968E+000    -0.279999999947E+003    -0.275712885208E-006     0.410052271331E-007     0.283868683416E-006
     0.375969289968E+000    -0.280000014050E+003    -0.479289908717E-005     0.692189010576E-006     0.332294923499E-006
     0.385969289968E+000    -0.280000000551E+003    -0.308477842864E-006     0.367646981733E-007     0.335401532946E-006
     0.395969289968E+000    -0.279999999682E+003    -0.336797320200E-007    -0.987581380187E-011     0.335738330281E-006
     0.405969289968E+000    -0.279999999571E+003    -0.264435713131E-008     0.339450007622E-008     0.335781359638E-006
     0.415969289968E+000    -0.279999999537E+003     0.138757283721E-008     0.160308320057E-008     0.335802561605E-006
     0.425969289968E+000    -0.280000000351E+003     0.377860355279E-006     0.698530612079E-006     0.343744371626E-006
     0.435969289968E+000    -0.279999999472E+003     0.215086565112E-006     0.353304557447E-006     0.347880630090E-006
     0.445969289968E+000    -0.279999997831E+003     0.444844787198E-006    -0.762066382815E-007     0.352393880985E-006
     0.455969289968E+000    -0.279999999126E+003     0.427694472949E-007    -0.131226951546E-007     0.352841254515E-006
     0.465969289968E+000    -0.279999999197E+003    -0.336202650447E-006    -0.499491720391E-006     0.358862252778E-006
     0.475969289968E+000    -0.279999999324E+003    -0.255314540673E-007    -0.260253398997E-007     0.359226831091E-006
     0.485969289968E+000    -0.279999999290E+003     0.183331891299E-007    -0.658196202319E-008     0.359421620220E-006
     0.495969289968E+000    -0.280000002042E+003    -0.868639888735E-006     0.120501075960E-006     0.368191202682E-006
     0.505969289968E+000    -0.279999999620E+003    -0.601042542509E-007     0.664530936849E-008     0.368795907695E-006
     0.515969289968E+000    -0.279999999788E+003     0.852407445330E-006     0.127732419861E-005     0.384152194880E-006
     0.525969289968E+000    -0.279999999534E+003     0.508898599207E-007     0.687413896980E-007     0.385007481762E-006
     0.535969289968E+000    -0.279999999090E+003     0.733241642564E-006     0.796431723592E-006     0.395833130919E-006
     0.545969289968E+000    -0.279999999352E+003     0.695981997040E-007     0.381627829296E-007     0.396626875676E-006
     0.555969289968E+000    -0.280000000281E+003    -0.418138078364E-006    -0.135407518933E-006     0.401022039482E-006
     0.565969289968E+000    -0.279999999458E+003    -0.370184827461E-007    -0.216132911243E-007     0.401450700469E-006
     0.575969289968E+000    -0.280000005972E+003    -0.211544935704E-005     0.308789839255E-006     0.422829374766E-006
     0.585969289968E+000    -0.280000000231E+003     0.392272025908E-007     0.295038905753E-006     0.425805727052E-006
     0.595969289968E+000    -0.279999999074E+003     0.819119537586E-008    -0.128821768369E-006     0.427096546315E-006
     0.605969289968E+000    -0.279999998499E+003     0.278001648498E-006    -0.730080582602E-007     0.429970830454E-006
     0.615969289968E+000    -0.279999999440E+003     0.137322910399E-007    -0.708523474665E-008     0.430125354358E-006
     0.625969289968E+000    -0.279999999497E+003     0.842426206188E-008    -0.578143602587E-008     0.430227527346E-006
     0.635969289968E+000    -0.279999999552E+003    -0.109437376361E-007    -0.102532805745E-007     0.430377492394E-006
     0.645969289968E+000    -0.279999998256E+003     0.120300349584E-005     0.959365485919E-006     0.445764498427E-006
     0.655969289968E+000    -0.279999999670E+003     0.667939895338E-006     0.675711502962E-006     0.455265707502E-006
     0.665969289968E+000    -0.280000000107E+003    -0.179248619232E-006     0.544388968563E-007     0.457139037719E-006
     0.675969289968E+000    -0.279999993478E+003     0.189653935958E-005    -0.278158423285E-006     0.476307328333E-006
     0.685969289968E+000    -0.279999998941E+003     0.739765044167E-007    -0.103023189139E-007     0.477054232677E-006
     0.695969289968E+000    -0.279999996708E+003     0.798445557914E-006    -0.114852875808E-006     0.485120870713E-006
     0.705969289968E+000    -0.279999998966E+003     0.561970795097E-007    -0.196276212012E-008     0.485683184164E-006
     0.715969289968E+000    -0.279999999168E+003     0.136609379372E-006     0.191172078981E-006     0.488032841295E-006
     0.725969289968E+000    -0.280000000128E+003    -0.290705754921E-006     0.707654709127E-007     0.491024790289E-006
     0.735969289968E+000    -0.279999999186E+003    -0.197468564420E-007    -0.101769559913E-008     0.491222520925E-006
     0.745969289968E+000    -0.279999999406E+003     0.224102790855E-006     0.429873440376E-006     0.496070337295E-006
     0.755969289968E+000    -0.279999999174E+003     0.114404419299E-006     0.157779816616E-006     0.498019256013E-006
