 #        time                      h  [L]            Darcian flow [L.T^{-1}]   in    x         z              directions   cumulative flux
 #-----------------------------------------------------------------------------------------------

     0.100000000000E-005     0.400000000000E+001    -0.169613462416E-012    -0.138499902612E+004     0.138499902612E-002
     0.205999994278E-005     0.400000000000E+001    -0.164151145524E-012    -0.134039582383E+004     0.280581852268E-002
     0.318359982147E-005     0.400000000000E+001    -0.158471176735E-012    -0.129401535892E+004     0.425977402298E-002
     0.437461562859E-005     0.400000000000E+001    -0.152575845739E-012    -0.124587632814E+004     0.574363242351E-002
     0.563709231599E-005     0.400000000000E+001    -0.146470447784E-012    -0.119602197047E+004     0.725358227884E-002
     0.697531753239E-005     0.400000000000E+001    -0.140164158984E-012    -0.114452721456E+004     0.878521745822E-002
     0.839383618521E-005     0.400000000000E+001    -0.133671128461E-012    -0.109150759676E+004     0.103335413439E-001
     0.989746587602E-005     0.400000000000E+001    -0.127011813434E-012    -0.103713016294E+004     0.118930010501E-001
     0.114913132622E-004     0.400000000000E+001    -0.120214560574E-012    -0.981626381240E+003     0.134575636921E-001
     0.131807914004E-004     0.400000000000E+001    -0.113317387939E-012    -0.925306692657E+003     0.150208491205E-001
     0.149716381303E-004     0.400000000000E+001    -0.106369831214E-012    -0.868575586758E+003     0.165763348696E-001
     0.168699355614E-004     0.400000000000E+001    -0.994345690732E-013    -0.811944873758E+003     0.181176477377E-001
     0.188821307298E-004     0.400000000000E+001    -0.925883264076E-013    -0.756041059937E+003     0.196389499056E-001
     0.210150574931E-004     0.400000000000E+001    -0.859212923596E-013    -0.701600595530E+003     0.211354125930E-001
     0.232759597402E-004     0.400000000000E+001    -0.795340709451E-013    -0.649444974670E+003     0.226037441956E-001
     0.256725159928E-004     0.400000000000E+001    -0.735311995263E-013    -0.600427809696E+003     0.240427032171E-001
     0.282128654833E-004     0.400000000000E+001    -0.680108121042E-013    -0.555350425540E+003     0.254534873877E-001
     0.309056357980E-004     0.400000000000E+001    -0.630513164101E-013    -0.514853069914E+003     0.268398684508E-001
     0.337599721774E-004     0.400000000000E+001    -0.586978171545E-013    -0.479304050730E+003     0.282079634396E-001
     0.367855685763E-004     0.400000000000E+001    -0.549525499561E-013    -0.448721623201E+003     0.295656139669E-001
     0.399927005860E-004     0.400000000000E+001    -0.517734222283E-013    -0.422762075272E+003     0.309214677510E-001
     0.433922603327E-004     0.400000000000E+001    -0.490821946483E-013    -0.400786534390E+003     0.322839655203E-001
     0.469957934698E-004     0.400000000000E+001    -0.467799877911E-013    -0.381987588778E+003     0.336604704544E-001
     0.508155383889E-004     0.400000000000E+001    -0.447650590470E-013    -0.365534446978E+003     0.350567188010E-001
     0.548644677845E-004     0.400000000000E+001    -0.429477550753E-013    -0.350695033909E+003     0.364766582327E-001
     0.591563327122E-004     0.400000000000E+001    -0.412596689596E-013    -0.336910764706E+003     0.379226337275E-001
     0.637057092900E-004     0.400000000000E+001    -0.396565593311E-013    -0.323820381180E+003     0.393958145851E-001
     0.685280482021E-004     0.400000000000E+001    -0.381162416344E-013    -0.311242732688E+003     0.408967325260E-001
     0.736397271730E-004     0.400000000000E+001    -0.366332652151E-013    -0.299133311258E+003     0.424258059827E-001
     0.790581065897E-004     0.400000000000E+001    -0.352121753734E-013    -0.287529232085E+003     0.439837484555E-001
     0.848015884613E-004     0.400000000000E+001    -0.338609225818E-013    -0.276495415701E+003     0.455717948632E-001
     0.908896789166E-004     0.400000000000E+001    -0.325856493754E-013    -0.266082019714E+003     0.471917262677E-001
     0.973430544509E-004     0.400000000000E+001    -0.313876271278E-013    -0.256299425677E+003     0.488457227108E-001
     0.104183632148E-003     0.400000000000E+001    -0.302625307368E-013    -0.247112316448E+003     0.505361137114E-001
     0.111434644115E-003     0.400000000000E+001    -0.292016521332E-013    -0.238449585248E+003     0.522651145076E-001
     0.119120716386E-003     0.400000000000E+001    -0.281942471461E-013    -0.230223499263E+003     0.540346289614E-001
     0.127267952553E-003     0.400000000000E+001    -0.272300992303E-013    -0.222350634071E+003     0.558461720890E-001
     0.135904022424E-003     0.400000000000E+001    -0.263015434881E-013    -0.214768401031E+003     0.577009270064E-001
     0.145058255993E-003     0.400000000000E+001    -0.254045028687E-013    -0.207443508499E+003     0.595999133355E-001
     0.154761743052E-003     0.400000000000E+001    -0.245384186490E-013    -0.200371394153E+003     0.615442145658E-001
     0.165047438780E-003     0.400000000000E+001    -0.237052371438E-013    -0.193567950860E+003     0.635351956109E-001
     0.175950275662E-003     0.400000000000E+001    -0.229078197711E-013    -0.187056543871E+003     0.655746425966E-001
     0.187507282134E-003     0.400000000000E+001    -0.221482586469E-013    -0.180854256609E+003     0.676647764107E-001
     0.199757708333E-003     0.400000000000E+001    -0.214265786030E-013    -0.174961291842E+003     0.698081268040E-001
     0.212743159403E-003     0.400000000000E+001    -0.207401729951E-013    -0.169356364705E+003     0.720072955913E-001
     0.226507736794E-003     0.400000000000E+001    -0.200840850632E-013    -0.163999000179E+003     0.742646725212E-001
     0.241098188040E-003     0.400000000000E+001    -0.194519900008E-013    -0.158837552299E+003     0.765821840842E-001
     0.256564065527E-003     0.400000000000E+001    -0.188375465687E-013    -0.153820240920E+003     0.789611490853E-001
     0.272957894778E-003     0.400000000000E+001    -0.182357217615E-013    -0.148905968433E+003     0.814022881062E-001
     0.290335352846E-003     0.400000000000E+001    -0.176437418169E-013    -0.144072085349E+003     0.839058947281E-001
     0.308755457403E-003     0.400000000000E+001    -0.170614492010E-013    -0.139317305307E+003     0.864721340585E-001
     0.328280767180E-003     0.400000000000E+001    -0.164910078840E-013    -0.134659298465E+003     0.891013985754E-001
     0.348977594427E-003     0.400000000000E+001    -0.159360663629E-013    -0.130127857061E+003     0.917946323530E-001
     0.370916230124E-003     0.400000000000E+001    -0.154006273014E-013    -0.125755665324E+003     0.945535400813E-001
     0.394171182707E-003     0.400000000000E+001    -0.148879485209E-013    -0.121569325386E+003     0.973806289788E-001
     0.418821431115E-003     0.400000000000E+001    -0.143998608057E-013    -0.117583786735E+003     0.100279098531E+000
     0.444950693017E-003     0.400000000000E+001    -0.139368046697E-013    -0.113802646440E+003     0.103252677684E+000
     0.472647709137E-003     0.400000000000E+001    -0.134963068260E-013    -0.110205708580E+003     0.106305046972E+000
     0.502006544641E-003     0.400000000000E+001    -0.130756305786E-013    -0.106770626336E+003     0.109439708227E+000
     0.533126908594E-003     0.400000000000E+001    -0.126718799675E-013    -0.103473752402E+003     0.112659849061E+000
     0.566114492604E-003     0.400000000000E+001    -0.122825752008E-013    -0.100294837739E+003     0.115968333447E+000
     0.601081329767E-003     0.400000000000E+001    -0.119060047759E-013    -0.972199068680E+002     0.119367806099E+000
     0.638146175159E-003     0.400000000000E+001    -0.115412701490E-013    -0.942416226216E+002     0.122860857271E+000
     0.677434909153E-003     0.400000000000E+001    -0.111880841833E-013    -0.913576403509E+002     0.126450183301E+000
     0.719080964939E-003     0.400000000000E+001    -0.108464566414E-013    -0.885680397723E+002     0.130138692827E+000
     0.763225781689E-003     0.400000000000E+001    -0.105164064812E-013    -0.858729756898E+002     0.133929539602E+000
     0.810019284919E-003     0.400000000000E+001    -0.101977916106E-013    -0.832712878336E+002     0.137826094878E+000
     0.859620395664E-003     0.400000000000E+001    -0.989027346757E-014    -0.807602116337E+002     0.141831891079E+000
     0.912197570216E-003     0.400000000000E+001    -0.959337439766E-014    -0.783358467465E+002     0.145950568567E+000
     0.967929372233E-003     0.400000000000E+001    -0.930656428375E-014    -0.759938644369E+002     0.150185843575E+000
     0.102700507918E-002     0.400000000000E+001    -0.902932804317E-014    -0.737300587357E+002     0.154541498918E+000
     0.108962532517E-002     0.400000000000E+001    -0.876119705124E-014    -0.715406030322E+002     0.159021389078E+000
     0.115600278233E-002     0.400000000000E+001    -0.850175258710E-014    -0.694220782108E+002     0.163629450100E+000
     0.122636288312E-002     0.400000000000E+001    -0.825061742544E-014    -0.673714039933E+002     0.168369708876E+000
     0.130094458593E-002     0.400000000000E+001    -0.800744665199E-014    -0.653857639408E+002     0.173246290490E+000
     0.138000118665E-002     0.400000000000E+001    -0.777192097028E-014    -0.634625507999E+002     0.178263424029E+000
     0.146380117888E-002     0.400000000000E+001    -0.754374267675E-014    -0.615993336365E+002     0.183425447710E+000
     0.155262916586E-002     0.400000000000E+001    -0.732264185490E-014    -0.597939084150E+002     0.188736820227E+000
     0.164678682697E-002     0.400000000000E+001    -0.710851384961E-014    -0.580454205617E+002     0.194202241266E+000
     0.174659394236E-002     0.400000000000E+001    -0.690089859022E-014    -0.563501133145E+002     0.199826383527E+000
     0.185238947896E-002     0.400000000000E+001    -0.669952707169E-014    -0.547057900805E+002     0.205614011944E+000
     0.196453274170E-002     0.400000000000E+001    -0.650417376619E-014    -0.531106092852E+002     0.211570008955E+000
     0.208340459379E-002     0.400000000000E+001    -0.631463367723E-014    -0.515628970053E+002     0.217699386022E+000
     0.220940875020E-002     0.400000000000E+001    -0.613071918580E-014    -0.500611212153E+002     0.224007295370E+000
     0.234297314879E-002     0.400000000000E+001    -0.595225771434E-014    -0.486038727124E+002     0.230499042397E+000
     0.248455140365E-002     0.400000000000E+001    -0.577908863389E-014    -0.471898398617E+002     0.237180097572E+000
     0.263462434571E-002     0.400000000000E+001    -0.561105974457E-014    -0.458177798568E+002     0.244056106594E+000
     0.279370165569E-002     0.400000000000E+001    -0.544802401368E-014    -0.444864920847E+002     0.251132898085E+000
     0.296232359518E-002     0.400000000000E+001    -0.528983701824E-014    -0.431947972422E+002     0.258416488572E+000
     0.314106284138E-002     0.400000000000E+001    -0.513635579504E-014    -0.419415279460E+002     0.265913085662E+000
     0.333052643213E-002     0.400000000000E+001    -0.498743900453E-014    -0.407255300712E+002     0.273629090824E+000
     0.353135782749E-002     0.400000000000E+001    -0.484364543356E-014    -0.395513664588E+002     0.281572246938E+000
     0.374423909507E-002     0.400000000000E+001    -0.470273778114E-014    -0.384007681595E+002     0.289747051140E+000
     0.396989322653E-002     0.400000000000E+001    -0.456668870997E-014    -0.372898431871E+002     0.298161658317E+000
     0.420908659296E-002     0.400000000000E+001    -0.443466612951E-014    -0.362117970063E+002     0.306823279947E+000
     0.446263154769E-002     0.400000000000E+001    -0.430656110567E-014    -0.351657401030E+002     0.315739375930E+000
     0.473138918520E-002     0.400000000000E+001    -0.418223381197E-014    -0.341505307071E+002     0.324917591882E+000
     0.501627226558E-002     0.400000000000E+001    -0.406160736120E-014    -0.331655409872E+002     0.334365893361E+000
     0.531824831448E-002     0.400000000000E+001    -0.394451037316E-014    -0.322093715176E+002     0.344092352110E+000
     0.563834290904E-002     0.400000000000E+001    -0.383084223889E-014    -0.312812007639E+002     0.354105295385E+000
     0.597764316095E-002     0.400000000000E+001    -0.372048672264E-014    -0.303800795889E+002     0.364413264043E+000
     0.633730140856E-002     0.400000000000E+001    -0.361340510762E-014    -0.295056918463E+002     0.375025229467E+000
     0.671853913045E-002     0.400000000000E+001    -0.350926363648E-014    -0.286553122004E+002     0.385949715410E+000
     0.712265109384E-002     0.400000000000E+001    -0.340795258548E-014    -0.278280446889E+002     0.397195361187E+000
     0.755100975191E-002     0.400000000000E+001    -0.330911513224E-014    -0.270209756360E+002     0.408770030050E+000
     0.800506990496E-002     0.400000000000E+001    -0.321236699254E-014    -0.262309671227E+002     0.420680466996E+000
     0.848637364120E-002     0.400000000000E+001    -0.311715074980E-014    -0.254534674975E+002     0.432931316003E+000
     0.899655557408E-002     0.400000000000E+001    -0.302264941169E-014    -0.246818055115E+002     0.445523527246E+000
     0.953734839373E-002     0.400000000000E+001    -0.292791431247E-014    -0.239082347213E+002     0.458452928914E+000
     0.101105887516E-001     0.400000000000E+001    -0.283138816607E-014    -0.231200389210E+002     0.471706268300E+000
     0.107182234982E-001     0.400000000000E+001    -0.273112411885E-014    -0.223013208441E+002     0.485257325739E+000
     0.113623162948E-001     0.400000000000E+001    -0.262427261163E-014    -0.214288120743E+002     0.499059469235E+000
     0.120450546223E-001     0.400000000000E+001    -0.250877024455E-014    -0.204856636730E+002     0.513045816990E+000
     0.127687572104E-001     0.400000000000E+001    -0.238051702685E-014    -0.194383966749E+002     0.527113434972E+000
     0.135358819124E-001     0.400000000000E+001    -0.223584360286E-014    -0.182570485173E+002     0.541118867875E+000
     0.143490340526E-001     0.400000000000E+001    -0.207176312334E-014    -0.169172297252E+002     0.554875149433E+000
     0.152109752747E-001     0.400000000000E+001    -0.188348124391E-014    -0.153797915058E+002     0.568131625719E+000
     0.161246329208E-001     0.400000000000E+001    -0.166964163642E-014    -0.136336585993E+002     0.580588122143E+000
     0.170931099734E-001     0.400000000000E+001    -0.143010429348E-014    -0.116776877584E+002     0.591897694764E+000
     0.181196955938E-001     0.400000000000E+001    -0.117033102279E-014    -0.955647802783E+001     0.601708237688E+000
     0.192078762926E-001     0.400000000000E+001    -0.905441840834E-015    -0.739349371152E+001     0.609753694842E+000
     0.203613477710E-001     0.400000000000E+001    -0.662073215442E-015    -0.540623807536E+001     0.615989636268E+000
     0.215840274722E-001     0.400000000000E+001    -0.473534312512E-015    -0.386670109979E+001     0.620717373213E+000
     0.228800678855E-001     0.400000000000E+001    -0.356569226994E-015    -0.291160869601E+001     0.624490935751E+000
     0.242538706494E-001     0.400000000000E+001    -0.299906091440E-015    -0.244891908139E+001     0.627855267553E+000
     0.257101015006E-001     0.400000000000E+001    -0.282060593556E-015    -0.230319953274E+001     0.631209257769E+000
     0.272537061195E-001     0.400000000000E+001    -0.280894748127E-015    -0.229367968236E+001     0.634749792321E+000
     0.288899269272E-001     0.400000000000E+001    -0.294112407494E-015    -0.240161006177E+001     0.638679356676E+000
     0.306243208897E-001     0.400000000000E+001    -0.309850983368E-015    -0.253012528660E+001     0.643067590698E+000
     0.324627783907E-001     0.400000000000E+001    -0.326605304515E-015    -0.266693470103E+001     0.647970636804E+000
     0.344115432366E-001     0.400000000000E+001    -0.341959605232E-015    -0.279231208108E+001     0.653412196426E+000
     0.364772338618E-001     0.400000000000E+001    -0.354251796967E-015    -0.289268544379E+001     0.659387589629E+000
     0.386668658063E-001     0.400000000000E+001    -0.364042584523E-015    -0.297263329130E+001     0.665896562443E+000
     0.409878755421E-001     0.400000000000E+001    -0.372220296107E-015    -0.303940937392E+001     0.672951061191E+000
     0.434481457293E-001     0.400000000000E+001    -0.379418384573E-015    -0.309818622673E+001     0.680573436399E+000
     0.460560319869E-001     0.400000000000E+001    -0.385763174893E-015    -0.314999537141E+001     0.688788266039E+000
     0.488203912708E-001     0.400000000000E+001    -0.391213757222E-015    -0.319450275373E+001     0.697619019384E+000
     0.517506119535E-001     0.400000000000E+001    -0.394201023784E-015    -0.321889563634E+001     0.707051093953E+000
     0.548566457095E-001     0.400000000000E+001    -0.394070118648E-015    -0.321782671479E+001     0.717045772350E+000
     0.581490413132E-001     0.400000000000E+001    -0.391793513582E-015    -0.319923682367E+001     0.727578925604E+000
     0.616389804647E-001     0.400000000000E+001    -0.386193785228E-015    -0.315351157163E+001     0.738584489102E+000
     0.653383157655E-001     0.400000000000E+001    -0.375342010856E-015    -0.306490010930E+001     0.749922582270E+000
     0.692596109728E-001     0.400000000000E+001    -0.361301578500E-015    -0.295025127859E+001     0.761491388469E+000
     0.734161836681E-001     0.400000000000E+001    -0.344491394214E-015    -0.281298570702E+001     0.773183768051E+000
     0.778221504872E-001     0.400000000000E+001    -0.326549605486E-015    -0.266647988394E+001     0.784932189944E+000
     0.824924750635E-001     0.400000000000E+001    -0.309592662890E-015    -0.252801593982E+001     0.796738844916E+000
     0.874430188470E-001     0.400000000000E+001    -0.297253610879E-015    -0.242725993393E+001     0.808755101493E+000
     0.926905949743E-001     0.400000000000E+001    -0.291354543521E-015    -0.237909039344E+001     0.821239559447E+000
     0.982530253690E-001     0.400000000000E+001    -0.291416249266E-015    -0.237959425909E+001     0.834475886880E+000
     0.104149201269E+000     0.400000000000E+001    -0.295347100454E-015    -0.241169209490E+001     0.848695647689E+000
     0.110399147386E+000     0.400000000000E+001    -0.300663096515E-015    -0.245510049693E+001     0.864039893505E+000
     0.117024089912E+000     0.400000000000E+001    -0.305899677019E-015    -0.249786042173E+001     0.880588075238E+000
     0.124046528610E+000     0.400000000000E+001    -0.309467310803E-015    -0.252699236236E+001     0.898333724194E+000
     0.131490313229E+000     0.400000000000E+001    -0.309918803328E-015    -0.253067907860E+001     0.917171554194E+000
     0.139380724499E+000     0.400000000000E+001    -0.307052514787E-015    -0.250727405649E+001     0.936954977666E+000
     0.147744559993E+000     0.400000000000E+001    -0.301209598256E-015    -0.245956302230E+001     0.957526358173E+000
     0.156610225139E+000     0.400000000000E+001    -0.293010757360E-015    -0.239261440575E+001     0.978738476316E+000
     0.166007829686E+000     0.400000000000E+001    -0.282389409692E-015    -0.230588452025E+001     0.100040826717E+001
     0.175969289968E+000     0.400000000000E+001    -0.270298719676E-015    -0.220715654395E+001     0.102239476942E+001
     0.185969289968E+000     0.400000000000E+001    -0.260713249882E-015    -0.212888524318E+001     0.104368362185E+001
     0.195969289968E+000     0.400000000000E+001    -0.256599052693E-015    -0.209529027367E+001     0.106463652459E+001
     0.205969289968E+000     0.400000000000E+001    -0.257870162742E-015    -0.210566967489E+001     0.108569322134E+001
     0.215969289968E+000     0.400000000000E+001    -0.261975233931E-015    -0.213919012497E+001     0.110708512258E+001
     0.225969289968E+000     0.400000000000E+001    -0.264278059456E-015    -0.215799412238E+001     0.112866506381E+001
     0.235969289968E+000     0.400000000000E+001    -0.264047664265E-015    -0.215611280288E+001     0.115022619184E+001
     0.245969289968E+000     0.400000000000E+001    -0.261556152195E-015    -0.213576806290E+001     0.117158387247E+001
     0.255969289968E+000     0.400000000000E+001    -0.257868072113E-015    -0.210565260361E+001     0.119264039850E+001
     0.265969289968E+000     0.400000000000E+001    -0.254270104720E-015    -0.207627297028E+001     0.121340312821E+001
     0.275969289968E+000     0.400000000000E+001    -0.251869308305E-015    -0.205666897983E+001     0.123396981800E+001
     0.285969289968E+000     0.400000000000E+001    -0.251123846857E-015    -0.205058182516E+001     0.125447563626E+001
     0.295969289968E+000     0.400000000000E+001    -0.252049823280E-015    -0.205814299645E+001     0.127505706622E+001
     0.305969289968E+000     0.400000000000E+001    -0.253008563347E-015    -0.206597170322E+001     0.129571678325E+001
     0.315969289968E+000     0.400000000000E+001    -0.253880587686E-015    -0.207309232232E+001     0.131644770648E+001
     0.325969289968E+000     0.400000000000E+001    -0.253756087959E-015    -0.207207570489E+001     0.133716846352E+001
     0.335969289968E+000     0.400000000000E+001    -0.252251281818E-015    -0.205978803026E+001     0.135776634383E+001
     0.345969289968E+000     0.400000000000E+001    -0.249639579675E-015    -0.203846186385E+001     0.137815096247E+001
     0.355969289968E+000     0.400000000000E+001    -0.246373789817E-015    -0.201179466593E+001     0.139826890912E+001
     0.365969289968E+000     0.400000000000E+001    -0.243700157746E-015    -0.198996280328E+001     0.141816853716E+001
     0.375969289968E+000     0.400000000000E+001    -0.242011165738E-015    -0.197617113690E+001     0.143793024853E+001
     0.385969289968E+000     0.400000000000E+001    -0.241629346102E-015    -0.197305334297E+001     0.145766078196E+001
     0.395969289968E+000     0.400000000000E+001    -0.242280441161E-015    -0.197836993760E+001     0.147744448133E+001
     0.405969289968E+000     0.400000000000E+001    -0.242599666038E-015    -0.198097660653E+001     0.149725424740E+001
     0.415969289968E+000     0.400000000000E+001    -0.242638602602E-015    -0.198129454771E+001     0.151706719287E+001
     0.425969289968E+000     0.400000000000E+001    -0.241643484726E-015    -0.197316879360E+001     0.153679888081E+001
     0.435969289968E+000     0.400000000000E+001    -0.240468020358E-015    -0.196357039862E+001     0.155643458480E+001
     0.445969289968E+000     0.400000000000E+001    -0.238851690072E-015    -0.195037206024E+001     0.157593830540E+001
     0.455969289968E+000     0.400000000000E+001    -0.236953960869E-015    -0.193487592532E+001     0.159528706465E+001
     0.465969289968E+000     0.400000000000E+001    -0.234824422295E-015    -0.191748692324E+001     0.161446193388E+001
     0.475969289968E+000     0.400000000000E+001    -0.232764204232E-015    -0.190066396608E+001     0.163346857355E+001
     0.485969289968E+000     0.400000000000E+001    -0.231061781253E-015    -0.188676262751E+001     0.165233619982E+001
     0.495969289968E+000     0.400000000000E+001    -0.230051653745E-015    -0.187851431045E+001     0.167112134292E+001
     0.505969289968E+000     0.400000000000E+001    -0.230341737154E-015    -0.188088302124E+001     0.168993017314E+001
     0.515969289968E+000     0.400000000000E+001    -0.230757302146E-015    -0.188427636693E+001     0.170877293681E+001
     0.525969289968E+000     0.400000000000E+001    -0.231511346505E-015    -0.189043360638E+001     0.172767727287E+001
     0.535969289968E+000     0.400000000000E+001    -0.232384534005E-015    -0.189756372340E+001     0.174665291010E+001
     0.545969289968E+000     0.400000000000E+001    -0.233141756307E-015    -0.190374691274E+001     0.176569037923E+001
     0.555969289968E+000     0.400000000000E+001    -0.233629456817E-015    -0.190772928962E+001     0.178476767213E+001
     0.565969289968E+000     0.400000000000E+001    -0.233766124980E-015    -0.190884526986E+001     0.180385612483E+001
     0.575969289968E+000     0.400000000000E+001    -0.232626268308E-015    -0.189953763379E+001     0.182285150116E+001
     0.585969289968E+000     0.400000000000E+001    -0.231055676018E-015    -0.188671277449E+001     0.184171862891E+001
     0.595969289968E+000     0.400000000000E+001    -0.229367271525E-015    -0.187292590554E+001     0.186044788796E+001
     0.605969289968E+000     0.400000000000E+001    -0.227413094502E-015    -0.185696883918E+001     0.187901757636E+001
     0.615969289968E+000     0.400000000000E+001    -0.225471842773E-015    -0.184111731587E+001     0.189742874952E+001
     0.625969289968E+000     0.400000000000E+001    -0.223756779160E-015    -0.182711275868E+001     0.191569987710E+001
     0.635969289968E+000     0.400000000000E+001    -0.222410879078E-015    -0.181612265049E+001     0.193386110361E+001
     0.645969289968E+000     0.400000000000E+001    -0.221581589159E-015    -0.180935098441E+001     0.195195461345E+001
     0.655969289968E+000     0.400000000000E+001    -0.221552169421E-015    -0.180911075402E+001     0.197004572099E+001
     0.665969289968E+000     0.400000000000E+001    -0.221587894406E-015    -0.180940247066E+001     0.198813974570E+001
     0.675969289968E+000     0.400000000000E+001    -0.222326471893E-015    -0.181543341352E+001     0.200629407983E+001
     0.685969289968E+000     0.400000000000E+001    -0.223225479828E-015    -0.182277437040E+001     0.202452182354E+001
     0.695969289968E+000     0.400000000000E+001    -0.224042167336E-015    -0.182944312998E+001     0.204281625484E+001
     0.705969289968E+000     0.400000000000E+001    -0.224727114535E-015    -0.183503614831E+001     0.206116661632E+001
     0.715969289968E+000     0.400000000000E+001    -0.225332465538E-015    -0.183997921437E+001     0.207956640846E+001
     0.725969289968E+000     0.400000000000E+001    -0.225445448755E-015    -0.184090179235E+001     0.209797542639E+001
     0.735969289968E+000     0.400000000000E+001    -0.225408893070E-015    -0.184060329253E+001     0.211638145931E+001
     0.745969289968E+000     0.400000000000E+001    -0.225716180164E-015    -0.184311248207E+001     0.213481258413E+001
     0.755969289968E+000     0.400000000000E+001    -0.224995131630E-015    -0.183722467398E+001     0.215318483087E+001
