 #        time                      h  [L]            Darcian flow [L.T^{-1}]   in    x         z              directions   cumulative flux
 #-----------------------------------------------------------------------------------------------

     0.100000000000E-005    -0.278499999997E+003    -0.244921660751E-009    -0.183823054799E-008     0.185447517305E-014
     0.205999994278E-005    -0.278499999981E+003    -0.170768223331E-008    -0.128304548419E-007     0.155746891672E-013
     0.318359982147E-005    -0.278499999922E+003    -0.695587013753E-008    -0.523226272207E-007     0.748816228179E-013
     0.437461562859E-005    -0.278499999758E+003    -0.216206665024E-007    -0.162829268662E-006     0.270515980858E-012
     0.563709231599E-005    -0.278499999362E+003    -0.567915016041E-007    -0.428246191136E-006     0.815900174395E-012
     0.697531753239E-005    -0.278499998505E+003    -0.132812151384E-006    -0.100280227573E-005     0.216959384432E-011
     0.839383618521E-005    -0.278499996783E+003    -0.285170285545E-006    -0.215610830234E-005     0.525470889541E-011
     0.989746587602E-005    -0.278499993514E+003    -0.573483235389E-006    -0.434207973727E-005     0.118402875779E-010
     0.114913132622E-004    -0.278499987583E+003    -0.109501812184E-005    -0.830294862680E-005     0.251885116121E-010
     0.131807914004E-004    -0.278499977205E+003    -0.200480104182E-005    -0.152244369382E-004     0.511319162813E-010
     0.149716381303E-004    -0.278499959575E+003    -0.354522378205E-005    -0.269649727971E-004     0.998376261730E-010
     0.168699355614E-004    -0.278499930358E+003    -0.608923349924E-005    -0.463912866310E-004     0.188657464689E-009
     0.188821307298E-004    -0.278499882944E+003    -0.102027868894E-004    -0.778657084880E-004     0.346677771458E-009
     0.210150574931E-004    -0.278499807367E+003    -0.167343794363E-004    -0.127948068331E-003     0.621905897451E-009
     0.232759597402E-004    -0.278499688765E+003    -0.269422342496E-004    -0.206398501454E-003     0.109251162968E-008
     0.256725159928E-004    -0.278499505182E+003    -0.426732763349E-004    -0.327598035919E-003     0.188425156256E-008
     0.282128654833E-004    -0.278499224473E+003    -0.666124094910E-004    -0.512542955408E-003     0.319723997438E-008
     0.309056357980E-004    -0.278498799986E+003    -0.102625936082E-003    -0.791617995004E-003     0.534672375643E-008
     0.337599721774E-004    -0.278498164581E+003    -0.156229269475E-003    -0.120841386447E-002     0.882464994645E-008
     0.367855685763E-004    -0.278497222452E+003    -0.235216432059E-003    -0.182492799785E-002     0.143918204664E-007
     0.399927005860E-004    -0.278495838031E+003    -0.350497256450E-003    -0.272857559038E-002     0.232146243499E-007
     0.433922603327E-004    -0.278493821100E+003    -0.517197666196E-003    -0.404154274801E-002     0.370661351103E-007
     0.469957934698E-004    -0.278490906994E+003    -0.756088703219E-003    -0.593313622938E-002     0.586192929578E-007
     0.508155383889E-004    -0.278486730543E+003    -0.109542053707E-002    -0.863592460314E-002     0.918706364839E-007
     0.548644677845E-004    -0.278480792091E+003    -0.157324750081E-002    -0.124666207566E-001     0.142747450836E-006
     0.591563327122E-004    -0.278472413608E+003    -0.224033760251E-002    -0.178528187849E-001     0.219970284996E-006
     0.637057092900E-004    -0.278460682620E+003    -0.316376262754E-002    -0.253668578770E-001     0.336267769527E-006
     0.685280482021E-004    -0.278444381299E+003    -0.443125995205E-002    -0.357682257330E-001     0.510072921271E-006
     0.736397271730E-004    -0.278421897884E+003    -0.615644126902E-002    -0.500560148762E-001     0.767871184895E-006
     0.790581065897E-004    -0.278391117375E+003    -0.848489347763E-002    -0.695329875811E-001     0.114742198299E-005
     0.848015884613E-004    -0.278349288482E+003    -0.116011706301E-001    -0.958827746625E-001     0.170213927360E-005
     0.908896789166E-004    -0.278292863979E+003    -0.157366117239E-001    -0.131261625581E+000     0.250699439443E-005
     0.973430544509E-004    -0.278217312071E+003    -0.211778363069E-001    -0.178405948811E+000     0.366639828317E-005
     0.104183632148E-003    -0.278116897165E+003    -0.282756655606E-001    -0.240756642689E+000     0.532463212191E-005
     0.111434644115E-003    -0.277984429661E+003    -0.374540824810E-001    -0.322600914489E+000     0.767952771045E-005
     0.119120716386E-003    -0.277810986284E+003    -0.492186635747E-001    -0.429231877022E+000     0.110002532383E-004
     0.127267952553E-003    -0.277585605363E+003    -0.641636585174E-001    -0.567125597895E+000     0.156502372940E-004
     0.135904022424E-003    -0.277294965681E+003    -0.829765291663E-001    -0.744134301047E+000     0.221164623139E-004
     0.145058255993E-003    -0.276923063479E+003    -0.106438251224E+000    -0.969692896173E+000     0.310465727680E-004
     0.154761743052E-003    -0.276450910006E+003    -0.135417005666E+000    -0.125503374886E+001     0.432954620017E-004
     0.165047438780E-003    -0.275856281561E+003    -0.170852038269E+000    -0.161340141129E+001     0.599832054316E-004
     0.175950275662E-003    -0.275113564468E+003    -0.213723484903E+000    -0.206025467992E+001     0.825663656484E-004
     0.187507282134E-003    -0.274193747630E+003    -0.265002980977E+000    -0.261343750492E+001     0.112924758860E-003
     0.199757708333E-003    -0.273064622851E+003    -0.325579185328E+000    -0.329329248348E+001     0.153465669349E-003
     0.212743159403E-003    -0.271691255143E+003    -0.396152444048E+000    -0.412268035402E+001     0.207247121966E-003
     0.226507736794E-003    -0.270036778177E+003    -0.477094370227E+000    -0.512685551949E+001     0.278121018575E-003
     0.241098188040E-003    -0.268063550818E+003    -0.568271839275E+000    -0.633313094193E+001     0.370895502137E-003
     0.256564065527E-003    -0.265734677732E+003    -0.668841313385E+000    -0.777024646759E+001     0.491513561253E-003
     0.272957894778E-003    -0.263015851416E+003    -0.777028520244E+000    -0.946733548014E+001     0.647241318215E-003
     0.290335352846E-003    -0.259877419132E+003    -0.889919558597E+000    -0.114523721349E+002     0.846854375281E-003
     0.308755457403E-003    -0.256296522816E+003    -0.100330089508E+001    -0.137499872754E+002     0.110080393540E-002
     0.328280767180E-003    -0.252259111676E+003    -0.111159527999E+001    -0.163785837612E+002     0.142133653160E-002
     0.348977594427E-003    -0.247761595458E+003    -0.120794609338E+001    -0.193467828405E+002     0.182253327170E-002
     0.370916230124E-003    -0.242811903544E+003    -0.128450210032E+001    -0.226494073041E+002     0.232022880977E-002
     0.394171182707E-003    -0.237429756027E+003    -0.133294604482E+001    -0.262634464354E+002     0.293177011436E-002
     0.418821431115E-003    -0.231646050571E+003    -0.134528973054E+001    -0.301447039872E+002     0.367558415404E-002
     0.444950693017E-003    -0.225501421110E+003    -0.131492040533E+001    -0.342260111116E+002     0.457054431257E-002
     0.472647709137E-003    -0.219044172061E+003    -0.123782092715E+001    -0.384179174663E+002     0.563515816111E-002
     0.502006544641E-003    -0.212327941449E+003    -0.111378400741E+001    -0.426125060948E+002     0.688663898513E-002
     0.533126908594E-003    -0.205409502259E+003    -0.947334065070E+000    -0.466904308233E+002     0.833996123866E-002
     0.566114492604E-003    -0.198347018758E+003    -0.748006174986E+000    -0.505305807989E+002     0.100070256397E-001
     0.601081329767E-003    -0.191198865997E+003    -0.529672218461E+000    -0.540211059228E+002     0.118960636499E-001
     0.638146175159E-003    -0.184022867496E+003    -0.308800985822E+000    -0.570700824265E+002     0.140113883970E-001
     0.677434909153E-003    -0.176875608971E+003    -0.101874595696E+000    -0.596139936968E+002     0.163535501577E-001
     0.719080964939E-003    -0.169811444106E+003     0.774509893101E-001    -0.616224799322E+002     0.189198854216E-001
     0.763225781689E-003    -0.162880964702E+003     0.220631593127E+000    -0.630984378250E+002     0.217053714247E-001
     0.810019284919E-003    -0.156129010452E+003     0.325235827776E+000    -0.640734660376E+002     0.247036319899E-001
     0.859620395664E-003    -0.149592607492E+003     0.394347697780E+000    -0.645997142565E+002     0.279079092724E-001
     0.912197570216E-003    -0.143299392987E+003     0.434661563896E+000    -0.647401011969E+002     0.313118375905E-001
     0.967929372233E-003    -0.137267010487E+003     0.454057315234E+000    -0.645592107565E+002     0.349099277306E-001
     0.102700507918E-002    -0.131503670330E+003     0.459561420620E+000    -0.641167049004E+002     0.386977646945E-001
     0.108962532517E-002    -0.126009695803E+003     0.456280748909E+000    -0.634639817523E+002     0.426719975539E-001
     0.115600278233E-002    -0.120779594361E+003     0.447352396743E+000    -0.626436185593E+002     0.468302276861E-001
     0.122636288312E-002    -0.115804122481E+003     0.434515967377E+000    -0.616904435060E+002     0.511708811766E-001
     0.130094458593E-002    -0.111071952559E+003     0.418799373450E+000    -0.606330775626E+002     0.556931072178E-001
     0.138000118665E-002    -0.106570796400E+003     0.400986307365E+000    -0.594952461729E+002     0.603967059657E-001
     0.146380117888E-002    -0.102288059244E+003     0.381802254374E+000    -0.582966770829E+002     0.652820718239E-001
     0.155262916586E-002    -0.982112050908E+002     0.361929163216E+000    -0.570537018764E+002     0.703501392825E-001
     0.164678682697E-002    -0.943280443014E+002     0.341971984426E+000    -0.557796781921E+002     0.756023220206E-001
     0.174659394236E-002    -0.906268326886E+002     0.322393068694E+000    -0.544856366939E+002     0.810404714448E-001
     0.185238947896E-002    -0.870964740194E+002     0.303536749546E+000    -0.531806479150E+002     0.866668382714E-001
     0.196453274170E-002    -0.837266622989E+002     0.285614553503E+000    -0.518721851482E+002     0.924840425387E-001
     0.208340459379E-002    -0.805079287241E+002     0.268700557575E+000    -0.505664566539E+002     0.984950557583E-001
     0.220940875020E-002    -0.774316066773E+002     0.252758427142E+000    -0.492686530909E+002     0.104703192523E+000
     0.234297314879E-002    -0.744897502475E+002     0.237687540148E+000    -0.479831062199E+002     0.111112105877E+000
     0.248455140365E-002    -0.716750335210E+002     0.223375235654E+000    -0.467133958511E+002     0.117725782552E+000
     0.263462434571E-002    -0.689806503937E+002     0.209733953476E+000    -0.454624338295E+002     0.124548536353E+000
     0.279370165569E-002    -0.664002287942E+002     0.196712929184E+000    -0.442325406135E+002     0.131584999510E+000
     0.296232359518E-002    -0.639277677776E+002     0.184290357735E+000    -0.430255209491E+002     0.138840112852E+000
     0.314106284138E-002    -0.615576007281E+002     0.172459611923E+000    -0.418427388914E+002     0.146319115985E+000
     0.333052643213E-002    -0.592843800233E+002     0.161219249678E+000    -0.406851899405E+002     0.154027538681E+000
     0.353135782749E-002    -0.571043365072E+002     0.151409540058E+000    -0.395528398580E+002     0.161971048901E+000
     0.374423909507E-002    -0.550091511927E+002     0.140378103102E+000    -0.384483495727E+002     0.170156036848E+000
     0.396989322653E-002    -0.529974783835E+002     0.130877535728E+000    -0.373696952043E+002     0.178588714678E+000
     0.420908659296E-002    -0.510645582193E+002     0.122066094201E+000    -0.363176630278E+002     0.187275707826E+000
     0.446263154769E-002    -0.492065033204E+002     0.113773173923E+000    -0.352922964330E+002     0.196223938024E+000
     0.473138918520E-002    -0.474193317550E+002     0.106040887877E+000    -0.342933380417E+002     0.205440578601E+000
     0.501627226558E-002    -0.457000455321E+002     0.987996768895E-001    -0.333205093564E+002     0.214933069675E+000
     0.531824831448E-002    -0.440449103303E+002     0.920558624750E-001    -0.323734811230E+002     0.224709125117E+000
     0.563834290904E-002    -0.424508304236E+002     0.857849132467E-001    -0.314517148959E+002     0.234776686492E+000
     0.597764316095E-002    -0.409146231961E+002     0.799420928930E-001    -0.305545564727E+002     0.245143890684E+000
     0.633730140856E-002    -0.394335282022E+002     0.745526547180E-001    -0.296813483824E+002     0.255819066105E+000
     0.671853913045E-002    -0.380035995926E+002     0.695928772451E-001    -0.288310873980E+002     0.266810596205E+000
     0.712265109384E-002    -0.366215582973E+002     0.649169011996E-001    -0.280022213804E+002     0.278126659275E+000
     0.755100975191E-002    -0.352824001053E+002     0.605128744608E-001    -0.271928029917E+002     0.289774960715E+000
     0.800506990496E-002    -0.339800602016E+002     0.563855397052E-001    -0.263998281225E+002     0.301762098054E+000
     0.848637364120E-002    -0.327064020318E+002     0.524908569960E-001    -0.256188749032E+002     0.314092584145E+000
     0.899655557408E-002    -0.314503146581E+002     0.489071822020E-001    -0.248436592722E+002     0.326767394812E+000
     0.953734839373E-002    -0.301973404407E+002     0.455854334553E-001    -0.240653722896E+002     0.339781798697E+000
     0.101105887516E-001    -0.289283578318E+002     0.424478352291E-001    -0.232722106866E+002     0.353122391271E+000
     0.107182234982E-001    -0.276190714280E+002     0.397316178553E-001    -0.224488202855E+002     0.366763095860E+000
     0.113623162948E-001    -0.262367432480E+002     0.366374564229E-001    -0.215754276419E+002     0.380659693424E+000
     0.120450546223E-001    -0.247507942272E+002     0.344194658193E-001    -0.206293605991E+002     0.394744168181E+000
     0.127687572104E-001    -0.231160399503E+002     0.320803190860E-001    -0.195821248415E+002     0.408915821627E+000
     0.135358819124E-001    -0.212862826888E+002     0.283008553371E-001    -0.184013831968E+002     0.423031993923E+000
     0.143490340526E-001    -0.192271989561E+002     0.241888523120E-001    -0.170588412982E+002     0.436903441180E+000
     0.152109752747E-001    -0.168893656844E+002     0.221631158865E-001    -0.155203047861E+002     0.450281045294E+000
     0.161246329208E-001    -0.142576382202E+002     0.197665701720E-001    -0.137668234720E+002     0.462859221787E+000
     0.170931099734E-001    -0.113398900819E+002     0.176860724499E-001    -0.117976290126E+002     0.474284967600E+000
     0.181196955938E-001    -0.820993658384E+001     0.153325516696E-001    -0.965601336889E+001     0.484197704571E+000
     0.192078762926E-001    -0.505260570957E+001     0.129206728450E-001    -0.746593615957E+001     0.492322004364E+000
     0.203613477710E-001    -0.218287306636E+001     0.993930196277E-002    -0.545238942389E+001     0.498611190504E+000
     0.215840274722E-001     0.212666748140E-001     0.634863383940E-002    -0.388869313380E+001     0.503365822999E+000
     0.228800678855E-001     0.137811769069E+001    -0.853028042558E-004    -0.291277370062E+001     0.507140895431E+000
     0.242538706494E-001     0.203270138557E+001    -0.626521589478E-002    -0.244979432808E+001     0.510506440657E+000
     0.257101015006E-001     0.223814916845E+001    -0.142841859142E-001    -0.230415714102E+001     0.513861889847E+000
     0.272537061195E-001     0.224866751621E+001    -0.184512853287E-001    -0.229973519629E+001     0.517411885973E+000
     0.288899269272E-001     0.209714180966E+001    -0.241562510460E-001    -0.240596523026E+001     0.521348774758E+000
     0.306243208897E-001     0.191387307662E+001    -0.261903430296E-001    -0.253625660621E+001     0.525747877432E+000
     0.324627783907E-001     0.172041762958E+001    -0.262250054599E-001    -0.267243077296E+001     0.530661264391E+000
     0.344115432366E-001     0.154317528769E+001    -0.229151452472E-001    -0.279753778703E+001     0.536113190576E+000
     0.364772338618E-001     0.140273791451E+001    -0.163274441803E-001    -0.289574396702E+001     0.542094996825E+000
     0.386668658063E-001     0.129101017929E+001    -0.795121983314E-002    -0.297374244017E+001     0.548606421543E+000
     0.409878755421E-001     0.119782881096E+001    -0.516328359129E-003    -0.303874473756E+001     0.555659377765E+000
     0.434481457293E-001     0.111538199724E+001     0.443173570293E-002    -0.309644699696E+001     0.563277481801E+000
     0.460560319869E-001     0.104216273020E+001     0.651694502356E-002    -0.314827967091E+001     0.571487854680E+000
     0.488203912708E-001     0.980026457210E+000     0.391641212676E-002    -0.319163145161E+001     0.580310677356E+000
     0.517506119535E-001     0.945302802691E+000     0.357188500768E-002    -0.321662338535E+001     0.589736099540E+000
     0.548566457095E-001     0.946383984894E+000     0.702294763937E-002    -0.321639727377E+001     0.599726361859E+000
     0.581490413132E-001     0.972322883696E+000     0.643243369624E-002    -0.319793192206E+001     0.610255240160E+000
     0.616389804647E-001     0.103831975588E+001     0.569578063374E-002    -0.315004684518E+001     0.621248729945E+000
     0.653383157655E-001     0.116282621375E+001     0.811679019587E-002    -0.306289213519E+001     0.632579434729E+000
     0.692596109728E-001     0.132495489675E+001     0.892959473009E-002    -0.294845144805E+001     0.644141236285E+000
     0.734161836681E-001     0.151991815523E+001     0.846244901503E-002    -0.281065544136E+001     0.655823982901E+000
     0.778221504872E-001     0.172670315874E+001     0.466984953546E-002    -0.266483843918E+001     0.667565190670E+000
     0.824924750635E-001     0.192108429983E+001    -0.118331984745E-002    -0.252838635615E+001     0.679373576901E+000
     0.874430188470E-001     0.206250707625E+001    -0.912728412817E-002    -0.242933246728E+001     0.691400178527E+000
     0.926905949743E-001     0.212942836041E+001    -0.162039015889E-001    -0.238288107356E+001     0.703904817471E+000
     0.982530253690E-001     0.212825058487E+001    -0.187763215822E-001    -0.238401342194E+001     0.717166137473E+000
     0.104149201269E+000     0.208342741618E+001    -0.154355888253E-001    -0.241515758560E+001     0.731406622253E+000
     0.110399147386E+000     0.202359803025E+001    -0.799807843088E-002    -0.245631395346E+001     0.746758533490E+000
     0.117024089912E+000     0.196459975148E+001     0.313566723722E-003    -0.249694733614E+001     0.763300666213E+000
     0.124046528610E+000     0.192463185623E+001     0.769765224163E-002    -0.252429175867E+001     0.781027432766E+000
     0.131490313229E+000     0.192045949940E+001     0.131746328383E-001    -0.252662598572E+001     0.799835348096E+000
     0.139380724499E+000     0.195419428457E+001     0.157375768958E-001    -0.250242996755E+001     0.819580940176E+000
     0.147744559993E+000     0.202114598663E+001     0.147014251484E-001    -0.245567009800E+001     0.840120128966E+000
     0.156610225139E+000     0.211520325270E+001     0.107768499006E-001    -0.238979432645E+001     0.861307460659E+000
     0.166007829686E+000     0.223705062454E+001     0.602366230573E-002    -0.230429051885E+001     0.882962345706E+000
     0.175969289968E+000     0.237595141022E+001     0.118978237324E-002    -0.220665855660E+001     0.904943890469E+000
     0.185969289968E+000     0.248581448505E+001    -0.442175084300E-002    -0.212967639580E+001     0.926240700330E+000
     0.195969289968E+000     0.253209686811E+001    -0.104854956806E-001    -0.209792041520E+001     0.947220166515E+000
     0.205969289968E+000     0.251596855989E+001    -0.149644940446E-001    -0.211044619501E+001     0.968325159001E+000
     0.215969289968E+000     0.246867792415E+001    -0.156167140099E-001    -0.214386445157E+001     0.989764372299E+000
     0.225969289968E+000     0.244257330747E+001    -0.126749017055E-001    -0.216192292103E+001     0.101138397306E+001
     0.235969289968E+000     0.244661547131E+001    -0.677115168224E-002    -0.215801121302E+001     0.103296419142E+001
     0.245969289968E+000     0.247708898876E+001     0.596220468977E-003    -0.213505987654E+001     0.105431479101E+001
     0.255969289968E+000     0.252155053121E+001     0.841596923330E-002    -0.210215581008E+001     0.107533651758E+001
     0.265969289968E+000     0.256456033254E+001     0.147107151801E-001    -0.207059592215E+001     0.109604299936E+001
     0.275969289968E+000     0.259301862262E+001     0.179719924685E-001    -0.204994772931E+001     0.111654326445E+001
     0.285969289968E+000     0.260152323349E+001     0.177724945564E-001    -0.204406737247E+001     0.113698471079E+001
     0.295969289968E+000     0.259039849117E+001     0.150873831782E-001    -0.205236923558E+001     0.115750895769E+001
     0.305969289968E+000     0.257817483949E+001     0.112528225584E-001    -0.206189375595E+001     0.117812820231E+001
     0.315969289968E+000     0.256720695936E+001     0.778174859550E-002    -0.207036130252E+001     0.119883196158E+001
     0.325969289968E+000     0.256804547911E+001     0.512602064773E-002    -0.207022930083E+001     0.121953431805E+001
     0.335969289968E+000     0.258512532794E+001     0.338584544401E-002    -0.205841515617E+001     0.124011849745E+001
     0.345969289968E+000     0.261510767965E+001     0.203222407944E-002    -0.203738103437E+001     0.126049231793E+001
     0.355969289968E+000     0.265260959434E+001     0.130048543802E-002    -0.201102127445E+001     0.128060253488E+001
     0.365969289968E+000     0.268374458232E+001     0.700671027456E-003    -0.198893294239E+001     0.130049186554E+001
     0.375969289968E+000     0.270282079230E+001    -0.276156327557E-003    -0.197578657473E+001     0.132024973148E+001
     0.385969289968E+000     0.270685457185E+001    -0.150309794903E-002    -0.197326289046E+001     0.133998236611E+001
     0.395969289968E+000     0.269906348705E+001    -0.335282597568E-002    -0.197898580519E+001     0.135977225256E+001
     0.405969289968E+000     0.269536977100E+001    -0.462577321771E-002    -0.198179194044E+001     0.137959022595E+001
     0.415969289968E+000     0.269434984948E+001    -0.599485014595E-002    -0.198284006006E+001     0.139941871718E+001
     0.425969289968E+000     0.270566987296E+001    -0.535253014195E-002    -0.197492609187E+001     0.141916805063E+001
     0.435969289968E+000     0.271969235990E+001    -0.437829610966E-002    -0.196464687900E+001     0.143881456821E+001
     0.445969289968E+000     0.273895012039E+001    -0.205108000492E-002    -0.195049426741E+001     0.145831952166E+001
     0.455969289968E+000     0.276193655943E+001     0.108372534185E-002    -0.193344455857E+001     0.147765397029E+001
     0.465969289968E+000     0.278719897730E+001     0.442982250373E-002    -0.191498597771E+001     0.149680388130E+001
     0.475969289968E+000     0.281176278303E+001     0.764570214774E-002    -0.189704232386E+001     0.151577445861E+001
     0.485969289968E+000     0.283185138264E+001     0.991614869241E-002    -0.188248303291E+001     0.153459955011E+001
     0.495969289968E+000     0.284350270162E+001     0.112640885335E-001    -0.187427590316E+001     0.155334264762E+001
     0.505969289968E+000     0.284035072129E+001     0.105511019196E-001    -0.187637711467E+001     0.157210671541E+001
     0.515969289968E+000     0.283504352346E+001     0.928447181552E-002    -0.188059569242E+001     0.159091290152E+001
     0.525969289968E+000     0.282570344478E+001     0.708136930381E-002    -0.188776671534E+001     0.160979070149E+001
     0.535969289968E+000     0.281499087358E+001     0.498550531422E-002    -0.189586134046E+001     0.162874938045E+001
     0.545969289968E+000     0.280572905210E+001     0.305663027516E-002    -0.190286437673E+001     0.164777804876E+001
     0.555969289968E+000     0.279986717677E+001     0.144218669937E-002    -0.190719014566E+001     0.166684995567E+001
     0.565969289968E+000     0.279920282388E+001     0.165787675736E-003    -0.190718954873E+001     0.168592185123E+001
     0.575969289968E+000     0.281143367910E+001    -0.609085477221E-003    -0.189909994529E+001     0.170491285166E+001
     0.585969289968E+000     0.282922299584E+001    -0.746035633762E-003    -0.188668666897E+001     0.172377971983E+001
     0.595969289968E+000     0.284883999487E+001    -0.665634620794E-003    -0.187276635485E+001     0.174250738456E+001
     0.605969289968E+000     0.287146841634E+001    -0.173296025517E-003    -0.185665139335E+001     0.176107389857E+001
     0.615969289968E+000     0.289404527099E+001     0.641931701330E-003    -0.184052309320E+001     0.177947913062E+001
     0.625969289968E+000     0.291423075157E+001     0.165267785030E-002    -0.182604663741E+001     0.179773960448E+001
     0.635969289968E+000     0.292999728259E+001     0.257435316850E-002    -0.181475968840E+001     0.181588721962E+001
     0.645969289968E+000     0.293991299868E+001     0.351203610410E-002    -0.180759968707E+001     0.183396325061E+001
     0.655969289968E+000     0.294005012118E+001     0.318421902009E-002    -0.180754640158E+001     0.185203874267E+001
     0.665969289968E+000     0.293932837709E+001     0.317928541603E-002    -0.180830706674E+001     0.187012184129E+001
     0.675969289968E+000     0.293070716674E+001     0.262345133458E-002    -0.181452268684E+001     0.188826708712E+001
     0.685969289968E+000     0.292055676289E+001     0.192133911162E-002    -0.182173286168E+001     0.190648442587E+001
     0.695969289968E+000     0.291066473031E+001     0.118961209795E-002    -0.182891456934E+001     0.192477357543E+001
     0.705969289968E+000     0.290244720558E+001     0.777351706631E-003    -0.183489983303E+001     0.194312257541E+001
     0.715969289968E+000     0.289570116928E+001     0.224864407394E-003    -0.183959805050E+001     0.196151855605E+001
     0.725969289968E+000     0.289420387064E+001     0.121754284234E-003    -0.184073753795E+001     0.197992593147E+001
     0.735969289968E+000     0.289423191435E+001     0.503416256966E-003    -0.184092900323E+001     0.199833522219E+001
     0.745969289968E+000     0.289152063093E+001     0.708507669852E-004    -0.184217928634E+001     0.201675701507E+001
     0.755969289968E+000     0.289960692974E+001     0.824058288497E-003    -0.183669154777E+001     0.203512393240E+001
