 #        time                      h  [L]            Darcian flow [L.T^{-1}]   in    x         z              directions   cumulative flux
 #-----------------------------------------------------------------------------------------------

     0.100000000000E-005    -0.280000000000E+003     0.000000000000E+000     0.000000000000E+000     0.000000000000E+000
     0.205999994278E-005    -0.280000000000E+003    -0.786146445611E-030    -0.641937288497E-014     0.680453489075E-020
     0.318359982147E-005    -0.280000000000E+003    -0.505778066013E-014    -0.317210359170E-014     0.135126601425E-019
     0.437461562859E-005    -0.280000000000E+003     0.000000000000E+000     0.000000000000E+000     0.135126601425E-019
     0.563709231599E-005    -0.280000000000E+003     0.505778066013E-014    -0.324726929327E-014     0.211007545134E-019
     0.697531753239E-005    -0.280000000000E+003     0.505778066013E-014    -0.966664217824E-014     0.357006086266E-019
     0.839383618521E-005    -0.280000000000E+003     0.505778066013E-014    -0.966664217824E-014     0.511764531512E-019
     0.989746587602E-005    -0.280000000000E+003     0.505778066013E-014    -0.324726929327E-014     0.602139934928E-019
     0.114913132622E-004    -0.280000000000E+003     0.101155613203E-013    -0.751657015730E-016     0.763370995660E-019
     0.131807914004E-004    -0.280000000000E+003     0.151733419804E-013     0.309693789013E-014     0.102500638128E-018
     0.149716381303E-004    -0.280000000000E+003     0.151733419804E-013    -0.332243499485E-014     0.130317560166E-018
     0.168699355614E-004    -0.280000000000E+003     0.202311226405E-013    -0.150331403146E-015     0.168723308552E-018
     0.188821307298E-004    -0.280000000000E+003     0.303466839608E-013    -0.225497104719E-015     0.229788445189E-018
     0.210150574931E-004    -0.280000000000E+003     0.303466839608E-013    -0.225497104719E-015     0.294517486530E-018
     0.232759597402E-004    -0.280000000000E+003     0.252889033006E-013     0.944114507352E-014     0.355547771481E-018
     0.256725159928E-004    -0.280000000000E+003     0.303466839608E-013     0.619387578025E-014     0.429774706428E-018
     0.282128654833E-004    -0.280000000000E+003     0.303466839608E-013     0.190326215502E-013     0.520773199161E-018
     0.309056357980E-004    -0.280000000000E+003     0.303466839608E-013     0.619387578025E-014     0.604174574262E-018
     0.337599721774E-004    -0.280000000000E+003     0.303466839608E-013     0.619387578025E-014     0.692580027098E-018
     0.367855685763E-004    -0.280000000000E+003     0.252889033006E-013     0.302177218855E-014     0.769638334515E-018
     0.399927005860E-004    -0.280000000000E+003     0.252889033006E-013     0.158605179585E-013     0.865374564235E-018
     0.433922603327E-004    -0.280000000000E+003     0.252889033006E-013     0.158605179585E-013     0.966854962259E-018
     0.469957934698E-004    -0.280000000000E+003     0.151733419804E-013     0.951631077510E-014     0.103139649192E-017
     0.508155383889E-004    -0.280000000000E+003     0.151733419804E-013     0.309693789013E-014     0.109054969504E-017
     0.548644677845E-004    -0.280000000000E+003     0.151733419804E-013     0.951631077510E-014     0.116306854994E-017
     0.591563327122E-004    -0.280000000000E+003     0.505778066013E-014     0.160108493616E-013     0.123513207323E-017
     0.637057092900E-004    -0.280000000000E+003     0.235843933683E-029     0.192581186549E-013     0.132274450717E-017
     0.685280482021E-004    -0.280000000000E+003     0.505778066013E-014     0.160108493616E-013     0.140371507319E-017
     0.736397271730E-004    -0.280000000000E+003     0.101155613203E-013     0.191829529533E-013     0.151457020426E-017
     0.790581065897E-004    -0.280000000000E+003     0.202311226405E-013     0.191077872518E-013     0.166535367208E-017
     0.848015884613E-004    -0.280000000000E+003     0.202311226405E-013     0.126884143668E-013     0.180251280321E-017
     0.908896789166E-004    -0.280000000000E+003     0.202311226405E-013     0.126884143668E-013     0.194790147437E-017
     0.973430544509E-004    -0.280000000000E+003     0.151733419804E-013     0.159356836601E-013     0.208990159428E-017
     0.104183632148E-003    -0.280000000000E+003     0.202311226405E-013     0.191077872518E-013     0.228026220725E-017
     0.111434644115E-003    -0.280000000000E+003     0.151733419804E-013     0.223550565450E-013     0.247617092564E-017
     0.119120716386E-003    -0.280000000000E+003     0.151733419804E-013     0.951631077510E-014     0.261383328160E-017
     0.127267952553E-003    -0.280000000000E+003     0.101155613203E-013     0.256023258383E-013     0.283811230555E-017
     0.135904022424E-003    -0.280000000000E+003     0.505778066013E-014     0.352689680166E-013     0.314581357842E-017
     0.145058255993E-003    -0.280000000000E+003     0.505778066013E-014     0.224302222466E-013     0.335630044730E-017
     0.154761743052E-003    -0.280000000000E+003     0.101155613203E-013     0.191829529533E-013     0.356673645785E-017
     0.165047438780E-003    -0.280000000000E+003     0.151733419804E-013     0.223550565450E-013     0.384463662913E-017
     0.175950275662E-003    -0.280000000000E+003     0.101155613203E-013     0.191829529533E-013     0.408108250504E-017
     0.187507282134E-003    -0.280000000000E+003     0.101155613203E-013     0.127635800684E-013     0.426929982764E-017
     0.199757708333E-003    -0.280000000000E+003     0.786146445611E-030     0.641937288497E-014     0.434793988141E-017
     0.212743159403E-003    -0.280000000000E+003    -0.101155613203E-013     0.751657015730E-016     0.447929863433E-017
     0.226507736794E-003    -0.280000000000E+003    -0.505778066013E-014     0.324726929327E-014     0.456203038951E-017
     0.241098188040E-003    -0.280000000000E+003    -0.202311226405E-013     0.129890771731E-013     0.491281301252E-017
     0.256564065527E-003    -0.280000000000E+003    -0.151733419804E-013     0.332243499485E-014     0.515304189483E-017
     0.272957894778E-003    -0.280000000000E+003    -0.202311226405E-013     0.656970428812E-014     0.550175653845E-017
     0.290335352846E-003    -0.280000000000E+003    -0.303466839608E-013     0.130642428747E-013     0.607589567422E-017
     0.308755457403E-003    -0.280000000000E+003    -0.151733419804E-013     0.225805536498E-013     0.657701451206E-017
     0.328280767180E-003    -0.280000000000E+003    -0.101155613203E-013     0.751657015730E-016     0.677452943310E-017
     0.348977594427E-003    -0.280000000000E+003    -0.151733419804E-013     0.332243499485E-014     0.709600978112E-017
     0.370916230124E-003    -0.280000000000E+003    -0.151733419804E-013     0.332243499485E-014     0.743677893163E-017
     0.394171182707E-003    -0.280000000000E+003    -0.151733419804E-013     0.161611807648E-013     0.795229149291E-017
     0.418821431115E-003    -0.280000000000E+003    -0.202311226405E-013     0.258278229430E-013     0.876102056082E-017
     0.444950693017E-003    -0.280000000000E+003    -0.151733419804E-013     0.354192994197E-013     0.976784753919E-017
     0.472647709137E-003    -0.280000000000E+003    -0.252889033006E-013     0.354944651213E-013     0.109749372944E-016
     0.502006544641E-003    -0.280000000000E+003    -0.151733419804E-013     0.418386723047E-013     0.122815554949E-016
     0.533126908594E-003    -0.280000000000E+003    -0.202311226405E-013     0.579246873679E-013     0.141909788266E-016
     0.566114492604E-003    -0.280000000000E+003    -0.252889033006E-013     0.547525837762E-013     0.161804813390E-016
     0.601081329767E-003    -0.280000000000E+003    -0.202311226405E-013     0.515053144829E-013     0.181154134588E-016
     0.638146175159E-003    -0.280000000000E+003    -0.151733419804E-013     0.482580451896E-013     0.199904218280E-016
     0.677434909153E-003    -0.280000000000E+003    -0.151733419804E-013     0.418386723047E-013     0.217389712522E-016
     0.719080964939E-003    -0.280000000000E+003    -0.151733419804E-013     0.546774180746E-013     0.241021235991E-016
     0.763225781689E-003    -0.280000000000E+003    -0.151733419804E-013     0.418386723047E-013     0.260667935200E-016
     0.810019284919E-003    -0.280000000000E+003    -0.101155613203E-013     0.385914030114E-013     0.279336261620E-016
     0.859620395664E-003    -0.280000000000E+003    -0.202311226405E-013     0.386665687130E-013     0.300981915038E-016
     0.912197570216E-003    -0.280000000000E+003    -0.202311226405E-013     0.322471958280E-013     0.320997044521E-016
     0.967929372233E-003    -0.280000000000E+003    -0.202311226405E-013     0.322471958280E-013     0.342213080627E-016
     0.102700507918E-002    -0.280000000000E+003    -0.151733419804E-013     0.354192994197E-013     0.364976454406E-016
     0.108962532517E-002    -0.280000000000E+003    -0.101155613203E-013     0.321720301264E-013     0.386095025397E-016
     0.115600278233E-002    -0.280000000000E+003    -0.101155613203E-013     0.321720301264E-013     0.408480709439E-016
     0.122636288312E-002    -0.280000000000E+003    -0.505778066013E-014     0.289247608332E-013     0.429140991112E-016
     0.130094458593E-002    -0.280000000000E+003    -0.505778066013E-014     0.225053879482E-013     0.446344544647E-016
     0.138000118665E-002    -0.280000000000E+003     0.471687867367E-029     0.385162373098E-013     0.476794172588E-016
     0.146380117888E-002    -0.280000000000E+003     0.505778066013E-014     0.545270866715E-013     0.522684017979E-016
     0.155262916586E-002    -0.280000000000E+003     0.786146445611E-029     0.641937288497E-013     0.579706015079E-016
     0.164678682697E-002    -0.280000000000E+003     0.151733419804E-013     0.416131752000E-013     0.621411446566E-016
     0.174659394236E-002    -0.280000000000E+003     0.151733419804E-013     0.480325480849E-013     0.671686461077E-016
     0.185238947896E-002    -0.280000000000E+003     0.101155613203E-013     0.384410716083E-013     0.713739895001E-016
     0.196453274170E-002    -0.280000000000E+003     0.202311226405E-013     0.383659059067E-013     0.762380101716E-016
     0.208340459379E-002    -0.280000000000E+003     0.101155613203E-013     0.448604444932E-013     0.817045440449E-016
     0.220940875020E-002    -0.280000000000E+003     0.101155613203E-013     0.448604444932E-013     0.874990696379E-016
     0.234297314879E-002    -0.280000000000E+003     0.151733419804E-013     0.351938023150E-013     0.926179747069E-016
     0.248455140365E-002    -0.280000000000E+003     0.151733419804E-013     0.287744294300E-013     0.972235092354E-016
     0.263462434571E-002    -0.280000000000E+003     0.101155613203E-013     0.191829529533E-013     0.100478086793E-015
     0.279370165569E-002    -0.280000000000E+003     0.151733419804E-013     0.287744294300E-013     0.105652864831E-015
     0.296232359518E-002    -0.280000000000E+003     0.151733419804E-013     0.287744294300E-013     0.111138129255E-015
     0.314106284138E-002    -0.280000000000E+003     0.202311226405E-013     0.319465330217E-013     0.117896929495E-015
     0.333052643213E-002    -0.280000000000E+003     0.303466839608E-013     0.190326215502E-013     0.124683752037E-015
     0.353135782749E-002    -0.280000000000E+003     0.252889033006E-013     0.158605179585E-013     0.130678778292E-015
     0.374423909507E-002    -0.280000000000E+003     0.354044646209E-013     0.294660648698E-014     0.138241783749E-015
     0.396989322653E-002    -0.280000000000E+003     0.354044646209E-013    -0.347276639799E-014     0.146269288647E-015
     0.420908659296E-002    -0.280000000000E+003     0.657511485817E-013    -0.369826350271E-014     0.162021385351E-015
     0.446263154769E-002    -0.280000000000E+003     0.758667099019E-013    -0.101928020893E-013     0.181429834939E-015
     0.473138918520E-002    -0.280000000000E+003     0.505778066013E-013    -0.375828507865E-015     0.195023382022E-015
     0.501627226558E-002    -0.280000000000E+003     0.505778066013E-013    -0.375828507865E-015     0.209432541152E-015
     0.531824831448E-002    -0.280000000000E+003     0.505778066013E-013     0.604354437711E-014     0.224814475912E-015
     0.563834290904E-002    -0.280000000000E+003     0.455200259411E-013     0.157101865553E-013     0.240228560315E-015
     0.597764316095E-002    -0.280000000000E+003     0.101155613203E-013    -0.751657015730E-016     0.243660867573E-015
     0.633730140856E-002    -0.280000000000E+003     0.151733419804E-013     0.309693789013E-014     0.249230594827E-015
     0.671853913045E-002    -0.280000000000E+003     0.101155613203E-013    -0.751657015730E-016     0.253087134846E-015
     0.712265109384E-002    -0.280000000000E+003    -0.505778066013E-014    -0.317210359170E-014     0.255499767418E-015
     0.755100975191E-002    -0.280000000000E+003    -0.505778066013E-014    -0.959147647667E-014     0.260144596980E-015
     0.800506990496E-002    -0.280000000000E+003     0.505778066013E-014     0.317210359170E-014     0.262855430646E-015
     0.848637364120E-002    -0.280000000000E+003     0.505778066013E-014     0.317210359170E-014     0.265728914177E-015
     0.899655557408E-002    -0.280000000000E+003     0.151733419804E-013     0.309693789013E-014     0.273629676177E-015
     0.953734839373E-002    -0.280000000000E+003    -0.505778066013E-014     0.966664217824E-014     0.279529651888E-015
     0.101105887516E-001    -0.280000000000E+003     0.101155613203E-013     0.191829529533E-013     0.291961307978E-015
     0.107182234982E-001    -0.280000000000E+003     0.550302511928E-029     0.449356101948E-013     0.319265746091E-015
     0.113623162948E-001    -0.280000000000E+003     0.202311226405E-013     0.319465330217E-013     0.343621306725E-015
     0.120450546223E-001    -0.280000000000E+003     0.404622452810E-013     0.189574558486E-013     0.374128164047E-015
     0.127687572104E-001    -0.280000000000E+003     0.151733419804E-013     0.309693789013E-014     0.385335542315E-015
     0.135358819124E-001    -0.280000000000E+003    -0.151733419804E-013     0.332243499485E-014     0.397251161711E-015
     0.143490340526E-001    -0.280000000000E+003    -0.252889033006E-013     0.354944651213E-013     0.432689911272E-015
     0.152109752747E-001    -0.280000000000E+003     0.505778066013E-014     0.959147647667E-014     0.442036214873E-015
     0.161246329208E-001    -0.280000000000E+003    -0.151733419804E-013    -0.951631077510E-014     0.458400394089E-015
     0.170931099734E-001    -0.280000000000E+003     0.235843933683E-029     0.192581186549E-013     0.477051440082E-015
     0.181196955938E-001    -0.280000000000E+003     0.404622452810E-013     0.611871007868E-014     0.519061650557E-015
     0.192078762926E-001    -0.280000000000E+003     0.354044646209E-013     0.294660648698E-014     0.557721306509E-015
     0.203613477710E-001    -0.280000000000E+003     0.101155613203E-013    -0.193332843565E-013     0.582889738702E-015
     0.215840274722E-001    -0.280000000000E+003     0.157229289122E-029     0.128387457699E-013     0.598587412544E-015
     0.228800678855E-001    -0.279999999999E+003     0.138820905780E-009    -0.597399112257E-010     0.196468420304E-012
     0.242538706494E-001    -0.279999999999E+003     0.590647625492E-010    -0.229965688494E-010     0.283545067587E-012
     0.257101015006E-001    -0.279999999999E+003     0.538603062499E-010    -0.206886477811E-010     0.367565331666E-012
     0.272537061195E-001    -0.280000008553E+003    -0.919284249882E-006     0.385297093018E-006     0.153897623589E-008
     0.288899269272E-001    -0.280000003464E+003    -0.370244120617E-006     0.138493565606E-006     0.218577243073E-008
     0.306243208897E-001    -0.280000001815E+003    -0.181675331976E-006     0.609863557490E-007     0.251814884899E-008
     0.324627783907E-001    -0.280000001322E+003    -0.120920619604E-006     0.392845126737E-007     0.275189387534E-008
     0.344115432366E-001    -0.280000000817E+003    -0.624686586373E-007     0.181426122824E-007     0.287866080676E-008
     0.364772338618E-001    -0.280000000601E+003    -0.378156551539E-007     0.105232570326E-007     0.295974443215E-008
     0.386668658063E-001    -0.280000000470E+003    -0.240273258062E-007     0.657423485388E-008     0.301428925602E-008
     0.409878755421E-001    -0.280000000385E+003    -0.160281726134E-007     0.438459727842E-008     0.305285763694E-008
     0.434481457293E-001    -0.280000000298E+003    -0.923630153477E-008     0.253447057971E-008     0.307642142706E-008
     0.460560319869E-001    -0.279999998839E+003     0.150372787175E-006    -0.578896546211E-007     0.349663265113E-008
     0.488203912708E-001    -0.280000016349E+003    -0.180037903467E-005     0.679622210109E-006     0.881631944310E-008
     0.517506119535E-001    -0.280000055400E+003    -0.615755799106E-005     0.226109400247E-005     0.280373312305E-007
     0.548566457095E-001    -0.279999953631E+003     0.530211083615E-005    -0.205220686821E-005     0.456964190307E-007
     0.581490413132E-001    -0.279999988857E+003     0.138069043688E-005    -0.455650308335E-006     0.504833440454E-007
     0.616389804647E-001    -0.279999994801E+003     0.638383345232E-006    -0.194256610111E-006     0.528121271894E-007
     0.653383157655E-001    -0.279999998084E+003     0.227216981044E-006    -0.598215521430E-007     0.536813227990E-007
     0.692596109728E-001    -0.279999998922E+003     0.116078034636E-006    -0.307522295487E-007     0.541522017787E-007
     0.734161836681E-001    -0.279999993174E+003     0.770118614346E-006    -0.259946063616E-006     0.575306916705E-007
     0.778221504872E-001    -0.279999998059E+003     0.204282180976E-006    -0.572394042019E-007     0.584654168703E-007
     0.824924750635E-001    -0.279999999187E+003     0.679560581593E-007    -0.168812564524E-007     0.587924397425E-007
     0.874430188470E-001    -0.280000000221E+003    -0.502183095781E-007     0.188083892441E-007     0.590579123527E-007
     0.926905949743E-001    -0.279999999871E+003    -0.469022668664E-008     0.131569951148E-008     0.590834747237E-007
     0.982530253690E-001    -0.279999999994E+003    -0.137429459748E-007     0.418220571123E-008     0.591633802336E-007
     0.104149201269E+000    -0.279999973070E+003     0.314706779029E-005    -0.991088298681E-006     0.786174475681E-007
     0.110399147386E+000    -0.279999994148E+003     0.643396782869E-006    -0.146810473539E-006     0.827419988031E-007
     0.117024089912E+000    -0.279999997815E+003     0.174883765021E-006    -0.366782011972E-007     0.839258006183E-007
     0.124046528610E+000    -0.279999998841E+003     0.574121787750E-007    -0.128860025133E-007     0.843390045951E-007
     0.131490313229E+000    -0.279999999248E+003     0.227248918795E-007    -0.589532124538E-008     0.845137632769E-007
     0.139380724499E+000    -0.279999999458E+003     0.106583219251E-007    -0.320067022676E-008     0.846015719328E-007
     0.147744559993E+000    -0.279999999735E+003    -0.126146259448E-007     0.339067727657E-008     0.847108234371E-007
     0.156610225139E+000    -0.279999999679E+003     0.110413678676E-007     0.154315956246E-007     0.848790483406E-007
     0.166007829686E+000    -0.279999996506E+003     0.395383026571E-006    -0.108863511600E-006     0.887329714988E-007
     0.175969289968E+000    -0.279999999283E+003     0.586214585288E-007    -0.137048595615E-007     0.893326728010E-007
     0.185969289968E+000    -0.279999999755E+003     0.120476487295E-007     0.134765543295E-007     0.895134387703E-007
     0.195969289968E+000    -0.279999999830E+003     0.322682866113E-008    -0.501530793756E-009     0.895460944840E-007
     0.205969289968E+000    -0.279999999270E+003     0.760884333387E-007    -0.238988415712E-007     0.903436284529E-007
     0.215969289968E+000    -0.279999999835E+003     0.107551379301E-007    -0.436492022300E-008     0.904596997760E-007
     0.225969289968E+000    -0.279999999918E+003    -0.229724397736E-009    -0.755709172525E-008     0.905353056016E-007
     0.235969289968E+000    -0.280000000325E+003    -0.190422406685E-008     0.871514937737E-007     0.914070285471E-007
     0.245969289968E+000    -0.280000000152E+003    -0.572212014283E-009     0.965384361564E-008     0.915037364181E-007
     0.255969289968E+000    -0.280000000254E+003    -0.453818472806E-008    -0.427717586592E-008     0.915660977475E-007
     0.265969289968E+000    -0.280000000336E+003    -0.573763234758E-008    -0.988097439100E-008     0.916803580117E-007
     0.275969289968E+000    -0.279999999823E+003    -0.286737218928E-008    -0.139118064880E-006     0.930718341272E-007
     0.285969289968E+000    -0.279999999708E+003     0.493518462057E-007    -0.224115032887E-007     0.936138562857E-007
     0.295969289968E+000    -0.279999999890E+003     0.110438158146E-007     0.424899131648E-008     0.937321862460E-007
     0.305969289968E+000    -0.279999996632E+003     0.390564119302E-006    -0.967138427550E-007     0.977557903352E-007
     0.315969289968E+000    -0.279999996093E+003     0.436415837640E-006    -0.112797058181E-006     0.102263361296E-006
     0.325969289968E+000    -0.280000001922E+003    -0.285564117502E-006     0.873011668945E-007     0.105249468443E-006
     0.335969289968E+000    -0.279999999850E+003    -0.324394064994E-007     0.103180025324E-007     0.105589876474E-006
     0.345969289968E+000    -0.280000000023E+003    -0.493542687570E-007     0.154378515499E-007     0.106107000357E-006
     0.355969289968E+000    -0.279999999664E+003    -0.148816598101E-008     0.487963570191E-008     0.106158015533E-006
     0.365969289968E+000    -0.279999999675E+003    -0.187722058584E-008     0.204034929725E-008     0.106185740941E-006
     0.375969289968E+000    -0.279999999664E+003     0.128835329771E-008     0.508492494170E-009     0.106199591641E-006
     0.385969289968E+000    -0.279999999673E+003     0.152252348501E-008    -0.768671030237E-009     0.106216647235E-006
     0.395969289968E+000    -0.279999999691E+003     0.136343099373E-008     0.176650036919E-009     0.106230395505E-006
     0.405969289968E+000    -0.279999999791E+003     0.841675396630E-009     0.205731896506E-007     0.106436299500E-006
     0.415969289968E+000    -0.279999999731E+003     0.927288450460E-009    -0.540182446744E-008     0.106491107867E-006
     0.425969289968E+000    -0.279999999433E+003     0.422285995030E-007    -0.130076903625E-007     0.106932973755E-006
     0.435969289968E+000    -0.279999999748E+003     0.611791173007E-008    -0.198031713256E-008     0.106997278109E-006
     0.445969289968E+000    -0.279999999800E+003     0.127709973430E-008    -0.358036015729E-009     0.107010541493E-006
     0.455969289968E+000    -0.279999999871E+003     0.158278188143E-009     0.123833669366E-007     0.107134385277E-006
     0.465969289968E+000    -0.279999999837E+003    -0.138985283832E-007    -0.268268536888E-007     0.107436519216E-006
     0.475969289968E+000    -0.279999999800E+003    -0.224079914727E-008    -0.843784955869E-008     0.107523822415E-006
     0.485969289968E+000    -0.279999999788E+003    -0.482835973762E-009     0.940257766636E-009     0.107534392255E-006
     0.495969289968E+000    -0.279999999746E+003     0.153838468430E-008     0.164827191024E-008     0.107556938714E-006
     0.505969289968E+000    -0.279999999725E+003     0.172552762718E-008     0.146313638727E-008     0.107579562183E-006
     0.515969289968E+000    -0.279999999715E+003     0.171484053676E-008     0.982985723007E-009     0.107599328161E-006
     0.525969289968E+000    -0.279999996624E+003     0.377067218840E-006    -0.102490025184E-006     0.111506806796E-006
     0.535969289968E+000    -0.279999997502E+003     0.264830483770E-006    -0.685082688101E-007     0.114242287887E-006
     0.545969289968E+000    -0.279999999276E+003     0.438204905084E-007    -0.843625708983E-008     0.114688539590E-006
     0.555969289968E+000    -0.279999999774E+003    -0.154715892185E-007     0.762725512855E-008     0.114861034545E-006
     0.565969289968E+000    -0.279999999326E+003     0.421262654627E-007    -0.104780340466E-007     0.115295132626E-006
     0.575969289968E+000    -0.279999999603E+003     0.756579755366E-008    -0.731029992671E-008     0.115400338033E-006
     0.585969289968E+000    -0.280000000081E+003    -0.193864732576E-010     0.930076164105E-007     0.116330414218E-006
     0.595969289968E+000    -0.279999999890E+003     0.295485661988E-009     0.568507342467E-008     0.116387341690E-006
     0.605969289968E+000    -0.280000002266E+003    -0.251598657059E-006     0.113736541839E-006     0.119148462571E-006
     0.615969289968E+000    -0.280000000576E+003    -0.427278071204E-007     0.560623265023E-008     0.119579402862E-006
     0.625969289968E+000    -0.280000000478E+003    -0.154900146255E-007    -0.518065307015E-008     0.119742736790E-006
     0.635969289968E+000    -0.280000000575E+003    -0.126068975705E-007     0.543714157074E-008     0.119880030772E-006
     0.645969289968E+000    -0.279999999949E+003     0.480258781000E-007    -0.529114147373E-007     0.120594600767E-006
     0.655969289968E+000    -0.279999990505E+003     0.121123373836E-005    -0.328093945398E-006     0.133143436593E-006
     0.665969289968E+000    -0.279999998798E+003     0.176342164586E-006    -0.379296779590E-007     0.134947188779E-006
     0.675969289968E+000    -0.279999999856E+003     0.352507081299E-007    -0.749685955872E-008     0.135307579585E-006
     0.685969289968E+000    -0.280000000079E+003     0.833175794281E-008    -0.240204503223E-008     0.135394290605E-006
     0.695969289968E+000    -0.279999999909E+003     0.308086212065E-007    -0.901326367775E-008     0.135715290615E-006
     0.705969289968E+000    -0.280000000255E+003    -0.348069484576E-007    -0.385756258092E-007     0.136234867613E-006
     0.715969289968E+000    -0.279999986364E+003     0.163453266434E-005    -0.514865869139E-006     0.153371914891E-006
     0.725969289968E+000    -0.279999997687E+003     0.242166739778E-006    -0.521848799631E-007     0.155849171267E-006
     0.735969289968E+000    -0.279999999011E+003     0.566079207560E-007    -0.362702659724E-008     0.156416411253E-006
     0.745969289968E+000    -0.279999998703E+003     0.866858802279E-007    -0.152532879609E-007     0.157296587634E-006
     0.755969289968E+000    -0.279999999004E+003     0.475466790337E-007    -0.630857022021E-008     0.157776221322E-006
