 #        time                      h  [L]            Darcian flow [L.T^{-1}]   in    x         z              directions   cumulative flux
 #-----------------------------------------------------------------------------------------------

     0.100000000000E-005    -0.280000000000E+003     0.786146445611E-030     0.641937288497E-014     0.641937288497E-020
     0.205999994278E-005    -0.280000000000E+003     0.505778066013E-014    -0.324726929327E-014     0.127904842720E-019
     0.318359982147E-005    -0.280000000000E+003    -0.786146445611E-030    -0.641937288497E-014     0.200032908668E-019
     0.437461562859E-005    -0.280000000000E+003    -0.786146445611E-030    -0.641937288497E-014     0.276488654446E-019
     0.563709231599E-005    -0.280000000000E+003    -0.505778066013E-014    -0.317210359170E-014     0.351861141638E-019
     0.697531753239E-005    -0.280000000000E+003    -0.505778066013E-014    -0.959147647667E-014     0.496969170342E-019
     0.839383618521E-005    -0.280000000000E+003    -0.101155613203E-013    -0.127635800684E-013     0.727989014047E-019
     0.989746587602E-005    -0.280000000000E+003    -0.505778066013E-014    -0.959147647667E-014     0.891032377497E-019
     0.114913132622E-004    -0.280000000000E+003    -0.151733419804E-013    -0.159356836601E-013     0.124174266667E-018
     0.131807914004E-004    -0.280000000000E+003    -0.101155613203E-013    -0.191829529533E-013     0.160813367345E-018
     0.149716381303E-004    -0.280000000000E+003    -0.505778066013E-014    -0.224302222466E-013     0.201991005863E-018
     0.168699355614E-004    -0.280000000000E+003     0.505778066013E-014    -0.289247608332E-013     0.257731914681E-018
     0.188821307298E-004    -0.280000000000E+003     0.505778066013E-014    -0.225053879482E-013     0.304146659847E-018
     0.210150574931E-004    -0.280000000000E+003    -0.235843933683E-029    -0.192581186549E-013     0.345222816538E-018
     0.232759597402E-004    -0.280000000000E+003     0.505778066013E-014    -0.225053879482E-013     0.397374418576E-018
     0.256725159928E-004    -0.280000000000E+003     0.505778066013E-014    -0.225053879482E-013     0.452655113753E-018
     0.282128654833E-004    -0.280000000000E+003    -0.314458578245E-029    -0.256774915399E-013     0.517884916306E-018
     0.309056357980E-004    -0.280000000000E+003     0.505778066013E-014    -0.289247608332E-013     0.596954435188E-018
     0.337599721774E-004    -0.280000000000E+003     0.505778066013E-014    -0.289247608332E-013     0.680768120680E-018
     0.367855685763E-004    -0.280000000000E+003    -0.393073222806E-029    -0.320968644249E-013     0.777880278099E-018
     0.399927005860E-004    -0.280000000000E+003    -0.393073222806E-029    -0.320968644249E-013     0.880819159407E-018
     0.433922603327E-004    -0.280000000000E+003     0.505778066013E-014    -0.353441337181E-013     0.100219767462E-017
     0.469957934698E-004    -0.280000000000E+003    -0.505778066013E-014    -0.481077137865E-013     0.117651086688E-017
     0.508155383889E-004    -0.280000000000E+003    -0.101155613203E-013    -0.576991902632E-013     0.140026841840E-017
     0.548644677845E-004    -0.280000000000E+003    -0.151733419804E-013    -0.608712938549E-013     0.165427363132E-017
     0.591563327122E-004    -0.280000000000E+003    -0.151733419804E-013    -0.737100396248E-013     0.197726035663E-017
     0.637057092900E-004    -0.280000000000E+003    -0.101155613203E-013    -0.705379360331E-013     0.230144693332E-017
     0.685280482021E-004    -0.280000000000E+003    -0.505778066013E-014    -0.802045782114E-013     0.268898886806E-017
     0.736397271730E-004    -0.280000000000E+003    -0.943375734734E-029    -0.770324746197E-013     0.308275414865E-017
     0.790581065897E-004    -0.280000000000E+003    -0.102199037929E-028    -0.834518475046E-013     0.353492792146E-017
     0.848015884613E-004    -0.280000000000E+003    -0.505778066013E-014    -0.866239510963E-013     0.403329835398E-017
     0.908896789166E-004    -0.280000000000E+003    -0.505778066013E-014    -0.930433239813E-013     0.460059083299E-017
     0.973430544509E-004    -0.280000000000E+003    -0.101155613203E-013    -0.897960546880E-013     0.518374378554E-017
     0.104183632148E-003    -0.280000000000E+003    -0.151733419804E-013    -0.801294125098E-013     0.574161598713E-017
     0.111434644115E-003    -0.280000000000E+003    -0.202311226405E-013    -0.833015161015E-013     0.636319483193E-017
     0.119120716386E-003    -0.280000000000E+003    -0.202311226405E-013    -0.768821432165E-013     0.697423333650E-017
     0.127267952553E-003    -0.280000000000E+003    -0.101155613203E-013    -0.833766818031E-013     0.765850396573E-017
     0.135904022424E-003    -0.280000000000E+003    -0.101155613203E-013    -0.769573089181E-013     0.832882945492E-017
     0.145058255993E-003    -0.280000000000E+003    -0.101155613203E-013    -0.705379360331E-013     0.898115611820E-017
     0.154761743052E-003    -0.280000000000E+003    -0.505778066013E-014    -0.802045782114E-013     0.976096612682E-017
     0.165047438780E-003    -0.280000000000E+003    -0.505778066013E-014    -0.802045782114E-013     0.105875646913E-016
     0.175950275662E-003    -0.280000000000E+003    -0.151733419804E-013    -0.801294125098E-013     0.114767278417E-016
     0.187507282134E-003    -0.280000000000E+003    -0.101155613203E-013    -0.833766818031E-013     0.124473784928E-016
     0.199757708333E-003    -0.280000000000E+003    -0.101155613203E-013    -0.705379360331E-013     0.133203384830E-016
     0.212743159403E-003    -0.280000000000E+003    -0.943375734734E-029    -0.770324746197E-013     0.143206399129E-016
     0.226507736794E-003    -0.280000000000E+003    -0.117921966842E-028    -0.962905932746E-013     0.156460392361E-016
     0.241098188040E-003    -0.280000000000E+003    -0.151733419804E-013    -0.865487853948E-013     0.169280843919E-016
     0.256564065527E-003    -0.280000000000E+003    -0.202311226405E-013    -0.897208889864E-013     0.183505362453E-016
     0.272957894778E-003    -0.280000000000E+003    -0.354044646209E-013    -0.928178268766E-013     0.199791148794E-016
     0.290335352846E-003    -0.280000000000E+003    -0.404622452810E-013    -0.831511846983E-013     0.215860659226E-016
     0.308755457403E-003    -0.280000000000E+003    -0.404622452810E-013    -0.895705575833E-013     0.233964987233E-016
     0.328280767180E-003    -0.280000000000E+003    -0.354044646209E-013    -0.799790811066E-013     0.251042803118E-016
     0.348977594427E-003    -0.280000000000E+003    -0.354044646209E-013    -0.799790811066E-013     0.269145286979E-016
     0.370916230124E-003    -0.280000000000E+003    -0.455200259411E-013    -0.734845425201E-013     0.288109268481E-016
     0.394171182707E-003    -0.280000000000E+003    -0.505778066013E-013    -0.702372732268E-013     0.308237083610E-016
     0.418821431115E-003    -0.280000000000E+003    -0.505778066013E-013    -0.702372732268E-013     0.329572566496E-016
     0.444950693017E-003    -0.280000000000E+003    -0.505778066013E-013    -0.702372732268E-013     0.352188177133E-016
     0.472647709137E-003    -0.280000000000E+003    -0.404622452810E-013    -0.767318118134E-013     0.376214383551E-016
     0.502006544641E-003    -0.280000000000E+003    -0.354044646209E-013    -0.607209624517E-013     0.396850348346E-016
     0.533126908594E-003    -0.280000000000E+003    -0.404622452810E-013    -0.382155745035E-013     0.414170790626E-016
     0.566114492604E-003    -0.280000000000E+003    -0.455200259411E-013    -0.413876780952E-013     0.434465562664E-016
     0.601081329767E-003    -0.280000000000E+003    -0.455200259411E-013    -0.349683052103E-013     0.454536816952E-016
     0.638146175159E-003    -0.280000000000E+003    -0.354044646209E-013    -0.350434709118E-013     0.473000620367E-016
     0.677434909153E-003    -0.280000000000E+003    -0.354044646209E-013    -0.222047251419E-013     0.489419955002E-016
     0.719080964939E-003    -0.280000000000E+003    -0.252889033006E-013    -0.158605179585E-013     0.501851736268E-016
     0.763225781689E-003    -0.280000000000E+003    -0.252889033006E-013    -0.286992637284E-013     0.518737785749E-016
     0.810019284919E-003    -0.280000000000E+003    -0.202311226405E-013    -0.255271601367E-013     0.533979358753E-016
     0.859620395664E-003    -0.280000000000E+003    -0.202311226405E-013    -0.126884143668E-013     0.545824517152E-016
     0.912197570216E-003    -0.280000000000E+003    -0.252889033006E-013    -0.944114507352E-014     0.560017080979E-016
     0.967929372233E-003    -0.280000000000E+003    -0.202311226405E-013    -0.126884143668E-013     0.573326299519E-016
     0.102700507918E-002    -0.280000000000E+003    -0.151733419804E-013    -0.951631077510E-014     0.583907127688E-016
     0.108962532517E-002    -0.280000000000E+003    -0.101155613203E-013    -0.127635800684E-013     0.594105456354E-016
     0.115600278233E-002    -0.280000000000E+003    -0.101155613203E-013    -0.127635800684E-013     0.604915684156E-016
     0.122636288312E-002    -0.280000000000E+003    -0.101155613203E-013    -0.127635800684E-013     0.616374525008E-016
     0.130094458593E-002    -0.280000000000E+003    -0.151733419804E-013    -0.951631077510E-014     0.629732573904E-016
     0.138000118665E-002    -0.280000000000E+003    -0.101155613203E-013    -0.127635800684E-013     0.642607726095E-016
     0.146380117888E-002    -0.280000000000E+003    -0.151733419804E-013    -0.159356836601E-013     0.661047082186E-016
     0.155262916586E-002    -0.280000000000E+003    -0.505778066013E-014    -0.959147647667E-014     0.670678984145E-016
     0.164678682697E-002    -0.280000000000E+003    -0.101155613203E-013    -0.634420718340E-014     0.681921801025E-016
     0.174659394236E-002    -0.280000000000E+003    -0.151733419804E-013    -0.309693789013E-014     0.697378096393E-016
     0.185238947896E-002    -0.280000000000E+003    -0.505778066013E-014    -0.959147647667E-014     0.708849843879E-016
     0.196453274170E-002    -0.280000000000E+003    -0.505778066013E-014    -0.224302222466E-013     0.734635382410E-016
     0.208340459379E-002    -0.280000000000E+003    -0.505778066013E-014    -0.288495951316E-013     0.769452464613E-016
     0.220940875020E-002    -0.280000000000E+003    -0.101155613203E-013    -0.320216987233E-013     0.811766487132E-016
     0.234297314879E-002    -0.280000000000E+003    -0.505778066013E-014    -0.481077137865E-013     0.876375402341E-016
     0.248455140365E-002    -0.280000000000E+003     0.101155613203E-013    -0.514301487813E-013     0.950584354466E-016
     0.263462434571E-002    -0.280000000000E+003     0.505778066013E-014    -0.674409981430E-013     0.105207926740E-015
     0.279370165569E-002    -0.280000000000E+003     0.101155613203E-013    -0.514301487813E-013     0.113546043701E-015
     0.296232359518E-002    -0.280000000000E+003     0.101155613203E-013    -0.450107758964E-013     0.121325154270E-015
     0.314106284138E-002    -0.280000000000E+003     0.505778066013E-014    -0.546022523730E-013     0.131126499922E-015
     0.333052643213E-002    -0.280000000000E+003     0.151733419804E-013    -0.418386723047E-013     0.139558597850E-015
     0.353135782749E-002    -0.280000000000E+003     0.202311226405E-013    -0.322471958280E-013     0.147203866765E-015
     0.374423909507E-002    -0.280000000000E+003     0.252889033006E-013    -0.290750922363E-013     0.155407090053E-015
     0.396989322653E-002    -0.280000000000E+003     0.252889033006E-013    -0.226557193513E-013     0.163068738205E-015
     0.420908659296E-002    -0.280000000000E+003     0.151733419804E-013    -0.225805536498E-013     0.169575992354E-015
     0.446263154769E-002    -0.280000000000E+003     0.252889033006E-013    -0.226557193513E-013     0.178184619288E-015
     0.473138918520E-002    -0.280000000000E+003     0.101155613203E-013    -0.193332843565E-013     0.184048837435E-015
     0.501627226558E-002    -0.280000000000E+003     0.202311226405E-013    -0.656970428812E-014     0.190108611532E-015
     0.531824831448E-002    -0.280000000000E+003     0.202311226405E-013    -0.656970428812E-014     0.196531971729E-015
     0.563834290904E-002    -0.280000000000E+003     0.252889033006E-013    -0.981697358139E-014     0.205215339873E-015
     0.597764316095E-002    -0.280000000000E+003     0.151733419804E-013    -0.974180787982E-014     0.211333414822E-015
     0.633730140856E-002    -0.280000000000E+003     0.151733419804E-013    -0.225805536498E-013     0.221117915366E-015
     0.671853913045E-002    -0.280000000000E+003    -0.157229289122E-029    -0.128387457699E-013     0.226012529555E-015
     0.712265109384E-002    -0.280000000000E+003    -0.101155613203E-013    -0.191829529533E-013     0.234776359390E-015
     0.755100975191E-002    -0.280000000000E+003    -0.101155613203E-013    -0.191829529533E-013     0.244066018513E-015
     0.800506990496E-002    -0.280000000000E+003    -0.354044646209E-013    -0.222047251419E-013     0.263041854176E-015
     0.848637364120E-002    -0.280000000000E+003    -0.303466839608E-013     0.664486998969E-014     0.277993874675E-015
     0.899655557408E-002    -0.280000000000E+003    -0.202311226405E-013     0.129890771731E-013     0.290259633534E-015
     0.953734839373E-002    -0.280000000000E+003    -0.354044646209E-013     0.163115121679E-013     0.311340439250E-015
     0.101105887516E-001    -0.280000000000E+003    -0.252889033006E-013     0.354944651213E-013     0.336323367384E-015
     0.107182234982E-001    -0.280000000000E+003    -0.303466839608E-013     0.664486998969E-014     0.355199944694E-015
     0.113623162948E-001    -0.280000000000E+003    -0.202311226405E-013    -0.626904148183E-014     0.368841933588E-015
     0.120450546223E-001    -0.280000000000E+003    -0.252889033006E-013     0.162363464664E-013     0.389359868341E-015
     0.127687572104E-001    -0.280000000000E+003     0.157229289122E-029     0.128387457699E-013     0.398651301883E-015
     0.135358819124E-001    -0.280000000000E+003     0.786146445611E-030     0.641937288497E-014     0.403575761394E-015
     0.143490340526E-001    -0.280000000000E+003     0.151733419804E-013    -0.332243499485E-014     0.416206317272E-015
     0.152109752747E-001    -0.280000000000E+003     0.303466839608E-013    -0.387417344145E-013     0.458624363712E-015
     0.161246329208E-001    -0.280000000000E+003     0.505778066013E-014    -0.289247608332E-013     0.485452671387E-015
     0.170931099734E-001    -0.280000000000E+003     0.252889033006E-013     0.302177218855E-014     0.510118619057E-015
     0.181196955938E-001    -0.280000000000E+003     0.404622452810E-013    -0.300662806292E-015     0.551657724979E-015
     0.192078762926E-001    -0.280000000000E+003     0.404622452810E-013     0.611871007868E-014     0.596188545678E-015
     0.203613477710E-001    -0.280000000000E+003     0.202311226405E-013     0.626904148183E-014     0.620619256876E-015
     0.215840274722E-001    -0.280000000000E+003     0.708089292418E-013    -0.197842785659E-013     0.710511763946E-015
     0.228800678855E-001    -0.280000000000E+003     0.834533808921E-012    -0.362476365496E-012     0.188972038110E-014
     0.242538706494E-001    -0.280000000000E+003     0.247578363314E-010    -0.105352068316E-010     0.388534670634E-013
     0.257101015006E-001    -0.280000000000E+003     0.111776952589E-010    -0.428132796701E-011     0.562839262696E-013
     0.272537061195E-001    -0.279999999259E+003     0.796198668632E-007    -0.333698803008E-007     0.133315699378E-009
     0.288899269272E-001    -0.279999999716E+003     0.308068105690E-007    -0.116153558807E-007     0.187186292669E-009
     0.306243208897E-001    -0.280000000132E+003    -0.148771178669E-007     0.713847682685E-008     0.215805710671E-009
     0.324627783907E-001    -0.279999946269E+003     0.582980073778E-005    -0.237266637421E-005     0.117873035106E-007
     0.344115432366E-001    -0.279999979708E+003     0.218465299719E-005    -0.784271002738E-006     0.163107010299E-007
     0.364772338618E-001    -0.279999989785E+003     0.101317622771E-005    -0.324611154325E-006     0.185084041005E-007
     0.386668658063E-001    -0.279999993852E+003     0.524291390029E-006    -0.153539465621E-006     0.197046243590E-007
     0.409878755421E-001    -0.279999995825E+003     0.291208938650E-006    -0.804000697552E-007     0.204058106472E-007
     0.434481457293E-001    -0.279999997201E+003     0.150525377349E-006    -0.398754575421E-007     0.207889177822E-007
     0.460560319869E-001    -0.280000022216E+003    -0.261198610796E-005     0.100476798041E-005     0.280872868360E-007
     0.488203912708E-001    -0.280000006208E+003    -0.809064540052E-006     0.266621645674E-006     0.304421454106E-007
     0.517506119535E-001    -0.279999988979E+003     0.116414420276E-005    -0.459322330414E-006     0.341092656443E-007
     0.548566457095E-001    -0.279999996760E+003     0.311751699846E-006    -0.106122992104E-006     0.351321425559E-007
     0.581490413132E-001    -0.279999998471E+003     0.111514020178E-006    -0.330189645408E-007     0.355150472971E-007
     0.616389804647E-001    -0.279999999018E+003     0.474264909855E-007    -0.125613307520E-007     0.356862699532E-007
     0.653383157655E-001    -0.279999994470E+003     0.565323636293E-006    -0.197011848919E-006     0.379009470428E-007
     0.692596109728E-001    -0.279999998046E+003     0.158337098445E-006    -0.457642588334E-007     0.385472474451E-007
     0.734161836681E-001    -0.280000031398E+003    -0.366026962409E-005     0.126221771957E-005     0.546406291343E-007
     0.778221504872E-001    -0.280000007755E+003    -0.912362081523E-006     0.259664171506E-006     0.588201015991E-007
     0.824924750635E-001    -0.280000002835E+003    -0.294084922878E-006     0.730164744053E-007     0.602352742760E-007
     0.874430188470E-001    -0.280000001329E+003    -0.108013598460E-006     0.252409763768E-007     0.607844063989E-007
     0.926905949743E-001    -0.280000000754E+003    -0.460172611358E-007     0.111961723458E-007     0.610329301084E-007
     0.982530253690E-001    -0.280000000583E+003    -0.350080052614E-007     0.100054994645E-007     0.612354568510E-007
     0.104149201269E+000    -0.280000000672E+003    -0.537535159775E-007     0.164706985056E-007     0.615669417473E-007
     0.110399147386E+000    -0.280000000282E+003    -0.158098939871E-007     0.968559034511E-009     0.616659379847E-007
     0.117024089912E+000    -0.280000000173E+003    -0.668611796098E-008     0.139307432760E-008     0.617111843679E-007
     0.124046528610E+000    -0.280000000112E+003    -0.343631687076E-008     0.105087499230E-008     0.617364188855E-007
     0.131490313229E+000    -0.280000000070E+003    -0.204575088913E-008     0.116633872044E-009     0.617516717435E-007
     0.139380724499E+000    -0.279999999538E+003     0.592045750004E-007    -0.172174150991E-007     0.622381730985E-007
     0.147744559993E+000    -0.279999999932E+003     0.926825156247E-008    -0.197839551448E-008     0.623174376118E-007
     0.156610225139E+000    -0.279999999301E+003     0.828090352759E-007    -0.244613768989E-007     0.630829555979E-007
     0.166007829686E+000    -0.279999999868E+003     0.126852527804E-007    -0.282632936224E-008     0.632050896721E-007
     0.175969289968E+000    -0.279999999080E+003     0.115620421664E-006    -0.151916553566E-007     0.643667372510E-007
     0.185969289968E+000    -0.279999999877E+003     0.116863613293E-007    -0.287718838582E-008     0.644870905866E-007
     0.195969289968E+000    -0.279999999943E+003     0.222659183880E-008    -0.719232877970E-008     0.645623815585E-007
     0.205969289968E+000    -0.280000001400E+003    -0.171150303576E-006     0.457531959937E-007     0.663339848256E-007
     0.215969289968E+000    -0.280000000842E+003    -0.996160392663E-007     0.258295428616E-007     0.673630873746E-007
     0.225969289968E+000    -0.279999996624E+003     0.438231159284E-006    -0.766115898000E-007     0.718118611906E-007
     0.235969289968E+000    -0.279999999766E+003     0.304576163214E-007    -0.162978345077E-007     0.721573008816E-007
     0.245969289968E+000    -0.280000002268E+003    -0.268541149707E-006     0.705063843270E-007     0.749337284301E-007
     0.255969289968E+000    -0.280000000462E+003    -0.402107520456E-007     0.611074015895E-008     0.753404526272E-007
     0.265969289968E+000    -0.279999995307E+003     0.590913823680E-006    -0.164626952668E-006     0.814746288601E-007
     0.275969289968E+000    -0.279999999400E+003     0.844897205583E-007    -0.190205922074E-007     0.823406713422E-007
     0.285969289968E+000    -0.279999999918E+003     0.164959819806E-007    -0.387944406374E-008     0.825101315168E-007
     0.295969289968E+000    -0.280000000028E+003     0.380441203390E-008    -0.130817684879E-008     0.825503619500E-007
     0.305969289968E+000    -0.279999989052E+003     0.133886904374E-005    -0.367928403940E-006     0.964353957156E-007
     0.315969289968E+000    -0.279999998291E+003     0.195984228737E-006    -0.415197287053E-007     0.984387355716E-007
     0.325969289968E+000    -0.280000003494E+003    -0.445886070639E-006     0.125621810533E-006     0.103071177986E-006
     0.335969289968E+000    -0.280000000408E+003    -0.599439361327E-007     0.120408349012E-007     0.103682590873E-006
     0.345969289968E+000    -0.279999995352E+003     0.552820610870E-006    -0.172672330292E-006     0.109474191356E-006
     0.355969289968E+000    -0.279999999367E+003     0.796311911648E-007     0.142486903188E-007     0.110283150674E-006
     0.365969289968E+000    -0.279999999751E+003     0.183432453526E-007    -0.472434357047E-009     0.110466643955E-006
     0.375969289968E+000    -0.279999999911E+003     0.182585881962E-008    -0.858061590259E-009     0.110486818271E-006
     0.385969289968E+000    -0.279999960504E+003     0.475732403780E-005    -0.138320301603E-005     0.160030115077E-006
     0.395969289968E+000    -0.279999994316E+003     0.597460083867E-006    -0.120414397917E-006     0.166124851979E-006
     0.405969289968E+000    -0.280000020627E+003    -0.263617671835E-005     0.748269950480E-006     0.193528018966E-006
     0.415969289968E+000    -0.280000000145E+003    -0.984751208402E-007     0.123700364305E-007     0.194520509129E-006
     0.425969289968E+000    -0.280000004232E+003    -0.567123782297E-006     0.155563062985E-006     0.200401234007E-006
     0.435969289968E+000    -0.280000000351E+003    -0.844361731866E-007     0.198232994435E-007     0.201268553472E-006
     0.445969289968E+000    -0.279999999827E+003    -0.164423341132E-007     0.482134196271E-008     0.201439899814E-006
     0.455969289968E+000    -0.279999999712E+003    -0.317336286472E-008     0.183316943108E-008     0.201476547791E-006
     0.465969289968E+000    -0.279999999683E+003    -0.540322709302E-010     0.158489210115E-008     0.201492405920E-006
     0.475969289968E+000    -0.279999999926E+003    -0.248058852624E-009     0.588745956774E-007     0.202081157103E-006
     0.485969289968E+000    -0.279999999710E+003     0.117968839682E-007     0.397610178902E-009     0.202199192930E-006
     0.495969289968E+000    -0.279999999870E+003    -0.487736962908E-009    -0.325325423860E-008     0.202232089055E-006
     0.505969289968E+000    -0.279999999919E+003    -0.484376320355E-007    -0.892484761804E-007     0.203247544357E-006
     0.515969289968E+000    -0.279999999849E+003    -0.881571170133E-008    -0.694898036718E-008     0.203359796350E-006
     0.525969289968E+000    -0.279999999657E+003     0.185063689088E-008    -0.626258416007E-008     0.203425099350E-006
     0.535969289968E+000    -0.279999999509E+003     0.462981656791E-008    -0.949509804059E-008     0.203530736506E-006
     0.545969289968E+000    -0.279999987656E+003     0.139467525563E-005    -0.467632439409E-006     0.218240594313E-006
     0.555969289968E+000    -0.279999997387E+003     0.204627780243E-006    -0.464211628362E-007     0.220338866288E-006
     0.565969289968E+000    -0.279999998464E+003     0.523701329826E-007     0.213423173235E-008     0.220863002318E-006
     0.575969289968E+000    -0.279999998750E+003     0.223645756729E-007     0.341640122419E-007     0.221271334778E-006
     0.585969289968E+000    -0.279999998664E+003     0.236512144089E-007     0.324606315790E-008     0.221510064095E-006
     0.595969289968E+000    -0.279999998821E+003     0.974465412601E-008     0.149281968457E-008     0.221608647458E-006
     0.605969289968E+000    -0.279999998922E+003     0.686137012986E-008     0.448132682024E-008     0.221690599084E-006
     0.615969289968E+000    -0.279999998880E+003     0.569908706819E-008    -0.233163753933E-007     0.221930626781E-006
     0.625969289968E+000    -0.280000000760E+003    -0.210550015996E-006     0.575795192612E-007     0.224113439423E-006
     0.635969289968E+000    -0.280000000255E+003    -0.142229960922E-006     0.412844652741E-007     0.225594444786E-006
     0.645969289968E+000    -0.280000017907E+003    -0.221815935745E-005     0.738122267370E-006     0.248971902767E-006
     0.655969289968E+000    -0.280000002609E+003    -0.330779202257E-006     0.123382136227E-006     0.252502313964E-006
     0.665969289968E+000    -0.280000000662E+003    -0.731138454806E-007     0.963724345578E-008     0.253239776564E-006
     0.675969289968E+000    -0.279999995821E+003     0.531614385776E-006    -0.158810251182E-006     0.258788060542E-006
     0.685969289968E+000    -0.279999999661E+003     0.657185311338E-007    -0.231420416781E-007     0.259484801486E-006
     0.695969289968E+000    -0.280000000158E+003     0.554142587091E-008    -0.745111013992E-008     0.259577659680E-006
     0.705969289968E+000    -0.280000000581E+003    -0.439640602083E-007     0.683761611240E-008     0.260022585695E-006
     0.715969289968E+000    -0.279999994942E+003     0.642781095086E-006    -0.180559282614E-006     0.266699180566E-006
     0.725969289968E+000    -0.279999999395E+003     0.898655092071E-007    -0.230880366002E-007     0.267627020379E-006
     0.735969289968E+000    -0.279999999987E+003     0.117662439066E-007    -0.383021148311E-008     0.267750760031E-006
     0.745969289968E+000    -0.280000000064E+003     0.181189934274E-008    -0.168870174389E-008     0.267775528343E-006
     0.755969289968E+000    -0.279999997950E+003     0.258723566610E-006    -0.720966786921E-007     0.270461339487E-006
