 #        time                      h  [L]            Darcian flow [L.T^{-1}]   in    x         z              directions   cumulative flux
 #-----------------------------------------------------------------------------------------------

     0.100000000000E-005     0.400000000000E+001    -0.169614005984E-012    -0.138500346469E+004     0.138500346469E-002
     0.205999994278E-005     0.400000000000E+001    -0.164152330537E-012    -0.134040550020E+004     0.280583321820E-002
     0.318359982147E-005     0.400000000000E+001    -0.158473115873E-012    -0.129403119318E+004     0.425980650988E-002
     0.437461562859E-005     0.400000000000E+001    -0.152578667837E-012    -0.124589937232E+004     0.574369235639E-002
     0.563709231599E-005     0.400000000000E+001    -0.146474298783E-012    -0.119605341626E+004     0.725368191131E-002
     0.697531753239E-005     0.400000000000E+001    -0.140169202097E-012    -0.114456839469E+004     0.878537219898E-002
     0.839383618521E-005     0.400000000000E+001    -0.133677542963E-012    -0.109155997514E+004     0.103337703844E-001
     0.989746587602E-005     0.400000000000E+001    -0.127019791236E-012    -0.103719530663E+004     0.118933280426E-001
     0.114913132622E-004     0.400000000000E+001    -0.120224299376E-012    -0.981705904594E+003     0.134580174327E-001
     0.131807914004E-004     0.400000000000E+001    -0.113329079452E-012    -0.925402161103E+003     0.150214641529E-001
     0.149716381303E-004     0.400000000000E+001    -0.106383642705E-012    -0.868688366141E+003     0.165771518726E-001
     0.168699355614E-004     0.400000000000E+001    -0.994506167012E-013    -0.812075912585E+003     0.181187134914E-001
     0.188821307298E-004     0.400000000000E+001    -0.926066398958E-013    -0.756190600917E+003     0.196403165649E-001
     0.210150574931E-004     0.400000000000E+001    -0.859417732120E-013    -0.701767834381E+003     0.211371359605E-001
     0.232759597402E-004     0.400000000000E+001    -0.795564510920E-013    -0.649627722437E+003     0.226058807380E-001
     0.256725159928E-004     0.400000000000E+001    -0.735550135672E-013    -0.600622266097E+003     0.240453057852E-001
     0.282128654833E-004     0.400000000000E+001    -0.680354015537E-013    -0.555551213632E+003     0.254566000277E-001
     0.309056357980E-004     0.400000000000E+001    -0.630758832246E-013    -0.515053673178E+003     0.268435212693E-001
     0.337599721774E-004     0.400000000000E+001    -0.587215307099E-013    -0.479497686604E+003     0.282121689600E-001
     0.367855685763E-004     0.400000000000E+001    -0.549746871209E-013    -0.448902386869E+003     0.295703664052E-001
     0.399927005860E-004     0.400000000000E+001    -0.517934966389E-013    -0.422925995274E+003     0.309267459024E-001
     0.433922603327E-004     0.400000000000E+001    -0.491000275141E-013    -0.400932150791E+003     0.322897387034E-001
     0.469957934698E-004     0.400000000000E+001    -0.467956961436E-013    -0.382115857210E+003     0.336667058570E-001
     0.508155383889E-004     0.400000000000E+001    -0.447789737692E-013    -0.365648069308E+003     0.350633882119E-001
     0.548644677845E-004     0.400000000000E+001    -0.429603061773E-013    -0.350797521434E+003     0.364837426084E-001
     0.591563327122E-004     0.400000000000E+001    -0.412712777178E-013    -0.337005557411E+003     0.379301249407E-001
     0.637057092900E-004     0.400000000000E+001    -0.396675627257E-013    -0.323910230715E+003     0.394037145576E-001
     0.685280482021E-004     0.400000000000E+001    -0.381268571242E-013    -0.311329414741E+003     0.409050505088E-001
     0.736397271730E-004     0.400000000000E+001    -0.366435914397E-013    -0.299217631281E+003     0.424345549824E-001
     0.790581065897E-004     0.400000000000E+001    -0.352222181404E-013    -0.287611237501E+003     0.439929417916E-001
     0.848015884613E-004     0.400000000000E+001    -0.338706336160E-013    -0.276574712313E+003     0.455814436380E-001
     0.908896789166E-004     0.400000000000E+001    -0.325949659860E-013    -0.266158095613E+003     0.472018381995E-001
     0.973430544509E-004     0.400000000000E+001    -0.313965034138E-013    -0.256371906052E+003     0.488563023856E-001
     0.104183632148E-003     0.400000000000E+001    -0.302709548296E-013    -0.247181104386E+003     0.505471639354E-001
     0.111434644115E-003     0.400000000000E+001    -0.292096485252E-013    -0.238514880744E+003     0.522766381901E-001
     0.119120716386E-003     0.400000000000E+001    -0.282018671642E-013    -0.230285721433E+003     0.540466308879E-001
     0.127267952553E-003     0.400000000000E+001    -0.272374050978E-013    -0.222410291006E+003     0.558586600547E-001
     0.135904022424E-003     0.400000000000E+001    -0.263085918113E-013    -0.214825954958E+003     0.577139120118E-001
     0.145058255993E-003     0.400000000000E+001    -0.254113322284E-013    -0.207499274453E+003     0.596134088356E-001
     0.154761743052E-003     0.400000000000E+001    -0.245450440295E-013    -0.200425494490E+003     0.615582350277E-001
     0.165047438780E-003     0.400000000000E+001    -0.237116518311E-013    -0.193620330757E+003     0.635497548365E-001
     0.175950275662E-003     0.400000000000E+001    -0.229140034308E-013    -0.187107037284E+003     0.655897523436E-001
     0.187507282134E-003     0.400000000000E+001    -0.221541887933E-013    -0.180902679929E+003     0.676804457863E-001
     0.199757708333E-003     0.400000000000E+001    -0.214322418971E-013    -0.175007536148E+003     0.698243626922E-001
     0.212743159403E-003     0.400000000000E+001    -0.207455730443E-013    -0.169400459453E+003     0.720241040696E-001
     0.226507736794E-003     0.400000000000E+001    -0.200892446463E-013    -0.164041131372E+003     0.742820609176E-001
     0.241098188040E-003     0.400000000000E+001    -0.194569474645E-013    -0.158878033063E+003     0.766001631132E-001
     0.256564065527E-003     0.400000000000E+001    -0.188423478553E-013    -0.153859446400E+003     0.789797344614E-001
     0.272957894778E-003     0.400000000000E+001    -0.182404105757E-013    -0.148944255506E+003     0.814215011541E-001
     0.290335352846E-003     0.400000000000E+001    -0.176483506618E-013    -0.144109719424E+003     0.839257617605E-001
     0.308755457403E-003     0.400000000000E+001    -0.170659935282E-013    -0.139354412554E+003     0.864926846104E-001
     0.328280767180E-003     0.400000000000E+001    -0.164954846660E-013    -0.134695854164E+003     0.891226628886E-001
     0.348977594427E-003     0.400000000000E+001    -0.159404572103E-013    -0.130163711050E+003     0.918166387300E-001
     0.370916230124E-003     0.400000000000E+001    -0.154049050465E-013    -0.125790595764E+003     0.945763127845E-001
     0.394171182707E-003     0.400000000000E+001    -0.148920852178E-013    -0.121603104080E+003     0.974041872039E-001
     0.418821431115E-003     0.400000000000E+001    -0.144038293105E-013    -0.117616192036E+003     0.100303455554E+000
     0.444950693017E-003     0.400000000000E+001    -0.139406008228E-013    -0.113833644382E+003     0.103277844662E+000
     0.472647709137E-003     0.400000000000E+001    -0.134999353730E-013    -0.110235337914E+003     0.106331034593E+000
     0.502006544641E-003     0.400000000000E+001    -0.130791044631E-013    -0.106798992756E+003     0.109466528653E+000
     0.533126908594E-003     0.400000000000E+001    -0.126752171089E-013    -0.103501002230E+003     0.112687517512E+000
     0.566114492604E-003     0.400000000000E+001    -0.122857937843E-013    -0.100321119468E+003     0.115996868869E+000
     0.601081329767E-003     0.400000000000E+001    -0.119091195113E-013    -0.972453406125E+002     0.119397230859E+000
     0.638146175159E-003     0.400000000000E+001    -0.115442905121E-013    -0.942662857578E+002     0.122891196166E+000
     0.677434909153E-003     0.400000000000E+001    -0.111910147025E-013    -0.913815698560E+002     0.126481462356E+000
     0.719080964939E-003     0.400000000000E+001    -0.108492985672E-013    -0.885912458572E+002     0.130170938323E+000
     0.763225781689E-003     0.400000000000E+001    -0.105191598511E-013    -0.858954586614E+002     0.133962777605E+000
     0.810019284919E-003     0.400000000000E+001    -0.102004568594E-013    -0.832930512418E+002     0.137860351268E+000
     0.859620395664E-003     0.400000000000E+001    -0.989285217736E-014    -0.807812683971E+002     0.141867191907E+000
     0.912197570216E-003     0.400000000000E+001    -0.959586926660E-014    -0.783562188974E+002     0.145986940506E+000
     0.967929372233E-003     0.400000000000E+001    -0.930897867647E-014    -0.760135794496E+002     0.150223314266E+000
     0.102700507918E-002     0.400000000000E+001    -0.903166549969E-014    -0.737491455167E+002     0.154580097174E+000
     0.108962532517E-002     0.400000000000E+001    -0.876346096638E-014    -0.715590893022E+002     0.159061144949E+000
     0.115600278233E-002     0.400000000000E+001    -0.850394608544E-014    -0.694399894840E+002     0.163670394876E+000
     0.122636288312E-002     0.400000000000E+001    -0.825274335697E-014    -0.673887635416E+002     0.168411875071E+000
     0.130094458593E-002     0.400000000000E+001    -0.800950762966E-014    -0.654025931006E+002     0.173289711833E+000
     0.138000118665E-002     0.400000000000E+001    -0.777391940982E-014    -0.634788692971E+002     0.178308135457E+000
     0.146380117888E-002     0.400000000000E+001    -0.754568081455E-014    -0.616151597326E+002     0.183471485364E+000
     0.155262916586E-002     0.400000000000E+001    -0.732452136004E-014    -0.598092557392E+002     0.188784221154E+000
     0.164678682697E-002     0.400000000000E+001    -0.711033609939E-014    -0.580603003604E+002     0.194251043239E+000
     0.174659394236E-002     0.400000000000E+001    -0.690266719803E-014    -0.563645550932E+002     0.199876626893E+000
     0.185238947896E-002     0.400000000000E+001    -0.670124403195E-014    -0.547198101250E+002     0.205665738568E+000
     0.196453274170E-002     0.400000000000E+001    -0.650584089092E-014    -0.531242223917E+002     0.211623262198E+000
     0.208340459379E-002     0.400000000000E+001    -0.631625264319E-014    -0.515761168656E+002     0.217754210733E+000
     0.220940875020E-002     0.400000000000E+001    -0.613229154328E-014    -0.500739604885E+002     0.224063737883E+000
     0.234297314879E-002     0.400000000000E+001    -0.595378489589E-014    -0.486163430961E+002     0.230557150510E+000
     0.248455140365E-002     0.400000000000E+001    -0.578057197094E-014    -0.472019522279E+002     0.237239920532E+000
     0.263462434571E-002     0.400000000000E+001    -0.561250049048E-014    -0.458295444400E+002     0.244117695099E+000
     0.279370165569E-002     0.400000000000E+001    -0.544942336760E-014    -0.444979186766E+002     0.251196304303E+000
     0.296232359518E-002     0.400000000000E+001    -0.529119614452E-014    -0.432058953504E+002     0.258481766174E+000
     0.314106284138E-002     0.400000000000E+001    -0.513767583841E-014    -0.419523069181E+002     0.265980289889E+000
     0.333052643213E-002     0.400000000000E+001    -0.498872109379E-014    -0.407359991245E+002     0.273698278556E+000
     0.353135782749E-002     0.400000000000E+001    -0.484419313208E-014    -0.395558387565E+002     0.281642332848E+000
     0.374423909507E-002     0.400000000000E+001    -0.470459151153E-014    -0.384159050169E+002     0.289820359403E+000
     0.396989322653E-002     0.400000000000E+001    -0.456786785300E-014    -0.372994716206E+002     0.298237139275E+000
     0.420908659296E-002     0.400000000000E+001    -0.443580318815E-014    -0.362210817947E+002     0.306900981766E+000
     0.446263154769E-002     0.400000000000E+001    -0.430766555780E-014    -0.351747586390E+002     0.315819364352E+000
     0.473138918520E-002     0.400000000000E+001    -0.418333314843E-014    -0.341595074706E+002     0.324999992879E+000
     0.501627226558E-002     0.400000000000E+001    -0.406265636853E-014    -0.331741067822E+002     0.334450734608E+000
     0.531824831448E-002     0.400000000000E+001    -0.394552741715E-014    -0.322176763121E+002     0.344179701205E+000
     0.563834290904E-002     0.400000000000E+001    -0.383182976724E-014    -0.312892645447E+002     0.354195225654E+000
     0.597764316095E-002     0.400000000000E+001    -0.372144592354E-014    -0.303879120587E+002     0.364505851870E+000
     0.633730140856E-002     0.400000000000E+001    -0.361433680625E-014    -0.295132997429E+002     0.375120553537E+000
     0.671853913045E-002     0.400000000000E+001    -0.351017061556E-014    -0.286627182466E+002     0.386047862945E+000
     0.712265109384E-002     0.400000000000E+001    -0.340883563795E-014    -0.278352553595E+002     0.397296422639E+000
     0.755100975191E-002     0.400000000000E+001    -0.330997643375E-014    -0.270280086965E+002     0.408874104175E+000
     0.800506990496E-002     0.400000000000E+001    -0.321320945741E-014    -0.262378463705E+002     0.420787664713E+000
     0.848637364120E-002     0.400000000000E+001    -0.311797905808E-014    -0.254602311479E+002     0.433041769090E+000
     0.899655557408E-002     0.400000000000E+001    -0.302346951564E-014    -0.246885021685E+002     0.445637396847E+000
     0.953734839373E-002     0.400000000000E+001    -0.292873415931E-014    -0.239149292788E+002     0.458570418883E+000
     0.101105887516E-001     0.400000000000E+001    -0.283222077398E-014    -0.231268376805E+002     0.471827655592E+000
     0.107182234982E-001     0.400000000000E+001    -0.273198715413E-014    -0.223083680620E+002     0.485382995166E+000
     0.113623162948E-001     0.400000000000E+001    -0.262519756328E-014    -0.214363648777E+002     0.499190003369E+000
     0.120450546223E-001     0.400000000000E+001    -0.250965124689E-014    -0.204928576030E+002     0.513181262695E+000
     0.127687572104E-001     0.400000000000E+001    -0.238164499833E-014    -0.194476072610E+002     0.527255546402E+000
     0.135358819124E-001     0.400000000000E+001    -0.223721599778E-014    -0.182682549723E+002     0.541269576054E+000
     0.143490340526E-001     0.400000000000E+001    -0.207341074845E-014    -0.169306836052E+002     0.555036797663E+000
     0.152109752747E-001     0.400000000000E+001    -0.188634033073E-014    -0.154031377214E+002     0.568313397014E+000
     0.161246329208E-001     0.400000000000E+001    -0.167202397368E-014    -0.136531118592E+002     0.580787667058E+000
     0.170931099734E-001     0.400000000000E+001    -0.143313497989E-014    -0.117024351910E+002     0.592121207000E+000
     0.181196955938E-001     0.400000000000E+001    -0.117394520550E-014    -0.958599006932E+001     0.601962046561E+000
     0.192078762926E-001     0.400000000000E+001    -0.909546217163E-015    -0.742700848764E+001     0.610043973848E+000
     0.203613477710E-001     0.400000000000E+001    -0.666465653733E-015    -0.544210505590E+001     0.616321286812E+000
     0.215840274722E-001     0.400000000000E+001    -0.476984707805E-015    -0.389487571549E+001     0.621083472288E+000
     0.228800678855E-001     0.400000000000E+001    -0.358757755286E-015    -0.292947938569E+001     0.624880195962E+000
     0.242538706494E-001     0.400000000000E+001    -0.301029606962E-015    -0.245809328184E+001     0.628257131307E+000
     0.257101015006E-001     0.400000000000E+001    -0.281309375504E-015    -0.229706537183E+001     0.631602188768E+000
     0.272537061195E-001     0.400000000000E+001    -0.280725359461E-015    -0.229229651894E+001     0.635140588263E+000
     0.288899269272E-001     0.400000000000E+001    -0.294233017272E-015    -0.240259491534E+001     0.639071764056E+000
     0.306243208897E-001     0.400000000000E+001    -0.309423952092E-015    -0.252663831161E+001     0.643453950289E+000
     0.324627783907E-001     0.400000000000E+001    -0.326327836757E-015    -0.266466900484E+001     0.648352831009E+000
     0.344115432366E-001     0.400000000000E+001    -0.341747956528E-015    -0.279058383826E+001     0.653791022692E+000
     0.364772338618E-001     0.400000000000E+001    -0.354091285855E-015    -0.289137477109E+001     0.659763708451E+000
     0.386668658063E-001     0.400000000000E+001    -0.363894830975E-015    -0.297142679202E+001     0.666270039475E+000
     0.409878755421E-001     0.400000000000E+001    -0.372103686223E-015    -0.303845718196E+001     0.673322328176E+000
     0.434481457293E-001     0.400000000000E+001    -0.379312614637E-015    -0.309732254966E+001     0.680942578505E+000
     0.460560319869E-001     0.400000000000E+001    -0.385678467571E-015    -0.314930368363E+001     0.689155604303E+000
     0.488203912708E-001     0.400000000000E+001    -0.391081345696E-015    -0.319342153156E+001     0.697983368761E+000
     0.517506119535E-001     0.400000000000E+001    -0.394139257577E-015    -0.321839127699E+001     0.707413965446E+000
     0.548566457095E-001     0.400000000000E+001    -0.394409391769E-015    -0.322059709006E+001     0.717417248722E+000
     0.581490413132E-001     0.400000000000E+001    -0.391834892411E-015    -0.319957470745E+001     0.727951514423E+000
     0.616389804647E-001     0.400000000000E+001    -0.385657278379E-015    -0.314913066075E+001     0.738941788809E+000
     0.653383157655E-001     0.400000000000E+001    -0.375293440202E-015    -0.306450349981E+001     0.750278414785E+000
     0.692596109728E-001     0.400000000000E+001    -0.361177213179E-015    -0.294923575867E+001     0.761843238831E+000
     0.734161836681E-001     0.400000000000E+001    -0.344518534979E-015    -0.281320732818E+001     0.773536539597E+000
     0.778221504872E-001     0.400000000000E+001    -0.326607959213E-015    -0.266695637829E+001     0.785287060908E+000
     0.824924750635E-001     0.400000000000E+001    -0.310211553980E-015    -0.253306956909E+001     0.797117317970E+000
     0.874430188470E-001     0.400000000000E+001    -0.297326387558E-015    -0.242785420062E+001     0.809136516490E+000
     0.926905949743E-001     0.400000000000E+001    -0.291383426029E-015    -0.237932623702E+001     0.821622212051E+000
     0.982530253690E-001     0.400000000000E+001    -0.291459197243E-015    -0.237994495593E+001     0.834860490211E+000
     0.104149201269E+000     0.400000000000E+001    -0.295355927983E-015    -0.241176417714E+001     0.849080676029E+000
     0.110399147386E+000     0.400000000000E+001    -0.300631650905E-015    -0.245484372404E+001     0.864423317029E+000
     0.117024089912E+000     0.400000000000E+001    -0.305873497821E-015    -0.249764665236E+001     0.880970082551E+000
     0.124046528610E+000     0.400000000000E+001    -0.309454105191E-015    -0.252688453035E+001     0.898714974264E+000
     0.131490313229E+000     0.400000000000E+001    -0.309916655106E-015    -0.253066153704E+001     0.917552673688E+000
     0.139380724499E+000     0.400000000000E+001    -0.307006965139E-015    -0.250690211539E+001     0.937333162392E+000
     0.147744559993E+000     0.400000000000E+001    -0.301229083524E-015    -0.245972213159E+001     0.957905873662E+000
     0.156610225139E+000     0.400000000000E+001    -0.293021933571E-015    -0.239270566644E+001     0.979118800893E+000
     0.166007829686E+000     0.400000000000E+001    -0.282413139914E-015    -0.230607829221E+001     0.100079041274E+001
     0.175969289968E+000     0.400000000000E+001    -0.270336208941E-015    -0.220746266703E+001     0.102277996442E+001
     0.185969289968E+000     0.400000000000E+001    -0.260736108896E-015    -0.212907190120E+001     0.104407068343E+001
     0.195969289968E+000     0.400000000000E+001    -0.256611474133E-015    -0.209539170242E+001     0.106502460046E+001
     0.205969289968E+000     0.400000000000E+001    -0.257870806765E-015    -0.210567493374E+001     0.108608134979E+001
     0.215969289968E+000     0.400000000000E+001    -0.261965853392E-015    -0.213911352706E+001     0.110747248506E+001
     0.225969289968E+000     0.400000000000E+001    -0.264273698307E-015    -0.215795851090E+001     0.112905207017E+001
     0.235969289968E+000     0.400000000000E+001    -0.264050360199E-015    -0.215613481686E+001     0.115061341834E+001
     0.245969289968E+000     0.400000000000E+001    -0.261551273528E-015    -0.213572822556E+001     0.117197070060E+001
     0.255969289968E+000     0.400000000000E+001    -0.257863089081E-015    -0.210561191407E+001     0.119302681974E+001
     0.265969289968E+000     0.400000000000E+001    -0.254281810534E-015    -0.207636855550E+001     0.121379050529E+001
     0.275969289968E+000     0.400000000000E+001    -0.251875869489E-015    -0.205672255596E+001     0.123435773085E+001
     0.285969289968E+000     0.400000000000E+001    -0.251125154542E-015    -0.205059250321E+001     0.125486365588E+001
     0.295969289968E+000     0.400000000000E+001    -0.252051951107E-015    -0.205816037148E+001     0.127544525960E+001
     0.305969289968E+000     0.400000000000E+001    -0.253003391487E-015    -0.206592947177E+001     0.129610455432E+001
     0.315969289968E+000     0.400000000000E+001    -0.253879039145E-015    -0.207307967752E+001     0.131683535109E+001
     0.325969289968E+000     0.400000000000E+001    -0.253758686403E-015    -0.207209692280E+001     0.133755632032E+001
     0.335969289968E+000     0.400000000000E+001    -0.252257767237E-015    -0.205984098772E+001     0.135815473020E+001
     0.345969289968E+000     0.400000000000E+001    -0.249646705542E-015    -0.203852005097E+001     0.137853993071E+001
     0.355969289968E+000     0.400000000000E+001    -0.246384400837E-015    -0.201188131148E+001     0.139865874382E+001
     0.365969289968E+000     0.400000000000E+001    -0.243728768059E-015    -0.199019642421E+001     0.141856070806E+001
     0.375969289968E+000     0.400000000000E+001    -0.242013425181E-015    -0.197618958666E+001     0.143832260393E+001
     0.385969289968E+000     0.400000000000E+001    -0.241758432162E-015    -0.197410741064E+001     0.145806367804E+001
     0.395969289968E+000     0.400000000000E+001    -0.242304290185E-015    -0.197856467966E+001     0.147784932483E+001
     0.405969289968E+000     0.400000000000E+001    -0.242598941812E-015    -0.198097069279E+001     0.149765903176E+001
     0.415969289968E+000     0.400000000000E+001    -0.242282084688E-015    -0.197838335801E+001     0.151744286534E+001
     0.425969289968E+000     0.400000000000E+001    -0.241640668935E-015    -0.197314580092E+001     0.153717432335E+001
     0.435969289968E+000     0.400000000000E+001    -0.240461023050E-015    -0.196351326127E+001     0.155680945596E+001
     0.445969289968E+000     0.400000000000E+001    -0.238866473752E-015    -0.195049277815E+001     0.157631438374E+001
     0.455969289968E+000     0.400000000000E+001    -0.236927866588E-015    -0.193466284935E+001     0.159566101224E+001
     0.465969289968E+000     0.400000000000E+001    -0.234825748554E-015    -0.191749775296E+001     0.161483598977E+001
     0.475969289968E+000     0.400000000000E+001    -0.232758523482E-015    -0.190061757924E+001     0.163384216556E+001
     0.485969289968E+000     0.400000000000E+001    -0.231070680772E-015    -0.188683529759E+001     0.165271051854E+001
     0.495969289968E+000     0.400000000000E+001    -0.230060944659E-015    -0.187859017652E+001     0.167149642030E+001
     0.505969289968E+000     0.400000000000E+001    -0.230341826978E-015    -0.188088375472E+001     0.169030525785E+001
     0.515969289968E+000     0.400000000000E+001    -0.230728494972E-015    -0.188404113850E+001     0.170914566923E+001
     0.525969289968E+000     0.400000000000E+001    -0.231490109586E-015    -0.189026019378E+001     0.172804827117E+001
     0.535969289968E+000     0.400000000000E+001    -0.232364755716E-015    -0.189740222142E+001     0.174702229339E+001
     0.545969289968E+000     0.400000000000E+001    -0.233133726064E-015    -0.190368134083E+001     0.176605910679E+001
     0.555969289968E+000     0.400000000000E+001    -0.233622140161E-015    -0.190766954459E+001     0.178513580224E+001
     0.565969289968E+000     0.400000000000E+001    -0.233304792498E-015    -0.190507820426E+001     0.180418658428E+001
     0.575969289968E+000     0.400000000000E+001    -0.232474362458E-015    -0.189829722839E+001     0.182316955657E+001
     0.585969289968E+000     0.400000000000E+001    -0.231073881440E-015    -0.188686143304E+001     0.184203817090E+001
     0.595969289968E+000     0.400000000000E+001    -0.229362626857E-015    -0.187288797894E+001     0.186076705069E+001
     0.605969289968E+000     0.400000000000E+001    -0.227409752776E-015    -0.185694155192E+001     0.187933646621E+001
     0.615969289968E+000     0.400000000000E+001    -0.225470094019E-015    -0.184110303621E+001     0.189774749657E+001
     0.625969289968E+000     0.400000000000E+001    -0.223754507777E-015    -0.182709421143E+001     0.191601843868E+001
     0.635969289968E+000     0.400000000000E+001    -0.222408258950E-015    -0.181610125552E+001     0.193417945124E+001
     0.645969289968E+000     0.400000000000E+001    -0.221574436396E-015    -0.180929257766E+001     0.195227237701E+001
     0.655969289968E+000     0.400000000000E+001    -0.221554000926E-015    -0.180912570939E+001     0.197036363411E+001
     0.665969289968E+000     0.400000000000E+001    -0.221578105120E-015    -0.180932253507E+001     0.198845685946E+001
     0.675969289968E+000     0.400000000000E+001    -0.222332210433E-015    -0.181548027225E+001     0.200661166218E+001
     0.685969289968E+000     0.400000000000E+001    -0.223196305781E-015    -0.182253614623E+001     0.202483702364E+001
     0.695969289968E+000     0.400000000000E+001    -0.224039160793E-015    -0.182941857970E+001     0.204313120944E+001
     0.705969289968E+000     0.400000000000E+001    -0.224737470702E-015    -0.183512071283E+001     0.206148241657E+001
     0.715969289968E+000     0.400000000000E+001    -0.225323024316E-015    -0.183990212095E+001     0.207988143778E+001
     0.725969289968E+000     0.400000000000E+001    -0.225486691626E-015    -0.184123856595E+001     0.209829382344E+001
     0.735969289968E+000     0.400000000000E+001    -0.225488308616E-015    -0.184125176968E+001     0.211670634113E+001
     0.745969289968E+000     0.400000000000E+001    -0.225405075063E-015    -0.184057211614E+001     0.213511206230E+001
     0.755969289968E+000     0.400000000000E+001    -0.225068121643E-015    -0.183782068266E+001     0.215349026912E+001
