 #        time                      h  [L]            Darcian flow [L.T^{-1}]   in    x         z              directions   cumulative flux
 #-----------------------------------------------------------------------------------------------

     0.100000000000E-005    -0.280000000000E+003    -0.455438685765E-030    -0.371893909396E-014     0.371893909396E-020
     0.205999994278E-005    -0.280000000000E+003     0.297551280798E-014    -0.537162163532E-014     0.102280633921E-019
     0.318359982147E-005    -0.280000000000E+003    -0.910877371529E-030    -0.743787818793E-014     0.185852624218E-019
     0.437461562859E-005    -0.280000000000E+003    -0.910877371529E-030    -0.743787818793E-014     0.274438929150E-019
     0.563709231599E-005    -0.280000000000E+003    -0.910877371529E-030    -0.743787818793E-014     0.368340407310E-019
     0.697531753239E-005    -0.280000000000E+003    -0.595102561596E-014    -0.785145219919E-014     0.500181067601E-019
     0.839383618521E-005    -0.280000000000E+003    -0.595102561596E-014    -0.785145219919E-014     0.639932159965E-019
     0.989746587602E-005    -0.280000000000E+003    -0.455438685765E-030    -0.371893909396E-014     0.695851232365E-019
     0.114913132622E-004    -0.280000000000E+003    -0.297551280798E-014    -0.206625655261E-014     0.753589643870E-019
     0.131807914004E-004    -0.280000000000E+003    -0.595102561596E-014    -0.413574011259E-015     0.854373421803E-019
     0.149716381303E-004    -0.280000000000E+003    -0.595102561596E-014     0.702430417667E-014     0.101924375073E-018
     0.168699355614E-004    -0.280000000000E+003    -0.595102561596E-014     0.702430417667E-014     0.119400628995E-018
     0.188821307298E-004    -0.280000000000E+003    -0.892653842394E-014     0.867698671802E-014     0.144450089894E-018
     0.210150574931E-004    -0.280000000000E+003    -0.892653842394E-014     0.867698671802E-014     0.171002517013E-018
     0.232759597402E-004    -0.280000000000E+003    -0.892653842394E-014     0.495804762406E-014     0.194088678811E-018
     0.256725159928E-004    -0.280000000000E+003    -0.892653842394E-014     0.867698671802E-014     0.223922982701E-018
     0.282128654833E-004    -0.280000000000E+003    -0.595102561596E-014     0.330536508271E-014     0.241216055097E-018
     0.309056357980E-004    -0.280000000000E+003    -0.297551280798E-014     0.165268254135E-014     0.250381382973E-018
     0.337599721774E-004    -0.280000000000E+003    -0.297551280798E-014     0.165268254135E-014     0.260096629996E-018
     0.367855685763E-004    -0.280000000000E+003    -0.297551280798E-014     0.537162163532E-014     0.278675860279E-018
     0.399927005860E-004    -0.280000000000E+003    -0.297551280798E-014     0.537162163532E-014     0.298369843315E-018
     0.433922603327E-004    -0.280000000000E+003     0.910877371529E-030     0.743787818793E-014     0.323655354604E-018
     0.469957934698E-004    -0.280000000000E+003    -0.297551280798E-014     0.165268254135E-014     0.335920627483E-018
     0.508155383889E-004    -0.280000000000E+003    -0.297551280798E-014     0.537162163532E-014     0.359376472585E-018
     0.548644677845E-004    -0.280000000000E+003    -0.892653842394E-014     0.123910853009E-014     0.395865948648E-018
     0.591563327122E-004    -0.280000000000E+003    -0.892653842394E-014     0.123910853009E-014     0.434544791187E-018
     0.637057092900E-004    -0.280000000000E+003    -0.892653842394E-014    -0.247983056387E-014     0.476692904844E-018
     0.685280482021E-004    -0.280000000000E+003    -0.892653842394E-014    -0.247983056387E-014     0.521369902909E-018
     0.736397271730E-004    -0.280000000000E+003    -0.595102561596E-014    -0.413574011259E-015     0.551863006467E-018
     0.790581065897E-004    -0.280000000000E+003    -0.595102561596E-014     0.330536508271E-014     0.588747863401E-018
     0.848015884613E-004    -0.280000000000E+003    -0.297551280798E-014     0.537162163532E-014     0.624016768519E-018
     0.908896789166E-004    -0.280000000000E+003    -0.297551280798E-014     0.165268254135E-014     0.644738678908E-018
     0.973430544509E-004    -0.280000000000E+003    -0.892653842394E-014    -0.247983056387E-014     0.704526564311E-018
     0.104183632148E-003    -0.280000000000E+003    -0.595102561596E-014    -0.413574011259E-015     0.745333204419E-018
     0.111434644115E-003    -0.280000000000E+003    -0.595102561596E-014    -0.413574011259E-015     0.788588240598E-018
     0.119120716386E-003    -0.280000000000E+003    -0.595102561596E-014    -0.413574011259E-015     0.834438576473E-018
     0.127267952553E-003    -0.280000000000E+003    -0.892653842394E-014     0.123910853009E-014     0.907862523903E-018
     0.135904022424E-003    -0.280000000000E+003    -0.119020512319E-013    -0.827148022517E-015     0.101089738756E-017
     0.145058255993E-003    -0.280000000000E+003    -0.148775640399E-013    -0.289340457513E-014     0.114964177997E-017
     0.154761743052E-003    -0.280000000000E+003    -0.119020512319E-013    -0.827148022517E-015     0.126541174028E-017
     0.165047438780E-003    -0.280000000000E+003    -0.178530768479E-013     0.247821706019E-014     0.145080378413E-017
     0.175950275662E-003    -0.280000000000E+003    -0.148775640399E-013     0.454447361280E-014     0.162041007253E-017
     0.187507282134E-003    -0.280000000000E+003    -0.148775640399E-013     0.454447361280E-014     0.180019272853E-017
     0.199757708333E-003    -0.280000000000E+003    -0.119020512319E-013     0.289179107145E-014     0.195023983689E-017
     0.212743159403E-003    -0.280000000000E+003    -0.148775640399E-013     0.454447361280E-014     0.215224360737E-017
     0.226507736794E-003    -0.280000000000E+003    -0.178530768479E-013     0.247821706019E-014     0.240033991537E-017
     0.241098188040E-003    -0.280000000000E+003    -0.148775640399E-013     0.826341270676E-014     0.264864603491E-017
     0.256564065527E-003    -0.280000000000E+003    -0.148775640399E-013     0.826341270676E-014     0.291185050741E-017
     0.272957894778E-003    -0.280000000000E+003    -0.148775640399E-013     0.826341270676E-014     0.319084723320E-017
     0.290335352846E-003    -0.280000000000E+003    -0.148775640399E-013     0.454447361280E-014     0.346117377265E-017
     0.308755457403E-003    -0.280000000000E+003    -0.148775640399E-013     0.826341270676E-014     0.377465445990E-017
     0.328280767180E-003    -0.280000000000E+003    -0.119020512319E-013     0.661073016541E-014     0.404048606834E-017
     0.348977594427E-003    -0.280000000000E+003    -0.148775640399E-013     0.454447361280E-014     0.436244924991E-017
     0.370916230124E-003    -0.280000000000E+003    -0.148775640399E-013     0.454447361280E-014     0.470373020395E-017
     0.394171182707E-003    -0.280000000000E+003    -0.208285896558E-013     0.413089960154E-014     0.519753228620E-017
     0.418821431115E-003    -0.280000000000E+003    -0.208285896558E-013     0.413089960154E-014     0.572096246513E-017
     0.444950693017E-003    -0.280000000000E+003    -0.208285896558E-013     0.784983869551E-014     0.630256609529E-017
     0.472647709137E-003    -0.280000000000E+003    -0.208285896558E-013     0.784983869551E-014     0.691906590998E-017
     0.502006544641E-003    -0.280000000000E+003    -0.178530768479E-013    -0.124072203378E-014     0.744447567247E-017
     0.533126908594E-003    -0.280000000000E+003    -0.119020512319E-013    -0.827148022517E-015     0.781576521791E-017
     0.566114492604E-003    -0.280000000000E+003    -0.892653842394E-014    -0.619876965783E-014     0.817426579643E-017
     0.601081329767E-003    -0.280000000000E+003    -0.119020512319E-013    -0.826502621045E-014     0.868094658672E-017
     0.638146175159E-003    -0.280000000000E+003    -0.119020512319E-013    -0.454608711648E-014     0.915317909166E-017
     0.677434909153E-003    -0.280000000000E+003    -0.148775640399E-013    -0.661234366909E-014     0.979283177802E-017
     0.719080964939E-003    -0.280000000000E+003    -0.148775640399E-013    -0.661234366909E-014     0.104708635890E-016
     0.763225781689E-003    -0.280000000000E+003    -0.178530768479E-013    -0.867860022170E-014     0.113471692855E-016
     0.810019284919E-003    -0.280000000000E+003    -0.178530768479E-013    -0.867860022170E-014     0.122760532736E-016
     0.859620395664E-003    -0.280000000000E+003    -0.178530768479E-013    -0.123975393157E-013     0.133541575017E-016
     0.912197570216E-003    -0.280000000000E+003    -0.208285896558E-013    -0.144637958683E-013     0.146874129918E-016
     0.967929372233E-003    -0.280000000000E+003    -0.238041024638E-013    -0.128111133269E-013     0.161939869114E-016
     0.102700507918E-002    -0.280000000000E+003    -0.208285896558E-013    -0.144637958683E-013     0.176920326183E-016
     0.108962532517E-002    -0.280000000000E+003    -0.267796152718E-013    -0.111584307856E-013     0.195087304300E-016
     0.115600278233E-002    -0.280000000000E+003    -0.238041024638E-013    -0.909217423296E-014     0.212001225044E-016
     0.122636288312E-002    -0.280000000000E+003    -0.238041024638E-013    -0.128111133269E-013     0.231021369558E-016
     0.130094458593E-002    -0.280000000000E+003    -0.267796152718E-013    -0.111584307856E-013     0.252658527663E-016
     0.138000118665E-002    -0.280000000000E+003    -0.297551280798E-013    -0.578680915026E-014     0.276622653004E-016
     0.146380117888E-002    -0.280000000000E+003    -0.267796152718E-013    -0.372055259765E-014     0.299279516449E-016
     0.155262916586E-002    -0.280000000000E+003    -0.238041024638E-013    -0.537323513900E-014     0.320956219955E-016
     0.164678682697E-002    -0.280000000000E+003    -0.208285896558E-013    -0.330697858639E-014     0.340813583023E-016
     0.174659394236E-002    -0.280000000000E+003    -0.178530768479E-013    -0.495966112774E-014     0.359307025239E-016
     0.185238947896E-002    -0.280000000000E+003    -0.208285896558E-013     0.411960507577E-015     0.381347053124E-016
     0.196453274170E-002    -0.280000000000E+003    -0.178530768479E-013     0.619715615415E-014     0.402539966830E-016
     0.208340459379E-002    -0.280000000000E+003    -0.119020512319E-013     0.103296692594E-013     0.421273540542E-016
     0.220940875020E-002    -0.280000000000E+003    -0.119020512319E-013     0.103296692594E-013     0.441131127605E-016
     0.234297314879E-002    -0.280000000000E+003    -0.119020512319E-013     0.103296692594E-013     0.462180168756E-016
     0.248455140365E-002    -0.280000000000E+003    -0.119020512319E-013     0.661073016541E-014     0.481455650497E-016
     0.263462434571E-002    -0.280000000000E+003    -0.148775640399E-013     0.119823518007E-013     0.510123851192E-016
     0.279370165569E-002    -0.280000000000E+003    -0.119020512319E-013     0.140486083533E-013     0.539414050052E-016
     0.296232359518E-002    -0.280000000000E+003    -0.178530768479E-013     0.619715615415E-014     0.571280344336E-016
     0.314106284138E-002    -0.280000000000E+003    -0.208285896558E-013     0.413089960154E-014     0.609234329251E-016
     0.333052643213E-002    -0.280000000000E+003    -0.208285896558E-013     0.784983869551E-014     0.651406478077E-016
     0.353135782749E-002    -0.280000000000E+003    -0.208285896558E-013     0.784983869551E-014     0.696108953419E-016
     0.374423909507E-002    -0.280000000000E+003    -0.892653842394E-014     0.123959258120E-013     0.728627712607E-016
     0.396989322653E-002    -0.280000000000E+003    -0.892653842394E-014     0.161148649060E-013     0.770197831551E-016
     0.420908659296E-002    -0.280000000000E+003    -0.297551280798E-014     0.165284389172E-013     0.810368288357E-016
     0.446263154769E-002    -0.280000000000E+003    -0.297551280798E-014     0.909056072928E-014     0.834620227203E-016
     0.473138918520E-002    -0.280000000000E+003     0.297551280798E-014     0.206625655261E-014     0.844356190133E-016
     0.501627226558E-002    -0.280000000000E+003    -0.455438685765E-030    -0.371893909396E-014     0.854950818382E-016
     0.531824831448E-002    -0.280000000000E+003    -0.910877371529E-030    -0.743787818793E-014     0.877411429056E-016
     0.563834290904E-002    -0.280000000000E+003     0.297551280798E-014    -0.537162163532E-014     0.897067425429E-016
     0.597764316095E-002    -0.280000000000E+003    -0.595102561596E-014    -0.115703912932E-013     0.941214112337E-016
     0.633730140856E-002    -0.280000000000E+003    -0.136631605729E-029    -0.111568172819E-013     0.981340525862E-016
     0.671853913045E-002    -0.280000000000E+003    -0.892653842394E-014    -0.136366478458E-013     0.104347657356E-015
     0.712265109384E-002    -0.280000000000E+003    -0.892653842394E-014    -0.173555869397E-013     0.112234567647E-015
     0.755100975191E-002    -0.280000000000E+003    -0.297551280798E-014    -0.206609520224E-013     0.121176174900E-015
     0.800506990496E-002    -0.280000000000E+003    -0.595102561596E-014    -0.152893303871E-013     0.128625783198E-015
     0.848637364120E-002    -0.280000000000E+003    -0.119020512319E-013    -0.157029043984E-013     0.138109299366E-015
     0.899655557408E-002    -0.280000000000E+003    -0.297551280798E-014    -0.169420129285E-013     0.146885103072E-015
     0.953734839373E-002    -0.280000000000E+003    -0.892653842394E-014    -0.136366478458E-013     0.155699217340E-015
     0.101105887516E-001    -0.280000000000E+003    -0.227719342882E-029    -0.185946954698E-013     0.166358447226E-015
     0.107182234982E-001    -0.280000000000E+003     0.297551280798E-014    -0.276852561991E-013     0.183277851935E-015
     0.113623162948E-001    -0.280000000000E+003     0.595102561596E-014    -0.256189996465E-013     0.200218200835E-015
     0.120450546223E-001    -0.280000000000E+003    -0.409894817188E-029    -0.334704518457E-013     0.223069761150E-015
     0.127687572104E-001    -0.280000000000E+003     0.892653842394E-014    -0.161148649060E-013     0.236401847061E-015
     0.135358819124E-001    -0.280000000000E+003     0.892653842394E-014     0.991770875180E-014     0.246637833027E-015
     0.143490340526E-001    -0.280000000000E+003     0.297551280798E-014     0.206625655261E-014     0.249583542465E-015
     0.152109752747E-001    -0.280000000000E+003    -0.892653842394E-014    -0.247983056387E-014     0.257569075422E-015
     0.161246329208E-001    -0.280000000000E+003    -0.297551280798E-014    -0.243798911164E-013     0.280009235731E-015
     0.170931099734E-001    -0.280000000000E+003    -0.148775640399E-013    -0.289259782329E-013     0.311511609349E-015
     0.181196955938E-001    -0.280000000000E+003    -0.416571793117E-013    -0.103328962667E-013     0.355572220882E-015
     0.192078762926E-001    -0.280000000000E+003    -0.892653842394E-014    -0.991770875180E-014     0.370092157905E-015
     0.203613477710E-001    -0.280000000000E+003    -0.208285896558E-013     0.784983869551E-014     0.395766943579E-015
     0.215840274722E-001    -0.280000000000E+003    -0.297551280798E-013     0.202457645075E-013     0.439770821284E-015
     0.228800678855E-001    -0.280000000000E+003    -0.892653842394E-014     0.161148649060E-013     0.463646543739E-015
     0.242538706494E-001    -0.280000000000E+003    -0.148775640399E-013     0.826341270676E-014     0.487026467194E-015
     0.257101015006E-001    -0.280000000000E+003    -0.297551280798E-014    -0.950413474054E-014     0.501529112106E-015
     0.272537061195E-001    -0.280000000000E+003     0.595102561596E-014    -0.144621823646E-013     0.525669105691E-015
     0.288899269272E-001    -0.280000000000E+003     0.297551280798E-014    -0.909056072928E-014     0.541319792572E-015
     0.306243208897E-001    -0.280000000000E+003     0.297551280798E-014    -0.165284389172E-013     0.570447438876E-015
     0.324627783907E-001    -0.280000000000E+003     0.297551280798E-014    -0.165268254135E-014     0.576704959501E-015
     0.344115432366E-001    -0.279999999999E+003     0.405473130345E-010    -0.139452314404E-010     0.841365528030E-013
     0.364772338618E-001    -0.280000001076E+003    -0.693153678700E-007     0.235350807432E-007     0.151296644544E-009
     0.386668658063E-001    -0.280000000440E+003    -0.280811729397E-007     0.847093352552E-008     0.215520792389E-009
     0.409878755421E-001    -0.280000018866E+003    -0.122178303382E-005     0.404453556203E-006     0.320263098129E-008
     0.434481457293E-001    -0.280000007202E+003    -0.458880677005E-006     0.133518179825E-006     0.437842028165E-008
     0.460560319869E-001    -0.280000003768E+003    -0.218704206562E-006     0.590329571853E-007     0.496918808899E-008
     0.488203912708E-001    -0.280000002269E+003    -0.111813012474E-006     0.290559420361E-007     0.528854514477E-008
     0.517506119535E-001    -0.280000001610E+003    -0.659555346705E-007     0.173606678417E-007     0.548839232511E-008
     0.548566457095E-001    -0.280000001159E+003    -0.372546727983E-007     0.100127599296E-007     0.560821302755E-008
     0.581490413132E-001    -0.280000011320E+003    -0.715443071906E-006     0.211391900644E-006     0.806440485803E-008
     0.616389804647E-001    -0.280000002402E+003    -0.119571403058E-006     0.246115552117E-007     0.849044980693E-008
     0.653383157655E-001    -0.280000001651E+003    -0.630620418848E-007     0.138803565291E-007     0.872932163143E-008
     0.692596109728E-001    -0.280000001216E+003    -0.341801408845E-007     0.723488033175E-008     0.886632169295E-008
     0.734161836681E-001    -0.280000000969E+003    -0.200842055046E-007     0.375720716706E-008     0.895125135890E-008
     0.778221504872E-001    -0.280000000605E+003     0.152268594354E-008    -0.207780431199E-008     0.896260118693E-008
     0.824924750635E-001    -0.280000003612E+003    -0.205955000515E-006     0.543190549172E-007     0.995736959920E-008
     0.874430188470E-001    -0.279999992031E+003     0.576099100554E-006    -0.175907128697E-006     0.129393623949E-007
     0.926905949743E-001    -0.279999998395E+003     0.139911380750E-006    -0.382456420765E-007     0.137004947511E-007
     0.982530253690E-001    -0.279999988573E+003     0.801767040878E-006    -0.231874316083E-006     0.183430288744E-007
     0.104149201269E+000    -0.279999997393E+003     0.193975500900E-006    -0.533850303101E-007     0.195292664411E-007
     0.110399147386E+000    -0.279999999405E+003     0.568032389444E-007    -0.217829442967E-007     0.199094925663E-007
     0.117024089912E+000    -0.280000005107E+003    -0.290028634352E-006     0.136453364944E-006     0.220329507598E-007
     0.124046528610E+000    -0.280000001772E+003    -0.703855672979E-007     0.214610489790E-007     0.225496946440E-007
     0.131490313229E+000    -0.280000001956E+003    -0.814559119169E-007     0.167929051838E-007     0.231687860818E-007
     0.139380724499E+000    -0.280000001092E+003    -0.197768260928E-007     0.177553156367E-008     0.233254609942E-007
     0.147744559993E+000    -0.279999993670E+003     0.505971096841E-006    -0.116990664266E-006     0.276689704909E-007
     0.156610225139E+000    -0.279999999455E+003     0.880584956918E-007    -0.213787376139E-007     0.284723459883E-007
     0.166007829686E+000    -0.280000000503E+003     0.155286002463E-007    -0.834263355294E-008     0.286380044493E-007
     0.175969289968E+000    -0.280000004503E+003    -0.263203397246E-006     0.510516500316E-007     0.313087590666E-007
     0.185969289968E+000    -0.280000001642E+003    -0.478914137843E-007     0.383938595983E-008     0.317892097299E-007
     0.195969289968E+000    -0.280000001254E+003    -0.149765919736E-007    -0.856917421570E-009     0.319392206011E-007
     0.205969289968E+000    -0.280000001496E+003    -0.324258231256E-007     0.287146639032E-008     0.322647477619E-007
     0.215969289968E+000    -0.280000001172E+003    -0.940270074864E-008    -0.585594894910E-009     0.323589569455E-007
     0.225969289968E+000    -0.280000001102E+003    -0.152517287277E-007    -0.147297205125E-007     0.325709899372E-007
     0.235969289968E+000    -0.280000009079E+003    -0.580056606782E-006     0.120222809118E-006     0.384948332074E-007
     0.245969289968E+000    -0.279999988104E+003     0.136183652945E-005     0.431990303510E-006     0.527819405259E-007
     0.255969289968E+000    -0.279999990719E+003     0.906745761780E-006     0.493652733621E-007     0.618628259822E-007
     0.265969289968E+000    -0.279999998692E+003     0.189429127108E-006     0.362736550552E-009     0.637571207263E-007
     0.275969289968E+000    -0.280000004392E+003    -0.243912556241E-006     0.700037751050E-007     0.662947153279E-007
     0.285969289968E+000    -0.279999965058E+003     0.266576441562E-005    -0.393825332077E-006     0.932416971844E-007
     0.295969289968E+000    -0.279999992952E+003     0.896282805241E-006     0.462477914212E-006     0.103327373603E-006
     0.305969289968E+000    -0.280000000237E+003     0.554562270015E-007     0.935565031979E-007     0.104414949458E-006
     0.315969289968E+000    -0.279999999232E+003     0.980815018167E-008    -0.781158155556E-007     0.105202241046E-006
     0.325969289968E+000    -0.279999999761E+003    -0.992497771131E-008    -0.334954849661E-007     0.105551590827E-006
     0.335969289968E+000    -0.279999999808E+003     0.472777891600E-007     0.507357165620E-007     0.106245082159E-006
     0.345969289968E+000    -0.279999999951E+003     0.480085482875E-007     0.560287683019E-007     0.106982919783E-006
     0.355969289968E+000    -0.280000004314E+003     0.425559753413E-006     0.113923178508E-005     0.119144129278E-006
     0.365969289968E+000    -0.280000001130E+003     0.101151777665E-006     0.167043702724E-006     0.121096954942E-006
     0.375969289968E+000    -0.280000000610E+003     0.176856565821E-007     0.321466915426E-007     0.121463859865E-006
     0.385969289968E+000    -0.280000000323E+003     0.567449929812E-008     0.804135058593E-008     0.121562279000E-006
     0.395969289968E+000    -0.279999993658E+003     0.458636536230E-006    -0.121025109167E-006     0.126305638036E-006
     0.405969289968E+000    -0.280000004095E+003    -0.276910115144E-006     0.722949881776E-007     0.129167556574E-006
     0.415969289968E+000    -0.279999971274E+003     0.207183860375E-005    -0.445134779019E-006     0.150358734388E-006
     0.425969289968E+000    -0.279999994783E+003     0.353086753407E-006    -0.615933183145E-007     0.153942921776E-006
     0.435969289968E+000    -0.279999998287E+003     0.854093228168E-007    -0.145751391424E-007     0.154809362028E-006
     0.445969289968E+000    -0.279999999181E+003     0.255876606676E-007    -0.431811724595E-008     0.155068856636E-006
     0.455969289968E+000    -0.279999999476E+003     0.115558027433E-007    -0.188301913183E-008     0.155185938803E-006
     0.465969289968E+000    -0.279999999651E+003     0.495604687356E-008    -0.532132812691E-009     0.155235784129E-006
     0.475969289968E+000    -0.279999999731E+003     0.144905391114E-008    -0.355041112350E-008     0.155274131458E-006
     0.485969289968E+000    -0.279999999753E+003     0.481143694798E-008    -0.115784187193E-008     0.155323619359E-006
     0.495969289968E+000    -0.279999999988E+003    -0.901408693790E-008     0.273790595688E-008     0.155417826520E-006
     0.505969289968E+000    -0.279999999881E+003     0.773377436505E-009     0.692961808667E-009     0.155428210685E-006
     0.515969289968E+000    -0.279999989954E+003     0.711944813559E-006    -0.151083371760E-006     0.162706202185E-006
     0.525969289968E+000    -0.279999997927E+003     0.128462759229E-006    -0.222228802232E-007     0.164009909856E-006
     0.535969289968E+000    -0.280000054329E+003    -0.390231467371E-005     0.846895041638E-006     0.203941465078E-006
     0.545969289968E+000    -0.280000010524E+003    -0.873122213992E-006    -0.140701882538E-006     0.212785329733E-006
     0.555969289968E+000    -0.280000011396E+003    -0.752601972351E-006     0.131940511967E-006     0.220426128300E-006
     0.565969289968E+000    -0.280000004331E+003    -0.229356211159E-006     0.424025542570E-007     0.222758557253E-006
     0.575969289968E+000    -0.280000010146E+003    -0.644965759928E-006     0.166002504457E-006     0.229418419586E-006
     0.585969289968E+000    -0.280000001073E+003    -0.206107343828E-007     0.135992890156E-007     0.229665349340E-006
     0.595969289968E+000    -0.280000000328E+003     0.289944976859E-008     0.559420617560E-008     0.229728358825E-006
     0.605969289968E+000    -0.279999999911E+003     0.134014862330E-006     0.189562779603E-006     0.232049867617E-006
     0.615969289968E+000    -0.280000009849E+003    -0.687209393670E-006     0.186587549805E-006     0.239170764081E-006
     0.625969289968E+000    -0.280000031611E+003    -0.237677751923E-005     0.315703991119E-006     0.263147295077E-006
     0.635969289968E+000    -0.280000003341E+003    -0.228139605640E-006     0.718176373435E-008     0.265429821252E-006
     0.645969289968E+000    -0.280000001351E+003     0.972783383073E-007     0.238138041709E-006     0.268002228724E-006
     0.655969289968E+000    -0.279999998549E+003     0.171037901991E-006     0.273650000848E-008     0.269712826641E-006
     0.665969289968E+000    -0.279999999750E+003     0.342141453333E-006     0.436133826700E-006     0.275256052136E-006
     0.675969289968E+000    -0.280000000114E+003     0.113259660579E-006     0.122056526610E-006     0.276921151124E-006
     0.685969289968E+000    -0.280000000074E+003     0.635150464289E-007     0.703252767328E-007     0.277868769490E-006
     0.695969289968E+000    -0.279999999986E+003    -0.964609299969E-007    -0.162753314625E-006     0.279760682607E-006
     0.705969289968E+000    -0.279999999570E+003     0.420221843817E-006     0.580131381846E-006     0.286924053449E-006
     0.715969289968E+000    -0.280000000297E+003     0.668002624249E-007     0.887267740294E-007     0.288034671093E-006
     0.725969289968E+000    -0.280000039643E+003    -0.275141769958E-005     0.711355361000E-006     0.316453548282E-006
     0.735969289968E+000    -0.280000020803E+003    -0.137192880973E-005     0.364664838719E-006     0.330649213478E-006
     0.745969289968E+000    -0.280000013194E+003    -0.977183983840E-006    -0.242398290396E-007     0.340424059296E-006
     0.755969289968E+000    -0.280000003267E+003    -0.341010977701E-006    -0.261558276923E-006     0.344721747269E-006
