 #        time                      h  [L]            Darcian flow [L.T^{-1}]   in    x         z              directions   cumulative flux
 #-----------------------------------------------------------------------------------------------

     0.100000000000E-005    -0.278500000000E+003     0.239656199540E-013    -0.633899521495E-013     0.677689971396E-019
     0.205999994278E-005    -0.278500000000E+003    -0.637840366895E-016    -0.505246418818E-013     0.121325157320E-018
     0.318359982147E-005    -0.278500000000E+003    -0.244758922476E-013    -0.340807182905E-012     0.505242325961E-018
     0.437461562859E-005    -0.278500000000E+003    -0.226433330248E-014    -0.179362478680E-011     0.264147950139E-017
     0.563709231599E-005    -0.278500000000E+003    -0.953571348508E-014    -0.755343396132E-011     0.121775213863E-016
     0.697531753239E-005    -0.278500000000E+003    -0.586322438948E-013    -0.273967529106E-010     0.488406309389E-016
     0.839383618521E-005    -0.278500000000E+003    -0.890278010415E-013    -0.895677930458E-010     0.175894278829E-015
     0.989746587602E-005    -0.278500000000E+003     0.228959377002E-013    -0.267569384493E-009     0.578219551178E-015
     0.114913132622E-004    -0.278499999999E+003     0.143474596120E-012    -0.743468010875E-009     0.176319411912E-014
     0.131807914004E-004    -0.278499999997E+003     0.597898631351E-012    -0.194536739227E-008     0.504984995435E-014
     0.149716381303E-004    -0.278499999993E+003     0.178073329170E-011    -0.483687655565E-008     0.137119551036E-013
     0.168699355614E-004    -0.278499999982E+003     0.420382761593E-011    -0.115077127323E-007     0.355570180792E-013
     0.188821307298E-004    -0.278499999959E+003     0.966556356912E-011    -0.263426904935E-007     0.885636561804E-013
     0.210150574931E-004    -0.278499999909E+003     0.210751059136E-010    -0.582751594092E-007     0.212860311451E-012
     0.232759597402E-004    -0.278499999805E+003     0.442192381205E-010    -0.125025383505E-006     0.495530499641E-012
     0.256725159928E-004    -0.278499999592E+003     0.901148426197E-010    -0.260893947203E-006     0.112077755736E-011
     0.282128654833E-004    -0.278499999168E+003     0.178749533253E-009    -0.530788691658E-006     0.246916641627E-011
     0.309056357980E-004    -0.278499998340E+003     0.345450223832E-009    -0.105496962762E-005     0.530995746468E-011
     0.337599721774E-004    -0.278499996760E+003     0.651460474773E-009    -0.205186887827E-005     0.111666817450E-010
     0.367855685763E-004    -0.278499993799E+003     0.120063726856E-008    -0.391084323035E-005     0.229993154969E-010
     0.399927005860E-004    -0.278499988354E+003     0.216451996085E-008    -0.731360761448E-005     0.464550216109E-010
     0.433922603327E-004    -0.278499978512E+003     0.382174877786E-008    -0.134334805186E-004     0.921229430890E-010
     0.469957934698E-004    -0.278499961011E+003     0.661427480328E-008    -0.242568870198E-004     0.179533442516E-009
     0.508155383889E-004    -0.278499930377E+003     0.112300105750E-007    -0.430937418367E-004     0.344140549529E-009
     0.548644677845E-004    -0.278499877558E+003     0.187190087294E-007    -0.753748128261E-004     0.649327854283E-009
     0.591563327122E-004    -0.278499787794E+003     0.306550057478E-007    -0.129877930980E-003     0.120674640667E-008
     0.637057092900E-004    -0.278499637361E+003     0.493553596949E-007    -0.220584495297E-003     0.221026836811E-008
     0.685280482021E-004    -0.278499388642E+003     0.781751731078E-007    -0.369447031196E-003     0.399186720250E-008
     0.736397271730E-004    -0.278498982782E+003     0.121897594709E-006    -0.610451706989E-003     0.711230041809E-008
     0.790581065897E-004    -0.278498328888E+003     0.187241671052E-006    -0.995490542731E-003     0.125062459797E-007
     0.848015884613E-004    -0.278497288398E+003     0.283520465000E-006    -0.160271829649E-002     0.217114296050E-007
     0.908896789166E-004    -0.278495652720E+003     0.423484209205E-006    -0.254825857807E-002     0.372254585460E-007
     0.973430544509E-004    -0.278493111767E+003     0.624399677329E-006    -0.400233852120E-002     0.630540523528E-007
     0.104183632148E-003    -0.278489210256E+003     0.909431381867E-006    -0.621116167561E-002     0.105541986839E-006
     0.111434644115E-003    -0.278483287945E+003     0.130940823478E-005    -0.952605746480E-002     0.174615544171E-006
     0.119120716386E-003    -0.278474399104E+003     0.186507186963E-005    -0.144416457708E-001     0.285615078198E-006
     0.127267952553E-003    -0.278461205696E+003     0.262989259080E-005    -0.216448886246E-001     0.461961098933E-006
     0.135904022424E-003    -0.278441837939E+003     0.367347870551E-005    -0.320769165295E-001     0.738979593140E-006
     0.145058255993E-003    -0.278413715398E+003     0.508545756134E-005    -0.470093508929E-001     0.116931417366E-005
     0.154761743052E-003    -0.278373321506E+003     0.697943290724E-005    -0.681364221075E-001     0.183047506731E-005
     0.165047438780E-003    -0.278315924969E+003     0.949617231855E-005    -0.976834249296E-001     0.283521705851E-005
     0.175950275662E-003    -0.278235242908E+003     0.128045182327E-004    -0.138530880684E+000     0.434559666027E-005
     0.187507282134E-003    -0.278123043427E+003     0.170976356084E-004    -0.194352122894E+000     0.659172541105E-005
     0.199757708333E-003    -0.277968689984E+003     0.225811325180E-004    -0.269759845922E+000     0.989639850650E-005
     0.212743159403E-003    -0.277758636851E+003     0.294484640610E-004    -0.370454449297E+000     0.147069166466E-004
     0.226507736794E-003    -0.277475894591E+003     0.378378477990E-004    -0.503363845209E+000     0.216355072694E-004
     0.241098188040E-003    -0.277099496980E+003     0.477628421721E-004    -0.676760849171E+000     0.315097534695E-004
     0.256564065527E-003    -0.276604017550E+003     0.590100312753E-004    -0.900339626869E+000     0.454342958649E-004
     0.272957894778E-003    -0.275959202270E+003     0.709999150778E-004    -0.118522836142E+001     0.648647272802E-004
     0.290335352846E-003    -0.275129803655E+003     0.826124608102E-004    -0.154391121304E+001     0.916939796838E-004
     0.308755457403E-003    -0.274075717458E+003     0.919872622273E-004    -0.199002938545E+001     0.128350529076E-003
     0.328280767180E-003    -0.272752531202E+003     0.963200435266E-004    -0.253802941089E+001     0.177906339582E-003
     0.348977594427E-003    -0.271112587813E+003     0.916916058536E-004    -0.320262786279E+001     0.244190575220E-003
     0.370916230124E-003    -0.269106640302E+003     0.729800459185E-004    -0.399806750078E+001     0.331902721626E-003
     0.394171182707E-003    -0.266686118930E+003     0.339181223261E-004    -0.493715299226E+001     0.446715980361E-003
     0.418821431115E-003    -0.263805948818E+003    -0.326405510280E-004    -0.603007794680E+001     0.595358899671E-003
     0.444950693017E-003    -0.260427749633E+003    -0.134195520292E-003    -0.728309164430E+001     0.785660708731E-003
     0.472647709137E-003    -0.256523136630E+003    -0.277792264874E-003    -0.869710370144E+001     0.102654453028E-002
     0.502006544641E-003    -0.252076750885E+003    -0.468955426927E-003    -0.102663830034E+002     0.132795358040E-002
     0.533126908594E-003    -0.247088607746E+003    -0.710433064911E-003    -0.119775608301E+002     0.170069963336E-002
     0.566114492604E-003    -0.241575391714E+003    -0.100086954928E-002    -0.138091765414E+002     0.215623100582E-002
     0.601081329767E-003    -0.235570449719E+003    -0.133356883673E-002    -0.157319831986E+002     0.270632870255E-002
     0.638146175159E-003    -0.229122422898E+003    -0.169555667668E-002    -0.177101424936E+002     0.336275239895E-002
     0.677434909153E-003    -0.222292665019E+003    -0.206719914919E-002    -0.197032858375E+002     0.413686955930E-002
     0.719080964939E-003    -0.215151768993E+003    -0.242265337080E-002    -0.216692341575E+002     0.503930769951E-002
     0.763225781689E-003    -0.207775583942E+003    -0.273168095472E-002    -0.235670387107E+002     0.607967031172E-002
     0.810019284919E-003    -0.200241260974E+003    -0.296271175407E-002    -0.253597956170E+002     0.726634399792E-002
     0.859620395664E-003    -0.192624047289E+003    -0.308725715959E-002    -0.270165554781E+002     0.860639516690E-002
     0.912197570216E-003    -0.184994457017E+003    -0.308319942304E-002    -0.285136310044E+002     0.101055613301E-001
     0.967929372233E-003    -0.177415978188E+003    -0.293875148920E-002    -0.298351990466E+002     0.117683307445E-001
     0.102700507918E-002    -0.169943521247E+003    -0.265555768112E-002    -0.309731241546E+002     0.135980899571E-001
     0.108962532517E-002    -0.162622612500E+003    -0.224963685578E-002    -0.319261774951E+002     0.155973150502E-001
     0.115600278233E-002    -0.155489223028E+003    -0.167178162338E-002    -0.326986422938E+002     0.177677677811E-001
     0.122636288312E-002    -0.148570734429E+003    -0.115608307172E-002    -0.332995341271E+002     0.201107263601E-001
     0.130094458593E-002    -0.141888336853E+003    -0.615878595284E-003    -0.337383016127E+002     0.226269863448E-001
     0.138000118665E-002    -0.135456701485E+003    -0.114949943826E-003    -0.340266780575E+002     0.253170198457E-001
     0.146380117888E-002    -0.129284279840E+003     0.302843972346E-003    -0.341780605556E+002     0.281811410550E-001
     0.155262916586E-002    -0.123374251695E+003     0.611159002041E-003    -0.342066012256E+002     0.312196445835E-001
     0.164678682697E-002    -0.117725626225E+003     0.798742846371E-003    -0.341264001096E+002     0.344329066008E-001
     0.174659394236E-002    -0.112334251036E+003     0.868427952933E-003    -0.339509725543E+002     0.378214552372E-001
     0.185238947896E-002    -0.107193644108E+003     0.835245054838E-003    -0.336929635183E+002     0.413860203934E-001
     0.196453274170E-002    -0.102295634121E+003     0.722868983889E-003    -0.333640407025E+002     0.451275727769E-001
     0.208340459379E-002    -0.976307691206E+002     0.559721241515E-003    -0.329749580237E+002     0.490473671103E-001
     0.220940875020E-002    -0.931876949345E+002     0.485976876959E-003    -0.325362999785E+002     0.531470761424E-001
     0.234297314879E-002    -0.889578589874E+002     0.241427200661E-003    -0.320545951650E+002     0.574284288678E-001
     0.248455140365E-002    -0.849334511664E+002     0.924632049759E-006    -0.315353082752E+002     0.618931427799E-001
     0.263462434571E-002    -0.811059721807E+002    -0.186669463656E-003    -0.309847920221E+002     0.665431216776E-001
     0.279370165569E-002    -0.774654252218E+002    -0.820707256416E-004    -0.304100401721E+002     0.713806690648E-001
     0.296232359518E-002    -0.740008311734E+002    -0.233475313174E-003    -0.298172433999E+002     0.764085104771E-001
     0.314106284138E-002    -0.707038098636E+002    -0.238523328980E-003    -0.292099316713E+002     0.816294716460E-001
     0.333052643213E-002    -0.675659166937E+002    -0.462588270329E-003    -0.285920111204E+002     0.870466167403E-001
     0.353135782749E-002    -0.645795857681E+002    -0.536152775055E-003    -0.279669258732E+002     0.926632534882E-001
     0.374423909507E-002    -0.617346541834E+002    -0.405575323895E-003    -0.273389157145E+002     0.984831965205E-001
     0.396989322653E-002    -0.590233424816E+002    -0.141228724731E-003    -0.267105226151E+002     0.104510536302E+000
     0.420908659296E-002    -0.564377743118E+002    -0.133504300408E-004    -0.260842051584E+002     0.110749705145E+000
     0.446263154769E-002    -0.539699814799E+002    -0.271585611823E-004    -0.254624070983E+002     0.117205570000E+000
     0.473138918520E-002    -0.516144044120E+002    -0.393933733380E-004    -0.248451754123E+002     0.123882900647E+000
     0.501627226558E-002    -0.493658157607E+002    -0.121056280932E-003    -0.242337238179E+002     0.130786678537E+000
     0.531824831448E-002    -0.472170391419E+002    -0.252355868920E-003    -0.236306634206E+002     0.137922572910E+000
     0.563834290904E-002    -0.451652308596E+002    -0.368535549018E-003    -0.230339102116E+002     0.145295603062E+000
     0.597764316095E-002    -0.432075927746E+002    -0.445787397172E-003    -0.224442558592E+002     0.152910944730E+000
     0.633730140856E-002    -0.413378896930E+002    -0.437101443097E-003    -0.218641881616E+002     0.160774580331E+000
     0.671853913045E-002    -0.395497858737E+002    -0.639860017576E-003    -0.212952712453E+002     0.168893141032E+000
     0.712265109384E-002    -0.378371284649E+002    -0.514528697339E-003    -0.207387374394E+002     0.177273912939E+000
     0.755100975191E-002    -0.361979551552E+002    -0.819526281712E-003    -0.201923042949E+002     0.185923461317E+000
     0.800506990496E-002    -0.346299833972E+002    -0.119407518445E-002    -0.196556151161E+002     0.194848292942E+000
     0.848637364120E-002    -0.331295324788E+002    -0.130253452210E-002    -0.191302147450E+002     0.204055736795E+000
     0.899655557408E-002    -0.316938618915E+002    -0.148129713413E-002    -0.186151896008E+002     0.213552870236E+000
     0.953734839373E-002    -0.303187280504E+002    -0.172572395806E-002    -0.181110946278E+002     0.223347220212E+000
     0.101105887516E-001    -0.289990254280E+002    -0.205580089817E-002    -0.176187468955E+002     0.233446997056E+000
     0.107182234982E-001    -0.277303982164E+002    -0.228807737084E-002    -0.171375516460E+002     0.243860369000E+000
     0.113623162948E-001    -0.265078933020E+002    -0.229541743817E-002    -0.166665817978E+002     0.254595194382E+000
     0.120450546223E-001    -0.253278657266E+002    -0.211012842297E-002    -0.162038800585E+002     0.265658204446E+000
     0.127687572104E-001    -0.241859058729E+002    -0.232722049755E-002    -0.157466392479E+002     0.277054088149E+000
     0.135358819124E-001    -0.230763271721E+002    -0.225663342306E-002    -0.152931913363E+002     0.288785873123E+000
     0.143490340526E-001    -0.219882419256E+002    -0.211453102151E-002    -0.148414629058E+002     0.300854240571E+000
     0.152109752747E-001    -0.209095443027E+002    -0.234089184178E-002    -0.143882981426E+002     0.313256108020E+000
     0.161246329208E-001    -0.198343245536E+002    -0.221647908692E-002    -0.139251150055E+002     0.325978895979E+000
     0.170931099734E-001    -0.187482691291E+002    -0.226420580115E-002    -0.134482208715E+002     0.339003189476E+000
     0.181196955938E-001    -0.176376832387E+002    -0.212905956816E-002    -0.129497082402E+002     0.352297173922E+000
     0.192078762926E-001    -0.164863626465E+002    -0.217518433358E-002    -0.124248557076E+002     0.365817662296E+000
     0.203613477710E-001    -0.152776975686E+002    -0.215341673281E-002    -0.118667838427E+002     0.379505659225E+000
     0.215840274722E-001    -0.139799218888E+002    -0.448827514516E-002    -0.112609209599E+002     0.393274159793E+000
     0.228800678855E-001    -0.126295079391E+002    -0.515392794654E-002    -0.106113047490E+002     0.407026841207E+000
     0.242538706494E-001    -0.112176610377E+002    -0.596110782193E-002    -0.992044160856E+001     0.420655573769E+000
     0.257101015006E-001    -0.975175689875E+001    -0.620876521623E-002    -0.918005304156E+001     0.434023853281E+000
     0.272537061195E-001    -0.821650239808E+001    -0.139333254048E-002    -0.839850013529E+001     0.446987817060E+000
     0.288899269272E-001    -0.668637371270E+001    -0.465868815222E-002    -0.759559132136E+001     0.459415883964E+000
     0.306243208897E-001    -0.516817650901E+001    -0.479137456052E-002    -0.677877047489E+001     0.471172945486E+000
     0.324627783907E-001    -0.371795011062E+001    -0.492368796468E-002    -0.598515612305E+001     0.482176404379E+000
     0.344115432366E-001    -0.245940533428E+001     0.768546796948E-003    -0.526530720092E+001     0.492437250064E+000
     0.364772338618E-001    -0.143257703289E+001     0.516845485952E-002    -0.467387887042E+001     0.502092043733E+000
     0.386668658063E-001    -0.712720425026E+000     0.127283927641E-001    -0.424442544222E+001     0.511385815057E+000
     0.409878755421E-001    -0.258021834305E+000     0.128195882945E-001    -0.396750031629E+001     0.520594469988E+000
     0.434481457293E-001     0.221315784737E-001     0.151677214808E-001    -0.385192998026E+001     0.530071331952E+000
     0.460560319869E-001     0.185636009060E+000     0.160905814852E-001    -0.370823976831E+001     0.539742090524E+000
     0.488203912708E-001     0.293786396238E+000     0.121208895775E-001    -0.360592143429E+001     0.549710209232E+000
     0.517506119535E-001     0.391326135556E+000     0.706686066391E-002    -0.352276412197E+001     0.560032706293E+000
     0.548566457095E-001     0.498017063950E+000     0.173151835409E-002    -0.344935649796E+001     0.570746525362E+000
     0.581490413132E-001     0.614196626839E+000    -0.140933811808E-002    -0.336917100990E+001     0.581839170153E+000
     0.616389804647E-001     0.710609119801E+000    -0.415669409892E-002    -0.330147057427E+001     0.593361110700E+000
     0.653383157655E-001     0.843053117141E+000    -0.317875639244E-002    -0.321170919045E+001     0.605242305704E+000
     0.692596109728E-001     0.905724301026E+000     0.289635587527E-002    -0.317125230115E+001     0.617677727339E+000
     0.734161836681E-001     0.981813115210E+000     0.868972679852E-002    -0.311758713506E+001     0.630636255239E+000
     0.778221504872E-001     0.104689951093E+001     0.109765710018E-001    -0.307209029723E+001     0.644171869553E+000
     0.824924750635E-001     0.110930553834E+001     0.120135271798E-001    -0.302810731165E+001     0.658314224847E+000
     0.874430188470E-001     0.118035100537E+001     0.975364642829E-002    -0.297952177409E+001     0.673064556877E+000
     0.926905949743E-001     0.125736377099E+001     0.277559241685E-002    -0.292684272216E+001     0.688423393780E+000
     0.982530253690E-001     0.135065988031E+001    -0.510869277423E-002    -0.286317763088E+001     0.704349645411E+000
     0.104149201269E+000     0.145049790635E+001    -0.114578987092E-001    -0.279519505780E+001     0.720830745611E+000
     0.110399147386E+000     0.154264891102E+001    -0.142848074128E-001    -0.273205682968E+001     0.737906186985E+000
     0.117024089912E+000     0.161599470798E+001    -0.123955390046E-001    -0.268109151612E+001     0.755668454018E+000
     0.124046528610E+000     0.167601659000E+001    -0.664839933273E-002    -0.263912218433E+001     0.774201586583E+000
     0.131490313229E+000     0.172740406993E+001     0.961521428976E-003    -0.260379444051E+001     0.793583672911E+000
     0.139380724499E+000     0.176376651186E+001     0.871155114164E-002    -0.257831824299E+001     0.813927780357E+000
     0.147744559993E+000     0.179502415936E+001     0.135686413597E-001    -0.255621482512E+001     0.835307841838E+000
     0.156610225139E+000     0.183016094557E+001     0.184296214162E-001    -0.253172791091E+001     0.857753888426E+000
     0.166007829686E+000     0.186875502043E+001     0.172555221426E-001    -0.250498803408E+001     0.881295333878E+000
     0.175969289968E+000     0.190445780367E+001     0.112790171223E-001    -0.248093417560E+001     0.906009316529E+000
     0.185969289968E+000     0.195179747401E+001     0.361532936629E-002    -0.244860986371E+001     0.930495441856E+000
     0.195969289968E+000     0.200507351300E+001    -0.296403941277E-002    -0.241257265258E+001     0.954621186589E+000
     0.205969289968E+000     0.205874734470E+001    -0.739400973703E-002    -0.237587234661E+001     0.978380025111E+000
     0.215969289968E+000     0.210903897377E+001    -0.885100600918E-002    -0.234111628635E+001     0.100179135529E+001
     0.225969289968E+000     0.214559562327E+001    -0.872033705587E-002    -0.231525332047E+001     0.102494405272E+001
     0.235969289968E+000     0.217861960441E+001    -0.550195021609E-002    -0.229207982326E+001     0.104786491698E+001
     0.245969289968E+000     0.221227674317E+001    -0.150934005979E-002    -0.226881169758E+001     0.107055303898E+001
     0.255969289968E+000     0.224739666409E+001     0.289796194873E-002    -0.224440709577E+001     0.109299712865E+001
     0.265969289968E+000     0.226824141071E+001     0.542885699613E-002    -0.222956794262E+001     0.111529287417E+001
     0.275969289968E+000     0.228766596217E+001     0.622498536794E-002    -0.221591072132E+001     0.113745206882E+001
     0.285969289968E+000     0.230642171040E+001     0.749424737664E-002    -0.220294841138E+001     0.115948168040E+001
     0.295969289968E+000     0.232583283195E+001     0.863181306434E-002    -0.219026797849E+001     0.118138453028E+001
     0.305969289968E+000     0.234418875964E+001     0.798650733164E-002    -0.217783876810E+001     0.120316306440E+001
     0.315969289968E+000     0.235744317958E+001     0.614941931955E-002    -0.216854958114E+001     0.122484864740E+001
     0.325969289968E+000     0.237284640038E+001     0.417712512036E-002    -0.215805991771E+001     0.124642928700E+001
     0.335969289968E+000     0.238932039983E+001     0.227198521961E-002    -0.214692097768E+001     0.126789850880E+001
     0.345969289968E+000     0.240670390659E+001     0.159061667229E-003    -0.213534146422E+001     0.128925192350E+001
     0.355969289968E+000     0.242731445313E+001     0.989994100603E-003    -0.212124112600E+001     0.131046433707E+001
     0.365969289968E+000     0.244207033756E+001    -0.153014750377E-002    -0.211168636817E+001     0.133158120630E+001
     0.375969289968E+000     0.245450102175E+001    -0.323181884953E-002    -0.210284908809E+001     0.135260972201E+001
     0.385969289968E+000     0.246534039458E+001    -0.315333671683E-002    -0.209492622737E+001     0.137355900802E+001
     0.395969289968E+000     0.247638877434E+001    -0.273386932312E-002    -0.208709492292E+001     0.139442997515E+001
     0.405969289968E+000     0.248931601752E+001    -0.335323636966E-002    -0.207810074910E+001     0.141521100970E+001
     0.415969289968E+000     0.250383875271E+001    -0.421866182831E-002    -0.206866420572E+001     0.143589769477E+001
     0.425969289968E+000     0.251845144412E+001    -0.319710023486E-002    -0.205799186491E+001     0.145647763826E+001
     0.435969289968E+000     0.253210491087E+001    -0.451677756868E-002    -0.204789889842E+001     0.147695667705E+001
     0.445969289968E+000     0.254885145313E+001    -0.321783082405E-002    -0.203689303612E+001     0.149732563283E+001
     0.455969289968E+000     0.256385140954E+001    -0.114816129913E-002    -0.202622861991E+001     0.151758792228E+001
     0.465969289968E+000     0.257724855348E+001     0.309967952043E-003    -0.201696735754E+001     0.153775759609E+001
     0.475969289968E+000     0.258985702172E+001    -0.153410189307E-003    -0.200802249940E+001     0.155783782115E+001
     0.485969289968E+000     0.259857009947E+001     0.107544940506E-002    -0.200193017101E+001     0.157785712575E+001
     0.495969289968E+000     0.260575797567E+001     0.191901959933E-002    -0.199690295012E+001     0.159782616447E+001
     0.505969289968E+000     0.261231686849E+001     0.182728662372E-002    -0.199277523347E+001     0.161775392518E+001
     0.515969289968E+000     0.261817549989E+001     0.194183997039E-002    -0.198854541344E+001     0.163763938880E+001
     0.525969289968E+000     0.262581778665E+001     0.346011504150E-002    -0.198403052059E+001     0.165747972417E+001
     0.535969289968E+000     0.263239233397E+001     0.294188793044E-002    -0.197969192108E+001     0.167727666524E+001
     0.545969289968E+000     0.263914598678E+001     0.205763507357E-002    -0.197608200961E+001     0.169703749605E+001
     0.555969289968E+000     0.263856228846E+001     0.250640520717E-002    -0.197645208165E+001     0.171680203276E+001
     0.565969289968E+000     0.264895987387E+001     0.128486918098E-002    -0.196931236136E+001     0.173649516057E+001
     0.575969289968E+000     0.265502482163E+001     0.205552500619E-004    -0.196567284962E+001     0.175615188906E+001
     0.585969289968E+000     0.266038732627E+001    -0.447929112052E-003    -0.196165377170E+001     0.177576842729E+001
     0.595969289968E+000     0.266622384767E+001    -0.689426111883E-003    -0.195668217588E+001     0.179533525026E+001
     0.605969289968E+000     0.267514105003E+001    -0.134737715063E-002    -0.195001305358E+001     0.181483538545E+001
     0.615969289968E+000     0.268525230151E+001    -0.205841696761E-002    -0.194279248880E+001     0.183426332125E+001
     0.625969289968E+000     0.269825186525E+001    -0.176052415591E-002    -0.193361220687E+001     0.185359945133E+001
     0.635969289968E+000     0.270997083835E+001    -0.164366969121E-002    -0.192602501022E+001     0.187285970845E+001
     0.645969289968E+000     0.272103797101E+001    -0.155354180080E-002    -0.191848281181E+001     0.189204454285E+001
     0.655969289968E+000     0.272895934143E+001    -0.176265948573E-003    -0.191269877484E+001     0.191117153068E+001
     0.665969289968E+000     0.276518316548E+001     0.230336975780E-003    -0.189065676959E+001     0.193007809852E+001
     0.675969289968E+000     0.275828370652E+001     0.196482297902E-003    -0.189398942993E+001     0.194901799292E+001
     0.685969289968E+000     0.275097804809E+001     0.651460451408E-003    -0.189816552903E+001     0.196799964933E+001
     0.695969289968E+000     0.277736934721E+001    -0.445085750200E-003    -0.188207460975E+001     0.198682039595E+001
     0.705969289968E+000     0.277147102137E+001    -0.268485500127E-003    -0.188453861390E+001     0.200566578228E+001
     0.715969289968E+000     0.276641608341E+001    -0.174353185882E-002    -0.188733292908E+001     0.202453911963E+001
     0.725969289968E+000     0.279712544998E+001     0.114613464943E-002    -0.186858072865E+001     0.204322493043E+001
     0.735969289968E+000     0.278981051152E+001     0.110141429912E-002    -0.187180805044E+001     0.206194301417E+001
     0.745969289968E+000     0.278578337424E+001     0.764929895399E-003    -0.187318073738E+001     0.208067482311E+001
     0.755969289968E+000     0.281519701613E+001     0.220018930094E-002    -0.185579462457E+001     0.209923278240E+001
