 #        time                      h  [L]            Darcian flow [L.T^{-1}]   in    x         z              directions   cumulative flux
 #-----------------------------------------------------------------------------------------------

     0.100000000000E-005     0.400000000000E+001    -0.338820888065E-012    -0.276668251042E+004     0.276668251042E-002
     0.205999994278E-005     0.400000000000E+001    -0.303099346969E-012    -0.247499399157E+004     0.539017599987E-002
     0.318359982147E-005     0.400000000000E+001    -0.268764299831E-012    -0.219462705507E+004     0.785605869272E-002
     0.437461562859E-005     0.400000000000E+001    -0.236381376114E-012    -0.193020041598E+004     0.101549578991E-001
     0.563709231599E-005     0.400000000000E+001    -0.206520515614E-012    -0.168636798592E+004     0.122839581677E-001
     0.697531753239E-005     0.400000000000E+001    -0.179689115868E-012    -0.146727298020E+004     0.142474998691E-001
     0.839383618521E-005     0.400000000000E+001    -0.156250793521E-012    -0.127588455406E+004     0.160573659079E-001
     0.989746587602E-005     0.400000000000E+001    -0.136352585281E-012    -0.111340335332E+004     0.177315122478E-001
     0.114913132622E-004     0.400000000000E+001    -0.119890100713E-012    -0.978976965408E+003     0.192918521253E-001
     0.131807914004E-004     0.400000000000E+001    -0.106530067953E-012    -0.869884019024E+003     0.207615021582E-001
     0.149716381303E-004     0.400000000000E+001    -0.957850278621E-013    -0.782144108234E+003     0.221622023767E-001
     0.168699355614E-004     0.400000000000E+001    -0.871120007420E-013    -0.711323467327E+003     0.235125058874E-001
     0.188821307298E-004     0.400000000000E+001    -0.800012636807E-013    -0.653259892864E+003     0.248269922875E-001
     0.210150574931E-004     0.400000000000E+001    -0.740330439841E-013    -0.604525680675E+003     0.261164012909E-001
     0.232759597402E-004     0.400000000000E+001    -0.688973410304E-013    -0.562589483583E+003     0.273883611186E-001
     0.256725159928E-004     0.400000000000E+001    -0.643849220916E-013    -0.525742786707E+003     0.286483332813E-001
     0.282128654833E-004     0.400000000000E+001    -0.603627099846E-013    -0.492898932383E+003     0.299004688331E-001
     0.309056357980E-004     0.400000000000E+001    -0.567459523666E-013    -0.463365865212E+003     0.311482066797E-001
     0.337599721774E-004     0.400000000000E+001    -0.534755026221E-013    -0.436660616427E+003     0.323945829627E-001
     0.367855685763E-004     0.400000000000E+001    -0.505036502672E-013    -0.412393600362E+003     0.336423195548E-001
     0.399927005860E-004     0.400000000000E+001    -0.477879550991E-013    -0.390218266462E+003     0.348938010480E-001
     0.433922603327E-004     0.400000000000E+001    -0.452903533377E-013    -0.369823800374E+003     0.361510391531E-001
     0.469957934698E-004     0.400000000000E+001    -0.429784007648E-013    -0.350945274954E+003     0.374156820807E-001
     0.508155383889E-004     0.400000000000E+001    -0.408262796649E-013    -0.333371872554E+003     0.386890775971E-001
     0.548644677845E-004     0.400000000000E+001    -0.388143653626E-013    -0.316943345540E+003     0.399723588256E-001
     0.591563327122E-004     0.400000000000E+001    -0.369271149506E-013    -0.301532776440E+003     0.412664967733E-001
     0.637057092900E-004     0.400000000000E+001    -0.351492457075E-013    -0.287015372367E+003     0.425722377858E-001
     0.685280482021E-004     0.400000000000E+001    -0.334573878286E-013    -0.273200304381E+003     0.438897022445E-001
     0.736397271730E-004     0.400000000000E+001    -0.317439961688E-013    -0.259209399730E+003     0.452146974821E-001
     0.790581065897E-004     0.400000000000E+001    -0.303181340195E-013    -0.247566351707E+003     0.465561059065E-001
     0.848015884613E-004     0.400000000000E+001    -0.290309793961E-013    -0.237055936588E+003     0.479176323808E-001
     0.908896789166E-004     0.400000000000E+001    -0.278326358766E-013    -0.227270719166E+003     0.493012770769E-001
     0.973430544509E-004     0.400000000000E+001    -0.267004477875E-013    -0.218025701828E+003     0.507082788070E-001
     0.104183632148E-003     0.400000000000E+001    -0.256224129792E-013    -0.209222879585E+003     0.521394841708E-001
     0.111434644115E-003     0.400000000000E+001    -0.245922224129E-013    -0.200810735226E+003     0.535955652151E-001
     0.119120716386E-003     0.400000000000E+001    -0.236071420670E-013    -0.192766943771E+003     0.550771858763E-001
     0.127267952553E-003     0.400000000000E+001    -0.226665167879E-013    -0.185086155483E+003     0.565851264962E-001
     0.135904022424E-003     0.400000000000E+001    -0.217704755435E-013    -0.177769423467E+003     0.581203556582E-001
     0.145058255993E-003     0.400000000000E+001    -0.209189017071E-013    -0.170815795392E+003     0.596840433465E-001
     0.154761743052E-003     0.400000000000E+001    -0.201107921518E-013    -0.164217080107E+003     0.612775216582E-001
     0.165047438780E-003     0.400000000000E+001    -0.193440374319E-013    -0.157956052679E+003     0.629022095544E-001
     0.175950275662E-003     0.400000000000E+001    -0.186155298042E-013    -0.152007336460E+003     0.645595207488E-001
     0.187507282134E-003     0.400000000000E+001    -0.179213944190E-013    -0.146339290900E+003     0.662507648808E-001
     0.199757708333E-003     0.400000000000E+001    -0.172569824852E-013    -0.140913955740E+003     0.679770208960E-001
     0.212743159403E-003     0.400000000000E+001    -0.166153547629E-013    -0.135674667786E+003     0.697388176559E-001
     0.226507736794E-003     0.400000000000E+001    -0.159737375618E-013    -0.130435465744E+003     0.715342067186E-001
     0.241098188040E-003     0.400000000000E+001    -0.154112597959E-013    -0.125842486230E+003     0.733703053788E-001
     0.256564065527E-003     0.400000000000E+001    -0.148807140607E-013    -0.121510251536E+003     0.752495680424E-001
     0.272957894778E-003     0.400000000000E+001    -0.143746385288E-013    -0.117377831215E+003     0.771738401652E-001
     0.290335352846E-003     0.400000000000E+001    -0.138899754327E-013    -0.113420256701E+003     0.791447959200E-001
     0.308755457403E-003     0.400000000000E+001    -0.134248515540E-013    -0.109622232005E+003     0.811640488954E-001
     0.328280767180E-003     0.400000000000E+001    -0.129778384018E-013    -0.105972092614E+003     0.832331868314E-001
     0.348977594427E-003     0.400000000000E+001    -0.125477453535E-013    -0.102460116356E+003     0.853537861593E-001
     0.370916230124E-003     0.400000000000E+001    -0.121335453789E-013    -0.990779168928E+002     0.875274204836E-001
     0.394171182707E-003     0.400000000000E+001    -0.117343343473E-013    -0.958181114379E+002     0.897556661217E-001
     0.418821431115E-003     0.400000000000E+001    -0.113492995440E-013    -0.926740636719E+002     0.920401048122E-001
     0.444950693017E-003     0.400000000000E+001    -0.109776940418E-013    -0.896396744715E+002     0.943823233432E-001
     0.472647709137E-003     0.400000000000E+001    -0.106188172270E-013    -0.867092228913E+002     0.967839100875E-001
     0.502006544641E-003     0.400000000000E+001    -0.102719997409E-013    -0.838772432024E+002     0.992464482731E-001
     0.533126908594E-003     0.400000000000E+001    -0.993658865289E-014    -0.811384038223E+002     0.101771504931E+000
     0.566114492604E-003     0.400000000000E+001    -0.961192705229E-014    -0.784873406682E+002     0.104360612675E+000
     0.601081329767E-003     0.400000000000E+001    -0.929731892161E-014    -0.759183703259E+002     0.107015237968E+000
     0.638146175159E-003     0.400000000000E+001    -0.899195693246E-014    -0.734249004588E+002     0.109736720551E+000
     0.677434909153E-003     0.400000000000E+001    -0.869473439330E-014    -0.709978942447E+002     0.112526137932E+000
     0.719080964939E-003     0.400000000000E+001    -0.840351811332E-014    -0.686199328587E+002     0.115383887484E+000
     0.763225781689E-003     0.400000000000E+001    -0.810228764577E-014    -0.661601994258E+002     0.118304517364E+000
     0.810019284919E-003     0.400000000000E+001    -0.784238238921E-014    -0.640379119487E+002     0.121301075603E+000
     0.859620395664E-003     0.400000000000E+001    -0.759248871049E-014    -0.619973752087E+002     0.124376214277E+000
     0.912197570216E-003     0.400000000000E+001    -0.735031987222E-014    -0.600199165779E+002     0.127531891907E+000
     0.967929372233E-003     0.400000000000E+001    -0.711434977982E-014    -0.580930745483E+002     0.130769523637E+000
     0.102700507918E-002     0.400000000000E+001    -0.688264869741E-014    -0.562010916306E+002     0.134089642856E+000
     0.108962532517E-002     0.400000000000E+001    -0.665012964995E-014    -0.543024295216E+002     0.137490074350E+000
     0.115600278233E-002     0.400000000000E+001    -0.641353700320E-014    -0.523705039499E+002     0.140966295233E+000
     0.122636288312E-002     0.400000000000E+001    -0.622453865659E-014    -0.508272153320E+002     0.144542503227E+000
     0.130094458593E-002     0.400000000000E+001    -0.604202856310E-014    -0.493369073214E+002     0.148222133786E+000
     0.138000118665E-002     0.400000000000E+001    -0.586600362402E-014    -0.478995546153E+002     0.152008909750E+000
     0.146380117888E-002     0.400000000000E+001    -0.569574175239E-014    -0.465092609262E+002     0.155906385454E+000
     0.155262916586E-002     0.400000000000E+001    -0.553087073005E-014    -0.451629868620E+002     0.159918122663E+000
     0.164678682697E-002     0.400000000000E+001    -0.537113997442E-014    -0.438586862609E+002     0.164047753981E+000
     0.174659394236E-002     0.400000000000E+001    -0.521635652243E-014    -0.425947834597E+002     0.168299016448E+000
     0.185238947896E-002     0.400000000000E+001    -0.506636920606E-014    -0.413700440779E+002     0.172675782461E+000
     0.196453274170E-002     0.400000000000E+001    -0.492108169887E-014    -0.401836815504E+002     0.177182111619E+000
     0.208340459379E-002     0.400000000000E+001    -0.478055123644E-014    -0.390361632413E+002     0.181822412642E+000
     0.220940875020E-002     0.400000000000E+001    -0.464665165951E-014    -0.379427902212E+002     0.186603361916E+000
     0.234297314879E-002     0.400000000000E+001    -0.451082013842E-014    -0.368336416799E+002     0.191523025114E+000
     0.248455140365E-002     0.400000000000E+001    -0.438057668046E-014    -0.357701231368E+002     0.196587296724E+000
     0.263462434571E-002     0.400000000000E+001    -0.425422283209E-014    -0.347383656664E+002     0.201800585462E+000
     0.279370165569E-002     0.400000000000E+001    -0.413235073863E-014    -0.337432045020E+002     0.207168363665E+000
     0.296232359518E-002     0.400000000000E+001    -0.401387841601E-014    -0.327758045733E+002     0.212695083400E+000
     0.314106284138E-002     0.400000000000E+001    -0.389833482787E-014    -0.318323195764E+002     0.218384768206E+000
     0.333052643213E-002     0.400000000000E+001    -0.378616639389E-014    -0.309163948048E+002     0.224242299379E+000
     0.353135782749E-002     0.400000000000E+001    -0.367764887180E-014    -0.300302819912E+002     0.230273322814E+000
     0.374423909507E-002     0.400000000000E+001    -0.357211019872E-014    -0.291684933257E+002     0.236482748646E+000
     0.396989322653E-002     0.400000000000E+001    -0.347011590278E-014    -0.283356466958E+002     0.242876804391E+000
     0.420908659296E-002     0.400000000000E+001    -0.337128528404E-014    -0.275286334508E+002     0.249461470899E+000
     0.446263154769E-002     0.400000000000E+001    -0.327568668344E-014    -0.267480116367E+002     0.256243294299E+000
     0.473138918520E-002     0.400000000000E+001    -0.318214038140E-014    -0.259841481120E+002     0.263226732558E+000
     0.501627226558E-002     0.400000000000E+001    -0.309149189973E-014    -0.252439470864E+002     0.270418305965E+000
     0.531824831448E-002     0.400000000000E+001    -0.300401962107E-014    -0.245296817267E+002     0.277825682334E+000
     0.563834290904E-002     0.400000000000E+001    -0.291780916428E-014    -0.238257199244E+002     0.285452166493E+000
     0.597764316095E-002     0.400000000000E+001    -0.283412635803E-014    -0.231423979551E+002     0.293304387949E+000
     0.633730140856E-002     0.400000000000E+001    -0.275326558088E-014    -0.224821196021E+002     0.301390267688E+000
     0.671853913045E-002     0.400000000000E+001    -0.267491254366E-014    -0.218423184997E+002     0.309717383433E+000
     0.712265109384E-002     0.400000000000E+001    -0.259939072050E-014    -0.212256360145E+002     0.318294916877E+000
     0.755100975191E-002     0.400000000000E+001    -0.252519706133E-014    -0.206197988113E+002     0.327127586226E+000
     0.800506990496E-002     0.400000000000E+001    -0.245316709060E-014    -0.200316294650E+002     0.336223150966E+000
     0.848637364120E-002     0.400000000000E+001    -0.238330255227E-014    -0.194611422161E+002     0.345589871427E+000
     0.899655557408E-002     0.400000000000E+001    -0.231515599365E-014    -0.189046833362E+002     0.355234699311E+000
     0.953734839373E-002     0.400000000000E+001    -0.224913651411E-014    -0.183655933749E+002     0.365166680337E+000
     0.101105887516E-001     0.400000000000E+001    -0.218510726400E-014    -0.178427548704E+002     0.375394867525E+000
     0.107182234982E-001     0.400000000000E+001    -0.212291586614E-014    -0.173349235683E+002     0.385928169414E+000
     0.113623162948E-001     0.400000000000E+001    -0.206247521411E-014    -0.168413881909E+002     0.396775586232E+000
     0.120450546223E-001     0.400000000000E+001    -0.200346037381E-014    -0.163594954497E+002     0.407944840795E+000
     0.127687572104E-001     0.400000000000E+001    -0.194528580372E-014    -0.158844640354E+002     0.419440468528E+000
     0.135358819124E-001     0.400000000000E+001    -0.188799018890E-014    -0.154166098357E+002     0.431266930754E+000
     0.143490340526E-001     0.400000000000E+001    -0.183143360399E-014    -0.149547902731E+002     0.443427450471E+000
     0.152109752747E-001     0.400000000000E+001    -0.177499425419E-014    -0.144939280078E+002     0.455920364491E+000
     0.161246329208E-001     0.400000000000E+001    -0.171770938917E-014    -0.140261615869E+002     0.468735474271E+000
     0.170931099734E-001     0.400000000000E+001    -0.165897537036E-014    -0.135465619272E+002     0.481855008639E+000
     0.181196955938E-001     0.400000000000E+001    -0.159811894754E-014    -0.130496315235E+002     0.495251572711E+000
     0.192078762926E-001     0.400000000000E+001    -0.153413828579E-014    -0.125271897731E+002     0.508883418833E+000
     0.203613477710E-001     0.400000000000E+001    -0.146637458022E-014    -0.119738571255E+002     0.522694921514E+000
     0.215840274722E-001     0.400000000000E+001    -0.139202157467E-014    -0.113667187604E+002     0.536592777812E+000
     0.228800678855E-001     0.400000000000E+001    -0.131323672895E-014    -0.107233916739E+002     0.550490726789E+000
     0.242538706494E-001     0.400000000000E+001    -0.122980732793E-014    -0.100421389154E+002     0.564286644986E+000
     0.257101015006E-001     0.400000000000E+001    -0.114029235980E-014    -0.931119373025E+001     0.577845892557E+000
     0.272537061195E-001     0.400000000000E+001    -0.104382201846E-014    -0.852345361281E+001     0.591002734923E+000
     0.288899269272E-001     0.400000000000E+001    -0.946043139769E-015    -0.772502847701E+001     0.603642587257E+000
     0.306243208897E-001     0.400000000000E+001    -0.844564685607E-015    -0.689639401495E+001     0.615603651400E+000
     0.324627783907E-001     0.400000000000E+001    -0.745591569289E-015    -0.608821718889E+001     0.626796579959E+000
     0.344115432366E-001     0.400000000000E+001    -0.654861157660E-015    -0.534734715443E+001     0.637217302112E+000
     0.364772338618E-001     0.400000000000E+001    -0.578093534670E-015    -0.472049194161E+001     0.646968378062E+000
     0.386668658063E-001     0.400000000000E+001    -0.523695691149E-015    -0.427629984020E+001     0.656331900796E+000
     0.409878755421E-001     0.400000000000E+001    -0.487661678049E-015    -0.398205979380E+001     0.665574300346E+000
     0.434481457293E-001     0.400000000000E+001    -0.463609911404E-015    -0.378566221482E+001     0.674888052232E+000
     0.460560319869E-001     0.400000000000E+001    -0.449578350567E-015    -0.367108582556E+001     0.684461826507E+000
     0.488203912708E-001     0.400000000000E+001    -0.440488473190E-015    -0.359686134400E+001     0.694404843556E+000
     0.517506119535E-001     0.400000000000E+001    -0.432213919301E-015    -0.352929448395E+001     0.704746455249E+000
     0.548566457095E-001     0.400000000000E+001    -0.423223711939E-015    -0.345588386982E+001     0.715480547205E+000
     0.581490413132E-001     0.400000000000E+001    -0.413421257912E-015    -0.337584075833E+001     0.726595150476E+000
     0.616389804647E-001     0.400000000000E+001    -0.405317087302E-015    -0.330966518333E+001     0.738145680578E+000
     0.653383157655E-001     0.400000000000E+001    -0.393935908542E-015    -0.321673080610E+001     0.750045446402E+000
     0.692596109728E-001     0.400000000000E+001    -0.388399276097E-015    -0.317152077128E+001     0.762481915603E+000
     0.734161836681E-001     0.400000000000E+001    -0.382223768350E-015    -0.312109392371E+001     0.775454969385E+000
     0.778221504872E-001     0.400000000000E+001    -0.376660469004E-015    -0.307566613709E+001     0.789006252332E+000
     0.824924750635E-001     0.400000000000E+001    -0.371473107774E-015    -0.303330811816E+001     0.803172785784E+000
     0.874430188470E-001     0.400000000000E+001    -0.365454515235E-015    -0.298416258050E+001     0.817946013296E+000
     0.926905949743E-001     0.400000000000E+001    -0.358864009759E-015    -0.293034701931E+001     0.833323232359E+000
     0.982530253690E-001     0.400000000000E+001    -0.350864467506E-015    -0.286502579969E+001     0.849259738949E+000
     0.104149201269E+000     0.400000000000E+001    -0.342356488009E-015    -0.279555287489E+001     0.865742810437E+000
     0.110399147386E+000     0.400000000000E+001    -0.334539021172E-015    -0.273171841387E+001     0.882815903329E+000
     0.117024089912E+000     0.400000000000E+001    -0.328377165662E-015    -0.268140304528E+001     0.900580044394E+000
     0.124046528610E+000     0.400000000000E+001    -0.323383329517E-015    -0.264062527859E+001     0.919123673538E+000
     0.131490313229E+000     0.400000000000E+001    -0.319049903626E-015    -0.260524017086E+001     0.938516520250E+000
     0.139380724499E+000     0.400000000000E+001    -0.315917150889E-015    -0.257965930348E+001     0.958871093090E+000
     0.147744559993E+000     0.400000000000E+001    -0.313391589113E-015    -0.255903652654E+001     0.980274453623E+000
     0.156610225139E+000     0.400000000000E+001    -0.310437520762E-015    -0.253491472789E+001     0.100274815877E+001
     0.166007829686E+000     0.400000000000E+001    -0.307163185703E-015    -0.250817775310E+001     0.102631902143E+001
     0.175969289968E+000     0.400000000000E+001    -0.304113972458E-015    -0.248327903743E+001     0.105105610693E+001
     0.185969289968E+000     0.400000000000E+001    -0.300086179832E-015    -0.245038961472E+001     0.107556000308E+001
     0.195969289968E+000     0.400000000000E+001    -0.295494682916E-015    -0.241289719715E+001     0.109968897505E+001
     0.205969289968E+000     0.400000000000E+001    -0.290905405783E-015    -0.237542290549E+001     0.112344320410E+001
     0.215969289968E+000     0.400000000000E+001    -0.286686035714E-015    -0.234096913423E+001     0.114685289545E+001
     0.225969289968E+000     0.400000000000E+001    -0.283650294109E-015    -0.231618042285E+001     0.117001469968E+001
     0.235969289968E+000     0.400000000000E+001    -0.280873610073E-015    -0.229350707705E+001     0.119294977045E+001
     0.245969289968E+000     0.400000000000E+001    -0.278054917283E-015    -0.227049070374E+001     0.121565467748E+001
     0.255969289968E+000     0.400000000000E+001    -0.275022107120E-015    -0.224572592940E+001     0.123811193678E+001
     0.265969289968E+000     0.400000000000E+001    -0.273350430331E-015    -0.223207565252E+001     0.126043269330E+001
     0.275969289968E+000     0.400000000000E+001    -0.271733429524E-015    -0.221887183891E+001     0.128262141169E+001
     0.285969289968E+000     0.400000000000E+001    -0.270155444200E-015    -0.220598661090E+001     0.130468127780E+001
     0.295969289968E+000     0.400000000000E+001    -0.268416745349E-015    -0.219178905735E+001     0.132659916837E+001
     0.305969289968E+000     0.400000000000E+001    -0.266891541552E-015    -0.217933482321E+001     0.134839251661E+001
     0.315969289968E+000     0.400000000000E+001    -0.265784279326E-015    -0.217029334099E+001     0.137009545002E+001
     0.325969289968E+000     0.400000000000E+001    -0.264469285979E-015    -0.215955560545E+001     0.139169100607E+001
     0.335969289968E+000     0.400000000000E+001    -0.263042290197E-015    -0.214790330061E+001     0.141317003908E+001
     0.345969289968E+000     0.400000000000E+001    -0.261557896255E-015    -0.213578230423E+001     0.143452786212E+001
     0.355969289968E+000     0.400000000000E+001    -0.259812806914E-015    -0.212153256837E+001     0.145574318780E+001
     0.365969289968E+000     0.400000000000E+001    -0.258432978355E-015    -0.211026541314E+001     0.147684584193E+001
     0.375969289968E+000     0.400000000000E+001    -0.257438907871E-015    -0.210214821163E+001     0.149786732405E+001
     0.385969289968E+000     0.400000000000E+001    -0.256586745565E-015    -0.209518977834E+001     0.151881922183E+001
     0.395969289968E+000     0.400000000000E+001    -0.255670069793E-015    -0.208770455262E+001     0.153969626736E+001
     0.405969289968E+000     0.400000000000E+001    -0.254615126064E-015    -0.207909028335E+001     0.156048717019E+001
     0.415969289968E+000     0.400000000000E+001    -0.253286294538E-015    -0.206823955049E+001     0.158116956570E+001
     0.425969289968E+000     0.400000000000E+001    -0.252137730226E-015    -0.205886081115E+001     0.160175817381E+001
     0.435969289968E+000     0.400000000000E+001    -0.251080217544E-015    -0.205022556479E+001     0.162226042946E+001
     0.445969289968E+000     0.400000000000E+001    -0.249538131251E-015    -0.203763347460E+001     0.164263676420E+001
     0.455969289968E+000     0.400000000000E+001    -0.248324927839E-015    -0.202772691695E+001     0.166291403337E+001
     0.465969289968E+000     0.400000000000E+001    -0.247165347726E-015    -0.201825822676E+001     0.168309661564E+001
     0.475969289968E+000     0.400000000000E+001    -0.246127004413E-015    -0.200977951018E+001     0.170319441074E+001
     0.485969289968E+000     0.400000000000E+001    -0.245399270947E-015    -0.200383711547E+001     0.172323278190E+001
     0.495969289968E+000     0.400000000000E+001    -0.244840757180E-015    -0.199927650446E+001     0.174322554694E+001
     0.505969289968E+000     0.400000000000E+001    -0.244226746437E-015    -0.199426272625E+001     0.176316817420E+001
     0.515969289968E+000     0.400000000000E+001    -0.243737286768E-015    -0.199026598475E+001     0.178307083405E+001
     0.525969289968E+000     0.400000000000E+001    -0.243091300546E-015    -0.198499110695E+001     0.180292074512E+001
     0.535969289968E+000     0.400000000000E+001    -0.242448844706E-015    -0.197974505690E+001     0.182271819569E+001
     0.545969289968E+000     0.400000000000E+001    -0.241796760287E-015    -0.197442038354E+001     0.184246239953E+001
     0.555969289968E+000     0.400000000000E+001    -0.241863144651E-015    -0.197496245301E+001     0.186221202406E+001
     0.565969289968E+000     0.400000000000E+001    -0.241032989237E-015    -0.196818371962E+001     0.188189386125E+001
     0.575969289968E+000     0.400000000000E+001    -0.240417596936E-015    -0.196315866014E+001     0.190152544785E+001
     0.585969289968E+000     0.400000000000E+001    -0.239954107121E-015    -0.195937397859E+001     0.192111918764E+001
     0.595969289968E+000     0.400000000000E+001    -0.239579415021E-015    -0.195631438541E+001     0.194068233149E+001
     0.605969289968E+000     0.400000000000E+001    -0.238891074375E-015    -0.195069365748E+001     0.196018926807E+001
     0.615969289968E+000     0.400000000000E+001    -0.238044173409E-015    -0.194377818629E+001     0.197962704993E+001
     0.625969289968E+000     0.400000000000E+001    -0.236968575069E-015    -0.193499525932E+001     0.199897700252E+001
     0.635969289968E+000     0.400000000000E+001    -0.235918109424E-015    -0.192641755638E+001     0.201824117809E+001
     0.645969289968E+000     0.400000000000E+001    -0.234963024395E-015    -0.191861869527E+001     0.203742736504E+001
     0.655969289968E+000     0.400000000000E+001    -0.234346304759E-015    -0.191358279727E+001     0.205656319301E+001
     0.665969289968E+000     0.400000000000E+001    -0.230989567764E-015    -0.188617295962E+001     0.207542492261E+001
     0.675969289968E+000     0.400000000000E+001    -0.231720056368E-015    -0.189213785174E+001     0.209434630113E+001
     0.685969289968E+000     0.400000000000E+001    -0.232417871944E-015    -0.189783594834E+001     0.211332466061E+001
     0.695969289968E+000     0.400000000000E+001    -0.230018122833E-015    -0.187824050978E+001     0.213210706571E+001
     0.705969289968E+000     0.400000000000E+001    -0.230621824350E-015    -0.188317010676E+001     0.215093876678E+001
     0.715969289968E+000     0.400000000000E+001    -0.231120957051E-015    -0.188724583457E+001     0.216981122512E+001
     0.725969289968E+000     0.400000000000E+001    -0.228310293165E-015    -0.186429502224E+001     0.218845417534E+001
     0.735969289968E+000     0.400000000000E+001    -0.229086212256E-015    -0.187063088243E+001     0.220716048417E+001
     0.745969289968E+000     0.400000000000E+001    -0.229586281509E-015    -0.187471425777E+001     0.222590762675E+001
     0.755969289968E+000     0.400000000000E+001    -0.226824166555E-015    -0.185215987755E+001     0.224442922552E+001
