 #        time                      h  [L]            Darcian flow [L.T^{-1}]   in    x         z              directions   cumulative flux
 #-----------------------------------------------------------------------------------------------

     0.100000000000E-005     0.400000000000E+001    -0.315603301613E-012    -0.257709652965E+004     0.257709652965E-002
     0.205999994278E-005     0.400000000000E+001    -0.289764406910E-012    -0.236610594264E+004     0.508516869347E-002
     0.318359982147E-005     0.400000000000E+001    -0.264368152364E-012    -0.215872978681E+004     0.751071722005E-002
     0.437461562859E-005     0.400000000000E+001    -0.239776133097E-012    -0.195792071040E+004     0.984263173522E-002
     0.563709231599E-005     0.400000000000E+001    -0.216393792417E-012    -0.176698940926E+004     0.120734146713E-001
     0.697531753239E-005     0.400000000000E+001    -0.194640863301E-012    -0.158936326324E+004     0.142003406682E-001
     0.839383618521E-005     0.400000000000E+001    -0.174902886712E-012    -0.142819045323E+004     0.162262554659E-001
     0.989746587602E-005     0.400000000000E+001    -0.157468899102E-012    -0.128583114096E+004     0.181596693468E-001
     0.114913132622E-004     0.400000000000E+001    -0.142471429598E-012    -0.116336750888E+004     0.200138996100E-001
     0.131807914004E-004     0.400000000000E+001    -0.129853076710E-012    -0.106033083825E+004     0.218053053805E-001
     0.149716381303E-004     0.400000000000E+001    -0.119379453750E-012    -0.974807216521E+003     0.235510356964E-001
     0.168699355614E-004     0.400000000000E+001    -0.110698334710E-012    -0.903920500078E+003     0.252669456597E-001
     0.188821307298E-004     0.400000000000E+001    -0.103421416015E-012    -0.844499949596E+003     0.269662443779E-001
     0.210150574931E-004     0.400000000000E+001    -0.971962929235E-013    -0.793667961988E+003     0.286590800153E-001
     0.232759597402E-004     0.400000000000E+001    -0.917472102001E-013    -0.749172824883E+003     0.303528865385E-001
     0.256725159928E-004     0.400000000000E+001    -0.868822830898E-013    -0.709447680346E+003     0.320531178127E-001
     0.282128654833E-004     0.400000000000E+001    -0.824783312444E-013    -0.673486684502E+003     0.337640093686E-001
     0.309056357980E-004     0.400000000000E+001    -0.784576742740E-013    -0.640655528831E+003     0.354891475585E-001
     0.337599721774E-004     0.400000000000E+001    -0.747674719411E-013    -0.610522740051E+003     0.372317848259E-001
     0.367855685763E-004     0.400000000000E+001    -0.713663418962E-013    -0.582750405634E+003     0.389949523547E-001
     0.399927005860E-004     0.400000000000E+001    -0.682182494536E-013    -0.557044280042E+003     0.407814668960E-001
     0.433922603327E-004     0.400000000000E+001    -0.652912043305E-013    -0.533143142790E+003     0.425939188635E-001
     0.469957934698E-004     0.400000000000E+001    -0.625579041089E-013    -0.510824052718E+003     0.444346902647E-001
     0.508155383889E-004     0.400000000000E+001    -0.599962847800E-013    -0.489906843522E+003     0.463060094410E-001
     0.548644677845E-004     0.400000000000E+001    -0.575891030500E-013    -0.470250713023E+003     0.482100213763E-001
     0.591563327122E-004     0.400000000000E+001    -0.553226166501E-013    -0.451743447079E+003     0.501488432331E-001
     0.637057092900E-004     0.400000000000E+001    -0.531849265800E-013    -0.434287882980E+003     0.521245823560E-001
     0.685280482021E-004     0.400000000000E+001    -0.511646156005E-013    -0.417790791893E+003     0.541393111489E-001
     0.736397271730E-004     0.400000000000E+001    -0.492500970675E-013    -0.402157561688E+003     0.561950114999E-001
     0.790581065897E-004     0.400000000000E+001    -0.474297520765E-013    -0.387293316812E+003     0.582935136360E-001
     0.848015884613E-004     0.400000000000E+001    -0.456926362851E-013    -0.373108689925E+003     0.604364566327E-001
     0.908896789166E-004     0.400000000000E+001    -0.440293772575E-013    -0.359527149283E+003     0.626252904387E-001
     0.973430544509E-004     0.400000000000E+001    -0.424328823186E-013    -0.346490778795E+003     0.648613255534E-001
     0.104183632148E-003     0.400000000000E+001    -0.408986002905E-013    -0.333962415278E+003     0.671458214030E-001
     0.111434644115E-003     0.400000000000E+001    -0.394242629756E-013    -0.321923537489E+003     0.694800928259E-001
     0.119120716386E-003     0.400000000000E+001    -0.380092066382E-013    -0.310368725617E+003     0.718656092815E-001
     0.127267952553E-003     0.400000000000E+001    -0.366534890845E-013    -0.299298451684E+003     0.743040644518E-001
     0.135904022424E-003     0.400000000000E+001    -0.353570491843E-013    -0.288712216526E+003     0.767974033263E-001
     0.145058255993E-003     0.400000000000E+001    -0.341191068519E-013    -0.278603650258E+003     0.793478062139E-001
     0.154761743052E-003     0.400000000000E+001    -0.329379011655E-013    -0.268958373863E+003     0.819576403142E-001
     0.165047438780E-003     0.400000000000E+001    -0.318107532483E-013    -0.259754512652E+003     0.846293961952E-001
     0.175950275662E-003     0.400000000000E+001    -0.307343556443E-013    -0.250965059197E+003     0.873656272989E-001
     0.187507282134E-003     0.400000000000E+001    -0.297051514422E-013    -0.242560969113E+003     0.901689059887E-001
     0.199757708333E-003     0.400000000000E+001    -0.287196697690E-013    -0.234513900571E+003     0.930418012202E-001
     0.212743159403E-003     0.400000000000E+001    -0.277762688917E-013    -0.226810447805E+003     0.959870371923E-001
     0.226507736794E-003     0.400000000000E+001    -0.268731531212E-013    -0.219435947899E+003     0.990074802795E-001
     0.241098188040E-003     0.400000000000E+001    -0.260058842948E-013    -0.212354160505E+003     0.102105823305E+000
     0.256564065527E-003     0.400000000000E+001    -0.251723143828E-013    -0.205547545630E+003     0.105284796464E+000
     0.272957894778E-003     0.400000000000E+001    -0.243707080429E-013    -0.199001933128E+003     0.108547200176E+000
     0.290335352846E-003     0.400000000000E+001    -0.235995002339E-013    -0.192704543468E+003     0.111895915300E+000
     0.308755457403E-003     0.400000000000E+001    -0.228572135408E-013    -0.186643312641E+003     0.115333904634E+000
     0.328280767180E-003     0.400000000000E+001    -0.221424268275E-013    -0.180806636190E+003     0.118864210215E+000
     0.348977594427E-003     0.400000000000E+001    -0.214537707967E-013    -0.175183332955E+003     0.122489949394E+000
     0.370916230124E-003     0.400000000000E+001    -0.207899354030E-013    -0.169762705602E+003     0.126214311547E+000
     0.394171182707E-003     0.400000000000E+001    -0.201496792489E-013    -0.164534617352E+003     0.130040556271E+000
     0.418821431115E-003     0.400000000000E+001    -0.195318359566E-013    -0.159489544007E+003     0.133972013150E+000
     0.444950693017E-003     0.400000000000E+001    -0.189353162051E-013    -0.154618590587E+003     0.138012082798E+000
     0.472647709137E-003     0.400000000000E+001    -0.183591061903E-013    -0.149913478752E+003     0.142164238836E+000
     0.502006544641E-003     0.400000000000E+001    -0.178022639612E-013    -0.145366516890E+003     0.146432030493E+000
     0.533126908594E-003     0.400000000000E+001    -0.172639149256E-013    -0.140970563412E+003     0.150819085733E+000
     0.566114492604E-003     0.400000000000E+001    -0.167432473073E-013    -0.136718989662E+003     0.155329114890E+000
     0.601081329767E-003     0.400000000000E+001    -0.162395077938E-013    -0.132605644379E+003     0.159965914864E+000
     0.638146175159E-003     0.400000000000E+001    -0.157519972517E-013    -0.128624818704E+003     0.164733373883E+000
     0.677434909153E-003     0.400000000000E+001    -0.152800661956E-013    -0.124771209186E+003     0.169635476731E+000
     0.719080964939E-003     0.400000000000E+001    -0.148231088178E-013    -0.121039869031E+003     0.174676309869E+000
     0.763225781689E-003     0.400000000000E+001    -0.143805513087E-013    -0.117426112727E+003     0.179860064097E+000
     0.810019284919E-003     0.400000000000E+001    -0.139525530254E-013    -0.113931241523E+003     0.185191306015E+000
     0.859620395664E-003     0.400000000000E+001    -0.135382557974E-013    -0.110548247926E+003     0.190674621903E+000
     0.912197570216E-003     0.400000000000E+001    -0.131368550537E-013    -0.107270562115E+003     0.196314604972E+000
     0.967929372233E-003     0.400000000000E+001    -0.127478898344E-013    -0.104094420067E+003     0.202115974582E+000
     0.102700507918E-002     0.400000000000E+001    -0.123709353974E-013    -0.101016353499E+003     0.208083587078E+000
     0.108962532517E-002     0.400000000000E+001    -0.120055855038E-013    -0.980330452185E+002     0.214222440484E+000
     0.115600278233E-002     0.400000000000E+001    -0.116514501378E-013    -0.951413105065E+002     0.220537678747E+000
     0.122636288312E-002     0.400000000000E+001    -0.113081538794E-013    -0.923380838240E+002     0.227034595632E+000
     0.130094458593E-002     0.400000000000E+001    -0.109753337470E-013    -0.896204012015E+002     0.233718637760E+000
     0.138000118665E-002     0.400000000000E+001    -0.106537425493E-013    -0.869944097900E+002     0.240596120079E+000
     0.146380117888E-002     0.400000000000E+001    -0.103397199214E-013    -0.844302204407E+002     0.247671371897E+000
     0.155262916586E-002     0.400000000000E+001    -0.100361744449E-013    -0.819515835253E+002     0.254950966090E+000
     0.164678682697E-002     0.400000000000E+001    -0.974179201198E-014    -0.795477685384E+002     0.262440997923E+000
     0.174659394236E-002     0.400000000000E+001    -0.945611597925E-014    -0.772150467044E+002     0.270147608999E+000
     0.185238947896E-002     0.400000000000E+001    -0.917876027000E-014    -0.749502654675E+002     0.278077012552E+000
     0.196453274170E-002     0.400000000000E+001    -0.890927496897E-014    -0.727497509908E+002     0.286235406992E+000
     0.208340459379E-002     0.400000000000E+001    -0.864712982123E-014    -0.706091734143E+002     0.294628850210E+000
     0.220940875020E-002     0.400000000000E+001    -0.839160916613E-014    -0.685226889253E+002     0.303262993824E+000
     0.234297314879E-002     0.400000000000E+001    -0.814206040676E-014    -0.664849686655E+002     0.312143018679E+000
     0.248455140365E-002     0.400000000000E+001    -0.789736113793E-014    -0.644868475011E+002     0.321272954009E+000
     0.263462434571E-002     0.400000000000E+001    -0.765624296502E-014    -0.625179682039E+002     0.330655209429E+000
     0.279370165569E-002     0.400000000000E+001    -0.741716961778E-014    -0.605657861756E+002     0.340289851771E+000
     0.296232359518E-002     0.400000000000E+001    -0.717827642840E-014    -0.586150752478E+002     0.350173639442E+000
     0.314106284138E-002     0.400000000000E+001    -0.693762860264E-014    -0.566500366266E+002     0.360299224286E+000
     0.333052643213E-002     0.400000000000E+001    -0.669210933333E-014    -0.546452196502E+002     0.370652503819E+000
     0.353135782749E-002     0.400000000000E+001    -0.643967131325E-014    -0.525839067863E+002     0.381213003192E+000
     0.374423909507E-002     0.400000000000E+001    -0.617413340003E-014    -0.504156251773E+002     0.391945545385E+000
     0.396989322653E-002     0.400000000000E+001    -0.589613432121E-014    -0.481455904291E+002     0.402809796777E+000
     0.420908659296E-002     0.400000000000E+001    -0.559792555154E-014    -0.457105310317E+002     0.413743452576E+000
     0.446263154769E-002     0.400000000000E+001    -0.528067889090E-014    -0.431200154573E+002     0.424676314943E+000
     0.473138918520E-002     0.400000000000E+001    -0.493562136912E-014    -0.403024069679E+002     0.435507894626E+000
     0.501627226558E-002     0.400000000000E+001    -0.456463955215E-014    -0.372731105436E+002     0.446126373173E+000
     0.531824831448E-002     0.400000000000E+001    -0.416498832635E-014    -0.340097106305E+002     0.456396491213E+000
     0.563834290904E-002     0.400000000000E+001    -0.373615205414E-014    -0.305079967280E+002     0.466161936057E+000
     0.597764316095E-002     0.400000000000E+001    -0.328418478660E-014    -0.268174039150E+002     0.475261087961E+000
     0.633730140856E-002     0.400000000000E+001    -0.281199897587E-014    -0.229617141680E+002     0.483519457840E+000
     0.671853913045E-002     0.400000000000E+001    -0.233967111826E-014    -0.191048645200E+002     0.490802952867E+000
     0.712265109384E-002     0.400000000000E+001    -0.188494545606E-014    -0.153917477053E+002     0.497022942252E+000
     0.755100975191E-002     0.400000000000E+001    -0.147349971830E-014    -0.120320382932E+002     0.502176970029E+000
     0.800506990496E-002     0.400000000000E+001    -0.112745494639E-014    -0.920636829469E+001     0.506357215026E+000
     0.848637364120E-002     0.400000000000E+001    -0.859297420193E-015    -0.701669592238E+001     0.509734376990E+000
     0.899655557408E-002     0.400000000000E+001    -0.667803355659E-015    -0.545302822107E+001     0.512516413468E+000
     0.953734839373E-002     0.400000000000E+001    -0.539887338368E-015    -0.440851467332E+001     0.514900506548E+000
     0.101105887516E-001     0.400000000000E+001    -0.461007307343E-015    -0.376441033989E+001     0.517058418479E+000
     0.107182234982E-001     0.400000000000E+001    -0.415694557038E-015    -0.339440365440E+001     0.519120976083E+000
     0.113623162948E-001     0.400000000000E+001    -0.392854232021E-015    -0.320789824703E+001     0.521187160236E+000
     0.120450546223E-001     0.400000000000E+001    -0.387868750522E-015    -0.316718870120E+001     0.523349521353E+000
     0.127687572104E-001     0.400000000000E+001    -0.394261381538E-015    -0.321938849481E+001     0.525679401139E+000
     0.135358819124E-001     0.400000000000E+001    -0.409507363144E-015    -0.334388138220E+001     0.528244575148E+000
     0.143490340526E-001     0.400000000000E+001    -0.429932846636E-015    -0.351066811211E+001     0.531099282437E+000
     0.152109752747E-001     0.400000000000E+001    -0.453474463355E-015    -0.370290000081E+001     0.534290964589E+000
     0.161246329208E-001     0.400000000000E+001    -0.477297535091E-015    -0.389743014413E+001     0.537851881440E+000
     0.170931099734E-001     0.400000000000E+001    -0.499319711462E-015    -0.407725486083E+001     0.541800609210E+000
     0.181196955938E-001     0.400000000000E+001    -0.519494764970E-015    -0.424199667473E+001     0.546155381998E+000
     0.192078762926E-001     0.400000000000E+001    -0.535592169079E-015    -0.437344195446E+001     0.550914477120E+000
     0.203613477710E-001     0.400000000000E+001    -0.548980354057E-015    -0.448276478115E+001     0.556085218440E+000
     0.215840274722E-001     0.400000000000E+001    -0.561380038451E-015    -0.458401588803E+001     0.561690001616E+000
     0.228800678855E-001     0.400000000000E+001    -0.574004413422E-015    -0.468710173269E+001     0.567764674883E+000
     0.242538706494E-001     0.400000000000E+001    -0.587057725356E-015    -0.479369011346E+001     0.574350259610E+000
     0.257101015006E-001     0.400000000000E+001    -0.600864178243E-015    -0.490642835682E+001     0.581495151952E+000
     0.272537061195E-001     0.400000000000E+001    -0.612620455758E-015    -0.500242564782E+001     0.589216919288E+000
     0.288899269272E-001     0.400000000000E+001    -0.622110025547E-015    -0.507991386562E+001     0.597528780056E+000
     0.306243208897E-001     0.400000000000E+001    -0.628695920393E-015    -0.513369177816E+001     0.606432624082E+000
     0.324627783907E-001     0.400000000000E+001    -0.630677249967E-015    -0.514987056191E+001     0.615900442246E+000
     0.344115432366E-001     0.400000000000E+001    -0.628921405444E-015    -0.513553300333E+001     0.625908388428E+000
     0.364772338618E-001     0.400000000000E+001    -0.620697491237E-015    -0.506837964766E+001     0.636378092750E+000
     0.386668658063E-001     0.400000000000E+001    -0.605456122960E-015    -0.494392443096E+001     0.647203467616E+000
     0.409878755421E-001     0.400000000000E+001    -0.582148618522E-015    -0.475360421411E+001     0.658236629277E+000
     0.434481457293E-001     0.400000000000E+001    -0.551109407817E-015    -0.450014982443E+001     0.669308213728E+000
     0.460560319869E-001     0.400000000000E+001    -0.514024236682E-015    -0.419732642130E+001     0.680254363621E+000
     0.488203912708E-001     0.400000000000E+001    -0.472296795642E-015    -0.385659600769E+001     0.690915380599E+000
     0.517506119535E-001     0.400000000000E+001    -0.433190882883E-015    -0.353727199700E+001     0.701280368165E+000
     0.548566457095E-001     0.400000000000E+001    -0.406830462179E-015    -0.332202282701E+001     0.711598683204E+000
     0.581490413132E-001     0.400000000000E+001    -0.404296906619E-015    -0.330133477588E+001     0.722467983306E+000
     0.616389804647E-001     0.400000000000E+001    -0.421490094600E-015    -0.344172780996E+001     0.734479403939E+000
     0.653383157655E-001     0.400000000000E+001    -0.438125414731E-015    -0.357756550734E+001     0.747714018311E+000
     0.692596109728E-001     0.400000000000E+001    -0.449775544179E-015    -0.367269603360E+001     0.762115743665E+000
     0.734161836681E-001     0.400000000000E+001    -0.460908404948E-015    -0.376360274055E+001     0.777759432053E+000
     0.778221504872E-001     0.400000000000E+001    -0.471329734205E-015    -0.384869935179E+001     0.794716673694E+000
     0.824924750635E-001     0.400000000000E+001    -0.476995470538E-015    -0.389496359988E+001     0.812907417917E+000
     0.874430188470E-001     0.400000000000E+001    -0.475796254664E-015    -0.388517125913E+001     0.832141128342E+000
     0.926905949743E-001     0.400000000000E+001    -0.467559012167E-015    -0.381790906972E+001     0.852175896833E+000
     0.982530253690E-001     0.400000000000E+001    -0.455883120071E-015    -0.372256817548E+001     0.872882423198E+000
     0.104149201269E+000     0.400000000000E+001    -0.438606137061E-015    -0.358149090306E+001     0.893999523547E+000
     0.110399147386E+000     0.400000000000E+001    -0.412923370554E-015    -0.337177519952E+001     0.915072936862E+000
     0.117024089912E+000     0.400000000000E+001    -0.378597104681E-015    -0.309147996748E+001     0.935553813967E+000
     0.124046528610E+000     0.400000000000E+001    -0.343370133442E-015    -0.280382991799E+001     0.955243537687E+000
     0.131490313229E+000     0.400000000000E+001    -0.343696195765E-015    -0.280649241891E+001     0.976134462787E+000
     0.139380724499E+000     0.400000000000E+001    -0.375520596208E-015    -0.306635836936E+001     0.100032929142E+001
     0.147744559993E+000     0.400000000000E+001    -0.390005329517E-015    -0.318463519269E+001     0.102696505628E+001
     0.156610225139E+000     0.400000000000E+001    -0.389862341872E-015    -0.318346760996E+001     0.105518861412E+001
     0.166007829686E+000     0.400000000000E+001    -0.376281741204E-015    -0.307257358992E+001     0.108406344565E+001
     0.175969289968E+000     0.400000000000E+001    -0.351974815224E-015    -0.287409247686E+001     0.111269360371E+001
     0.185969289968E+000     0.400000000000E+001    -0.336785162564E-015    -0.275005955022E+001     0.114019419921E+001
     0.195969289968E+000     0.400000000000E+001    -0.344275079432E-015    -0.281121936277E+001     0.116830639284E+001
     0.205969289968E+000     0.400000000000E+001    -0.353671774108E-015    -0.288794919772E+001     0.119718588482E+001
     0.215969289968E+000     0.400000000000E+001    -0.362641764724E-015    -0.296119472959E+001     0.122679783211E+001
     0.225969289968E+000     0.400000000000E+001    -0.366387698849E-015    -0.299178260299E+001     0.125671565814E+001
     0.235969289968E+000     0.400000000000E+001    -0.356090422522E-015    -0.290769896079E+001     0.128579264775E+001
     0.245969289968E+000     0.400000000000E+001    -0.334900496950E-015    -0.273467008760E+001     0.131313934863E+001
     0.255969289968E+000     0.400000000000E+001    -0.317432189931E-015    -0.259203053609E+001     0.133905965399E+001
     0.265969289968E+000     0.400000000000E+001    -0.324052442499E-015    -0.264608900072E+001     0.136552054399E+001
     0.275969289968E+000     0.400000000000E+001    -0.339695521043E-015    -0.277382443068E+001     0.139325878830E+001
     0.285969289968E+000     0.400000000000E+001    -0.345860716145E-015    -0.282416706912E+001     0.142150045899E+001
     0.295969289968E+000     0.400000000000E+001    -0.344618469678E-015    -0.281402335692E+001     0.144964069256E+001
     0.305969289968E+000     0.400000000000E+001    -0.339245550897E-015    -0.277015014560E+001     0.147734219402E+001
     0.315969289968E+000     0.400000000000E+001    -0.329610891544E-015    -0.269147718161E+001     0.150425696583E+001
     0.325969289968E+000     0.400000000000E+001    -0.315742959737E-015    -0.257823692477E+001     0.153003933508E+001
     0.335969289968E+000     0.400000000000E+001    -0.304928405575E-015    -0.248992938851E+001     0.155493862897E+001
     0.345969289968E+000     0.400000000000E+001    -0.307117121737E-015    -0.250780161227E+001     0.158001664509E+001
     0.355969289968E+000     0.400000000000E+001    -0.314732848341E-015    -0.256998873929E+001     0.160571653248E+001
     0.365969289968E+000     0.400000000000E+001    -0.323359927770E-015    -0.264043418882E+001     0.163212087437E+001
     0.375969289968E+000     0.400000000000E+001    -0.332330310468E-015    -0.271368292229E+001     0.165925770359E+001
     0.385969289968E+000     0.400000000000E+001    -0.339373646883E-015    -0.277119612870E+001     0.168696966488E+001
     0.395969289968E+000     0.400000000000E+001    -0.337653478218E-015    -0.275714988561E+001     0.171454116374E+001
     0.405969289968E+000     0.400000000000E+001    -0.329312083334E-015    -0.268903722741E+001     0.174143153601E+001
     0.415969289968E+000     0.400000000000E+001    -0.316402890031E-015    -0.258362566457E+001     0.176726779266E+001
     0.425969289968E+000     0.400000000000E+001    -0.301887915473E-015    -0.246510190271E+001     0.179191881168E+001
     0.435969289968E+000     0.400000000000E+001    -0.290352276647E-015    -0.237090626333E+001     0.181562787432E+001
     0.445969289968E+000     0.400000000000E+001    -0.285647359537E-015    -0.233248769961E+001     0.183895275131E+001
     0.455969289968E+000     0.400000000000E+001    -0.288094639035E-015    -0.235247125322E+001     0.186247746385E+001
     0.465969289968E+000     0.400000000000E+001    -0.297211585624E-015    -0.242691677168E+001     0.188674663156E+001
     0.475969289968E+000     0.400000000000E+001    -0.309206334468E-015    -0.252486132886E+001     0.191199524485E+001
     0.485969289968E+000     0.400000000000E+001    -0.321761542474E-015    -0.262738238240E+001     0.193826906867E+001
     0.495969289968E+000     0.400000000000E+001    -0.329191207148E-015    -0.268805019845E+001     0.196514957066E+001
     0.505969289968E+000     0.400000000000E+001    -0.332273572289E-015    -0.271321961989E+001     0.199228176686E+001
     0.515969289968E+000     0.400000000000E+001    -0.332691034183E-015    -0.271662845495E+001     0.201944805141E+001
     0.525969289968E+000     0.400000000000E+001    -0.330429708826E-015    -0.269816333212E+001     0.204642968473E+001
     0.535969289968E+000     0.400000000000E+001    -0.326120845490E-015    -0.266297879288E+001     0.207305947266E+001
     0.545969289968E+000     0.400000000000E+001    -0.319564831285E-015    -0.260944487429E+001     0.209915392140E+001
     0.555969289968E+000     0.400000000000E+001    -0.310165134100E-015    -0.253269052200E+001     0.212448082662E+001
     0.565969289968E+000     0.400000000000E+001    -0.299355646255E-015    -0.244442435536E+001     0.214892507017E+001
     0.575969289968E+000     0.400000000000E+001    -0.293949357097E-015    -0.240027865423E+001     0.217292785672E+001
     0.585969289968E+000     0.400000000000E+001    -0.298825043123E-015    -0.244009165199E+001     0.219732877324E+001
     0.595969289968E+000     0.400000000000E+001    -0.305921754251E-015    -0.249804069601E+001     0.222230918020E+001
     0.605969289968E+000     0.400000000000E+001    -0.308660564457E-015    -0.252040477852E+001     0.224751322798E+001
     0.615969289968E+000     0.400000000000E+001    -0.307089123717E-015    -0.250757299109E+001     0.227258895789E+001
     0.625969289968E+000     0.400000000000E+001    -0.304431168003E-015    -0.248586913562E+001     0.229744764925E+001
     0.635969289968E+000     0.400000000000E+001    -0.303422401531E-015    -0.247763193226E+001     0.232222396857E+001
     0.645969289968E+000     0.400000000000E+001    -0.302411154859E-015    -0.246937447654E+001     0.234691771334E+001
     0.655969289968E+000     0.400000000000E+001    -0.300977327935E-015    -0.245766639120E+001     0.237149437725E+001
     0.665969289968E+000     0.400000000000E+001    -0.299409779626E-015    -0.244486638788E+001     0.239594304113E+001
     0.675969289968E+000     0.400000000000E+001    -0.296166196772E-015    -0.241838052391E+001     0.242012684637E+001
     0.685969289968E+000     0.400000000000E+001    -0.295231899531E-015    -0.241075140797E+001     0.244423436045E+001
     0.695969289968E+000     0.400000000000E+001    -0.296161447646E-015    -0.241834174435E+001     0.246841777789E+001
     0.705969289968E+000     0.400000000000E+001    -0.300943527816E-015    -0.245739039228E+001     0.249299168181E+001
     0.715969289968E+000     0.400000000000E+001    -0.306102664475E-015    -0.249951794010E+001     0.251798686121E+001
     0.725969289968E+000     0.400000000000E+001    -0.309230598704E-015    -0.252505946139E+001     0.254323745583E+001
     0.735969289968E+000     0.400000000000E+001    -0.310127128684E-015    -0.253238018423E+001     0.256856125767E+001
     0.745969289968E+000     0.400000000000E+001    -0.310754655193E-015    -0.253750432704E+001     0.259393630094E+001
     0.755969289968E+000     0.400000000000E+001    -0.309799156589E-015    -0.252970208883E+001     0.261923332183E+001
