 #        time                      h  [L]            Darcian flow [L.T^{-1}]   in    x         z              directions   cumulative flux
 #-----------------------------------------------------------------------------------------------

     0.100000000000E-005    -0.278499997097E+003    -0.106143015845E-005    -0.821113259429E-005     0.827945242527E-011
     0.205999994278E-005    -0.278499980300E+003    -0.713036610780E-005    -0.555288021902E-004     0.676232630250E-010
     0.318359982147E-005    -0.278499922003E+003    -0.279301555491E-004    -0.219035575857E-003     0.315724387909E-009
     0.437461562859E-005    -0.278499764726E+003    -0.833063221237E-004    -0.658122515852E-003     0.110581342042E-008
     0.563709231599E-005    -0.278499401314E+003    -0.209477596715E-003    -0.166771671230E-002     0.322781099722E-008
     0.697531753239E-005    -0.278498646410E+003    -0.467695700492E-003    -0.375397679934E-002     0.829031558973E-008
     0.839383618521E-005    -0.278497196580E+003    -0.955816737605E-003    -0.773849517488E-002     0.193509316196E-007
     0.989746587602E-005    -0.278494576244E+003    -0.182320763215E-002    -0.148972949497E-001     0.419180782187E-007
     0.114913132622E-004    -0.278490066449E+003    -0.328922472603E-002    -0.271404875828E-001     0.854923927224E-007
     0.131807914004E-004    -0.278482613703E+003    -0.566519589974E-002    -0.472371788243E-001     0.165870467195E-006
     0.149716381303E-004    -0.278470716590E+003    -0.937942060687E-002    -0.790880089596E-001     0.308497515626E-006
     0.168699355614E-004    -0.278452288674E+003    -0.150041992830E-001    -0.128044643572E+000     0.553227421811E-006
     0.188821307298E-004    -0.278424497298E+003    -0.232833464516E-001    -0.201271719577E+000     0.960926265765E-006
     0.210150574931E-004    -0.278383579331E+003    -0.351580610299E-001    -0.308142341100E+000     0.162243551462E-005
     0.232759597402E-004    -0.278324636659E+003    -0.517884518495E-001    -0.460653359722E+000     0.267048884479E-005
     0.256725159928E-004    -0.278241416359E+003    -0.745674792923E-001    -0.673841554615E+000     0.429524572834E-005
     0.282128654833E-004    -0.278126082905E+003    -0.105123615998E+000    -0.966176723437E+000     0.676415758681E-005
     0.309056357980E-004    -0.277968992523E+003    -0.145308197072E+000    -0.135990295878E+001     0.104469091632E-004
     0.337599721774E-004    -0.277758482666E+003    -0.197163266224E+000    -0.188129538012E+001     0.158461681622E-004
     0.367855685763E-004    -0.277480692503E+003    -0.262865761435E+000    -0.256079657002E+001     0.236348181657E-004
     0.399927005860E-004    -0.277119433121E+003    -0.344644150248E+000    -0.343299497421E+001     0.347002295747E-004
     0.433922603327E-004    -0.276656128542E+003    -0.444664170246E+000    -0.453640642958E+001     0.501959246662E-004
     0.469957934698E-004    -0.276069850461E+003    -0.564881266173E+000    -0.591301963099E+001     0.716006967435E-004
     0.508155383889E-004    -0.275337470147E+003    -0.706858850652E+000    -0.760756683413E+001     0.100784828454E-003
     0.548644677845E-004    -0.274433949569E+003    -0.871553967278E+000    -0.966648299876E+001     0.140082499001E-003
     0.591563327122E-004    -0.273332789611E+003    -0.105907569182E+001    -0.121365210439E+002     0.192368756146E-003
     0.637057092900E-004    -0.272006645431E+003    -0.126842703050E+001    -0.150629994695E+002     0.261138547638E-003
     0.685280482021E-004    -0.270428107325E+003    -0.149724831508E+001    -0.184876729654E+002     0.350584264771E-003
     0.736397271730E-004    -0.268570630370E+003    -0.174158883630E+001    -0.224462382550E+002     0.465667077952E-003
     0.790581065897E-004    -0.266409579136E+003    -0.199574263848E+001    -0.269655174648E+002     0.612176101831E-003
     0.848015884613E-004    -0.263923337103E+003    -0.225219205027E+001    -0.320604008496E+002     0.796768220220E-003
     0.908896789166E-004    -0.261094416714E+003    -0.250170586896E+001    -0.377306809851E+002     0.102698039268E-002
     0.973430544509E-004    -0.257910497141E+003    -0.273363502222E+001    -0.439579728412E+002     0.131120569979E-002
     0.104183632148E-003    -0.254365313815E+003    -0.293643432532E+001    -0.507029880827E+002     0.165862460315E-002
     0.111434644115E-003    -0.250459326743E+003    -0.309841335685E+001    -0.579035118137E+002     0.207908432466E-002
     0.119120716386E-003    -0.246200103503E+003    -0.320868345945E+001    -0.654734997110E+002     0.258292232685E-002
     0.127267952553E-003    -0.241602368433E+003    -0.325822515718E+001    -0.733037433323E+002     0.318073489615E-002
     0.135904022424E-003    -0.236687693338E+003    -0.324095743790E+001    -0.812645008590E+002     0.388309870742E-002
     0.145058255993E-003    -0.231483837520E+003    -0.315465646352E+001    -0.892103219023E+002     0.470026127161E-002
     0.154761743052E-003    -0.226023783226E+003    -0.300155710144E+001    -0.969869956309E+002     0.564182391038E-002
     0.165047438780E-003    -0.220344549043E+003    -0.278848689701E+001    -0.104440156082E+003     0.671644639880E-002
     0.175950275662E-003    -0.214485887809E+003    -0.252643611742E+001    -0.111424676126E+003     0.793160370763E-002
     0.187507282134E-003    -0.208488978115E+003    -0.222955860450E+001    -0.117813695547E+003     0.929342114099E-002
     0.199757708333E-003    -0.202395197585E+003    -0.191371303254E+001    -0.123506071489E+003     0.108066047735E-001
     0.212743159403E-003    -0.196245052074E+003    -0.159473264513E+001    -0.128431184139E+003     0.124744701939E-001
     0.226507736794E-003    -0.190077265395E+003    -0.128680691642E+001    -0.132550587945E+003     0.142990589940E-001
     0.241098188040E-003    -0.183927942175E+003    -0.100121585017E+001    -0.135856867106E+003     0.162813258178E-001
     0.256564065527E-003    -0.177829867931E+003    -0.745591903178E+000    -0.138369907156E+003     0.184213689169E-001
     0.272957894778E-003    -0.171811979438E+003    -0.523811964006E+000    -0.140131339518E+003     0.207186742193E-001
     0.290335352846E-003    -0.165899015805E+003    -0.336461134853E+000    -0.141198214784E+003     0.231723472422E-001
     0.308755457403E-003    -0.160111366215E+003    -0.181670194695E+000    -0.141636853866E+003     0.257813150457E-001
     0.328280767180E-003    -0.154465124092E+003    -0.560771728561E-001    -0.141517539335E+003     0.285444890571E-001
     0.348977594427E-003    -0.148972333956E+003     0.443083736261E-001    -0.140910389872E+003     0.314608871976E-001
     0.370916230124E-003    -0.143641389664E+003     0.123474623772E+000    -0.139882480988E+003     0.345297191840E-001
     0.394171182707E-003    -0.138477524877E+003     0.185044472824E+000    -0.138496076652E+003     0.377504417543E-001
     0.418821431115E-003    -0.133483334787E+003     0.232135422887E+000    -0.136807734047E+003     0.411227912373E-001
     0.444950693017E-003    -0.128659280206E+003     0.267361495231E+000    -0.134868025067E+003     0.446468001109E-001
     0.472647709137E-003    -0.124004143686E+003     0.292899351798E+000    -0.132721653209E+003     0.483228028310E-001
     0.502006544641E-003    -0.119515424714E+003     0.310565499827E+000    -0.130407800516E+003     0.521514348517E-001
     0.533126908594E-003    -0.115189672661E+003     0.321879419243E+000    -0.127960592461E+003     0.561336276594E-001
     0.566114492604E-003    -0.111022761584E+003     0.328107790266E+000    -0.125409608782E+003     0.602706018234E-001
     0.601081329767E-003    -0.107010112191E+003     0.330295190567E+000    -0.122780394925E+003     0.645638594342E-001
     0.638146175159E-003    -0.103146866132E+003     0.329288805590E+000    -0.120094946067E+003     0.690151767750E-001
     0.677434909153E-003    -0.994280178949E+002     0.325762375206E+000    -0.117372147796E+003     0.736265976294E-001
     0.719080964939E-003    -0.958485092228E+002     0.320245513053E+000    -0.114628169963E+003     0.784004274205E-001
     0.763225781689E-003    -0.924032925298E+002     0.313152414745E+000    -0.111876812876E+003     0.833392281708E-001
     0.810019284919E-003    -0.890874820463E+002     0.304922389505E+000    -0.109129519473E+003     0.884458006265E-001
     0.859620395664E-003    -0.858962204108E+002     0.295745415785E+000    -0.106396177405E+003     0.937231895927E-001
     0.912197570216E-003    -0.828246625251E+002     0.285802630276E+000    -0.103685308739E+003     0.991746908788E-001
     0.967929372233E-003    -0.798680653732E+002     0.275284508625E+000    -0.101003962336E+003     0.104803844618E+000
     0.102700507918E-002    -0.770218216001E+002     0.264354386837E+000    -0.983578948002E+002     0.110614427774E+000
     0.108962532517E-002    -0.742814588576E+002     0.253171115755E+000    -0.957517965390E+002     0.116610449785E+000
     0.115600278233E-002    -0.716426420128E+002     0.241880825952E+000    -0.931894432916E+002     0.122796148902E+000
     0.122636288312E-002    -0.691011766177E+002     0.230608152068E+000    -0.906738183111E+002     0.129175988531E+000
     0.130094458593E-002    -0.666530076544E+002     0.219456759891E+000    -0.882072195451E+002     0.135754653526E+000
     0.138000118665E-002    -0.642953378961E+002     0.208506822888E+000    -0.857886690132E+002     0.142536834109E+000
     0.146380117888E-002    -0.620210894673E+002     0.197426928500E+000    -0.834270599314E+002     0.149528040660E+000
     0.155262916586E-002    -0.598293882534E+002     0.187295034678E+000    -0.811158475299E+002     0.156733417315E+000
     0.164678682697E-002    -0.577161468258E+002     0.177358837146E+000    -0.788571247371E+002     0.164158438521E+000
     0.174659394236E-002    -0.556773760624E+002     0.167799534102E+000    -0.766508304020E+002     0.171808755127E+000
     0.185238947896E-002    -0.537091718911E+002     0.158629217104E+000    -0.744960233137E+002     0.179690119756E+000
     0.196453274170E-002    -0.518073764233E+002     0.149857330042E+000    -0.723910286334E+002     0.187808303295E+000
     0.208340459379E-002    -0.499673661191E+002     0.141479586822E+000    -0.703332658388E+002     0.196168965784E+000
     0.220940875020E-002    -0.481836324018E+002     0.133652318791E+000    -0.683191012206E+002     0.204777472973E+000
     0.234297314879E-002    -0.464501957692E+002     0.125950892418E+000    -0.663429663949E+002     0.213638547349E+000
     0.248455140365E-002    -0.447592907561E+002     0.118707413873E+000    -0.643981864091E+002     0.222755945687E+000
     0.263462434571E-002    -0.431016819289E+002     0.111758982383E+000    -0.624753822450E+002     0.232131825107E+000
     0.279370165569E-002    -0.414664107273E+002     0.105123556635E+000    -0.605626609247E+002     0.241765984806E+000
     0.296232359518E-002    -0.398401412583E+002     0.988463657447E-001    -0.586453722338E+002     0.251654895261E+000
     0.314106284138E-002    -0.382076238731E+002     0.928509486399E-001    -0.567054791002E+002     0.261790403438E+000
     0.333052643213E-002    -0.365511361452E+002     0.870214227219E-001    -0.547222923423E+002     0.272158298549E+000
     0.353135782749E-002    -0.348536714924E+002     0.747344526811E-001    -0.526742993584E+002     0.282736962236E+000
     0.374423909507E-002    -0.330867698502E+002     0.740717600709E-001    -0.505289774865E+002     0.293493646571E+000
     0.396989322653E-002    -0.312395537104E+002     0.641857257088E-001    -0.482653506608E+002     0.304384931984E+000
     0.420908659296E-002    -0.292750455709E+002     0.638072532622E-001    -0.458463455217E+002     0.315351084329E+000
     0.446263154769E-002    -0.271867447920E+002     0.585806797219E-001    -0.432467578109E+002     0.326316091640E+000
     0.473138918520E-002    -0.249423064995E+002     0.530373125596E-001    -0.404402751480E+002     0.337184733796E+000
     0.501627226558E-002    -0.225405189273E+002     0.465867538735E-001    -0.374048368499E+002     0.347840747204E+000
     0.531824831448E-002    -0.199742278308E+002     0.390108872982E-001    -0.341318269194E+002     0.358147748171E+000
     0.563834290904E-002    -0.172500839762E+002     0.317154426962E-001    -0.306258895904E+002     0.367950935139E+000
     0.597764316095E-002    -0.143992568090E+002     0.245205440889E-001    -0.269177558881E+002     0.377084140282E+000
     0.633730140856E-002    -0.114570029928E+002     0.298266142864E-001    -0.230576062455E+002     0.385377005477E+000
     0.671853913045E-002    -0.853681297017E+001     0.289102825165E-001    -0.191803625542E+002     0.392689291508E+000
     0.712265109384E-002    -0.575524886399E+001     0.262658915395E-001    -0.154498316725E+002     0.398932762342E+000
     0.755100975191E-002    -0.326034191373E+001     0.231774411394E-001    -0.120711550805E+002     0.404103555665E+000
     0.800506990496E-002    -0.117984341850E+001     0.187324666784E-001    -0.923055950885E+001     0.408294793559E+000
     0.848637364120E-002     0.419262235817E+000     0.135280825173E-001    -0.702007745654E+001     0.411673589341E+000
     0.899655557408E-002     0.155399283837E+001     0.490307815501E-002    -0.543200212374E+001     0.414444899813E+000
     0.953734839373E-002     0.230913931180E+001    -0.126467524710E-003    -0.439548949672E+001     0.416821948973E+000
     0.101105887516E-001     0.277573018515E+001    -0.293620920743E-002    -0.375336846019E+001     0.418973531910E+000
     0.107182234982E-001     0.304284084921E+001    -0.138552286113E-001    -0.338736929454E+001     0.421031832411E+000
     0.113623162948E-001     0.317328278315E+001    -0.211493668655E-001    -0.321216180389E+001     0.423100807535E+000
     0.120450546223E-001     0.320168696156E+001    -0.291709447497E-001    -0.317469989611E+001     0.425268388331E+000
     0.127687572104E-001     0.316273998580E+001    -0.371097134132E-001    -0.322998422568E+001     0.427606090548E+000
     0.135358819124E-001     0.307244820021E+001    -0.438357418732E-001    -0.335538276405E+001     0.430180307201E+000
     0.143490340526E-001     0.295040835990E+001    -0.514361235556E-001    -0.352488191276E+001     0.433046877621E+000
     0.152109752747E-001     0.281087212274E+001    -0.569644292881E-001    -0.371805048133E+001     0.436251994706E+000
     0.161246329208E-001     0.266995886612E+001    -0.583394751341E-001    -0.391253751212E+001     0.439827111890E+000
     0.170931099734E-001     0.254031299064E+001    -0.537504302015E-001    -0.409085009720E+001     0.443789348307E+000
     0.181196955938E-001     0.242150259094E+001    -0.470199021971E-001    -0.425379101412E+001     0.448156495766E+000
     0.192078762926E-001     0.232794909625E+001    -0.343999561291E-001    -0.438073356956E+001     0.452923672454E+000
     0.203613477710E-001     0.225022481652E+001    -0.182714384163E-001    -0.448609812335E+001     0.458098301608E+000
     0.215840274722E-001     0.217851187063E+001    -0.254360153941E-002    -0.458302336095E+001     0.463701872105E+000
     0.228800678855E-001     0.210484959041E+001     0.922481745232E-002    -0.468328338460E+001     0.469771608413E+000
     0.242538706494E-001     0.202749094280E+001     0.158311822603E-001    -0.478998839550E+001     0.476352143650E+000
     0.257101015006E-001     0.194658706018E+001     0.151452617357E-001    -0.490076468460E+001     0.483488822458E+000
     0.272537061195E-001     0.187639490776E+001     0.103220814125E-001    -0.499834940601E+001     0.491204314139E+000
     0.288899269272E-001     0.181966178973E+001     0.854839918597E-002    -0.507773874212E+001     0.499512627699E+000
     0.306243208897E-001     0.178052254697E+001     0.681962957545E-002    -0.513226144576E+001     0.508413998823E+000
     0.324627783907E-001     0.176857410686E+001     0.657629404655E-002    -0.514921136438E+001     0.517880612801E+000
     0.344115432366E-001     0.177945292703E+001     0.963963991335E-002    -0.513351263188E+001     0.527884639391E+000
     0.364772338618E-001     0.182869313949E+001     0.140452735751E-001    -0.506504124026E+001     0.538347487824E+000
     0.386668658063E-001     0.191934776075E+001     0.188535007114E-001    -0.493882730647E+001     0.549161780657E+000
     0.409878755421E-001     0.205769078662E+001     0.228370943415E-001    -0.474751729513E+001     0.560180942006E+000
     0.434481457293E-001     0.224125297885E+001     0.243637762730E-001    -0.449425647095E+001     0.571238189687E+000
     0.460560319869E-001     0.246073564782E+001     0.206567155667E-001    -0.419113744383E+001     0.582168332185E+000
     0.488203912708E-001     0.270634625799E+001     0.118228094469E-001    -0.385357148659E+001     0.592821038435E+000
     0.517506119535E-001     0.293679830405E+001    -0.383981159490E-002    -0.353681880529E+001     0.603184704157E+000
     0.548566457095E-001     0.309065405829E+001    -0.257448634391E-001    -0.332731756485E+001     0.613519774185E+000
     0.581490413132E-001     0.310377969836E+001    -0.429294745041E-001    -0.331180438769E+001     0.624424460422E+000
     0.616389804647E-001     0.300185618796E+001    -0.435140902666E-001    -0.345274425030E+001     0.636475284660E+000
     0.653383157655E-001     0.290492934963E+001    -0.341123015492E-001    -0.358432119017E+001     0.649735491049E+000
     0.692596109728E-001     0.283706327778E+001    -0.188617138261E-001    -0.367640241976E+001     0.664151939968E+000
     0.734161836681E-001     0.277295734582E+001    -0.207025538915E-002    -0.376250623460E+001     0.679791073016E+000
     0.778221504872E-001     0.271275002118E+001     0.126440066803E-001    -0.384362208452E+001     0.696726036016E+000
     0.824924750635E-001     0.268036692532E+001     0.253675935600E-001    -0.388672265533E+001     0.714878678977E+000
     0.874430188470E-001     0.268890720988E+001     0.356499840067E-001    -0.387312000009E+001     0.734053541332E+000
     0.926905949743E-001     0.273753034919E+001     0.389880066399E-001    -0.380643237337E+001     0.754029132743E+000
     0.982530253690E-001     0.280553369305E+001     0.321721200934E-001    -0.371434368181E+001     0.774690685939E+000
     0.104149201269E+000     0.290635885896E+001     0.196413089486E-001    -0.357729192854E+001     0.795783346320E+000
     0.110399147386E+000     0.305744663846E+001     0.933847069510E-002    -0.336980340337E+001     0.816844516885E+000
     0.117024089912E+000     0.326013054928E+001     0.128487190047E-002    -0.309025097771E+001     0.837317253773E+000
     0.124046528610E+000     0.346737646837E+001    -0.123773522582E-001    -0.280573711746E+001     0.857020562404E+000
     0.131490313229E+000     0.346328661283E+001    -0.308551023050E-001    -0.281483139983E+001     0.877974819869E+000
     0.139380724499E+000     0.327379516719E+001    -0.390606710836E-001    -0.307845983940E+001     0.902267089310E+000
     0.147744559993E+000     0.318839329312E+001    -0.337852588782E-001    -0.319617468076E+001     0.929000861990E+000
     0.156610225139E+000     0.319108426292E+001    -0.182455336649E-001    -0.318950873010E+001     0.957278441036E+000
     0.166007829686E+000     0.327436694605E+001     0.524680994358E-002    -0.306978922537E+001     0.986127148356E+000
     0.175969289968E+000     0.342163233601E+001     0.333508270057E-001    -0.286090769861E+001     0.101462790313E+001
     0.185969289968E+000     0.351374287645E+001     0.517287904429E-001    -0.273015328148E+001     0.104193433609E+001
     0.195969289968E+000     0.346787710876E+001     0.414912980892E-001    -0.279627091604E+001     0.106990012334E+001
     0.205969289968E+000     0.340965297529E+001     0.220804686981E-001    -0.288115491579E+001     0.109871251858E+001
     0.215969289968E+000     0.335487860531E+001     0.750625142034E-002    -0.295942482599E+001     0.112830686203E+001
     0.225969289968E+000     0.333219196646E+001     0.494151058226E-003    -0.299139446945E+001     0.115822080714E+001
     0.235969289968E+000     0.339282299116E+001    -0.229387615209E-002    -0.290802210077E+001     0.118730103719E+001
     0.245969289968E+000     0.351819224996E+001    -0.368236644201E-002    -0.273488414857E+001     0.121464990347E+001
     0.255969289968E+000     0.362151080959E+001    -0.364522240062E-002    -0.259242513683E+001     0.124057418046E+001
     0.265969289968E+000     0.358179485272E+001    -0.639215065496E-002    -0.264833899365E+001     0.126705764754E+001
     0.275969289968E+000     0.348793864887E+001    -0.156178889244E-001    -0.278015202489E+001     0.129485960646E+001
     0.285969289968E+000     0.345062146119E+001    -0.225672074366E-001    -0.283299553854E+001     0.132319046067E+001
     0.295969289968E+000     0.345853420561E+001    -0.196682792087E-001    -0.282092713092E+001     0.135140041763E+001
     0.305969289968E+000     0.349195305093E+001    -0.939202356022E-002    -0.277173830075E+001     0.137911795977E+001
     0.315969289968E+000     0.355129384587E+001     0.836785449372E-002    -0.268587531588E+001     0.140597684327E+001
     0.325969289968E+000     0.363574087187E+001     0.275778546617E-001    -0.256540236669E+001     0.143163234920E+001
     0.335969289968E+000     0.370124049424E+001     0.407606659672E-001    -0.247267118225E+001     0.145636242038E+001
     0.345969289968E+000     0.368760368254E+001     0.373381915104E-001    -0.249282933912E+001     0.148129350992E+001
     0.355969289968E+000     0.364095138825E+001     0.260327399595E-001    -0.256009382451E+001     0.150689577172E+001
     0.365969289968E+000     0.358803371295E+001     0.126581709120E-001    -0.263637447809E+001     0.153325982038E+001
     0.375969289968E+000     0.353352958406E+001     0.186391726863E-002    -0.271407540396E+001     0.156040058082E+001
     0.385969289968E+000     0.349128402178E+001    -0.350931541235E-002    -0.277320816368E+001     0.158813268466E+001
     0.395969289968E+000     0.350117176287E+001    -0.692965185336E-002    -0.275994212754E+001     0.161573219293E+001
     0.405969289968E+000     0.355036245405E+001    -0.951755064067E-002    -0.269217645353E+001     0.164265412570E+001
     0.415969289968E+000     0.362689490577E+001    -0.932355641391E-002    -0.258613122227E+001     0.166851560599E+001
     0.425969289968E+000     0.371333607156E+001    -0.534688067766E-002    -0.246585713963E+001     0.169317423536E+001
     0.435969289968E+000     0.378268336757E+001     0.328348038685E-002    -0.236834149059E+001     0.171685767302E+001
     0.445969289968E+000     0.381159514852E+001     0.121220016666E-001    -0.232671219351E+001     0.174012511073E+001
     0.455969289968E+000     0.379761188704E+001     0.165621354997E-001    -0.234525894603E+001     0.176357828499E+001
     0.465969289968E+000     0.374322493402E+001     0.137156506174E-001    -0.242113881747E+001     0.178779006165E+001
     0.475969289968E+000     0.367133806901E+001     0.738309886523E-002    -0.252195882399E+001     0.181300975796E+001
     0.485969289968E+000     0.359637770009E+001     0.248386500044E-002    -0.262658789170E+001     0.183927564863E+001
     0.495969289968E+000     0.355208967183E+001    -0.162594268135E-003    -0.268823179877E+001     0.186615796666E+001
     0.505969289968E+000     0.353390500022E+001    -0.169123277302E-003    -0.271317429980E+001     0.189328970971E+001
     0.515969289968E+000     0.353160320668E+001     0.641850617653E-003    -0.271599862065E+001     0.192044969668E+001
     0.525969289968E+000     0.354513778769E+001     0.146527355153E-002    -0.269701032047E+001     0.194741980386E+001
     0.535969289968E+000     0.357074379470E+001     0.253082888907E-002    -0.266142691744E+001     0.197403408507E+001
     0.545969289968E+000     0.360971902431E+001     0.366796168636E-002    -0.260733651697E+001     0.200010747604E+001
     0.555969289968E+000     0.366558976634E+001     0.578223033675E-002    -0.252988763644E+001     0.202540641848E+001
     0.565969289968E+000     0.372983298075E+001     0.832798254705E-002    -0.244080756263E+001     0.204981463618E+001
     0.575969289968E+000     0.376192867194E+001     0.952320260665E-002    -0.239636567161E+001     0.207377848213E+001
     0.585969289968E+000     0.373285857211E+001     0.827028632466E-002    -0.243693744324E+001     0.209814799689E+001
     0.595969289968E+000     0.369049297320E+001     0.532079328905E-002    -0.249603257178E+001     0.212310837932E+001
     0.605969289968E+000     0.367384561641E+001     0.136714880754E-002    -0.251974842279E+001     0.214830586726E+001
     0.615969289968E+000     0.368269289004E+001    -0.226362666489E-002    -0.250819653641E+001     0.217338784284E+001
     0.625969289968E+000     0.369813272230E+001    -0.479698187186E-002    -0.248733034617E+001     0.219826119256E+001
     0.635969289968E+000     0.370414055611E+001    -0.521583683217E-002    -0.247899860580E+001     0.222305123348E+001
     0.645969289968E+000     0.370990768658E+001    -0.334386429169E-002    -0.247110523530E+001     0.224776230846E+001
     0.655969289968E+000     0.371905390314E+001     0.485098242969E-003    -0.245750958188E+001     0.227233740476E+001
     0.665969289968E+000     0.372921816922E+001     0.502473862121E-002    -0.244198322040E+001     0.229675728866E+001
     0.675969289968E+000     0.374895295740E+001     0.938118498267E-002    -0.241390158862E+001     0.232089648684E+001
     0.685969289968E+000     0.375502076810E+001     0.125177714466E-001    -0.240467381527E+001     0.234494355080E+001
     0.695969289968E+000     0.374942243532E+001     0.133740610421E-001    -0.241257453230E+001     0.236906966681E+001
     0.705969289968E+000     0.372080686385E+001     0.112197977068E-001    -0.245264705348E+001     0.239359639398E+001
     0.715969289968E+000     0.368979476127E+001     0.766828662162E-002    -0.249628722500E+001     0.241855938401E+001
     0.725969289968E+000     0.367086466686E+001     0.447040049109E-002    -0.252312968468E+001     0.244379072045E+001
     0.735969289968E+000     0.366528803552E+001     0.215113732292E-002    -0.253128210988E+001     0.246910355069E+001
     0.745969289968E+000     0.366159435015E+001     0.759286420425E-003    -0.253637664618E+001     0.249446731829E+001
     0.755969289968E+000     0.366683982910E+001    -0.325176432823E-004    -0.252968962566E+001     0.251976421455E+001
