 #        time                      h  [L]            Darcian flow [L.T^{-1}]   in    x         z              directions   cumulative flux
 #-----------------------------------------------------------------------------------------------

     0.100000000000E-005    -0.280000000000E+003    -0.336307072514E-029    -0.274615564870E-013     0.274615564870E-019
     0.205999994278E-005    -0.280000000000E+003    -0.216367753963E-013    -0.410315583434E-013     0.766316031410E-019
     0.318359982147E-005    -0.280000000000E+003    -0.216367753963E-013    -0.410315583434E-013     0.128751849781E-018
     0.437461562859E-005    -0.280000000000E+003    -0.432735507925E-013    -0.546015601998E-013     0.211730106326E-018
     0.563709231599E-005    -0.280000000000E+003    -0.216367753963E-013    -0.959546713174E-013     0.335912186735E-018
     0.697531753239E-005    -0.280000000000E+003    -0.432735507925E-013    -0.109524673174E-012     0.493506341892E-018
     0.839383618521E-005    -0.280000000000E+003    -0.432735507925E-013    -0.136986229661E-012     0.697288913298E-018
     0.989746587602E-005    -0.280000000000E+003    -0.168153536257E-028    -0.137307782435E-012     0.903748971747E-018
     0.114913132622E-004    -0.280000000000E+003    -0.432735507925E-013    -0.136986229661E-012     0.113271904426E-017
     0.131807914004E-004    -0.280000000000E+003    -0.134522829006E-028    -0.109846225948E-012     0.131830184156E-017
     0.149716381303E-004    -0.280000000000E+003    -0.134522829006E-028    -0.109846225948E-012     0.151501959608E-017
     0.168699355614E-004    -0.280000000000E+003    -0.168153536257E-028    -0.137307782435E-012     0.177567060675E-017
     0.188821307298E-004    -0.280000000000E+003    -0.216367753963E-013    -0.123416227804E-012     0.202779565296E-017
     0.210150574931E-004    -0.280000000000E+003    -0.216367753963E-013    -0.123416227804E-012     0.229504818751E-017
     0.232759597402E-004    -0.280000000000E+003    -0.432735507925E-013    -0.136986229661E-012     0.261984650630E-017
     0.256725159928E-004    -0.280000000000E+003    -0.216367753963E-013    -0.150877784291E-012     0.298513275059E-017
     0.282128654833E-004    -0.280000000000E+003    -0.168153536257E-028    -0.137307782435E-012     0.333394250575E-017
     0.309056357980E-004    -0.280000000000E+003    -0.216367753963E-013    -0.150877784291E-012     0.374437808552E-017
     0.337599721774E-004    -0.280000000000E+003    -0.432735507925E-013    -0.136986229661E-012     0.415442839111E-017
     0.367855685763E-004    -0.280000000000E+003    -0.649103261888E-013    -0.123094675030E-012     0.457547194994E-017
     0.399927005860E-004    -0.280000000000E+003    -0.432735507925E-013    -0.109524673174E-012     0.495315520784E-017
     0.433922603327E-004    -0.280000000000E+003    -0.649103261888E-013    -0.681715620563E-013     0.527316037908E-017
     0.469957934698E-004    -0.280000000000E+003    -0.649103261888E-013    -0.681715620563E-013     0.561236584227E-017
     0.508155383889E-004    -0.280000000000E+003    -0.432735507925E-013    -0.109524673174E-012     0.606219257253E-017
     0.548644677845E-004    -0.280000000000E+003    -0.216367753963E-013    -0.684931148304E-013     0.635302457606E-017
     0.591563327122E-004    -0.280000000000E+003    -0.336307072514E-029    -0.274615564870E-013     0.647088586720E-017
     0.637057092900E-004    -0.280000000000E+003    -0.216367753963E-013    -0.410315583434E-013     0.668191706593E-017
     0.685280482021E-004    -0.280000000000E+003    -0.216367753963E-013    -0.410315583434E-013     0.690561012451E-017
     0.736397271730E-004    -0.280000000000E+003     0.216367753963E-013    -0.413531111176E-013     0.714417990088E-017
     0.790581065897E-004    -0.280000000000E+003     0.649103261888E-013    -0.965977768658E-013     0.777477500705E-017
     0.848015884613E-004    -0.280000000000E+003     0.649103261888E-013    -0.124059333353E-012     0.857894592242E-017
     0.908896789166E-004    -0.280000000000E+003     0.216367753963E-013    -0.178660893553E-012     0.967459696467E-017
     0.973430544509E-004    -0.280000000000E+003    -0.201784243509E-028    -0.164769338922E-012     0.107379153853E-016
     0.104183632148E-003    -0.280000000000E+003    -0.134522829006E-028    -0.109846225948E-012     0.114893270286E-016
     0.111434644115E-003    -0.280000000000E+003     0.216367753963E-013    -0.123737780579E-012     0.124001646334E-016
     0.119120716386E-003    -0.280000000000E+003     0.216367753963E-013    -0.123737780579E-012     0.133656524424E-016
     0.127267952553E-003    -0.280000000000E+003     0.432735507925E-013    -0.165090891696E-012     0.147561258157E-016
     0.135904022424E-003    -0.280000000000E+003     0.432735507925E-013    -0.192552448183E-012     0.164604984675E-016
     0.145058255993E-003    -0.280000000000E+003     0.432735507925E-013    -0.192552448183E-012     0.182671333809E-016
     0.154761743052E-003    -0.280000000000E+003     0.432735507925E-013    -0.192552448183E-012     0.201821662858E-016
     0.165047438780E-003    -0.280000000000E+003     0.216367753963E-013    -0.206122450040E-012     0.223139276435E-016
     0.175950275662E-003    -0.280000000000E+003     0.432735507925E-013    -0.165090891696E-012     0.241746941743E-016
     0.187507282134E-003    -0.280000000000E+003     0.432735507925E-013    -0.137629335209E-012     0.258420475783E-016
     0.199757708333E-003    -0.280000000000E+003     0.216367753963E-013    -0.123737780579E-012     0.273808877991E-016
     0.212743159403E-003    -0.280000000000E+003     0.216367753963E-013    -0.151199337066E-012     0.293642805786E-016
     0.226507736794E-003    -0.280000000000E+003     0.216367753963E-013    -0.123737780579E-012     0.310933212640E-016
     0.241098188040E-003    -0.280000000000E+003     0.216367753963E-013    -0.962762240916E-013     0.325330714313E-016
     0.256564065527E-003    -0.280000000000E+003    -0.134522829006E-028    -0.109846225948E-012     0.342319397042E-016
     0.272957894778E-003    -0.280000000000E+003    -0.100892121754E-028    -0.823846694610E-013     0.355825399082E-016
     0.290335352846E-003    -0.280000000000E+003    -0.100892121754E-028    -0.823846694610E-013     0.370141760472E-016
     0.308755457403E-003    -0.280000000000E+003    -0.100892121754E-028    -0.823846694610E-013     0.385317102727E-016
     0.328280767180E-003    -0.280000000000E+003    -0.216367753963E-013    -0.959546713174E-013     0.404522951143E-016
     0.348977594427E-003    -0.280000000000E+003    -0.100892121754E-028    -0.823846694610E-013     0.421573963859E-016
     0.370916230124E-003    -0.280000000000E+003    -0.216367753963E-013    -0.959546713174E-013     0.443153652810E-016
     0.394171182707E-003    -0.280000000000E+003    -0.216367753963E-013    -0.150877784291E-012     0.478599156254E-016
     0.418821431115E-003    -0.280000000000E+003    -0.432735507925E-013    -0.136986229661E-012     0.514011387149E-016
     0.444950693017E-003    -0.280000000000E+003    -0.432735507925E-013    -0.109524673174E-012     0.544782134134E-016
     0.472647709137E-003    -0.280000000000E+003    -0.216367753963E-013    -0.684931148304E-013     0.564676723304E-016
     0.502006544641E-003    -0.280000000000E+003    -0.134522829006E-028    -0.109846225948E-012     0.596926296086E-016
     0.533126908594E-003    -0.280000000000E+003    -0.216367753963E-013    -0.959546713174E-013     0.627537487385E-016
     0.566114492604E-003    -0.280000000000E+003    -0.432735507925E-013    -0.271400037128E-013     0.644387589211E-016
     0.601081329767E-003    -0.280000000000E+003    -0.432735507925E-013    -0.271400037128E-013     0.662248696182E-016
     0.638146175159E-003    -0.280000000000E+003    -0.432735507925E-013     0.321552774176E-015     0.678288413680E-016
     0.677434909153E-003    -0.280000000000E+003    -0.649103261888E-013    -0.132484490822E-013     0.704316634629E-016
     0.719080964939E-003    -0.280000000000E+003    -0.649103261888E-013    -0.681715620563E-013     0.743518631963E-016
     0.763225781689E-003    -0.280000000000E+003    -0.432735507925E-013    -0.271400037128E-013     0.766067863126E-016
     0.810019284919E-003    -0.280000000000E+003    -0.216367753963E-013     0.138915546306E-013     0.778099576066E-016
     0.859620395664E-003    -0.280000000000E+003    -0.432735507925E-013     0.552446657482E-013     0.812907306320E-016
     0.912197570216E-003    -0.280000000000E+003    -0.216367753963E-013     0.688146676046E-013     0.850834398934E-016
     0.967929372233E-003    -0.280000000000E+003     0.672614145028E-029     0.549231129740E-013     0.881444039518E-016
     0.102700507918E-002    -0.280000000000E+003     0.672614145028E-029     0.549231129740E-013     0.913890256786E-016
     0.108962532517E-002    -0.280000000000E+003    -0.432735507925E-013     0.110167778722E-012     0.988008770500E-016
     0.115600278233E-002    -0.280000000000E+003    -0.432735507925E-013     0.827062222352E-013     0.104996749366E-015
     0.122636288312E-002    -0.280000000000E+003    -0.649103261888E-013     0.178982446327E-012     0.118392556190E-015
     0.130094458593E-002    -0.280000000000E+003    -0.649103261888E-013     0.124059333353E-012     0.128835078263E-015
     0.138000118665E-002    -0.280000000000E+003    -0.216367753963E-013     0.123737780579E-012     0.138765792095E-015
     0.146380117888E-002    -0.280000000000E+003    -0.432735507925E-013     0.827062222352E-013     0.146587936452E-015
     0.155262916586E-002    -0.280000000000E+003    -0.216367753963E-013     0.688146676046E-013     0.152995635833E-015
     0.164678682697E-002    -0.280000000000E+003     0.216367753963E-013     0.410315583434E-013     0.157363312097E-015
     0.174659394236E-002    -0.280000000000E+003     0.649103261888E-013     0.132484490822E-013     0.163975389880E-015
     0.185238947896E-002    -0.280000000000E+003     0.672614145028E-029     0.549231129740E-013     0.169786010089E-015
     0.196453274170E-002    -0.280000000000E+003     0.216367753963E-013     0.135700018564E-013     0.172650156483E-015
     0.208340459379E-002    -0.280000000000E+003     0.216367753963E-013     0.684931148304E-013     0.181188645434E-015
     0.220940875020E-002    -0.280000000000E+003     0.649103261888E-013     0.123094675030E-012     0.198723448974E-015
     0.234297314879E-002    -0.280000000000E+003     0.649103261888E-013     0.956331185433E-013     0.214160999782E-015
     0.248455140365E-002    -0.280000000000E+003     0.865471015851E-013    -0.281046620354E-013     0.227044055288E-015
     0.263462434571E-002    -0.280000000000E+003     0.129820652378E-012    -0.284262148095E-013     0.246988208086E-015
     0.279370165569E-002    -0.280000000000E+003     0.865471015851E-013    -0.281046620354E-013     0.261463607689E-015
     0.296232359518E-002    -0.280000000000E+003     0.216367753963E-013    -0.138915546306E-013     0.265799275317E-015
     0.314106284138E-002    -0.280000000000E+003    -0.108183876981E-012     0.145346601789E-013     0.285309716211E-015
     0.333052643213E-002    -0.280000000000E+003    -0.108183876981E-012     0.419962166660E-013     0.307296827924E-015
     0.353135782749E-002    -0.280000000000E+003    -0.151457427774E-012    -0.949900129949E-013     0.343201558358E-015
     0.374423909507E-002    -0.280000000000E+003    -0.216367753963E-012    -0.108238462077E-012     0.394704119089E-015
     0.396989322653E-002    -0.280000000000E+003    -0.649103261888E-013    -0.681715620563E-013     0.415945248634E-015
     0.420908659296E-002    -0.280000000000E+003    -0.865471015851E-013     0.555662185224E-013     0.440546150243E-015
     0.446263154769E-002    -0.280000000000E+003     0.432735507925E-013    -0.321552774176E-015     0.451518243621E-015
     0.473138918520E-002    -0.280000000000E+003    -0.865471015851E-013    -0.268184509387E-013     0.475869569336E-015
     0.501627226558E-002    -0.280000000000E+003     0.432735507925E-013    -0.137629335209E-012     0.516970244927E-015
     0.531824831448E-002    -0.279999999968E+003     0.145086046543E-007    -0.616251933302E-008     0.476060455327E-011
     0.563834290904E-002    -0.279999999987E+003     0.598670102151E-008    -0.228703727451E-008     0.681198711270E-011
     0.597764316095E-002    -0.280000000014E+003    -0.646444102153E-008     0.291231685570E-008     0.921768541170E-011
     0.633730140856E-002    -0.280000000004E+003    -0.207955375685E-008     0.866156636956E-009     0.100278966351E-010
     0.671853913045E-002    -0.279999993968E+003     0.279583428154E-005    -0.114327042690E-005     0.116157766184E-008
     0.712265109384E-002    -0.279999997698E+003     0.105960489492E-005    -0.382920823911E-006     0.161687949226E-008
     0.755100975191E-002    -0.279999998841E+003     0.492834596671E-006    -0.158840963987E-006     0.183868341990E-008
     0.800506990496E-002    -0.279999999315E+003     0.250110933404E-006    -0.729518419987E-007     0.195698107913E-008
     0.848637364120E-002    -0.280000007950E+003    -0.381602480495E-005     0.151166650318E-005     0.393250754840E-008
     0.899655557408E-002    -0.280000002521E+003    -0.125671344947E-005     0.434347227186E-006     0.461087423323E-008
     0.953734839373E-002    -0.280000001054E+003    -0.508081313473E-006     0.154664005978E-006     0.489808948601E-008
     0.101105887516E-001    -0.280000003816E+003    -0.178970661854E-005     0.653391147677E-006     0.599025450596E-008
     0.107182234982E-001    -0.280000001362E+003    -0.600360709648E-006     0.186513231442E-006     0.637225343828E-008
     0.113623162948E-001    -0.280000000691E+003    -0.255837905061E-006     0.710471392098E-007     0.654327278692E-008
     0.120450546223E-001    -0.280000000431E+003    -0.125667559652E-006     0.338871438896E-007     0.663213551203E-008
     0.127687572104E-001    -0.280000000295E+003    -0.646324233627E-007     0.171207315885E-007     0.668052340359E-008
     0.135358819124E-001    -0.280000000221E+003    -0.365780073374E-007     0.991635375146E-008     0.670959616161E-008
     0.143490340526E-001    -0.280000003159E+003    -0.147416697363E-005     0.514738426461E-006     0.797929200105E-008
     0.152109752747E-001    -0.280000000557E+003    -0.202999168878E-006     0.485104175865E-007     0.815919200531E-008
     0.161246329208E-001    -0.280000000355E+003    -0.917216011902E-007     0.220549262759E-007     0.824538276944E-008
     0.170931099734E-001    -0.280000000248E+003    -0.432041399706E-007     0.104304597819E-007     0.828842710441E-008
     0.181196955938E-001    -0.280000000162E+003    -0.878297295689E-008     0.101875633933E-008     0.829750403017E-008
     0.192078762926E-001    -0.279999999589E+003     0.267240789855E-006    -0.880495079378E-007     0.860368790605E-008
     0.203613477710E-001    -0.279999999996E+003     0.543409345028E-007    -0.145710708665E-007     0.866858288461E-008
     0.215840274722E-001    -0.280000000062E+003     0.124372945035E-007    -0.298763478089E-008     0.868422230375E-008
     0.228800678855E-001    -0.280000000073E+003     0.206256888755E-008    -0.679223189289E-009     0.868703669200E-008
     0.242538706494E-001    -0.280000000436E+003     0.645438423650E-007     0.493161368695E-006     0.937032100386E-008
     0.257101015006E-001    -0.280000000599E+003    -0.169196770378E-006     0.118428571663E-006     0.967107013124E-008
     0.272537061195E-001    -0.280000000380E+003    -0.505985511987E-007     0.362965876992E-009     0.974917629811E-008
     0.288899269272E-001    -0.280000000702E+003    -0.183525832948E-006     0.210089676663E-007     0.100514262234E-007
     0.306243208897E-001    -0.280000000504E+003    -0.490225933654E-007    -0.185924539474E-007     0.101423603186E-007
     0.324627783907E-001    -0.280000000948E+003    -0.250806748687E-006     0.463693783545E-007     0.106112720300E-007
     0.344115432366E-001    -0.280000000613E+003    -0.579347811043E-007     0.682427404277E-008     0.107249538512E-007
     0.364772338618E-001    -0.280000000559E+003    -0.283390910581E-007    -0.512958124661E-008     0.107844449051E-007
     0.386668658063E-001    -0.280000000160E+003     0.177091164566E-006    -0.584491577796E-007     0.111927838744E-007
     0.409878755421E-001    -0.279999991338E+003     0.463868462964E-005    -0.152389725586E-005     0.225253163431E-007
     0.434481457293E-001    -0.279999998990E+003     0.612645860590E-006    -0.144213955578E-006     0.240737874446E-007
     0.460560319869E-001    -0.279999999798E+003     0.120872374557E-006    -0.920289804366E-008     0.243899211809E-007
     0.488203912708E-001    -0.279999999908E+003     0.379353255819E-007     0.617006936735E-008     0.244961660739E-007
     0.517506119535E-001    -0.279999999924E+003     0.189144579589E-007     0.180053126570E-008     0.245518401614E-007
     0.548566457095E-001    -0.279999999755E+003    -0.178418213225E-006    -0.398122408285E-006     0.259069201799E-007
     0.581490413132E-001    -0.279999999899E+003    -0.333693385063E-007    -0.621698673386E-007     0.261392290837E-007
     0.616389804647E-001    -0.279999998632E+003    -0.134837271539E-005    -0.283607829465E-005     0.370986655431E-007
     0.653383157655E-001    -0.279999999722E+003    -0.171651138643E-006    -0.218845460442E-006     0.381275693319E-007
     0.692596109728E-001    -0.280000000263E+003    -0.561513699823E-007     0.282088094319E-006     0.392554218363E-007
     0.734161836681E-001    -0.280000000207E+003    -0.154267612023E-007    -0.486975070956E-008     0.393226632401E-007
     0.778221504872E-001    -0.280000000361E+003    -0.197636364457E-007    -0.168308926178E-007     0.394370386315E-007
     0.824924750635E-001    -0.280000000245E+003     0.871741136063E-007    -0.156560407911E-007     0.398506838163E-007
     0.874430188470E-001    -0.280000000371E+003     0.325035428718E-007     0.224835729575E-007     0.400463393873E-007
     0.926905949743E-001    -0.280000000402E+003    -0.105546353876E-007     0.138565228105E-007     0.401377442033E-007
     0.982530253690E-001    -0.280000000523E+003    -0.277700655077E-007     0.110516814336E-006     0.407715963336E-007
     0.104149201269E+000    -0.280000000475E+003    -0.129376449112E-007    -0.198474994960E-008     0.408487713726E-007
     0.110399147386E+000    -0.280000000531E+003     0.419937787046E-007     0.908601868472E-007     0.414743610397E-007
     0.117024089912E+000    -0.280000000466E+003    -0.370428085066E-008     0.248326135284E-008     0.415039058201E-007
     0.124046528610E+000    -0.280000000425E+003    -0.505134321146E-008    -0.598900285153E-009     0.415396270198E-007
     0.131490313229E+000    -0.280000000391E+003    -0.391422248319E-008    -0.505041859733E-009     0.415690051821E-007
     0.139380724499E+000    -0.280000000362E+003    -0.304230371013E-008    -0.382753588467E-009     0.415931994427E-007
     0.147744559993E+000    -0.280000000338E+003    -0.239984293956E-008    -0.305156583200E-009     0.416134329535E-007
     0.156610225139E+000    -0.280000000317E+003    -0.225074392072E-008    -0.913810237415E-009     0.416349692169E-007
     0.166007829686E+000    -0.280000000187E+003    -0.170524035393E-006    -0.286998012376E-006     0.447722255478E-007
     0.175969289968E+000    -0.280000000315E+003    -0.121543936519E-007    -0.115143202175E-007     0.449390045674E-007
     0.185969289968E+000    -0.280000000318E+003    -0.304122187195E-008    -0.162976344416E-008     0.449735084213E-007
     0.195969289968E+000    -0.280000000305E+003    -0.184561693885E-008    -0.529585207018E-009     0.449927093649E-007
     0.205969289968E+000    -0.280000000291E+003    -0.130523847413E-008    -0.250540604181E-009     0.450060000311E-007
     0.215969289968E+000    -0.280000000279E+003    -0.981119579154E-009    -0.159360050076E-009     0.450159398060E-007
     0.225969289968E+000    -0.280000000526E+003     0.271130215504E-006     0.534007130474E-006     0.510048897069E-007
     0.235969289968E+000    -0.279999997911E+003     0.132930502984E-005    -0.244845199795E-006     0.645215499240E-007
     0.245969289968E+000    -0.280000000095E+003     0.526481380835E-007    -0.586950469058E-008     0.650512930248E-007
     0.255969289968E+000    -0.280000000171E+003     0.321961708690E-008    -0.181155150260E-009     0.650835401198E-007
     0.265969289968E+000    -0.280000000174E+003     0.517292025783E-009     0.447074915317E-009     0.650903772758E-007
     0.275969289968E+000    -0.280000000174E+003     0.740194085748E-010     0.667445281009E-010     0.650913739556E-007
     0.285969289968E+000    -0.280000000174E+003     0.924323044230E-010     0.343266477694E-010     0.650923599601E-007
     0.295969289968E+000    -0.280000000174E+003    -0.601214586448E-008    -0.763578739093E-008     0.651895459400E-007
     0.305969289968E+000    -0.279999999697E+003     0.255214269388E-006    -0.652847919412E-007     0.678238661058E-007
     0.315969289968E+000    -0.280000000151E+003     0.103646212377E-007    -0.180204152226E-008     0.679290672118E-007
     0.325969289968E+000    -0.280000000170E+003     0.931268449145E-009     0.145412299072E-010     0.679383810315E-007
     0.335969289968E+000    -0.280000000172E+003     0.269637494786E-009     0.589061369082E-010     0.679411410009E-007
     0.345969289968E+000    -0.280000000429E+003    -0.465538589500E-007     0.171685663444E-006     0.697199953743E-007
     0.355969289968E+000    -0.280000000405E+003    -0.116573969172E-007    -0.484853488059E-008     0.698462503517E-007
     0.365969289968E+000    -0.280000001774E+003     0.132351729998E-005     0.269501755112E-005     0.998709362689E-007
     0.375969289968E+000    -0.280000000553E+003     0.627053222574E-007     0.852584894701E-007     0.100929282501E-006
     0.385969289968E+000    -0.280000000426E+003    -0.869776732544E-009     0.381141273276E-008     0.100968376463E-006
     0.395969289968E+000    -0.280000001230E+003     0.836307602388E-006     0.166686983347E-005     0.119617412490E-006
     0.405969289968E+000    -0.279999997989E+003     0.131633940799E-005    -0.363591022114E-006     0.133273721905E-006
     0.415969289968E+000    -0.280000000263E+003     0.495686407168E-007    -0.104425193000E-007     0.133780288421E-006
     0.425969289968E+000    -0.280000000353E+003     0.288522072112E-008    -0.925858109589E-009     0.133810589761E-006
     0.435969289968E+000    -0.280000000360E+003    -0.157883549820E-009    -0.239541087716E-009     0.133813458683E-006
     0.445969289968E+000    -0.280000000356E+003    -0.591917263599E-009    -0.105571443167E-009     0.133819471265E-006
     0.455969289968E+000    -0.280000000351E+003    -0.635450455644E-009    -0.714153235390E-010     0.133825865774E-006
     0.465969289968E+000    -0.280000000346E+003    -0.628050678484E-009    -0.520549886578E-010     0.133832167816E-006
     0.475969289968E+000    -0.279999999836E+003     0.292821797680E-006    -0.442593194719E-007     0.136793645362E-006
     0.485969289968E+000    -0.280000000278E+003     0.126344920626E-007     0.443896539779E-009     0.136920068237E-006
     0.495969289968E+000    -0.280000000284E+003     0.163186723515E-008     0.595117751195E-009     0.136937438199E-006
     0.505969289968E+000    -0.280000000284E+003     0.543061425001E-009     0.203285693908E-009     0.136943236826E-006
     0.515969289968E+000    -0.280000000285E+003     0.212256766375E-009     0.619962868333E-010     0.136945448081E-006
     0.525969289968E+000    -0.280000000285E+003     0.696055063635E-010     0.170719092715E-010     0.136946164766E-006
     0.535969289968E+000    -0.280000000372E+003    -0.266385487215E-008     0.733741564522E-007     0.137680389729E-006
     0.545969289968E+000    -0.280000000182E+003    -0.175895602889E-006    -0.327285654429E-006     0.141395967244E-006
     0.555969289968E+000    -0.280000000335E+003    -0.103531321017E-007    -0.115597799487E-007     0.141551149671E-006
     0.565969289968E+000    -0.280000000333E+003    -0.176054113789E-008    -0.648192226204E-009     0.141569910424E-006
     0.575969289968E+000    -0.279999995865E+003     0.112390262868E-005    -0.206296683057E-005     0.165062439582E-006
     0.585969289968E+000    -0.279999999917E+003     0.392268679779E-007    -0.571461870429E-007     0.165755579818E-006
     0.595969289968E+000    -0.280000000038E+003     0.596768229462E-008    -0.601539037899E-009     0.165815559049E-006
     0.605969289968E+000    -0.280000000321E+003     0.299121409121E-006     0.570103177105E-006     0.172253658535E-006
     0.615969289968E+000    -0.280000000075E+003     0.181764924483E-007     0.159003429192E-007     0.172495155074E-006
     0.625969289968E+000    -0.280000000074E+003     0.292068339947E-008     0.172552507799E-008     0.172529078264E-006
     0.635969289968E+000    -0.280000000619E+003     0.313322295128E-006     0.840946949153E-006     0.181503278128E-006
     0.645969289968E+000    -0.280000000291E+003     0.247186960157E-007     0.200430856490E-008     0.181751276351E-006
     0.655969289968E+000    -0.279999999946E+003     0.678561948118E-007    -0.205367169584E-006     0.183914147995E-006
     0.665969289968E+000    -0.279999999507E+003     0.134347022805E-006    -0.229308950158E-006     0.186571810825E-006
     0.675969289968E+000    -0.279999999352E+003    -0.310860962187E-007    -0.204244806605E-006     0.188637780002E-006
     0.685969289968E+000    -0.279999999091E+003     0.233614320369E-006    -0.264792060786E-007     0.190988881851E-006
     0.695969289968E+000    -0.279999999514E+003     0.194598994648E-007    -0.618265549731E-008     0.191193066306E-006
     0.705969289968E+000    -0.279999999617E+003     0.883598307746E-008     0.847521599865E-009     0.191281831665E-006
     0.715969289968E+000    -0.279999999681E+003     0.569265725141E-008     0.665617306602E-009     0.191339146055E-006
     0.725969289968E+000    -0.279999999722E+003     0.505939210733E-008     0.100219582033E-008     0.191390723031E-006
     0.735969289968E+000    -0.279999997323E+003     0.136750733542E-005    -0.267902046827E-006     0.205325743014E-006
     0.745969289968E+000    -0.280000000512E+003    -0.415733025980E-006     0.899003025726E-007     0.209579165322E-006
     0.755969289968E+000    -0.280000000355E+003     0.546743030345E-006     0.110603590085E-005     0.221917087980E-006
