 #        time                      h  [L]            Darcian flow [L.T^{-1}]   in    x         z              directions   cumulative flux
 #-----------------------------------------------------------------------------------------------

     0.100000000000E-005     0.400000000000E+001    -0.190632578458E-012    -0.155663313365E+004     0.155663313365E-002
     0.205999994278E-005     0.400000000000E+001    -0.189108425764E-012    -0.154418748243E+004     0.319347177667E-002
     0.318359982147E-005     0.400000000000E+001    -0.187500537012E-012    -0.153105807440E+004     0.491376844333E-002
     0.437461562859E-005     0.400000000000E+001    -0.185804857633E-012    -0.151721180150E+004     0.672079168167E-002
     0.563709231599E-005     0.400000000000E+001    -0.184017212744E-012    -0.150261457321E+004     0.861780755049E-002
     0.697531753239E-005     0.400000000000E+001    -0.182133315713E-012    -0.148723138655E+004     0.106080580946E-001
     0.839383618521E-005     0.400000000000E+001    -0.180148779321E-012    -0.147102641714E+004     0.126947365061E-001
     0.989746587602E-005     0.400000000000E+001    -0.178059129915E-012    -0.145396313483E+004     0.148809586450E-001
     0.114913132622E-004     0.400000000000E+001    -0.175859825075E-012    -0.143600444796E+004     0.171697305810E-001
     0.131807914004E-004     0.400000000000E+001    -0.173546275349E-012    -0.141711288079E+004     0.195639118124E-001
     0.149716381303E-004     0.400000000000E+001    -0.171113870701E-012    -0.139725078954E+004     0.220661738196E-001
     0.168699355614E-004     0.400000000000E+001    -0.168558012425E-012    -0.137638062291E+004     0.246789536203E-001
     0.188821307298E-004     0.400000000000E+001    -0.165874151363E-012    -0.135446523420E+004     0.274044020203E-001
     0.210150574931E-004     0.400000000000E+001    -0.163057833395E-012    -0.133146825279E+004     0.302443262912E-001
     0.232759597402E-004     0.400000000000E+001    -0.160104753318E-012    -0.130735452401E+004     0.332001270723E-001
     0.256725159928E-004     0.400000000000E+001    -0.157010818342E-012    -0.128209062769E+004     0.362727293825E-001
     0.282128654833E-004     0.400000000000E+001    -0.153772222636E-012    -0.125564548687E+004     0.394625077554E-001
     0.309056357980E-004     0.400000000000E+001    -0.150385534527E-012    -0.122799107981E+004     0.427692056817E-001
     0.337599721774E-004     0.400000000000E+001    -0.146847798127E-012    -0.119910326985E+004     0.461918497676E-001
     0.367855685763E-004     0.400000000000E+001    -0.143156651390E-012    -0.116896276943E+004     0.497286593132E-001
     0.399927005860E-004     0.400000000000E+001    -0.139310462786E-012    -0.113755625608E+004     0.533769523949E-001
     0.433922603327E-004     0.400000000000E+001    -0.135308488948E-012    -0.110487765976E+004     0.571330500121E-001
     0.469957934698E-004     0.400000000000E+001    -0.131151055785E-012    -0.107092964173E+004     0.609921804635E-001
     0.508155383889E-004     0.400000000000E+001    -0.126839765597E-012    -0.103572528573E+004     0.649483868612E-001
     0.548644677845E-004     0.400000000000E+001    -0.122377732571E-012    -0.999290021057E+003     0.689944416023E-001
     0.591563327122E-004     0.400000000000E+001    -0.117769848701E-012    -0.961663793861E+003     0.731217727114E-001
     0.637057092900E-004     0.400000000000E+001    -0.113023081319E-012    -0.922903496726E+003     0.773204082629E-001
     0.685280482021E-004     0.400000000000E+001    -0.108146802013E-012    -0.883085654481E+003     0.815789465773E-001
     0.736397271730E-004     0.400000000000E+001    -0.103153144286E-012    -0.842309344681E+003     0.858845615415E-001
     0.790581065897E-004     0.400000000000E+001    -0.980573834798E-013    -0.800699299978E+003     0.902230541474E-001
     0.848015884613E-004     0.400000000000E+001    -0.928783267121E-013    -0.758409092130E+003     0.945789630194E-001
     0.908896789166E-004     0.400000000000E+001    -0.876386919844E-013    -0.715624227699E+003     0.989357480496E-001
     0.973430544509E-004     0.400000000000E+001    -0.823654436023E-013    -0.672564886951E+003     0.103276061836E+000
     0.104183632148E-003     0.400000000000E+001    -0.770900347318E-013    -0.629487904475E+003     0.107582122756E+000
     0.111434644115E-003     0.400000000000E+001    -0.718484872570E-013    -0.586687421280E+003     0.111836200269E+000
     0.119120716386E-003     0.400000000000E+001    -0.666812152072E-013    -0.544493442955E+003     0.116021216222E+000
     0.127267952553E-003     0.400000000000E+001    -0.616324745835E-013    -0.503267347177E+003     0.120121454155E+000
     0.135904022424E-003     0.400000000000E+001    -0.567493073535E-013    -0.463393260759E+003     0.124123350733E+000
     0.145058255993E-003     0.400000000000E+001    -0.520798542432E-013    -0.425264282563E+003     0.128016319304E+000
     0.154761743052E-003     0.400000000000E+001    -0.476709588207E-013    -0.389262919348E+003     0.131793527004E+000
     0.165047438780E-003     0.400000000000E+001    -0.435650942301E-013    -0.355735990659E+003     0.135452519164E+000
     0.175950275662E-003     0.400000000000E+001    -0.397968229100E-013    -0.324965720220E+003     0.138995567404E+000
     0.187507282134E-003     0.400000000000E+001    -0.363892278105E-013    -0.297140594626E+003     0.142429623179E+000
     0.199757708333E-003     0.400000000000E+001    -0.333509626668E-013    -0.272331276985E+003     0.145765797389E+000
     0.212743159403E-003     0.400000000000E+001    -0.306746476513E-013    -0.250477506434E+003     0.149018360793E+000
     0.226507736794E-003     0.400000000000E+001    -0.283371788390E-013    -0.231390625107E+003     0.152203354960E+000
     0.241098188040E-003     0.400000000000E+001    -0.263021053371E-013    -0.214772988876E+003     0.155336989783E+000
     0.256564065527E-003     0.400000000000E+001    -0.245236790759E-013    -0.200251036405E+003     0.158434047779E+000
     0.272957894778E-003     0.400000000000E+001    -0.229517199562E-013    -0.187415016086E+003     0.161506497551E+000
     0.290335352846E-003     0.400000000000E+001    -0.215362368749E-013    -0.175856719586E+003     0.164562440322E+000
     0.308755457403E-003     0.400000000000E+001    -0.202307803472E-013    -0.165196858076E+003     0.167605383720E+000
     0.328280767180E-003     0.400000000000E+001    -0.189934596058E-013    -0.155093367484E+003     0.170633629765E+000
     0.348977594427E-003     0.400000000000E+001    -0.177834091163E-013    -0.145212555397E+003     0.173639068938E+000
     0.370916230124E-003     0.400000000000E+001    -0.165420202987E-013    -0.135075846442E+003     0.176602448724E+000
     0.394171182707E-003     0.400000000000E+001    -0.149710835708E-013    -0.122248174586E+003     0.179445324228E+000
     0.418821431115E-003     0.400000000000E+001    -0.132199792450E-013    -0.107949322647E+003     0.182106301846E+000
     0.444950693017E-003     0.400000000000E+001    -0.121610208309E-013    -0.993022709846E+002     0.184700996892E+000
     0.472647709137E-003     0.400000000000E+001    -0.114059100780E-013    -0.931363237625E+002     0.187280595153E+000
     0.502006544641E-003     0.400000000000E+001    -0.107928040170E-013    -0.881299328469E+002     0.189867987355E+000
     0.533126908594E-003     0.400000000000E+001    -0.102572328165E-013    -0.837566621138E+002     0.192474525163E+000
     0.566114492604E-003     0.400000000000E+001    -0.977127301913E-014    -0.797884992304E+002     0.195106554984E+000
     0.601081329767E-003     0.400000000000E+001    -0.931901303140E-014    -0.760955161757E+002     0.197767374507E+000
     0.638146175159E-003     0.400000000000E+001    -0.888778448779E-014    -0.725742678948E+002     0.200457328526E+000
     0.677434909153E-003     0.400000000000E+001    -0.846372400797E-014    -0.691115512968E+002     0.203172633881E+000
     0.719080964939E-003     0.400000000000E+001    -0.801493066966E-014    -0.654468755827E+002     0.205898238113E+000
     0.763225781689E-003     0.400000000000E+001    -0.741292985852E-014    -0.605311659140E+002     0.208570375340E+000
     0.810019284919E-003     0.400000000000E+001    -0.704786165760E-014    -0.575501578292E+002     0.211263348836E+000
     0.859620395664E-003     0.400000000000E+001    -0.674372289282E-014    -0.550666763471E+002     0.213994717148E+000
     0.912197570216E-003     0.400000000000E+001    -0.646682884426E-014    -0.528056648559E+002     0.216771089806E+000
     0.967929372233E-003     0.400000000000E+001    -0.620982971976E-014    -0.507071077480E+002     0.219597088296E+000
     0.102700507918E-002     0.400000000000E+001    -0.596979136977E-014    -0.487470458742E+002     0.222476854493E+000
     0.108962532517E-002     0.400000000000E+001    -0.574393553243E-014    -0.469027930047E+002     0.225413918928E+000
     0.115600278233E-002     0.400000000000E+001    -0.552898586809E-014    -0.451475957961E+002     0.228410701534E+000
     0.122636288312E-002     0.400000000000E+001    -0.532144721150E-014    -0.434529140582E+002     0.231468052947E+000
     0.130094458593E-002     0.400000000000E+001    -0.511811743789E-014    -0.417926004579E+002     0.234585016254E+000
     0.138000118665E-002     0.400000000000E+001    -0.491650979765E-014    -0.401463491438E+002     0.237758850148E+000
     0.146380117888E-002     0.400000000000E+001    -0.471497858005E-014    -0.385007218680E+002     0.240985210342E+000
     0.155262916586E-002     0.400000000000E+001    -0.451233473562E-014    -0.368460093046E+002     0.244258167177E+000
     0.164678682697E-002     0.400000000000E+001    -0.430629995074E-014    -0.351636076111E+002     0.247569090225E+000
     0.174659394236E-002     0.400000000000E+001    -0.408495916765E-014    -0.333562229575E+002     0.250898278619E+000
     0.185238947896E-002     0.400000000000E+001    -0.378259095711E-014    -0.308871991479E+002     0.254166006427E+000
     0.196453274170E-002     0.400000000000E+001    -0.359910564904E-014    -0.293889279060E+002     0.257461776691E+000
     0.208340459379E-002     0.400000000000E+001    -0.342985361852E-014    -0.280068801952E+002     0.260791006411E+000
     0.220940875020E-002     0.400000000000E+001    -0.322332743390E-014    -0.263204659184E+002     0.264107494515E+000
     0.234297314879E-002     0.400000000000E+001    -0.296722348926E-014    -0.242292185088E+002     0.267343655514E+000
     0.248455140365E-002     0.400000000000E+001    -0.287746467540E-014    -0.234962821722E+002     0.270670218139E+000
     0.263462434571E-002     0.400000000000E+001    -0.278830627432E-014    -0.227682485780E+002     0.274087116189E+000
     0.279370165569E-002     0.400000000000E+001    -0.270338091400E-014    -0.220747803847E+002     0.277598712871E+000
     0.296232359518E-002     0.400000000000E+001    -0.262207685784E-014    -0.214108823839E+002     0.281209057385E+000
     0.314106284138E-002     0.400000000000E+001    -0.254404661339E-014    -0.207737170845E+002     0.284922135917E+000
     0.333052643213E-002     0.400000000000E+001    -0.246921120110E-014    -0.201626395694E+002     0.288742222009E+000
     0.353135782749E-002     0.400000000000E+001    -0.239767508088E-014    -0.195785028185E+002     0.292674200049E+000
     0.374423909507E-002     0.400000000000E+001    -0.232971593452E-014    -0.190235742758E+002     0.296723962655E+000
     0.396989322653E-002     0.400000000000E+001    -0.226610541384E-014    -0.185041549565E+002     0.300899501670E+000
     0.420908659296E-002     0.400000000000E+001    -0.221078058052E-014    -0.180523934089E+002     0.305217514422E+000
     0.446263154769E-002     0.400000000000E+001    -0.216727449104E-014    -0.176971392286E+002     0.309704534786E+000
     0.473138918520E-002     0.400000000000E+001    -0.209920414657E-014    -0.171413026844E+002     0.314311390799E+000
     0.501627226558E-002     0.400000000000E+001    -0.203389081543E-014    -0.166079788625E+002     0.319042722977E+000
     0.531824831448E-002     0.400000000000E+001    -0.197303724995E-014    -0.161110717909E+002     0.323907880780E+000
     0.563834290904E-002     0.400000000000E+001    -0.192167074372E-014    -0.156916324369E+002     0.328930687502E+000
     0.597764316095E-002     0.400000000000E+001    -0.186269437526E-014    -0.152100538421E+002     0.334091462603E+000
     0.633730140856E-002     0.400000000000E+001    -0.180571843970E-014    -0.147448100216E+002     0.339394555137E+000
     0.671853913045E-002     0.400000000000E+001    -0.175146749435E-014    -0.143018174347E+002     0.344846947434E+000
     0.712265109384E-002     0.400000000000E+001    -0.169973265129E-014    -0.138793703823E+002     0.350455767050E+000
     0.755100975191E-002     0.400000000000E+001    -0.165059792480E-014    -0.134781548929E+002     0.356229251393E+000
     0.800506990496E-002     0.400000000000E+001    -0.160806658941E-014    -0.131308601838E+002     0.362191451778E+000
     0.848637364120E-002     0.400000000000E+001    -0.156295036519E-014    -0.127624582556E+002     0.368334070620E+000
     0.899655557408E-002     0.400000000000E+001    -0.151779753356E-014    -0.123937574051E+002     0.374657141728E+000
     0.953734839373E-002     0.400000000000E+001    -0.148114271303E-014    -0.120944480814E+002     0.381197732409E+000
     0.101105887516E-001     0.400000000000E+001    -0.143779939390E-014    -0.117405230218E+002     0.387927874027E+000
     0.107182234982E-001     0.400000000000E+001    -0.139544773010E-014    -0.113946954425E+002     0.394851686905E+000
     0.113623162948E-001     0.400000000000E+001    -0.135530453813E-014    -0.110669014043E+002     0.401979798380E+000
     0.120450546223E-001     0.400000000000E+001    -0.131967116487E-014    -0.107759328305E+002     0.409336940738E+000
     0.127687572104E-001     0.400000000000E+001    -0.128812190030E-014    -0.105183135349E+002     0.416949071466E+000
     0.135358819124E-001     0.400000000000E+001    -0.124974530617E-014    -0.102049448628E+002     0.424777536753E+000
     0.143490340526E-001     0.400000000000E+001    -0.121657464554E-014    -0.993408586370E+001     0.432855459934E+000
     0.152109752747E-001     0.400000000000E+001    -0.117906922001E-014    -0.962783082297E+001     0.441154084200E+000
     0.161246329208E-001     0.400000000000E+001    -0.114354281146E-014    -0.933773568229E+001     0.449685577803E+000
     0.170931099734E-001     0.400000000000E+001    -0.111040774599E-014    -0.906716733969E+001     0.458466921304E+000
     0.181196955938E-001     0.400000000000E+001    -0.107853898841E-014    -0.880693918572E+001     0.467507998431E+000
     0.192078762926E-001     0.400000000000E+001    -0.105079215498E-014    -0.858036909669E+001     0.476844990470E+000
     0.203613477710E-001     0.400000000000E+001    -0.102238201510E-014    -0.834838269946E+001     0.486474611806E+000
     0.215840274722E-001     0.400000000000E+001    -0.992598959773E-015    -0.810518559690E+001     0.496384657709E+000
     0.228800678855E-001     0.400000000000E+001    -0.964207838896E-015    -0.787335450162E+001     0.506588843331E+000
     0.242538706494E-001     0.400000000000E+001    -0.939522033051E-015    -0.767177959968E+001     0.517128355350E+000
     0.257101015006E-001     0.400000000000E+001    -0.916397072458E-015    -0.748294996644E+001     0.528025257948E+000
     0.272537061195E-001     0.400000000000E+001    -0.889145022873E-015    -0.726042009412E+001     0.539232475941E+000
     0.288899269272E-001     0.400000000000E+001    -0.865126826514E-015    -0.706429663734E+001     0.550791225091E+000
     0.306243208897E-001     0.400000000000E+001    -0.839305232578E-015    -0.685344732181E+001     0.562677802748E+000
     0.324627783907E-001     0.400000000000E+001    -0.814631518558E-015    -0.665197115711E+001     0.574907169019E+000
     0.344115432366E-001     0.400000000000E+001    -0.792038842387E-015    -0.646748795602E+001     0.587510782189E+000
     0.364772338618E-001     0.400000000000E+001    -0.769372342342E-015    -0.628240193726E+001     0.600488280974E+000
     0.386668658063E-001     0.400000000000E+001    -0.749707333977E-015    -0.612182495801E+001     0.613892824460E+000
     0.409878755421E-001     0.400000000000E+001    -0.727587510871E-015    -0.594120289522E+001     0.627682414223E+000
     0.434481457293E-001     0.400000000000E+001    -0.705939130800E-015    -0.576443045694E+001     0.641864470622E+000
     0.460560319869E-001     0.400000000000E+001    -0.686803728019E-015    -0.560817803548E+001     0.656489961051E+000
     0.488203912708E-001     0.400000000000E+001    -0.667502682694E-015    -0.545057303999E+001     0.671557303237E+000
     0.517506119535E-001     0.400000000000E+001    -0.644563851819E-015    -0.526326327124E+001     0.686979826133E+000
     0.548566457095E-001     0.400000000000E+001    -0.620264574177E-015    -0.506484461159E+001     0.702711404465E+000
     0.581490413132E-001     0.400000000000E+001    -0.593126603306E-015    -0.484324626267E+001     0.718657287168E+000
     0.616389804647E-001     0.400000000000E+001    -0.564541852923E-015    -0.460983406249E+001     0.734745327544E+000
     0.653383157655E-001     0.400000000000E+001    -0.535206103454E-015    -0.437028948940E+001     0.750912493727E+000
     0.692596109728E-001     0.400000000000E+001    -0.500698997938E-015    -0.408851758961E+001     0.766944778156E+000
     0.734161836681E-001     0.400000000000E+001    -0.460183399600E-015    -0.375768262262E+001     0.782563859143E+000
     0.778221504872E-001     0.400000000000E+001    -0.415452059573E-015    -0.339242351233E+001     0.797510764575E+000
     0.824924750635E-001     0.400000000000E+001    -0.368168110527E-015    -0.300632076761E+001     0.811551258340E+000
     0.874430188470E-001     0.400000000000E+001    -0.320921715606E-015    -0.262052467560E+001     0.824524280482E+000
     0.926905949743E-001     0.400000000000E+001    -0.280665782071E-015    -0.229181003262E+001     0.836550728098E+000
     0.982530253690E-001     0.400000000000E+001    -0.258387393614E-015    -0.210989318548E+001     0.848286862082E+000
     0.104149201269E+000     0.400000000000E+001    -0.262068410866E-015    -0.213995097238E+001     0.860904389433E+000
     0.110399147386E+000     0.400000000000E+001    -0.279773954359E-015    -0.228452770672E+001     0.875182564502E+000
     0.117024089912E+000     0.400000000000E+001    -0.289484230917E-015    -0.236381813204E+001     0.890842723769E+000
     0.124046528610E+000     0.400000000000E+001    -0.290233402437E-015    -0.236993558174E+001     0.907485451111E+000
     0.131490313229E+000     0.400000000000E+001    -0.288577223132E-015    -0.235641185143E+001     0.925026073406E+000
     0.139380724499E+000     0.400000000000E+001    -0.282143720662E-015    -0.230387831706E+001     0.943204620843E+000
     0.147744559993E+000     0.400000000000E+001    -0.273097916534E-015    -0.223001372089E+001     0.961856088755E+000
     0.156610225139E+000     0.400000000000E+001    -0.263325282058E-015    -0.215021410452E+001     0.980919166997E+000
     0.166007829686E+000     0.400000000000E+001    -0.254864226454E-015    -0.208112434239E+001     0.100047675058E+001
     0.175969289968E+000     0.400000000000E+001    -0.252668163336E-015    -0.206319212619E+001     0.102102915700E+001
     0.185969289968E+000     0.400000000000E+001    -0.257595595215E-015    -0.210342766089E+001     0.104206343361E+001
     0.195969289968E+000     0.400000000000E+001    -0.262976752669E-015    -0.214736814609E+001     0.106353711507E+001
     0.205969289968E+000     0.400000000000E+001    -0.265265611394E-015    -0.216605809593E+001     0.108519769603E+001
     0.215969289968E+000     0.400000000000E+001    -0.265213692459E-015    -0.216563414564E+001     0.110685403748E+001
     0.225969289968E+000     0.400000000000E+001    -0.263268868541E-015    -0.214975345319E+001     0.112835157202E+001
     0.235969289968E+000     0.400000000000E+001    -0.260518162387E-015    -0.212729223290E+001     0.114962449435E+001
     0.245969289968E+000     0.400000000000E+001    -0.257138463007E-015    -0.209969489314E+001     0.117062144328E+001
     0.255969289968E+000     0.400000000000E+001    -0.253657535382E-015    -0.207127096203E+001     0.119133415290E+001
     0.265969289968E+000     0.400000000000E+001    -0.249640271210E-015    -0.203846751066E+001     0.121171882800E+001
     0.275969289968E+000     0.400000000000E+001    -0.247070435645E-015    -0.201748321081E+001     0.123189366011E+001
     0.285969289968E+000     0.400000000000E+001    -0.246827665765E-015    -0.201550084430E+001     0.125204866856E+001
     0.295969289968E+000     0.400000000000E+001    -0.248254432569E-015    -0.202715127938E+001     0.127232018135E+001
     0.305969289968E+000     0.400000000000E+001    -0.249984587535E-015    -0.204127906682E+001     0.129273297202E+001
     0.315969289968E+000     0.400000000000E+001    -0.249890102570E-015    -0.204050753854E+001     0.131313804740E+001
     0.325969289968E+000     0.400000000000E+001    -0.249211980474E-015    -0.203497025140E+001     0.133348774992E+001
     0.335969289968E+000     0.400000000000E+001    -0.248494129989E-015    -0.202910855736E+001     0.135377883549E+001
     0.345969289968E+000     0.400000000000E+001    -0.246813667158E-015    -0.201538653700E+001     0.137393270086E+001
     0.355969289968E+000     0.400000000000E+001    -0.245328696101E-015    -0.200326082812E+001     0.139396530914E+001
     0.365969289968E+000     0.400000000000E+001    -0.244109260332E-015    -0.199330337940E+001     0.141389834294E+001
     0.375969289968E+000     0.400000000000E+001    -0.243502207224E-015    -0.198834641460E+001     0.143378180708E+001
     0.385969289968E+000     0.400000000000E+001    -0.244204004850E-015    -0.199407702711E+001     0.145372257735E+001
     0.395969289968E+000     0.400000000000E+001    -0.244459485000E-015    -0.199616318084E+001     0.147368420916E+001
     0.405969289968E+000     0.400000000000E+001    -0.244781346819E-015    -0.199879138205E+001     0.149367212298E+001
     0.415969289968E+000     0.400000000000E+001    -0.244872694982E-015    -0.199953729640E+001     0.151366749595E+001
     0.425969289968E+000     0.400000000000E+001    -0.244394952669E-015    -0.199563623438E+001     0.153362385829E+001
     0.435969289968E+000     0.400000000000E+001    -0.242777635603E-015    -0.198242983832E+001     0.155344815667E+001
     0.445969289968E+000     0.400000000000E+001    -0.241476084706E-015    -0.197180186870E+001     0.157316617536E+001
     0.455969289968E+000     0.400000000000E+001    -0.240281899489E-015    -0.196205060640E+001     0.159278668142E+001
     0.465969289968E+000     0.400000000000E+001    -0.239448782153E-015    -0.195524768708E+001     0.161233915829E+001
     0.475969289968E+000     0.400000000000E+001    -0.239230959608E-015    -0.195346903102E+001     0.163187384860E+001
     0.485969289968E+000     0.400000000000E+001    -0.239277000985E-015    -0.195384498740E+001     0.165141229848E+001
     0.495969289968E+000     0.400000000000E+001    -0.239788846743E-015    -0.195802452519E+001     0.167099254373E+001
     0.505969289968E+000     0.400000000000E+001    -0.239611100396E-015    -0.195657311613E+001     0.169055827489E+001
     0.515969289968E+000     0.400000000000E+001    -0.239164147629E-015    -0.195292346981E+001     0.171008750959E+001
     0.525969289968E+000     0.400000000000E+001    -0.238618778056E-015    -0.194847018930E+001     0.172957221148E+001
     0.535969289968E+000     0.400000000000E+001    -0.237907743812E-015    -0.194266415409E+001     0.174899885302E+001
     0.545969289968E+000     0.400000000000E+001    -0.236940874038E-015    -0.193476906323E+001     0.176834654366E+001
     0.555969289968E+000     0.400000000000E+001    -0.235920918601E-015    -0.192644049505E+001     0.178761094861E+001
     0.565969289968E+000     0.400000000000E+001    -0.235218209442E-015    -0.192070243932E+001     0.180681797300E+001
     0.575969289968E+000     0.400000000000E+001    -0.233825087875E-015    -0.190932673844E+001     0.182591124038E+001
     0.585969289968E+000     0.400000000000E+001    -0.233243939646E-015    -0.190458130302E+001     0.184495705341E+001
     0.595969289968E+000     0.400000000000E+001    -0.232807864176E-015    -0.190102047658E+001     0.186396725818E+001
     0.605969289968E+000     0.400000000000E+001    -0.233158091738E-015    -0.190388030165E+001     0.188300606120E+001
     0.615969289968E+000     0.400000000000E+001    -0.233411489119E-015    -0.190594944829E+001     0.190206555568E+001
     0.625969289968E+000     0.400000000000E+001    -0.233773363899E-015    -0.190890438011E+001     0.192115459948E+001
     0.635969289968E+000     0.400000000000E+001    -0.234228821710E-015    -0.191262347538E+001     0.194028083423E+001
     0.645969289968E+000     0.400000000000E+001    -0.234509953037E-015    -0.191491908687E+001     0.195943002510E+001
     0.655969289968E+000     0.400000000000E+001    -0.234652681718E-015    -0.191608455501E+001     0.197859087065E+001
     0.665969289968E+000     0.400000000000E+001    -0.234601793855E-015    -0.191566902407E+001     0.199774756089E+001
     0.675969289968E+000     0.400000000000E+001    -0.233716367865E-015    -0.190843897218E+001     0.201683195062E+001
     0.685969289968E+000     0.400000000000E+001    -0.232796018565E-015    -0.190092374983E+001     0.203584118811E+001
     0.695969289968E+000     0.400000000000E+001    -0.232110977669E-015    -0.189532996641E+001     0.205479448778E+001
     0.705969289968E+000     0.400000000000E+001    -0.231005027147E-015    -0.188629919506E+001     0.207365747973E+001
     0.715969289968E+000     0.400000000000E+001    -0.229867671153E-015    -0.187701197858E+001     0.209242759951E+001
     0.725969289968E+000     0.400000000000E+001    -0.228826228482E-015    -0.186850795381E+001     0.211111267905E+001
     0.735969289968E+000     0.400000000000E+001    -0.228395567706E-015    -0.186499134171E+001     0.212976259247E+001
     0.745969289968E+000     0.400000000000E+001    -0.228059222182E-015    -0.186224487208E+001     0.214838504119E+001
     0.755969289968E+000     0.400000000000E+001    -0.228298480669E-015    -0.186419856588E+001     0.216702702685E+001
