 #        time                      h  [L]            Darcian flow [L.T^{-1}]   in    x         z              directions   cumulative flux
 #-----------------------------------------------------------------------------------------------

     0.100000000000E-005    -0.278500000000E+003     0.340883021368E-013     0.372812568180E-013     0.505163780620E-019
     0.205999994278E-005    -0.278500000000E+003    -0.681658704799E-013     0.186495510827E-015     0.122772467294E-018
     0.318359982147E-005    -0.278500000000E+003    -0.681766042735E-013    -0.745625136361E-013     0.236292859819E-018
     0.437461562859E-005    -0.278500000000E+003    -0.443147927778E-012    -0.484656338634E-012     0.101844832209E-017
     0.563709231599E-005    -0.278500000000E+003    -0.187492102028E-011    -0.249896317987E-011     0.496258103831E-017
     0.697531753239E-005    -0.278500000000E+003    -0.807919595125E-011    -0.107043830945E-010     0.229096343509E-016
     0.839383618521E-005    -0.278500000000E+003    -0.303395978783E-010    -0.402067254279E-010     0.943595045953E-016
     0.989746587602E-005    -0.278500000000E+003    -0.103086739554E-009    -0.138601677783E-009     0.354088634226E-015
     0.114913132622E-004    -0.278500000000E+003    -0.325862574262E-009    -0.443379380572E-009     0.123109827762E-014
     0.131807914004E-004    -0.278499999999E+003    -0.967328957858E-009    -0.133154906596E-008     0.401168789302E-014
     0.149716381303E-004    -0.278499999997E+003    -0.271988613315E-008    -0.378831481914E-008     0.123634701010E-013
     0.168699355614E-004    -0.278499999992E+003    -0.729270520718E-008    -0.102810633338E-007     0.362913426208E-013
     0.188821307298E-004    -0.278499999979E+003    -0.187428177211E-007    -0.267563054426E-007     0.102025576484E-012
     0.210150574931E-004    -0.278499999946E+003    -0.463721876475E-007    -0.670607052881E-007     0.275928027884E-012
     0.232759597402E-004    -0.278499999869E+003    -0.110826445919E-006    -0.162433892736E-006     0.720511736665E-012
     0.256725159928E-004    -0.278499999690E+003    -0.256573559477E-006    -0.381314399858E-006     0.182196508722E-011
     0.282128654833E-004    -0.278499999289E+003    -0.576727006700E-006    -0.869575047153E-006     0.447267681717E-011
     0.309056357980E-004    -0.278499998412E+003    -0.126111165494E-005    -0.193017520636E-005     0.106812375896E-010
     0.337599721774E-004    -0.278499996540E+003    -0.268696007575E-005    -0.417698369172E-005     0.248575362756E-010
     0.367855685763E-004    -0.278499992637E+003    -0.558572802575E-005    -0.882476776543E-005     0.564568285190E-010
     0.399927005860E-004    -0.278499984675E+003    -0.113423512346E-004    -0.182231589230E-004     0.125296888222E-009
     0.433922603327E-004    -0.278499968778E+003    -0.225189452500E-004    -0.368173279871E-004     0.272015307198E-009
     0.469957934698E-004    -0.278499937682E+003    -0.437489062565E-004    -0.728371657856E-004     0.578193068991E-009
     0.508155383889E-004    -0.278499878047E+003    -0.832260029970E-004    -0.141200339503E-003     0.120425967222E-008
     0.548644677845E-004    -0.278499765864E+003    -0.155123078623E-003    -0.268388813385E-003     0.245939986440E-008
     0.591563327122E-004    -0.278499558753E+003    -0.283421989972E-003    -0.500454189875E-003     0.492780963034E-008
     0.637057092900E-004    -0.278499183340E+003    -0.507822352386E-003    -0.915857417249E-003     0.969202649792E-008
     0.685280482021E-004    -0.278498515002E+003    -0.892616077045E-003    -0.164558159191E-002     0.187198548266E-007
     0.736397271730E-004    -0.278497346067E+003    -0.153964989552E-002    -0.290388671848E-002     0.355209412018E-007
     0.790581065897E-004    -0.278495336961E+003    -0.260671339547E-002    -0.503418655378E-002     0.662379386461E-007
     0.848015884613E-004    -0.278491942854E+003    -0.433282654959E-002    -0.857575432195E-002     0.121422294047E-006
     0.908896789166E-004    -0.278486306007E+003    -0.707187173108E-002    -0.143581672107E-001     0.218863762360E-006
     0.973430544509E-004    -0.278477101487E+003    -0.113357078779E-001    -0.236313466783E-001     0.388003622755E-006
     0.104183632148E-003    -0.278462321458E+003    -0.178471850882E-001    -0.382394030817E-001     0.676670649305E-006
     0.111434644115E-003    -0.278438981278E+003    -0.276022055048E-001    -0.608458055813E-001     0.116113885180E-005
     0.119120716386E-003    -0.278402729896E+003    -0.419380216200E-001    -0.952151513380E-001     0.196081262662E-005
     0.127267952553E-003    -0.278347348499E+003    -0.626022321179E-001    -0.146552459892E+000     0.325918310845E-005
     0.135904022424E-003    -0.278264126168E+003    -0.918133964447E-001    -0.221893990895E+000     0.533303855850E-005
     0.145058255993E-003    -0.278141111005E+003    -0.132299906621E+000    -0.330533769645E+000     0.859220075976E-005
     0.154761743052E-003    -0.277962251302E+003    -0.187298941406E+000    -0.484457294888E+000     0.136322237354E-004
     0.165047438780E-003    -0.277706465222E+003    -0.260492440592E+000    -0.698738714518E+000     0.213024298873E-004
     0.175950275662E-003    -0.277346709877E+003    -0.355852940495E+000    -0.991841069622E+000     0.327912474860E-004
     0.187507282134E-003    -0.276849160744E+003    -0.477370319152E+000    -0.138574271951E+001     0.497299135256E-004
     0.199757708333E-003    -0.276172656572E+003    -0.628633438659E+000    -0.190579933274E+001     0.743140836457E-004
     0.212743159403E-003    -0.275268605574E+003    -0.812251798443E+000    -0.258024343793E+001     0.109440650920E-003
     0.226507736794E-003    -0.274081573142E+003    -0.102912574089E+001    -0.343922711955E+001     0.158854109136E-003
     0.241098188040E-003    -0.272550762279E+003    -0.127761293064E+001    -0.451333354983E+001     0.227293240256E-003
     0.256564065527E-003    -0.270612418228E+003    -0.155298257178E+001    -0.583101726441E+001     0.320618652502E-003
     0.272957894778E-003    -0.268203803791E+003    -0.184553642620E+001    -0.741823624412E+001     0.445938978495E-003
     0.290335352846E-003    -0.265267304670E+003    -0.214223388175E+001    -0.929183676860E+001     0.611643220878E-003
     0.308755457403E-003    -0.261755523750E+003    -0.242570365547E+001    -0.114591665261E+002     0.827399609251E-003
     0.328280767180E-003    -0.257636304415E+003    -0.267573959554E+001    -0.139143974504E+002     0.110406025375E-002
     0.348977594427E-003    -0.252896938118E+003    -0.287130487482E+001    -0.166363373174E+002     0.145347033576E-002
     0.370916230124E-003    -0.247546622921E+003    -0.299355349430E+001    -0.195873985525E+002     0.188818070389E-002
     0.394171182707E-003    -0.241618047144E+003    -0.302763244744E+001    -0.227145395052E+002     0.242107790700E-002
     0.418821431115E-003    -0.235165339797E+003    -0.296550048625E+001    -0.259519481376E+002     0.306496287653E-002
     0.444950693017E-003    -0.228260319270E+003    -0.280951715241E+001    -0.292240437643E+002     0.383208619834E-002
     0.472647709137E-003    -0.220988767235E+003    -0.256836860223E+001    -0.324523430599E+002     0.473372982920E-002
     0.502006544641E-003    -0.213443891784E+003    -0.225857547696E+001    -0.355605770619E+002     0.577985060401E-002
     0.533126908594E-003    -0.205720789586E+003    -0.190187870156E+001    -0.384803564312E+002     0.697883506175E-002
     0.566114492604E-003    -0.197911322349E+003    -0.151982945258E+001    -0.411549608826E+002     0.833736321375E-002
     0.601081329767E-003    -0.190099625168E+003    -0.113348928375E+001    -0.435427482940E+002     0.986043119165E-002
     0.638146175159E-003    -0.182359247967E+003    -0.760951120582E+000    -0.456174464027E+002     0.115514700153E-001
     0.677434909153E-003    -0.174751980883E+003    -0.415369597970E+000    -0.473668146522E+002     0.134125237489E-001
     0.719080964939E-003    -0.167327060031E+003    -0.106654993423E+000    -0.487914368287E+002     0.154444995036E-001
     0.763225781689E-003    -0.160121366058E+003     0.162308072745E+000    -0.499041580985E+002     0.176475210697E-001
     0.810019284919E-003    -0.153161147876E+003     0.388771468181E+000    -0.507215316450E+002     0.200210289426E-001
     0.859620395664E-003    -0.146464060507E+003     0.573869059997E+000    -0.512663403021E+002     0.225640556748E-001
     0.912197570216E-003    -0.140042087662E+003     0.719331378829E+000    -0.515611520645E+002     0.252752591711E-001
     0.967929372233E-003    -0.133895305129E+003     0.831177752872E+000    -0.516390744352E+002     0.281535706253E-001
     0.102700507918E-002    -0.128023390304E+003     0.913287199246E+000    -0.515257358273E+002     0.311979680136E-001
     0.108962532517E-002    -0.122422284811E+003     0.968365796814E+000    -0.512430024414E+002     0.344073903467E-001
     0.115600278233E-002    -0.117085543152E+003     0.100227611866E+001    -0.508161694919E+002     0.377810944865E-001
     0.122636288312E-002    -0.111990369168E+003     0.101370063813E+001    -0.502773802281E+002     0.413193349777E-001
     0.130094458593E-002    -0.107141070773E+003     0.101706174153E+001    -0.496321449676E+002     0.450217619841E-001
     0.138000118665E-002    -0.102526757999E+003     0.100572035766E+001    -0.488990965856E+002     0.488883758911E-001
     0.146380117888E-002    -0.981528391860E+002     0.989465432183E+000    -0.480850035778E+002     0.529187518383E-001
     0.155262916586E-002    -0.939776555436E+002     0.961840088801E+000    -0.472299396699E+002     0.571149621917E-001
     0.164678682697E-002    -0.900041000569E+002     0.933855310420E+000    -0.463239517151E+002     0.614776033454E-001
     0.174659394236E-002    -0.862256295632E+002     0.900213376400E+000    -0.453811663267E+002     0.660078577035E-001
     0.185238947896E-002    -0.826277573166E+002     0.863186511862E+000    -0.444147315326E+002     0.707076253756E-001
     0.196453274170E-002    -0.792226593356E+002     0.823854306783E+000    -0.434318272508E+002     0.755790883775E-001
     0.208340459379E-002    -0.759701093428E+002     0.786072730624E+000    -0.424438511669E+002     0.806253327874E-001
     0.220940875020E-002    -0.728575744177E+002     0.744726266377E+000    -0.414487153657E+002     0.858488861521E-001
     0.234297314879E-002    -0.698809795529E+002     0.709647420384E+000    -0.404446869740E+002     0.912516879225E-001
     0.248455140365E-002    -0.670502508565E+002     0.670253467861E+000    -0.394515907659E+002     0.968379813202E-001
     0.263462434571E-002    -0.643578457850E+002     0.636210551384E+000    -0.384765558486E+002     0.102613060568E+000
     0.279370165569E-002    -0.617650421601E+002     0.600063547260E+000    -0.374865728735E+002     0.108577087698E+000
     0.296232359518E-002    -0.592965265800E+002     0.564546474972E+000    -0.365295319446E+002     0.114737503776E+000
     0.314106284138E-002    -0.569328757133E+002     0.531529043172E+000    -0.355728664012E+002     0.121096480844E+000
     0.333052643213E-002    -0.546741522303E+002     0.501338406186E+000    -0.346315628508E+002     0.127658588579E+000
     0.353135782749E-002    -0.525109462532E+002     0.469393597800E+000    -0.337124406377E+002     0.134429761317E+000
     0.374423909507E-002    -0.504397906955E+002     0.439486242688E+000    -0.328075243309E+002     0.141414495304E+000
     0.396989322653E-002    -0.484536942393E+002     0.412016398963E+000    -0.319178885079E+002     0.148617498766E+000
     0.420908659296E-002    -0.465526405158E+002     0.385057835822E+000    -0.310491162008E+002     0.156044812486E+000
     0.446263154769E-002    -0.447327426720E+002     0.362412964857E+000    -0.302018085942E+002     0.163702879973E+000
     0.473138918520E-002    -0.429871168946E+002     0.342861160555E+000    -0.293769032341E+002     0.171598684792E+000
     0.501627226558E-002    -0.413107948576E+002     0.322626199953E+000    -0.285652644350E+002     0.179736964336E+000
     0.531824831448E-002    -0.396984219479E+002     0.298208310280E+000    -0.277697373492E+002     0.188123243401E+000
     0.563834290904E-002    -0.381486649025E+002     0.280308756625E+000    -0.269992337003E+002     0.196766017922E+000
     0.597764316095E-002    -0.366608828421E+002     0.259955312590E+000    -0.262432413387E+002     0.205670793160E+000
     0.633730140856E-002    -0.352327117288E+002     0.244686711881E+000    -0.255127947993E+002     0.214847102230E+000
     0.671853913045E-002    -0.338570822187E+002     0.228464465226E+000    -0.247963432745E+002     0.224300804893E+000
     0.712265109384E-002    -0.325325048634E+002     0.216120986732E+000    -0.240997921928E+002     0.234040210834E+000
     0.755100975191E-002    -0.312524441174E+002     0.201692800726E+000    -0.234165365613E+002     0.244071259084E+000
     0.800506990496E-002    -0.300087000967E+002     0.192944845043E+000    -0.227551923759E+002     0.254403856634E+000
     0.848637364120E-002    -0.288090933644E+002     0.185759470773E+000    -0.220951676855E+002     0.265038719219E+000
     0.899655557408E-002    -0.275683250191E+002     0.170368043451E+000    -0.214421896405E+002     0.275978482274E+000
     0.953734839373E-002    -0.264425698487E+002     0.161474963507E+000    -0.207767826936E+002     0.287214756504E+000
     0.101105887516E-001    -0.252595615000E+002     0.152789123874E+000    -0.201160197481E+002     0.298746403480E+000
     0.107182234982E-001    -0.240716447537E+002     0.144408872658E+000    -0.194248053350E+002     0.310549916312E+000
     0.113623162948E-001    -0.227176245591E+002     0.127148799052E+000    -0.186781187785E+002     0.322580636814E+000
     0.120450546223E-001    -0.213552244257E+002     0.115430278077E+000    -0.178776259184E+002     0.334786631653E+000
     0.127687572104E-001    -0.198971061173E+002     0.998897664504E-001    -0.170033179454E+002     0.347092189198E+000
     0.135358819124E-001    -0.183061576414E+002     0.864967959774E-001    -0.160325503204E+002     0.359391333575E+000
     0.143490340526E-001    -0.165404503454E+002     0.726358197019E-001    -0.149405873445E+002     0.371540447724E+000
     0.152109752747E-001    -0.145458848969E+002     0.641004552526E-001    -0.136988975496E+002     0.383348221484E+000
     0.161246329208E-001    -0.121147980158E+002     0.679657194941E-001    -0.121842020053E+002     0.394480584002E+000
     0.170931099734E-001    -0.944340386219E+001     0.472840248507E-001    -0.104603559349E+002     0.404611302187E+000
     0.181196955938E-001    -0.655049905593E+001     0.382188714882E-001    -0.855377616620E+001     0.413392573450E+000
     0.192078762926E-001    -0.406714356318E+001     0.199801449880E-001    -0.683527637580E+001     0.420830621050E+000
     0.203613477710E-001    -0.173035252062E+001     0.668811640039E-002    -0.529258221003E+001     0.426935468552E+000
     0.215148192495E-001    -0.109469483269E+001    -0.820055458055E-002    -0.482767614276E+001     0.432504063323E+000
     0.226682907280E-001    -0.102073559144E+001     0.439536732318E-002    -0.474982115969E+001     0.437982848905E+000
     0.238217622065E-001    -0.103558362646E+001     0.101722698282E-001    -0.475537734057E+001     0.443468053586E+000
     0.249752336849E-001    -0.101815476938E+001     0.914591455530E-002    -0.472711754076E+001     0.448920659050E+000
     0.261287051634E-001    -0.910391137345E+000     0.875846839102E-002    -0.467686610914E+001     0.454315300175E+000
     0.272821766419E-001    -0.747600323715E+000    -0.157929958276E-001    -0.456948164635E+001     0.459586098406E+000
     0.284356481203E-001    -0.602999727303E+000    -0.100384368449E-001    -0.444974487274E+001     0.464718765264E+000
     0.296583278215E-001    -0.412873788136E+000     0.634544752091E-002    -0.431035839931E+001     0.469988958694E+000
     0.308810075227E-001     0.764264465571E-002    -0.481554330819E-002    -0.404776673734E+001     0.474938084422E+000
     0.321770479360E-001     0.242967814566E+000    -0.404859560240E-002    -0.387068031978E+001     0.479954645287E+000
     0.335508506999E-001     0.246276114431E+000    -0.241619732900E-001    -0.384060040607E+001     0.485230977153E+000
     0.350070815510E-001     0.500167121335E+000    -0.546902866115E-003    -0.368664056780E+001     0.490599576944E+000
     0.365506861699E-001     0.467219012192E+000     0.238121626421E-002    -0.370591854638E+001     0.496320051111E+000
     0.381869069776E-001     0.227823037484E+000    -0.363632791102E-002    -0.383876444106E+001     0.502601120183E+000
     0.398231277853E-001     0.312260511566E+000     0.335255483650E-002    -0.380913614659E+001     0.508833710419E+000
     0.415575217479E-001     0.325541322620E+000     0.380656296609E-002    -0.379938744082E+001     0.515423348365E+000
     0.433959792489E-001     0.255826671296E+000    -0.890845580380E-002    -0.382278370845E+001     0.522451392832E+000
     0.453447440948E-001     0.362207398275E+000    -0.165103440498E-001    -0.376265522187E+001     0.529783993646E+000
     0.474104347200E-001     0.651888108941E+000     0.135308773929E-002    -0.357185512505E+001     0.537162341822E+000
     0.496000666644E-001     0.620373151675E+000    -0.169219984594E-001    -0.357102936741E+001     0.544981669590E+000
     0.519210764003E-001     0.711137332002E+000    -0.104352009651E-001    -0.350186712914E+001     0.553109573377E+000
     0.543813465875E-001     0.816410284928E+000    -0.801557772076E-002    -0.342496872584E+001     0.561535944902E+000
     0.569892328451E-001     0.894644936600E+000    -0.721955408262E-002    -0.337034383235E+001     0.570325438431E+000
     0.597535921290E-001     0.909389445772E+000    -0.329466198152E-002    -0.334882096710E+001     0.579582787241E+000
     0.626838128117E-001     0.925622513966E+000    -0.219531447684E-002    -0.333113323878E+001     0.589343744874E+000
     0.656140334944E-001     0.933153899344E+000    -0.198391531217E-002    -0.332716146061E+001     0.599093063934E+000
     0.687200672504E-001     0.938122076422E+000    -0.188899156091E-003    -0.332253741006E+001     0.609412977302E+000
     0.718261010064E-001     0.961628254793E+000    -0.238819637447E-002    -0.330696850071E+001     0.619684535774E+000
     0.751184966101E-001     0.985821446983E+000    -0.201033316448E-002    -0.328981025757E+001     0.630515894625E+000
     0.786084357616E-001     0.102402556957E+001    -0.150643557037E-002    -0.326214735885E+001     0.641900591624E+000
     0.823077710624E-001     0.107191915666E+001    -0.320237742319E-003    -0.322734090973E+001     0.653839607838E+000
     0.862290662697E-001     0.112294729609E+001     0.547667307462E-003    -0.318988627783E+001     0.666348093796E+000
     0.903856389650E-001     0.117856835025E+001    -0.119492044303E-002    -0.314861203281E+001     0.679435529542E+000
     0.945422116603E-001     0.122623737676E+001     0.252368512937E-002    -0.311362928633E+001     0.692377560268E+000
     0.986987843556E-001     0.127524472456E+001     0.640748947107E-003    -0.307964148931E+001     0.705178314271E+000
     0.103104751175E+000     0.131545711412E+001     0.189169053617E-002    -0.304959843667E+001     0.718614746379E+000
     0.107510717994E+000     0.135598006773E+001    -0.786086477623E-004    -0.302086900621E+001     0.731924594990E+000
     0.112181042570E+000     0.138627626936E+001     0.145088478371E-002    -0.299704516237E+001     0.745921770308E+000
     0.116851367146E+000     0.142268184326E+001    -0.637842396045E-003    -0.297181299852E+001     0.759801101911E+000
     0.121801910930E+000     0.145085995329E+001     0.146774103830E-002    -0.295083873749E+001     0.774409360086E+000
     0.126752454713E+000     0.148667307733E+001     0.120712676107E-002    -0.292526546895E+001     0.788891016102E+000
     0.131702998497E+000     0.152046835658E+001     0.352108411008E-003    -0.290075732215E+001     0.803251342336E+000
     0.136950574624E+000     0.154986597047E+001    -0.215488251679E-003    -0.287905910142E+001     0.818359424188E+000
     0.142513005019E+000     0.158311484614E+001    -0.462058708292E-003    -0.285486031073E+001     0.834239386161E+000
     0.148075435414E+000     0.162313689314E+001    -0.815455121734E-003    -0.282614696925E+001     0.849959632617E+000
     0.153971611314E+000     0.165780120044E+001     0.308570689489E-003    -0.280070912773E+001     0.866473106379E+000
     0.159867787214E+000     0.169604649178E+001    -0.843763325926E-003    -0.277348860284E+001     0.882826083795E+000
     0.166117733330E+000     0.172595416037E+001     0.348085848026E-003    -0.275166767886E+001     0.900023858657E+000
     0.172367679447E+000     0.176529638975E+001    -0.959765262227E-003    -0.272294001664E+001     0.917042088097E+000
     0.178617625564E+000     0.179615181776E+001    -0.101441118017E-002    -0.270011264029E+001     0.933917647798E+000
     0.184867571680E+000     0.182622594773E+001    -0.187955618105E-002    -0.267891347794E+001     0.950660716808E+000
     0.191492514206E+000     0.184427599745E+001     0.666348376867E-003    -0.266533270102E+001     0.968318393317E+000
     0.198117456733E+000     0.187271452274E+001    -0.301691245658E-003    -0.264474633093E+001     0.985839685869E+000
     0.205139895431E+000     0.189904077749E+001    -0.467547083602E-003    -0.262586800299E+001     0.100427968324E+001
     0.212162334130E+000     0.193226906745E+001    -0.144218697488E-002    -0.260145551750E+001     0.102254824795E+001
     0.219184772828E+000     0.196679749979E+001    -0.213019716491E-002    -0.257659051681E+001     0.104064220309E+001
     0.226207211527E+000     0.199988775202E+001    -0.184938218573E-002    -0.255219654497E+001     0.105856485158E+001
     0.233229650225E+000     0.204863965987E+001    -0.513176958523E-002    -0.251794018396E+001     0.107624696889E+001
     0.240673434844E+000     0.206303183200E+001    -0.354129137780E-002    -0.250596567963E+001     0.109490085630E+001
     0.248117219462E+000     0.209071856622E+001    -0.257579905345E-002    -0.248603630324E+001     0.111340638502E+001
     0.255561004081E+000     0.211447934265E+001    -0.137402061308E-002    -0.246882604936E+001     0.113178379724E+001
     0.263004788700E+000     0.213740244805E+001    -0.428732608081E-003    -0.245229317106E+001     0.115003813971E+001
     0.270448573318E+000     0.221775333093E+001    -0.309558081088E-003    -0.239946169404E+001     0.116789921591E+001
     0.277892357937E+000     0.220475439090E+001     0.548528173742E-003    -0.240679592357E+001     0.118581488685E+001
     0.285782769207E+000     0.218813746086E+001     0.116613592117E-002    -0.241492188930E+001     0.120486961596E+001
     0.293673180476E+000     0.220554915481E+001     0.668466906889E-003    -0.240247962160E+001     0.122382616898E+001
     0.301563591746E+000     0.228819319826E+001     0.207464483935E-004    -0.234761430581E+001     0.124234981135E+001
     0.309454003016E+000     0.228219651733E+001     0.211951450400E-002    -0.235367181809E+001     0.126092125752E+001
     0.317344414286E+000     0.226881887762E+001     0.598597619340E-004    -0.235745751239E+001     0.127952256685E+001
     0.325234825556E+000     0.229014124353E+001    -0.212218079217E-002    -0.234118301457E+001     0.129799547128E+001
     0.333125236825E+000     0.236204357822E+001     0.380957116351E-003    -0.229320656305E+001     0.131608981444E+001
     0.341489072320E+000     0.234841840752E+001     0.139753661516E-003    -0.230063413309E+001     0.133533193990E+001
     0.349852907814E+000     0.235127529993E+001     0.220789593576E-002    -0.229962117857E+001     0.135456560200E+001
     0.358216743309E+000     0.243012763490E+001     0.421514007377E-002    -0.224935450324E+001     0.137337886607E+001
     0.367082408455E+000     0.240628274524E+001     0.781315885704E-003    -0.225847691991E+001     0.139340176738E+001
     0.375948073600E+000     0.240201483394E+001     0.653660914234E-003    -0.226033137555E+001     0.141344110931E+001
     0.384813738746E+000     0.240280513112E+001     0.695585674572E-003    -0.225868119922E+001     0.143346582144E+001
     0.394211343293E+000     0.245754834597E+001    -0.436979091511E-003    -0.222216181531E+001     0.145434881983E+001
     0.403608947840E+000     0.245065536430E+001     0.692489207079E-004    -0.222615239401E+001     0.147526931970E+001
     0.413006552387E+000     0.245145835365E+001     0.173329833464E-002    -0.222558268532E+001     0.149618447200E+001
     0.422404156934E+000     0.249026464927E+001     0.195662420489E-003    -0.219869359763E+001     0.151684692504E+001
     0.431801761481E+000     0.249028603366E+001     0.188626030545E-002    -0.220105501649E+001     0.153753157726E+001
     0.441199366028E+000     0.247956238397E+001     0.244057881788E-003    -0.220436767149E+001     0.155824735304E+001
     0.450596970575E+000     0.248517115707E+001     0.184902867518E-002    -0.220255730030E+001     0.157894612284E+001
     0.459994575122E+000     0.247888225262E+001    -0.164736583487E-003    -0.220203284934E+001     0.159963995681E+001
     0.469392179669E+000     0.254022163684E+001    -0.663136417303E-003    -0.216224457186E+001     0.161995987719E+001
     0.478789784216E+000     0.253779378192E+001     0.104565000527E-002    -0.216520573240E+001     0.164030762680E+001
     0.488187388763E+000     0.253437333439E+001     0.112770558605E-002    -0.216626934297E+001     0.166066537218E+001
     0.498148849045E+000     0.253518485843E+001     0.135033404704E-002    -0.216491350635E+001     0.168223107629E+001
     0.508148849045E+000     0.259631818511E+001    -0.737685603092E-004    -0.212193671619E+001     0.170345044346E+001
     0.518148849045E+000     0.259136344446E+001     0.163998119122E-002    -0.212606875164E+001     0.172471113730E+001
     0.528148849045E+000     0.258750116968E+001     0.168495805959E-002    -0.212735779433E+001     0.174598472192E+001
     0.538148849045E+000     0.258792713785E+001     0.171954638719E-002    -0.212589921763E+001     0.176724372105E+001
     0.548148849045E+000     0.264061872448E+001     0.922714728206E-003    -0.208934470514E+001     0.178813717014E+001
     0.558148849045E+000     0.263702150763E+001     0.184137840984E-002    -0.209255154189E+001     0.180906269366E+001
     0.568148849045E+000     0.263343106035E+001     0.193344624331E-002    -0.209401341996E+001     0.183000283678E+001
     0.578148849045E+000     0.263295900939E+001     0.196090398403E-002    -0.209354104584E+001     0.185093825643E+001
     0.588148849045E+000     0.263419003115E+001     0.187494819863E-002    -0.209233613892E+001     0.187186162622E+001
     0.598148849045E+000     0.268397653758E+001     0.123262429139E-002    -0.205981393559E+001     0.189245976926E+001
     0.608148849045E+000     0.267647242606E+001     0.123954786931E-002    -0.206355319122E+001     0.191309530489E+001
     0.618148849045E+000     0.267341610756E+001     0.130680753127E-002    -0.206472610360E+001     0.193374257007E+001
     0.628148849045E+000     0.267279498067E+001     0.121814375901E-002    -0.206444582000E+001     0.195438703186E+001
     0.638148849045E+000     0.267370588036E+001     0.110703343970E-002    -0.206336867292E+001     0.197502072156E+001
     0.648148849045E+000     0.267604652658E+001     0.107475099400E-002    -0.206119102064E+001     0.199563263457E+001
     0.658148849045E+000     0.267997375589E+001     0.102252388027E-002    -0.205782105580E+001     0.201621084767E+001
     0.668148849045E+000     0.268491065073E+001     0.101659963947E-002    -0.205395508817E+001     0.203675040106E+001
     0.678148849045E+000     0.275997688524E+001     0.240870429317E-002    -0.200421053010E+001     0.205679252084E+001
     0.688148849045E+000     0.274857416442E+001     0.185217812515E-002    -0.200921880538E+001     0.207688471743E+001
     0.698148849045E+000     0.274397636905E+001     0.201151504543E-002    -0.201014930622E+001     0.209698622056E+001
     0.708148849045E+000     0.274475684417E+001     0.174682789631E-002    -0.201044031762E+001     0.211709063132E+001
     0.718148849045E+000     0.274766000523E+001     0.181639727434E-002    -0.200879717912E+001     0.213717861132E+001
     0.728148849045E+000     0.275152993759E+001     0.189697930807E-002    -0.200543002370E+001     0.215723292053E+001
     0.738148849045E+000     0.275624129483E+001     0.195968566318E-002    -0.200244590433E+001     0.217725738917E+001
     0.748148849045E+000     0.276077878144E+001     0.197526434349E-002    -0.199879574523E+001     0.219724535638E+001
     0.758148849045E+000     0.276740793629E+001     0.191913760097E-002    -0.199414044086E+001     0.221718677002E+001
