 #        time                      h  [L]            Darcian flow [L.T^{-1}]   in    x         z              directions   cumulative flux
 #-----------------------------------------------------------------------------------------------

     0.100000000000E-005     0.400000000000E+001    -0.316460946141E-012    -0.258409972869E+004     0.258409972869E-002
     0.205999994278E-005     0.400000000000E+001    -0.277125851474E-012    -0.226290430569E+004     0.498277816323E-002
     0.318359982147E-005     0.400000000000E+001    -0.239378000647E-012    -0.195466971222E+004     0.717904481477E-002
     0.437461562859E-005     0.400000000000E+001    -0.204209256338E-012    -0.166749512170E+004     0.916505786302E-002
     0.563709231599E-005     0.400000000000E+001    -0.172766367279E-012    -0.141074444810E+004     0.109460898406E-001
     0.697531753239E-005     0.400000000000E+001    -0.146097456205E-012    -0.119297626309E+004     0.125425607585E-001
     0.839383618521E-005     0.400000000000E+001    -0.124769662334E-012    -0.101882160980E+004     0.139877782158E-001
     0.989746587602E-005     0.400000000000E+001    -0.108591635819E-012    -0.886717998161E+003     0.153210737253E-001
     0.114913132622E-004     0.400000000000E+001    -0.966862972461E-013    -0.789503531250E+003     0.165794218650E-001
     0.131807914004E-004     0.400000000000E+001    -0.878669323203E-013    -0.717487951477E+003     0.177916020734E-001
     0.149716381303E-004     0.400000000000E+001    -0.810326027167E-013    -0.661681415189E+003     0.189765720720E-001
     0.168699355614E-004     0.400000000000E+001    -0.753822862952E-013    -0.615543080239E+003     0.201450559199E-001
     0.188821307298E-004     0.400000000000E+001    -0.704419736430E-013    -0.575202366038E+003     0.213024753417E-001
     0.210150574931E-004     0.400000000000E+001    -0.659879589263E-013    -0.538832575827E+003     0.224517657637E-001
     0.232759597402E-004     0.400000000000E+001    -0.619426598446E-013    -0.505800202048E+003     0.235953305771E-001
     0.256725159928E-004     0.400000000000E+001    -0.582871417211E-013    -0.475950631331E+003     0.247359730385E-001
     0.282128654833E-004     0.400000000000E+001    -0.550073553266E-013    -0.449169143013E+003     0.258770196421E-001
     0.309056357980E-004     0.400000000000E+001    -0.520728086944E-013    -0.425206751291E+003     0.270220037596E-001
     0.337599721774E-004     0.400000000000E+001    -0.494368690036E-013    -0.403682670285E+003     0.281742498911E-001
     0.367855685763E-004     0.400000000000E+001    -0.470463934434E-013    -0.384162956015E+003     0.293365719474E-001
     0.399927005860E-004     0.400000000000E+001    -0.448518748054E-013    -0.366243351443E+003     0.305111627232E-001
     0.433922603327E-004     0.400000000000E+001    -0.428139002959E-013    -0.349602026688E+003     0.316996557005E-001
     0.469957934698E-004     0.400000000000E+001    -0.409051419083E-013    -0.334015831641E+003     0.329032928181E-001
     0.508155383889E-004     0.400000000000E+001    -0.391088995773E-013    -0.319348399919E+003     0.341231222461E-001
     0.548644677845E-004     0.400000000000E+001    -0.374158396677E-013    -0.305523516607E+003     0.353601653935E-001
     0.591563327122E-004     0.400000000000E+001    -0.358204683032E-013    -0.292496320802E+003     0.366155200943E-001
     0.637057092900E-004     0.400000000000E+001    -0.343183638650E-013    -0.280230707244E+003     0.378903951102E-001
     0.685280482021E-004     0.400000000000E+001    -0.329045324745E-013    -0.268685897823E+003     0.391860895704E-001
     0.736397271730E-004     0.400000000000E+001    -0.315726069767E-013    -0.257809900770E+003     0.405039310187E-001
     0.790581065897E-004     0.400000000000E+001    -0.303122095436E-013    -0.247517974690E+003     0.418450773180E-001
     0.848015884613E-004     0.400000000000E+001    -0.291470812279E-013    -0.238003979990E+003     0.432120488624E-001
     0.908896789166E-004     0.400000000000E+001    -0.280513152079E-013    -0.229056371416E+003     0.446065647710E-001
     0.973430544509E-004     0.400000000000E+001    -0.270143965460E-013    -0.220589287987E+003     0.460301102852E-001
     0.104183632148E-003     0.400000000000E+001    -0.260303384541E-013    -0.212553843869E+003     0.474841013690E-001
     0.111434644115E-003     0.400000000000E+001    -0.250944780427E-013    -0.204911963679E+003     0.489699204699E-001
     0.119120716386E-003     0.400000000000E+001    -0.242029317552E-013    -0.197631935772E+003     0.504889338112E-001
     0.127267952553E-003     0.400000000000E+001    -0.233523786233E-013    -0.190686642382E+003     0.520425029206E-001
     0.135904022424E-003     0.400000000000E+001    -0.225399250894E-013    -0.184052455819E+003     0.536319927889E-001
     0.145058255993E-003     0.400000000000E+001    -0.217630122369E-013    -0.177708480943E+003     0.552587777307E-001
     0.154761743052E-003     0.400000000000E+001    -0.210193518051E-013    -0.171636032689E+003     0.569242457528E-001
     0.165047438780E-003     0.400000000000E+001    -0.203068812863E-013    -0.165818269401E+003     0.586298020179E-001
     0.175950275662E-003     0.400000000000E+001    -0.196237306555E-013    -0.160239921168E+003     0.603768717405E-001
     0.187507282134E-003     0.400000000000E+001    -0.189681958025E-013    -0.154887072875E+003     0.621669026441E-001
     0.199757708333E-003     0.400000000000E+001    -0.183387157938E-013    -0.149746978530E+003     0.640013669531E-001
     0.212743159403E-003     0.400000000000E+001    -0.177338521650E-013    -0.144807892181E+003     0.658817627515E-001
     0.226507736794E-003     0.400000000000E+001    -0.171522683188E-013    -0.140058899682E+003     0.678096143155E-001
     0.241098188040E-003     0.400000000000E+001    -0.165927048890E-013    -0.135489717530E+003     0.697864704335E-001
     0.256564065527E-003     0.400000000000E+001    -0.160527690003E-013    -0.131080806413E+003     0.718137501264E-001
     0.272957894778E-003     0.400000000000E+001    -0.155343107072E-013    -0.126847273173E+003     0.738932626637E-001
     0.290335352846E-003     0.400000000000E+001    -0.150347790724E-013    -0.122768287827E+003     0.760266634375E-001
     0.308755457403E-003     0.400000000000E+001    -0.145584528989E-013    -0.118878789452E+003     0.782164231689E-001
     0.328280767180E-003     0.400000000000E+001    -0.140995452834E-013    -0.115131524397E+003     0.804644018478E-001
     0.348977594427E-003     0.400000000000E+001    -0.136569150939E-013    -0.111517174612E+003     0.827724535458E-001
     0.370916230124E-003     0.400000000000E+001    -0.132287180988E-013    -0.108020680803E+003     0.851422799097E-001
     0.394171182707E-003     0.400000000000E+001    -0.128163638148E-013    -0.104653552548E+003     0.875759933119E-001
     0.418821431115E-003     0.400000000000E+001    -0.124198097977E-013    -0.101415443263E+003     0.900759091807E-001
     0.444950693017E-003     0.400000000000E+001    -0.120345613642E-013    -0.982696510747E+002     0.926436226306E-001
     0.472647709137E-003     0.400000000000E+001    -0.116631015510E-013    -0.952364515149E+002     0.952813881635E-001
     0.502006544641E-003     0.400000000000E+001    -0.113041586507E-013    -0.923054603053E+002     0.979913689886E-001
     0.533126908594E-003     0.400000000000E+001    -0.109573142516E-013    -0.894732608555E+002     0.100775809431E+000
     0.566114492604E-003     0.400000000000E+001    -0.106218213938E-013    -0.867337537747E+002     0.103636946420E+000
     0.601081329767E-003     0.400000000000E+001    -0.102975766516E-013    -0.840860945278E+002     0.106577171195E+000
     0.638146175159E-003     0.400000000000E+001    -0.998370619584E-014    -0.815231477582E+002     0.109598814062E+000
     0.677434909153E-003     0.400000000000E+001    -0.968018356788E-014    -0.790446974149E+002     0.112704380153E+000
     0.719080964939E-003     0.400000000000E+001    -0.938645915088E-014    -0.766462555360E+002     0.115896394386E+000
     0.763225781689E-003     0.400000000000E+001    -0.910133170018E-014    -0.743180132142E+002     0.119177149461E+000
     0.810019284919E-003     0.400000000000E+001    -0.882577191796E-014    -0.720678968345E+002     0.122549458824E+000
     0.859620395664E-003     0.400000000000E+001    -0.855897729292E-014    -0.698893533947E+002     0.126016048382E+000
     0.912197570216E-003     0.400000000000E+001    -0.830162775244E-014    -0.677879349231E+002     0.129580146469E+000
     0.967929372233E-003     0.400000000000E+001    -0.805082955196E-014    -0.657400122024E+002     0.133243955814E+000
     0.102700507918E-002     0.400000000000E+001    -0.780748393123E-014    -0.637529444136E+002     0.137010206075E+000
     0.108962532517E-002     0.400000000000E+001    -0.757311503919E-014    -0.618391771771E+002     0.140882590561E+000
     0.115600278233E-002     0.400000000000E+001    -0.734827532587E-014    -0.600032215899E+002     0.144865451832E+000
     0.122636288312E-002     0.400000000000E+001    -0.713182861326E-014    -0.582358000545E+002     0.148962928593E+000
     0.130094458593E-002     0.400000000000E+001    -0.691844398491E-014    -0.564933823346E+002     0.153176301246E+000
     0.138000118665E-002     0.400000000000E+001    -0.671398742879E-014    -0.548238678570E+002     0.157510489876E+000
     0.146380117888E-002     0.400000000000E+001    -0.651235231050E-014    -0.531773921676E+002     0.161966754927E+000
     0.155262916586E-002     0.400000000000E+001    -0.632097515666E-014    -0.516146791145E+002     0.166551582971E+000
     0.164678682697E-002     0.400000000000E+001    -0.613524198852E-014    -0.500980527021E+002     0.171268698440E+000
     0.174659394236E-002     0.400000000000E+001    -0.595735070884E-014    -0.486454601685E+002     0.176123861496E+000
     0.185238947896E-002     0.400000000000E+001    -0.578556191683E-014    -0.472426982283E+002     0.181121928105E+000
     0.196453274170E-002     0.400000000000E+001    -0.561595464727E-014    -0.458577497707E+002     0.186264565787E+000
     0.208340459379E-002     0.400000000000E+001    -0.545433784497E-014    -0.445380484297E+002     0.191558886092E+000
     0.220940875020E-002     0.400000000000E+001    -0.529881448718E-014    -0.432681038391E+002     0.197010847016E+000
     0.234297314879E-002     0.400000000000E+001    -0.514838861872E-014    -0.420397834078E+002     0.202625865404E+000
     0.248455140365E-002     0.400000000000E+001    -0.499926376099E-014    -0.408220865353E+002     0.208405385175E+000
     0.263462434571E-002     0.400000000000E+001    -0.485383726388E-014    -0.396345890689E+002     0.214353464564E+000
     0.279370165569E-002     0.400000000000E+001    -0.471779089425E-014    -0.385236861562E+002     0.220481708928E+000
     0.296232359518E-002     0.400000000000E+001    -0.458081840189E-014    -0.374052208774E+002     0.226789049819E+000
     0.314106284138E-002     0.400000000000E+001    -0.444978407775E-014    -0.363352444219E+002     0.233283584018E+000
     0.333052643213E-002     0.400000000000E+001    -0.432266147623E-014    -0.352972096056E+002     0.239971120093E+000
     0.353135782749E-002     0.400000000000E+001    -0.419819201270E-014    -0.342808393051E+002     0.246855788885E+000
     0.374423909507E-002     0.400000000000E+001    -0.407775774983E-014    -0.332974189184E+002     0.253944185632E+000
     0.396989322653E-002     0.400000000000E+001    -0.396201421899E-014    -0.323523012656E+002     0.261244616074E+000
     0.420908659296E-002     0.400000000000E+001    -0.384764659270E-014    -0.314184187259E+002     0.268759693417E+000
     0.446263154769E-002     0.400000000000E+001    -0.373743600933E-014    -0.305184810178E+002     0.276497500305E+000
     0.473138918520E-002     0.400000000000E+001    -0.363085792698E-014    -0.296482049315E+002     0.284465681819E+000
     0.501627226558E-002     0.400000000000E+001    -0.352647061280E-014    -0.287958178248E+002     0.292669123103E+000
     0.531824831448E-002     0.400000000000E+001    -0.342731135925E-014    -0.279861210729E+002     0.301120261369E+000
     0.563834290904E-002     0.400000000000E+001    -0.332803617536E-014    -0.271754776779E+002     0.309818984878E+000
     0.597764316095E-002     0.400000000000E+001    -0.323416970485E-014    -0.264089997794E+002     0.318779565156E+000
     0.633730140856E-002     0.400000000000E+001    -0.314112364710E-014    -0.256492210594E+002     0.328004519055E+000
     0.671853913045E-002     0.400000000000E+001    -0.305134348306E-014    -0.249161103853E+002     0.337503480217E+000
     0.712265109384E-002     0.400000000000E+001    -0.296348283642E-014    -0.241986737603E+002     0.347282453781E+000
     0.755100975191E-002     0.400000000000E+001    -0.287844270022E-014    -0.235042683509E+002     0.357350710631E+000
     0.800506990496E-002     0.400000000000E+001    -0.279254723683E-014    -0.228028786648E+002     0.367704589207E+000
     0.848637364120E-002     0.400000000000E+001    -0.271219747508E-014    -0.221467730694E+002     0.378363913831E+000
     0.899655557408E-002     0.400000000000E+001    -0.262350238155E-014    -0.214225226684E+002     0.389293297853E+000
     0.953734839373E-002     0.400000000000E+001    -0.255028183506E-014    -0.208246315333E+002     0.400555109059E+000
     0.101105887516E-001     0.400000000000E+001    -0.246570194786E-014    -0.201339843420E+002     0.412096721449E+000
     0.107182234982E-001     0.400000000000E+001    -0.238385495159E-014    -0.194656528988E+002     0.423924728515E+000
     0.113623162948E-001     0.400000000000E+001    -0.228417819516E-014    -0.186517304153E+002     0.435938173719E+000
     0.120450546223E-001     0.400000000000E+001    -0.218673215648E-014    -0.178560231244E+002     0.448129165083E+000
     0.127687572104E-001     0.400000000000E+001    -0.208119640544E-014    -0.169942583191E+002     0.460427953812E+000
     0.135358819124E-001     0.400000000000E+001    -0.196529494261E-014    -0.160478510537E+002     0.472738656769E+000
     0.143490340526E-001     0.400000000000E+001    -0.183502902664E-014    -0.149841491271E+002     0.484923049701E+000
     0.152109752747E-001     0.400000000000E+001    -0.168375300683E-014    -0.137488866831E+002     0.496773781891E+000
     0.161246329208E-001     0.400000000000E+001    -0.149406426352E-014    -0.121999605483E+002     0.507920369128E+000
     0.170931099734E-001     0.400000000000E+001    -0.128400166709E-014    -0.104846692776E+002     0.518074530728E+000
     0.181196955938E-001     0.400000000000E+001    -0.104916617059E-014    -0.856709192659E+001     0.526869384108E+000
     0.192078762926E-001     0.400000000000E+001    -0.846134572145E-015    -0.690921311136E+001     0.534387856459E+000
     0.203613477710E-001     0.400000000000E+001    -0.640577304982E-015    -0.523071064594E+001     0.540421332001E+000
     0.215148192495E-001     0.400000000000E+001    -0.586234712568E-015    -0.478696970405E+001     0.545942965023E+000
     0.226682907280E-001     0.400000000000E+001    -0.581908367785E-015    -0.475164241796E+001     0.551423849028E+000
     0.238217622065E-001     0.400000000000E+001    -0.583727441430E-015    -0.476649628151E+001     0.556921866541E+000
     0.249752336849E-001     0.400000000000E+001    -0.583962735610E-015    -0.476841760430E+001     0.562422100245E+000
     0.261287051634E-001     0.400000000000E+001    -0.570821747938E-015    -0.466111329679E+001     0.567798561491E+000
     0.272821766419E-001     0.400000000000E+001    -0.556568168949E-015    -0.454472399174E+001     0.573040770993E+000
     0.284356481203E-001     0.400000000000E+001    -0.546051925043E-015    -0.445885234358E+001     0.578183929998E+000
     0.296583278215E-001     0.400000000000E+001    -0.528201331618E-015    -0.431309118667E+001     0.583457459041E+000
     0.308810075227E-001     0.400000000000E+001    -0.488589646727E-015    -0.398963723310E+001     0.588335507501E+000
     0.321770479360E-001     0.400000000000E+001    -0.467383785768E-015    -0.381647823759E+001     0.593281817534E+000
     0.335508506999E-001     0.400000000000E+001    -0.468679344454E-015    -0.382705727709E+001     0.598539439399E+000
     0.350070815510E-001     0.400000000000E+001    -0.444342896565E-015    -0.362833509935E+001     0.603823132909E+000
     0.365506861699E-001     0.400000000000E+001    -0.447257172925E-015    -0.365213197173E+001     0.609460580689E+000
     0.381869069776E-001     0.400000000000E+001    -0.471752771668E-015    -0.385215371482E+001     0.615763554752E+000
     0.398231277853E-001     0.400000000000E+001    -0.462042348941E-015    -0.377286209593E+001     0.621936790218E+000
     0.415575217479E-001     0.400000000000E+001    -0.460794785480E-015    -0.376267496719E+001     0.628462750964E+000
     0.433959792489E-001     0.400000000000E+001    -0.469228272664E-015    -0.383153961608E+001     0.635506873711E+000
     0.453447440948E-001     0.400000000000E+001    -0.458376827966E-015    -0.374293084573E+001     0.642800965764E+000
     0.474104347200E-001     0.400000000000E+001    -0.430853568143E-015    -0.351818637376E+001     0.650068450374E+000
     0.496000666644E-001     0.400000000000E+001    -0.435505837996E-015    -0.355617504001E+001     0.657855164842E+000
     0.519210764003E-001     0.400000000000E+001    -0.427637406351E-015    -0.349192441975E+001     0.665959955417E+000
     0.543813465875E-001     0.400000000000E+001    -0.418252731745E-015    -0.341529273613E+001     0.674362498316E+000
     0.569892328451E-001     0.400000000000E+001    -0.410985596222E-015    -0.335595207131E+001     0.683114439604E+000
     0.597535921290E-001     0.400000000000E+001    -0.410486031517E-015    -0.335187281592E+001     0.692380220341E+000
     0.626838128117E-001     0.400000000000E+001    -0.409678232810E-015    -0.334527663891E+001     0.702182619138E+000
     0.656140334944E-001     0.400000000000E+001    -0.408721783171E-015    -0.333746663491E+001     0.711962132899E+000
     0.687200672504E-001     0.400000000000E+001    -0.408132654128E-015    -0.333265603121E+001     0.722313475029E+000
     0.718261010064E-001     0.400000000000E+001    -0.406182185509E-015    -0.331672924627E+001     0.732615348028E+000
     0.751184966101E-001     0.400000000000E+001    -0.403984840523E-015    -0.329878656282E+001     0.743476258405E+000
     0.786084357616E-001     0.400000000000E+001    -0.400544748970E-015    -0.327069608354E+001     0.754890788719E+000
     0.823077710624E-001     0.400000000000E+001    -0.396247862971E-015    -0.323560934668E+001     0.766860392595E+000
     0.862290662697E-001     0.400000000000E+001    -0.391687479552E-015    -0.319837099010E+001     0.779402149430E+000
     0.903856389650E-001     0.400000000000E+001    -0.386552297765E-015    -0.315643904867E+001     0.792522117794E+000
     0.945422116603E-001     0.400000000000E+001    -0.382669805422E-015    -0.312473609279E+001     0.805510310517E+000
     0.986987843556E-001     0.400000000000E+001    -0.378026986585E-015    -0.308682459994E+001     0.818340921364E+000
     0.103104751175E+000     0.400000000000E+001    -0.374294124238E-015    -0.305634346571E+001     0.831807069262E+000
     0.107510717994E+000     0.400000000000E+001    -0.370734094913E-015    -0.302727362021E+001     0.845145136386E+000
     0.112181042570E+000     0.400000000000E+001    -0.368164560661E-015    -0.300629178076E+001     0.859185494773E+000
     0.116851367146E+000     0.400000000000E+001    -0.364847109280E-015    -0.297920273449E+001     0.873099338521E+000
     0.121801910930E+000     0.400000000000E+001    -0.362209128147E-015    -0.295766198384E+001     0.887741373669E+000
     0.126752454713E+000     0.400000000000E+001    -0.359090384467E-015    -0.293219550908E+001     0.902257335919E+000
     0.131702998497E+000     0.400000000000E+001    -0.356073307526E-015    -0.290755920624E+001     0.916651335072E+000
     0.136950574624E+000     0.400000000000E+001    -0.353465442290E-015    -0.288626437056E+001     0.931797227080E+000
     0.142513005019E+000     0.400000000000E+001    -0.350475708105E-015    -0.286185133827E+001     0.947716075949E+000
     0.148075435414E+000     0.400000000000E+001    -0.346896778287E-015    -0.283262715853E+001     0.963472367353E+000
     0.153971611314E+000     0.400000000000E+001    -0.343654333583E-015    -0.280615058826E+001     0.980017924823E+000
     0.159867787214E+000     0.400000000000E+001    -0.340319155905E-015    -0.277891679578E+001     0.996402907063E+000
     0.166117733330E+000     0.400000000000E+001    -0.337697258959E-015    -0.275750738249E+001     0.101363717962E+001
     0.172367679447E+000     0.400000000000E+001    -0.334175586025E-015    -0.272875074068E+001     0.103069172471E+001
     0.178617625564E+000     0.400000000000E+001    -0.331372025510E-015    -0.270585793178E+001     0.104760319099E+001
     0.184867571680E+000     0.400000000000E+001    -0.328627392974E-015    -0.268344630634E+001     0.106437458581E+001
     0.191492514206E+000     0.400000000000E+001    -0.327058252450E-015    -0.267063330160E+001     0.108206737794E+001
     0.198117456733E+000     0.400000000000E+001    -0.324475761038E-015    -0.264954565891E+001     0.109962046565E+001
     0.205139895431E+000     0.400000000000E+001    -0.322133342129E-015    -0.263041835698E+001     0.111809241731E+001
     0.212162334130E+000     0.400000000000E+001    -0.319163340822E-015    -0.260616645587E+001     0.113639406149E+001
     0.219184772828E+000     0.400000000000E+001    -0.316024430701E-015    -0.258053530962E+001     0.115451571251E+001
     0.226207211527E+000     0.400000000000E+001    -0.313088801227E-015    -0.255656407582E+001     0.117246902701E+001
     0.233229650225E+000     0.400000000000E+001    -0.308660479130E-015    -0.252040408177E+001     0.119016841017E+001
     0.240673434844E+000     0.400000000000E+001    -0.307455504859E-015    -0.251056472015E+001     0.120885651322E+001
     0.248117219462E+000     0.400000000000E+001    -0.304971591356E-015    -0.249028202718E+001     0.122739363627E+001
     0.255561004081E+000     0.400000000000E+001    -0.302848771463E-015    -0.247294788729E+001     0.124580172771E+001
     0.263004788700E+000     0.400000000000E+001    -0.300786599667E-015    -0.245610897670E+001     0.126408447394E+001
     0.270448573318E+000     0.400000000000E+001    -0.293176957122E-015    -0.239397152980E+001     0.128190468239E+001
     0.277892357937E+000     0.400000000000E+001    -0.294472872152E-015    -0.240455347907E+001     0.129980366059E+001
     0.285782769207E+000     0.400000000000E+001    -0.296262167075E-015    -0.241916418090E+001     0.131889186091E+001
     0.293673180476E+000     0.400000000000E+001    -0.294685946302E-015    -0.240629336154E+001     0.133787850517E+001
     0.301563591746E+000     0.400000000000E+001    -0.286929018482E-015    -0.234295323910E+001     0.135636536981E+001
     0.309454003016E+000     0.400000000000E+001    -0.287295878174E-015    -0.234594887582E+001     0.137487587126E+001
     0.317344414286E+000     0.400000000000E+001    -0.288934183633E-015    -0.235932665512E+001     0.139349192888E+001
     0.325234825556E+000     0.400000000000E+001    -0.287082281348E-015    -0.234420472538E+001     0.141198866827E+001
     0.333125236825E+000     0.400000000000E+001    -0.280351566393E-015    -0.228924426691E+001     0.143005174703E+001
     0.341489072320E+000     0.400000000000E+001    -0.281745233707E-015    -0.230062442415E+001     0.144929379125E+001
     0.349852907814E+000     0.400000000000E+001    -0.281359672607E-015    -0.229747607884E+001     0.146850950323E+001
     0.358216743309E+000     0.400000000000E+001    -0.273695666019E-015    -0.223489471584E+001     0.148720179498E+001
     0.367082408455E+000     0.400000000000E+001    -0.276564009821E-015    -0.225831652043E+001     0.150722327304E+001
     0.375948073600E+000     0.400000000000E+001    -0.277030743220E-015    -0.226212768786E+001     0.152727853964E+001
     0.384813738746E+000     0.400000000000E+001    -0.277062575170E-015    -0.226238761546E+001     0.154733611066E+001
     0.394211343293E+000     0.400000000000E+001    -0.271906699977E-015    -0.222028669953E+001     0.156820148705E+001
     0.403608947840E+000     0.400000000000E+001    -0.272589771441E-015    -0.222586440132E+001     0.158911928047E+001
     0.413006552387E+000     0.400000000000E+001    -0.272516108504E-015    -0.222526289779E+001     0.161003142119E+001
     0.422404156934E+000     0.400000000000E+001    -0.268954848186E-015    -0.219618300046E+001     0.163067028054E+001
     0.431801761481E+000     0.400000000000E+001    -0.268759755543E-015    -0.219458994814E+001     0.165129416902E+001
     0.441199366028E+000     0.400000000000E+001    -0.270052682293E-015    -0.220514749625E+001     0.167201727316E+001
     0.450596970575E+000     0.400000000000E+001    -0.269381404619E-015    -0.219966609807E+001     0.169268886528E+001
     0.459994575122E+000     0.400000000000E+001    -0.270332929667E-015    -0.220743588972E+001     0.171343347484E+001
     0.469392179669E+000     0.400000000000E+001    -0.264478669178E-015    -0.215963222508E+001     0.173372884446E+001
     0.478789784216E+000     0.400000000000E+001    -0.264594387362E-015    -0.216057713576E+001     0.175403309397E+001
     0.488187388763E+000     0.400000000000E+001    -0.265009693411E-015    -0.216396836700E+001     0.177436921294E+001
     0.498148849045E+000     0.400000000000E+001    -0.264990716309E-015    -0.216381340721E+001     0.179592395425E+001
     0.508148849045E+000     0.400000000000E+001    -0.259439180414E-015    -0.211848167647E+001     0.181710877101E+001
     0.518148849045E+000     0.400000000000E+001    -0.259798521023E-015    -0.212141591522E+001     0.183832293017E+001
     0.528148849045E+000     0.400000000000E+001    -0.260257628379E-015    -0.212516481128E+001     0.185957457828E+001
     0.538148849045E+000     0.400000000000E+001    -0.260297578759E-015    -0.212549103088E+001     0.188082948859E+001
     0.548148849045E+000     0.400000000000E+001    -0.255474155003E-015    -0.208610478695E+001     0.190169053646E+001
     0.558148849045E+000     0.400000000000E+001    -0.255738265550E-015    -0.208826141323E+001     0.192257315059E+001
     0.568148849045E+000     0.400000000000E+001    -0.256145442601E-015    -0.209158626617E+001     0.194348901325E+001
     0.578148849045E+000     0.400000000000E+001    -0.256252813132E-015    -0.209246301309E+001     0.196441364338E+001
     0.588148849045E+000     0.400000000000E+001    -0.256159514304E-015    -0.209170117035E+001     0.198533065509E+001
     0.598148849045E+000     0.400000000000E+001    -0.251434372709E-015    -0.205311746117E+001     0.200586182970E+001
     0.608148849045E+000     0.400000000000E+001    -0.252215455548E-015    -0.205949548656E+001     0.202645678456E+001
     0.618148849045E+000     0.400000000000E+001    -0.252578956927E-015    -0.206246370057E+001     0.204708142157E+001
     0.628148849045E+000     0.400000000000E+001    -0.252660071823E-015    -0.206312605397E+001     0.206771268211E+001
     0.638148849045E+000     0.400000000000E+001    -0.252626142266E-015    -0.206284899811E+001     0.208834117209E+001
     0.648148849045E+000     0.400000000000E+001    -0.252448089917E-015    -0.206139509035E+001     0.210895512299E+001
     0.658148849045E+000     0.400000000000E+001    -0.252126811127E-015    -0.205877164994E+001     0.212954283949E+001
     0.668148849045E+000     0.400000000000E+001    -0.251708171929E-015    -0.205535320146E+001     0.215009637151E+001
     0.678148849045E+000     0.400000000000E+001    -0.244645758608E-015    -0.199768422029E+001     0.217007321371E+001
     0.688148849045E+000     0.400000000000E+001    -0.245945418026E-015    -0.200829674480E+001     0.219015618116E+001
     0.698148849045E+000     0.400000000000E+001    -0.246579725820E-015    -0.201347626101E+001     0.221029094377E+001
     0.708148849045E+000     0.400000000000E+001    -0.246385205140E-015    -0.201188787911E+001     0.223040982256E+001
     0.718148849045E+000     0.400000000000E+001    -0.246059230166E-015    -0.200922609146E+001     0.225050208347E+001
     0.728148849045E+000     0.400000000000E+001    -0.245756019714E-015    -0.200675019022E+001     0.227056958538E+001
     0.738148849045E+000     0.400000000000E+001    -0.245292399525E-015    -0.200296444408E+001     0.229059922982E+001
     0.748148849045E+000     0.400000000000E+001    -0.244899672141E-015    -0.199975758163E+001     0.231059680563E+001
     0.758148849045E+000     0.400000000000E+001    -0.244287262510E-015    -0.199475687750E+001     0.233054437441E+001
