 #        time                      h  [L]            Darcian flow [L.T^{-1}]   in    x         z              directions   cumulative flux
 #-----------------------------------------------------------------------------------------------

     0.100000000000E-005    -0.280000000000E+003     0.842479684218E-014    -0.503970039643E-014     0.981711678232E-020
     0.205999994278E-005    -0.280000000000E+003     0.842479684218E-014     0.516750629956E-014     0.202934519853E-019
     0.318359982147E-005    -0.280000000000E+003     0.421239842109E-014     0.258375314978E-014     0.258459093431E-019
     0.437461562859E-005    -0.280000000000E+003     0.125002230085E-029     0.102072066960E-013     0.380028538646E-019
     0.563709231599E-005    -0.280000000000E+003    -0.421239842109E-014     0.762345354621E-014     0.489988261060E-019
     0.697531753239E-005    -0.280000000000E+003    -0.421239842109E-014     0.127270568942E-013     0.669391453115E-019
     0.839383618521E-005    -0.280000000000E+003    -0.421239842109E-014     0.762345354621E-014     0.792942183881E-019
     0.989746587602E-005    -0.280000000000E+003    -0.842479684218E-014     0.503970039643E-014     0.940555266602E-019
     0.114913132622E-004    -0.280000000000E+003    -0.168495936844E-013     0.100794007929E-013     0.125349498508E-018
     0.131807914004E-004    -0.280000000000E+003    -0.210619921054E-013     0.177028543391E-013     0.171833135824E-018
     0.149716381303E-004    -0.280000000000E+003    -0.168495936844E-013     0.202866074888E-013     0.219060424502E-018
     0.168699355614E-004    -0.280000000000E+003    -0.168495936844E-013     0.202866074888E-013     0.269121347799E-018
     0.188821307298E-004    -0.280000000000E+003    -0.126371952633E-013     0.126631539426E-013     0.305119635881E-018
     0.210150574931E-004    -0.280000000000E+003    -0.210619921054E-013     0.125992509911E-013     0.357467613690E-018
     0.232759597402E-004    -0.280000000000E+003    -0.210619921054E-013     0.125992509911E-013     0.412956467173E-018
     0.256725159928E-004    -0.280000000000E+003    -0.252743905265E-013     0.151191011893E-013     0.483538284993E-018
     0.282128654833E-004    -0.280000000000E+003    -0.168495936844E-013     0.151830041408E-013     0.541156212816E-018
     0.309056357980E-004    -0.280000000000E+003    -0.210619921054E-013     0.125992509911E-013     0.607244314433E-018
     0.337599721774E-004    -0.280000000000E+003    -0.252743905265E-013     0.100154978413E-013     0.684843690057E-018
     0.367855685763E-004    -0.280000000000E+003    -0.210619921054E-013     0.125992509911E-013     0.759100273017E-018
     0.399927005860E-004    -0.280000000000E+003    -0.252743905265E-013     0.151191011893E-013     0.853554641443E-018
     0.433922603327E-004    -0.280000000000E+003    -0.252743905265E-013     0.151191011893E-013     0.953676266570E-018
     0.469957934698E-004    -0.280000000000E+003    -0.252743905265E-013     0.151191011893E-013     0.105980518348E-017
     0.508155383889E-004    -0.280000000000E+003    -0.336991873687E-013     0.150551982377E-013     0.120078918061E-017
     0.548644677845E-004    -0.280000000000E+003    -0.379115857898E-013     0.736784173994E-014     0.135716245234E-017
     0.591563327122E-004    -0.280000000000E+003    -0.379115857898E-013     0.736784173994E-014     0.152291811142E-017
     0.637057092900E-004    -0.280000000000E+003    -0.379115857898E-013     0.736784173994E-014     0.169861910056E-017
     0.685280482021E-004    -0.280000000000E+003    -0.379115857898E-013     0.736784173994E-014     0.188486213900E-017
     0.736397271730E-004    -0.280000000000E+003    -0.379115857898E-013     0.226423839194E-014     0.207899931279E-017
     0.790581065897E-004    -0.280000000000E+003    -0.421239842109E-013     0.478408859016E-014     0.230871032750E-017
     0.848015884613E-004    -0.280000000000E+003    -0.421239842109E-013    -0.319514757835E-015     0.255065562690E-017
     0.908896789166E-004    -0.280000000000E+003    -0.463363826320E-013    -0.290326790761E-014     0.283330890989E-017
     0.973430544509E-004    -0.280000000000E+003    -0.463363826320E-013    -0.290326790761E-014     0.313292137369E-017
     0.104183632148E-003    -0.280000000000E+003    -0.463363826320E-013    -0.290326790761E-014     0.345051056818E-017
     0.111434644115E-003    -0.280000000000E+003    -0.505487810531E-013    -0.105906244054E-013     0.382499852774E-017
     0.119120716386E-003    -0.280000000000E+003    -0.547611794741E-013    -0.131743775552E-013     0.425790599833E-017
     0.127267952553E-003    -0.280000000000E+003    -0.547611794741E-013    -0.807077420717E-014     0.470887772204E-017
     0.135904022424E-003    -0.280000000000E+003    -0.547611794741E-013    -0.807077420717E-014     0.518690772337E-017
     0.145058255993E-003    -0.280000000000E+003    -0.505487810531E-013    -0.383417709402E-015     0.564965638302E-017
     0.154761743052E-003    -0.280000000000E+003    -0.505487810531E-013    -0.383417709402E-015     0.614016993577E-017
     0.165047438780E-003    -0.280000000000E+003    -0.505487810531E-013    -0.383417709402E-015     0.666011427362E-017
     0.175950275662E-003    -0.280000000000E+003    -0.421239842109E-013     0.478408859016E-014     0.712233766755E-017
     0.187507282134E-003    -0.280000000000E+003    -0.421239842109E-013    -0.319514757835E-015     0.760917883000E-017
     0.199757708333E-003    -0.280000000000E+003    -0.463363826320E-013     0.220033544038E-014     0.817745890078E-017
     0.212743159403E-003    -0.280000000000E+003    -0.421239842109E-013     0.478408859016E-014     0.872797426938E-017
     0.226507736794E-003    -0.280000000000E+003    -0.421239842109E-013    -0.319514757835E-015     0.930780978941E-017
     0.241098188040E-003    -0.280000000000E+003    -0.336991873687E-013    -0.255611806268E-015     0.979951028385E-017
     0.256564065527E-003    -0.280000000000E+003    -0.252743905265E-013    -0.529531220269E-014     0.101988879796E-016
     0.272957894778E-003    -0.280000000000E+003    -0.294867889476E-013    -0.787906535247E-014     0.106992491321E-016
     0.290335352846E-003    -0.280000000000E+003    -0.336991873687E-013    -0.535921515426E-014     0.112922143504E-016
     0.308755457403E-003    -0.280000000000E+003    -0.294867889476E-013     0.232814134351E-014     0.118370544413E-016
     0.328280767180E-003    -0.280000000000E+003    -0.252743905265E-013    -0.529531220269E-014     0.123412594717E-016
     0.348977594427E-003    -0.280000000000E+003    -0.252743905265E-013    -0.103989155507E-013     0.129069050330E-016
     0.370916230124E-003    -0.280000000000E+003    -0.294867889476E-013    -0.129826687005E-013     0.136137311086E-016
     0.394171182707E-003    -0.280000000000E+003    -0.294867889476E-013    -0.180862720485E-013     0.144181588637E-016
     0.418821431115E-003    -0.280000000000E+003    -0.210619921054E-013    -0.180223690969E-013     0.151014703742E-016
     0.444950693017E-003    -0.280000000000E+003    -0.168495936844E-013    -0.205422192951E-013     0.157956888105E-016
     0.472647709137E-003    -0.280000000000E+003    -0.210619921054E-013    -0.129187657489E-013     0.164800360763E-016
     0.502006544641E-003    -0.280000000000E+003    -0.126371952633E-013    -0.179584661453E-013     0.171247317784E-016
     0.533126908594E-003    -0.280000000000E+003    -0.126371952633E-013    -0.179584661453E-013     0.178081091858E-016
     0.566114492604E-003    -0.280000000000E+003    -0.168495936844E-013    -0.205422192951E-013     0.186845437776E-016
     0.601081329767E-003    -0.280000000000E+003    -0.126371952633E-013    -0.281656728413E-013     0.197639966200E-016
     0.638146175159E-003    -0.280000000000E+003    -0.421239842109E-014    -0.281017698897E-013     0.208172212983E-016
     0.677434909153E-003    -0.280000000000E+003    -0.126371952633E-013    -0.775125944934E-014     0.213996769151E-016
     0.719080964939E-003    -0.280000000000E+003    -0.126371952633E-013    -0.128548627973E-013     0.221503997204E-016
     0.763225781689E-003    -0.280000000000E+003    -0.168495936844E-013    -0.103350125991E-013     0.230229958010E-016
     0.810019284919E-003    -0.280000000000E+003    -0.252743905265E-013    -0.155025188987E-013     0.244104234942E-016
     0.859620395664E-003    -0.280000000000E+003    -0.252743905265E-013    -0.206061222467E-013     0.260279119058E-016
     0.912197570216E-003    -0.280000000000E+003    -0.252743905265E-013    -0.257097255947E-013     0.279234519865E-016
     0.967929372233E-003    -0.280000000000E+003    -0.252743905265E-013    -0.257097255947E-013     0.299327243635E-016
     0.102700507918E-002    -0.280000000000E+003    -0.210619921054E-013    -0.180223690969E-013     0.315703188364E-016
     0.108962532517E-002    -0.280000000000E+003    -0.252743905265E-013    -0.155025188987E-013     0.334270095614E-016
     0.115600278233E-002    -0.280000000000E+003    -0.168495936844E-013    -0.205422192951E-013     0.351905670125E-016
     0.122636288312E-002    -0.280000000000E+003    -0.187503345127E-029    -0.153108100440E-013     0.362678371504E-016
     0.130094458593E-002    -0.280000000000E+003    -0.842479684218E-014    -0.102711096476E-013     0.372586036195E-016
     0.138000118665E-002    -0.280000000000E+003    -0.126371952633E-013    -0.775125944934E-014     0.384306179975E-016
     0.146380117888E-002    -0.280000000000E+003    -0.126371952633E-013    -0.775125944934E-014     0.396729531712E-016
     0.155262916586E-002    -0.280000000000E+003    -0.210619921054E-013    -0.271155905291E-014     0.415592883405E-016
     0.164678682697E-002    -0.280000000000E+003    -0.126371952633E-013    -0.264765610135E-014     0.427750121092E-016
     0.174659394236E-002    -0.280000000000E+003    -0.210619921054E-013    -0.271155905291E-014     0.448944980766E-016
     0.185238947896E-002    -0.280000000000E+003    -0.210619921054E-013    -0.781516240091E-014     0.472712137609E-016
     0.196453274170E-002    -0.280000000000E+003    -0.210619921054E-013    -0.781516240091E-014     0.497905322503E-016
     0.208340459379E-002    -0.280000000000E+003    -0.252743905265E-013    -0.206061222467E-013     0.536669342165E-016
     0.220940875020E-002    -0.280000000000E+003    -0.294867889476E-013    -0.180862720485E-013     0.580256290070E-016
     0.234297314879E-002    -0.280000000000E+003    -0.252743905265E-013    -0.257097255947E-013     0.628409632852E-016
     0.248455140365E-002    -0.280000000000E+003    -0.252743905265E-013    -0.155025188987E-013     0.670387595175E-016
     0.263462434571E-002    -0.280000000000E+003    -0.126371952633E-013    -0.179584661453E-013     0.703342369809E-016
     0.279370165569E-002    -0.280000000000E+003    -0.842479684218E-014    -0.153747129955E-013     0.731231258358E-016
     0.296232359518E-002    -0.280000000000E+003    -0.126371952633E-013    -0.128548627973E-013     0.761627494700E-016
     0.314106284138E-002    -0.280000000000E+003    -0.126371952633E-013    -0.775125944934E-014     0.788125594109E-016
     0.333052643213E-002    -0.280000000000E+003    -0.168495936844E-013     0.100794007929E-013     0.825325318037E-016
     0.353135782749E-002    -0.280000000000E+003    -0.421239842109E-014     0.762345354621E-014     0.842817414885E-016
     0.374423909507E-002    -0.280000000000E+003    -0.187503345127E-029    -0.153108100440E-013     0.875411261384E-016
     0.396989322653E-002    -0.280000000000E+003    -0.421239842109E-014    -0.178945631938E-013     0.916894794941E-016
     0.420908659296E-002    -0.280000000000E+003    -0.842479684218E-014    -0.204783163435E-013     0.969860796768E-016
     0.446263154769E-002    -0.280000000000E+003    -0.252743905265E-013    -0.155025188987E-013     0.104503689332E-015
     0.473138918520E-002    -0.280000000000E+003    -0.168495936844E-013    -0.205422192951E-013     0.111644208937E-015
     0.501627226558E-002    -0.280000000000E+003    -0.842479684218E-014     0.503970039643E-014     0.114440939406E-015
     0.531824831448E-002    -0.280000000000E+003    -0.842479684218E-014    -0.153747129955E-013     0.119735079955E-015
     0.563834290904E-002    -0.280000000000E+003    -0.842479684218E-014    -0.639029515670E-016     0.122431889460E-015
     0.597764316095E-002    -0.280000000000E+003    -0.210619921054E-013     0.228064576870E-013     0.132965192537E-015
     0.633730140856E-002    -0.280000000000E+003    -0.421239842109E-014     0.762345354621E-014     0.136097758981E-015
     0.671853913045E-002    -0.280000000000E+003     0.125002230085E-029     0.102072066960E-013     0.139989131209E-015
     0.712265109384E-002    -0.280000000000E+003     0.210619921054E-013    -0.239204429508E-014     0.148555250525E-015
     0.755100975191E-002    -0.280000000000E+003     0.000000000000E+000     0.000000000000E+000     0.148555250525E-015
     0.800506990496E-002    -0.280000000000E+003     0.252743905265E-013    -0.491189449329E-014     0.160246056457E-015
     0.848637364120E-002    -0.280000000000E+003     0.168495936844E-013     0.127805903134E-015     0.168356062141E-015
     0.899655557408E-002    -0.280000000000E+003     0.126371952633E-013     0.179584661453E-013     0.179559234671E-015
     0.953734839373E-002    -0.280000000000E+003    -0.842479684218E-014     0.101433037444E-013     0.186689989689E-015
     0.101105887516E-001    -0.280000000000E+003     0.168495936844E-013     0.154386159471E-013     0.199790252349E-015
     0.107182234982E-001    -0.280000000000E+003     0.294867889476E-013    -0.743174469150E-014     0.218267760115E-015
     0.113623162948E-001    -0.280000000000E+003    -0.210619921054E-013    -0.271155905291E-014     0.231945599002E-015
     0.120450546223E-001    -0.280000000000E+003    -0.842479684218E-014     0.203505104404E-013     0.246983218352E-015
     0.127687572104E-001    -0.280000000000E+003    -0.168495936844E-013     0.253902108368E-013     0.269036225963E-015
     0.135358819124E-001    -0.280000000000E+003    -0.126371952633E-013     0.245594724665E-014     0.278911906483E-015
     0.143490340526E-001    -0.280000000000E+003     0.126371952633E-013    -0.755955059464E-014     0.290886120766E-015
     0.152109752747E-001    -0.280000000000E+003     0.625011150424E-030     0.510360334799E-014     0.295285126873E-015
     0.161246329208E-001    -0.280000000000E+003     0.425452240530E-012     0.822355436407E-012     0.114123445696E-014
     0.170931099734E-001    -0.280000000000E+003     0.185345530528E-012     0.830635185024E-013     0.133793906955E-014
     0.181196955938E-001    -0.280000000000E+003     0.842479684217E-014    -0.867548666207E-012     0.222859404852E-014
     0.192078762926E-001    -0.280000000001E+003    -0.143529051401E-009    -0.267841270623E-009     0.332898643058E-012
     0.203613477710E-001    -0.280000000000E+003    -0.739023178994E-010    -0.379113761042E-011     0.418254950391E-012
     0.215148192495E-001    -0.279999999998E+003     0.202195124215E-010     0.377120821181E-009     0.853877839864E-012
     0.226682907280E-001    -0.279999999994E+003     0.177876948135E-009     0.898743861504E-009     0.191066215680E-011
     0.238217622065E-001    -0.279999999986E+003     0.416538805511E-009     0.152090477873E-008     0.372958680650E-011
     0.249752336849E-001    -0.279999999974E+003     0.897708440076E-009     0.248438663010E-008     0.677659855111E-011
     0.261287051634E-001    -0.279999999962E+003     0.117147642601E-008     0.276414769511E-008     0.102394862023E-010
     0.272821766419E-001    -0.279999999950E+003     0.138334321717E-008     0.272434408919E-008     0.137638444869E-010
     0.284356481203E-001    -0.279999999936E+003     0.175846993405E-008     0.292805963666E-008     0.177035448107E-010
     0.296583278215E-001    -0.279999999927E+003     0.184870793319E-008     0.246697007022E-008     0.214728230844E-010
     0.308810075227E-001    -0.279999999920E+003     0.183530408149E-008     0.186463299813E-008     0.246717600832E-010
     0.321770479360E-001    -0.279999999918E+003     0.169397390201E-008     0.112345940247E-008     0.273061702062E-010
     0.335508506999E-001    -0.279999999920E+003     0.140462425428E-008     0.278409665802E-009     0.292733872828E-010
     0.350070815510E-001    -0.279999999930E+003     0.604298040583E-009    -0.133242006586E-008     0.314039278458E-010
     0.365506861699E-001    -0.279999999937E+003     0.429121239738E-009    -0.995920879702E-009     0.330778696869E-010
     0.381869069776E-001    -0.280000000123E+003    -0.163212788730E-007     0.600006355545E-008     0.615304701996E-010
     0.398231277853E-001    -0.280000000100E+003    -0.144436317675E-007     0.681904443023E-008     0.876648589900E-010
     0.415575217479E-001    -0.279999999997E+003    -0.591809963946E-008     0.490516183899E-008     0.100996530195E-009
     0.433959792489E-001    -0.279999999935E+003    -0.167190093407E-008     0.484636734418E-008     0.110421656361E-009
     0.453447440948E-001    -0.279999999884E+003     0.852391458377E-009     0.491242923740E-008     0.120137872733E-009
     0.474104347200E-001    -0.279999999894E+003    -0.261990541230E-008     0.667853824814E-008     0.134957209479E-009
     0.496000666644E-001    -0.279999999822E+003     0.111337481564E-008     0.609363210536E-008     0.148520906734E-009
     0.519210764003E-001    -0.280000000287E+003    -0.455295144745E-007     0.231067575211E-007     0.267025648238E-009
     0.543813465875E-001    -0.279999999896E+003    -0.122215958314E-007     0.104886676647E-007     0.306648951064E-009
     0.569892328451E-001    -0.279999999746E+003    -0.144480211217E-008     0.807872698296E-008     0.328051624740E-009
     0.597535921290E-001    -0.279999997685E+003     0.188498458973E-006    -0.552291159721E-007     0.871034871260E-009
     0.626838128117E-001    -0.280000000272E+003    -0.631057805577E-007     0.328157540845E-007     0.107945603791E-008
     0.656140334944E-001    -0.279999999645E+003    -0.973947377587E-008     0.122533405754E-007     0.112532140592E-008
     0.687200672504E-001    -0.279999999505E+003     0.675415965127E-010     0.852664823166E-008     0.115180629402E-008
     0.718261010064E-001    -0.279999999449E+003     0.235959183407E-008     0.714700901148E-008     0.117518369391E-008
     0.751184966101E-001    -0.279999999342E+003     0.992133988637E-008     0.384603387271E-008     0.121021715978E-008
     0.786084357616E-001    -0.279999999343E+003     0.763675401713E-008     0.379679222174E-008     0.123998117352E-008
     0.823077710624E-001    -0.279999999462E+003    -0.552593800388E-008     0.652441955995E-008     0.127161082381E-008
     0.862290662697E-001    -0.279999999360E+003     0.299821250094E-008     0.403225759660E-008     0.129131445607E-008
     0.903856389650E-001    -0.279999979447E+003     0.192681169373E-005    -0.592185006299E-006     0.966996537771E-008
     0.945422116603E-001    -0.279999993827E+003     0.500387257481E-006    -0.125826717361E-006     0.118146109614E-007
     0.986987843556E-001    -0.279999996905E+003     0.175279801808E-006    -0.376711275434E-007     0.125598106388E-007
     0.103104751175E+000    -0.279999997915E+003     0.738608858035E-007    -0.136559724945E-007     0.128907546539E-007
     0.107510717994E+000    -0.279999990648E+003     0.784406885285E-006    -0.234430130231E-006     0.164978711395E-007
     0.112181042570E+000    -0.279999996562E+003     0.203772663794E-006    -0.498243268187E-007     0.174775908310E-007
     0.116851367146E+000    -0.279999997879E+003     0.737373277490E-007    -0.144831269529E-007     0.178285480719E-007
     0.121801910930E+000    -0.279999998511E+003     0.195089778917E-007    -0.262722157366E-008     0.179259999395E-007
     0.126752454713E+000    -0.279999998667E+003     0.146508397894E-007    -0.350912314671E-008     0.180005810033E-007
     0.131702998497E+000    -0.279999983356E+003     0.152151234144E-005    -0.453444570959E-006     0.258602795084E-007
     0.136950574624E+000    -0.279999995215E+003     0.339988766197E-006    -0.850823513319E-007     0.276994135852E-007
     0.142513005019E+000    -0.279999988577E+003     0.985917466882E-006    -0.280614810204E-006     0.334013196635E-007
     0.148075435414E+000    -0.279999990039E+003     0.831331860185E-006    -0.229870466727E-006     0.381990669271E-007
     0.153971611314E+000    -0.279999996292E+003     0.204510478409E-006    -0.485610265425E-007     0.394384244348E-007
     0.159867787214E+000    -0.279999997735E+003     0.676071127649E-007    -0.153893757612E-007     0.398472448200E-007
     0.166117733330E+000    -0.279999996323E+003     0.221374095550E-006    -0.609059511448E-007     0.412822306119E-007
     0.172367679447E+000    -0.279999998099E+003     0.540302785026E-007    -0.114143205474E-007     0.416273701402E-007
     0.178617625564E+000    -0.279999998546E+003     0.202087583693E-007    -0.443471869688E-008     0.417566791910E-007
     0.184867571680E+000    -0.279999998783E+003     0.940515682987E-008    -0.425827733530E-008     0.418212051254E-007
     0.191492514206E+000    -0.279999998963E+003     0.462426149716E-008    -0.403229735709E-008     0.418618518427E-007
     0.198117456733E+000    -0.279999999057E+003     0.596754481054E-008    -0.455163278099E-008     0.419115737696E-007
     0.205139895431E+000    -0.279999999978E+003    -0.777771389352E-007     0.194990523824E-007     0.424746619807E-007
     0.212162334130E+000    -0.279999999428E+003    -0.153197390981E-007     0.243388762649E-008     0.425835931605E-007
     0.219184772828E+000    -0.279999999044E+003     0.281158514283E-007    -0.832669743011E-008     0.427895117308E-007
     0.226207211527E+000    -0.279999999322E+003     0.377267037982E-008    -0.213160396843E-008     0.428199414878E-007
     0.233229650225E+000    -0.279999999382E+003     0.956526163118E-009    -0.127258037115E-008     0.428311210759E-007
     0.240673434844E+000    -0.279999999415E+003     0.412756073341E-009    -0.466548717074E-009     0.428357579938E-007
     0.248117219462E+000    -0.279999999446E+003     0.202018204245E-009    -0.624715529517E-009     0.428406453406E-007
     0.255561004081E+000    -0.279999999480E+003    -0.294484562268E-009    -0.105632427957E-008     0.428488082308E-007
     0.263004788700E+000    -0.279999999505E+003    -0.305394674166E-009    -0.865236258856E-009     0.428556382822E-007
     0.270448573318E+000    -0.280000000142E+003    -0.624173188538E-007     0.162283017417E-007     0.433357063836E-007
     0.277892357937E+000    -0.279999999651E+003    -0.109288697469E-007     0.222086740258E-008     0.434187212525E-007
     0.285782769207E+000    -0.279999999859E+003    -0.308791762136E-007     0.817118077705E-008     0.436707568131E-007
     0.293673180476E+000    -0.279999999612E+003    -0.535397946940E-008     0.131520512803E-008     0.437142578610E-007
     0.301563591746E+000    -0.279999999577E+003    -0.158871028151E-008     0.504278469331E-009     0.437274097758E-007
     0.309454003016E+000    -0.279999999571E+003    -0.884506785866E-009     0.410084348994E-009     0.437351025077E-007
     0.317344414286E+000    -0.279999999782E+003    -0.220742988773E-007     0.606274713751E-008     0.439157277188E-007
     0.325234825556E+000    -0.279999999603E+003    -0.345688792408E-008     0.984787664310E-009     0.439440891991E-007
     0.333125236825E+000    -0.279999999576E+003    -0.511840108836E-009     0.344867272264E-009     0.439489590197E-007
     0.341489072320E+000    -0.279999999569E+003     0.349216254935E-009     0.995299695365E-009     0.439577810761E-007
     0.349852907814E+000    -0.279999998958E+003     0.643757265859E-007    -0.174438315121E-007     0.445156257948E-007
     0.358216743309E+000    -0.279999991949E+003     0.771032828502E-006    -0.207329407724E-006     0.511934929984E-007
     0.367082408455E+000    -0.279999998232E+003     0.122607957083E-006    -0.284339914232E-007     0.523093419349E-007
     0.375948073600E+000    -0.279999999161E+003     0.270822931110E-007    -0.648140592427E-008     0.525562247193E-007
     0.384813738746E+000    -0.279999999391E+003     0.780758783328E-008    -0.248628758401E-008     0.526288691235E-007
     0.394211343293E+000    -0.279999999477E+003     0.320391233896E-008    -0.806888701837E-009     0.526599183932E-007
     0.403608947840E+000    -0.280000003184E+003    -0.370120538380E-006     0.959083516719E-007     0.562530445922E-007
     0.413006552387E+000    -0.280000000511E+003    -0.910376340376E-007     0.178967399119E-007     0.571249551377E-007
     0.422404156934E+000    -0.279999996654E+003     0.307980439896E-006    -0.858963271152E-007     0.601296932331E-007
     0.431801761481E+000    -0.279999999304E+003     0.359518939676E-007    -0.114296289492E-007     0.604842177989E-007
     0.441199366028E+000    -0.279999999478E+003     0.205846179155E-007    -0.644061284574E-008     0.606869117311E-007
     0.450596970575E+000    -0.279999999687E+003     0.298038141168E-008    -0.220193171778E-008     0.607217351208E-007
     0.459994575122E+000    -0.280000002691E+003    -0.298788670685E-006     0.758423732535E-007     0.636186789232E-007
     0.469392179669E+000    -0.280000000347E+003    -0.509435584874E-007     0.972171317970E-008     0.641060657181E-007
     0.478789784216E+000    -0.279999999996E+003    -0.121068669396E-007     0.140798704972E-008     0.642206080828E-007
     0.488187388763E+000    -0.279999999891E+003    -0.147146238036E-008     0.225281094210E-009     0.642345974300E-007
     0.498148849045E+000    -0.279999999844E+003     0.187915515005E-008    -0.414017841892E-009     0.642537655028E-007
     0.508148849045E+000    -0.279999999568E+003     0.966850876829E-007     0.946795197133E-007     0.656069919300E-007
     0.518148849045E+000    -0.279999999836E+003     0.117225866940E-007     0.830089296968E-008     0.657506317096E-007
     0.528148849045E+000    -0.279999999253E+003     0.734842335200E-007    -0.335751977156E-008     0.664862406761E-007
     0.538148849045E+000    -0.279999999757E+003     0.103393614286E-007    -0.103098852113E-008     0.665901470436E-007
     0.548148849045E+000    -0.279999999837E+003     0.507075885301E-009    -0.536337018761E-009     0.665975279876E-007
     0.558148849045E+000    -0.279999999847E+003     0.159767847483E-009    -0.109899233372E-008     0.666086334363E-007
     0.568148849045E+000    -0.280000000573E+003    -0.729290850823E-007     0.176443763071E-007     0.673589650608E-007
     0.578148849045E+000    -0.280000000117E+003    -0.244064721487E-007     0.498091267099E-008     0.676080604991E-007
     0.588148849045E+000    -0.279999999957E+003    -0.758851359827E-008     0.110832535472E-008     0.676847507355E-007
     0.598148849045E+000    -0.279999997327E+003     0.259422301232E-006    -0.663075245006E-007     0.703623731545E-007
     0.608148849045E+000    -0.279999999453E+003     0.362698921015E-007    -0.714144299493E-008     0.707320358766E-007
     0.618148849045E+000    -0.279999999723E+003     0.589814973160E-008    -0.201622455285E-008     0.707943683173E-007
     0.628148849045E+000    -0.279999999222E+003     0.582469731772E-007    -0.149356487927E-007     0.713956821696E-007
     0.638148849045E+000    -0.279999999775E+003     0.183916685267E-008     0.385747774435E-009     0.714144740190E-007
     0.648148849045E+000    -0.279999999763E+003     0.883197571268E-008     0.456122456076E-008     0.715138765162E-007
     0.658148849045E+000    -0.279999999409E+003     0.394731768055E-007    -0.957043258132E-008     0.719200445685E-007
     0.668148849045E+000    -0.279999999734E+003     0.704091023893E-008     0.485448469818E-010     0.719904553444E-007
     0.678148849045E+000    -0.280000000230E+003    -0.657434075421E-007    -0.894198001670E-008     0.726539426948E-007
     0.688148849045E+000    -0.279999999840E+003    -0.833746540723E-008    -0.254499525440E-008     0.727411151275E-007
     0.698148849045E+000    -0.279999998169E+003     0.165498564698E-006    -0.402725544073E-007     0.744443958899E-007
     0.708148849045E+000    -0.279999999548E+003     0.337217785659E-007    -0.154565868271E-008     0.747819677208E-007
     0.718148849045E+000    -0.279999999890E+003    -0.929566809874E-009    -0.576487491826E-008     0.748403611086E-007
     0.728148849045E+000    -0.279999997889E+003     0.219123758296E-006    -0.648741552803E-007     0.771256155249E-007
     0.738148849045E+000    -0.279999999843E+003     0.366656510490E-007    -0.267717471552E-008     0.774932481175E-007
     0.748148849045E+000    -0.280000000146E+003    -0.890434469435E-008    -0.318863483902E-007     0.778243110372E-007
     0.758148849045E+000    -0.280000000720E+003    -0.215719980282E-006    -0.240703348409E-006     0.810565426475E-007
