 #        time                      h  [L]            Darcian flow [L.T^{-1}]   in    x         z              directions   cumulative flux
 #-----------------------------------------------------------------------------------------------

     0.100000000000E-005     0.400000000000E+001    -0.343299177726E-012    -0.280325052060E+004     0.280325052060E-002
     0.205999994278E-005     0.400000000000E+001    -0.294363311772E-012    -0.240365885067E+004     0.535112876477E-002
     0.318359982147E-005     0.400000000000E+001    -0.250470449337E-012    -0.204524642951E+004     0.764916740487E-002
     0.437461562859E-005     0.400000000000E+001    -0.212482995568E-012    -0.173505532956E+004     0.971564572860E-002
     0.563709231599E-005     0.400000000000E+001    -0.180842746520E-012    -0.147669308935E+004     0.115799363283E-001
     0.697531753239E-005     0.400000000000E+001    -0.155419570110E-012    -0.126909709982E+004     0.132782740694E-001
     0.839383618521E-005     0.400000000000E+001    -0.135532814155E-012    -0.110670941409E+004     0.148481620165E-001
     0.989746587602E-005     0.400000000000E+001    -0.120151973841E-012    -0.981115321778E+003     0.163233961445E-001
     0.114913132622E-004     0.400000000000E+001    -0.108170670028E-012    -0.883280551610E+003     0.177312105429E-001
     0.131807914004E-004     0.400000000000E+001    -0.986237890712E-013    -0.805324352620E+003     0.190917884308E-001
     0.149716381303E-004     0.400000000000E+001    -0.907855431304E-013    -0.741320217336E+003     0.204193793178E-001
     0.168699355614E-004     0.400000000000E+001    -0.841647210251E-013    -0.687257102078E+003     0.217239977092E-001
     0.188821307298E-004     0.400000000000E+001    -0.784477038659E-013    -0.640574114271E+003     0.230129578469E-001
     0.210150574931E-004     0.400000000000E+001    -0.734338257679E-013    -0.599632692618E+003     0.242919304652E-001
     0.232759597402E-004     0.400000000000E+001    -0.689864567164E-013    -0.563317168382E+003     0.255655355170E-001
     0.256725159928E-004     0.400000000000E+001    -0.650045388861E-013    -0.530802341796E+003     0.268376331881E-001
     0.282128654833E-004     0.400000000000E+001    -0.614093757964E-013    -0.501445607331E+003     0.281114802812E-001
     0.309056357980E-004     0.400000000000E+001    -0.581392635003E-013    -0.474743114021E+003     0.293898544458E-001
     0.337599721774E-004     0.400000000000E+001    -0.551465223002E-013    -0.450305527591E+003     0.306751778950E-001
     0.367855685763E-004     0.400000000000E+001    -0.523944447655E-013    -0.427833109121E+003     0.319696282093E-001
     0.399927005860E-004     0.400000000000E+001    -0.498538708271E-013    -0.407087748581E+003     0.332752123585E-001
     0.433922603327E-004     0.400000000000E+001    -0.475000756163E-013    -0.387867552093E+003     0.345937912757E-001
     0.469957934698E-004     0.400000000000E+001    -0.453106713648E-013    -0.369989709656E+003     0.359270614548E-001
     0.508155383889E-004     0.400000000000E+001    -0.432647682850E-013    -0.353283643212E+003     0.372765148560E-001
     0.548644677845E-004     0.400000000000E+001    -0.413431351445E-013    -0.337592317828E+003     0.386434023154E-001
     0.591563327122E-004     0.400000000000E+001    -0.395287835196E-013    -0.322777012499E+003     0.400287176548E-001
     0.637057092900E-004     0.400000000000E+001    -0.378072866375E-013    -0.308719923686E+003     0.414332008447E-001
     0.685280482021E-004     0.400000000000E+001    -0.361659287783E-013    -0.295317219654E+003     0.428573205644E-001
     0.736397271730E-004     0.400000000000E+001    -0.345878660572E-013    -0.282431359648E+003     0.443010190063E-001
     0.790581065897E-004     0.400000000000E+001    -0.330739307265E-013    -0.270069139523E+003     0.457643560730E-001
     0.848015884613E-004     0.400000000000E+001    -0.317177346820E-013    -0.258994958417E+003     0.472518889215E-001
     0.908896789166E-004     0.400000000000E+001    -0.304511328418E-013    -0.248652369507E+003     0.487657070390E-001
     0.973430544509E-004     0.400000000000E+001    -0.292586271566E-013    -0.238914821620E+003     0.503075141036E-001
     0.104183632148E-003     0.400000000000E+001    -0.281330558431E-013    -0.229723834355E+003     0.518789578413E-001
     0.111434644115E-003     0.400000000000E+001    -0.270690023477E-013    -0.221035178196E+003     0.534816865637E-001
     0.119120716386E-003     0.400000000000E+001    -0.260614722708E-013    -0.212808070775E+003     0.551173447754E-001
     0.127267952553E-003     0.400000000000E+001    -0.251057202916E-013    -0.205003763608E+003     0.567875588526E-001
     0.135904022424E-003     0.400000000000E+001    -0.241973397802E-013    -0.197586273830E+003     0.584939277190E-001
     0.145058255993E-003     0.400000000000E+001    -0.233323602414E-013    -0.190523179889E+003     0.602380214080E-001
     0.154761743052E-003     0.400000000000E+001    -0.225072784316E-013    -0.183785875627E+003     0.620213852738E-001
     0.165047438780E-003     0.400000000000E+001    -0.217190229569E-013    -0.177349281213E+003     0.638455460179E-001
     0.175950275662E-003     0.400000000000E+001    -0.209648804093E-013    -0.171191239987E+003     0.657120161832E-001
     0.187507282134E-003     0.400000000000E+001    -0.202424111526E-013    -0.165291830809E+003     0.676222949416E-001
     0.199757708333E-003     0.400000000000E+001    -0.195493669494E-013    -0.159632695427E+003     0.695778634958E-001
     0.212743159403E-003     0.400000000000E+001    -0.188835974663E-013    -0.154196275036E+003     0.715801716804E-001
     0.226507736794E-003     0.400000000000E+001    -0.182428825306E-013    -0.148964440549E+003     0.736306042509E-001
     0.241098188040E-003     0.400000000000E+001    -0.176243950562E-013    -0.143914107059E+003     0.757303760136E-001
     0.256564065527E-003     0.400000000000E+001    -0.170193080135E-013    -0.138973196397E+003     0.778797184430E-001
     0.272957894778E-003     0.400000000000E+001    -0.164547350648E-013    -0.134363108418E+003     0.800824443001E-001
     0.290335352846E-003     0.400000000000E+001    -0.159200820146E-013    -0.129997334951E+003     0.823414675371E-001
     0.308755457403E-003     0.400000000000E+001    -0.154064742533E-013    -0.125803409309E+003     0.846587794903E-001
     0.328280767180E-003     0.400000000000E+001    -0.149120234323E-013    -0.121765911957E+003     0.870362966416E-001
     0.348977594427E-003     0.400000000000E+001    -0.144355142394E-013    -0.117874919115E+003     0.894759334792E-001
     0.370916230124E-003     0.400000000000E+001    -0.139759809155E-013    -0.114122544763E+003     0.919796264135E-001
     0.394171182707E-003     0.400000000000E+001    -0.135325821657E-013    -0.110501919207E+003     0.945493433051E-001
     0.418821431115E-003     0.400000000000E+001    -0.131045567110E-013    -0.107006826132E+003     0.971870881506E-001
     0.444950693017E-003     0.400000000000E+001    -0.126912024006E-013    -0.103631532042E+003     0.998949035926E-001
     0.472647709137E-003     0.400000000000E+001    -0.122918642033E-013    -0.100370688200E+003     0.102674872162E+000
     0.502006544641E-003     0.400000000000E+001    -0.119061171516E-013    -0.972208244851E+002     0.105529162355E+000
     0.533126908594E-003     0.400000000000E+001    -0.115331341473E-013    -0.941751871262E+002     0.108459928454E+000
     0.566114492604E-003     0.400000000000E+001    -0.111721224061E-013    -0.912273025489E+002     0.111469296761E+000
     0.601081329767E-003     0.400000000000E+001    -0.108232579836E-013    -0.883786083559E+002     0.114559617168E+000
     0.638146175159E-003     0.400000000000E+001    -0.104850970452E-013    -0.856173147433E+002     0.117733009702E+000
     0.677434909153E-003     0.400000000000E+001    -0.101578230699E-013    -0.829449199309E+002     0.120991810597E+000
     0.719080964939E-003     0.400000000000E+001    -0.984114521416E-014    -0.803590490010E+002     0.124338448035E+000
     0.763225781689E-003     0.400000000000E+001    -0.953352839308E-014    -0.778471670339E+002     0.127774996958E+000
     0.810019284919E-003     0.400000000000E+001    -0.923559834095E-014    -0.754143835380E+002     0.131303900158E+000
     0.859620395664E-003     0.400000000000E+001    -0.894511387878E-014    -0.730423978980E+002     0.134926884225E+000
     0.912197570216E-003     0.400000000000E+001    -0.866113178416E-014    -0.707235081184E+002     0.138645326456E+000
     0.967929372233E-003     0.400000000000E+001    -0.838731560064E-014    -0.684876293024E+002     0.142462265453E+000
     0.102700507918E-002     0.400000000000E+001    -0.813089620975E-014    -0.663938060787E+002     0.146384526484E+000
     0.108962532517E-002     0.400000000000E+001    -0.788259237807E-014    -0.643662514250E+002     0.150415156981E+000
     0.115600278233E-002     0.400000000000E+001    -0.764144307627E-014    -0.623971179412E+002     0.154556919005E+000
     0.122636288312E-002     0.400000000000E+001    -0.740684283651E-014    -0.604814616072E+002     0.158812400739E+000
     0.130094458593E-002     0.400000000000E+001    -0.717760330109E-014    -0.586095787462E+002     0.163183602923E+000
     0.138000118665E-002     0.400000000000E+001    -0.695022588601E-014    -0.567529012516E+002     0.167670294377E+000
     0.146380117888E-002     0.400000000000E+001    -0.673342926605E-014    -0.549826225058E+002     0.172277837716E+000
     0.155262916586E-002     0.400000000000E+001    -0.653780172919E-014    -0.533852024416E+002     0.177019937783E+000
     0.164678682697E-002     0.400000000000E+001    -0.634810601190E-014    -0.518362193599E+002     0.181900714959E+000
     0.174659394236E-002     0.400000000000E+001    -0.616439470941E-014    -0.503361027335E+002     0.186924616173E+000
     0.185238947896E-002     0.400000000000E+001    -0.598620718912E-014    -0.488810912116E+002     0.192096017447E+000
     0.196453274170E-002     0.400000000000E+001    -0.581343568597E-014    -0.474703048260E+002     0.197419492313E+000
     0.208340459379E-002     0.400000000000E+001    -0.564579268025E-014    -0.461013957998E+002     0.202899650616E+000
     0.220940875020E-002     0.400000000000E+001    -0.548319282558E-014    -0.447736672271E+002     0.208541318785E+000
     0.234297314879E-002     0.400000000000E+001    -0.532542210126E-014    -0.434853714963E+002     0.214349416276E+000
     0.248455140365E-002     0.400000000000E+001    -0.517240391297E-014    -0.422358831670E+002     0.220329098907E+000
     0.263462434571E-002     0.400000000000E+001    -0.502394548707E-014    -0.410236281234E+002     0.226485635473E+000
     0.279370165569E-002     0.400000000000E+001    -0.488018791001E-014    -0.398497584235E+002     0.232824827847E+000
     0.296232359518E-002     0.400000000000E+001    -0.473942859963E-014    -0.387003714289E+002     0.239350559536E+000
     0.314106284138E-002     0.400000000000E+001    -0.460295132327E-014    -0.375859498957E+002     0.246068643889E+000
     0.333052643213E-002     0.400000000000E+001    -0.447062431792E-014    -0.365054178971E+002     0.252985091445E+000
     0.353135782749E-002     0.400000000000E+001    -0.434230257920E-014    -0.354575913825E+002     0.260106088998E+000
     0.374423909507E-002     0.400000000000E+001    -0.421755874769E-014    -0.344389806973E+002     0.267437502863E+000
     0.396989322653E-002     0.400000000000E+001    -0.409636805356E-014    -0.334493835807E+002     0.274985494463E+000
     0.420908659296E-002     0.400000000000E+001    -0.397874889816E-014    -0.324889502910E+002     0.282756635855E+000
     0.446263154769E-002     0.400000000000E+001    -0.386454569143E-014    -0.315564103391E+002     0.290757604486E+000
     0.473138918520E-002     0.400000000000E+001    -0.375384468981E-014    -0.306524680620E+002     0.298995689386E+000
     0.501627226558E-002     0.400000000000E+001    -0.364623820988E-014    -0.297737944722E+002     0.307477739670E+000
     0.531824831448E-002     0.400000000000E+001    -0.354191669086E-014    -0.289219446237E+002     0.316211474234E+000
     0.563834290904E-002     0.400000000000E+001    -0.344047900087E-014    -0.280936430264E+002     0.325204097508E+000
     0.597764316095E-002     0.400000000000E+001    -0.334167932142E-014    -0.272868824199E+002     0.334462543587E+000
     0.633730140856E-002     0.400000000000E+001    -0.324563595246E-014    -0.265026287965E+002     0.343994432617E+000
     0.671853913045E-002     0.400000000000E+001    -0.315208816069E-014    -0.257387531073E+002     0.353807016216E+000
     0.712265109384E-002     0.400000000000E+001    -0.306038105884E-014    -0.249899077919E+002     0.363905736919E+000
     0.755100975191E-002     0.400000000000E+001    -0.297062672777E-014    -0.242570080601E+002     0.374296436340E+000
     0.800506990496E-002     0.400000000000E+001    -0.288238188991E-014    -0.235364342758E+002     0.384983393290E+000
     0.848637364120E-002     0.400000000000E+001    -0.279518421568E-014    -0.228244112313E+002     0.395968867693E+000
     0.899655557408E-002     0.400000000000E+001    -0.270838326080E-014    -0.221156276461E+002     0.407251861352E+000
     0.953734839373E-002     0.400000000000E+001    -0.262078761624E-014    -0.214003549274E+002     0.418825019635E+000
     0.101105887516E-001     0.400000000000E+001    -0.253206537727E-014    -0.206758828671E+002     0.430677270129E+000
     0.107182234982E-001     0.400000000000E+001    -0.244074463225E-014    -0.199301923947E+002     0.442787547534E+000
     0.113623162948E-001     0.400000000000E+001    -0.234388820299E-014    -0.191392996300E+002     0.455115032558E+000
     0.120450546223E-001     0.400000000000E+001    -0.224430744306E-014    -0.183261610174E+002     0.467627005081E+000
     0.127687572104E-001     0.400000000000E+001    -0.213991110681E-014    -0.174737002399E+002     0.480272767168E+000
     0.135358819124E-001     0.400000000000E+001    -0.202937358868E-014    -0.165710929069E+002     0.492984861876E+000
     0.143490340526E-001     0.400000000000E+001    -0.191215630454E-014    -0.156139411451E+002     0.505681371536E+000
     0.152109752747E-001     0.400000000000E+001    -0.178140752465E-014    -0.145462963353E+002     0.518219423976E+000
     0.161246329208E-001     0.400000000000E+001    -0.164307576067E-014    -0.134167317614E+002     0.530477723535E+000
     0.170931099734E-001     0.400000000000E+001    -0.149635711014E-014    -0.122186830618E+002     0.542311237694E+000
     0.181196955938E-001     0.400000000000E+001    -0.134203318688E-014    -0.109585325974E+002     0.553561109678E+000
     0.192078762926E-001     0.400000000000E+001    -0.118252118021E-014    -0.965601821715E+001     0.564068602329E+000
     0.203613477710E-001     0.400000000000E+001    -0.102323483354E-014    -0.835534649055E+001     0.573706256199E+000
     0.215840274722E-001     0.400000000000E+001    -0.871142328260E-015    -0.711341693675E+001     0.582403686693E+000
     0.228800678855E-001     0.400000000000E+001    -0.731096027852E-015    -0.596985211051E+001     0.590140856290E+000
     0.242538706494E-001     0.400000000000E+001    -0.624498848301E-015    -0.509942008370E+001     0.597146453695E+000
     0.257101015006E-001     0.400000000000E+001    -0.550246179445E-015    -0.449310102985E+001     0.603689446032E+000
     0.272537061195E-001     0.400000000000E+001    -0.510338653796E-015    -0.416723135317E+001     0.610122003597E+000
     0.288899269272E-001     0.400000000000E+001    -0.489198513565E-015    -0.399460900813E+001     0.616658065975E+000
     0.306243208897E-001     0.400000000000E+001    -0.481663310064E-015    -0.393307940215E+001     0.623479575144E+000
     0.324627783907E-001     0.400000000000E+001    -0.480747111933E-015    -0.392559807667E+001     0.630696620374E+000
     0.344115432366E-001     0.400000000000E+001    -0.480109308721E-015    -0.392039001821E+001     0.638336538624E+000
     0.364772338618E-001     0.400000000000E+001    -0.477242825884E-015    -0.389698340956E+001     0.646386500719E+000
     0.386668658063E-001     0.400000000000E+001    -0.471733509109E-015    -0.385199642409E+001     0.654820955140E+000
     0.409878755421E-001     0.400000000000E+001    -0.467220256865E-015    -0.381514292277E+001     0.663675939007E+000
     0.434481457293E-001     0.400000000000E+001    -0.457250608396E-015    -0.373373456506E+001     0.672861934844E+000
     0.460560319869E-001     0.400000000000E+001    -0.445376546442E-015    -0.363677549112E+001     0.682346231670E+000
     0.488203912708E-001     0.400000000000E+001    -0.434046815958E-015    -0.354426122095E+001     0.692143843080E+000
     0.517506119535E-001     0.400000000000E+001    -0.423224464762E-015    -0.345589001708E+001     0.702270363486E+000
     0.548566457095E-001     0.400000000000E+001    -0.415718117903E-015    -0.339459604347E+001     0.712814093385E+000
     0.581490413132E-001     0.400000000000E+001    -0.410135723623E-015    -0.334901233489E+001     0.723840366873E+000
     0.616389804647E-001     0.400000000000E+001    -0.405719309170E-015    -0.331294957413E+001     0.735402359298E+000
     0.653383157655E-001     0.400000000000E+001    -0.400476570889E-015    -0.327013936727E+001     0.747499701298E+000
     0.692596109728E-001     0.400000000000E+001    -0.395746505325E-015    -0.323151545083E+001     0.760171427348E+000
     0.734161836681E-001     0.400000000000E+001    -0.389519369730E-015    -0.318066702988E+001     0.773392101077E+000
     0.778221504872E-001     0.400000000000E+001    -0.381642644056E-015    -0.311634868373E+001     0.787122629974E+000
     0.824924750635E-001     0.400000000000E+001    -0.372393338456E-015    -0.304082237193E+001     0.801324257430E+000
     0.874430188470E-001     0.400000000000E+001    -0.363049286557E-015    -0.296452239788E+001     0.816000255358E+000
     0.926905949743E-001     0.400000000000E+001    -0.355217609002E-015    -0.290057189754E+001     0.831221227203E+000
     0.982530253690E-001     0.400000000000E+001    -0.349631575550E-015    -0.285495847287E+001     0.847101734988E+000
     0.104149201269E+000     0.400000000000E+001    -0.344859949364E-015    -0.281599518819E+001     0.863705337951E+000
     0.110399147386E+000     0.400000000000E+001    -0.339769923999E-015    -0.277443197693E+001     0.881045388312E+000
     0.117024089912E+000     0.400000000000E+001    -0.337744885881E-015    -0.275789628582E+001     0.899316292698E+000
     0.124046528610E+000     0.400000000000E+001    -0.335255171858E-015    -0.273756622800E+001     0.918540683717E+000
     0.131490313229E+000     0.400000000000E+001    -0.332495193367E-015    -0.271502929333E+001     0.938750777010E+000
     0.139380724499E+000     0.400000000000E+001    -0.329697997753E-015    -0.269218845778E+001     0.959993251158E+000
     0.147744559993E+000     0.400000000000E+001    -0.326008709602E-015    -0.266206313386E+001     0.982258309285E+000
     0.156610225139E+000     0.400000000000E+001    -0.322226763198E-015    -0.263118119789E+001     0.100558548072E+001
     0.166007829686E+000     0.400000000000E+001    -0.317654974839E-015    -0.259384971291E+001     0.102996145458E+001
     0.175969289968E+000     0.400000000000E+001    -0.307754946630E-015    -0.251300984778E+001     0.105499470237E+001
     0.185969289968E+000     0.400000000000E+001    -0.306657377491E-015    -0.250404751561E+001     0.108003517752E+001
     0.195969289968E+000     0.400000000000E+001    -0.299198996412E-015    -0.244314521232E+001     0.110446662965E+001
     0.205969289968E+000     0.400000000000E+001    -0.299311411431E-015    -0.244406315061E+001     0.112890726115E+001
     0.215969289968E+000     0.400000000000E+001    -0.295947020686E-015    -0.241659081534E+001     0.115307316931E+001
     0.225969289968E+000     0.400000000000E+001    -0.292716246216E-015    -0.239020953976E+001     0.117697526470E+001
     0.235969289968E+000     0.400000000000E+001    -0.290669874982E-015    -0.237349965055E+001     0.120071026121E+001
     0.245969289968E+000     0.400000000000E+001    -0.288512891691E-015    -0.235588654535E+001     0.122426912666E+001
     0.255969289968E+000     0.400000000000E+001    -0.286568021106E-015    -0.234000547182E+001     0.124766918138E+001
     0.265969289968E+000     0.400000000000E+001    -0.284571035691E-015    -0.232369884843E+001     0.127090616986E+001
     0.275969289968E+000     0.400000000000E+001    -0.282454774253E-015    -0.230641826239E+001     0.129397035249E+001
     0.285969289968E+000     0.400000000000E+001    -0.281317245516E-015    -0.229712963535E+001     0.131694164884E+001
     0.295969289968E+000     0.400000000000E+001    -0.279477924775E-015    -0.228211044172E+001     0.133976275326E+001
     0.305969289968E+000     0.400000000000E+001    -0.277612590049E-015    -0.226687882777E+001     0.136243154154E+001
     0.315969289968E+000     0.400000000000E+001    -0.275791164870E-015    -0.225200576249E+001     0.138495159916E+001
     0.325969289968E+000     0.400000000000E+001    -0.273995735405E-015    -0.223734496832E+001     0.140732504885E+001
     0.335969289968E+000     0.400000000000E+001    -0.272449378401E-015    -0.222471800515E+001     0.142957222890E+001
     0.345969289968E+000     0.400000000000E+001    -0.271245228273E-015    -0.221488537317E+001     0.145172108263E+001
     0.355969289968E+000     0.400000000000E+001    -0.270089007865E-015    -0.220544411705E+001     0.147377552380E+001
     0.365969289968E+000     0.400000000000E+001    -0.269095610266E-015    -0.219733241007E+001     0.149574884790E+001
     0.375969289968E+000     0.400000000000E+001    -0.267588525291E-015    -0.218502612735E+001     0.151759910917E+001
     0.385969289968E+000     0.400000000000E+001    -0.266095363251E-015    -0.217283353401E+001     0.153932744451E+001
     0.395969289968E+000     0.400000000000E+001    -0.264695990624E-015    -0.216140678936E+001     0.156094151241E+001
     0.405969289968E+000     0.400000000000E+001    -0.263048146396E-015    -0.214795112011E+001     0.158242102361E+001
     0.415969289968E+000     0.400000000000E+001    -0.261305191373E-015    -0.213371881227E+001     0.160375821173E+001
     0.425969289968E+000     0.400000000000E+001    -0.260039977402E-015    -0.212338755618E+001     0.162499208729E+001
     0.435969289968E+000     0.400000000000E+001    -0.258853002247E-015    -0.211369516850E+001     0.164612903898E+001
     0.445969289968E+000     0.400000000000E+001    -0.257847462918E-015    -0.210548431677E+001     0.166718388214E+001
     0.455969289968E+000     0.400000000000E+001    -0.257153253246E-015    -0.209981566460E+001     0.168818203879E+001
     0.465969289968E+000     0.400000000000E+001    -0.256681194496E-015    -0.209596101239E+001     0.170914164891E+001
     0.475969289968E+000     0.400000000000E+001    -0.256173761838E-015    -0.209181751029E+001     0.173005982402E+001
     0.485969289968E+000     0.400000000000E+001    -0.255402655454E-015    -0.208552094883E+001     0.175091503351E+001
     0.495969289968E+000     0.400000000000E+001    -0.254521588086E-015    -0.207832648779E+001     0.177169829838E+001
     0.505969289968E+000     0.400000000000E+001    -0.254554257162E-015    -0.207859325104E+001     0.179248423089E+001
     0.515969289968E+000     0.400000000000E+001    -0.254651614537E-015    -0.207938823434E+001     0.181327811324E+001
     0.525969289968E+000     0.400000000000E+001    -0.253395568053E-015    -0.206913183645E+001     0.183396943160E+001
     0.535969289968E+000     0.400000000000E+001    -0.252433873824E-015    -0.206127900714E+001     0.185458222167E+001
     0.545969289968E+000     0.400000000000E+001    -0.251562205057E-015    -0.205416129150E+001     0.187512383459E+001
     0.555969289968E+000     0.400000000000E+001    -0.251001651494E-015    -0.204958402429E+001     0.189561967483E+001
     0.565969289968E+000     0.400000000000E+001    -0.250160294336E-015    -0.204271382173E+001     0.191604681305E+001
     0.575969289968E+000     0.400000000000E+001    -0.248987980036E-015    -0.203314114902E+001     0.193637822454E+001
     0.585969289968E+000     0.400000000000E+001    -0.247526739587E-015    -0.202120921526E+001     0.195659031669E+001
     0.595969289968E+000     0.400000000000E+001    -0.245977936860E-015    -0.200856228123E+001     0.197667593950E+001
     0.605969289968E+000     0.400000000000E+001    -0.245227270220E-015    -0.200243262295E+001     0.199670026573E+001
     0.615969289968E+000     0.400000000000E+001    -0.244824743367E-015    -0.199914574175E+001     0.201669172315E+001
     0.625969289968E+000     0.400000000000E+001    -0.244021284602E-015    -0.199258500305E+001     0.203661757318E+001
     0.635969289968E+000     0.400000000000E+001    -0.243769713862E-015    -0.199053077207E+001     0.205652288090E+001
     0.645969289968E+000     0.400000000000E+001    -0.243310021131E-015    -0.198677709606E+001     0.207639065186E+001
     0.655969289968E+000     0.400000000000E+001    -0.239417753381E-015    -0.195499431794E+001     0.209594059504E+001
     0.665969289968E+000     0.400000000000E+001    -0.240323099256E-015    -0.196238702803E+001     0.211556446532E+001
     0.675969289968E+000     0.400000000000E+001    -0.241346248441E-015    -0.197074167515E+001     0.213527188207E+001
     0.685969289968E+000     0.400000000000E+001    -0.240750256717E-015    -0.196587503339E+001     0.215493063241E+001
     0.695969289968E+000     0.400000000000E+001    -0.239813503068E-015    -0.195822585936E+001     0.217451289100E+001
     0.705969289968E+000     0.400000000000E+001    -0.236364169929E-015    -0.193005991681E+001     0.219381349017E+001
     0.715969289968E+000     0.400000000000E+001    -0.237178826650E-015    -0.193671209376E+001     0.221318061111E+001
     0.725969289968E+000     0.400000000000E+001    -0.236403982972E-015    -0.193038501498E+001     0.223248446126E+001
     0.735969289968E+000     0.400000000000E+001    -0.236766057725E-015    -0.193334157971E+001     0.225181787705E+001
     0.745969289968E+000     0.400000000000E+001    -0.236987596405E-015    -0.193515058031E+001     0.227116938286E+001
     0.755969289968E+000     0.400000000000E+001    -0.237150865110E-015    -0.193648377046E+001     0.229053422056E+001
