 #        time                      h  [L]            Darcian flow [L.T^{-1}]   in    x         z              directions   cumulative flux
 #-----------------------------------------------------------------------------------------------

     0.100000000000E-005    -0.280000000000E+003     0.663578408075E-014     0.460802329662E-014     0.807883092214E-020
     0.205999994278E-005    -0.280000000000E+003    -0.663578408075E-014     0.119794212412E-013     0.225950323921E-019
     0.318359982147E-005    -0.280000000000E+003    -0.132715681615E-013     0.239588424825E-013     0.533693778472E-019
     0.437461562859E-005    -0.280000000000E+003    -0.132715681615E-013     0.322525647514E-013     0.949077074995E-019
     0.563709231599E-005    -0.280000000000E+003    -0.132715681615E-013     0.322525647514E-013     0.138938334554E-018
     0.697531753239E-005    -0.280000000000E+003    -0.663578408075E-014     0.368605880480E-013     0.189059051029E-018
     0.839383618521E-005    -0.280000000000E+003    -0.663578408075E-014     0.368605880480E-013     0.242187007625E-018
     0.989746587602E-005    -0.280000000000E+003    -0.132715681615E-013     0.156651202135E-013     0.273058341958E-018
     0.114913132622E-004    -0.280000000000E+003     0.203137608593E-029     0.165874445379E-013     0.299496197079E-018
     0.131807914004E-004    -0.280000000000E+003     0.203137608593E-029     0.165874445379E-013     0.327520321994E-018
     0.149716381303E-004    -0.280000000000E+003     0.663578408075E-014     0.129017455655E-013     0.353502334003E-018
     0.168699355614E-004    -0.280000000000E+003     0.663578408075E-014     0.129017455655E-013     0.381043265246E-018
     0.188821307298E-004    -0.280000000000E+003     0.663578408075E-014     0.129017455655E-013     0.410236650788E-018
     0.210150574931E-004    -0.280000000000E+003     0.663578408075E-014     0.129017455655E-013     0.441181637792E-018
     0.232759597402E-004    -0.280000000000E+003     0.132715681615E-013     0.921604659324E-014     0.477712531763E-018
     0.256725159928E-004    -0.280000000000E+003     0.265431363230E-013     0.184464864864E-014     0.541478080724E-018
     0.282128654833E-004    -0.280000000000E+003     0.199073522422E-013     0.553034762094E-014     0.593964886874E-018
     0.309056357980E-004    -0.280000000000E+003     0.199073522422E-013     0.138240698899E-013     0.659228195127E-018
     0.337599721774E-004    -0.280000000000E+003     0.199073522422E-013     0.138240698899E-013     0.728407298140E-018
     0.367855685763E-004    -0.280000000000E+003     0.265431363230E-013     0.184464864864E-014     0.808909817162E-018
     0.399927005860E-004    -0.280000000000E+003     0.265431363230E-013     0.184464864864E-014     0.894242482719E-018
     0.433922603327E-004    -0.280000000000E+003     0.265431363230E-013     0.184464864864E-014     0.984695103327E-018
     0.469957934698E-004    -0.280000000000E+003     0.265431363230E-013     0.101383709176E-013     0.108708394427E-017
     0.508155383889E-004    -0.280000000000E+003     0.265431363230E-013    -0.644907362029E-014     0.119142163398E-017
     0.548644677845E-004    -0.280000000000E+003     0.331789204037E-013    -0.184284948615E-013     0.134509171671E-017
     0.591563327122E-004    -0.280000000000E+003     0.331789204037E-013    -0.267222171304E-013     0.152793310380E-017
     0.637057092900E-004    -0.280000000000E+003     0.331789204037E-013    -0.267222171304E-013     0.172174496364E-017
     0.685280482021E-004    -0.280000000000E+003     0.331789204037E-013    -0.267222171304E-013     0.192718552399E-017
     0.736397271730E-004    -0.280000000000E+003     0.398147044845E-013    -0.304079161027E-013     0.218327258278E-017
     0.790581065897E-004    -0.280000000000E+003     0.331789204037E-013    -0.184284948615E-013     0.238891776250E-017
     0.848015884613E-004    -0.280000000000E+003     0.265431363230E-013    -0.230365181581E-013     0.259077637375E-017
     0.908896789166E-004    -0.280000000000E+003     0.331789204037E-013    -0.184284948615E-013     0.282183927274E-017
     0.973430544509E-004    -0.280000000000E+003     0.331789204037E-013    -0.184284948615E-013     0.306676593246E-017
     0.104183632148E-003    -0.280000000000E+003     0.265431363230E-013    -0.147427958892E-013     0.327446372868E-017
     0.111434644115E-003    -0.280000000000E+003     0.331789204037E-013    -0.101347725926E-013     0.352601787482E-017
     0.119120716386E-003    -0.280000000000E+003     0.464504885652E-013    -0.921244826827E-014     0.388999353678E-017
     0.127267952553E-003    -0.280000000000E+003     0.464504885652E-013    -0.921244826827E-014     0.427580771762E-017
     0.135904022424E-003    -0.280000000000E+003     0.398147044845E-013    -0.138204715649E-013     0.463977642968E-017
     0.145058255993E-003    -0.280000000000E+003     0.464504885652E-013    -0.921244826827E-014     0.507327719648E-017
     0.154761743052E-003    -0.280000000000E+003     0.398147044845E-013    -0.138204715649E-013     0.548223239718E-017
     0.165047438780E-003    -0.280000000000E+003     0.398147044845E-013    -0.138204715649E-013     0.591572488653E-017
     0.175950275662E-003    -0.280000000000E+003     0.331789204037E-013    -0.101347725926E-013     0.629396916952E-017
     0.187507282134E-003    -0.280000000000E+003     0.398147044845E-013    -0.138204715649E-013     0.678104127796E-017
     0.199757708333E-003    -0.280000000000E+003     0.398147044845E-013    -0.138204715649E-013     0.729733768505E-017
     0.212743159403E-003    -0.280000000000E+003     0.398147044845E-013    -0.552674929597E-014     0.781930689065E-017
     0.226507736794E-003    -0.280000000000E+003     0.464504885652E-013    -0.921244826827E-014     0.847113151460E-017
     0.241098188040E-003    -0.280000000000E+003     0.464504885652E-013    -0.921244826827E-014     0.916206557869E-017
     0.256564065527E-003    -0.280000000000E+003     0.464504885652E-013    -0.921244826827E-014     0.989445564709E-017
     0.272957894778E-003    -0.280000000000E+003     0.398147044845E-013    -0.552674929597E-014     0.105534296007E-016
     0.290335352846E-003    -0.280000000000E+003     0.331789204037E-013    -0.184284948615E-013     0.112129608392E-016
     0.308755457403E-003    -0.280000000000E+003     0.331789204037E-013    -0.101347725926E-013     0.118519962862E-016
     0.328280767180E-003    -0.280000000000E+003     0.331789204037E-013    -0.101347725926E-013     0.125293738235E-016
     0.348977594427E-003    -0.280000000000E+003     0.331789204037E-013    -0.101347725926E-013     0.132473939742E-016
     0.370916230124E-003    -0.280000000000E+003     0.331789204037E-013    -0.101347725926E-013     0.140084952929E-016
     0.394171182707E-003    -0.280000000000E+003     0.331789204037E-013    -0.184284948615E-013     0.148910966273E-016
     0.418821431115E-003    -0.280000000000E+003     0.331789204037E-013    -0.267222171304E-013     0.159412428194E-016
     0.444950693017E-003    -0.280000000000E+003     0.464504885652E-013    -0.921244826827E-014     0.171785998286E-016
     0.472647709137E-003    -0.280000000000E+003     0.464504885652E-013    -0.921244826827E-014     0.184901981875E-016
     0.502006544641E-003    -0.280000000000E+003     0.597220567267E-013     0.359832497325E-017     0.202435682301E-016
     0.533126908594E-003    -0.280000000000E+003     0.530862726460E-013     0.368929729728E-014     0.218996170620E-016
     0.566114492604E-003    -0.280000000000E+003     0.530862726460E-013    -0.460442497165E-014     0.236573796202E-016
     0.601081329767E-003    -0.280000000000E+003     0.398147044845E-013    -0.552674929597E-014     0.250629228022E-016
     0.638146175159E-003    -0.280000000000E+003     0.398147044845E-013     0.276697297296E-014     0.265422080543E-016
     0.677434909153E-003    -0.280000000000E+003     0.464504885652E-013    -0.921244826827E-014     0.284027347915E-016
     0.719080964939E-003    -0.280000000000E+003     0.464504885652E-013    -0.921244826827E-014     0.303748930264E-016
     0.763225781689E-003    -0.280000000000E+003     0.530862726460E-013    -0.460442497165E-014     0.327271752062E-016
     0.810019284919E-003    -0.280000000000E+003     0.331789204037E-013    -0.184284948615E-013     0.345031413469E-016
     0.859620395664E-003    -0.280000000000E+003     0.331789204037E-013    -0.267222171304E-013     0.366162404407E-016
     0.912197570216E-003    -0.280000000000E+003     0.265431363230E-013    -0.230365181581E-013     0.384641013160E-016
     0.967929372233E-003    -0.280000000000E+003     0.265431363230E-013    -0.230365181581E-013     0.404228337381E-016
     0.102700507918E-002    -0.280000000000E+003     0.331789204037E-013    -0.184284948615E-013     0.426649495883E-016
     0.108962532517E-002    -0.280000000000E+003     0.331789204037E-013    -0.267222171304E-013     0.453326879325E-016
     0.115600278233E-002    -0.280000000000E+003     0.464504885652E-013    -0.340936150750E-013     0.491573328666E-016
     0.122636288312E-002    -0.280000000000E+003     0.464504885652E-013    -0.340936150750E-013     0.532114562778E-016
     0.130094458593E-002    -0.280000000000E+003     0.199073522422E-013    -0.359382637237E-013     0.562755404735E-016
     0.138000118665E-002    -0.280000000000E+003     0.132715681615E-013    -0.322525647514E-013     0.590327491705E-016
     0.146380117888E-002    -0.280000000000E+003    -0.406275217186E-029    -0.331748890757E-013     0.618128046175E-016
     0.155262916586E-002    -0.280000000000E+003    -0.507844021483E-029    -0.414686113446E-013     0.654963778858E-016
     0.164678682697E-002    -0.280000000000E+003     0.132715681615E-013    -0.156651202135E-013     0.674295484357E-016
     0.174659394236E-002    -0.280000000000E+003    -0.406275217186E-029    -0.331748890757E-013     0.707406384176E-016
     0.185238947896E-002    -0.280000000000E+003     0.663578408075E-014    -0.202731435102E-013     0.729974185994E-016
     0.196453274170E-002    -0.280000000000E+003    -0.203137608593E-029    -0.165874445379E-013     0.748575887505E-016
     0.208340459379E-002    -0.280000000000E+003    -0.663578408075E-014    -0.211954678345E-013     0.774977255930E-016
     0.220940875020E-002    -0.280000000000E+003    -0.132715681615E-013    -0.175097688622E-013     0.802661677484E-016
     0.234297314879E-002    -0.280000000000E+003    -0.663578408075E-014    -0.377829123723E-013     0.853898591081E-016
     0.248455140365E-002    -0.280000000000E+003    -0.304706412890E-029    -0.248811668068E-013     0.889124912835E-016
     0.263462434571E-002    -0.280000000000E+003     0.663578408075E-014    -0.202731435102E-013     0.921137760667E-016
     0.279370165569E-002    -0.280000000000E+003    -0.203137608593E-029    -0.165874445379E-013     0.947524621233E-016
     0.296232359518E-002    -0.280000000000E+003    -0.199073522422E-013    -0.553034762094E-014     0.982364028501E-016
     0.314106284138E-002    -0.280000000000E+003    -0.132715681615E-013     0.737139794461E-014     0.100949897907E-015
     0.333052643213E-002    -0.280000000000E+003     0.663578408075E-014    -0.368569897230E-014     0.102388050210E-015
     0.353135782749E-002    -0.280000000000E+003     0.132715681615E-013     0.921604659324E-014     0.105633015983E-015
     0.374423909507E-002    -0.280000000000E+003     0.000000000000E+000     0.000000000000E+000     0.105633015983E-015
     0.396989322653E-002    -0.280000000000E+003     0.199073522422E-013    -0.193508191858E-013     0.111897740719E-015
     0.420908659296E-002    -0.280000000000E+003     0.132715681615E-013    -0.737139794461E-014     0.115529008229E-015
     0.446263154769E-002    -0.280000000000E+003     0.331789204037E-013     0.645267194526E-014     0.124098969227E-015
     0.473138918520E-002    -0.280000000000E+003     0.199073522422E-013     0.553034762094E-014     0.129651839048E-015
     0.501627226558E-002    -0.280000000000E+003     0.265431363230E-013    -0.644907362029E-014     0.137433521614E-015
     0.531824831448E-002    -0.280000000000E+003    -0.101568804297E-029    -0.829372226893E-014     0.139938027095E-015
     0.563834290904E-002    -0.280000000000E+003    -0.199073522422E-013     0.276337464798E-014     0.146371362385E-015
     0.597764316095E-002    -0.280000000000E+003    -0.597220567267E-013    -0.165910428628E-013     0.167402468477E-015
     0.633730140856E-002    -0.280000000000E+003    -0.398147044845E-013    -0.525293065865E-013     0.191108663953E-015
     0.671853913045E-002    -0.280000000000E+003    -0.464504885652E-013    -0.156687185385E-013     0.209797700117E-015
     0.712265109384E-002    -0.280000000000E+003    -0.132715681615E-013    -0.506846579379E-013     0.230970502591E-015
     0.755100975191E-002    -0.280000000000E+003     0.132715681615E-013    -0.654274538271E-013     0.259567690145E-015
     0.800506990496E-002    -0.280000000000E+003     0.663578408075E-014    -0.866229216616E-013     0.299014946165E-015
     0.848637364120E-002    -0.280000000000E+003     0.265431363230E-013    -0.810925740406E-013     0.340082717766E-015
     0.899655557408E-002    -0.280000000000E+003     0.265431363230E-013    -0.727988517717E-013     0.379615105321E-015
     0.953734839373E-002    -0.280000000000E+003     0.331789204037E-013    -0.598971062061E-013     0.416644623941E-015
     0.101105887516E-001    -0.280000000000E+003     0.663578408075E-014    -0.451543103169E-013     0.442806910510E-015
     0.107182234982E-001    -0.280000000000E+003     0.464504885652E-013    -0.672685041507E-013     0.492479702106E-015
     0.113623162948E-001    -0.280000000000E+003     0.663578408075E-013    -0.119758229163E-013     0.535910776558E-015
     0.120450546223E-001    -0.280000000000E+003     0.464504885652E-013     0.322561630764E-013     0.574520869144E-015
     0.127687572104E-001    -0.280000000000E+003     0.729936248882E-013    -0.736779961963E-014     0.627614966833E-015
     0.135358819124E-001    -0.280000000000E+003     0.199073522422E-013    -0.110570969169E-013     0.645083898232E-015
     0.143490340526E-001    -0.280000000000E+003     0.132715681615E-013     0.423909356689E-013     0.681204020637E-015
     0.152109752747E-001    -0.280000000000E+003     0.663578408075E-014    -0.368605880480E-013     0.713486413078E-015
     0.161246329208E-001    -0.280000000000E+003    -0.331789204037E-013     0.267222171304E-013     0.752409919327E-015
     0.170931099734E-001    -0.280000000000E+003    -0.597220567267E-013     0.829012394395E-014     0.810803947583E-015
     0.181196955938E-001    -0.280000001848E+003    -0.264727384039E-006     0.908979960422E-007     0.287340335263E-009
     0.192078762926E-001    -0.280000000740E+003    -0.105190548446E-006     0.320542812362E-007     0.407003249968E-009
     0.203613477710E-001    -0.280000000384E+003    -0.505614761630E-007     0.141640614289E-007     0.467569658349E-009
     0.215840274722E-001    -0.280000070475E+003    -0.102067515892E-004     0.332746481572E-005     0.135935815249E-007
     0.228800678855E-001    -0.279999988464E+003     0.174170367831E-005    -0.731005832948E-006     0.160416578598E-007
     0.242538706494E-001    -0.279999967667E+003     0.488061159016E-005    -0.163988800903E-005     0.231150215871E-007
     0.257101015006E-001    -0.279999990694E+003     0.150525830256E-005    -0.441801944949E-006     0.253994906754E-007
     0.272537061195E-001    -0.279999988406E+003     0.176622138257E-005    -0.555693988260E-006     0.282575919816E-007
     0.288899269272E-001    -0.279999995662E+003     0.662423654801E-006    -0.199107132900E-006     0.293893657473E-007
     0.306243208897E-001    -0.279999998060E+003     0.288794070218E-006    -0.978134824365E-007     0.299181980592E-007
     0.324627783907E-001    -0.279999999245E+003     0.117433982218E-006    -0.554165576868E-007     0.301569268098E-007
     0.344115432366E-001    -0.279999999729E+003     0.622214315098E-007    -0.438948604422E-007     0.303053181231E-007
     0.364772338618E-001    -0.279999993683E+003     0.978908100844E-006    -0.334152535818E-006     0.324420042287E-007
     0.386668658063E-001    -0.279999998485E+003     0.277301296363E-006    -0.100987397103E-006     0.330882033960E-007
     0.409878755421E-001    -0.280000057683E+003    -0.864525919651E-005     0.237777657305E-005     0.538990461100E-007
     0.434481457293E-001    -0.280000016924E+003    -0.235692115994E-005     0.525236286994E-006     0.598399493869E-007
     0.460560319869E-001    -0.280000007907E+003    -0.849203569093E-006     0.162830225618E-006     0.620949197097E-007
     0.488203912708E-001    -0.280000013929E+003    -0.170813156922E-005     0.465003020833E-006     0.669886486922E-007
     0.517506119535E-001    -0.280000006020E+003    -0.503407747221E-006     0.109497327364E-006     0.684982357801E-007
     0.548566457095E-001    -0.280000003905E+003    -0.197572325539E-006     0.411863313308E-007     0.691250941685E-007
     0.581490413132E-001    -0.280000002881E+003    -0.777137765744E-007     0.180958953783E-007     0.693878036647E-007
     0.616389804647E-001    -0.280000002471E+003    -0.551168418893E-007     0.156428182901E-007     0.695877550686E-007
     0.653383157655E-001    -0.280000006055E+003    -0.654266395032E-006     0.152259720041E-006     0.720727821128E-007
     0.692596109728E-001    -0.280000002731E+003    -0.152273279775E-006     0.314098740740E-007     0.726824613277E-007
     0.734161836681E-001    -0.280000005978E+003     0.137539229485E-007     0.122823655158E-005     0.777880359246E-007
     0.778221504872E-001    -0.280000002290E+003     0.631221124165E-007     0.194733438918E-006     0.786899741734E-007
     0.824924750635E-001    -0.280000001557E+003     0.281308470105E-007     0.304710241382E-007     0.788836563044E-007
     0.874430188470E-001    -0.280000038524E+003    -0.590147069533E-005     0.129333653828E-005     0.108792511413E-006
     0.926905949743E-001    -0.280000008303E+003    -0.100585305025E-005     0.180311631074E-006     0.114154940218E-006
     0.982530253690E-001    -0.280000007916E+003    -0.916065773604E-006     0.189881905059E-006     0.119358806087E-006
     0.104149201269E+000    -0.280000003198E+003    -0.179995036829E-006     0.325160478148E-007     0.120437266571E-006
     0.110399147386E+000    -0.280000002248E+003    -0.304161558639E-006    -0.343197475926E-006     0.123303388291E-006
     0.117024089912E+000    -0.280000001788E+003     0.109072176377E-006     0.207531901656E-006     0.124856597976E-006
     0.124046528610E+000    -0.280000001640E+003     0.613926149309E-008     0.236811953268E-007     0.125028395239E-006
     0.131490313229E+000    -0.280000001527E+003    -0.109578692532E-007     0.400531910910E-008     0.125115241425E-006
     0.139380724499E+000    -0.280000001397E+003    -0.748361162410E-008     0.427615752933E-009     0.125174386517E-006
     0.147744559993E+000    -0.280000024637E+003    -0.383494821531E-005     0.693252532549E-006     0.157769131113E-006
     0.156610225139E+000    -0.280000004406E+003    -0.555384393228E-006    -0.926497292213E-007     0.162761026491E-006
     0.166007829686E+000    -0.280000002211E+003     0.213853136816E-006     0.431690876572E-006     0.167288391873E-006
     0.175969289968E+000    -0.280000006248E+003    -0.737401539007E-006     0.166821081843E-006     0.174819613601E-006
     0.185969289968E+000    -0.279999999277E+003     0.377340949830E-006    -0.633414127543E-007     0.178645817033E-006
     0.195969289968E+000    -0.279999999808E+003     0.276860240742E-006    -0.190523437009E-007     0.181420967204E-006
     0.205969289968E+000    -0.280000001347E+003     0.807637944569E-006     0.112986824236E-005     0.195309384301E-006
     0.215969289968E+000    -0.280000001340E+003     0.922788651991E-007     0.968683223151E-007     0.196647250543E-006
     0.225969289968E+000    -0.279999998776E+003     0.411853862914E-006    -0.580574422968E-007     0.200806508542E-006
     0.235969289968E+000    -0.280000000832E+003     0.808983829372E-007     0.539646660113E-007     0.201778965921E-006
     0.245969289968E+000    -0.280000000986E+003     0.747470641530E-008     0.204008492171E-008     0.201856447004E-006
     0.255969289968E+000    -0.280000002119E+003    -0.183568898416E-006     0.411191944979E-007     0.203737625587E-006
     0.265969289968E+000    -0.280000001226E+003     0.456989950644E-006     0.701646203778E-006     0.212111078939E-006
     0.275969289968E+000    -0.280000000932E+003     0.616833885415E-007     0.609032001694E-007     0.212977914576E-006
     0.285969289968E+000    -0.279999994158E+003     0.111607996509E-005    -0.181050830458E-006     0.224284611227E-006
     0.295969289968E+000    -0.279999999957E+003     0.115706667350E-006    -0.138108121701E-007     0.225449891082E-006
     0.305969289968E+000    -0.280000002110E+003    -0.248064624818E-006     0.432663333253E-007     0.227967986268E-006
     0.315969289968E+000    -0.280000000780E+003    -0.201527501049E-007     0.249203902370E-008     0.228171048721E-006
     0.325969289968E+000    -0.280000000886E+003     0.617781475502E-006     0.899692167564E-006     0.239084801274E-006
     0.335969289968E+000    -0.280000000795E+003     0.725475871385E-007     0.774356345678E-007     0.240145905882E-006
     0.345969289968E+000    -0.279999993706E+003     0.157016466709E-005     0.360310456094E-006     0.256255656676E-006
     0.355969289968E+000    -0.279999998193E+003     0.442243319956E-006    -0.142494261125E-007     0.260680384919E-006
     0.365969289968E+000    -0.279999999962E+003     0.880758928307E-007    -0.862183060043E-008     0.261565353780E-006
     0.375969289968E+000    -0.279999997021E+003     0.569686768855E-006    -0.958671670852E-007     0.267342321223E-006
     0.385969289968E+000    -0.279999997132E+003    -0.137875801753E-006    -0.101851490399E-005     0.277620367469E-006
     0.395969289968E+000    -0.280000001993E+003    -0.499859117915E-006    -0.201289392286E-006     0.283009027388E-006
     0.405969289968E+000    -0.279999997472E+003     0.423404124422E-006    -0.122638543580E-006     0.287417102534E-006
     0.415969289968E+000    -0.280000000155E+003     0.226785087453E-007    -0.918351539186E-008     0.287661776136E-006
     0.425969289968E+000    -0.280000001222E+003    -0.130179457704E-006     0.258296179470E-007     0.288988948332E-006
     0.435969289968E+000    -0.280000000497E+003    -0.748598726413E-007    -0.958809062974E-007     0.290205383645E-006
     0.445969289968E+000    -0.280000000371E+003     0.525588604424E-008    -0.109162878733E-007     0.290326540436E-006
     0.455969289968E+000    -0.279999990858E+003     0.158883333109E-005    -0.271655060426E-006     0.306445435640E-006
     0.465969289968E+000    -0.279999999325E+003     0.390916191339E-006     0.305934620188E-006     0.311409420536E-006
     0.475969289968E+000    -0.279999999040E+003     0.474213849310E-006     0.325438890983E-006     0.317160848590E-006
     0.485969289968E+000    -0.279999999817E+003    -0.100027520656E-005    -0.150254212738E-005     0.335211287181E-006
     0.495969289968E+000    -0.280000000061E+003    -0.117511149334E-006    -0.128447188041E-006     0.336952193564E-006
     0.505969289968E+000    -0.280000000238E+003    -0.164851323875E-007    -0.137274058498E-007     0.337166716584E-006
     0.515969289968E+000    -0.279999999929E+003     0.726745830479E-007     0.365859737054E-008     0.337894382741E-006
     0.525969289968E+000    -0.280000000312E+003     0.751036714082E-008    -0.689231317798E-009     0.337969802005E-006
     0.535969289968E+000    -0.280000005759E+003    -0.881999870669E-006     0.163988137370E-006     0.346940955114E-006
     0.545969289968E+000    -0.280000001362E+003    -0.955083088452E-007     0.822043017897E-007     0.348201089404E-006
     0.555969289968E+000    -0.279999991239E+003     0.148669572750E-005    -0.339372270902E-006     0.363450475374E-006
     0.565969289968E+000    -0.279999999353E+003     0.149592139900E-006    -0.291507376591E-007     0.364974534881E-006
     0.575969289968E+000    -0.280000000147E+003     0.194794304218E-007    -0.391022409026E-008     0.365173215042E-006
     0.585969289968E+000    -0.280000000276E+003     0.201409981755E-007     0.214230005489E-007     0.365467256665E-006
     0.595969289968E+000    -0.280000000312E+003     0.377545589075E-008     0.151842282376E-008     0.365507950245E-006
     0.605969289968E+000    -0.280000032172E+003    -0.536792034923E-005     0.775007850969E-006     0.419743737365E-006
     0.615969289968E+000    -0.280000004296E+003    -0.557494479891E-006     0.634035674628E-007     0.425354620606E-006
     0.625969289968E+000    -0.280000001629E+003    -0.937650020034E-007     0.186737619890E-007     0.426310684672E-006
     0.635969289968E+000    -0.279999997038E+003     0.642956403448E-006    -0.108327421950E-006     0.432830866933E-006
     0.645969289968E+000    -0.280000001141E+003    -0.657826706241E-007     0.209553701212E-007     0.433521264448E-006
     0.655969289968E+000    -0.280000000646E+003    -0.361049361137E-007    -0.433749855954E-007     0.434085618573E-006
     0.665969289968E+000    -0.280000000468E+003    -0.352381428201E-006    -0.503483220739E-006     0.440231088649E-006
     0.675969289968E+000    -0.280000000456E+003    -0.405913101223E-007    -0.430511243737E-007     0.440822785680E-006
     0.685969289968E+000    -0.280000000479E+003    -0.519222763806E-007    -0.709152525923E-007     0.441701699546E-006
     0.695969289968E+000    -0.280000000781E+003     0.421563265560E-006     0.653161256720E-006     0.449475599559E-006
     0.705969289968E+000    -0.280000000562E+003     0.108923050984E-006     0.127567415040E-006     0.451153028437E-006
     0.715969289968E+000    -0.280000001465E+003    -0.139059331051E-006     0.466976444476E-007     0.452619935645E-006
     0.725969289968E+000    -0.280000000512E+003    -0.589733410774E-008     0.509894304419E-008     0.452697895743E-006
     0.735969289968E+000    -0.279999996711E+003     0.613665621684E-006    -0.102117058906E-006     0.458918935761E-006
     0.745969289968E+000    -0.279999999907E+003     0.541005655363E-007    -0.238772594645E-007     0.459510289691E-006
     0.755969289968E+000    -0.280000000536E+003    -0.662702947534E-007    -0.226831358085E-007     0.460210737877E-006
