 #        time                      h  [L]            Darcian flow [L.T^{-1}]   in    x         z              directions   cumulative flux
 #-----------------------------------------------------------------------------------------------

     0.100000000000E-005     0.400000000000E+001    -0.412481700667E-014    -0.336816869121E+002     0.336816869121E-004
     0.205999994278E-005     0.400000000000E+001    -0.412423791911E-014    -0.336769583033E+002     0.693792607866E-004
     0.318359982147E-005     0.400000000000E+001    -0.412362426517E-014    -0.336719474386E+002     0.107213056844E-003
     0.437461562859E-005     0.400000000000E+001    -0.412297399289E-014    -0.336666375625E+002     0.147310554353E-003
     0.563709231599E-005     0.400000000000E+001    -0.412228492992E-014    -0.336610109363E+002     0.189806795935E-003
     0.697531753239E-005     0.400000000000E+001    -0.412155477658E-014    -0.336550487818E+002     0.234844830874E-003
     0.839383618521E-005     0.400000000000E+001    -0.412078109865E-014    -0.336487312221E+002     0.282576183756E-003
     0.989746587602E-005     0.400000000000E+001    -0.411996131968E-014    -0.336420372188E+002     0.333161349777E-003
     0.114913132622E-004     0.400000000000E+001    -0.411909271292E-014    -0.336349445063E+002     0.386770318165E-003
     0.131807914004E-004     0.400000000000E+001    -0.411817239286E-014    -0.336274295227E+002     0.443583125187E-003
     0.149716381303E-004     0.400000000000E+001    -0.411719730625E-014    -0.336194673364E+002     0.503790438324E-003
     0.168699355614E-004     0.400000000000E+001    -0.411616422275E-014    -0.336110315694E+002     0.567594173210E-003
     0.188821307298E-004     0.400000000000E+001    -0.411506972500E-014    -0.336020943170E+002     0.635208145042E-003
     0.210150574931E-004     0.400000000000E+001    -0.411391019825E-014    -0.335926260626E+002     0.706858756222E-003
     0.232759597402E-004     0.400000000000E+001    -0.411268181944E-014    -0.335825955884E+002     0.782785722051E-003
     0.256725159928E-004     0.400000000000E+001    -0.411138054579E-014    -0.335719698827E+002     0.863242836384E-003
     0.282128654833E-004     0.400000000000E+001    -0.411000210270E-014    -0.335607140407E+002     0.948498779201E-003
     0.309056357980E-004     0.400000000000E+001    -0.410854197125E-014    -0.335487911625E+002     0.103883796814E-002
     0.337599721774E-004     0.400000000000E+001    -0.410699537493E-014    -0.335361622452E+002     0.113456145606E-002
     0.367855685763E-004     0.400000000000E+001    -0.410535726590E-014    -0.335227860699E+002     0.123598787687E-002
     0.399927005860E-004     0.400000000000E+001    -0.410362231050E-014    -0.335086190840E+002     0.134345444174E-002
     0.433922603327E-004     0.400000000000E+001    -0.410178487422E-014    -0.334936152781E+002     0.145731798801E-002
     0.469957934698E-004     0.400000000000E+001    -0.409983900590E-014    -0.334777260574E+002     0.157795608321E-002
     0.508155383889E-004     0.400000000000E+001    -0.409777842137E-014    -0.334609001079E+002     0.170576818638E-002
     0.548644677845E-004     0.400000000000E+001    -0.409559648635E-014    -0.334430832563E+002     0.184117686926E-002
     0.591563327122E-004     0.400000000000E+001    -0.409328619868E-014    -0.334242183259E+002     0.198462909963E-002
     0.637057092900E-004     0.400000000000E+001    -0.409084016990E-014    -0.334042449851E+002     0.213659758937E-002
     0.685280482021E-004     0.400000000000E+001    -0.408825060606E-014    -0.333830995917E+002     0.229758220953E-002
     0.736397271730E-004     0.400000000000E+001    -0.408550928801E-014    -0.333607150311E+002     0.246811147501E-002
     0.790581065897E-004     0.400000000000E+001    -0.408260755087E-014    -0.333370205492E+002     0.264874410097E-002
     0.848015884613E-004     0.400000000000E+001    -0.407953626303E-014    -0.333119415808E+002     0.284007063355E-002
     0.908896789166E-004     0.400000000000E+001    -0.407628580437E-014    -0.332853995716E+002     0.304271515698E-002
     0.973430544509E-004     0.400000000000E+001    -0.407284604408E-014    -0.332573117973E+002     0.325733707927E-002
     0.104183632148E-003     0.400000000000E+001    -0.406920631783E-014    -0.332275911770E+002     0.348463299840E-002
     0.111434644115E-003     0.400000000000E+001    -0.406535540458E-014    -0.331961460840E+002     0.372533865093E-002
     0.119120716386E-003     0.400000000000E+001    -0.406128150295E-014    -0.331628801527E+002     0.398023094448E-002
     0.127267952553E-003     0.400000000000E+001    -0.405697220729E-014    -0.331276920833E+002     0.425013007555E-002
     0.135904022424E-003     0.400000000000E+001    -0.405241448358E-014    -0.330904754449E+002     0.453590173356E-002
     0.145058255993E-003     0.400000000000E+001    -0.404759464525E-014    -0.330511184781E+002     0.483845939182E-002
     0.154761743052E-003     0.400000000000E+001    -0.404249832906E-014    -0.330095038984E+002     0.515876668573E-002
     0.165047438780E-003     0.400000000000E+001    -0.403711047124E-014    -0.329655087005E+002     0.549783987773E-002
     0.175950275662E-003     0.400000000000E+001    -0.403141528400E-014    -0.329190039676E+002     0.585675040833E-002
     0.187507282134E-003     0.400000000000E+001    -0.402539623277E-014    -0.328698546844E+002     0.623662753164E-002
     0.199757708333E-003     0.400000000000E+001    -0.401903601424E-014    -0.328179195589E+002     0.663866103320E-002
     0.212743159403E-003     0.400000000000E+001    -0.401231653564E-014    -0.327630508521E+002     0.706410402693E-002
     0.226507736794E-003     0.400000000000E+001    -0.400521889542E-014    -0.327050942216E+002     0.751427582742E-002
     0.241098188040E-003     0.400000000000E+001    -0.399772336592E-014    -0.326438885784E+002     0.799056489223E-002
     0.256564065527E-003     0.400000000000E+001    -0.398980937810E-014    -0.325792659637E+002     0.849443182823E-002
     0.272957894778E-003     0.400000000000E+001    -0.398145550907E-014    -0.325110514463E+002     0.902741245441E-002
     0.290335352846E-003     0.400000000000E+001    -0.397263947275E-014    -0.324390630467E+002     0.959112091226E-002
     0.308755457403E-003     0.400000000000E+001    -0.396333811424E-014    -0.323631116906E+002     0.101872528134E-001
     0.328280767180E-003     0.400000000000E+001    -0.395352740849E-014    -0.322830011988E+002     0.108175884124E-001
     0.348977594427E-003     0.400000000000E+001    -0.394318246393E-014    -0.321985283159E+002     0.114839957905E-001
     0.370916230124E-003     0.400000000000E+001    -0.393227753170E-014    -0.321094827867E+002     0.121884340358E-001
     0.394171182707E-003     0.400000000000E+001    -0.392078602141E-014    -0.320156474842E+002     0.129329563999E-001
     0.418821431115E-003     0.400000000000E+001    -0.390868052401E-014    -0.319167985964E+002     0.137197134137E-001
     0.444950693017E-003     0.400000000000E+001    -0.389593284284E-014    -0.318127058802E+002     0.145509559375E-001
     0.472647709137E-003     0.400000000000E+001    -0.388251403378E-014    -0.317031329889E+002     0.154290381229E-001
     0.502006544641E-003     0.400000000000E+001    -0.386839445533E-014    -0.315878378813E+002     0.163564202592E-001
     0.533126908594E-003     0.400000000000E+001    -0.385354382988E-014    -0.314665733219E+002     0.173356714733E-001
     0.566114492604E-003     0.400000000000E+001    -0.383793131705E-014    -0.313390874799E+002     0.183694722544E-001
     0.601081329767E-003     0.400000000000E+001    -0.382152560030E-014    -0.312051246365E+002     0.194606167662E-001
     0.638146175159E-003     0.400000000000E+001    -0.380429498800E-014    -0.310644260096E+002     0.206120149134E-001
     0.677434909153E-003     0.400000000000E+001    -0.378620752986E-014    -0.309167307055E+002     0.218266941221E-001
     0.719080964939E-003     0.400000000000E+001    -0.376723115008E-014    -0.307617768053E+002     0.231078007950E-001
     0.763225781689E-003     0.400000000000E+001    -0.374733379808E-014    -0.305993025964E+002     0.244586014008E-001
     0.810019284919E-003     0.400000000000E+001    -0.372648361796E-014    -0.304290479553E+002     0.258824831546E-001
     0.859620395664E-003     0.400000000000E+001    -0.370464913740E-014    -0.302507558913E+002     0.273829542477E-001
     0.912197570216E-003     0.400000000000E+001    -0.368179947691E-014    -0.300641742539E+002     0.289636435852E-001
     0.967929372233E-003     0.400000000000E+001    -0.365790457979E-014    -0.298690576119E+002     0.306282999904E-001
     0.102700507918E-002     0.400000000000E+001    -0.363293546338E-014    -0.296651693036E+002     0.323807908388E-001
     0.108962532517E-002     0.400000000000E+001    -0.360686449125E-014    -0.294522836605E+002     0.342251000864E-001
     0.115600278233E-002     0.400000000000E+001    -0.357966566637E-014    -0.292301884010E+002     0.361653256648E-001
     0.122636288312E-002     0.400000000000E+001    -0.355131494429E-014    -0.289986871869E+002     0.382056762181E-001
     0.130094458593E-002     0.400000000000E+001    -0.352179056510E-014    -0.287576023352E+002     0.403504671692E-001
     0.138000118665E-002     0.400000000000E+001    -0.349107340247E-014    -0.285067776677E+002     0.426041161089E-001
     0.146380117888E-002     0.400000000000E+001    -0.345914732741E-014    -0.282460814810E+002     0.449711375177E-001
     0.155262916586E-002     0.400000000000E+001    -0.342599958350E-014    -0.279754096110E+002     0.474561368382E-001
     0.164678682697E-002     0.400000000000E+001    -0.339162116986E-014    -0.276946885602E+002     0.500638039382E-001
     0.174659394236E-002     0.400000000000E+001    -0.335600722741E-014    -0.274038786509E+002     0.527989060168E-001
     0.185238947896E-002     0.400000000000E+001    -0.331915742260E-014    -0.271029771597E+002     0.556662800288E-001
     0.196453274170E-002     0.400000000000E+001    -0.328107632281E-014    -0.267920213820E+002     0.586708247221E-001
     0.208340459379E-002     0.400000000000E+001    -0.324177375595E-014    -0.264710915686E+002     0.618174924037E-001
     0.220940875020E-002     0.400000000000E+001    -0.320126514658E-014    -0.261403136709E+002     0.651112805762E-001
     0.234297314879E-002     0.400000000000E+001    -0.315957182000E-014    -0.257998618230E+002     0.685572236043E-001
     0.248455140365E-002     0.400000000000E+001    -0.311672126499E-014    -0.254499604879E+002     0.721603845964E-001
     0.263462434571E-002     0.400000000000E+001    -0.307274734587E-014    -0.250908861886E+002     0.759258477055E-001
     0.279370165569E-002     0.400000000000E+001    -0.302769045389E-014    -0.247229687449E+002     0.798587110683E-001
     0.296232359518E-002     0.400000000000E+001    -0.298159758845E-014    -0.243465919359E+002     0.839640806204E-001
     0.314106284138E-002     0.400000000000E+001    -0.293452235880E-014    -0.239621935144E+002     0.882470650266E-001
     0.333052643213E-002     0.400000000000E+001    -0.288652489771E-014    -0.235702645018E+002     0.927127719740E-001
     0.353135782749E-002     0.400000000000E+001    -0.283767167979E-014    -0.231713477042E+002     0.973663060657E-001
     0.374423909507E-002     0.400000000000E+001    -0.278803523870E-014    -0.227660354042E+002     0.102212768540E+000
     0.396989322653E-002     0.400000000000E+001    -0.273769377972E-014    -0.223549661962E+002     0.107257259021E+000
     0.420908659296E-002     0.400000000000E+001    -0.268673068631E-014    -0.219388209578E+002     0.112504879462E+000
     0.446263154769E-002     0.400000000000E+001    -0.263523392239E-014    -0.215183179691E+002     0.117960740417E+000
     0.473138918520E-002     0.400000000000E+001    -0.258329533537E-014    -0.210942072210E+002     0.123629969715E+000
     0.501627226558E-002     0.400000000000E+001    -0.253100986794E-014    -0.206672639793E+002     0.129517723540E+000
     0.531824831448E-002     0.400000000000E+001    -0.247847469061E-014    -0.202382817016E+002     0.135629199885E+000
     0.563834290904E-002     0.400000000000E+001    -0.242578827013E-014    -0.198080644298E+002     0.141969654238E+000
     0.597764316095E-002     0.400000000000E+001    -0.237304939198E-014    -0.193774188087E+002     0.148544417321E+000
     0.633730140856E-002     0.400000000000E+001    -0.232035615835E-014    -0.189471459033E+002     0.155358914614E+000
     0.671853913045E-002     0.400000000000E+001    -0.226780498432E-014    -0.185180330027E+002     0.162418687330E+000
     0.712265109384E-002     0.400000000000E+001    -0.221548961700E-014    -0.180908456099E+002     0.169729414468E+000
     0.755100975191E-002     0.400000000000E+001    -0.216350020204E-014    -0.176663198201E+002     0.177296935520E+000
     0.800506990496E-002     0.400000000000E+001    -0.211192242159E-014    -0.172451552812E+002     0.185127273366E+000
     0.848637364120E-002     0.400000000000E+001    -0.206083672560E-014    -0.168280089168E+002     0.193226656931E+000
     0.899655557408E-002     0.400000000000E+001    -0.201031767572E-014    -0.164154895691E+002     0.201601543128E+000
     0.953734839373E-002     0.400000000000E+001    -0.196043341694E-014    -0.160081536841E+002     0.210258637697E+000
     0.101105887516E-001     0.400000000000E+001    -0.191124528767E-014    -0.156065021278E+002     0.219204914562E+000
     0.107182234982E-001     0.400000000000E+001    -0.186280757371E-014    -0.152109781776E+002     0.228447633432E+000
     0.113623162948E-001     0.400000000000E+001    -0.181516740640E-014    -0.148219666900E+002     0.237994355408E+000
     0.120450546223E-001     0.400000000000E+001    -0.176836479975E-014    -0.144397944042E+002     0.247852956490E+000
     0.127687572104E-001     0.400000000000E+001    -0.172243281662E-014    -0.140647312990E+002     0.258031638932E+000
     0.135358819124E-001     0.400000000000E+001    -0.167739784967E-014    -0.136969928867E+002     0.268538940518E+000
     0.143490340526E-001     0.400000000000E+001    -0.163327999934E-014    -0.133367433000E+002     0.279383741876E+000
     0.152109752747E-001     0.400000000000E+001    -0.159009352886E-014    -0.129840990069E+002     0.290575272042E+000
     0.161246329208E-001     0.400000000000E+001    -0.154784737442E-014    -0.126391329769E+002     0.302123112527E+000
     0.170931099734E-001     0.400000000000E+001    -0.150654568881E-014    -0.123018791202E+002     0.314037200158E+000
     0.181196955938E-001     0.400000000000E+001    -0.146618839714E-014    -0.119723368253E+002     0.326327828985E+000
     0.192078762926E-001     0.400000000000E+001    -0.142677174514E-014    -0.116504754361E+002     0.339005651486E+000
     0.203613477710E-001     0.400000000000E+001    -0.138828882304E-014    -0.113362385302E+002     0.352081679304E+000
     0.215840274722E-001     0.400000000000E+001    -0.135073005164E-014    -0.110295478874E+002     0.365567283619E+000
     0.228800678855E-001     0.400000000000E+001    -0.131408362104E-014    -0.107303070727E+002     0.379474195232E+000
     0.242538706494E-001     0.400000000000E+001    -0.127833587721E-014    -0.104384045922E+002     0.393814504312E+000
     0.257101015006E-001     0.400000000000E+001    -0.124347165606E-014    -0.101537166220E+002     0.408600659711E+000
     0.272537061195E-001     0.400000000000E+001    -0.120947456934E-014    -0.987610934177E+001     0.423845467708E+000
     0.288899269272E-001     0.400000000000E+001    -0.117632725002E-014    -0.960544093885E+001     0.439562090039E+000
     0.306243208897E-001     0.400000000000E+001    -0.114401156777E-014    -0.934156336806E+001     0.455764041145E+000
     0.324627783907E-001     0.400000000000E+001    -0.111250882610E-014    -0.908432396075E+001     0.472465184673E+000
     0.344115432366E-001     0.400000000000E+001    -0.108179995180E-014    -0.883356697252E+001     0.489679729453E+000
     0.364772338618E-001     0.400000000000E+001    -0.105186568551E-014    -0.858913513874E+001     0.507422225387E+000
     0.386668658063E-001     0.400000000000E+001    -0.102268677784E-014    -0.835087127615E+001     0.525707559897E+000
     0.409878755421E-001     0.400000000000E+001    -0.994244191092E-015    -0.811861993013E+001     0.544550955797E+000
     0.434481457293E-001     0.400000000000E+001    -0.966519301676E-015    -0.789222902758E+001     0.563967971584E+000
     0.460560319869E-001     0.400000000000E+001    -0.939494094124E-015    -0.767155146103E+001     0.583974505214E+000
     0.488203912708E-001     0.400000000000E+001    -0.913151334732E-015    -0.745644650660E+001     0.604586802339E+000
     0.517506119535E-001     0.400000000000E+001    -0.887474712132E-015    -0.724678097187E+001     0.625821469826E+000
     0.548566457095E-001     0.400000000000E+001    -0.862448933318E-015    -0.704242997997E+001     0.647695495068E+000
     0.581490413132E-001     0.400000000000E+001    -0.838059766926E-015    -0.684327732298E+001     0.670226271241E+000
     0.616389804647E-001     0.400000000000E+001    -0.814294030285E-015    -0.664921535623E+001     0.693431628239E+000
     0.653383157655E-001     0.400000000000E+001    -0.791139522126E-015    -0.646014444881E+001     0.717329868647E+000
     0.692596109728E-001     0.400000000000E+001    -0.768584908068E-015    -0.627597204845E+001     0.741939807761E+000
     0.734161836681E-001     0.400000000000E+001    -0.746619570196E-015    -0.609661145333E+001     0.767280816462E+000
     0.778221504872E-001     0.400000000000E+001    -0.725233434805E-015    -0.592198040537E+001     0.793372865632E+000
     0.824924750635E-001     0.400000000000E+001    -0.704416793165E-015    -0.575199962679E+001     0.820236570851E+000
     0.874430188470E-001     0.400000000000E+001    -0.684160129313E-015    -0.558659141386E+001     0.847893236247E+000
     0.926905949743E-001     0.400000000000E+001    -0.664453966413E-015    -0.542567838233E+001     0.876364896600E+000
     0.982530253690E-001     0.400000000000E+001    -0.645288739902E-015    -0.526918243163E+001     0.905674357113E+000
     0.104149201269E+000     0.400000000000E+001    -0.626654701897E-015    -0.511702396424E+001     0.935845230491E+000
     0.110399147386E+000     0.400000000000E+001    -0.608541857763E-015    -0.496912136778E+001     0.966901971287E+000
     0.117024089912E+000     0.400000000000E+001    -0.590939932832E-015    -0.482539074322E+001     0.998869907626E+000
     0.124046528610E+000     0.400000000000E+001    -0.573838365118E-015    -0.468574584539E+001     0.103177527058E+001
     0.131490313229E+000     0.400000000000E+001    -0.557226318793E-015    -0.455009819305E+001     0.106564522153E+001
     0.139380724499E+000     0.400000000000E+001    -0.541092712841E-015    -0.441835730284E+001     0.110050787778E+001
     0.147744559993E+000     0.400000000000E+001    -0.525426259745E-015    -0.429043100518E+001     0.113639233691E+001
     0.156610225139E+000     0.400000000000E+001    -0.510215509851E-015    -0.416622580654E+001     0.117332869983E+001
     0.166007829686E+000     0.400000000000E+001    -0.495448898092E-015    -0.404564727101E+001     0.121134809302E+001
     0.175969289968E+000     0.400000000000E+001    -0.481114790776E-015    -0.392860040227E+001     0.125048268989E+001
     0.185969289968E+000     0.400000000000E+001    -0.467883789277E-015    -0.382056107608E+001     0.128868830065E+001
     0.195969289968E+000     0.400000000000E+001    -0.455667276636E-015    -0.372080568008E+001     0.132589635745E+001
     0.205969289968E+000     0.400000000000E+001    -0.444344564808E-015    -0.362834872159E+001     0.136217984467E+001
     0.215969289968E+000     0.400000000000E+001    -0.433813826205E-015    -0.354235871524E+001     0.139760343182E+001
     0.225969289968E+000     0.400000000000E+001    -0.423988486880E-015    -0.346212873112E+001     0.143222471913E+001
     0.235969289968E+000     0.400000000000E+001    -0.414794440315E-015    -0.338705364358E+001     0.146609525557E+001
     0.245969289968E+000     0.400000000000E+001    -0.406167859724E-015    -0.331661226736E+001     0.149926137824E+001
     0.255969289968E+000     0.400000000000E+001    -0.398053459576E-015    -0.325035316185E+001     0.153176490986E+001
     0.265969289968E+000     0.400000000000E+001    -0.390403100515E-015    -0.318788323937E+001     0.156364374225E+001
     0.275969289968E+000     0.400000000000E+001    -0.383174660300E-015    -0.312885854572E+001     0.159493232771E+001
     0.285969289968E+000     0.400000000000E+001    -0.376331113075E-015    -0.307297674184E+001     0.162566209513E+001
     0.295969289968E+000     0.400000000000E+001    -0.369839773291E-015    -0.301997092997E+001     0.165586180443E+001
     0.305969289968E+000     0.400000000000E+001    -0.363671670868E-015    -0.296960455146E+001     0.168555784994E+001
     0.315969289968E+000     0.400000000000E+001    -0.357801031732E-015    -0.292166714502E+001     0.171477452139E+001
     0.325969289968E+000     0.400000000000E+001    -0.352204843665E-015    -0.287597080162E+001     0.174353422941E+001
     0.335969289968E+000     0.400000000000E+001    -0.346862492413E-015    -0.283234719312E+001     0.177185770134E+001
     0.345969289968E+000     0.400000000000E+001    -0.341755453170E-015    -0.279064505299E+001     0.179976415187E+001
     0.355969289968E+000     0.400000000000E+001    -0.336867014394E-015    -0.275072792113E+001     0.182727143108E+001
     0.365969289968E+000     0.400000000000E+001    -0.332182073376E-015    -0.271247247458E+001     0.185439615583E+001
     0.375969289968E+000     0.400000000000E+001    -0.327686941772E-015    -0.267576693950E+001     0.188115382522E+001
     0.385969289968E+000     0.400000000000E+001    -0.323369180109E-015    -0.264050973991E+001     0.190755892262E+001
     0.395969289968E+000     0.400000000000E+001    -0.319217455738E-015    -0.260660833769E+001     0.193362500600E+001
     0.405969289968E+000     0.400000000000E+001    -0.315221420054E-015    -0.257397823008E+001     0.195936478830E+001
     0.415969289968E+000     0.400000000000E+001    -0.311371601904E-015    -0.254254207924E+001     0.198479020909E+001
     0.425969289968E+000     0.400000000000E+001    -0.307659314692E-015    -0.251222895374E+001     0.200991249863E+001
     0.435969289968E+000     0.400000000000E+001    -0.304076575164E-015    -0.248297366535E+001     0.203474223528E+001
     0.445969289968E+000     0.400000000000E+001    -0.300616032170E-015    -0.245471618739E+001     0.205928939716E+001
     0.455969289968E+000     0.400000000000E+001    -0.297270904008E-015    -0.242740114304E+001     0.208356340859E+001
     0.465969289968E+000     0.400000000000E+001    -0.294034923145E-015    -0.240097735404E+001     0.210757318213E+001
     0.475969289968E+000     0.400000000000E+001    -0.290902287332E-015    -0.237539744141E+001     0.213132715654E+001
     0.485969289968E+000     0.400000000000E+001    -0.287867616253E-015    -0.235061747153E+001     0.215483333126E+001
     0.495969289968E+000     0.400000000000E+001    -0.284925912978E-015    -0.232659664139E+001     0.217809929767E+001
     0.505969289968E+000     0.400000000000E+001    -0.282072529634E-015    -0.230329699821E+001     0.220113226765E+001
     0.515969289968E+000     0.400000000000E+001    -0.279303136723E-015    -0.228068318896E+001     0.222393909954E+001
     0.525969289968E+000     0.400000000000E+001    -0.276613695678E-015    -0.225872223625E+001     0.224652632191E+001
     0.535969289968E+000     0.400000000000E+001    -0.274000434232E-015    -0.223738333716E+001     0.226890015528E+001
     0.545969289968E+000     0.400000000000E+001    -0.271459824286E-015    -0.221663768259E+001     0.229106653210E+001
     0.555969289968E+000     0.400000000000E+001    -0.268988561976E-015    -0.219645829445E+001     0.231303111505E+001
     0.565969289968E+000     0.400000000000E+001    -0.266583549682E-015    -0.217681987874E+001     0.233479931384E+001
     0.575969289968E+000     0.400000000000E+001    -0.264241879773E-015    -0.215769869286E+001     0.235637630076E+001
     0.585969289968E+000     0.400000000000E+001    -0.261960819875E-015    -0.213907242527E+001     0.237776702502E+001
     0.595969289968E+000     0.400000000000E+001    -0.259737799514E-015    -0.212092008647E+001     0.239897622588E+001
     0.605969289968E+000     0.400000000000E+001    -0.257570397978E-015    -0.210322190984E+001     0.242000844498E+001
     0.615969289968E+000     0.400000000000E+001    -0.255456333266E-015    -0.208595926143E+001     0.244086803759E+001
     0.625969289968E+000     0.400000000000E+001    -0.253393452019E-015    -0.206911455773E+001     0.246155918317E+001
     0.635969289968E+000     0.400000000000E+001    -0.251379720320E-015    -0.205267119054E+001     0.248208589508E+001
     0.645969289968E+000     0.400000000000E+001    -0.249413215291E-015    -0.203661345838E+001     0.250245202966E+001
     0.655969289968E+000     0.400000000000E+001    -0.247492117394E-015    -0.202092650360E+001     0.252266129470E+001
     0.665969289968E+000     0.400000000000E+001    -0.245614703373E-015    -0.200559625472E+001     0.254271725724E+001
     0.675969289968E+000     0.400000000000E+001    -0.243779339773E-015    -0.199060937360E+001     0.256262335098E+001
     0.685969289968E+000     0.400000000000E+001    -0.241984476990E-015    -0.197595320674E+001     0.258238288305E+001
     0.695969289968E+000     0.400000000000E+001    -0.240228643779E-015    -0.196161574053E+001     0.260199904045E+001
     0.705969289968E+000     0.400000000000E+001    -0.238510442212E-015    -0.194758556000E+001     0.262147489605E+001
     0.715969289968E+000     0.400000000000E+001    -0.236828543008E-015    -0.193385181077E+001     0.264081341416E+001
     0.725969289968E+000     0.400000000000E+001    -0.235181681237E-015    -0.192040416388E+001     0.266001745580E+001
     0.735969289968E+000     0.400000000000E+001    -0.233568652330E-015    -0.190723278330E+001     0.267908978363E+001
     0.745969289968E+000     0.400000000000E+001    -0.231988308399E-015    -0.189432829581E+001     0.269803306659E+001
     0.755969289968E+000     0.400000000000E+001    -0.230439554824E-015    -0.188168176314E+001     0.271684988422E+001
