 #        time                      h  [L]            Darcian flow [L.T^{-1}]   in    x         z              directions   cumulative flux
 #-----------------------------------------------------------------------------------------------

     0.100000000000E-005    -0.278500000000E+003     0.258675731334E-014     0.185319561731E-014     0.318208224189E-020
     0.205999994278E-005    -0.278500000000E+003     0.517351462668E-014     0.370639123463E-014     0.992809623054E-020
     0.318359982147E-005    -0.278500000000E+003     0.220164872218E-014     0.849187225693E-014     0.197850295610E-019
     0.437461562859E-005    -0.278500000000E+003    -0.577662886748E-015     0.995801495942E-014     0.316651215744E-019
     0.563709231599E-005    -0.278500000000E+003    -0.613628610460E-014     0.128903003644E-013     0.496886665399E-019
     0.697531753239E-005    -0.278500000000E+003    -0.770217182331E-015     0.132773532792E-013     0.674866264668E-019
     0.839383618521E-005    -0.278500000000E+003    -0.354952879126E-014     0.147434959817E-013     0.889981158988E-019
     0.989746587602E-005    -0.278500000000E+003    -0.962771477914E-015     0.165966915990E-013     0.113995347917E-018
     0.114913132622E-004    -0.278500000000E+003    -0.770217182331E-015     0.132773532792E-013     0.135192999525E-018
     0.131807914004E-004    -0.278500000000E+003    -0.316442020009E-014     0.810481934211E-014     0.149892590629E-018
     0.149716381303E-004    -0.278500000000E+003    -0.316442020009E-014     0.810481934211E-014     0.165474156359E-018
     0.168699355614E-004    -0.278500000000E+003    -0.555862321785E-014     0.293228540499E-014     0.177404255690E-018
     0.188821307298E-004    -0.278500000000E+003    -0.109246921401E-013     0.254523249017E-014     0.199975588646E-018
     0.210150574931E-004    -0.278500000000E+003    -0.814538053119E-014     0.107908978768E-014     0.217500883483E-018
     0.232759597402E-004    -0.278500000000E+003    -0.555862321785E-014     0.293228540499E-014     0.231709820367E-018
     0.256725159928E-004    -0.278500000000E+003    -0.498096033110E-014    -0.702572955443E-014     0.252349560775E-018
     0.282128654833E-004    -0.278500000000E+003    -0.200909442659E-014    -0.118112105767E-013     0.282785148207E-018
     0.309056357980E-004    -0.278500000000E+003    -0.440329744435E-014    -0.169837445139E-013     0.330030538615E-018
     0.337599721774E-004    -0.278500000000E+003    -0.115859064976E-013    -0.325013463252E-013     0.428518411022E-018
     0.367855685763E-004    -0.278500000000E+003    -0.106231350197E-013    -0.490980379243E-013     0.580506629174E-018
     0.399927005860E-004    -0.278500000000E+003    -0.194297299084E-013    -0.830655269520E-013     0.854099543402E-018
     0.433922603327E-004    -0.278500000000E+003    -0.304379735193E-013    -0.125524888237E-012     0.129319539492E-017
     0.469957934698E-004    -0.278500000000E+003    -0.458495145745E-013    -0.184967994035E-012     0.197990568984E-017
     0.508155383889E-004    -0.278500000000E+003    -0.515752407339E-013    -0.272044896180E-012     0.303755733598E-017
     0.548644677845E-004    -0.278500000000E+003    -0.708959678175E-013    -0.403434355226E-012     0.469606483377E-017
     0.591563327122E-004    -0.278500000000E+003    -0.100454721330E-012    -0.590560528837E-012     0.726707781331E-017
     0.637057092900E-004    -0.278500000000E+003    -0.139288729792E-012    -0.850020108610E-012     0.111857142601E-016
     0.685280482021E-004    -0.278500000000E+003    -0.190260856286E-012    -0.122535154562E-011     0.171655809646E-016
     0.736397271730E-004    -0.278500000000E+003    -0.259783492680E-012    -0.174534979495E-011     0.261855341082E-016
     0.790581065897E-004    -0.278500000000E+003    -0.354737690908E-012    -0.247717572884E-011     0.397447386453E-016
     0.848015884613E-004    -0.278500000000E+003    -0.495323398062E-012    -0.349061752095E-011     0.599938773554E-016
     0.908896789166E-004    -0.278500000000E+003    -0.690321757675E-012    -0.491297118618E-011     0.901983108652E-016
     0.973430544509E-004    -0.278500000000E+003    -0.952917210726E-012    -0.688851648395E-011     0.135075824207E-015
     0.104183632148E-003    -0.278500000000E+003    -0.132023622837E-011    -0.961325851303E-011     0.201453317261E-015
     0.111434644115E-003    -0.278500000000E+003    -0.182698562740E-011    -0.133713583641E-010     0.299310042568E-015
     0.119120716386E-003    -0.278500000000E+003    -0.252298220853E-011    -0.185580635042E-010     0.443260790972E-015
     0.127267952553E-003    -0.278500000000E+003    -0.348905840888E-011    -0.256841882734E-010     0.654437884138E-015
     0.135904022424E-003    -0.278500000000E+003    -0.481078416891E-011    -0.354575491316E-010     0.963457345750E-015
     0.145058255993E-003    -0.278500000000E+003    -0.661773695216E-011    -0.488491285096E-010     0.141471851829E-014
     0.154761743052E-003    -0.278499999999E+003    -0.909019024290E-011    -0.671635550199E-010     0.207238123439E-014
     0.165047438780E-003    -0.278499999999E+003    -0.124625286207E-010    -0.921660124182E-010     0.302900006740E-014
     0.175950275662E-003    -0.278499999999E+003    -0.170595204631E-010    -0.126246517462E-009     0.441795517804E-014
     0.187507282134E-003    -0.278499999998E+003    -0.233100545979E-010    -0.172647570182E-009     0.643134831082E-014
     0.199757708333E-003    -0.278499999998E+003    -0.318153914135E-010    -0.235727401920E-009     0.934529256322E-014
     0.212743159403E-003    -0.278499999997E+003    -0.433547032287E-010    -0.321375361741E-009     0.135562994288E-013
     0.226507736794E-003    -0.278499999996E+003    -0.589953238309E-010    -0.437526519236E-009     0.196331678778E-013
     0.241098188040E-003    -0.278499999994E+003    -0.801677788338E-010    -0.594865387536E-009     0.283909846282E-013
     0.256564065527E-003    -0.278499999992E+003    -0.108802654752E-009    -0.807764099412E-009     0.409965842732E-013
     0.272957894778E-003    -0.278499999989E+003    -0.147494690729E-009    -0.109554087013E-008     0.591187333533E-013
     0.290335352846E-003    -0.278499999985E+003    -0.199709588003E-009    -0.148414319479E-008     0.851418173490E-013
     0.308755457403E-003    -0.278499999980E+003    -0.270109490405E-009    -0.200838625459E-008     0.122469578561E-012
     0.328280767180E-003    -0.278499999973E+003    -0.364935940117E-009    -0.271496544426E-008     0.175956867344E-012
     0.348977594427E-003    -0.278499999963E+003    -0.492549626354E-009    -0.366643517855E-008     0.252522127355E-012
     0.370916230124E-003    -0.278499999951E+003    -0.664127486367E-009    -0.494656233839E-008     0.362016678511E-012
     0.394171182707E-003    -0.278499999933E+003    -0.894618158508E-009    -0.666740329760E-008     0.518456338667E-012
     0.418821431115E-003    -0.278499999910E+003    -0.120398004534E-008    -0.897875459263E-008     0.741765824657E-012
     0.444950693017E-003    -0.278499999879E+003    -0.161883238537E-008    -0.120807482833E-007     0.106024829845E-011
     0.472647709137E-003    -0.278499999837E+003    -0.217468495838E-008    -0.162404989224E-007     0.151407644580E-011
     0.502006544641E-003    -0.278499999782E+003    -0.291884098238E-008    -0.218142839080E-007     0.216022607493E-011
     0.533126908594E-003    -0.278499999707E+003    -0.391425197217E-008    -0.292769539392E-007     0.307944250516E-011
     0.566114492604E-003    -0.278499999607E+003    -0.524465568230E-008    -0.392608540531E-007     0.438606778844E-011
     0.601081329767E-003    -0.278499999473E+003    -0.702129514472E-008    -0.526074316397E-007     0.624189473046E-011
     0.638146175159E-003    -0.278499999294E+003    -0.939184366245E-008    -0.704354363816E-007     0.887567930544E-011
     0.677434909153E-003    -0.278499999055E+003    -0.125521901240E-007    -0.942310591486E-007     0.126105999335E-010
     0.719080964939E-003    -0.278499998736E+003    -0.167618639163E-007    -0.125966919173E-006     0.179028657404E-010
     0.763225781689E-003    -0.278499998310E+003    -0.223644025711E-007    -0.168258971547E-006     0.253959523731E-010
     0.810019284919E-003    -0.278499997744E+003    -0.298140774230E-007    -0.224573118421E-006     0.359967171298E-010
     0.859620395664E-003    -0.278499996989E+003    -0.397109589090E-007    -0.299497059680E-006     0.509821188939E-010
     0.912197570216E-003    -0.278499995986E+003    -0.528468158252E-007    -0.399097410717E-006     0.721486948179E-010
     0.967929372233E-003    -0.278499994652E+003    -0.702651441812E-007    -0.531388272523E-006     0.102021704228E-009
     0.102700507918E-002    -0.278499992880E+003    -0.933395709906E-007    -0.706945265909E-006     0.144147442399E-009
     0.108962532517E-002    -0.278499990530E+003    -0.123876004650E-006    -0.939708885933E-006     0.203501330112E-009
     0.115600278233E-002    -0.278499987414E+003    -0.164245618461E-006    -0.124803396757E-005     0.287056955941E-009
     0.122636288312E-002    -0.278499983286E+003    -0.217557427973E-006    -0.165605861721E-005     0.404578574813E-009
     0.130094458593E-002    -0.278499977824E+003    -0.287882105573E-006    -0.219548658863E-005     0.569723373810E-009
     0.138000118665E-002    -0.278499970603E+003    -0.380541330172E-006    -0.290790405580E-005     0.801572510535E-009
     0.146380117888E-002    -0.278499961066E+003    -0.502481334492E-006    -0.384778513074E-005     0.112675468387E-008
     0.155262916586E-002    -0.278499948483E+003    -0.662753695171E-006    -0.508638331072E-005     0.158238717036E-008
     0.164678682697E-002    -0.278499931901E+003    -0.873132860713E-006    -0.671675936309E-005     0.222014264599E-008
     0.174659394236E-002    -0.278499910070E+003    -0.114890714036E-005    -0.886026300180E-005     0.311186349736E-008
     0.185238947896E-002    -0.278499881365E+003    -0.150988895580E-005    -0.116748692324E-004     0.435729912409E-008
     0.196453274170E-002    -0.278499843666E+003    -0.198170139855E-005    -0.153658734371E-004     0.609474974186E-008
     0.208340459379E-002    -0.278499794219E+003    -0.259741134072E-005    -0.201995764797E-004     0.851568068931E-008
     0.220940875020E-002    -0.278499729446E+003    -0.339959567719E-005    -0.265207470719E-004     0.118847483247E-007
     0.234297314879E-002    -0.278499644717E+003    -0.444294583761E-005    -0.347748383804E-004     0.165671838395E-007
     0.248455140365E-002    -0.278499534041E+003    -0.579753851056E-005    -0.455361647526E-004     0.230661558683E-007
     0.263462434571E-002    -0.278499389689E+003    -0.755292603270E-005    -0.595435193903E-004     0.320736301057E-007
     0.279370165569E-002    -0.278499201710E+003    -0.982322942839E-005    -0.777450395303E-004     0.445394329959E-007
     0.296232359518E-002    -0.278498957320E+003    -0.127534502893E-004    -0.101354509195E-003     0.617647951173E-007
     0.314106284138E-002    -0.278498640133E+003    -0.165272537407E-004    -0.131921735050E-003     0.855287101426E-007
     0.333052643213E-002    -0.278498229201E+003    -0.213765134573E-004    -0.171420141950E-003     0.118258138490E-006
     0.353135782749E-002    -0.278497697808E+003    -0.275929497441E-004    -0.222355311863E-003     0.163256587645E-006
     0.374423909507E-002    -0.278497011981E+003    -0.355422302035E-004    -0.287898830073E-003     0.225010132463E-006
     0.396989322653E-002    -0.278496128635E+003    -0.456809378468E-004    -0.372052496494E-003     0.309595766660E-006
     0.420908659296E-002    -0.278494993294E+003    -0.585768385714E-004    -0.479848691945E-003     0.425224426157E-006
     0.446263154769E-002    -0.278493537294E+003    -0.749328935596E-004    -0.617593431959E-003     0.582960484085E-006
     0.473138918520E-002    -0.278491674366E+003    -0.956154561079E-004    -0.793159356419E-003     0.797671443458E-006
     0.501627226558E-002    -0.278489296498E+003    -0.121687056876E-003    -0.101633653682E-002     0.108927647536E-005
     0.531824831448E-002    -0.278486268928E+003    -0.154444107741E-003    -0.129924946297E-002     0.148438096717E-005
     0.563834290904E-002    -0.278482424148E+003    -0.195459729330E-003    -0.165684880423E-002     0.201840701804E-005
     0.597764316095E-002    -0.278477554758E+003    -0.246631718526E-003    -0.210748641217E-002     0.273835755466E-005
     0.633730140856E-002    -0.278471405002E+003    -0.310235405711E-003    -0.267358140479E-002     0.370638516345E-005
     0.671853913045E-002    -0.278463660827E+003    -0.388980793918E-003    -0.338238388715E-002     0.500437654194E-005
     0.712265109384E-002    -0.278453938301E+003    -0.486072911710E-003    -0.426684074481E-002     0.673981027054E-005
     0.755100975191E-002    -0.278441770216E+003    -0.605273740185E-003    -0.536656480720E-002     0.905319982641E-005
     0.800506990496E-002    -0.278426590746E+003    -0.750963390645E-003    -0.672890433559E-002     0.121274955521E-004
     0.848637364120E-002    -0.278407718052E+003    -0.928197419211E-003    -0.841010407823E-002     0.161998883796E-004
     0.899655557408E-002    -0.278384334744E+003    -0.114275628824E-002    -0.104765419299E-001     0.215765336400E-004
     0.953734839373E-002    -0.278355466223E+003    -0.140118205548E-002    -0.130060164765E-001     0.286507936477E-004
     0.101105887516E-001    -0.278319956951E+003    -0.171079644503E-002    -0.160890504431E-001     0.379256803660E-004
     0.107182234982E-001    -0.278276444828E+003    -0.207969360275E-002    -0.198301634701E-001     0.500412606312E-004
     0.113623162948E-001    -0.278223333967E+003    -0.251670015984E-002    -0.243490550667E-001     0.658078611314E-004
     0.120450546223E-001    -0.278158766294E+003    -0.303129483939E-002    -0.297816255783E-001     0.862459721713E-004
     0.127687572104E-001    -0.278080592539E+003    -0.363347987443E-002    -0.362807503183E-001     0.112633790361E-003
     0.135358819124E-001    -0.277986343373E+003    -0.433359710722E-002    -0.440167106605E-001     0.146563351541E-003
     0.143490340526E-001    -0.277873201602E+003    -0.514208294640E-002    -0.531771770610E-001     0.190006176259E-003
     0.152109752747E-001    -0.277737976482E+003    -0.606915849245E-002    -0.639666340667E-001     0.245389270025E-003
     0.161246329208E-001    -0.277577081392E+003    -0.712445418500E-002    -0.766051378405E-001     0.315682178738E-003
     0.170931099734E-001    -0.277386516217E+003    -0.831657229566E-002    -0.913263040475E-001     0.404495586193E-003
     0.181196955938E-001    -0.277161855867E+003    -0.965259542328E-002    -0.108374439401E+000     0.516191648038E-003
     0.192078762926E-001    -0.276898246411E+003    -0.111375546707E-001    -0.128000754727E+000     0.656005880745E-003
     0.203613477710E-001    -0.276590410250E+003    -0.127738771016E-001    -0.150458631502E+000     0.830179966018E-003
     0.215840274722E-001    -0.276232661669E+003    -0.145608379730E-001    -0.175997957244E+000     0.104610429758E-002
     0.228800678855E-001    -0.275818933882E+003    -0.164940485748E-001    -0.204858596652E+000     0.131246850301E-002
     0.242538706494E-001    -0.275342818451E+003    -0.185650146689E-001    -0.237263123102E+000     0.163941754049E-002
     0.257101015006E-001    -0.274797617555E+003    -0.207608028278E-001    -0.273408995698E+000     0.203871033032E-002
     0.272537061195E-001    -0.274176409186E+003    -0.230638518064E-001    -0.313460426810E+000     0.252387727095E-002
     0.288899269272E-001    -0.273472124832E+003    -0.254519628997E-001    -0.357540238998E+000     0.311037245410E-002
     0.306243208897E-001    -0.272677638690E+003    -0.278984967223E-001    -0.405722053509E+000     0.381571597934E-002
     0.324627783907E-001    -0.271785866904E+003    -0.303727939471E-001    -0.458023180089E+000     0.465962152242E-002
     0.344115432366E-001    -0.270789874795E+003    -0.328408245787E-001    -0.514398585173E+000     0.566410427469E-002
     0.364772338618E-001    -0.269682989593E+003    -0.352660550182E-001    -0.574736299484E+000     0.685356457553E-002
     0.386668658063E-001    -0.268458915762E+003    -0.376105056029E-001    -0.638854584881E+000     0.825484302427E-002
     0.409878755421E-001    -0.267111849764E+003    -0.398359549005E-001    -0.706501114426E+000     0.989724358186E-002
     0.434481457293E-001    -0.265636590931E+003    -0.419052324299E-001    -0.777354331862E+000     0.118125221367E-001
     0.460560319869E-001    -0.264028645115E+003    -0.437835303442E-001    -0.851027051839E+000     0.140348391714E-001
     0.488203912708E-001    -0.262284317972E+003    -0.454396584163E-001    -0.927072247386E+000     0.166006764702E-001
     0.517506119535E-001    -0.260400794979E+003    -0.468471665224E-001    -0.100499085462E+001     0.195487191689E-001
     0.548566457095E-001    -0.258376205780E+003    -0.479852652237E-001    -0.108424131557E+001     0.229197057980E-001
     0.581490413132E-001    -0.256209670942E+003    -0.488394877881E-001    -0.116425048702E+001     0.267562502012E-001
     0.616389804647E-001    -0.253901329876E+003    -0.494020550983E-001    -0.124442547380E+001     0.311026402644E-001
     0.653383157655E-001    -0.251452349307E+003    -0.496719266909E-001    -0.132416590490E+001     0.360046191897E-001
     0.692596109728E-001    -0.248864912384E+003    -0.496545444752E-001    -0.140287616155E+001     0.415091555444E-001
     0.734161836681E-001    -0.246142189143E+003    -0.493612980658E-001    -0.147997708956E+001     0.476642085086E-001
     0.778221504872E-001    -0.243288289642E+003    -0.488087597871E-001    -0.155491677847E+001     0.545184946109E-001
     0.824924750635E-001    -0.240308201594E+003    -0.480177513434E-001    -0.162718006330E+001     0.621212618415E-001
     0.874430188470E-001    -0.237207714704E+003    -0.470123116384E-001    -0.169629649268E+001     0.705220763880E-001
     0.926905949743E-001    -0.233993334234E+003    -0.458186358875E-001    -0.176184660205E+001     0.797706264315E-001
     0.982530253690E-001    -0.230672186456E+003    -0.444640504459E-001    -0.182346642526E+001     0.899165465199E-001
     0.104149201269E+000    -0.227251918736E+003    -0.429760769251E-001    -0.188085026408E+001     0.101009265082E+000
     0.110399147386E+000    -0.223740596917E+003    -0.413816249345E-001    -0.193375180954E+001     0.113097876706E+000
     0.117024089912E+000    -0.220146602528E+003    -0.397063371476E-001    -0.198198376690E+001     0.126231039931E+000
     0.124046528610E+000    -0.216478532131E+003    -0.379740952565E-001    -0.202541617716E+001     0.140456900531E+000
     0.131490313229E+000    -0.212745100815E+003    -0.362066822810E-001    -0.206397365186E+001     0.155823039615E+000
     0.139380724499E+000    -0.208955051532E+003    -0.344235866767E-001    -0.209763174731E+001     0.172376445349E+000
     0.147744559993E+000    -0.205117071613E+003    -0.326419271630E-001    -0.212641269994E+001     0.190163506702E+000
     0.156610225139E+000    -0.201239717469E+003    -0.308764740888E-001    -0.215038073120E+001     0.209230027365E+000
     0.166007829686E+000    -0.197331348096E+003    -0.291397429433E-001    -0.216963710952E+001     0.229621257805E+000
     0.175969289968E+000    -0.193400067742E+003    -0.274421375627E-001    -0.218431513206E+001     0.251381943340E+000
     0.185969289968E+000    -0.189652280865E+003    -0.258723114817E-001    -0.219424740824E+001     0.273325942668E+000
     0.195969289968E+000    -0.186089588807E+003    -0.244265478370E-001    -0.220018775187E+001     0.295329176066E+000
     0.205969289968E+000    -0.182699257017E+003    -0.230945785514E-001    -0.220280792429E+001     0.317358465911E+000
     0.215969289968E+000    -0.179469438750E+003    -0.218665228116E-001    -0.220266551479E+001     0.339386206410E+000
     0.225969289968E+000    -0.176389161918E+003    -0.207331036940E-001    -0.220022439161E+001     0.361389427163E+000
     0.235969289968E+000    -0.173448294580E+003    -0.196857480619E-001    -0.219587136074E+001     0.383349023156E+000
     0.245969289968E+000    -0.170637498286E+003    -0.187166152768E-001    -0.218992973251E+001     0.405249120290E+000
     0.255969289968E+000    -0.167948175397E+003    -0.178185837638E-001    -0.218267037606E+001     0.427076551363E+000
     0.265969289968E+000    -0.165372414350E+003    -0.169852139124E-001    -0.217432073811E+001     0.448820422154E+000
     0.275969289968E+000    -0.162902935413E+003    -0.162106989669E-001    -0.216507221388E+001     0.470471751162E+000
     0.285969289968E+000    -0.160533038445E+003    -0.154898111218E-001    -0.215508618458E+001     0.492023169670E+000
     0.295969289968E+000    -0.158256553566E+003    -0.148178471746E-001    -0.214449897476E+001     0.513468671346E+000
     0.305969289968E+000    -0.156067795189E+003    -0.141905762503E-001    -0.213342593372E+001     0.534803402625E+000
     0.315969289968E+000    -0.153961519565E+003    -0.136041909404E-001    -0.212196480511E+001     0.556023486762E+000
     0.325969289968E+000    -0.151932885849E+003    -0.130552624757E-001    -0.211019851664E+001     0.577125875773E+000
     0.335969289968E+000    -0.149977420550E+003    -0.125407000738E-001    -0.209819749646E+001     0.598108225506E+000
     0.345969289968E+000    -0.148090985184E+003    -0.120577145206E-001    -0.208602160191E+001     0.618968790005E+000
     0.355969289968E+000    -0.146269746901E+003    -0.116037857134E-001    -0.207372173049E+001     0.639706331960E+000
     0.365969289968E+000    -0.144510151857E+003    -0.111766336247E-001    -0.206134116869E+001     0.660320046644E+000
     0.375969289968E+000    -0.142808901105E+003    -0.107741924985E-001    -0.204891672429E+001     0.680809497165E+000
     0.385969289968E+000    -0.141162928767E+003    -0.103945879989E-001    -0.203647967931E+001     0.701174559236E+000
     0.395969289968E+000    -0.139569382278E+003    -0.100361169969E-001    -0.202405659429E+001     0.721415373994E+000
     0.405969289968E+000    -0.138025604507E+003    -0.969722968205E-002    -0.201166998874E+001     0.741532307607E+000
     0.415969289968E+000    -0.136529117557E+003    -0.937651372280E-002    -0.199933891810E+001     0.761525916657E+000
     0.425969289968E+000    -0.135077608088E+003    -0.907268023378E-002    -0.198707946419E+001     0.781396918419E+000
     0.435969289968E+000    -0.133668914012E+003    -0.878455132999E-002    -0.197490515298E+001     0.801146165320E+000
     0.445969289968E+000    -0.132301012414E+003    -0.851104907624E-002    -0.196282731118E+001     0.820774622956E+000
     0.455969289968E+000    -0.130972008581E+003    -0.825118566416E-002    -0.195085537114E+001     0.840283351159E+000
     0.465969289968E+000    -0.129680126033E+003    -0.800405467084E-002    -0.193899713223E+001     0.859673487682E+000
     0.475969289968E+000    -0.128423697443E+003    -0.776882327028E-002    -0.192725898512E+001     0.878946234114E+000
     0.485969289968E+000    -0.127201156368E+003    -0.754472528468E-002    -0.191564610469E+001     0.898102843734E+000
     0.495969289968E+000    -0.126011029715E+003    -0.733105497646E-002    -0.190416261615E+001     0.917144611018E+000
     0.505969289968E+000    -0.124851930852E+003    -0.712716149383E-002    -0.189281173831E+001     0.936072862583E+000
     0.515969289968E+000    -0.123722553318E+003    -0.693244389408E-002    -0.188159590744E+001     0.954888949365E+000
     0.525969289968E+000    -0.122621665071E+003    -0.674634667807E-002    -0.187051688428E+001     0.973594239867E+000
     0.535969289968E+000    -0.121548103210E+003    -0.656835577764E-002    -0.185957584682E+001     0.992190114338E+000
     0.545969289968E+000    -0.120500769151E+003    -0.639799494514E-002    -0.184877347072E+001     0.101067795975E+001
     0.555969289968E+000    -0.119478624182E+003    -0.623482250017E-002    -0.183810999910E+001     0.102905916548E+001
     0.565969289968E+000    -0.118480685390E+003    -0.607842839425E-002    -0.182758530317E+001     0.104733511960E+001
     0.575969289968E+000    -0.117506021914E+003    -0.592843155892E-002    -0.181719893505E+001     0.106550720565E+001
     0.585969289968E+000    -0.116553751488E+003    -0.578447750674E-002    -0.180695017360E+001     0.108357679998E+001
     0.595969289968E+000    -0.115623037261E+003    -0.564623615824E-002    -0.179683806446E+001     0.110154526933E+001
     0.605969289968E+000    -0.114713084864E+003    -0.551339987112E-002    -0.178686145486E+001     0.111941396894E+001
     0.615969289968E+000    -0.113823139691E+003    -0.538568165072E-002    -0.177701902404E+001     0.113718424079E+001
     0.625969289968E+000    -0.112952484398E+003    -0.526281352300E-002    -0.176730930971E+001     0.115485741225E+001
     0.635969289968E+000    -0.112100436583E+003    -0.514454505370E-002    -0.175773073119E+001     0.117243479485E+001
     0.645969289968E+000    -0.111266346635E+003    -0.503064199879E-002    -0.174828160957E+001     0.118991768332E+001
     0.655969289968E+000    -0.110449595741E+003    -0.492088507338E-002    -0.173896018533E+001     0.120730735480E+001
     0.665969289968E+000    -0.109649594043E+003    -0.481506882727E-002    -0.172976463368E+001     0.122460506815E+001
     0.675969289968E+000    -0.108865778915E+003    -0.471300061699E-002    -0.172069307797E+001     0.124181206348E+001
     0.685969289968E+000    -0.108097613374E+003    -0.461449966479E-002    -0.171174360136E+001     0.125892956169E+001
     0.695969289968E+000    -0.107344584587E+003    -0.451939619663E-002    -0.170291425697E+001     0.127595876423E+001
     0.705969289968E+000    -0.106606202498E+003    -0.442753065148E-002    -0.169420307677E+001     0.129290085285E+001
     0.715969289968E+000    -0.105881998532E+003    -0.433875295551E-002    -0.168560807929E+001     0.130975698948E+001
     0.725969289968E+000    -0.105171524402E+003    -0.425292185507E-002    -0.167712727626E+001     0.132652831617E+001
     0.735969289968E+000    -0.104474350980E+003    -0.416990430320E-002    -0.166875867845E+001     0.134321595505E+001
     0.745969289968E+000    -0.103790067254E+003    -0.408957489476E-002    -0.166050030069E+001     0.135982100842E+001
     0.755969289968E+000    -0.103118279350E+003    -0.401181534598E-002    -0.165235016616E+001     0.137634455878E+001
