 #        time                      h  [L]            Darcian flow [L.T^{-1}]   in    x         z              directions   cumulative flux
 #-----------------------------------------------------------------------------------------------

     0.100000000000E-005     0.400000000000E+001    -0.316110222058E-012    -0.258123584921E+004     0.258123584921E-002
     0.205999994278E-005     0.400000000000E+001    -0.299722566962E-012    -0.244742049031E+004     0.517550142889E-002
     0.318359982147E-005     0.400000000000E+001    -0.282918453187E-012    -0.231020448821E+004     0.777124691161E-002
     0.437461562859E-005     0.400000000000E+001    -0.265727234041E-012    -0.216982753089E+004     0.103555457996E-001
     0.563709231599E-005     0.400000000000E+001    -0.248242976950E-012    -0.202705773716E+004     0.129146589368E-001
     0.697531753239E-005     0.400000000000E+001    -0.230556873294E-012    -0.188263974114E+004     0.154340549118E-001
     0.839383618521E-005     0.400000000000E+001    -0.212783663215E-012    -0.173751046721E+004     0.178987459190E-001
     0.989746587602E-005     0.400000000000E+001    -0.195065547270E-012    -0.159283107102E+004     0.202937740098E-001
     0.114913132622E-004     0.400000000000E+001    -0.177575588171E-012    -0.145001471686E+004     0.226048761763E-001
     0.131807914004E-004     0.400000000000E+001    -0.160519375934E-012    -0.131074017460E+004     0.248193430461E-001
     0.149716381303E-004     0.400000000000E+001    -0.144132934001E-012    -0.117693472192E+004     0.269270527441E-001
     0.168699355614E-004     0.400000000000E+001    -0.128674060430E-012    -0.105070343971E+004     0.289216003846E-001
     0.188821307298E-004     0.400000000000E+001    -0.114404163241E-012    -0.934180886444E+003     0.308013546507E-001
     0.210150574931E-004     0.400000000000E+001    -0.101559257964E-012    -0.829294275175E+003     0.325701786049E-001
     0.232759597402E-004     0.400000000000E+001    -0.903130998856E-013    -0.737462425480E+003     0.342375090598E-001
     0.256725159928E-004     0.400000000000E+001    -0.807416528231E-013    -0.659305629014E+003     0.358175720873E-001
     0.282128654833E-004     0.400000000000E+001    -0.728023931660E-013    -0.594476654140E+003     0.373277505528E-001
     0.309056357980E-004     0.400000000000E+001    -0.663392241442E-013    -0.541700874002E+003     0.387864265858E-001
     0.337599721774E-004     0.400000000000E+001    -0.611133431255E-013    -0.499028317128E+003     0.402108212657E-001
     0.367855685763E-004     0.400000000000E+001    -0.568489044438E-013    -0.464206532719E+003     0.416153228794E-001
     0.399927005860E-004     0.400000000000E+001    -0.532779061820E-013    -0.435047119048E+003     0.430105764207E-001
     0.433922603327E-004     0.400000000000E+001    -0.501728859711E-013    -0.409692704918E+003     0.444033512488E-001
     0.469957934698E-004     0.400000000000E+001    -0.473635890686E-013    -0.386753054853E+003     0.457970286979E-001
     0.508155383889E-004     0.400000000000E+001    -0.447394693809E-013    -0.365325491497E+003     0.471924788878E-001
     0.548644677845E-004     0.400000000000E+001    -0.422421684078E-013    -0.344933481533E+003     0.485890902007E-001
     0.591563327122E-004     0.400000000000E+001    -0.398521851616E-013    -0.325417787311E+003     0.499857393889E-001
     0.637057092900E-004     0.400000000000E+001    -0.375733106048E-013    -0.306809364390E+003     0.513815307251E-001
     0.685280482021E-004     0.400000000000E+001    -0.354176789528E-013    -0.289207296157E+003     0.527761863231E-001
     0.736397271730E-004     0.400000000000E+001    -0.333932450216E-013    -0.272676538614E+003     0.541700212514E-001
     0.790581065897E-004     0.400000000000E+001    -0.314930311654E-013    -0.257160114960E+003     0.555634123251E-001
     0.848015884613E-004     0.400000000000E+001    -0.296734135400E-013    -0.242301809474E+003     0.569550683752E-001
     0.908896789166E-004     0.400000000000E+001    -0.276621516829E-013    -0.225878610079E+003     0.583302377853E-001
     0.973430544509E-004     0.400000000000E+001    -0.262289140287E-013    -0.214175336489E+003     0.597123916618E-001
     0.104183632148E-003     0.400000000000E+001    -0.250223131047E-013    -0.204322692242E+003     0.611100769134E-001
     0.111434644115E-003     0.400000000000E+001    -0.239328908420E-013    -0.195426884377E+003     0.625271195908E-001
     0.119120716386E-003     0.400000000000E+001    -0.229184867291E-013    -0.187143646193E+003     0.639655191804E-001
     0.127267952553E-003     0.400000000000E+001    -0.219593968107E-013    -0.179312082684E+003     0.654264170656E-001
     0.135904022424E-003     0.400000000000E+001    -0.210457079815E-013    -0.171851247202E+003     0.669105364438E-001
     0.145058255993E-003     0.400000000000E+001    -0.201728469304E-013    -0.164723795828E+003     0.684184565452E-001
     0.154761743052E-003     0.400000000000E+001    -0.193390983871E-013    -0.157915722318E+003     0.699507897132E-001
     0.165047438780E-003     0.400000000000E+001    -0.185438320789E-013    -0.151421880103E+003     0.715082690984E-001
     0.175950275662E-003     0.400000000000E+001    -0.177863004809E-013    -0.145236165180E+003     0.730917553168E-001
     0.187507282134E-003     0.400000000000E+001    -0.170649620998E-013    -0.139345990303E+003     0.747021778286E-001
     0.199757708333E-003     0.400000000000E+001    -0.163771626159E-013    -0.133729681303E+003     0.763404234200E-001
     0.212743159403E-003     0.400000000000E+001    -0.157188179798E-013    -0.128353889389E+003     0.780071565702E-001
     0.226507736794E-003     0.400000000000E+001    -0.150830668991E-013    -0.123162587854E+003     0.797024375424E-001
     0.241098188040E-003     0.400000000000E+001    -0.144483426631E-013    -0.117979671144E+003     0.814238141824E-001
     0.256564065527E-003     0.400000000000E+001    -0.138092756665E-013    -0.112761293102E+003     0.831677665267E-001
     0.272957894778E-003     0.400000000000E+001    -0.132946529665E-013    -0.108559079857E+003     0.849474655455E-001
     0.290335352846E-003     0.400000000000E+001    -0.128143808611E-013    -0.104637360503E+003     0.867657968900E-001
     0.308755457403E-003     0.400000000000E+001    -0.123577545344E-013    -0.100908723585E+003     0.886245461292E-001
     0.328280767180E-003     0.400000000000E+001    -0.119212660868E-013    -0.973445249280E+002     0.905252281335E-001
     0.348977594427E-003     0.400000000000E+001    -0.115029174452E-013    -0.939284490289E+002     0.924692490166E-001
     0.370916230124E-003     0.400000000000E+001    -0.111012605717E-013    -0.906486717592E+002     0.944579572027E-001
     0.394171182707E-003     0.400000000000E+001    -0.107151206189E-013    -0.874955997625E+002     0.964926632265E-001
     0.418821431115E-003     0.400000000000E+001    -0.103434833608E-013    -0.844609512556E+002     0.985746466557E-001
     0.444950693017E-003     0.400000000000E+001    -0.998543807118E-014    -0.815372895935E+002     0.100705155850E+000
     0.472647709137E-003     0.400000000000E+001    -0.964014224933E-014    -0.787177352363E+002     0.102885402232E+000
     0.502006544641E-003     0.400000000000E+001    -0.930679409189E-014    -0.759957409628E+002     0.105116548690E+000
     0.533126908594E-003     0.400000000000E+001    -0.898460444846E-014    -0.733648628708E+002     0.107399689924E+000
     0.566114492604E-003     0.400000000000E+001    -0.867275992901E-014    -0.708184591267E+002     0.109735819794E+000
     0.601081329767E-003     0.400000000000E+001    -0.837036203397E-014    -0.683491929248E+002     0.112125774893E+000
     0.638146175159E-003     0.400000000000E+001    -0.807630288638E-014    -0.659480177632E+002     0.114570127975E+000
     0.677434909153E-003     0.400000000000E+001    -0.778894176928E-014    -0.636015361711E+002     0.117068951812E+000
     0.719080964939E-003     0.400000000000E+001    -0.750487406192E-014    -0.612819473104E+002     0.119621103208E+000
     0.763225781689E-003     0.400000000000E+001    -0.719933413506E-014    -0.587870244716E+002     0.122216245630E+000
     0.810019284919E-003     0.400000000000E+001    -0.692410582098E-014    -0.565396147346E+002     0.124861932275E+000
     0.859620395664E-003     0.400000000000E+001    -0.668999648660E-014    -0.546279669473E+002     0.127571540113E+000
     0.912197570216E-003     0.400000000000E+001    -0.646242764986E-014    -0.527697263763E+002     0.130346023228E+000
     0.967929372233E-003     0.400000000000E+001    -0.623568012371E-014    -0.509181923151E+002     0.133183785841E+000
     0.102700507918E-002     0.400000000000E+001    -0.600918928316E-014    -0.490687542510E+002     0.136082557188E+000
     0.108962532517E-002     0.400000000000E+001    -0.570885026980E-014    -0.466163000938E+002     0.139001681367E+000
     0.115600278233E-002     0.400000000000E+001    -0.553272281372E-014    -0.451781102728E+002     0.142000489446E+000
     0.122636288312E-002     0.400000000000E+001    -0.536949911832E-014    -0.438452876540E+002     0.145085448305E+000
     0.130094458593E-002     0.400000000000E+001    -0.521159798179E-014    -0.425559270266E+002     0.148259341807E+000
     0.138000118665E-002     0.400000000000E+001    -0.505527867100E-014    -0.412794829866E+002     0.151522757411E+000
     0.146380117888E-002     0.400000000000E+001    -0.490711151280E-014    -0.400696063241E+002     0.154880590110E+000
     0.155262916586E-002     0.400000000000E+001    -0.476825096044E-014    -0.389357238655E+002     0.158339172082E+000
     0.164678682697E-002     0.400000000000E+001    -0.463102206770E-014    -0.378151649188E+002     0.161899759566E+000
     0.174659394236E-002     0.400000000000E+001    -0.449327929355E-014    -0.366904098119E+002     0.165561723531E+000
     0.185238947896E-002     0.400000000000E+001    -0.436351659046E-014    -0.356308169302E+002     0.169331304928E+000
     0.196453274170E-002     0.400000000000E+001    -0.423842575801E-014    -0.346093727674E+002     0.173212512912E+000
     0.208340459379E-002     0.400000000000E+001    -0.412447173366E-014    -0.336788675439E+002     0.177215982273E+000
     0.220940875020E-002     0.400000000000E+001    -0.401176861688E-014    -0.327585767560E+002     0.181343699102E+000
     0.234297314879E-002     0.400000000000E+001    -0.389031080699E-014    -0.317667984737E+002     0.185586612436E+000
     0.248455140365E-002     0.400000000000E+001    -0.377608451766E-014    -0.308340700379E+002     0.189952046262E+000
     0.263462434571E-002     0.400000000000E+001    -0.366592700465E-014    -0.299345656821E+002     0.194444414603E+000
     0.279370165569E-002     0.400000000000E+001    -0.355997955135E-014    -0.290694390728E+002     0.199068702773E+000
     0.296232359518E-002     0.400000000000E+001    -0.345991624504E-014    -0.282523601698E+002     0.203832670540E+000
     0.314106284138E-002     0.400000000000E+001    -0.335866091120E-014    -0.274255476235E+002     0.208734692249E+000
     0.333052643213E-002     0.400000000000E+001    -0.326129017570E-014    -0.266304552298E+002     0.213780193920E+000
     0.353135782749E-002     0.400000000000E+001    -0.316718215805E-014    -0.258620049491E+002     0.218974096461E+000
     0.374423909507E-002     0.400000000000E+001    -0.307638648438E-014    -0.251206020097E+002     0.224321802059E+000
     0.396989322653E-002     0.400000000000E+001    -0.298852751483E-014    -0.244031790792E+002     0.229828480239E+000
     0.420908659296E-002     0.400000000000E+001    -0.290401193346E-014    -0.237130569850E+002     0.235500486168E+000
     0.446263154769E-002     0.400000000000E+001    -0.282299291318E-014    -0.230514864787E+002     0.241345074263E+000
     0.473138918520E-002     0.400000000000E+001    -0.274155287622E-014    -0.223864781105E+002     0.247361611233E+000
     0.501627226558E-002     0.400000000000E+001    -0.266425446382E-014    -0.217552886732E+002     0.253559324884E+000
     0.531824831448E-002     0.400000000000E+001    -0.258997108755E-014    -0.211487188743E+002     0.259945731449E+000
     0.563834290904E-002     0.400000000000E+001    -0.251468474863E-014    -0.205339592638E+002     0.266518540814E+000
     0.597764316095E-002     0.400000000000E+001    -0.244216949628E-014    -0.199418272924E+002     0.273284807838E+000
     0.633730140856E-002     0.400000000000E+001    -0.237207810559E-014    -0.193694876534E+002     0.280251203825E+000
     0.671853913045E-002     0.400000000000E+001    -0.230454666615E-014    -0.188180516027E+002     0.287425354948E+000
     0.712265109384E-002     0.400000000000E+001    -0.223966323801E-014    -0.182882382053E+002     0.294815850797E+000
     0.755100975191E-002     0.400000000000E+001    -0.217921203814E-014    -0.177946166981E+002     0.302438328926E+000
     0.800506990496E-002     0.400000000000E+001    -0.211469151334E-014    -0.172677666313E+002     0.310278933685E+000
     0.848637364120E-002     0.400000000000E+001    -0.205546030078E-014    -0.167841070765E+002     0.318357187131E+000
     0.899655557408E-002     0.400000000000E+001    -0.199615911528E-014    -0.162998761493E+002     0.326673089450E+000
     0.953734839373E-002     0.400000000000E+001    -0.193868891626E-014    -0.158305963614E+002     0.335234162294E+000
     0.101105887516E-001     0.400000000000E+001    -0.188381073437E-014    -0.153824819996E+002     0.344052021780E+000
     0.107182234982E-001     0.400000000000E+001    -0.183131271227E-014    -0.149538031173E+002     0.353138472148E+000
     0.113623162948E-001     0.400000000000E+001    -0.177853641271E-014    -0.145228519271E+002     0.362492536460E+000
     0.120450546223E-001     0.400000000000E+001    -0.172863240590E-014    -0.141153547872E+002     0.372129630180E+000
     0.127687572104E-001     0.400000000000E+001    -0.167955079647E-014    -0.137145730315E+002     0.382054902178E+000
     0.135358819124E-001     0.400000000000E+001    -0.163202484888E-014    -0.133264942187E+002     0.392277985084E+000
     0.143490340526E-001     0.400000000000E+001    -0.158621299685E-014    -0.129524120584E+002     0.402810266670E+000
     0.152109752747E-001     0.400000000000E+001    -0.154236472878E-014    -0.125943637778E+002     0.413665867976E+000
     0.161246329208E-001     0.400000000000E+001    -0.149776939246E-014    -0.122302152221E+002     0.424840097627E+000
     0.170931099734E-001     0.400000000000E+001    -0.145496224358E-014    -0.118806683249E+002     0.436346252269E+000
     0.181196955938E-001     0.400000000000E+001    -0.141343894362E-014    -0.115416048497E+002     0.448194697844E+000
     0.192078762926E-001     0.400000000000E+001    -0.137450571412E-014    -0.112236909048E+002     0.460408101656E+000
     0.203613477710E-001     0.400000000000E+001    -0.133555177324E-014    -0.109056078387E+002     0.472987409253E+000
     0.215840274722E-001     0.400000000000E+001    -0.129743314734E-014    -0.105943456370E+002     0.485940900611E+000
     0.228800678855E-001     0.400000000000E+001    -0.126103179203E-014    -0.102971060138E+002     0.499286366144E+000
     0.242538706494E-001     0.400000000000E+001    -0.122418902105E-014    -0.999626195815E+001     0.513019258451E+000
     0.257101015006E-001     0.400000000000E+001    -0.118750350302E-014    -0.969670197028E+001     0.527139895015E+000
     0.272537061195E-001     0.400000000000E+001    -0.115263698892E-014    -0.941199527668E+001     0.541668294397E+000
     0.288899269272E-001     0.400000000000E+001    -0.111500542410E-014    -0.910471023054E+001     0.556565610724E+000
     0.306243208897E-001     0.400000000000E+001    -0.107623916974E-014    -0.878815974112E+001     0.571807741921E+000
     0.324627783907E-001     0.400000000000E+001    -0.103537968980E-014    -0.845451676778E+001     0.587351011690E+000
     0.344115432366E-001     0.400000000000E+001    -0.991049623957E-015    -0.809253430987E+001     0.603121458068E+000
     0.364772338618E-001     0.400000000000E+001    -0.938908755276E-015    -0.766677180662E+001     0.618958636714E+000
     0.386668658063E-001     0.400000000000E+001    -0.885719710197E-015    -0.723245029353E+001     0.634795040913E+000
     0.409878755421E-001     0.400000000000E+001    -0.817485918828E-015    -0.667527910413E+001     0.650288428703E+000
     0.434481457293E-001     0.400000000000E+001    -0.745360680029E-015    -0.608633183501E+001     0.665262449466E+000
     0.460560319869E-001     0.400000000000E+001    -0.664692665325E-015    -0.542762750687E+001     0.679417084653E+000
     0.486639182446E-001     0.400000000000E+001    -0.585657185560E-015    -0.478225383815E+001     0.691888658718E+000
     0.512718045022E-001     0.400000000000E+001    -0.521078340698E-015    -0.425492755185E+001     0.702985025808E+000
     0.538796907598E-001     0.400000000000E+001    -0.482700897668E-015    -0.394155194791E+001     0.713264144967E+000
     0.564875770175E-001     0.400000000000E+001    -0.454136219280E-015    -0.370830364801E+001     0.722934979089E+000
     0.590954632751E-001     0.400000000000E+001    -0.435692430536E-015    -0.355769868373E+001     0.732213052595E+000
     0.617033495327E-001     0.400000000000E+001    -0.419310195354E-015    -0.342392758178E+001     0.741142266283E+000
     0.643112357904E-001     0.400000000000E+001    -0.404101876608E-015    -0.329974223498E+001     0.749747618711E+000
     0.669191220480E-001     0.400000000000E+001    -0.392103745741E-015    -0.320177006149E+001     0.758097470855E+000
     0.696834813319E-001     0.400000000000E+001    -0.383867434697E-015    -0.313451547796E+001     0.766762397817E+000
     0.724478406157E-001     0.400000000000E+001    -0.381227699114E-015    -0.311296040115E+001     0.775367738802E+000
     0.752121998996E-001     0.400000000000E+001    -0.376401574918E-015    -0.307355210645E+001     0.783864141102E+000
     0.779765591835E-001     0.400000000000E+001    -0.372149611384E-015    -0.303883218935E+001     0.792264565077E+000
     0.807409184673E-001     0.400000000000E+001    -0.368241973687E-015    -0.300692390609E+001     0.800576783092E+000
     0.836711391501E-001     0.400000000000E+001    -0.363699427990E-015    -0.296983120556E+001     0.809279043915E+000
     0.867771729061E-001     0.400000000000E+001    -0.358403937414E-015    -0.292659024352E+001     0.818369132002E+000
     0.900695685097E-001     0.400000000000E+001    -0.351834750115E-015    -0.287294875845E+001     0.827828015863E+000
     0.935595076612E-001     0.400000000000E+001    -0.344930522010E-015    -0.281657145758E+001     0.837657678866E+000
     0.972588429621E-001     0.400000000000E+001    -0.340435822123E-015    -0.277986944774E+001     0.847941348046E+000
     0.101180138169E+000     0.400000000000E+001    -0.336911797541E-015    -0.275109360328E+001     0.858729198207E+000
     0.105336710865E+000     0.400000000000E+001    -0.336255412271E-015    -0.274573381080E+001     0.870142040394E+000
     0.109493283560E+000     0.400000000000E+001    -0.333978956215E-015    -0.272714513644E+001     0.881477617404E+000
     0.113649856255E+000     0.400000000000E+001    -0.329947249903E-015    -0.269422375604E+001     0.892676354303E+000
     0.118055823074E+000     0.400000000000E+001    -0.329077660336E-015    -0.268712301837E+001     0.904515729161E+000
     0.122726147651E+000     0.400000000000E+001    -0.327050467290E-015    -0.267056973094E+001     0.916988156608E+000
     0.127676691434E+000     0.400000000000E+001    -0.324563760015E-015    -0.265026422509E+001     0.930108405693E+000
     0.132924267561E+000     0.400000000000E+001    -0.322031506677E-015    -0.262958680740E+001     0.943907362648E+000
     0.138171843689E+000     0.400000000000E+001    -0.318583990778E-015    -0.260143570375E+001     0.957558594543E+000
     0.143419419816E+000     0.400000000000E+001    -0.315465289350E-015    -0.257596957400E+001     0.971076190985E+000
     0.148666995943E+000     0.400000000000E+001    -0.312558717749E-015    -0.255223561575E+001     0.984469241673E+000
     0.154229426338E+000     0.400000000000E+001    -0.310211233887E-015    -0.253306695533E+001     0.998559250297E+000
     0.159791856733E+000     0.400000000000E+001    -0.307917361151E-015    -0.251433606298E+001     0.101254506964E+001
     0.165688032633E+000     0.400000000000E+001    -0.305782217608E-015    -0.249690129285E+001     0.102726723886E+001
     0.171584208533E+000     0.400000000000E+001    -0.303610212700E-015    -0.247916552684E+001     0.104188483490E+001
     0.177834154649E+000     0.400000000000E+001    -0.302263130023E-015    -0.246816576202E+001     0.105731073792E+001
     0.184084100766E+000     0.400000000000E+001    -0.300004375190E-015    -0.244972162912E+001     0.107262136610E+001
     0.190334046883E+000     0.400000000000E+001    -0.297940007758E-015    -0.243286478979E+001     0.108782663994E+001
     0.196958989409E+000     0.400000000000E+001    -0.296213316963E-015    -0.241876528946E+001     0.110385082097E+001
     0.203981428107E+000     0.400000000000E+001    -0.294339767911E-015    -0.240346660046E+001     0.112072901784E+001
     0.211003866806E+000     0.400000000000E+001    -0.292035036101E-015    -0.238464703704E+001     0.113747505547E+001
     0.218447651425E+000     0.400000000000E+001    -0.289932739208E-015    -0.236748048017E+001     0.115509807025E+001
     0.225891436043E+000     0.400000000000E+001    -0.287720698723E-015    -0.234941779885E+001     0.117258663033E+001
     0.233335220662E+000     0.400000000000E+001    -0.285825050691E-015    -0.233393865799E+001     0.118995996701E+001
     0.240779005280E+000     0.400000000000E+001    -0.278200933753E-015    -0.227168301870E+001     0.120686988612E+001
     0.248669416550E+000     0.400000000000E+001    -0.282339473358E-015    -0.230547675913E+001     0.122506104593E+001
     0.256559827820E+000     0.400000000000E+001    -0.280887322632E-015    -0.229361904859E+001     0.124315864352E+001
     0.264923663314E+000     0.400000000000E+001    -0.279362169158E-015    -0.228116522538E+001     0.126223793420E+001
     0.273287498809E+000     0.400000000000E+001    -0.277512674209E-015    -0.226606295302E+001     0.128119091196E+001
     0.281651334303E+000     0.400000000000E+001    -0.274719660313E-015    -0.224325626380E+001     0.129995313832E+001
     0.290015169798E+000     0.400000000000E+001    -0.273306874530E-015    -0.223171999241E+001     0.131861887720E+001
     0.298379005292E+000     0.400000000000E+001    -0.271456063594E-015    -0.221660697421E+001     0.133715821329E+001
     0.307244670438E+000     0.400000000000E+001    -0.269844914864E-015    -0.220345094644E+001     0.135669327155E+001
     0.316110335584E+000     0.400000000000E+001    -0.262838500111E-015    -0.214623922828E+001     0.137572110987E+001
     0.324976000729E+000     0.400000000000E+001    -0.263973082496E-015    -0.215550379652E+001     0.139483108475E+001
     0.333841665875E+000     0.400000000000E+001    -0.263508547475E-015    -0.215171058021E+001     0.141390743024E+001
     0.342707331020E+000     0.400000000000E+001    -0.263159821182E-015    -0.214886301393E+001     0.143295853017E+001
     0.351572996166E+000     0.400000000000E+001    -0.257918705091E-015    -0.210606605326E+001     0.145163020657E+001
     0.360970600713E+000     0.400000000000E+001    -0.259108478437E-015    -0.211578128990E+001     0.147151348244E+001
     0.370368205260E+000     0.400000000000E+001    -0.259377237628E-015    -0.211797587524E+001     0.149141738216E+001
     0.379765809807E+000     0.400000000000E+001    -0.258504633109E-015    -0.211085051861E+001     0.151125432059E+001
     0.389163414354E+000     0.400000000000E+001    -0.253368064060E-015    -0.206890724931E+001     0.153069709276E+001
     0.398561018901E+000     0.400000000000E+001    -0.254479166064E-015    -0.207798008570E+001     0.155022512786E+001
     0.407958623448E+000     0.400000000000E+001    -0.250711297930E-015    -0.204721310752E+001     0.156946402707E+001
     0.417356227995E+000     0.400000000000E+001    -0.251858212749E-015    -0.205657837773E+001     0.158879093739E+001
     0.426753832542E+000     0.400000000000E+001    -0.252322547901E-015    -0.206036996199E+001     0.160815347951E+001
     0.436151437089E+000     0.400000000000E+001    -0.251416877511E-015    -0.205297460203E+001     0.162744652296E+001
     0.446112897371E+000     0.400000000000E+001    -0.246612754815E-015    -0.201374596321E+001     0.164750637340E+001
     0.456074357653E+000     0.400000000000E+001    -0.247418449534E-015    -0.202032495987E+001     0.166763176024E+001
     0.466035817935E+000     0.400000000000E+001    -0.247109325873E-015    -0.201780077362E+001     0.168773200250E+001
     0.476035817935E+000     0.400000000000E+001    -0.244988267822E-015    -0.200048102026E+001     0.170773681271E+001
     0.486035817935E+000     0.400000000000E+001    -0.244795666728E-015    -0.199890831298E+001     0.172772589584E+001
     0.496035817935E+000     0.400000000000E+001    -0.245099336202E-015    -0.200138796241E+001     0.174773977546E+001
     0.506035817935E+000     0.400000000000E+001    -0.245249737154E-015    -0.200261607939E+001     0.176776593625E+001
     0.516035817935E+000     0.400000000000E+001    -0.245911553134E-015    -0.200802021698E+001     0.178784613842E+001
     0.526035817935E+000     0.400000000000E+001    -0.244966240164E-015    -0.200030115078E+001     0.180784914993E+001
     0.536035817935E+000     0.400000000000E+001    -0.244745419604E-015    -0.199849801408E+001     0.182783413007E+001
     0.546035817935E+000     0.400000000000E+001    -0.239490886493E-015    -0.195559149511E+001     0.184739004502E+001
     0.556035817935E+000     0.400000000000E+001    -0.240540828174E-015    -0.196416491956E+001     0.186703169422E+001
     0.566035817935E+000     0.400000000000E+001    -0.240981198514E-015    -0.196776081627E+001     0.188670930238E+001
     0.576035817935E+000     0.400000000000E+001    -0.241076576642E-015    -0.196853963780E+001     0.190639469876E+001
     0.586035817935E+000     0.400000000000E+001    -0.241090586274E-015    -0.196865403512E+001     0.192608123911E+001
     0.596035817935E+000     0.400000000000E+001    -0.236201964121E-015    -0.192873540588E+001     0.194536859317E+001
     0.606035817935E+000     0.400000000000E+001    -0.237356175138E-015    -0.193816025407E+001     0.196475019571E+001
     0.616035817935E+000     0.400000000000E+001    -0.237996017428E-015    -0.194338496286E+001     0.198418404534E+001
     0.626035817935E+000     0.400000000000E+001    -0.237795075640E-015    -0.194174414864E+001     0.200360148683E+001
     0.636035817935E+000     0.400000000000E+001    -0.237655873408E-015    -0.194060747616E+001     0.202300756159E+001
     0.646035817935E+000     0.400000000000E+001    -0.232880842508E-015    -0.190161638988E+001     0.204202372549E+001
     0.656035817935E+000     0.400000000000E+001    -0.234097011476E-015    -0.191154716314E+001     0.206113919712E+001
     0.666035817935E+000     0.400000000000E+001    -0.234182666916E-015    -0.191224659289E+001     0.208026166305E+001
     0.676035817935E+000     0.400000000000E+001    -0.234241740197E-015    -0.191272896284E+001     0.209938895268E+001
     0.686035817935E+000     0.400000000000E+001    -0.234483906916E-015    -0.191470640416E+001     0.211853601672E+001
     0.696035817935E+000     0.400000000000E+001    -0.234413428874E-015    -0.191413090727E+001     0.213767732579E+001
     0.706035817935E+000     0.400000000000E+001    -0.233855660317E-015    -0.190957638137E+001     0.215677308960E+001
     0.716035817935E+000     0.400000000000E+001    -0.233584026940E-015    -0.190735832652E+001     0.217584667287E+001
     0.726035817935E+000     0.400000000000E+001    -0.233317529548E-015    -0.190518221017E+001     0.219489849497E+001
     0.736035817935E+000     0.400000000000E+001    -0.229754686266E-015    -0.187608938697E+001     0.221365938884E+001
     0.746035817935E+000     0.400000000000E+001    -0.229834824702E-015    -0.187674376695E+001     0.223242682651E+001
     0.756035817935E+000     0.400000000000E+001    -0.230033188861E-015    -0.187836353323E+001     0.225121046184E+001
