 #        time                      h  [L]            Darcian flow [L.T^{-1}]   in    x         z              directions   cumulative flux
 #-----------------------------------------------------------------------------------------------

     0.100000000000E-005    -0.280000000000E+003    -0.128856211700E-014    -0.790363611341E-015     0.151164379650E-020
     0.205999994278E-005    -0.280000000000E+003    -0.257712423401E-014    -0.158072722268E-014     0.471632847210E-020
     0.318359982147E-005    -0.280000000000E+003    -0.257712423401E-014    -0.314190669268E-014     0.928223069418E-020
     0.437461562859E-005    -0.280000000000E+003    -0.257712423401E-014    -0.314190669268E-014     0.141220867883E-019
     0.563709231599E-005    -0.280000000000E+003    -0.386568635101E-014    -0.393227030402E-014     0.210836218943E-019
     0.697531753239E-005    -0.280000000000E+003    -0.515424846802E-014    -0.472263391536E-014     0.304387205514E-019
     0.839383618521E-005    -0.280000000000E+003    -0.386568635101E-014    -0.705462924401E-014     0.418497597227E-019
     0.989746587602E-005    -0.280000000000E+003    -0.644281058502E-014    -0.551299752670E-014     0.545998789828E-019
     0.114913132622E-004    -0.280000000000E+003    -0.644281058502E-014    -0.551299752670E-014     0.681150046689E-019
     0.131807914004E-004    -0.280000000000E+003    -0.644281058502E-014    -0.707417699669E-014     0.842805640143E-019
     0.149716381303E-004    -0.280000000000E+003    -0.386568635101E-014    -0.549344977401E-014     0.963101390507E-019
     0.168699355614E-004    -0.280000000000E+003    -0.515424846802E-014    -0.784499285535E-014     0.114128892935E-018
     0.188821307298E-004    -0.280000000000E+003    -0.644281058502E-014    -0.101965359367E-013     0.138398932499E-018
     0.210150574931E-004    -0.280000000000E+003    -0.773137270203E-014    -0.125480790180E-013     0.169835437466E-018
     0.232759597402E-004    -0.280000000000E+003    -0.103084969360E-013    -0.141288062407E-013     0.209377853453E-018
     0.256725159928E-004    -0.280000000000E+003    -0.103084969360E-013    -0.141288062407E-013     0.251292812137E-018
     0.282128654833E-004    -0.280000000000E+003    -0.901993481903E-014    -0.133384426294E-013     0.292197430647E-018
     0.309056357980E-004    -0.280000000000E+003    -0.644281058502E-014    -0.133188948767E-013     0.332037945171E-018
     0.337599721774E-004    -0.280000000000E+003    -0.773137270203E-014    -0.141092584880E-013     0.377960420945E-018
     0.367855685763E-004    -0.280000000000E+003    -0.901993481903E-014    -0.133384426294E-013     0.426678468175E-018
     0.399927005860E-004    -0.280000000000E+003    -0.773137270203E-014    -0.156704379580E-013     0.482719532595E-018
     0.433922603327E-004    -0.280000000000E+003    -0.773137270203E-014    -0.156704379580E-013     0.542123057674E-018
     0.469957934698E-004    -0.280000000000E+003    -0.644281058502E-014    -0.164412538167E-013     0.605756252974E-018
     0.508155383889E-004    -0.280000000000E+003    -0.644281058502E-014    -0.148800743467E-013     0.667693439898E-018
     0.548644677845E-004    -0.280000000000E+003    -0.644281058502E-014    -0.164412538167E-013     0.739191690417E-018
     0.591563327122E-004    -0.280000000000E+003    -0.386568635101E-014    -0.164217060640E-013     0.811597876346E-018
     0.637057092900E-004    -0.280000000000E+003    -0.515424846802E-014    -0.156508902053E-013     0.886561420975E-018
     0.685280482021E-004    -0.280000000000E+003    -0.386568635101E-014    -0.148605265940E-013     0.960608867836E-018
     0.736397271730E-004    -0.280000000000E+003    -0.128856211700E-014    -0.164021583113E-013     0.104470976550E-017
     0.790581065897E-004    -0.280000000000E+003    -0.257712423401E-014    -0.156313424526E-013     0.113054969409E-017
     0.848015884613E-004    -0.280000000000E+003    -0.386568635101E-014    -0.132993471240E-013     0.121009560444E-017
     0.908896789166E-004    -0.280000000000E+003    -0.386568635101E-014    -0.132993471240E-013     0.129441426486E-017
     0.973430544509E-004    -0.280000000000E+003    -0.515424846802E-014    -0.140897107353E-013     0.139123344436E-017
     0.104183632148E-003    -0.280000000000E+003    -0.386568635101E-014    -0.132993471240E-013     0.148597388099E-017
     0.111434644115E-003    -0.280000000000E+003    -0.515424846802E-014    -0.140897107353E-013     0.159475989933E-017
     0.119120716386E-003    -0.280000000000E+003    -0.515424846802E-014    -0.125285312653E-013     0.169888571999E-017
     0.127267952553E-003    -0.280000000000E+003    -0.644281058502E-014    -0.117577154067E-013     0.180811754768E-017
     0.135904022424E-003    -0.280000000000E+003    -0.773137270203E-014    -0.125480790180E-013     0.193540173674E-017
     0.145058255993E-003    -0.280000000000E+003    -0.901993481903E-014    -0.102160836894E-013     0.206015738033E-017
     0.154761743052E-003    -0.280000000000E+003    -0.644281058502E-014    -0.117577154067E-013     0.219025421376E-017
     0.165047438780E-003    -0.280000000000E+003    -0.773137270203E-014    -0.125480790180E-013     0.234185169492E-017
     0.175950275662E-003    -0.280000000000E+003    -0.644281058502E-014    -0.133188948767E-013     0.250316312532E-017
     0.187507282134E-003    -0.280000000000E+003    -0.773137270203E-014    -0.125480790180E-013     0.267349803676E-017
     0.199757708333E-003    -0.280000000000E+003    -0.901993481903E-014    -0.133384426294E-013     0.287075397029E-017
     0.212743159403E-003    -0.280000000000E+003    -0.103084969360E-013    -0.141288062407E-013     0.309786511968E-017
     0.226507736794E-003    -0.280000000000E+003    -0.103084969360E-013    -0.141288062407E-013     0.333860292503E-017
     0.241098188040E-003    -0.280000000000E+003    -0.901993481903E-014    -0.148996220994E-013     0.359272735845E-017
     0.256564065527E-003    -0.280000000000E+003    -0.773137270203E-014    -0.125480790180E-013     0.382067383218E-017
     0.272957894778E-003    -0.280000000000E+003    -0.901993481903E-014    -0.102160836894E-013     0.404409206853E-017
     0.290335352846E-003    -0.280000000000E+003    -0.103084969360E-013    -0.125676267707E-013     0.432655480606E-017
     0.308755457403E-003    -0.280000000000E+003    -0.901993481903E-014    -0.117772631594E-013     0.459980831984E-017
     0.328280767180E-003    -0.280000000000E+003    -0.773137270203E-014    -0.942572007803E-014     0.483783964306E-017
     0.348977594427E-003    -0.280000000000E+003    -0.103084969360E-013    -0.944526783071E-014     0.512720926248E-017
     0.370916230124E-003    -0.280000000000E+003    -0.103084969360E-013    -0.944526783071E-014     0.543394104249E-017
     0.394171182707E-003    -0.280000000000E+003    -0.901993481903E-014    -0.102160836894E-013     0.575086397813E-017
     0.418821431115E-003    -0.280000000000E+003    -0.901993481903E-014    -0.102160836894E-013     0.608680227177E-017
     0.444950693017E-003    -0.280000000000E+003    -0.901993481903E-014    -0.865490421937E-014     0.641343538570E-017
     0.472647709137E-003    -0.280000000000E+003    -0.103084969360E-013    -0.944526783071E-014     0.680067710726E-017
     0.502006544641E-003    -0.280000000000E+003    -0.103084969360E-013    -0.944526783071E-014     0.721115330995E-017
     0.533126908594E-003    -0.280000000000E+003    -0.901993481903E-014    -0.865490421937E-014     0.760017851177E-017
     0.566114492604E-003    -0.280000000000E+003    -0.115970590530E-013    -0.867445197206E-014     0.807791560464E-017
     0.601081329767E-003    -0.280000000000E+003    -0.128856211700E-013    -0.946481558340E-014     0.863697176477E-017
     0.638146175159E-003    -0.280000000000E+003    -0.115970590530E-013    -0.102356314421E-013     0.921029187842E-017
     0.677434909153E-003    -0.280000000000E+003    -0.115970590530E-013    -0.117968109121E-013     0.986022839694E-017
     0.719080964939E-003    -0.280000000000E+003    -0.115970590530E-013    -0.117968109121E-013     0.105491610694E-016
     0.763225781689E-003    -0.280000000000E+003    -0.115970590530E-013    -0.117968109121E-013     0.112794296627E-016
     0.810019284919E-003    -0.280000000000E+003    -0.103084969360E-013    -0.125676267707E-013     0.120400369374E-016
     0.859620395664E-003    -0.280000000000E+003    -0.901993481903E-014    -0.133384426294E-013     0.128387122851E-016
     0.912197570216E-003    -0.280000000000E+003    -0.901993481903E-014    -0.133384426294E-013     0.136853081080E-016
     0.967929372233E-003    -0.280000000000E+003    -0.901993481903E-014    -0.148996220994E-013     0.146559986213E-016
     0.102700507918E-002    -0.280000000000E+003    -0.901993481903E-014    -0.148996220994E-013     0.156849305100E-016
     0.108962532517E-002    -0.280000000000E+003    -0.901993481903E-014    -0.164608015693E-013     0.168603197207E-016
     0.115600278233E-002    -0.280000000000E+003    -0.103084969360E-013    -0.156899857107E-013     0.181064506517E-016
     0.122636288312E-002    -0.280000000000E+003    -0.644281058502E-014    -0.133188948767E-013     0.191474538900E-016
     0.130094458593E-002    -0.280000000000E+003    -0.644281058502E-014    -0.133188948767E-013     0.202509172630E-016
     0.138000118665E-002    -0.280000000000E+003    -0.644281058502E-014    -0.133188948767E-013     0.214205883753E-016
     0.146380117888E-002    -0.280000000000E+003    -0.644281058502E-014    -0.133188948767E-013     0.226604396873E-016
     0.155262916586E-002    -0.280000000000E+003    -0.386568635101E-014    -0.132993471240E-013     0.238906869914E-016
     0.164678682697E-002    -0.280000000000E+003    -0.515424846802E-014    -0.140897107353E-013     0.253033225097E-016
     0.174659394236E-002    -0.280000000000E+003    -0.515424846802E-014    -0.140897107353E-013     0.268007160782E-016
     0.185238947896E-002    -0.280000000000E+003    -0.644281058502E-014    -0.133188948767E-013     0.283659994555E-016
     0.196453274170E-002    -0.280000000000E+003    -0.386568635101E-014    -0.132993471240E-013     0.299191579967E-016
     0.208340459379E-002    -0.280000000000E+003    -0.515424846802E-014    -0.125285312653E-013     0.315295551822E-016
     0.220940875020E-002    -0.280000000000E+003    -0.386568635101E-014    -0.148605265940E-013     0.334643603143E-016
     0.234297314879E-002    -0.280000000000E+003    -0.386568635101E-014    -0.148605265940E-013     0.355152536437E-016
     0.248455140365E-002    -0.280000000000E+003    -0.257712423401E-014    -0.156313424526E-013     0.377581876195E-016
     0.263462434571E-002    -0.280000000000E+003    -0.128856211700E-014    -0.148409788413E-013     0.399937962126E-016
     0.279370165569E-002    -0.280000000000E+003    -0.128856211700E-014    -0.132797993713E-013     0.421162325072E-016
     0.296232359518E-002    -0.280000000000E+003    -0.386568635101E-014    -0.861580871400E-014     0.437085780673E-016
     0.314106284138E-002    -0.280000000000E+003    -0.515424846802E-014    -0.784499285535E-014     0.453863502569E-016
     0.333052643213E-002    -0.280000000000E+003    -0.515424846802E-014    -0.628381338535E-014     0.469261728333E-016
     0.353135782749E-002    -0.280000000000E+003    -0.386568635101E-014    -0.861580871400E-014     0.488226815658E-016
     0.374423909507E-002    -0.280000000000E+003    -0.515424846802E-014    -0.784499285535E-014     0.508209347644E-016
     0.396989322653E-002    -0.280000000000E+003    -0.515424846802E-014    -0.940617232534E-014     0.532412513184E-016
     0.420908659296E-002    -0.280000000000E+003    -0.515424846802E-014    -0.940617232534E-014     0.558067867272E-016
     0.446263154769E-002    -0.280000000000E+003    -0.386568635101E-014    -0.101769881840E-013     0.585669891718E-016
     0.473138918520E-002    -0.280000000000E+003    -0.386568635101E-014    -0.861580871400E-014     0.611049449807E-016
     0.501627226558E-002    -0.280000000000E+003    -0.257712423401E-014    -0.626426563267E-014     0.630346487027E-016
     0.531824831448E-002    -0.280000000000E+003    -0.257712423401E-014    -0.782544510266E-014     0.655225934389E-016
     0.563834290904E-002    -0.280000000000E+003    -0.257712423401E-014    -0.626426563267E-014     0.676908083068E-016
     0.597764316095E-002    -0.280000000000E+003    -0.128856211700E-014    -0.859626096131E-014     0.706401081901E-016
     0.633730140856E-002    -0.280000000000E+003    -0.152951475266E-029    -0.124894357600E-013     0.751320367692E-016
     0.671853913045E-002    -0.280000000000E+003     0.128856211700E-014    -0.116990721486E-013     0.796191364349E-016
     0.712265109384E-002    -0.280000000000E+003     0.257712423401E-014    -0.124698880073E-013     0.847648588938E-016
     0.755100975191E-002    -0.280000000000E+003     0.386568635101E-014    -0.101183449259E-013     0.894046858649E-016
     0.800506990496E-002    -0.280000000000E+003     0.257712423401E-014    -0.934752906728E-014     0.938073807875E-016
     0.848637364120E-002    -0.280000000000E+003     0.386568635101E-014    -0.101183449259E-013     0.990206898095E-016
     0.899655557408E-002    -0.280000000000E+003     0.515424846802E-014    -0.932798131459E-014     0.104457839022E-015
     0.953734839373E-002    -0.280000000000E+003     0.515424846802E-014    -0.620562237460E-014     0.108820399190E-015
     0.101105887516E-001    -0.280000000000E+003     0.386568635101E-014    -0.543480651595E-014     0.112643557967E-015
     0.107182234982E-001    -0.280000000000E+003     0.386568635101E-014    -0.699598598595E-014     0.117500355960E-015
     0.113623162948E-001    -0.280000000000E+003     0.128856211700E-014    -0.857671320863E-014     0.123086553209E-015
     0.120450546223E-001    -0.280000000000E+003    -0.955946720412E-030    -0.780589734997E-014     0.128415938510E-015
     0.127687572104E-001    -0.280000000000E+003    -0.257712423401E-014    -0.626426563267E-014     0.133318060378E-015
     0.135358819124E-001    -0.280000000000E+003    -0.386568635101E-014    -0.549344977401E-014     0.138471032997E-015
     0.143490340526E-001    -0.280000000000E+003    -0.386568635101E-014    -0.237109083402E-014     0.142158622162E-015
     0.152109752747E-001    -0.280000000000E+003    -0.257712423401E-014    -0.158072722268E-014     0.144764518365E-015
     0.161246329208E-001    -0.280000000000E+003    -0.386568635101E-014    -0.237109083402E-014     0.148907893104E-015
     0.170931099734E-001    -0.280000000000E+003    -0.257712423401E-014    -0.314190669268E-014     0.152843432445E-015
     0.181196955938E-001    -0.280000000000E+003    -0.386568635101E-014    -0.393227030402E-014     0.158504219616E-015
     0.192078762926E-001    -0.280000000000E+003    -0.257712423401E-014    -0.314190669268E-014     0.162926191142E-015
     0.203613477710E-001    -0.280000000000E+003    -0.128856211700E-014    -0.235154308134E-014     0.166019161450E-015
     0.215840274722E-001    -0.280000000000E+003    -0.128856211700E-014    -0.391272255133E-014     0.171055917739E-015
     0.228800678855E-001    -0.280000000000E+003    -0.191189344082E-030    -0.156117946999E-014     0.173079269424E-015
     0.242538706494E-001    -0.280000000000E+003    -0.128856211700E-014    -0.790363611341E-015     0.175155969850E-015
     0.257101015006E-001    -0.280000000000E+003    -0.191189344082E-030    -0.156117946999E-014     0.177429407558E-015
     0.272537061195E-001    -0.280000000000E+003     0.000000000000E+000     0.000000000000E+000     0.177429407558E-015
     0.288899269272E-001    -0.280000000000E+003    -0.128856211700E-014     0.770815858654E-015     0.179886218801E-015
     0.306243208897E-001    -0.280000000000E+003     0.191189344082E-030     0.156117946999E-014     0.182593919048E-015
     0.324627783907E-001    -0.280000000000E+003     0.191189344082E-030     0.156117946999E-014     0.185464081155E-015
     0.344115432366E-001    -0.280000000000E+003     0.386568635101E-014     0.809911364028E-015     0.193160959110E-015
     0.364772338618E-001    -0.280000000000E+003     0.128856211700E-014     0.235154308134E-014     0.198699994872E-015
     0.386668658063E-001    -0.280000000000E+003     0.257712423401E-014     0.158072722268E-014     0.205319881963E-015
     0.409878755421E-001    -0.280000000000E+003     0.515424846802E-014     0.390955053737E-016     0.217283286973E-015
     0.434481457293E-001    -0.280000000000E+003     0.257712423401E-014     0.195477526869E-016     0.223623891287E-015
     0.460560319869E-001    -0.280000000000E+003    -0.257712423401E-014    -0.314190669268E-014     0.234221394797E-015
     0.486639182446E-001    -0.280000000000E+003    -0.257712423401E-014    -0.470308616267E-014     0.248207201837E-015
     0.512718045022E-001    -0.280000000000E+003    -0.128856211700E-014    -0.391272255133E-014     0.258950234125E-015
     0.538796907598E-001    -0.280000000000E+003    -0.257712423401E-014    -0.470308616267E-014     0.272936041164E-015
     0.564875770175E-001    -0.280000000000E+003    -0.128856211700E-014    -0.391272255133E-014     0.283679073452E-015
     0.590954632751E-001    -0.280000000000E+003    -0.644281058502E-014    -0.180024332867E-013     0.333543428075E-015
     0.617033495327E-001    -0.280000000000E+003    -0.386568635101E-014    -0.705462924401E-014     0.354522138634E-015
     0.643112357904E-001    -0.280000000000E+003    -0.103084969360E-013    -0.163937048074E-014     0.381743355411E-015
     0.669191220480E-001    -0.280000000000E+003     0.773137270203E-014    -0.124307925019E-013     0.419920060272E-015
     0.696834813319E-001    -0.280000000000E+003     0.515424846802E-014    -0.308326343462E-014     0.436522975806E-015
     0.724478406157E-001    -0.280000000000E+003     0.257712423401E-014     0.782544510266E-014     0.459298203028E-015
     0.752121998996E-001    -0.280000000000E+003     0.644281058502E-014     0.133188948767E-013     0.500197902344E-015
     0.779765591835E-001    -0.280000000000E+003     0.115970590530E-013     0.320921440220E-013     0.594526877774E-015
     0.807409184673E-001    -0.280000000000E+003     0.141741832870E-013     0.524070248846E-013     0.744603933853E-015
     0.836711391501E-001    -0.280000000000E+003     0.231941181061E-013     0.719901853939E-013     0.966229251328E-015
     0.867771729061E-001    -0.280000000000E+003     0.335026150421E-013     0.954860684546E-013     0.128053799068E-014
     0.900695685097E-001    -0.280000000000E+003     0.425225498611E-013     0.115069228964E-012     0.168443180380E-014
     0.935595076612E-001    -0.280000000000E+003    -0.167513075211E-013    -0.871354747743E-014     0.175032904643E-014
     0.972588429621E-001    -0.280000000000E+003     0.450996740952E-013     0.155679442936E-012     0.234991894570E-014
     0.101180138169E+000    -0.280000000000E+003     0.115970590530E-012     0.366195644850E-012     0.385616815604E-014
     0.105336710865E+000    -0.280000000000E+003     0.229364056827E-012     0.658996306857E-012     0.675650295380E-014
     0.109493283560E+000    -0.280000000000E+003    -0.184264382732E-012    -0.617074582113E-015     0.752241555053E-014
     0.113649856255E+000    -0.280000000000E+003     0.115455165684E-011     0.290162295111E-011     0.205029104487E-013
     0.118055823074E+000    -0.280000000000E+003     0.130402486241E-011     0.292773559228E-011     0.346240970249E-013
     0.122726147651E+000    -0.280000000000E+003     0.161585689473E-011     0.283018538428E-011     0.498445858042E-013
     0.127676691434E+000    -0.279999999994E+003     0.174430076662E-009    -0.626946552564E-010     0.967452567603E-012
     0.132924267561E+000    -0.279999999997E+003     0.745716668367E-010    -0.239964028301E-010     0.137853445990E-011
     0.138171843689E+000    -0.280000000001E+003    -0.338569696241E-010     0.141052619332E-010     0.157100342051E-011
     0.143419419816E+000    -0.279999999998E+003     0.556426893373E-010    -0.225257215015E-010     0.188601174857E-011
     0.148666995943E+000    -0.279999999999E+003     0.849806716167E-011    -0.561589278711E-011     0.193946376541E-011
     0.154229426338E+000    -0.280000000012E+003    -0.353260592909E-009     0.122744860046E-009     0.401968889215E-011
     0.159791856733E+000    -0.279999999978E+003     0.631328432198E-009    -0.241114248368E-009     0.777880416917E-011
     0.165688032633E+000    -0.279999999992E+003     0.220846661245E-009    -0.724278000601E-010     0.914919308779E-011
     0.171584208533E+000    -0.279999999995E+003     0.118796407257E-009    -0.311491509485E-010     0.987331589007E-011
     0.177834154649E+000    -0.279999999997E+003     0.609824907506E-010    -0.693274867767E-011     0.102569081943E-010
     0.184084100766E+000    -0.279999999998E+003     0.379481543464E-010     0.401437605326E-011     0.104954054857E-010
     0.190334046883E+000    -0.279999999998E+003     0.275559008726E-010     0.905075427406E-011     0.106766801953E-010
     0.196958989409E+000    -0.279999999998E+003     0.224080952151E-010     0.112356077931E-010     0.108427485711E-010
     0.203981428107E+000    -0.279999999997E+003     0.195062533276E-010     0.117209803514E-010     0.110025573214E-010
     0.211003866806E+000    -0.279999999997E+003     0.164755552283E-010     0.116168108618E-010     0.111441242192E-010
     0.218447651425E+000    -0.279999999906E+003     0.262838194813E-008    -0.956282245508E-009     0.319639352324E-010
     0.225891436043E+000    -0.279999999963E+003     0.933829986360E-009    -0.168545590864E-009     0.390274791472E-010
     0.233335220662E+000    -0.279999999976E+003     0.455178125093E-009     0.291300722863E-010     0.424226584829E-010
     0.240779005280E+000    -0.279999999906E+003     0.242666527996E-008    -0.752584317488E-009     0.613349810516E-010
     0.248669416550E+000    -0.279999999962E+003     0.839578110297E-009    -0.287953073237E-009     0.683383972655E-010
     0.256559827820E+000    -0.279999999982E+003     0.333796862202E-009    -0.234331826824E-009     0.715564060048E-010
     0.264923663314E+000    -0.279999999995E+003     0.103677707938E-009    -0.251458044423E-009     0.738313110688E-010
     0.273287498809E+000    -0.280000000006E+003    -0.292374744336E-010    -0.259769417309E-009     0.760176979776E-010
     0.281651334303E+000    -0.280000003269E+003    -0.939493762895E-007     0.313945568660E-007     0.904506308953E-009
     0.290015169798E+000    -0.280000000932E+003    -0.253190470773E-007     0.695685388591E-008     0.112411902738E-008
     0.298379005292E+000    -0.280000000783E+003    -0.196590547849E-007     0.585756651783E-008     0.129568767974E-008
     0.307244670438E+000    -0.280000000383E+003    -0.769744484162E-008     0.244973008166E-008     0.136730328839E-008
     0.316110335584E+000    -0.280000003038E+003    -0.845769749704E-007     0.281953567698E-007     0.215770320865E-008
     0.324976000729E+000    -0.280000000508E+003    -0.104530130073E-007     0.208719512842E-008     0.225220548716E-008
     0.333841665875E+000    -0.279999992296E+003     0.228190052000E-006    -0.772009130617E-007     0.438790504085E-008
     0.342707331020E+000    -0.279999997731E+003     0.680988286402E-007    -0.200756597571E-007     0.501733496042E-008
     0.351572996166E+000    -0.280000000453E+003    -0.142714799918E-007     0.616655582743E-008     0.515516727320E-008
     0.360970600713E+000    -0.279999998096E+003     0.535447743097E-007    -0.175267795934E-007     0.568463125399E-008
     0.370368205260E+000    -0.279999999143E+003     0.232651708442E-007    -0.754425775148E-008     0.591447599005E-008
     0.379765809807E+000    -0.279999999741E+003     0.625805140538E-008    -0.268015924089E-008     0.597845322322E-008
     0.389163414354E+000    -0.279999999260E+003     0.213495222136E-007    -0.812259873884E-008     0.619311777939E-008
     0.398561018901E+000    -0.280000005763E+003    -0.166196766472E-006     0.533798276312E-007     0.783355225848E-008
     0.407958623448E+000    -0.280000002357E+003    -0.632955012665E-007     0.163709003789E-007     0.844795200914E-008
     0.417356227995E+000    -0.279999999821E+003     0.149684194914E-007    -0.902829753743E-008     0.861222572211E-008
     0.426753832542E+000    -0.280000000382E+003     0.893857498395E-009    -0.291858774459E-008     0.864091095467E-008
     0.436151437089E+000    -0.280000001798E+003    -0.392844520588E-007     0.104853443267E-007     0.902301466868E-008
     0.446112897371E+000    -0.279999999834E+003     0.193247374691E-007    -0.918804524974E-008     0.923616795902E-008
     0.456074357653E+000    -0.279999999800E+003     0.212045576090E-007    -0.891803342083E-008     0.946531718387E-008
     0.466035817935E+000    -0.280000000471E+003     0.183062153695E-008    -0.229325834534E-008     0.949454725389E-008
     0.476035817935E+000    -0.279999997876E+003     0.779294108469E-007    -0.274629634628E-007     0.103208164253E-007
     0.486035817935E+000    -0.279999999195E+003     0.391084763959E-007    -0.136842371595E-007     0.107351509849E-007
     0.496035817935E+000    -0.279999987905E+003     0.367849299280E-006    -0.121701014434E-006     0.146097379809E-007
     0.506035817935E+000    -0.280000005969E+003    -0.163745837437E-006     0.566995062017E-007     0.163425834236E-007
     0.516035817935E+000    -0.280000003456E+003    -0.910783039257E-007     0.268646336045E-007     0.172921604865E-007
     0.526035817935E+000    -0.279999991699E+003     0.256034954061E-006    -0.867993427720E-007     0.199956401629E-007
     0.536035817935E+000    -0.279999974753E+003     0.749006985843E-006    -0.242728760570E-006     0.278691953704E-007
     0.546035817935E+000    -0.279999981216E+003     0.547863351571E-006    -0.168815089022E-006     0.336020200343E-007
     0.556035817935E+000    -0.279999982527E+003     0.494314386702E-006    -0.151732348225E-006     0.387727977166E-007
     0.566035817935E+000    -0.279999990101E+003     0.262055249575E-006    -0.761776422124E-007     0.415018266099E-007
     0.576035817935E+000    -0.279999995479E+003     0.997337612249E-007    -0.277296313240E-007     0.425369959478E-007
     0.586035817935E+000    -0.279999997063E+003     0.543306455389E-007    -0.157710706759E-007     0.431027296055E-007
     0.596035817935E+000    -0.279999990167E+003     0.259010058699E-006    -0.836288959024E-007     0.458244937896E-007
     0.606035817935E+000    -0.279999996323E+003     0.801634627313E-007    -0.224803410142E-007     0.466570528860E-007
     0.616035817935E+000    -0.279999995850E+003     0.942258896746E-007    -0.286808632231E-007     0.476419950264E-007
     0.626035817935E+000    -0.279999997237E+003     0.551395068567E-007    -0.159247376941E-007     0.482159255524E-007
     0.636035817935E+000    -0.279999998459E+003     0.210532239099E-007    -0.519562936503E-008     0.484327740713E-007
     0.646035817935E+000    -0.279999998907E+003     0.100111419729E-007    -0.213920407000E-008     0.485351455311E-007
     0.656035817935E+000    -0.279999999089E+003     0.688296927226E-008    -0.132166972142E-008     0.486052326746E-007
     0.666035817935E+000    -0.279999999250E+003     0.415948497753E-008    -0.589807896820E-009     0.486472436120E-007
     0.676035817935E+000    -0.279999999355E+003     0.273117055840E-008    -0.100606950169E-009     0.486745738414E-007
     0.686035817935E+000    -0.279999999262E+003     0.673054525066E-008    -0.154068534548E-008     0.487436201669E-007
     0.696035817935E+000    -0.279999999604E+003    -0.243993747473E-008     0.189293618222E-008     0.487745013947E-007
     0.706035817935E+000    -0.279999999517E+003     0.547635035822E-009     0.951675062816E-009     0.487854813289E-007
     0.716035817935E+000    -0.279999999571E+003    -0.880778597755E-009     0.182767542378E-008     0.488057696713E-007
     0.726035817935E+000    -0.279999999512E+003     0.641352158921E-009     0.141154909585E-008     0.488212738754E-007
     0.736035817935E+000    -0.279999999968E+003    -0.131731573665E-007     0.623311951302E-008     0.489670078295E-007
     0.746035817935E+000    -0.279999996479E+003     0.879255303713E-007    -0.259043900377E-007     0.498836285971E-007
     0.756035817935E+000    -0.280000010451E+003    -0.321498074630E-006     0.108439427522E-006     0.532765642203E-007
