 #        time                      h  [L]            Darcian flow [L.T^{-1}]   in    x         z              directions   cumulative flux
 #-----------------------------------------------------------------------------------------------

     0.100000000000E-005    -0.278500000000E+003     0.312745102388E-013     0.113454586999E-013     0.332688205951E-019
     0.205999994278E-005    -0.278500000000E+003     0.625490204777E-013     0.226909173997E-013     0.103798716449E-018
     0.318359982147E-005    -0.278500000000E+003     0.833975996575E-013     0.226338776172E-013     0.200893948673E-018
     0.437461562859E-005    -0.278500000000E+003     0.729716685984E-013     0.112313791349E-013     0.288827770059E-018
     0.563709231599E-005    -0.278500000000E+003     0.104246178837E-012     0.225768378348E-013     0.423487225330E-018
     0.697531753239E-005    -0.278500000000E+003     0.729716685984E-013     0.112313791349E-013     0.522289656372E-018
     0.839383618521E-005    -0.278500000000E+003     0.938202477782E-013     0.111743393524E-013     0.656316060681E-018
     0.989746587602E-005    -0.278500000000E+003     0.521230894186E-013     0.112884189174E-013     0.736506830583E-018
     0.114913132622E-004    -0.278500000000E+003     0.833943167192E-013    -0.228159129886E-015     0.869425141769E-018
     0.131807914004E-004    -0.278500000000E+003     0.104239612961E-012    -0.231472356595E-013     0.104982542623E-017
     0.149716381303E-004    -0.278500000000E+003     0.114662261081E-012    -0.346067739243E-013     0.126431670918E-017
     0.168699355614E-004    -0.278500000000E+003     0.729585368452E-013    -0.802167678536E-013     0.147015446589E-017
     0.188821307298E-004    -0.278500000000E+003    -0.208682768096E-013    -0.137115180700E-012     0.174923409557E-017
     0.210150574931E-004    -0.278500000000E+003    -0.187689739631E-012    -0.365279229912E-012     0.262518002275E-017
     0.232759597402E-004    -0.278500000000E+003    -0.604730264931E-012    -0.844241205952E-012     0.497308309105E-017
     0.256725159928E-004    -0.278500000000E+003    -0.155351297187E-011    -0.204190282507E-011     0.111219056159E-016
     0.282128654833E-004    -0.278500000000E+003    -0.370132371174E-011    -0.487092028412E-011     0.266628788524E-016
     0.309056357980E-004    -0.278500000000E+003    -0.858081374548E-011    -0.112818053010E-010     0.648308910537E-016
     0.337599721774E-004    -0.278500000000E+003    -0.194762629766E-010    -0.256436541469E-010     0.156744148717E-015
     0.367855685763E-004    -0.278500000000E+003    -0.433420202077E-010    -0.573223101393E-010     0.374174418095E-015
     0.399927005860E-004    -0.278500000000E+003    -0.948375124563E-010    -0.126304818502E-009     0.880729329417E-015
     0.433922603327E-004    -0.278499999999E+003    -0.204616191724E-009    -0.274573478369E-009     0.204484095095E-014
     0.469957934698E-004    -0.278499999998E+003    -0.435757577118E-009    -0.589471621070E-009     0.468640884151E-014
     0.508155383889E-004    -0.278499999997E+003    -0.916506231218E-009    -0.125032119875E-008     0.106079828280E-013
     0.548644677845E-004    -0.278499999993E+003    -0.190491582873E-008    -0.262207175989E-008     0.237304903086E-013
     0.591563327122E-004    -0.278499999986E+003    -0.391456118636E-008    -0.543859589529E-008     0.524898652267E-013
     0.637057092900E-004    -0.278499999971E+003    -0.795593293825E-008    -0.111608257508E-007     0.114844693436E-012
     0.685280482021E-004    -0.278499999941E+003    -0.159963835314E-007    -0.226670601121E-007     0.248631350409E-012
     0.736397271730E-004    -0.278499999881E+003    -0.318236561636E-007    -0.455686445388E-007     0.532743528512E-012
     0.790581065897E-004    -0.278499999762E+003    -0.626512177082E-007    -0.906927756035E-007     0.113000416073E-011
     0.848015884613E-004    -0.278499999529E+003    -0.122064975007E-006    -0.178712599465E-006     0.237301427860E-011
     0.908896789166E-004    -0.278499999076E+003    -0.235369089069E-006    -0.348687712798E-006     0.493422501338E-011
     0.973430544509E-004    -0.278499998205E+003    -0.449162488096E-006    -0.673635411836E-006     0.101591944821E-010
     0.104183632148E-003    -0.278499996547E+003    -0.848279365271E-006    -0.128859048109E-005     0.207124197848E-010
     0.111434644115E-003    -0.278499993422E+003    -0.158536864861E-005    -0.244056480175E-005     0.418149205873E-010
     0.119120716386E-003    -0.278499987588E+003    -0.293184880853E-005    -0.457640645230E-005     0.835887293548E-010
     0.127267952553E-003    -0.278499976805E+003    -0.536446870318E-005    -0.849534736122E-005     0.165446542047E-009
     0.135904022424E-003    -0.278499957077E+003    -0.971023183039E-005    -0.156103897954E-004     0.324212383087E-009
     0.145058255993E-003    -0.278499921352E+003    -0.173853802717E-004    -0.283900768964E-004     0.628960092733E-009
     0.154761743052E-003    -0.278499857326E+003    -0.307832765614E-004    -0.510945393246E-004     0.120778444746E-008
     0.165047438780E-003    -0.278499743790E+003    -0.538935608844E-004    -0.909837208346E-004     0.229547200989E-008
     0.175950275662E-003    -0.278499544621E+003    -0.932733418321E-004    -0.160270119817E-003     0.431724804494E-008
     0.187507282134E-003    -0.278499199059E+003    -0.159542783811E-003    -0.279224039699E-003     0.803386281137E-008
     0.199757708333E-003    -0.278498606205E+003    -0.269643935059E-003    -0.481028541996E-003     0.147893515352E-007
     0.212743159403E-003    -0.278497600698E+003    -0.450182911318E-003    -0.819236560491E-003     0.269278883418E-007
     0.226507736794E-003    -0.278495915182E+003    -0.742268359886E-003    -0.137901416963E-002     0.484844751675E-007
     0.241098188040E-003    -0.278493123356E+003    -0.120835521743E-002    -0.229376577333E-002     0.863114229915E-007
     0.256564065527E-003    -0.278488555114E+003    -0.194168695530E-002    -0.376922126855E-002     0.151885972432E-006
     0.272957894778E-003    -0.278481172414E+003    -0.307897701714E-002    -0.611759458678E-002     0.264162835227E-006
     0.290335352846E-003    -0.278469391190E+003    -0.481694189926E-002    -0.980493694820E-002     0.453998913105E-006
     0.308755457403E-003    -0.278450831077E+003    -0.743314368823E-002    -0.155152089173E-001     0.770896098942E-006
     0.328280767180E-003    -0.278421971302E+003    -0.113112540253E-001    -0.242347366363E-001     0.129309025246E-005
     0.348977594427E-003    -0.278377688603E+003    -0.169702404132E-001    -0.373604060499E-001     0.214236382232E-005
     0.370916230124E-003    -0.278310652600E+003    -0.250960207038E-001    -0.568339508062E-001     0.350537088304E-005
     0.394171182707E-003    -0.278210557177E+003    -0.365727568976E-001    -0.853027497552E-001     0.566371684838E-005
     0.418821431115E-003    -0.278063175396E+003    -0.525091043049E-001    -0.126304422760E+000     0.903548999549E-005
     0.444950693017E-003    -0.277849242805E+003    -0.742523724241E-001    -0.184468004810E+000     0.142313290131E-004
     0.472647709137E-003    -0.277543202684E+003    -0.103380744519E+000    -0.265718499664E+000     0.221283258063E-004
     0.502006544641E-003    -0.277111889421E+003    -0.141660659963E+000    -0.377464249275E+000     0.339649622207E-004
     0.533126908594E-003    -0.276513283973E+003    -0.190953704071E+000    -0.528738143540E+000     0.514596822318E-004
     0.566114492604E-003    -0.275695545924E+003    -0.253055892658E+000    -0.730254939130E+000     0.769544019874E-004
     0.601081329767E-003    -0.274596601389E+003    -0.329453817094E+000    -0.994339055079E+000     0.113582059166E-003
     0.638146175159E-003    -0.273144627123E+003    -0.420989271607E+000    -0.133467201663E+001     0.165454060131E-003
     0.677434909153E-003    -0.271259789960E+003    -0.527439774704E+000    -0.176580888910E+001     0.237859197003E-003
     0.719080964939E-003    -0.268857540242E+003    -0.647049395013E+000    -0.230242228163E+001     0.337460519782E-003
     0.763225781689E-003    -0.265853572228E+003    -0.776084222157E+000    -0.295825937654E+001     0.472471545668E-003
     0.810019284919E-003    -0.262169335412E+003    -0.908717491619E+000    -0.374398773672E+001     0.652752355496E-003
     0.859620395664E-003    -0.257743400560E+003    -0.103615092368E+001    -0.466930332996E+001     0.889988833549E-003
     0.912197570216E-003    -0.252533448212E+003    -0.114837886767E+001    -0.573525145837E+001     0.119751759197E-002
     0.967929372233E-003    -0.246524787374E+003    -0.123409411824E+001    -0.693661642214E+001     0.159017823943E-002
     0.102700507918E-002    -0.239738931517E+003    -0.128250153227E+001    -0.826269539588E+001     0.208414775777E-002
     0.108962532517E-002    -0.232233278536E+003    -0.128424947274E+001    -0.969043542684E+001     0.269627094559E-002
     0.115600278233E-002    -0.224090069454E+003    -0.123472182783E+001    -0.111920313609E+002     0.344367670369E-002
     0.122636288312E-002    -0.215422159033E+003    -0.113399386699E+001    -0.127324033403E+002     0.434307596818E-002
     0.130094458593E-002    -0.206360549997E+003    -0.986392864710E+000    -0.142725867722E+002     0.541008890484E-002
     0.138000118665E-002    -0.197050054738E+003    -0.801570385142E+000    -0.157713953642E+002     0.665853112626E-002
     0.146380117888E-002    -0.187626090350E+003    -0.590638377023E+000    -0.171938926644E+002     0.810022907297E-002
     0.155262916586E-002    -0.178215093968E+003    -0.370153156048E+000    -0.185072423140E+002     0.974451892626E-002
     0.164678682697E-002    -0.168938410625E+003    -0.150847308380E+000    -0.196860668002E+002     0.115981673497E-001
     0.174659394236E-002    -0.159891783195E+003     0.561927662424E-001    -0.207158848604E+002     0.136657676669E-001
     0.185238947896E-002    -0.151143159089E+003     0.243191716023E+000    -0.215898051736E+002     0.159500175917E-001
     0.196453274170E-002    -0.142744979088E+003     0.405357509318E+000    -0.223059398940E+002     0.184518914825E-001
     0.208340459379E-002    -0.134731825509E+003     0.541258060503E+000    -0.228685299594E+002     0.211710772984E-001
     0.220940875020E-002    -0.127119815232E+003     0.650341561554E+000    -0.232914075047E+002     0.241070352724E-001
     0.234297314879E-002    -0.119916027000E+003     0.734261734009E+000    -0.235841403725E+002     0.272585630882E-001
     0.248455140365E-002    -0.113122390018E+003     0.795452303255E+000    -0.237539484680E+002     0.306234907711E-001
     0.263462434571E-002    -0.106729876601E+003     0.837611716008E+000    -0.238147744150E+002     0.341996539550E-001
     0.279370165569E-002    -0.100720110084E+003     0.861791871159E+000    -0.237830701064E+002     0.379854837473E-001
     0.296232359518E-002    -0.950873037149E+002     0.871326380480E+000    -0.236632585233E+002     0.419783324027E-001
     0.314106284138E-002    -0.898062217546E+002     0.870013906274E+000    -0.234738197513E+002     0.461769060265E-001
     0.333052643213E-002    -0.848573706075E+002     0.859270080606E+000    -0.232249994887E+002     0.505802084098E-001
     0.353135782749E-002    -0.802185911222E+002     0.841631328936E+000    -0.229273411378E+002     0.551878396344E-001
     0.374423909507E-002    -0.758694092170E+002     0.818301347328E+000    -0.225897863767E+002     0.599999361217E-001
     0.396989322653E-002    -0.717898083659E+002     0.793390105312E+000    -0.222208919697E+002     0.650173673182E-001
     0.420908659296E-002    -0.679602691883E+002     0.764202776221E+000    -0.218258536116E+002     0.702411658502E-001
     0.446263154769E-002    -0.643497951183E+002     0.734248414433E+000    -0.214182435336E+002     0.756748435030E-001
     0.473138918520E-002    -0.609506334257E+002     0.703861404971E+000    -0.209944730954E+002     0.813204386308E-001
     0.501627226558E-002    -0.577528588127E+002     0.671205394542E+000    -0.205595564470E+002     0.871806288591E-001
     0.531824831448E-002    -0.547434058383E+002     0.639284188047E+000    -0.201148682514E+002     0.932579042260E-001
     0.563834290904E-002    -0.519115867475E+002     0.608711429373E+000    -0.196615416394E+002     0.995544728583E-001
     0.597764316095E-002    -0.492426578767E+002     0.577702235176E+000    -0.192043383138E+002     0.106073457260E+000
     0.633730140856E-002    -0.467213537303E+002     0.546987389367E+000    -0.187475030243E+002     0.112819020664E+000
     0.671853913045E-002    -0.443025359707E+002     0.517851228288E+000    -0.182878175239E+002     0.119793821202E+000
     0.712265109384E-002    -0.420601868555E+002     0.489934326813E+000    -0.178423436352E+002     0.127006843496E+000
     0.755100975191E-002    -0.399151763966E+002     0.463189254431E+000    -0.173833551508E+002     0.134455797100E+000
     0.800506990496E-002    -0.379114137299E+002     0.439610329910E+000    -0.169495357857E+002     0.142154494057E+000
     0.848637364120E-002    -0.360124371241E+002     0.415621610504E+000    -0.165136270962E+002     0.150105081425E+000
     0.899655557408E-002    -0.342139090083E+002     0.393377346333E+000    -0.160818577188E+002     0.158312208895E+000
     0.953734839373E-002    -0.325036160129E+002     0.370899392504E+000    -0.156569252266E+002     0.166781737085E+000
     0.101105887516E-001    -0.308823007215E+002     0.350843147385E+000    -0.152415786049E+002     0.175521139496E+000
     0.107182234982E-001    -0.293275699325E+002     0.330167258112E+000    -0.148196653920E+002     0.184528317662E+000
     0.113623162948E-001    -0.278543216193E+002     0.311767944567E+000    -0.144333683175E+002     0.193826914744E+000
     0.120450546223E-001    -0.264614737575E+002     0.296359310351E+000    -0.140483793881E+002     0.203420415755E+000
     0.127687572104E-001    -0.251324299651E+002     0.280263871030E+000    -0.136687530512E+002     0.213314606883E+000
     0.135358819124E-001    -0.238680512311E+002     0.265780978933E+000    -0.132962501875E+002     0.223516526410E+000
     0.143490340526E-001    -0.226640767618E+002     0.251692529541E+000    -0.129338544479E+002     0.234035709028E+000
     0.152109752747E-001    -0.215123339359E+002     0.235509879246E+000    -0.125696747981E+002     0.244871931418E+000
     0.161246329208E-001    -0.204185254556E+002     0.225284675128E+000    -0.122315224114E+002     0.256049250786E+000
     0.170931099734E-001    -0.193803596292E+002     0.214531711627E+000    -0.118928227207E+002     0.267569050477E+000
     0.181196955938E-001    -0.183847176265E+002     0.204172431308E+000    -0.115638445788E+002     0.279442177257E+000
     0.192078762926E-001    -0.174253578316E+002     0.193388613042E+000    -0.112477432286E+002     0.291683563330E+000
     0.203613477710E-001    -0.165175248009E+002     0.183140024815E+000    -0.109348774568E+002     0.304298401479E+000
     0.215840274722E-001    -0.156491026295E+002     0.173471710020E+000    -0.106244084136E+002     0.317290381419E+000
     0.228800678855E-001    -0.148122389195E+002     0.164426701904E+000    -0.103206985815E+002     0.330668121323E+000
     0.242538706494E-001    -0.139973168933E+002     0.157207578316E+000    -0.100267951290E+002     0.344444653167E+000
     0.257101015006E-001    -0.132033356487E+002     0.150210677823E+000    -0.973217177796E+001     0.358618629934E+000
     0.272537061195E-001    -0.124160658212E+002     0.141869982457E+000    -0.944033148546E+001     0.373192414634E+000
     0.288899269272E-001    -0.116326177490E+002     0.134412675669E+000    -0.913764496788E+001     0.388145236927E+000
     0.306243208897E-001    -0.108310978640E+002     0.127619018175E+000    -0.881960658386E+001     0.403443510653E+000
     0.324627783907E-001    -0.999229937538E+001     0.120123433181E+000    -0.848078807890E+001     0.419036643055E+000
     0.344115432366E-001    -0.907899226081E+001     0.111239356450E+000    -0.811653921617E+001     0.434855354790E+000
     0.364772338618E-001    -0.808415183777E+001     0.104246668310E+000    -0.769535027667E+001     0.450753026230E+000
     0.386668658063E-001    -0.702416475386E+001     0.932432499029E-001    -0.722886402540E+001     0.466582894525E+000
     0.409878755421E-001    -0.579538191133E+001     0.778659158146E-001    -0.669314095291E+001     0.482118791069E+000
     0.434481457293E-001    -0.450182248575E+001     0.673676646423E-001    -0.609043212302E+001     0.497103816279E+000
     0.460560319869E-001    -0.312725137769E+001     0.583856757668E-001    -0.543323554901E+001     0.511273894690E+000
     0.486639182446E-001    -0.186177804641E+001     0.558723911860E-001    -0.480187262887E+001     0.523797480001E+000
     0.512718045022E-001    -0.892793896107E+000     0.635007290772E-001    -0.428737403629E+001     0.534979690144E+000
     0.538796907598E-001    -0.330458411029E+000     0.881415017283E-001    -0.393278970509E+001     0.545238533886E+000
     0.564875770175E-001     0.287749738746E-001     0.865651069812E-001    -0.387658361040E+001     0.555350743246E+000
     0.590954632751E-001     0.263781220853E+000     0.282716318760E-001    -0.358982495863E+001     0.564712888745E+000
     0.617033495327E-001     0.465678116889E+000    -0.539800083119E-002    -0.341742110446E+001     0.573625145398E+000
     0.643112357904E-001     0.646031231073E+000    -0.411103570966E-002    -0.329824184665E+001     0.582226591665E+000
     0.669191220480E-001     0.787959585014E+000    -0.365553544603E-002    -0.320072174056E+001     0.590573715351E+000
     0.696834813319E-001     0.884992266206E+000    -0.453158249482E-002    -0.313959586692E+001     0.599252695374E+000
     0.724478406157E-001     0.933744755608E+000    -0.881931867613E-003    -0.309278063195E+001     0.607802252574E+000
     0.752121998996E-001     0.980182916019E+000    -0.201407804098E-003    -0.306943101579E+001     0.616287262717E+000
     0.779765591835E-001     0.102363353169E+001    -0.451851249999E-002    -0.304609096246E+001     0.624707761813E+000
     0.807409184673E-001     0.107238447170E+001    -0.610884505375E-002    -0.301174655046E+001     0.633033328477E+000
     0.836711391501E-001     0.113222894268E+001    -0.794279044387E-002    -0.296809486379E+001     0.641730532576E+000
     0.867771729061E-001     0.119824456804E+001    -0.498443745251E-002    -0.291865133075E+001     0.650795975352E+000
     0.900695685097E-001     0.127806091650E+001    -0.425053798042E-002    -0.286400535872E+001     0.660225424388E+000
     0.935595076612E-001     0.135682362798E+001    -0.467692748936E-002    -0.281416691663E+001     0.670046709252E+000
     0.972588429621E-001     0.141121503492E+001    -0.303408013403E-002    -0.277715322857E+001     0.680320336358E+000
     0.101180138169E+000     0.145190306928E+001    -0.470799881704E-002    -0.275075137792E+001     0.691106860351E+000
     0.105336710865E+000     0.146480263502E+001    -0.514123607446E-003    -0.273523743714E+001     0.702476073799E+000
     0.109493283560E+000     0.149370680583E+001     0.857424834760E-004    -0.271595334998E+001     0.713765131340E+000
     0.113649856255E+000     0.153220086555E+001    -0.506527747379E-002    -0.269895416846E+001     0.724983550300E+000
     0.118055823074E+000     0.154528760913E+001    -0.344201856327E-002    -0.268754174725E+001     0.736824779775E+000
     0.122726147651E+000     0.157186474263E+001    -0.339877048537E-002    -0.266821530599E+001     0.749286221403E+000
     0.127676691434E+000     0.160250554600E+001    -0.208565731256E-002    -0.264667126318E+001     0.762388687440E+000
     0.132924267561E+000     0.163716617059E+001    -0.140670269075E-002    -0.262090958508E+001     0.776142111991E+000
     0.138171843689E+000     0.167697145268E+001    -0.184245165140E-002    -0.259468702820E+001     0.789757933131E+000
     0.143419419816E+000     0.171373974976E+001    -0.172455414005E-002    -0.257024617346E+001     0.803245498628E+000
     0.148666995943E+000     0.174627240394E+001    -0.118148521598E-002    -0.254969231579E+001     0.816625204593E+000
     0.154229426338E+000     0.177342296951E+001    -0.173013022244E-002    -0.253037282590E+001     0.830700230599E+000
     0.159791856733E+000     0.180171772203E+001    -0.130203197909E-002    -0.251236094237E+001     0.844675065344E+000
     0.165688032633E+000     0.182645729194E+001    -0.187043675134E-002    -0.249629912767E+001     0.859393688232E+000
     0.171584208533E+000     0.185289864848E+001    -0.223066390850E-002    -0.247802371739E+001     0.874004557874E+000
     0.177834154649E+000     0.187110034353E+001    -0.971573847813E-003    -0.246316376504E+001     0.889399199880E+000
     0.184084100766E+000     0.189630679966E+001     0.110740636078E-002    -0.244724716282E+001     0.904694364347E+000
     0.190334046883E+000     0.192169487060E+001     0.122735706539E-002    -0.243070706921E+001     0.919886154492E+000
     0.196958989409E+000     0.194251138673E+001     0.173383772541E-002    -0.241613544942E+001     0.935892917101E+000
     0.203981428107E+000     0.196518994044E+001     0.163749420529E-002    -0.239943849882E+001     0.952742830794E+000
     0.211003866806E+000     0.199291963947E+001     0.162398459958E-002    -0.238170387937E+001     0.969468204173E+000
     0.218447651425E+000     0.202042784421E+001    -0.183932557007E-002    -0.236217234254E+001     0.987051711653E+000
     0.225891436043E+000     0.204448979597E+001    -0.101547769173E-002    -0.234740907017E+001     0.100452532082E+001
     0.233335220662E+000     0.206914503698E+001    -0.856714054913E-003    -0.232939582190E+001     0.102186484278E+001
     0.240779005280E+000     0.215400264835E+001    -0.194888192678E-002    -0.227798097413E+001     0.103882164872E+001
     0.248669416550E+000     0.210938212015E+001     0.123033432929E-002    -0.230305558815E+001     0.105699370708E+001
     0.256559827820E+000     0.212786516494E+001     0.145833866575E-002    -0.228955055202E+001     0.107505920623E+001
     0.264923663314E+000     0.214519659066E+001     0.107549421613E-002    -0.227800772521E+001     0.109411209022E+001
     0.273287498809E+000     0.216779867376E+001     0.851678833438E-003    -0.226269035841E+001     0.111303686149E+001
     0.281651334303E+000     0.219988373672E+001    -0.366909393700E-002    -0.224219851324E+001     0.113179026611E+001
     0.290015169798E+000     0.221757156048E+001    -0.227133309084E-002    -0.222938612828E+001     0.115043649462E+001
     0.298379005292E+000     0.223993581232E+001    -0.253511508908E-002    -0.221399175729E+001     0.116895396960E+001
     0.307244670438E+000     0.225920363533E+001    -0.259412156859E-002    -0.220094034845E+001     0.118846678329E+001
     0.316110335584E+000     0.234013225692E+001    -0.115125514137E-002    -0.215033831582E+001     0.120753096548E+001
     0.324976000729E+000     0.232854549507E+001    -0.150524265524E-004    -0.215577608006E+001     0.122664335434E+001
     0.333841665875E+000     0.233468662218E+001    -0.282552720677E-003    -0.215056263733E+001     0.124570952272E+001
     0.342707331020E+000     0.233874541418E+001    -0.179126028920E-002    -0.214788838810E+001     0.126475198856E+001
     0.351572996166E+000     0.239858458193E+001    -0.304830026776E-003    -0.211094831104E+001     0.128346694962E+001
     0.360970600713E+000     0.238696774777E+001     0.164134693059E-003    -0.211614269243E+001     0.130335362187E+001
     0.370368205260E+000     0.238398860864E+001    -0.603428444354E-004    -0.211716787840E+001     0.132324992836E+001
     0.379765809807E+000     0.239494155016E+001    -0.234945856714E-002    -0.210937739759E+001     0.134307303528E+001
     0.389163414354E+000     0.245383227721E+001    -0.243580767212E-003    -0.207285084431E+001     0.136255286793E+001
     0.398561018901E+000     0.244218258246E+001    -0.348965582022E-003    -0.207846021623E+001     0.138208541538E+001
     0.407958623448E+000     0.248533001710E+001    -0.325999500331E-004    -0.205186090953E+001     0.140136799280E+001
     0.417356227995E+000     0.247380496664E+001     0.741697933766E-004    -0.205711108644E+001     0.142069990931E+001
     0.426753832542E+000     0.246986208004E+001     0.248113592188E-003    -0.205777696259E+001     0.144003808359E+001
     0.436151437089E+000     0.247699577486E+001     0.122230084682E-002    -0.205605128282E+001     0.145936004389E+001
     0.446112897371E+000     0.253533140615E+001     0.983289126739E-003    -0.201737730753E+001     0.147945607020E+001
     0.456074357653E+000     0.252792729779E+001     0.120095538817E-002    -0.202020306475E+001     0.149958024635E+001
     0.466035817935E+000     0.252764166063E+001     0.198479645814E-002    -0.202312077910E+001     0.151973349333E+001
     0.476035817935E+000     0.255487501737E+001     0.513622043622E-003    -0.200308124224E+001     0.153976430642E+001
     0.486035817935E+000     0.255555870336E+001     0.132770546134E-002    -0.200462987410E+001     0.155981060955E+001
     0.496035817935E+000     0.255280602412E+001     0.152189875703E-002    -0.200543185298E+001     0.157986493386E+001
     0.506035817935E+000     0.255164225920E+001     0.160578412334E-002    -0.200544106236E+001     0.159991935091E+001
     0.516035817935E+000     0.254737295504E+001     0.335475427282E-003    -0.200465845804E+001     0.161996593577E+001
     0.526035817935E+000     0.255549758607E+001     0.153263655491E-002    -0.200204341373E+001     0.163998637578E+001
     0.536035817935E+000     0.255876072928E+001     0.134028013780E-002    -0.199963482254E+001     0.165998272849E+001
     0.546035817935E+000     0.261756396245E+001     0.541099546661E-003    -0.196436473436E+001     0.167962637658E+001
     0.556035817935E+000     0.260736875043E+001     0.715292371736E-003    -0.196886364326E+001     0.169931501431E+001
     0.566035817935E+000     0.260312769451E+001     0.811019842846E-003    -0.197049234725E+001     0.171901993945E+001
     0.576035817935E+000     0.260253480393E+001     0.908785119430E-003    -0.197004379646E+001     0.173872037952E+001
     0.586035817935E+000     0.260326569407E+001     0.825040062838E-003    -0.196895357854E+001     0.175840991703E+001
     0.596035817935E+000     0.265818662951E+001     0.716165430885E-003    -0.193599458597E+001     0.177776986421E+001
     0.606035817935E+000     0.264764584927E+001     0.751584930645E-003    -0.193969792287E+001     0.179716684490E+001
     0.616035817935E+000     0.264300560317E+001     0.140202166234E-002    -0.194045021694E+001     0.181657135213E+001
     0.626035817935E+000     0.264294751403E+001     0.932006177312E-003    -0.194182623591E+001     0.183598961673E+001
     0.636035817935E+000     0.264486412454E+001     0.966149855086E-003    -0.194018856422E+001     0.185539150478E+001
     0.646035817935E+000     0.269849019419E+001     0.992164843669E-003    -0.190808916825E+001     0.187447239904E+001
     0.656035817935E+000     0.268874232814E+001     0.150527579509E-002    -0.191054751076E+001     0.189357788008E+001
     0.666035817935E+000     0.268554827695E+001     0.116566909189E-002    -0.191363193960E+001     0.191271420302E+001
     0.676035817935E+000     0.268498175059E+001     0.115323772713E-002    -0.191368859584E+001     0.193185109246E+001
     0.686035817935E+000     0.268535004924E+001     0.148546393730E-002    -0.191093735937E+001     0.195096047182E+001
     0.696035817935E+000     0.268700415843E+001     0.163693649420E-002    -0.190950873004E+001     0.197005556614E+001
     0.706035817935E+000     0.269022066734E+001     0.126174163074E-002    -0.190934981925E+001     0.198914906850E+001
     0.716035817935E+000     0.269372902680E+001     0.113259290695E-002    -0.190689238677E+001     0.200821799573E+001
     0.726035817935E+000     0.269729053067E+001     0.963721190777E-003    -0.190403648810E+001     0.202725836305E+001
     0.736035817935E+000     0.274134751859E+001     0.120923058070E-002    -0.187422111301E+001     0.204600057808E+001
     0.746035817935E+000     0.273964295619E+001     0.725201515755E-003    -0.187601647118E+001     0.206476074420E+001
     0.756035817935E+000     0.273599144266E+001     0.887898855419E-003    -0.187779580098E+001     0.208353870431E+001
