   _____  _____  _    _ _   ______  _____ 
  |  __ \|  __ \| |  | | | |  ____|/ ____|
  | |  | | |__) | |  | | |_| |__  | (___  
  | |  | |  _  /| |  | | __|  __|  \___ \ 
  | |__| | | \ \| |__| | |_| |____ ____) | 
  |_____/|_|  \_\\____/ \__|______|_____/ 
  
  
  
 DRUtES is initialising, reading input files
 ---------------------------------------------------------------
 18hrs : 41min : 23.315s  -  2018/02/26    total number of parallel images is:                    1
 ---------------------------------------------------------------
 18hrs : 41min : 23.315s  -  2018/02/26    reading input files and allocating...
 ---------------------------------------------------------------
 18hrs : 41min : 23.467s  -  2018/02/26    number of nodes:                 4503 number of elements:                 8488
 ---------------------------------------------------------------
 18hrs : 41min : 23.500s  -  2018/02/26    calculating elements geometrical properties...
 ---------------------------------------------------------------
 18hrs : 41min : 23.505s  -  2018/02/26    analyzing mesh structure...
 ---------------------------------------------------------------
 18hrs : 41min : 23.516s  -  2018/02/26    creating graph of the discretization mesh, and searching for boundary nodes...
 ---------------------------------------------------------------
 18hrs : 41min : 23.951s  -  2018/02/26    DRUtES solves Richards' equation, in                    2 D, in cylindric coordinates and axysimmetric flow, in total hydraulic head form.
 ---------------------------------------------------------------
 18hrs : 41min : 23.951s  -  2018/02/26    making output files for observation time
 ---------------------------------------------------------------
 18hrs : 41min : 24.984s  -  2018/02/26    go 4 solving
 ---------------------------------------------------------------
 18hrs : 54min : 40.855s  -  2018/02/26    making output files for observation time
 ---------------------------------------------------------------
 18hrs : 54min : 41.401s  -  2018/02/26    # real elapsed CPU time =   11.041318766276042 min
 ---------------------------------------------------------------
 18hrs : 54min : 41.401s  -  2018/02/26    minimal adjusted time step was   9.9999999999999995E-007
 ---------------------------------------------------------------
 18hrs : 54min : 41.401s  -  2018/02/26    F I N I S H E D !!!!!
 ---------------------------------------------------------------
 18hrs : 54min : 41.401s  -  2018/02/26    Peak RAM  consumption on image                    1 was:                27488 kB
 ---------------------------------------------------------------
 18hrs : 54min : 41.401s  -  2018/02/26    Peak SWAP consumption on image                    1 was:                    0 kB
