 #        time                      h  [L]            Darcian flow [L.T^{-1}]   in    x         z              directions   cumulative flux
 #-----------------------------------------------------------------------------------------------

     0.100000000000E-005     0.400000000000E+001    -0.337974745590E-012    -0.275977323279E+004     0.275977323279E-002
     0.205999994278E-005     0.400000000000E+001    -0.281476199831E-012    -0.229842759583E+004     0.519610635285E-002
     0.318359982147E-005     0.400000000000E+001    -0.230127475079E-012    -0.187913343863E+004     0.730750045654E-002
     0.437461562859E-005     0.400000000000E+001    -0.187464501384E-012    -0.153076382117E+004     0.913066436452E-002
     0.563709231599E-005     0.400000000000E+001    -0.154734518103E-012    -0.126350322567E+004     0.107258077314E-001
     0.697531753239E-005     0.400000000000E+001    -0.131769583620E-012    -0.107598030478E+004     0.121657117076E-001
     0.839383618521E-005     0.400000000000E+001    -0.116248086894E-012    -0.949237665709E+003     0.135122230424E-001
     0.989746587602E-005     0.400000000000E+001    -0.105311379447E-012    -0.859932672186E+003     0.148052433404E-001
     0.114913132622E-004     0.400000000000E+001    -0.968602887552E-013    -0.790924279741E+003     0.160658559363E-001
     0.131807914004E-004     0.400000000000E+001    -0.897931765225E-013    -0.733216929036E+003     0.173046099085E-001
     0.149716381303E-004     0.400000000000E+001    -0.836730649331E-013    -0.683242425419E+003     0.185281923717E-001
     0.168699355614E-004     0.400000000000E+001    -0.783425645019E-013    -0.639715586212E+003     0.197425628257E-001
     0.188821307298E-004     0.400000000000E+001    -0.736951231880E-013    -0.601766347974E+003     0.209534341636E-001
     0.210150574931E-004     0.400000000000E+001    -0.696053742629E-013    -0.568371013678E+003     0.221657279101E-001
     0.232759597402E-004     0.400000000000E+001    -0.659440663399E-013    -0.538474165660E+003     0.233831653613E-001
     0.256725159928E-004     0.400000000000E+001    -0.626090121304E-013    -0.511241381385E+003     0.246083840904E-001
     0.282128654833E-004     0.400000000000E+001    -0.595391447402E-013    -0.486174011819E+003     0.258434359937E-001
     0.309056357980E-004     0.400000000000E+001    -0.567077853816E-013    -0.463054208129E+003     0.270903346194E-001
     0.337599721774E-004     0.400000000000E+001    -0.541046530027E-013    -0.441798019155E+003     0.283513747778E-001
     0.367855685763E-004     0.400000000000E+001    -0.517182396394E-013    -0.422311475238E+003     0.296291188565E-001
     0.399927005860E-004     0.400000000000E+001    -0.495261892241E-013    -0.404412025236E+003     0.309261216077E-001
     0.433922603327E-004     0.400000000000E+001    -0.474953468361E-013    -0.387828938672E+003     0.322445692563E-001
     0.469957934698E-004     0.400000000000E+001    -0.455884825962E-013    -0.372258210514E+003     0.335860140534E-001
     0.508155383889E-004     0.400000000000E+001    -0.437729422942E-013    -0.357433198900E+003     0.349513176988E-001
     0.548644677845E-004     0.400000000000E+001    -0.420272008155E-013    -0.343178137931E+003     0.363408217494E-001
     0.591563327122E-004     0.400000000000E+001    -0.403431642715E-013    -0.329426935992E+003     0.377546776622E-001
     0.637057092900E-004     0.400000000000E+001    -0.387240493594E-013    -0.316205859407E+003     0.391932171928E-001
     0.685280482021E-004     0.400000000000E+001    -0.371792399004E-013    -0.303591532891E+003     0.406572384552E-001
     0.736397271730E-004     0.400000000000E+001    -0.357183629551E-013    -0.291662567362E+003     0.421481238674E-001
     0.790581065897E-004     0.400000000000E+001    -0.343467734964E-013    -0.280462689490E+003     0.436677771313E-001
     0.848015884613E-004     0.400000000000E+001    -0.330647275995E-013    -0.269993990288E+003     0.452184827200E-001
     0.908896789166E-004     0.400000000000E+001    -0.318641137436E-013    -0.260190234162E+003     0.468025444011E-001
     0.973430544509E-004     0.400000000000E+001    -0.307344189869E-013    -0.250965576428E+003     0.484221195120E-001
     0.104183632148E-003     0.400000000000E+001    -0.296651590538E-013    -0.242234406479E+003     0.500791427904E-001
     0.111434644115E-003     0.400000000000E+001    -0.286475813697E-013    -0.233925254119E+003     0.517753376075E-001
     0.119120716386E-003     0.400000000000E+001    -0.276755713979E-013    -0.225988190367E+003     0.535122991710E-001
     0.127267952553E-003     0.400000000000E+001    -0.267453997042E-013    -0.218392762083E+003     0.552915965808E-001
     0.135904022424E-003     0.400000000000E+001    -0.258547881959E-013    -0.211120367227E+003     0.571148468234E-001
     0.145058255993E-003     0.400000000000E+001    -0.250019124218E-013    -0.204156108024E+003     0.589837395208E-001
     0.154761743052E-003     0.400000000000E+001    -0.241847878538E-013    -0.197483779573E+003     0.609000208203E-001
     0.165047438780E-003     0.400000000000E+001    -0.234011576530E-013    -0.191084953387E+003     0.628654625089E-001
     0.175950275662E-003     0.400000000000E+001    -0.226487120966E-013    -0.184940769145E+003     0.648818415479E-001
     0.187507282134E-003     0.400000000000E+001    -0.219253633043E-013    -0.179034178014E+003     0.669509407018E-001
     0.199757708333E-003     0.400000000000E+001    -0.212293778174E-013    -0.173351025228E+003     0.690745646429E-001
     0.212743159403E-003     0.400000000000E+001    -0.205593322382E-013    -0.167879687862E+003     0.712545581152E-001
     0.226507736794E-003     0.400000000000E+001    -0.199139811011E-013    -0.162609995919E+003     0.734928159886E-001
     0.241098188040E-003     0.400000000000E+001    -0.192921480883E-013    -0.157532344034E+003     0.757912839740E-001
     0.256564065527E-003     0.400000000000E+001    -0.186926926414E-013    -0.152637418841E+003     0.781519555937E-001
     0.272957894778E-003     0.400000000000E+001    -0.181145327735E-013    -0.147916385248E+003     0.805768715568E-001
     0.290335352846E-003     0.400000000000E+001    -0.175566774706E-013    -0.143361151009E+003     0.830681239470E-001
     0.308755457403E-003     0.400000000000E+001    -0.170188984497E-013    -0.138969852055E+003     0.856279631523E-001
     0.328280767180E-003     0.400000000000E+001    -0.164998443067E-013    -0.134731453331E+003     0.882586365153E-001
     0.348977594427E-003     0.400000000000E+001    -0.159981711052E-013    -0.130634980766E+003     0.909623661445E-001
     0.370916230124E-003     0.400000000000E+001    -0.155126264741E-013    -0.126670207973E+003     0.937413376909E-001
     0.394171182707E-003     0.400000000000E+001    -0.150444549507E-013    -0.122847297369E+003     0.965981457662E-001
     0.418821431115E-003     0.400000000000E+001    -0.145912976532E-013    -0.119146987224E+003     0.995351485983E-001
     0.444950693017E-003     0.400000000000E+001    -0.141535738419E-013    -0.115572701058E+003     0.102554977973E+000
     0.472647709137E-003     0.400000000000E+001    -0.137296320650E-013    -0.112110953743E+003     0.105660116866E+000
     0.502006544641E-003     0.400000000000E+001    -0.133192990917E-013    -0.108760330742E+003     0.108853193526E+000
     0.533126908594E-003     0.400000000000E+001    -0.129221384215E-013    -0.105517267759E+003     0.112136929302E+000
     0.566114492604E-003     0.400000000000E+001    -0.125374500035E-013    -0.102376048443E+003     0.115514067800E+000
     0.601081329767E-003     0.400000000000E+001    -0.121652142770E-013    -0.993365130702E+002     0.118987551477E+000
     0.638146175159E-003     0.400000000000E+001    -0.118046148887E-013    -0.963919956101E+002     0.122560305891E+000
     0.677434909153E-003     0.400000000000E+001    -0.114536881293E-013    -0.935264611584E+002     0.126234842145E+000
     0.719080964939E-003     0.400000000000E+001    -0.111165127890E-013    -0.907732155650E+002     0.130015188545E+000
     0.763225781689E-003     0.400000000000E+001    -0.107873050699E-013    -0.880850305361E+002     0.133903686076E+000
     0.810019284919E-003     0.400000000000E+001    -0.104694840273E-013    -0.854898247770E+002     0.137904054468E+000
     0.859620395664E-003     0.400000000000E+001    -0.101615734209E-013    -0.829755438709E+002     0.142019733609E+000
     0.912197570216E-003     0.400000000000E+001    -0.986317788512E-014    -0.805389594125E+002     0.146254244536E+000
     0.967929372233E-003     0.400000000000E+001    -0.957396929938E-014    -0.781773920941E+002     0.150611211474E+000
     0.102700507918E-002     0.400000000000E+001    -0.929364148985E-014    -0.758883418167E+002     0.155094368916E+000
     0.108962532517E-002     0.400000000000E+001    -0.902305691289E-014    -0.736788510709E+002     0.159708156694E+000
     0.115600278233E-002     0.400000000000E+001    -0.875964711814E-014    -0.715279468679E+002     0.164455999923E+000
     0.122636288312E-002     0.400000000000E+001    -0.850435139925E-014    -0.694432991224E+002     0.169342037449E+000
     0.130094458593E-002     0.400000000000E+001    -0.825687481862E-014    -0.674224994861E+002     0.174370522268E+000
     0.138000118665E-002     0.400000000000E+001    -0.801584721850E-014    -0.654543597720E+002     0.179545121454E+000
     0.146380117888E-002     0.400000000000E+001    -0.778287451297E-014    -0.635519932636E+002     0.184870777996E+000
     0.155262916586E-002     0.400000000000E+001    -0.755788094934E-014    -0.617147813933E+002     0.190352777794E+000
     0.164678682697E-002     0.400000000000E+001    -0.733888355431E-014    -0.599265319553E+002     0.195995319881E+000
     0.174659394236E-002     0.400000000000E+001    -0.712626013106E-014    -0.581903299468E+002     0.201803128856E+000
     0.185238947896E-002     0.400000000000E+001    -0.691990839410E-014    -0.565053401431E+002     0.207781141638E+000
     0.196453274170E-002     0.400000000000E+001    -0.672028969002E-014    -0.548753297253E+002     0.213935040157E+000
     0.208340459379E-002     0.400000000000E+001    -0.652637836208E-014    -0.532919235703E+002     0.220269949813E+000
     0.220940875020E-002     0.400000000000E+001    -0.633817946999E-014    -0.517551629940E+002     0.226791315467E+000
     0.234297314879E-002     0.400000000000E+001    -0.615549684951E-014    -0.502634461936E+002     0.233504722428E+000
     0.248455140365E-002     0.400000000000E+001    -0.597793837595E-014    -0.488135712281E+002     0.240415662656E+000
     0.263462434571E-002     0.400000000000E+001    -0.580599073878E-014    -0.474095122187E+002     0.247530547636E+000
     0.279370165569E-002     0.400000000000E+001    -0.563879069537E-014    -0.460442202544E+002     0.254855138335E+000
     0.296232359518E-002     0.400000000000E+001    -0.547649459815E-014    -0.447189720494E+002     0.262395738134E+000
     0.314106284138E-002     0.400000000000E+001    -0.531903201581E-014    -0.434331924887E+002     0.270158954219E+000
     0.333052643213E-002     0.400000000000E+001    -0.516648688050E-014    -0.421875669303E+002     0.278151962135E+000
     0.353135782749E-002     0.400000000000E+001    -0.501738821887E-014    -0.409700839651E+002     0.286380041265E+000
     0.374423909507E-002     0.400000000000E+001    -0.487323692964E-014    -0.397929993614E+002     0.294851225410E+000
     0.396989322653E-002     0.400000000000E+001    -0.473308147631E-014    -0.386485432339E+002     0.303572428866E+000
     0.420908659296E-002     0.400000000000E+001    -0.459724569852E-014    -0.375393599340E+002     0.312551594742E+000
     0.446263154769E-002     0.400000000000E+001    -0.446503312417E-014    -0.364597623354E+002     0.321795783533E+000
     0.473138918520E-002     0.400000000000E+001    -0.433660715212E-014    -0.354110846910E+002     0.331312782996E+000
     0.501627226558E-002     0.400000000000E+001    -0.421194226090E-014    -0.343931186023E+002     0.341110800568E+000
     0.531824831448E-002     0.400000000000E+001    -0.409128575585E-014    -0.334078834705E+002     0.351199181220E+000
     0.563834290904E-002     0.400000000000E+001    -0.397357415836E-014    -0.324466953339E+002     0.361585193008E+000
     0.597764316095E-002     0.400000000000E+001    -0.385935172322E-014    -0.315139983700E+002     0.372277900594E+000
     0.633730140856E-002     0.400000000000E+001    -0.374783399599E-014    -0.306033870223E+002     0.383284661141E+000
     0.671853913045E-002     0.400000000000E+001    -0.363899664569E-014    -0.297146626131E+002     0.394613011422E+000
     0.712265109384E-002     0.400000000000E+001    -0.353200198843E-014    -0.288409849345E+002     0.406267998470E+000
     0.755100975191E-002     0.400000000000E+001    -0.342624265832E-014    -0.279773944676E+002     0.418252357621E+000
     0.800506990496E-002     0.400000000000E+001    -0.332072692951E-014    -0.271157931562E+002     0.430564558811E+000
     0.848637364120E-002     0.400000000000E+001    -0.321354420467E-014    -0.262405797892E+002     0.443194247905E+000
     0.899655557408E-002     0.400000000000E+001    -0.310271077459E-014    -0.253355561518E+002     0.456119990913E+000
     0.953734839373E-002     0.400000000000E+001    -0.298550217037E-014    -0.243784752669E+002     0.469303695292E+000
     0.101105887516E-001     0.400000000000E+001    -0.284965001024E-014    -0.232691581950E+002     0.482642515863E+000
     0.107182234982E-001     0.400000000000E+001    -0.270911308809E-014    -0.221215871383E+002     0.496084360857E+000
     0.113623162948E-001     0.400000000000E+001    -0.255503356971E-014    -0.208634323912E+002     0.509522347373E+000
     0.120450546223E-001     0.400000000000E+001    -0.236183115658E-014    -0.192858149650E+002     0.522689512427E+000
     0.127687572104E-001     0.400000000000E+001    -0.213999717789E-014    -0.174744030636E+002     0.535335783150E+000
     0.135358819124E-001     0.400000000000E+001    -0.186232294318E-014    -0.152070208690E+002     0.547001464502E+000
     0.143490340526E-001     0.400000000000E+001    -0.153259521269E-014    -0.125145896250E+002     0.557177729840E+000
     0.152109752747E-001     0.400000000000E+001    -0.116044137058E-014    -0.947572288915E+001     0.565345246007E+000
     0.161246329208E-001     0.400000000000E+001    -0.815810507653E-015    -0.666159833367E+001     0.571431666260E+000
     0.170931099734E-001     0.400000000000E+001    -0.590785846205E-015    -0.482413253042E+001     0.576103727914E+000
     0.181196955938E-001     0.400000000000E+001    -0.507670095881E-015    -0.414544092415E+001     0.580359377957E+000
     0.192078762926E-001     0.400000000000E+001    -0.496884713106E-015    -0.405737159034E+001     0.584774531409E+000
     0.203613477710E-001     0.400000000000E+001    -0.478846117896E-015    -0.391007528236E+001     0.589284691726E+000
     0.215840274722E-001     0.400000000000E+001    -0.488966486845E-015    -0.399271436618E+001     0.594166502534E+000
     0.228800678855E-001     0.400000000000E+001    -0.499386065436E-015    -0.407779668215E+001     0.599451491832E+000
     0.242538706494E-001     0.400000000000E+001    -0.510854876829E-015    -0.417144663412E+001     0.605182236747E+000
     0.257101015006E-001     0.400000000000E+001    -0.515029192654E-015    -0.420553250956E+001     0.611306462933E+000
     0.272537061195E-001     0.400000000000E+001    -0.514856060564E-015    -0.420411877876E+001     0.617795960098E+000
     0.288899269272E-001     0.400000000000E+001    -0.513022020102E-015    -0.418914270187E+001     0.624650322554E+000
     0.306243208897E-001     0.400000000000E+001    -0.507157698123E-015    -0.414125687893E+001     0.631832893482E+000
     0.324627783907E-001     0.400000000000E+001    -0.501001117455E-015    -0.409098458268E+001     0.639353994774E+000
     0.344115432366E-001     0.400000000000E+001    -0.492825616470E-015    -0.402422655098E+001     0.647196266009E+000
     0.364772338618E-001     0.400000000000E+001    -0.477868066777E-015    -0.390208888889E+001     0.655256774445E+000
     0.386668658063E-001     0.400000000000E+001    -0.465937433963E-015    -0.380466787883E+001     0.663587596771E+000
     0.409878755421E-001     0.400000000000E+001    -0.455253097980E-015    -0.371742365470E+001     0.672215773266E+000
     0.434481457293E-001     0.400000000000E+001    -0.446066111144E-015    -0.364240621422E+001     0.681177076684E+000
     0.460560319869E-001     0.400000000000E+001    -0.438302432535E-015    -0.357901096740E+001     0.690510730202E+000
     0.488203912708E-001     0.400000000000E+001    -0.431855883851E-015    -0.352637090263E+001     0.700258886345E+000
     0.517506119535E-001     0.400000000000E+001    -0.427092991437E-015    -0.348747893461E+001     0.710477969250E+000
     0.548566457095E-001     0.400000000000E+001    -0.421685154796E-015    -0.344332059733E+001     0.721173039258E+000
     0.581490413132E-001     0.400000000000E+001    -0.418135989585E-015    -0.341433946405E+001     0.732414395499E+000
     0.616389804647E-001     0.400000000000E+001    -0.411455639516E-015    -0.335979026608E+001     0.744139859089E+000
     0.653383157655E-001     0.400000000000E+001    -0.404518317394E-015    -0.330314273206E+001     0.756359291601E+000
     0.692596109728E-001     0.400000000000E+001    -0.395006281678E-015    -0.322547106605E+001     0.769007315834E+000
     0.734161836681E-001     0.400000000000E+001    -0.383725359600E-015    -0.313335534676E+001     0.782031335113E+000
     0.778221504872E-001     0.400000000000E+001    -0.373919286941E-015    -0.305328268690E+001     0.795483997321E+000
     0.824924750635E-001     0.400000000000E+001    -0.366332766509E-015    -0.299133404639E+001     0.809454498233E+000
     0.874430188470E-001     0.400000000000E+001    -0.361216636872E-015    -0.294955767756E+001     0.824056412658E+000
     0.926905949743E-001     0.400000000000E+001    -0.355809095213E-015    -0.290540174898E+001     0.839302729516E+000
     0.982530253690E-001     0.400000000000E+001    -0.351404941984E-015    -0.286943910872E+001     0.855263784830E+000
     0.104149201269E+000     0.400000000000E+001    -0.348886357384E-015    -0.284887330475E+001     0.872061242952E+000
     0.110399147386E+000     0.400000000000E+001    -0.347175557959E-015    -0.283490356730E+001     0.889779237494E+000
     0.117024089912E+000     0.400000000000E+001    -0.344680316685E-015    -0.281452837606E+001     0.908425326223E+000
     0.124046528610E+000     0.400000000000E+001    -0.342062234251E-015    -0.279315011062E+001     0.928040051651E+000
     0.131490313229E+000     0.400000000000E+001    -0.337278124697E-015    -0.275408489151E+001     0.948540866405E+000
     0.139380724499E+000     0.400000000000E+001    -0.333979093184E-015    -0.272714625487E+001     0.970059171948E+000
     0.147744559993E+000     0.400000000000E+001    -0.329452627337E-015    -0.269018485629E+001     0.992559435536E+000
     0.156610225139E+000     0.400000000000E+001    -0.324010554868E-015    -0.264574696225E+001     0.101601574216E+001
     0.166007829686E+000     0.400000000000E+001    -0.317594235623E-015    -0.259335373958E+001     0.104038705506E+001
     0.175969289968E+000     0.400000000000E+001    -0.308830421077E-015    -0.252179176308E+001     0.106550778355E+001
     0.185969289968E+000     0.400000000000E+001    -0.305133380589E-015    -0.249160313653E+001     0.109042381491E+001
     0.195969289968E+000     0.400000000000E+001    -0.305017386487E-015    -0.249065597280E+001     0.111533037464E+001
     0.205969289968E+000     0.400000000000E+001    -0.301169023339E-015    -0.245923170296E+001     0.113992269167E+001
     0.215969289968E+000     0.400000000000E+001    -0.297749736474E-015    -0.243131110685E+001     0.116423580274E+001
     0.225969289968E+000     0.400000000000E+001    -0.296094535975E-015    -0.241779536909E+001     0.118841375643E+001
     0.235969289968E+000     0.400000000000E+001    -0.293950380162E-015    -0.240028700820E+001     0.121241662651E+001
     0.245969289968E+000     0.400000000000E+001    -0.291818684611E-015    -0.238288039306E+001     0.123624543044E+001
     0.255969289968E+000     0.400000000000E+001    -0.289582586303E-015    -0.236462126472E+001     0.125989164309E+001
     0.265969289968E+000     0.400000000000E+001    -0.288147291599E-015    -0.235290119404E+001     0.128342065503E+001
     0.275969289968E+000     0.400000000000E+001    -0.285838602302E-015    -0.233404931529E+001     0.130676114818E+001
     0.285969289968E+000     0.400000000000E+001    -0.284149565471E-015    -0.232025728290E+001     0.132996372101E+001
     0.295969289968E+000     0.400000000000E+001    -0.281968397920E-015    -0.230244669824E+001     0.135298818799E+001
     0.305969289968E+000     0.400000000000E+001    -0.279739832470E-015    -0.228424908035E+001     0.137583067880E+001
     0.315969289968E+000     0.400000000000E+001    -0.277942543649E-015    -0.226957310338E+001     0.139852640983E+001
     0.325969289968E+000     0.400000000000E+001    -0.276483514398E-015    -0.225765922542E+001     0.142110300208E+001
     0.335969289968E+000     0.400000000000E+001    -0.275261525110E-015    -0.224768092565E+001     0.144357981134E+001
     0.345969289968E+000     0.400000000000E+001    -0.273993066495E-015    -0.223732317502E+001     0.146595304309E+001
     0.355969289968E+000     0.400000000000E+001    -0.272527015557E-015    -0.222535196064E+001     0.148820656270E+001
     0.365969289968E+000     0.400000000000E+001    -0.270862902793E-015    -0.221176344871E+001     0.151032419718E+001
     0.375969289968E+000     0.400000000000E+001    -0.269059161322E-015    -0.219703478186E+001     0.153229454500E+001
     0.385969289968E+000     0.400000000000E+001    -0.267264339009E-015    -0.218237894546E+001     0.155411833446E+001
     0.395969289968E+000     0.400000000000E+001    -0.265257602161E-015    -0.216599269557E+001     0.157577826141E+001
     0.405969289968E+000     0.400000000000E+001    -0.263730258580E-015    -0.215352098878E+001     0.159731347130E+001
     0.415969289968E+000     0.400000000000E+001    -0.262627751882E-015    -0.214451833839E+001     0.161875865469E+001
     0.425969289968E+000     0.400000000000E+001    -0.261627074980E-015    -0.213634719139E+001     0.164012212660E+001
     0.435969289968E+000     0.400000000000E+001    -0.260792897007E-015    -0.212953561132E+001     0.166141748271E+001
     0.445969289968E+000     0.400000000000E+001    -0.260213288513E-015    -0.212480274880E+001     0.168266551020E+001
     0.455969289968E+000     0.400000000000E+001    -0.259725742078E-015    -0.212082163003E+001     0.170387372650E+001
     0.465969289968E+000     0.400000000000E+001    -0.259081155291E-015    -0.211555817948E+001     0.172502930830E+001
     0.475969289968E+000     0.400000000000E+001    -0.258458285104E-015    -0.211047205842E+001     0.174613402888E+001
     0.485969289968E+000     0.400000000000E+001    -0.257339543611E-015    -0.210133684088E+001     0.176714739729E+001
     0.495969289968E+000     0.400000000000E+001    -0.257847114612E-015    -0.210548147263E+001     0.178820221201E+001
     0.505969289968E+000     0.400000000000E+001    -0.257508329588E-015    -0.210271508297E+001     0.180922936284E+001
     0.515969289968E+000     0.400000000000E+001    -0.255688764226E-015    -0.208785720425E+001     0.183010793489E+001
     0.525969289968E+000     0.400000000000E+001    -0.254747407733E-015    -0.208017044515E+001     0.185090963934E+001
     0.535969289968E+000     0.400000000000E+001    -0.253963967224E-015    -0.207377316791E+001     0.187164737102E+001
     0.545969289968E+000     0.400000000000E+001    -0.253096111256E-015    -0.206668658615E+001     0.189231423688E+001
     0.555969289968E+000     0.400000000000E+001    -0.251482392291E-015    -0.205350957081E+001     0.191284933259E+001
     0.565969289968E+000     0.400000000000E+001    -0.250079468844E-015    -0.204205383150E+001     0.193326987090E+001
     0.575969289968E+000     0.400000000000E+001    -0.249033623152E-015    -0.203351385334E+001     0.195360500944E+001
     0.585969289968E+000     0.400000000000E+001    -0.248027732877E-015    -0.202530013592E+001     0.197385801079E+001
     0.595969289968E+000     0.400000000000E+001    -0.247037260516E-015    -0.201721231532E+001     0.199403013395E+001
     0.605969289968E+000     0.400000000000E+001    -0.246723506625E-015    -0.201465032038E+001     0.201417663715E+001
     0.615969289968E+000     0.400000000000E+001    -0.246461002342E-015    -0.201250681023E+001     0.203430170525E+001
     0.625969289968E+000     0.400000000000E+001    -0.245565398505E-015    -0.200519364993E+001     0.205435364175E+001
     0.635969289968E+000     0.400000000000E+001    -0.244934381749E-015    -0.200004100708E+001     0.207435405182E+001
     0.645969289968E+000     0.400000000000E+001    -0.244362216671E-015    -0.199536892467E+001     0.209430774107E+001
     0.655969289968E+000     0.400000000000E+001    -0.243549313170E-015    -0.198873106384E+001     0.211419505171E+001
     0.665969289968E+000     0.400000000000E+001    -0.242715619433E-015    -0.198192343786E+001     0.213401428609E+001
     0.675969289968E+000     0.400000000000E+001    -0.241786981136E-015    -0.197434053071E+001     0.215375769139E+001
     0.685969289968E+000     0.400000000000E+001    -0.238178466298E-015    -0.194487477094E+001     0.217320643910E+001
     0.695969289968E+000     0.400000000000E+001    -0.239065992083E-015    -0.195212196895E+001     0.219272765879E+001
     0.705969289968E+000     0.400000000000E+001    -0.239366914792E-015    -0.195457918935E+001     0.221227345069E+001
     0.715969289968E+000     0.400000000000E+001    -0.239502687852E-015    -0.195568786052E+001     0.223183032929E+001
     0.725969289968E+000     0.400000000000E+001    -0.238916658160E-015    -0.195090256494E+001     0.225133935494E+001
     0.735969289968E+000     0.400000000000E+001    -0.239011160246E-015    -0.195167423303E+001     0.227085609727E+001
     0.745969289968E+000     0.400000000000E+001    -0.239146724398E-015    -0.195278119833E+001     0.229038390926E+001
     0.755969289968E+000     0.400000000000E+001    -0.238098337814E-015    -0.194422047222E+001     0.230982611398E+001
