 #        time                      h  [L]            Darcian flow [L.T^{-1}]   in    x         z              directions   cumulative flux
 #-----------------------------------------------------------------------------------------------

     0.100000000000E-005    -0.280000000000E+003    -0.505778066013E-014     0.324726929327E-014     0.601048276505E-020
     0.205999994278E-005    -0.280000000000E+003    -0.505778066013E-014    -0.317210359170E-014     0.123389031555E-019
     0.318359982147E-005    -0.280000000000E+003    -0.101155613203E-013    -0.634420718340E-014     0.257551536590E-019
     0.437461562859E-005    -0.280000000000E+003    -0.505778066013E-014    -0.317210359170E-014     0.328657660419E-019
     0.563709231599E-005    -0.280000000000E+003     0.505778066013E-014    -0.160860150632E-013     0.541541713556E-019
     0.697531753239E-005    -0.280000000000E+003     0.101155613203E-013    -0.193332843565E-013     0.833538795821E-019
     0.839383618521E-005    -0.280000000000E+003     0.101155613203E-013    -0.257526572415E-013     0.122601600088E-018
     0.989746587602E-005    -0.280000000000E+003     0.101155613203E-013    -0.257526572415E-013     0.164204181579E-018
     0.114913132622E-004    -0.280000000000E+003     0.505778066013E-014    -0.225053879482E-013     0.200969015045E-018
     0.131807914004E-004    -0.280000000000E+003    -0.314458578245E-029    -0.256774915399E-013     0.244350575645E-018
     0.149716381303E-004    -0.280000000000E+003    -0.393073222806E-029    -0.320968644249E-013     0.301831140338E-018
     0.168699355614E-004    -0.280000000000E+003     0.101155613203E-013    -0.257526572415E-013     0.354353429605E-018
     0.188821307298E-004    -0.280000000000E+003     0.101155613203E-013    -0.257526572415E-013     0.410027053224E-018
     0.210150574931E-004    -0.280000000000E+003     0.151733419804E-013    -0.225805536498E-013     0.468053313472E-018
     0.232759597402E-004    -0.280000000000E+003     0.252889033006E-013    -0.290750922363E-013     0.555175520962E-018
     0.256725159928E-004    -0.280000000000E+003     0.252889033006E-013    -0.354944651213E-013     0.659622096998E-018
     0.282128654833E-004    -0.280000000000E+003     0.101155613203E-013    -0.257526572415E-013     0.729908748919E-018
     0.309056357980E-004    -0.280000000000E+003     0.101155613203E-013    -0.321720301264E-013     0.820721967804E-018
     0.337599721774E-004    -0.280000000000E+003     0.505778066013E-014    -0.353441337181E-013     0.922633726224E-018
     0.367855685763E-004    -0.280000000000E+003    -0.505778066013E-014    -0.352689680166E-013     0.103043506144E-017
     0.399927005860E-004    -0.280000000000E+003    -0.101155613203E-013    -0.320216987233E-013     0.113813520400E-017
     0.433922603327E-004    -0.280000000000E+003    -0.151733419804E-013    -0.287744294300E-013     0.124872273603E-017
     0.469957934698E-004    -0.280000000000E+003    -0.101155613203E-013    -0.384410716083E-013     0.139196218407E-017
     0.508155383889E-004    -0.280000000000E+003    -0.151733419804E-013    -0.287744294300E-013     0.151621832165E-017
     0.548644677845E-004    -0.280000000000E+003    -0.202311226405E-013    -0.255271601367E-013     0.164809999051E-017
     0.591563327122E-004    -0.280000000000E+003    -0.202311226405E-013    -0.191077872518E-013     0.176753464568E-017
     0.637057092900E-004    -0.280000000000E+003    -0.202311226405E-013    -0.126884143668E-013     0.187617754776E-017
     0.685280482021E-004    -0.280000000000E+003    -0.151733419804E-013    -0.159356836601E-013     0.198228832656E-017
     0.736397271730E-004    -0.280000000000E+003    -0.252889033006E-013    -0.944114507352E-014     0.212027183494E-017
     0.790581065897E-004    -0.280000000000E+003    -0.202311226405E-013    -0.191077872518E-013     0.227105530276E-017
     0.848015884613E-004    -0.280000000000E+003    -0.202311226405E-013    -0.126884143668E-013     0.240821443390E-017
     0.908896789166E-004    -0.280000000000E+003    -0.202311226405E-013    -0.191077872518E-013     0.257763472004E-017
     0.973430544509E-004    -0.280000000000E+003    -0.202311226405E-013    -0.191077872518E-013     0.275722021367E-017
     0.104183632148E-003    -0.280000000000E+003    -0.202311226405E-013    -0.255271601367E-013     0.298003141002E-017
     0.111434644115E-003    -0.280000000000E+003    -0.252889033006E-013    -0.286992637284E-013     0.325739341055E-017
     0.119120716386E-003    -0.280000000000E+003    -0.252889033006E-013    -0.158605179585E-013     0.348683067048E-017
     0.127267952553E-003    -0.280000000000E+003    -0.252889033006E-013    -0.222798908435E-013     0.376142059186E-017
     0.135904022424E-003    -0.280000000000E+003    -0.303466839608E-013    -0.190326215502E-013     0.407077540477E-017
     0.145058255993E-003    -0.280000000000E+003    -0.252889033006E-013    -0.158605179585E-013     0.434403880809E-017
     0.154761743052E-003    -0.280000000000E+003    -0.202311226405E-013    -0.126884143668E-013     0.457576616159E-017
     0.165047438780E-003    -0.280000000000E+003    -0.202311226405E-013    -0.191077872518E-013     0.486199803121E-017
     0.175950275662E-003    -0.280000000000E+003    -0.202311226405E-013    -0.126884143668E-013     0.512236685750E-017
     0.187507282134E-003    -0.280000000000E+003    -0.252889033006E-013    -0.944114507352E-014     0.543433408167E-017
     0.199757708333E-003    -0.280000000000E+003    -0.303466839608E-013    -0.190326215502E-013     0.587315965412E-017
     0.212743159403E-003    -0.280000000000E+003    -0.252889033006E-013    -0.222798908435E-013     0.631081408259E-017
     0.226507736794E-003    -0.280000000000E+003    -0.252889033006E-013    -0.415380094984E-013     0.698019368422E-017
     0.241098188040E-003    -0.280000000000E+003    -0.354044646209E-013    -0.222047251419E-013     0.758994990980E-017
     0.256564065527E-003    -0.280000000000E+003    -0.354044646209E-013    -0.286240980269E-013     0.829408315178E-017
     0.272957894778E-003    -0.280000000000E+003    -0.455200259411E-013    -0.221295594403E-013     0.912384255783E-017
     0.290335352846E-003    -0.280000000000E+003    -0.455200259411E-013    -0.221295594403E-013     0.100033874808E-016
     0.308755457403E-003    -0.280000000000E+003    -0.404622452810E-013    -0.189574558486E-013     0.108264546486E-016
     0.328280767180E-003    -0.280000000000E+003    -0.303466839608E-013    -0.190326215502E-013     0.115258756402E-016
     0.348977594427E-003    -0.280000000000E+003    -0.252889033006E-013    -0.158605179585E-013     0.121436974828E-016
     0.370916230124E-003    -0.280000000000E+003    -0.252889033006E-013    -0.944114507352E-014     0.127359040631E-016
     0.394171182707E-003    -0.280000000000E+003    -0.252889033006E-013    -0.944114507352E-014     0.133636430042E-016
     0.418821431115E-003    -0.280000000000E+003    -0.354044646209E-013    -0.157853522569E-013     0.143191870665E-016
     0.444950693017E-003    -0.280000000000E+003    -0.354044646209E-013    -0.157853522569E-013     0.153320637178E-016
     0.472647709137E-003    -0.280000000000E+003    -0.404622452810E-013    -0.189574558486E-013     0.165696519489E-016
     0.502006544641E-003    -0.280000000000E+003    -0.354044646209E-013    -0.936597937195E-014     0.176448419653E-016
     0.533126908594E-003    -0.280000000000E+003    -0.455200259411E-013     0.354793209956E-014     0.190657381395E-016
     0.566114492604E-003    -0.280000000000E+003    -0.455200259411E-013     0.996730498454E-014     0.206029099768E-016
     0.601081329767E-003    -0.280000000000E+003    -0.505778066013E-013     0.196339471628E-013     0.225000361707E-016
     0.638146175159E-003    -0.280000000000E+003    -0.505778066013E-013     0.196339471628E-013     0.245109898277E-016
     0.677434909153E-003    -0.280000000000E+003    -0.505778066013E-013     0.260533200477E-013     0.267462702048E-016
     0.719080964939E-003    -0.280000000000E+003    -0.505778066013E-013     0.260533200477E-013     0.291156672766E-016
     0.763225781689E-003    -0.280000000000E+003    -0.505778066013E-013     0.196339471628E-013     0.315107448695E-016
     0.810019284919E-003    -0.280000000000E+003    -0.455200259411E-013     0.163866778695E-013     0.337746008085E-016
     0.859620395664E-003    -0.280000000000E+003    -0.455200259411E-013     0.163866778695E-013     0.361742879742E-016
     0.912197570216E-003    -0.280000000000E+003    -0.455200259411E-013     0.354793209956E-014     0.385748609972E-016
     0.967929372233E-003    -0.280000000000E+003    -0.556355872614E-013     0.100424706861E-013     0.417256404642E-016
     0.102700507918E-002    -0.280000000000E+003    -0.556355872614E-013     0.100424706861E-013     0.450654665189E-016
     0.108962532517E-002    -0.280000000000E+003    -0.556355872614E-013     0.100424706861E-013     0.486056819458E-016
     0.115600278233E-002    -0.280000000000E+003    -0.556355872614E-013     0.100424706861E-013     0.523583100957E-016
     0.122636288312E-002    -0.280000000000E+003    -0.556355872614E-013     0.100424706861E-013     0.563360957199E-016
     0.130094458593E-002    -0.280000000000E+003    -0.556355872614E-013     0.100424706861E-013     0.605525482540E-016
     0.138000118665E-002    -0.280000000000E+003    -0.556355872614E-013     0.100424706861E-013     0.650219876988E-016
     0.146380117888E-002    -0.280000000000E+003    -0.404622452810E-013     0.672003569126E-014     0.684591689573E-016
     0.155262916586E-002    -0.280000000000E+003    -0.252889033006E-013     0.339760069642E-014     0.707257144292E-016
     0.164678682697E-002    -0.280000000000E+003    -0.151733419804E-013     0.974180787982E-014     0.724235134271E-016
     0.174659394236E-002    -0.280000000000E+003    -0.505778066013E-014     0.324726929327E-014     0.730234023739E-016
     0.185238947896E-002    -0.280000000000E+003    -0.505778066013E-014     0.324726929327E-014     0.736592846233E-016
     0.196453274170E-002    -0.280000000000E+003    -0.101155613203E-013    -0.634420718340E-014     0.749983218854E-016
     0.208340459379E-002    -0.280000000000E+003    -0.151733419804E-013     0.332243499485E-014     0.768447384363E-016
     0.220940875020E-002    -0.280000000000E+003    -0.202311226405E-013     0.150331403146E-015     0.793940143545E-016
     0.234297314879E-002    -0.280000000000E+003    -0.354044646209E-013     0.347276639799E-014     0.841454844784E-016
     0.248455140365E-002    -0.280000000000E+003    -0.404622452810E-013     0.300662806292E-015     0.898742167034E-016
     0.263462434571E-002    -0.280000000000E+003    -0.303466839608E-013    -0.126132486652E-013     0.948061517055E-016
     0.279370165569E-002    -0.280000000000E+003    -0.252889033006E-013    -0.158605179585E-013     0.995547750381E-016
     0.296232359518E-002    -0.280000000000E+003    -0.151733419804E-013    -0.159356836601E-013     0.103265133362E-015
     0.314106284138E-002    -0.280000000000E+003    -0.151733419804E-013    -0.159356836601E-013     0.107198112972E-015
     0.333052643213E-002    -0.280000000000E+003    -0.151733419804E-013    -0.159356836601E-013     0.111367071134E-015
     0.353135782749E-002    -0.280000000000E+003    -0.235843933683E-029    -0.192581186549E-013     0.115234705975E-015
     0.374423909507E-002    -0.280000000000E+003    -0.101155613203E-013    -0.127635800684E-013     0.118701688737E-015
     0.396989322653E-002    -0.280000000000E+003    -0.786146445611E-030    -0.641937288497E-014     0.120150246750E-015
     0.420908659296E-002    -0.280000000000E+003    -0.151733419804E-013    -0.951631077510E-014     0.124434349370E-015
     0.446263154769E-002    -0.280000000000E+003    -0.202311226405E-013    -0.626904148183E-014     0.129804472239E-015
     0.473138918520E-002    -0.280000000000E+003    -0.101155613203E-013     0.751657015730E-016     0.132523181655E-015
     0.501627226558E-002    -0.280000000000E+003    -0.151733419804E-013     0.332243499485E-014     0.136948222785E-015
     0.531824831448E-002    -0.280000000000E+003    -0.101155613203E-013    -0.127635800684E-013     0.141866202502E-015
     0.563834290904E-002    -0.280000000000E+003    -0.101155613203E-013    -0.634420718340E-014     0.145688265272E-015
     0.597764316095E-002    -0.280000000000E+003    -0.252889033006E-013     0.226557193513E-013     0.157208546914E-015
     0.633730140856E-002    -0.280000000000E+003    -0.252889033006E-013     0.290750922363E-013     0.171067713322E-015
     0.671853913045E-002    -0.280000000000E+003    -0.303466839608E-013     0.194836157596E-013     0.184816249863E-015
     0.712265109384E-002    -0.280000000000E+003    -0.505778066013E-014     0.289247608332E-013     0.196682445188E-015
     0.755100975191E-002    -0.280000000000E+003    -0.151733419804E-013     0.974180787982E-014     0.204406372183E-015
     0.800506990496E-002    -0.280000000000E+003    -0.151733419804E-013     0.974180787982E-014     0.212593734356E-015
     0.848637364120E-002    -0.280000000000E+003     0.786146445611E-030     0.641937288497E-014     0.215683402510E-015
     0.899655557408E-002    -0.280000000000E+003     0.151733419804E-013    -0.161611807648E-013     0.226993044789E-015
     0.953734839373E-002    -0.280000000000E+003     0.303466839608E-013    -0.664486998969E-014     0.243793133208E-015
     0.101105887516E-001    -0.280000000000E+003     0.202311226405E-013    -0.150331403146E-015     0.255390749361E-015
     0.107182234982E-001    -0.280000000000E+003     0.252889033006E-013    -0.339760069642E-014     0.270895229765E-015
     0.113623162948E-001    -0.280000000000E+003     0.786146445611E-030     0.641937288497E-014     0.275029901599E-015
     0.120450546223E-001    -0.280000000000E+003    -0.505778066013E-014     0.324726929327E-014     0.279133488550E-015
     0.127687572104E-001    -0.280000000000E+003     0.505778066013E-014     0.160108493616E-013     0.291284979612E-015
     0.135358819124E-001    -0.280000000000E+003     0.151733419804E-013     0.159356836601E-013     0.308164796864E-015
     0.143490340526E-001    -0.280000000000E+003     0.505778066013E-014    -0.324726929327E-014     0.313052233788E-015
     0.152109752747E-001    -0.280000000000E+003    -0.151733419804E-013     0.974180787982E-014     0.328594282368E-015
     0.161246329208E-001    -0.280000000000E+003    -0.151733419804E-013     0.418386723047E-013     0.369256716317E-015
     0.170931099734E-001    -0.280000000000E+003    -0.252889033006E-013     0.226557193513E-013     0.402139475309E-015
     0.181196955938E-001    -0.280000000000E+003    -0.151733419804E-013     0.161611807648E-013     0.424896682859E-015
     0.192078762926E-001    -0.280000000000E+003    -0.303466839608E-013     0.130642428747E-013     0.460849416771E-015
     0.203613477710E-001    -0.280000000000E+003    -0.505778066013E-013     0.196339471628E-013     0.523431026470E-015
     0.215840274722E-001    -0.280000000000E+003    -0.369217988189E-012     0.160018183789E-012     0.101544034925E-014
     0.228800678855E-001    -0.280000002056E+003    -0.218983711174E-006     0.942770081547E-007     0.308997327186E-009
     0.242538706494E-001    -0.280000000872E+003    -0.930467712244E-007     0.362562720352E-007     0.446186642079E-009
     0.257101015006E-001    -0.280000000467E+003    -0.474805075284E-007     0.167492429721E-007     0.519505164565E-009
     0.272537061195E-001    -0.279999993185E+003     0.736890981221E-006    -0.311452990211E-006     0.175439974524E-008
     0.288899269272E-001    -0.279999997349E+003     0.289423644672E-006    -0.109551744470E-006     0.226075029173E-008
     0.306243208897E-001    -0.279999998666E+003     0.139011105116E-006    -0.472338285365E-007     0.251538816285E-008
     0.324627783907E-001    -0.279999998951E+003     0.102177113796E-006    -0.343617247447E-007     0.271357431388E-008
     0.344115432366E-001    -0.279999999375E+003     0.529104603663E-007    -0.160235676969E-007     0.282130896391E-008
     0.364772338618E-001    -0.279999999568E+003     0.304335312186E-007    -0.865196417298E-008     0.288666632846E-008
     0.386668658063E-001    -0.279999999674E+003     0.187074359191E-007    -0.516427419422E-008     0.292916086749E-008
     0.409878755421E-001    -0.279999999741E+003     0.120503445281E-007    -0.329485093206E-008     0.295815648011E-008
     0.434481457293E-001    -0.279999947927E+003     0.573547373920E-005    -0.221004348293E-005     0.180803050436E-007
     0.460560319869E-001    -0.279999982350E+003     0.190240951488E-005    -0.631914599488E-006     0.233081108238E-007
     0.488203912708E-001    -0.279999991670E+003     0.791064659972E-006    -0.231713030202E-006     0.255867784436E-007
     0.517506119535E-001    -0.279999995378E+003     0.344846872508E-006    -0.896657592555E-007     0.266308556456E-007
     0.548566457095E-001    -0.279999996768E+003     0.185550954945E-006    -0.476395263987E-007     0.272258754229E-007
     0.581490413132E-001    -0.279999995584E+003     0.329515205701E-006    -0.108504952970E-006     0.283680738239E-007
     0.616389804647E-001    -0.279999997473E+003     0.130025286243E-006    -0.371520241011E-007     0.288400143605E-007
     0.653383157655E-001    -0.279999979043E+003     0.223425785864E-005    -0.783070518125E-006     0.375982308156E-007
     0.692596109728E-001    -0.279999993167E+003     0.621202547227E-006    -0.181030479354E-006     0.401354774161E-007
     0.734161836681E-001    -0.279999996474E+003     0.227962688022E-006    -0.582821723935E-007     0.411134987336E-007
     0.778221504872E-001    -0.279999997650E+003     0.989583583684E-007    -0.236557621785E-007     0.415617904693E-007
     0.824924750635E-001    -0.279999998564E+003     0.780455521365E-008     0.238883735650E-008     0.415999094817E-007
     0.874430188470E-001    -0.279999998606E+003     0.187271816562E-007    -0.380775068140E-008     0.416945162124E-007
     0.926905949743E-001    -0.279999998758E+003     0.155164366868E-007    -0.322076273131E-008     0.417776754969E-007
     0.982530253690E-001    -0.279999998891E+003     0.120199574642E-007    -0.219628970454E-008     0.418456426301E-007
     0.104149201269E+000    -0.279999993319E+003     0.675188991620E-006    -0.211040703157E-006     0.460166124348E-007
     0.110399147386E+000    -0.279999997808E+003     0.141709427050E-006    -0.475290168133E-007     0.469507770002E-007
     0.117024089912E+000    -0.279999998772E+003     0.315209239200E-007    -0.678725645200E-008     0.471643875335E-007
     0.124046528610E+000    -0.279999998960E+003     0.154067131671E-007    -0.195009914581E-008     0.472734434736E-007
     0.131490313229E+000    -0.279999999055E+003     0.910175960296E-008    -0.281788439121E-008     0.473443677427E-007
     0.139380724499E+000    -0.280000005544E+003    -0.760977717141E-006     0.224078811447E-006     0.536036992613E-007
     0.147744559993E+000    -0.280000000347E+003    -0.122779233555E-006     0.297133142144E-007     0.546602480550E-007
     0.156610225139E+000    -0.279999999632E+003    -0.271866383206E-007     0.576559316856E-008     0.549066362572E-007
     0.166007829686E+000    -0.279999999484E+003    -0.703377466885E-008     0.273115363739E-008     0.549775450205E-007
     0.175969289968E+000    -0.279999999431E+003    -0.273848477318E-009     0.122361587400E-008     0.549900355509E-007
     0.185969289968E+000    -0.279999999428E+003     0.874930307093E-009     0.838997471631E-009     0.550021575136E-007
     0.195969289968E+000    -0.279999999520E+003     0.108536432940E-008     0.208817138706E-007     0.552112565308E-007
     0.205969289968E+000    -0.279999998901E+003     0.413402763701E-008    -0.134153007826E-006     0.565534234240E-007
     0.215969289968E+000    -0.279999997232E+003     0.245719791198E-006    -0.758133007494E-007     0.591249185603E-007
     0.225969289968E+000    -0.279999998602E+003     0.416941238665E-007    -0.447898924745E-007     0.597368445715E-007
     0.235969289968E+000    -0.279999998582E+003     0.174818801804E-007    -0.409519117208E-007     0.601821169835E-007
     0.245969289968E+000    -0.279999998703E+003     0.129738650404E-007     0.281445928848E-007     0.604920265320E-007
     0.255969289968E+000    -0.279999998696E+003     0.130132398640E-007     0.455445659673E-007     0.609656985600E-007
     0.265969289968E+000    -0.279999998775E+003     0.104347023252E-007     0.503928729007E-007     0.614803173171E-007
     0.275969289968E+000    -0.279999998746E+003     0.744223096537E-008     0.424678944227E-008     0.615660039685E-007
     0.285969289968E+000    -0.279999998898E+003     0.337747974146E-008     0.238669026276E-008     0.616073605397E-007
     0.295969289968E+000    -0.279999999003E+003     0.167204160631E-008    -0.248957700395E-008     0.616373500659E-007
     0.305969289968E+000    -0.279999999099E+003    -0.121209714401E-009    -0.169666077281E-008     0.616543599147E-007
     0.315969289968E+000    -0.279999997431E+003     0.209660489516E-006    -0.588219668855E-007     0.638319169094E-007
     0.325969289968E+000    -0.280000001313E+003    -0.260483566086E-006     0.728711823037E-007     0.665367625134E-007
     0.335969289968E+000    -0.279999959059E+003     0.487920949067E-005    -0.134198481608E-005     0.117140723327E-006
     0.345969289968E+000    -0.279999992746E+003     0.715189244443E-006    -0.151585650192E-006     0.124451495275E-006
     0.355969289968E+000    -0.279999991129E+003     0.870185757378E-006    -0.241918532085E-006     0.133483371207E-006
     0.365969289968E+000    -0.279999997133E+003     0.147979518189E-006    -0.313363854632E-007     0.134995981760E-006
     0.375969289968E+000    -0.279999998115E+003     0.399150648295E-007    -0.655959392925E-008     0.135400486479E-006
     0.385969289968E+000    -0.280000000774E+003    -0.270959783640E-006     0.732113591230E-007     0.138207248090E-006
     0.395969289968E+000    -0.279999982637E+003     0.195078083670E-005    -0.536152901968E-006     0.158438426521E-006
     0.405969289968E+000    -0.279999996109E+003     0.292810135294E-006    -0.607184190429E-007     0.161428819501E-006
     0.415969289968E+000    -0.279999997910E+003     0.649354055224E-007    -0.114708611909E-007     0.162088227383E-006
     0.425969289968E+000    -0.279999996070E+003     0.296967641335E-006    -0.813890025632E-007     0.165167414772E-006
     0.435969289968E+000    -0.279999997845E+003     0.890688289380E-007    -0.189174909825E-007     0.166077971072E-006
     0.445969289968E+000    -0.279999998452E+003     0.208632342123E-007    -0.283257457584E-008     0.166288517509E-006
     0.455969289968E+000    -0.279999998878E+003    -0.236562215709E-007     0.830450585614E-008     0.166539232813E-006
     0.465969289968E+000    -0.279999998738E+003     0.545446245283E-009     0.107277429719E-008     0.166551267580E-006
     0.475969289968E+000    -0.279999998765E+003     0.309307567795E-008     0.533505304106E-009     0.166582655070E-006
     0.485969289968E+000    -0.279999998841E+003     0.293291093440E-008     0.915913262059E-008     0.166678827663E-006
     0.495969289968E+000    -0.279999998854E+003    -0.577725001245E-009    -0.537536309454E-008     0.166732890862E-006
     0.505969289968E+000    -0.279999999403E+003    -0.774892463108E-009     0.119000576022E-006     0.167922921851E-006
     0.515969289968E+000    -0.279999999170E+003     0.918331125045E-009     0.742852398003E-008     0.167997772569E-006
     0.525969289968E+000    -0.279999999344E+003    -0.443143018441E-008    -0.611126824141E-008     0.168073261094E-006
     0.535969289968E+000    -0.279999999496E+003    -0.603735141179E-008    -0.680317762876E-008     0.168164218687E-006
     0.545969289968E+000    -0.280000005760E+003    -0.752574142834E-006     0.206471033764E-006     0.175968051901E-006
     0.555969289968E+000    -0.280000000251E+003    -0.670206918539E-007     0.650118990662E-008     0.176641404602E-006
     0.565969289968E+000    -0.279999999941E+003    -0.208052363909E-007     0.474574321485E-009     0.176849511085E-006
     0.575969289968E+000    -0.279999999073E+003     0.841325453663E-007    -0.262532230561E-007     0.177730846260E-006
     0.585969289968E+000    -0.279999999669E+003     0.106294116326E-007     0.123662157158E-008     0.177837857299E-006
     0.595969289968E+000    -0.279999970353E+003     0.356954328129E-005    -0.980467939438E-006     0.214855362101E-006
     0.605969289968E+000    -0.279999994925E+003     0.522729765301E-006    -0.117822883234E-006     0.220213800673E-006
     0.615969289968E+000    -0.279999998133E+003     0.108558521483E-006    -0.208491326294E-007     0.221319225429E-006
     0.625969289968E+000    -0.279999998844E+003     0.299855131811E-007    -0.601058740345E-008     0.221625045337E-006
     0.635969289968E+000    -0.279999999087E+003     0.109884129564E-007    -0.371235905949E-008     0.221741031039E-006
     0.645969289968E+000    -0.279999988086E+003     0.138250813615E-005    -0.328607003732E-006     0.235951278431E-006
     0.655969289968E+000    -0.279999987061E+003     0.146111510549E-005    -0.418771764784E-006     0.251150709810E-006
     0.665969289968E+000    -0.279999997114E+003     0.227140372615E-006    -0.523351373989E-007     0.253481626271E-006
     0.675969289968E+000    -0.279999998600E+003     0.466258646888E-007    -0.987510078837E-008     0.253958227663E-006
     0.685969289968E+000    -0.279999999189E+003    -0.155160623572E-007     0.400116952511E-008     0.254118464222E-006
     0.695969289968E+000    -0.279999999120E+003     0.247755387394E-008    -0.519140306288E-009     0.254143777815E-006
     0.705969289968E+000    -0.280000003925E+003    -0.574974996603E-006     0.158311865179E-006     0.260107492206E-006
     0.715969289968E+000    -0.279999998353E+003     0.115622233027E-006    -0.364984793394E-007     0.261319954155E-006
     0.725969289968E+000    -0.279999999230E+003     0.132687791196E-007    -0.277296806163E-008     0.261455508517E-006
     0.735969289968E+000    -0.279999999313E+003     0.265987169055E-008    -0.779787919194E-010     0.261482118662E-006
     0.745969289968E+000    -0.279999999331E+003     0.118695997173E-008     0.342140012792E-009     0.261494471531E-006
     0.755969289968E+000    -0.279999999340E+003     0.876397064111E-009     0.173490182669E-009     0.261503405571E-006
