 #        time                      h  [L]            Darcian flow [L.T^{-1}]   in    x         z              directions   cumulative flux
 #-----------------------------------------------------------------------------------------------

     0.100000000000E-005     0.400000000000E+001    -0.169618552132E-012    -0.138504058681E+004     0.138504058681E-002
     0.205999994278E-005     0.400000000000E+001    -0.164161581066E-012    -0.134048103649E+004     0.280595040878E-002
     0.318359982147E-005     0.400000000000E+001    -0.158487222146E-012    -0.129414637965E+004     0.426005312396E-002
     0.437461562859E-005     0.400000000000E+001    -0.152597769354E-012    -0.124605534804E+004     0.574412474003E-002
     0.563709231599E-005     0.400000000000E+001    -0.146498516131E-012    -0.119625116591E+004     0.725436394926E-002
     0.697531753239E-005     0.400000000000E+001    -0.140198627140E-012    -0.114480866841E+004     0.878637577728E-002
     0.839383618521E-005     0.400000000000E+001    -0.133712225374E-012    -0.109184317851E+004     0.103351756919E-001
     0.989746587602E-005     0.400000000000E+001    -0.127059720316E-012    -0.103752135231E+004     0.118952236021E-001
     0.114913132622E-004     0.400000000000E+001    -0.120269380156E-012    -0.982074017094E+003     0.134604997074E-001
     0.131807914004E-004     0.400000000000E+001    -0.113379102335E-012    -0.925810628939E+003     0.150246365251E-001
     0.149716381303E-004     0.400000000000E+001    -0.106438246856E-012    -0.869134242867E+003     0.165811227417E-001
     0.168699355614E-004     0.400000000000E+001    -0.995092493167E-013    -0.812554684224E+003     0.181235932114E-001
     0.188821307298E-004     0.400000000000E+001    -0.926685169278E-013    -0.756695865226E+003     0.196462129753E-001
     0.210150574931E-004     0.400000000000E+001    -0.860058521650E-013    -0.702291078741E+003     0.211441484128E-001
     0.232759597402E-004     0.400000000000E+001    -0.796214324119E-013    -0.650158335182E+003     0.226140928538E-001
     0.256725159928E-004     0.400000000000E+001    -0.736193910079E-013    -0.601147947793E+003     0.240547777268E-001
     0.282128654833E-004     0.400000000000E+001    -0.680975785007E-013    -0.556058926934E+003     0.254673617386E-001
     0.309056357980E-004     0.400000000000E+001    -0.631343553820E-013    -0.515531134577E+003     0.268555686740E-001
     0.337599721774E-004     0.400000000000E+001    -0.587751053670E-013    -0.479935156879E+003     0.282254650521E-001
     0.367855685763E-004     0.400000000000E+001    -0.550226776186E-013    -0.449294259021E+003     0.295848481442E-001
     0.399927005860E-004     0.400000000000E+001    -0.518358209718E-013    -0.423271599680E+003     0.309423360403E-001
     0.433922603327E-004     0.400000000000E+001    -0.491371687075E-013    -0.401235431650E+003     0.323063598628E-001
     0.469957934698E-004     0.400000000000E+001    -0.468285377427E-013    -0.382384029218E+003     0.336842933831E-001
     0.508155383889E-004     0.400000000000E+001    -0.448085714956E-013    -0.365889753085E+003     0.350818989084E-001
     0.548644677845E-004     0.400000000000E+001    -0.429876691022E-013    -0.351020956672E+003     0.365031579784E-001
     0.591563327122E-004     0.400000000000E+001    -0.412972113238E-013    -0.337217321374E+003     0.379504491730E-001
     0.637057092900E-004     0.400000000000E+001    -0.396925936628E-013    -0.324114623828E+003     0.394249686511E-001
     0.685280482021E-004     0.400000000000E+001    -0.381512336356E-013    -0.311528464061E+003     0.409272644856E-001
     0.736397271730E-004     0.400000000000E+001    -0.366673395018E-013    -0.299411548924E+003     0.424577602039E-001
     0.790581065897E-004     0.400000000000E+001    -0.352452282420E-013    -0.287799129239E+003     0.440171650819E-001
     0.848015884613E-004     0.400000000000E+001    -0.338927529954E-013    -0.276755330753E+003     0.456067043070E-001
     0.908896789166E-004     0.400000000000E+001    -0.326160747136E-013    -0.266330461455E+003     0.472281482473E-001
     0.973430544509E-004     0.400000000000E+001    -0.314165598929E-013    -0.256535679633E+003     0.488836693259E-001
     0.104183632148E-003     0.400000000000E+001    -0.302900061587E-013    -0.247336670294E+003     0.505755950364E-001
     0.111434644115E-003     0.400000000000E+001    -0.292278110649E-013    -0.238663189136E+003     0.523061446770E-001
     0.119120716386E-003     0.400000000000E+001    -0.282192894672E-013    -0.230427985333E+003     0.540772308254E-001
     0.127267952553E-003     0.400000000000E+001    -0.272542273968E-013    -0.222547655502E+003     0.558903791332E-001
     0.135904022424E-003     0.400000000000E+001    -0.263249140383E-013    -0.214959236056E+003     0.577467821152E-001
     0.145058255993E-003     0.400000000000E+001    -0.254271979172E-013    -0.207628827634E+003     0.596474648990E-001
     0.154761743052E-003     0.400000000000E+001    -0.245604422751E-013    -0.200551230707E+003     0.615935111709E-001
     0.165047438780E-003     0.400000000000E+001    -0.237265347967E-013    -0.193741859393E+003     0.635862809863E-001
     0.175950275662E-003     0.400000000000E+001    -0.229283132312E-013    -0.187223885672E+003     0.656275524723E-001
     0.187507282134E-003     0.400000000000E+001    -0.221678854569E-013    -0.181014521675E+003     0.677195384708E-001
     0.199757708333E-003     0.400000000000E+001    -0.214453241656E-013    -0.175114360978E+003     0.698647640263E-001
     0.212743159403E-003     0.400000000000E+001    -0.207580862530E-013    -0.169502637556E+003     0.720658322325E-001
     0.226507736794E-003     0.400000000000E+001    -0.201012741377E-013    -0.164139359623E+003     0.743251411509E-001
     0.241098188040E-003     0.400000000000E+001    -0.194686003887E-013    -0.158973186409E+003     0.766446316768E-001
     0.256564065527E-003     0.400000000000E+001    -0.188537292566E-013    -0.153952382595E+003     0.790256403647E-001
     0.272957894778E-003     0.400000000000E+001    -0.182516006208E-013    -0.149035629159E+003     0.814689050215E-001
     0.290335352846E-003     0.400000000000E+001    -0.176593889071E-013    -0.144199853536E+003     0.839747319297E-001
     0.308755457403E-003     0.400000000000E+001    -0.170768738790E-013    -0.139443257361E+003     0.865432913101E-001
     0.328280767180E-003     0.400000000000E+001    -0.165061617823E-013    -0.134783039435E+003     0.891749719078E-001
     0.348977594427E-003     0.400000000000E+001    -0.159508621190E-013    -0.130248673578E+003     0.918707062039E-001
     0.370916230124E-003     0.400000000000E+001    -0.154149652838E-013    -0.125872743835E+003     0.946321824751E-001
     0.394171182707E-003     0.400000000000E+001    -0.149017435762E-013    -0.121681970561E+003     0.974618909308E-001
     0.418821431115E-003     0.400000000000E+001    -0.144130433143E-013    -0.117691430087E+003     0.100363013918E+000
     0.444950693017E-003     0.400000000000E+001    -0.139493877360E-013    -0.113905394974E+003     0.103339277815E+000
     0.472647709137E-003     0.400000000000E+001    -0.135083296661E-013    -0.110303882520E+003     0.106394366227E+000
     0.502006544641E-003     0.400000000000E+001    -0.130871527675E-013    -0.106864712149E+003     0.109531789733E+000
     0.533126908594E-003     0.400000000000E+001    -0.126829679906E-013    -0.103564292982E+003     0.112754748223E+000
     0.566114492604E-003     0.400000000000E+001    -0.122932876482E-013    -0.100382311510E+003     0.116066118157E+000
     0.601081329767E-003     0.400000000000E+001    -0.119163831559E-013    -0.973046527715E+002     0.119468554105E+000
     0.638146175159E-003     0.400000000000E+001    -0.115513370739E-013    -0.943238253014E+002     0.122964652107E+000
     0.677434909153E-003     0.400000000000E+001    -0.111978476194E-013    -0.914373648564E+002     0.126557110412E+000
     0.719080964939E-003     0.400000000000E+001    -0.108559171027E-013    -0.886452903012E+002     0.130248837117E+000
     0.763225781689E-003     0.400000000000E+001    -0.105255638056E-013    -0.859477509183E+002     0.134042984831E+000
     0.810019284919E-003     0.400000000000E+001    -0.102066490940E-013    -0.833436146741E+002     0.137942924534E+000
     0.859620395664E-003     0.400000000000E+001    -0.989883887713E-014    -0.808301535106E+002     0.141952189930E+000
     0.912197570216E-003     0.400000000000E+001    -0.960165880204E-014    -0.784034940419E+002     0.146074424121E+000
     0.967929372233E-003     0.400000000000E+001    -0.931458014923E-014    -0.760593189458E+002     0.150313347026E+000
     0.102700507918E-002     0.400000000000E+001    -0.903708770198E-014    -0.737934211584E+002     0.154672745550E+000
     0.108962532517E-002     0.400000000000E+001    -0.876871193797E-014    -0.716019667391E+002     0.159156478320E+000
     0.115600278233E-002     0.400000000000E+001    -0.850903308429E-014    -0.694815279819E+002     0.163768485467E+000
     0.122636288312E-002     0.400000000000E+001    -0.825767298587E-014    -0.674290170163E+002     0.168512797900E+000
     0.130094458593E-002     0.400000000000E+001    -0.801428596796E-014    -0.654416111939E+002     0.173393544698E+000
     0.138000118665E-002     0.400000000000E+001    -0.777855211338E-014    -0.635166981925E+002     0.178414958946E+000
     0.146380117888E-002     0.400000000000E+001    -0.755017315409E-014    -0.616518424688E+002     0.183581382866E+000
     0.155262916586E-002     0.400000000000E+001    -0.732887744172E-014    -0.598448258455E+002     0.188897278277E+000
     0.164678682697E-002     0.400000000000E+001    -0.711455903258E-014    -0.580947832268E+002     0.194367347188E+000
     0.174659394236E-002     0.400000000000E+001    -0.690676538718E-014    -0.563980193472E+002     0.199996270813E+000
     0.185238947896E-002     0.400000000000E+001    -0.670522201376E-014    -0.547522928115E+002     0.205788819011E+000
     0.196453274170E-002     0.400000000000E+001    -0.650970274884E-014    -0.531557568547E+002     0.211749879018E+000
     0.208340459379E-002     0.400000000000E+001    -0.632000212230E-014    -0.516067336860E+002     0.217884467032E+000
     0.220940875020E-002     0.400000000000E+001    -0.613593208846E-014    -0.501036877958E+002     0.224197739946E+000
     0.234297314879E-002     0.400000000000E+001    -0.595731969340E-014    -0.486452069082E+002     0.230695007750E+000
     0.248455140365E-002     0.400000000000E+001    -0.578400400608E-014    -0.472299769216E+002     0.237381745460E+000
     0.263462434571E-002     0.400000000000E+001    -0.561583260995E-014    -0.458567532603E+002     0.244263603335E+000
     0.279370165569E-002     0.400000000000E+001    -0.545265833725E-014    -0.445243342084E+002     0.251346414650E+000
     0.296232359518E-002     0.400000000000E+001    -0.529433669366E-014    -0.432315398803E+002     0.258636200751E+000
     0.314106284138E-002     0.400000000000E+001    -0.514072467166E-014    -0.419772025309E+002     0.266139174289E+000
     0.333052643213E-002     0.400000000000E+001    -0.499168088466E-014    -0.407601676511E+002     0.273861742012E+000
     0.353135782749E-002     0.400000000000E+001    -0.484706650515E-014    -0.395793016282E+002     0.281810508385E+000
     0.374423909507E-002     0.400000000000E+001    -0.470674620404E-014    -0.384334994164E+002     0.289992280459E+000
     0.396989322653E-002     0.400000000000E+001    -0.457058856344E-014    -0.373216879072E+002     0.298414073528E+000
     0.420908659296E-002     0.400000000000E+001    -0.443846604024E-014    -0.362428256321E+002     0.307083117000E+000
     0.446263154769E-002     0.400000000000E+001    -0.431023934251E-014    -0.351957751860E+002     0.316006828226E+000
     0.473138918520E-002     0.400000000000E+001    -0.418580257928E-014    -0.341796719037E+002     0.325192876098E+000
     0.501627226558E-002     0.400000000000E+001    -0.406507041053E-014    -0.331938189310E+002     0.334649233485E+000
     0.531824831448E-002     0.400000000000E+001    -0.394787235938E-014    -0.322368242185E+002     0.344383982291E+000
     0.563834290904E-002     0.400000000000E+001    -0.383410669940E-014    -0.313078571068E+002     0.354405458118E+000
     0.597764316095E-002     0.400000000000E+001    -0.372365648546E-014    -0.304059626666E+002     0.364722208911E+000
     0.633730140856E-002     0.400000000000E+001    -0.361648309907E-014    -0.295308255538E+002     0.375343213880E+000
     0.671853913045E-002     0.400000000000E+001    -0.351225864884E-014    -0.286797683323E+002     0.386277023423E+000
     0.712265109384E-002     0.400000000000E+001    -0.341086905849E-014    -0.278518594983E+002     0.397532293049E+000
     0.755100975191E-002     0.400000000000E+001    -0.331196147976E-014    -0.270442178272E+002     0.409116917906E+000
     0.800506990496E-002     0.400000000000E+001    -0.321515462421E-014    -0.262537298628E+002     0.421037690506E+000
     0.848637364120E-002     0.400000000000E+001    -0.311989712194E-014    -0.254758933278E+002     0.433299333148E+000
     0.899655557408E-002     0.400000000000E+001    -0.302537698258E-014    -0.247040778181E+002     0.445902907320E+000
     0.953734839373E-002     0.400000000000E+001    -0.293064341103E-014    -0.239305195022E+002     0.458844360437E+000
     0.101105887516E-001     0.400000000000E+001    -0.283418230933E-014    -0.231428548321E+002     0.472110778824E+000
     0.107182234982E-001     0.400000000000E+001    -0.273403820217E-014    -0.223251161402E+002     0.485676295112E+000
     0.113623162948E-001     0.400000000000E+001    -0.262739134537E-014    -0.214542784679E+002     0.499494841329E+000
     0.120450546223E-001     0.400000000000E+001    -0.251207206543E-014    -0.205126250865E+002     0.513499596674E+000
     0.127687572104E-001     0.400000000000E+001    -0.238409537218E-014    -0.194676160819E+002     0.527588360816E+000
     0.135358819124E-001     0.400000000000E+001    -0.224023560379E-014    -0.182929119265E+002     0.541621305427E+000
     0.143490340526E-001     0.400000000000E+001    -0.207674646838E-014    -0.169579218255E+002     0.555410675853E+000
     0.152109752747E-001     0.400000000000E+001    -0.188950152799E-014    -0.154289508559E+002     0.568709524609E+000
     0.161246329208E-001     0.400000000000E+001    -0.167675899657E-014    -0.136917762553E+002     0.581219120674E+000
     0.170931099734E-001     0.400000000000E+001    -0.143849814593E-014    -0.117462287651E+002     0.592595073687E+000
     0.181196955938E-001     0.400000000000E+001    -0.117997643691E-014    -0.963523881112E+001     0.602486471299E+000
     0.192078762926E-001     0.400000000000E+001    -0.915742956523E-015    -0.747760870449E+001     0.610623460764E+000
     0.203613477710E-001     0.400000000000E+001    -0.671886681308E-015    -0.548637110533E+001     0.616951833355E+000
     0.215840274722E-001     0.400000000000E+001    -0.481338821841E-015    -0.393042975474E+001     0.621757490033E+000
     0.228800678855E-001     0.400000000000E+001    -0.361402816722E-015    -0.295107795140E+001     0.625582206321E+000
     0.242538706494E-001     0.400000000000E+001    -0.302580099985E-015    -0.247075401819E+001     0.628976535020E+000
     0.257101015006E-001     0.400000000000E+001    -0.282830536996E-015    -0.230948659804E+001     0.632339680654E+000
     0.272537061195E-001     0.400000000000E+001    -0.281904077141E-015    -0.230192147922E+001     0.635892937282E+000
     0.288899269272E-001     0.400000000000E+001    -0.293742483390E-015    -0.239858940222E+001     0.639817559171E+000
     0.306243208897E-001     0.400000000000E+001    -0.309091368820E-015    -0.252392256310E+001     0.644195035226E+000
     0.324627783907E-001     0.400000000000E+001    -0.325993740810E-015    -0.266194090441E+001     0.649088900449E+000
     0.344115432366E-001     0.400000000000E+001    -0.341443994805E-015    -0.278810180243E+001     0.654522255229E+000
     0.364772338618E-001     0.400000000000E+001    -0.353641584834E-015    -0.288770268359E+001     0.660487355590E+000
     0.386668658063E-001     0.400000000000E+001    -0.363706505071E-015    -0.296988899431E+001     0.666990319404E+000
     0.409878755421E-001     0.400000000000E+001    -0.371948443984E-015    -0.303718953288E+001     0.674039665879E+000
     0.434481457293E-001     0.400000000000E+001    -0.378968311840E-015    -0.309451110397E+001     0.681652999292E+000
     0.460560319869E-001     0.400000000000E+001    -0.385641727911E-015    -0.314900368154E+001     0.689865242718E+000
     0.488203912708E-001     0.400000000000E+001    -0.391000746757E-015    -0.319276339128E+001     0.698691187840E+000
     0.517506119535E-001     0.400000000000E+001    -0.394136804404E-015    -0.321837124531E+001     0.708121725828E+000
     0.548566457095E-001     0.400000000000E+001    -0.394111793749E-015    -0.321816701782E+001     0.718117461218E+000
     0.581490413132E-001     0.400000000000E+001    -0.391850636973E-015    -0.319970327155E+001     0.728652150202E+000
     0.616389804647E-001     0.400000000000E+001    -0.385725495253E-015    -0.314968769380E+001     0.739644368600E+000
     0.653383157655E-001     0.400000000000E+001    -0.375726478584E-015    -0.306803952655E+001     0.750994075525E+000
     0.692596109728E-001     0.400000000000E+001    -0.361489665594E-015    -0.295178712626E+001     0.762568904236E+000
     0.734161836681E-001     0.400000000000E+001    -0.344688454442E-015    -0.281459482589E+001     0.774267972237E+000
     0.778221504872E-001     0.400000000000E+001    -0.326797467205E-015    -0.266850382847E+001     0.786025311562E+000
     0.824924750635E-001     0.400000000000E+001    -0.309797559173E-015    -0.252968904494E+001     0.797839780479E+000
     0.874430188470E-001     0.400000000000E+001    -0.297381499556E-015    -0.242830422423E+001     0.809861206861E+000
     0.926905949743E-001     0.400000000000E+001    -0.291390738684E-015    -0.237938594938E+001     0.822347215767E+000
     0.982530253690E-001     0.400000000000E+001    -0.291468072234E-015    -0.238001742574E+001     0.835585897035E+000
     0.104149201269E+000     0.400000000000E+001    -0.295284670496E-015    -0.241118231560E+001     0.849802652095E+000
     0.110399147386E+000     0.400000000000E+001    -0.300589348456E-015    -0.245449829833E+001     0.865143134203E+000
     0.117024089912E+000     0.400000000000E+001    -0.305811743115E-015    -0.249714238691E+001     0.881686558996E+000
     0.124046528610E+000     0.400000000000E+001    -0.309432406592E-015    -0.252670734785E+001     0.899430206455E+000
     0.131490313229E+000     0.400000000000E+001    -0.309914148432E-015    -0.253064106849E+001     0.918267753516E+000
     0.139380724499E+000     0.400000000000E+001    -0.306989266564E-015    -0.250675759556E+001     0.938047101899E+000
     0.147744559993E+000     0.400000000000E+001    -0.301254262438E-015    -0.245992773302E+001     0.958621532786E+000
     0.156610225139E+000     0.400000000000E+001    -0.293056288119E-015    -0.239298619261E+001     0.979836947068E+000
     0.166007829686E+000     0.400000000000E+001    -0.282454914231E-015    -0.230641940539E+001     0.100151176456E+001
     0.175969289968E+000     0.400000000000E+001    -0.270374477388E-015    -0.220777515261E+001     0.102350442905E+001
     0.185969289968E+000     0.400000000000E+001    -0.260756110894E-015    -0.212923522991E+001     0.104479678135E+001
     0.195969289968E+000     0.400000000000E+001    -0.256607431028E-015    -0.209535868797E+001     0.106575036823E+001
     0.205969289968E+000     0.400000000000E+001    -0.258203255791E-015    -0.210838958605E+001     0.108683426409E+001
     0.215969289968E+000     0.400000000000E+001    -0.261973311139E-015    -0.213917442418E+001     0.110822600833E+001
     0.225969289968E+000     0.400000000000E+001    -0.264285428215E-015    -0.215805429287E+001     0.112980655126E+001
     0.235969289968E+000     0.400000000000E+001    -0.264068949307E-015    -0.215628660844E+001     0.115136941735E+001
     0.245969289968E+000     0.400000000000E+001    -0.261589553830E-015    -0.213604080794E+001     0.117272982543E+001
     0.255969289968E+000     0.400000000000E+001    -0.257889969896E-015    -0.210583141258E+001     0.119378813955E+001
     0.265969289968E+000     0.400000000000E+001    -0.254302804041E-015    -0.207653998049E+001     0.121455353936E+001
     0.275969289968E+000     0.400000000000E+001    -0.251889016575E-015    -0.205682991006E+001     0.123512183846E+001
     0.285969289968E+000     0.400000000000E+001    -0.251129605069E-015    -0.205062884453E+001     0.125562812690E+001
     0.295969289968E+000     0.400000000000E+001    -0.252048923483E-015    -0.205813564906E+001     0.127620948339E+001
     0.305969289968E+000     0.400000000000E+001    -0.253001910402E-015    -0.206591737779E+001     0.129686865717E+001
     0.315969289968E+000     0.400000000000E+001    -0.253877281539E-015    -0.207306532558E+001     0.131759931043E+001
     0.325969289968E+000     0.400000000000E+001    -0.253781553904E-015    -0.207228365012E+001     0.133832214693E+001
     0.335969289968E+000     0.400000000000E+001    -0.252331731697E-015    -0.206044495337E+001     0.135892659646E+001
     0.345969289968E+000     0.400000000000E+001    -0.249657045822E-015    -0.203860448576E+001     0.137931264132E+001
     0.355969289968E+000     0.400000000000E+001    -0.246404751335E-015    -0.201204748591E+001     0.139943311618E+001
     0.365969289968E+000     0.400000000000E+001    -0.243744992438E-015    -0.199032890633E+001     0.141933640524E+001
     0.375969289968E+000     0.400000000000E+001    -0.242019260765E-015    -0.197623723782E+001     0.143909877762E+001
     0.385969289968E+000     0.400000000000E+001    -0.241628505214E-015    -0.197304647660E+001     0.145882924239E+001
     0.395969289968E+000     0.400000000000E+001    -0.242282582753E-015    -0.197838742503E+001     0.147861311664E+001
     0.405969289968E+000     0.400000000000E+001    -0.242654077641E-015    -0.198142091099E+001     0.149842732575E+001
     0.415969289968E+000     0.400000000000E+001    -0.242292705636E-015    -0.197847008464E+001     0.151821202659E+001
     0.425969289968E+000     0.400000000000E+001    -0.241633987130E-015    -0.197309123984E+001     0.153794293899E+001
     0.435969289968E+000     0.400000000000E+001    -0.240471521983E-015    -0.196359899157E+001     0.155757892891E+001
     0.445969289968E+000     0.400000000000E+001    -0.238861592617E-015    -0.195045292066E+001     0.157708345811E+001
     0.455969289968E+000     0.400000000000E+001    -0.236940927077E-015    -0.193476949633E+001     0.159643115308E+001
     0.465969289968E+000     0.400000000000E+001    -0.234838843178E-015    -0.191760467869E+001     0.161560719986E+001
     0.475969289968E+000     0.400000000000E+001    -0.232777173962E-015    -0.190076987197E+001     0.163461489858E+001
     0.485969289968E+000     0.400000000000E+001    -0.231079175171E-015    -0.188690465963E+001     0.165348394518E+001
     0.495969289968E+000     0.400000000000E+001    -0.230110868081E-015    -0.187899783220E+001     0.167227392350E+001
     0.505969289968E+000     0.400000000000E+001    -0.230317694319E-015    -0.188068669660E+001     0.169108079047E+001
     0.515969289968E+000     0.400000000000E+001    -0.230707538538E-015    -0.188387001623E+001     0.170991949063E+001
     0.525969289968E+000     0.400000000000E+001    -0.231453669833E-015    -0.188996264061E+001     0.172881911704E+001
     0.535969289968E+000     0.400000000000E+001    -0.232357211751E-015    -0.189734062028E+001     0.174779252324E+001
     0.545969289968E+000     0.400000000000E+001    -0.233128655612E-015    -0.190363993744E+001     0.176682892261E+001
     0.555969289968E+000     0.400000000000E+001    -0.233618813741E-015    -0.190764238230E+001     0.178590534644E+001
     0.565969289968E+000     0.400000000000E+001    -0.233300601946E-015    -0.190504398581E+001     0.180495578630E+001
     0.575969289968E+000     0.400000000000E+001    -0.232720429012E-015    -0.190030651428E+001     0.182395885144E+001
     0.585969289968E+000     0.400000000000E+001    -0.231051513423E-015    -0.188667878431E+001     0.184282563928E+001
     0.595969289968E+000     0.400000000000E+001    -0.229263695102E-015    -0.187208013986E+001     0.186154644068E+001
     0.605969289968E+000     0.400000000000E+001    -0.227421970295E-015    -0.185704131553E+001     0.188011685384E+001
     0.615969289968E+000     0.400000000000E+001    -0.225494016801E-015    -0.184129838055E+001     0.189852983764E+001
     0.625969289968E+000     0.400000000000E+001    -0.223763825190E-015    -0.182717029389E+001     0.191680154058E+001
     0.635969289968E+000     0.400000000000E+001    -0.222417420956E-015    -0.181617606898E+001     0.193496330127E+001
     0.645969289968E+000     0.400000000000E+001    -0.221579018727E-015    -0.180932999524E+001     0.195305660122E+001
     0.655969289968E+000     0.400000000000E+001    -0.221548577818E-015    -0.180908142635E+001     0.197114741549E+001
     0.665969289968E+000     0.400000000000E+001    -0.221579543182E-015    -0.180933427774E+001     0.198924075826E+001
     0.675969289968E+000     0.400000000000E+001    -0.222327946381E-015    -0.181544545363E+001     0.200739521280E+001
     0.685969289968E+000     0.400000000000E+001    -0.223109587059E-015    -0.182182803413E+001     0.202561349314E+001
     0.695969289968E+000     0.400000000000E+001    -0.224024805536E-015    -0.182930136013E+001     0.204390650674E+001
     0.705969289968E+000     0.400000000000E+001    -0.224747765922E-015    -0.183520477968E+001     0.206225855454E+001
     0.715969289968E+000     0.400000000000E+001    -0.225303238884E-015    -0.183974056063E+001     0.208065596014E+001
     0.725969289968E+000     0.400000000000E+001    -0.225438596783E-015    -0.184084584176E+001     0.209906441856E+001
     0.735969289968E+000     0.400000000000E+001    -0.225429623750E-015    -0.184077257138E+001     0.211747214428E+001
     0.745969289968E+000     0.400000000000E+001    -0.225379090037E-015    -0.184035993230E+001     0.213587574360E+001
     0.755969289968E+000     0.400000000000E+001    -0.225064199928E-015    -0.183778865943E+001     0.215425363019E+001
