 #        time                      h  [L]            Darcian flow [L.T^{-1}]   in    x         z              directions   cumulative flux
 #-----------------------------------------------------------------------------------------------

     0.100000000000E-005    -0.278499999994E+003    -0.625924380500E-009    -0.470429710926E-008     0.474575522149E-014
     0.205999994278E-005    -0.278499999960E+003    -0.435561441859E-008    -0.327807251726E-007     0.397987099597E-013
     0.318359982147E-005    -0.278499999838E+003    -0.177052489908E-007    -0.133446556893E-006     0.191053197561E-012
     0.437461562859E-005    -0.278499999497E+003    -0.549134243893E-007    -0.414522894781E-006     0.689069752336E-012
     0.563709231599E-005    -0.278499998679E+003    -0.143912649738E-006    -0.108808078142E-005     0.207470945774E-011
     0.697531753239E-005    -0.278499996910E+003    -0.335737860205E-006    -0.254263281381E-005     0.550685970017E-011
     0.839383618521E-005    -0.278499993364E+003    -0.719033795429E-006    -0.545486229009E-005     0.133116174179E-010
     0.989746587602E-005    -0.278499986650E+003    -0.144203817916E-005    -0.109595849046E-004     0.299328120723E-010
     0.114913132622E-004    -0.278499974501E+003    -0.274541858992E-005    -0.209046431700E-004     0.635377312576E-010
     0.131807914004E-004    -0.278499953304E+003    -0.501071718197E-005    -0.382285680645E-004     0.128676495942E-009
     0.149716381303E-004    -0.278499917408E+003    -0.883103164273E-005    -0.675141627991E-004     0.250613950468E-009
     0.168699355614E-004    -0.278499858124E+003    -0.151130683897E-004    -0.115791972979E-003     0.472285887228E-009
     0.188821307298E-004    -0.278499762275E+003    -0.252229954022E-004    -0.193695427292E-003     0.865329561825E-009
     0.210150574931E-004    -0.278499610124E+003    -0.411927303486E-004    -0.317105915016E-003     0.154737605144E-008
     0.232759597402E-004    -0.278499372445E+003    -0.660085465140E-004    -0.509472892347E-003     0.270887209880E-008
     0.256725159928E-004    -0.278499006405E+003    -0.104010196919E-003    -0.805052791921E-003     0.465426195826E-008
     0.282128654833E-004    -0.278498449861E+003    -0.161436154779E-003    -0.125338232193E-002     0.786459326240E-008
     0.309056357980E-004    -0.278497613516E+003    -0.247158955920E-003    -0.192538772383E-002     0.130917629283E-007
     0.337599721774E-004    -0.278496370278E+003    -0.373663902333E-003    -0.292163262948E-002     0.214990128921E-007
     0.367855685763E-004    -0.278494540952E+003    -0.558334360785E-003    -0.438332417484E-002     0.348683383988E-007
     0.399927005860E-004    -0.278491875243E+003    -0.825117248823E-003    -0.650683043636E-002     0.559037167246E-007
     0.433922603327E-004    -0.278488026769E+003    -0.120665239655E-002    -0.956261114345E-002     0.886701722365E-007
     0.469957934698E-004    -0.278482520572E+003    -0.174695816166E-002    -0.139196243038E-001     0.139223491648E-006
     0.508155383889E-004    -0.278474711309E+003    -0.250477109522E-002    -0.200764357740E-001     0.216504884973E-006
     0.548644677845E-004    -0.278463730019E+003    -0.355763697200E-002    -0.287004131887E-001     0.333600209966E-006
     0.591563327122E-004    -0.278448417144E+003    -0.500684072211E-002    -0.406765102851E-001     0.509495838989E-006
     0.637057092900E-004    -0.278427239230E+003    -0.698323989582E-002    -0.571672179703E-001     0.771504245238E-006
     0.685280482021E-004    -0.278398186677E+003    -0.965402649718E-002    -0.796852484289E-001     0.115858336116E-005
     0.736397271730E-004    -0.278358649942E+003    -0.132303823520E-001    -0.110180406140E+000     0.172583614230E-005
     0.790581065897E-004    -0.278305271886E+003    -0.179759119628E-001    -0.151141873104E+000     0.255055192309E-005
     0.848015884613E-004    -0.278233774427E+003    -0.242156333852E-001    -0.205716796708E+000     0.374024036740E-005
     0.908896789166E-004    -0.278138758549E+003    -0.323451806288E-001    -0.277845628417E+000     0.544321327818E-005
     0.973430544509E-004    -0.278013477875E+003    -0.428397149859E-001    -0.372414123766E+000     0.786239019793E-005
     0.104183632148E-003    -0.277849587853E+003    -0.562618442487E-001    -0.495421250467E+000     0.112731409989E-004
     0.111434644115E-003    -0.277636875074E+003    -0.732675853934E-001    -0.654161376940E+000     0.160461316535E-004
     0.119120716386E-003    -0.277362974861E+003    -0.946090489408E-001    -0.857417880992E+000     0.226763048162E-004
     0.127267952553E-003    -0.277013090121E+003    -0.121132044305E+000    -0.111566353884E+001     0.318192975511E-004
     0.135904022424E-003    -0.276569730752E+003    -0.153766189692E+000    -0.144126053671E+001     0.443367616583E-004
     0.145058255993E-003    -0.276012500487E+003    -0.193504367325E+000    -0.184864952702E+001     0.613521870288E-004
     0.154761743052E-003    -0.275317966264E+003    -0.241367549768E+000    -0.235451268939E+001     0.843189045947E-004
     0.165047438780E-003    -0.274459653005E+003    -0.298350270461E+000    -0.297789010333E+001     0.115101918463E-003
     0.175950275662E-003    -0.273408212220E+003    -0.365341583150E+000    -0.374022169096E+001     0.156075024288E-003
     0.187507282134E-003    -0.272131814021E+003    -0.443016678163E+000    -0.466527827700E+001     0.210234226039E-003
     0.199757708333E-003    -0.270596806410E+003    -0.531695975637E+000    -0.577893468823E+001     0.281327647753E-003
     0.212743159403E-003    -0.268768671150E+003    -0.631172115892E+000    -0.710872526273E+001     0.374000794685E-003
     0.226507736794E-003    -0.266613281171E+003    -0.740511266532E+000    -0.868310836897E+001     0.493953955724E-003
     0.241098188040E-003    -0.264098431270E+003    -0.857843579579E+000    -0.105303538423E+002     0.648105541292E-003
     0.256564065527E-003    -0.261195574658E+003    -0.980167803222E+000    -0.126769608179E+002     0.844751035026E-003
     0.272957894778E-003    -0.257881656926E+003    -0.110320556022E+001    -0.151455228401E+002     0.109370196589E-002
     0.290335352846E-003    -0.254140901143E+003    -0.122134959855E+001    -0.179519969240E+002     0.140638318334E-002
     0.308755457403E-003    -0.249966368365E+003    -0.132775505872E+001    -0.211024207278E+002     0.179586064359E-002
     0.328280767180E-003    -0.245361104368E+003    -0.141462119786E+001    -0.245892697020E+002     0.227676761136E-002
     0.348977594427E-003    -0.240338696660E+003    -0.147370080900E+001    -0.283878487078E+002     0.286509717800E-002
     0.370916230124E-003    -0.234923118318E+003    -0.149705291663E+001    -0.324533329389E+002     0.357783614484E-002
     0.394171182707E-003    -0.229147832668E+003    -0.147801697834E+001    -0.367192370602E+002     0.443243173398E-002
     0.418821431115E-003    -0.223054264782E+003    -0.141232842093E+001    -0.410981025292E+002     0.544610818637E-002
     0.444950693017E-003    -0.216689878596E+003    -0.129921970839E+001    -0.454849698563E+002     0.663508161301E-002
     0.472647709137E-003    -0.210106152783E+003    -0.114227340810E+001    -0.497637788339E+002     0.801375285273E-002
     0.502006544641E-003    -0.203356756938E+003    -0.949732437371E+000    -0.538161940654E+002     0.959397965839E-002
     0.533126908594E-003    -0.196496122841E+003    -0.734004930242E+000    -0.575317185680E+002     0.113845333885E-001
     0.566114492604E-003    -0.189578410544E+003    -0.510254757915E+000    -0.608175503195E+002     0.133908280476E-001
     0.601081329767E-003    -0.182656683182E+003    -0.294228190923E+000    -0.636065574953E+002     0.156149719813E-001
     0.638146175159E-003    -0.175782013797E+003    -0.997613540287E-001    -0.658620198479E+002     0.180561403646E-001
     0.677434909153E-003    -0.169002303210E+003     0.633855479416E-001    -0.675783501414E+002     0.207112093550E-001
     0.719080964939E-003    -0.162360776691E+003     0.190737897624E+000    -0.687777711775E+002     0.235755432649E-001
     0.763225781689E-003    -0.155894364675E+003     0.283011139688E+000    -0.695037506558E+002     0.266437990369E-001
     0.810019284919E-003    -0.149632340645E+003     0.344817780877E+000    -0.698126951072E+002     0.299106194581E-001
     0.859620395664E-003    -0.143595596742E+003     0.382714259578E+000    -0.697657260665E+002     0.333711290303E-001
     0.912197570216E-003    -0.137796773418E+003     0.403310797203E+000    -0.694221248996E+002     0.370212098039E-001
     0.967929372233E-003    -0.132241199931E+003     0.412018529281E+000    -0.688352946545E+002     0.408575935386E-001
     0.102700507918E-002    -0.126928370385E+003     0.412628648514E+000    -0.680511781465E+002     0.448778388986E-001
     0.108962532517E-002    -0.121853575860E+003     0.407537482284E+000    -0.671084061885E+002     0.490802612906E-001
     0.115600278233E-002    -0.117009363421E+003     0.398245468534E+000    -0.660392610795E+002     0.534638592190E-001
     0.122636288312E-002    -0.112386644976E+003     0.385808198578E+000    -0.648707613731E+002     0.580282532487E-001
     0.130094458593E-002    -0.107975443921E+003     0.371096996198E+000    -0.636255487955E+002     0.627736357331E-001
     0.138000118665E-002    -0.103765372936E+003     0.354888383038E+000    -0.623225505960E+002     0.677007246120E-001
     0.146380117888E-002    -0.997459593199E+002     0.337866552027E+000    -0.609775100005E+002     0.728107179154E-001
     0.155262916586E-002    -0.959068997441E+002     0.320605510038E+000    -0.596034631857E+002     0.781052501595E-001
     0.164678682697E-002    -0.922382976112E+002     0.303562647391E+000    -0.582111490496E+002     0.835863503315E-001
     0.174659394236E-002    -0.887307460680E+002     0.287026843929E+000    -0.568095519941E+002     0.892564202114E-001
     0.185238947896E-002    -0.853754204310E+002     0.271158187095E+000    -0.554062007990E+002     0.951182191535E-001
     0.196453274170E-002    -0.821641237104E+002     0.256006108026E+000    -0.540073833855E+002     0.101174851382E+000
     0.208340459379E-002    -0.790892611689E+002     0.241540127770E+000    -0.526183450770E+002     0.107429757416E+000
     0.220940875020E-002    -0.761437747316E+002     0.227698074739E+000    -0.512434428676E+002     0.113886707949E+000
     0.234297314879E-002    -0.733210691595E+002     0.214421401792E+000    -0.498862562550E+002     0.120549797312E+000
     0.248455140365E-002    -0.706149441870E+002     0.201672658717E+000    -0.485496807178E+002     0.127423435684E+000
     0.263462434571E-002    -0.680195409776E+002     0.189437114026E+000    -0.472360149798E+002     0.134512340430E+000
     0.279370165569E-002    -0.655293071929E+002     0.177715275199E+000    -0.459470442844E+002     0.141821527309E+000
     0.296232359518E-002    -0.631389795716E+002     0.166514635024E+000    -0.446841187375E+002     0.149356302391E+000
     0.314106284138E-002    -0.608435772539E+002     0.155844338358E+000    -0.434482246881E+002     0.157122255278E+000
     0.333052643213E-002    -0.586398838920E+002     0.145659274805E+000    -0.422385525224E+002     0.165124970691E+000
     0.353135782749E-002    -0.565210086695E+002     0.134628018876E+000    -0.410582361190E+002     0.173370797869E+000
     0.374423909507E-002    -0.544813909722E+002     0.126291798887E+000    -0.399084961216E+002     0.181866611650E+000
     0.396989322653E-002    -0.525206856750E+002     0.118167914319E+000    -0.387851770090E+002     0.190618687702E+000
     0.420908659296E-002    -0.506344251825E+002     0.110340283897E+000    -0.376901317584E+002     0.199633955831E+000
     0.446263154769E-002    -0.488188280965E+002     0.102995201847E+000    -0.366232986506E+002     0.208919645150E+000
     0.473138918520E-002    -0.470701839037E+002     0.960766327601E-001    -0.355842708993E+002     0.218483224587E+000
     0.501627226558E-002    -0.453853642929E+002     0.896411375284E-001    -0.345725853637E+002     0.228332402309E+000
     0.531824831448E-002    -0.437611043706E+002     0.836147637116E-001    -0.335875882469E+002     0.238475080929E+000
     0.563834290904E-002    -0.421938948431E+002     0.780554069419E-001    -0.326285193708E+002     0.248919323493E+000
     0.597764316095E-002    -0.406805856595E+002     0.728554827964E-001    -0.316941317636E+002     0.259673178797E+000
     0.633730140856E-002    -0.392189939718E+002     0.678819452994E-001    -0.307820489891E+002     0.270744223514E+000
     0.671853913045E-002    -0.378004280903E+002     0.622112810894E-001    -0.298922991501E+002     0.282140320224E+000
     0.712265109384E-002    -0.364183739660E+002     0.586887620420E-001    -0.290205402838E+002     0.293867891718E+000
     0.755100975191E-002    -0.350683417569E+002     0.548667181912E-001    -0.281611937239E+002     0.305931005766E+000
     0.800506990496E-002    -0.337375668885E+002     0.512243563899E-001    -0.273086377170E+002     0.318330791802E+000
     0.848637364120E-002    -0.324115466433E+002     0.477548896233E-001    -0.264538301049E+002     0.331063139815E+000
     0.899655557408E-002    -0.310715211082E+002     0.444422972642E-001    -0.255848095720E+002     0.344116067108E+000
     0.953734839373E-002    -0.296950966362E+002     0.415591885032E-001    -0.246862549490E+002     0.357466235446E+000
     0.101105887516E-001    -0.282507325973E+002     0.383864834311E-001    -0.237389715614E+002     0.371074389791E+000
     0.107182234982E-001    -0.267089805794E+002     0.359376957236E-001    -0.227203670094E+002     0.384880091511E+000
     0.113623162948E-001    -0.250252834283E+002     0.328301422368E-001    -0.216020164160E+002     0.398793810745E+000
     0.120450546223E-001    -0.231668613425E+002     0.308468268691E-001    -0.203569116603E+002     0.412692270522E+000
     0.127687572104E-001    -0.210794317574E+002     0.264690943889E-001    -0.189489285469E+002     0.426405672532E+000
     0.135358819124E-001    -0.187400009777E+002     0.214748791068E-001    -0.173532741524E+002     0.439717807988E+000
     0.143490340526E-001    -0.161002497936E+002     0.206137003653E-001    -0.155377438151E+002     0.452352368745E+000
     0.152109752747E-001    -0.131745588416E+002     0.187751759341E-001    -0.134992550078E+002     0.463987944357E+000
     0.161246329208E-001    -0.100055989910E+002     0.168605838633E-001    -0.112643108498E+002     0.474279679622E+000
     0.170931099734E-001    -0.672969098271E+001     0.145514989833E-001    -0.892490573101E+001     0.482923257508E+000
     0.181196955938E-001    -0.361564345057E+001     0.116674295667E-001    -0.667411216595E+001     0.489774815556E+000
     0.192078762926E-001    -0.102166031457E+001     0.845037434156E-002    -0.478302752035E+001     0.494979621908E+000
     0.203613477710E-001     0.761642681891E+000     0.427797265788E-002    -0.346617409661E+001     0.498977757913E+000
     0.215840274722E-001     0.175129257383E+001    -0.245095803194E-002    -0.273661382274E+001     0.502323761426E+000
     0.228800678855E-001     0.219481215319E+001    -0.945927065278E-002    -0.241358846791E+001     0.505451893645E+000
     0.242538706494E-001     0.230653755040E+001    -0.164347281338E-001    -0.233196408362E+001     0.508655631908E+000
     0.257101015006E-001     0.226264147445E+001    -0.205542833632E-001    -0.236587111973E+001     0.512101016441E+000
     0.272537061195E-001     0.211405574689E+001    -0.257702149214E-001    -0.247482685198E+001     0.515921377704E+000
     0.288899269272E-001     0.193235622193E+001    -0.283509463129E-001    -0.260827632881E+001     0.520189345809E+000
     0.306243208897E-001     0.174782144928E+001    -0.274841226317E-001    -0.274264382127E+001     0.524946409531E+000
     0.324627783907E-001     0.157738719715E+001    -0.241341245196E-001    -0.286682785430E+001     0.530217137461E+000
     0.344115432366E-001     0.144247654633E+001    -0.173117697915E-001    -0.296406849105E+001     0.535993508457E+000
     0.364772338618E-001     0.133442315182E+001    -0.875654570742E-002    -0.304213709051E+001     0.542277648558E+000
     0.386668658063E-001     0.124346794191E+001    -0.998606697662E-003    -0.310768614696E+001     0.549082337770E+000
     0.409878755421E-001     0.116198891506E+001     0.422716084918E-002    -0.316661455203E+001     0.556432087523E+000
     0.434481457293E-001     0.108925722643E+001     0.670608307586E-002    -0.321960077615E+001     0.564353192510E+000
     0.460560319869E-001     0.102238170545E+001     0.508471318096E-002    -0.326818691962E+001     0.572876262581E+000
     0.488203912708E-001     0.984554909220E+000     0.504284626584E-002    -0.329667699168E+001     0.581989472890E+000
     0.517506119535E-001     0.973508504496E+000     0.528367304611E-002    -0.330493786888E+001     0.591673682565E+000
     0.548566457095E-001     0.989758156654E+000     0.633716596308E-002    -0.329298112667E+001     0.601901812042E+000
     0.581490413132E-001     0.105010892653E+001     0.778920072694E-002    -0.324845452062E+001     0.612597040171E+000
     0.616389804647E-001     0.115372638931E+001     0.924842077570E-002    -0.317247993157E+001     0.623668849137E+000
     0.653383157655E-001     0.129818515974E+001     0.934537291847E-002    -0.306690918691E+001     0.635014427229E+000
     0.692596109728E-001     0.148525506320E+001     0.934433873152E-002    -0.293059080580E+001     0.646506197328E+000
     0.734161836681E-001     0.168903412103E+001     0.692980813247E-002    -0.278172267222E+001     0.658068665712E+000
     0.778221504872E-001     0.189053030105E+001     0.153034945911E-002    -0.263480188426E+001     0.669677517347E+000
     0.824924750635E-001     0.205904881089E+001    -0.615268309354E-002    -0.251321129730E+001     0.681415065007E+000
     0.874430188470E-001     0.215678226132E+001    -0.143764800093E-001    -0.244279764033E+001     0.693508451109E+000
     0.926905949743E-001     0.217808984394E+001    -0.193566366883E-001    -0.242761108518E+001     0.706247930037E+000
     0.982530253690E-001     0.214653255543E+001    -0.184229740681E-001    -0.245060062783E+001     0.719879610645E+000
     0.104149201269E+000     0.209050996969E+001    -0.122295699120E-001    -0.249062600903E+001     0.734564956727E+000
     0.110399147386E+000     0.202839270779E+001    -0.362825511602E-002    -0.253485453686E+001     0.750407677225E+000
     0.117024089912E+000     0.197630118050E+001     0.457539754367E-002    -0.257187019886E+001     0.767446196440E+000
     0.124046528610E+000     0.195289015838E+001     0.112926110638E-001    -0.258817123221E+001     0.785621643261E+000
     0.131490313229E+000     0.196896562805E+001     0.158748923024E-001    -0.257590728505E+001     0.804796506414E+000
     0.139380724499E+000     0.201907113669E+001     0.165306702908E-001    -0.253951084643E+001     0.824834715935E+000
     0.147744559993E+000     0.209828278652E+001     0.136647756437E-001    -0.248223320765E+001     0.845596020725E+000
     0.156610225139E+000     0.220570024328E+001     0.896924600285E-002    -0.240448820819E+001     0.866913556335E+000
     0.166007829686E+000     0.233899188238E+001     0.402977559908E-002    -0.230761085789E+001     0.888599603692E+000
     0.175969289968E+000     0.247765771909E+001    -0.130520651196E-002    -0.220686839547E+001     0.910583239406E+000
     0.185969289968E+000     0.256582746127E+001    -0.765801385221E-002    -0.214334621843E+001     0.932016838397E+000
     0.195969289968E+000     0.257661587410E+001    -0.135815617826E-001    -0.213646304166E+001     0.953381900502E+000
     0.205969289968E+000     0.253432110330E+001    -0.164893156707E-001    -0.216797379278E+001     0.975062265498E+000
     0.215969289968E+000     0.249355177921E+001    -0.151282212759E-001    -0.219774868184E+001     0.997040272986E+000
     0.225969289968E+000     0.248253561704E+001    -0.100653174040E-001    -0.220501473377E+001     0.101909065005E+001
     0.235969289968E+000     0.250522908092E+001    -0.270409075322E-002    -0.218696356915E+001     0.104096030246E+001
     0.245969289968E+000     0.254572696537E+001     0.564037359727E-002    -0.215581300018E+001     0.106251850625E+001
     0.255969289968E+000     0.259329151239E+001     0.132540051362E-001    -0.211962344534E+001     0.108371515508E+001
     0.265969289968E+000     0.262980623347E+001     0.181045734410E-001    -0.209208509859E+001     0.110463678942E+001
     0.275969289968E+000     0.264342384988E+001     0.186309000022E-001    -0.208184433143E+001     0.112545606638E+001
     0.285969289968E+000     0.264104115869E+001     0.168613215022E-001    -0.208433143440E+001     0.114630006272E+001
     0.295969289968E+000     0.262620020323E+001     0.128916845011E-001    -0.209600550304E+001     0.116726051420E+001
     0.305969289968E+000     0.261234620723E+001     0.888960145326E-002    -0.210698051045E+001     0.118833050684E+001
     0.315969289968E+000     0.260438817631E+001     0.578313231468E-002    -0.211318314380E+001     0.120946241741E+001
     0.325969289968E+000     0.261883331670E+001     0.369587411319E-002    -0.210307119193E+001     0.123049316180E+001
     0.335969289968E+000     0.264662773590E+001     0.221547101303E-002    -0.208289841491E+001     0.125132215774E+001
     0.345969289968E+000     0.268595597031E+001     0.146585814426E-002    -0.205432884825E+001     0.127186545145E+001
     0.355969289968E+000     0.271950751005E+001     0.519401747769E-003    -0.202979217520E+001     0.129216337386E+001
     0.365969289968E+000     0.274352460831E+001    -0.187474538426E-003    -0.201251776353E+001     0.131228855159E+001
     0.375969289968E+000     0.274936619591E+001    -0.132946399842E-002    -0.200856247725E+001     0.133237418076E+001
     0.385969289968E+000     0.273955571302E+001    -0.293126108039E-002    -0.201535130094E+001     0.135252771509E+001
     0.395969289968E+000     0.273522157646E+001    -0.500562949831E-002    -0.201953751694E+001     0.137272315229E+001
     0.405969289968E+000     0.273316016655E+001    -0.630968717038E-002    -0.202124279070E+001     0.139293567868E+001
     0.415969289968E+000     0.274374923852E+001    -0.589367349915E-002    -0.201350345593E+001     0.141307079950E+001
     0.425969289968E+000     0.275727628875E+001    -0.484095981714E-002    -0.200340470335E+001     0.143310490502E+001
     0.435969289968E+000     0.277669554279E+001    -0.231824416310E-002    -0.198851214408E+001     0.145299003997E+001
     0.445969289968E+000     0.280043508232E+001     0.102848956411E-002    -0.197038741151E+001     0.147269391677E+001
     0.455969289968E+000     0.282671679650E+001     0.467218372417E-002    -0.195054964698E+001     0.149219946920E+001
     0.465969289968E+000     0.285252363631E+001     0.815732277484E-002    -0.193105455170E+001     0.151151018701E+001
     0.475969289968E+000     0.287340494914E+001     0.106176678009E-001    -0.191538680813E+001     0.153066434937E+001
     0.485969289968E+000     0.288501660725E+001     0.118253055758E-001    -0.190668535218E+001     0.154973156960E+001
     0.495969289968E+000     0.288065236675E+001     0.110879258243E-001    -0.191004564482E+001     0.156883234787E+001
     0.505969289968E+000     0.287456533792E+001     0.953438722952E-002    -0.191523613055E+001     0.158798494650E+001
     0.515969289968E+000     0.286338184765E+001     0.709760383810E-002    -0.192389427687E+001     0.160722402019E+001
     0.525969289968E+000     0.285143896014E+001     0.484012192603E-002    -0.193318028027E+001     0.162655588358E+001
     0.535969289968E+000     0.284156873822E+001     0.276724860632E-002    -0.194081642875E+001     0.164596406760E+001
     0.545969289968E+000     0.283572720031E+001     0.112204180997E-002    -0.194524667490E+001     0.166541653758E+001
     0.555969289968E+000     0.284010243069E+001    -0.122730264687E-003    -0.194221704303E+001     0.168483870805E+001
     0.565969289968E+000     0.284980053411E+001    -0.943598403504E-003    -0.193496078807E+001     0.170418831823E+001
     0.575969289968E+000     0.286972422303E+001    -0.797653865900E-003    -0.192054297794E+001     0.172339374967E+001
     0.585969289968E+000     0.289121918661E+001    -0.898466831052E-003    -0.190484293415E+001     0.174244218113E+001
     0.595969289968E+000     0.291505729085E+001    -0.108166158835E-003    -0.188727053644E+001     0.176131488652E+001
     0.605969289968E+000     0.293832870872E+001     0.903558456495E-003    -0.187002697529E+001     0.178001515846E+001
     0.615969289968E+000     0.295845092706E+001     0.202400311511E-002    -0.185512467562E+001     0.179856641626E+001
     0.625969289968E+000     0.297310494871E+001     0.297588290409E-002    -0.184428156181E+001     0.181700925588E+001
     0.635969289968E+000     0.298074420388E+001     0.370288918406E-002    -0.183858490366E+001     0.183539514221E+001
     0.645969289968E+000     0.297893509263E+001     0.373086965862E-002    -0.183982842299E+001     0.185379346427E+001
     0.655969289968E+000     0.297538882565E+001     0.288611463235E-002    -0.184287633233E+001     0.187222225019E+001
     0.665969289968E+000     0.296364113293E+001     0.258045568256E-002    -0.185155316002E+001     0.189073779977E+001
     0.675969289968E+000     0.295209287645E+001     0.157210581122E-002    -0.186012169831E+001     0.190933902340E+001
     0.685969289968E+000     0.294173359724E+001     0.889117603510E-003    -0.186782566728E+001     0.192801728219E+001
     0.695969289968E+000     0.293345015813E+001     0.140295173198E-003    -0.187394345600E+001     0.194675671680E+001
     0.705969289968E+000     0.292867231432E+001     0.347447625675E-003    -0.187753644871E+001     0.196553208161E+001
     0.715969289968E+000     0.292654257236E+001     0.358557797849E-003    -0.187896741399E+001     0.198432175609E+001
     0.725969289968E+000     0.292552314462E+001     0.268210418093E-004    -0.187958452410E+001     0.200311760133E+001
     0.735969289968E+000     0.292913871554E+001     0.703111011101E-003    -0.187677407362E+001     0.202188534338E+001
     0.745969289968E+000     0.293682886841E+001     0.153887502516E-002    -0.187119570615E+001     0.204059730677E+001
     0.755969289968E+000     0.294636855846E+001     0.204630393814E-002    -0.186413554951E+001     0.205923867350E+001
