 #        time                      h  [L]            Darcian flow [L.T^{-1}]   in    x         z              directions   cumulative flux
 #-----------------------------------------------------------------------------------------------

     0.100000000000E-005    -0.280000000000E+003     0.000000000000E+000     0.000000000000E+000     0.000000000000E+000
     0.205999994278E-005    -0.280000000000E+003    -0.505778066013E-014    -0.959147647667E-014     0.114939174840E-019
     0.318359982147E-005    -0.280000000000E+003    -0.151733419804E-013    -0.951631077510E-014     0.316182932392E-019
     0.437461562859E-005    -0.280000000000E+003    -0.151733419804E-013    -0.309693789013E-014     0.500625614973E-019
     0.563709231599E-005    -0.280000000000E+003    -0.101155613203E-013    -0.127635800684E-013     0.706232475642E-019
     0.697531753239E-005    -0.280000000000E+003    -0.101155613203E-013    -0.191829529533E-013     0.996448533050E-019
     0.839383618521E-005    -0.280000000000E+003    -0.101155613203E-013    -0.191829529533E-013     0.130407753730E-018
     0.989746587602E-005    -0.280000000000E+003    -0.151733419804E-013    -0.951631077510E-014     0.157338700830E-018
     0.114913132622E-004    -0.280000000000E+003    -0.151733419804E-013     0.332243499485E-014     0.182095665089E-018
     0.131807914004E-004    -0.280000000000E+003    -0.151733419804E-013    -0.309693789013E-014     0.208259203650E-018
     0.149716381303E-004    -0.280000000000E+003    -0.202311226405E-013     0.150331403146E-015     0.244491043706E-018
     0.168699355614E-004    -0.280000000000E+003    -0.151733419804E-013     0.332243499485E-014     0.273976979475E-018
     0.188821307298E-004    -0.280000000000E+003    -0.101155613203E-013     0.649453858654E-014     0.298165508234E-018
     0.210150574931E-004    -0.280000000000E+003    -0.101155613203E-013     0.649453858654E-014     0.323805347334E-018
     0.232759597402E-004    -0.280000000000E+003    -0.202311226405E-013     0.150331403146E-015     0.369547200746E-018
     0.256725159928E-004    -0.280000000000E+003    -0.151733419804E-013    -0.309693789013E-014     0.406660668219E-018
     0.282128654833E-004    -0.280000000000E+003    -0.202311226405E-013    -0.626904148183E-014     0.460465678491E-018
     0.309056357980E-004    -0.280000000000E+003    -0.202311226405E-013    -0.626904148183E-014     0.517498986300E-018
     0.337599721774E-004    -0.280000000000E+003    -0.303466839608E-013     0.225497104719E-015     0.604121021657E-018
     0.367855685763E-004    -0.280000000000E+003    -0.354044646209E-013     0.347276639799E-014     0.711754725309E-018
     0.399927005860E-004    -0.280000000000E+003    -0.303466839608E-013     0.225497104719E-015     0.809083233728E-018
     0.433922603327E-004    -0.280000000000E+003    -0.303466839608E-013     0.664486998969E-014     0.914692817022E-018
     0.469957934698E-004    -0.280000000000E+003    -0.404622452810E-013    -0.611871007868E-014     0.106215756087E-017
     0.508155383889E-004    -0.280000000000E+003    -0.404622452810E-013    -0.611871007868E-014     0.121847018091E-017
     0.548644677845E-004    -0.280000000000E+003    -0.354044646209E-013    -0.936597937195E-014     0.136675155477E-017
     0.591563327122E-004    -0.280000000000E+003    -0.303466839608E-013    -0.190326215502E-013     0.152049151885E-017
     0.637057092900E-004    -0.280000000000E+003    -0.252889033006E-013    -0.158605179585E-013     0.165629514646E-017
     0.685280482021E-004    -0.280000000000E+003    -0.202311226405E-013    -0.126884143668E-013     0.177145661645E-017
     0.736397271730E-004    -0.280000000000E+003    -0.303466839608E-013    -0.190326215502E-013     0.195456334386E-017
     0.790581065897E-004    -0.280000000000E+003    -0.202311226405E-013    -0.126884143668E-013     0.208395875758E-017
     0.848015884613E-004    -0.280000000000E+003    -0.151733419804E-013    -0.223550565450E-013     0.223913684549E-017
     0.908896789166E-004    -0.280000000000E+003    -0.202311226405E-013    -0.126884143668E-013     0.238452551665E-017
     0.973430544509E-004    -0.280000000000E+003    -0.303466839608E-013    -0.190326215502E-013     0.261569349130E-017
     0.104183632148E-003    -0.280000000000E+003    -0.303466839608E-013    -0.190326215502E-013     0.286073153121E-017
     0.111434644115E-003    -0.280000000000E+003    -0.303466839608E-013    -0.190326215502E-013     0.312047183949E-017
     0.119120716386E-003    -0.280000000000E+003    -0.303466839608E-013    -0.126132486652E-013     0.337306373475E-017
     0.127267952553E-003    -0.280000000000E+003    -0.252889033006E-013    -0.222798908435E-013     0.364765365612E-017
     0.135904022424E-003    -0.280000000000E+003    -0.303466839608E-013    -0.190326215502E-013     0.395700846903E-017
     0.145058255993E-003    -0.280000000000E+003    -0.303466839608E-013    -0.190326215502E-013     0.428492455302E-017
     0.154761743052E-003    -0.280000000000E+003    -0.252889033006E-013    -0.158605179585E-013     0.457458374490E-017
     0.165047438780E-003    -0.280000000000E+003    -0.303466839608E-013    -0.126132486652E-013     0.491260858859E-017
     0.175950275662E-003    -0.280000000000E+003    -0.354044646209E-013    -0.157853522569E-013     0.533524696824E-017
     0.187507282134E-003    -0.280000000000E+003    -0.404622452810E-013    -0.189574558486E-013     0.585164971478E-017
     0.199757708333E-003    -0.280000000000E+003    -0.455200259411E-013    -0.221295594403E-013     0.647169437981E-017
     0.212743159403E-003    -0.280000000000E+003    -0.455200259411E-013    -0.929081367038E-014     0.707497892453E-017
     0.226507736794E-003    -0.280000000000E+003    -0.606933679215E-013    -0.596837867553E-014     0.791442705027E-017
     0.241098188040E-003    -0.280000000000E+003    -0.657511485817E-013     0.369826350271E-014     0.887528228809E-017
     0.256564065527E-003    -0.280000000000E+003    -0.758667099019E-013    -0.264594368069E-014     0.100493409113E-016
     0.272957894778E-003    -0.280000000000E+003    -0.758667099019E-013    -0.264594368069E-014     0.112938429848E-016
     0.290335352846E-003    -0.280000000000E+003    -0.758667099019E-013    -0.264594368069E-014     0.126130151115E-016
     0.308755457403E-003    -0.280000000000E+003    -0.758667099019E-013    -0.154846894506E-013     0.140392990775E-016
     0.328280767180E-003    -0.280000000000E+003    -0.708089292418E-013    -0.123125858589E-013     0.154426112543E-016
     0.348977594427E-003    -0.280000000000E+003    -0.657511485817E-013    -0.155598551522E-013     0.168410373254E-016
     0.370916230124E-003    -0.280000000000E+003    -0.657511485817E-013    -0.914048226723E-014     0.182973995723E-016
     0.394171182707E-003    -0.280000000000E+003    -0.657511485817E-013    -0.272110938226E-014     0.198277482600E-016
     0.418821431115E-003    -0.280000000000E+003    -0.708089292418E-013    -0.589321297396E-014     0.215792406796E-016
     0.444950693017E-003    -0.280000000000E+003    -0.657511485817E-013    -0.914048226723E-014     0.233137911366E-016
     0.472647709137E-003    -0.280000000000E+003    -0.708089292418E-013    -0.589321297396E-014     0.252817678068E-016
     0.502006544641E-003    -0.280000000000E+003    -0.708089292418E-013    -0.589321297396E-014     0.273678229646E-016
     0.533126908594E-003    -0.280000000000E+003    -0.657511485817E-013    -0.272110938226E-014     0.294157741685E-016
     0.566114492604E-003    -0.280000000000E+003    -0.657511485817E-013     0.369826350271E-014     0.315881739348E-016
     0.601081329767E-003    -0.280000000000E+003    -0.556355872614E-013    -0.279627508383E-014     0.335360300654E-016
     0.638146175159E-003    -0.280000000000E+003    -0.455200259411E-013    -0.929081367038E-014     0.352580070885E-016
     0.677434909153E-003    -0.280000000000E+003    -0.505778066013E-013     0.132145742778E-013     0.373118496592E-016
     0.719080964939E-003    -0.280000000000E+003    -0.606933679215E-013     0.197091128644E-013     0.399694208610E-016
     0.763225781689E-003    -0.280000000000E+003    -0.556355872614E-013     0.164618435711E-013     0.425306995010E-016
     0.810019284919E-003    -0.280000000000E+003    -0.556355872614E-013     0.228812164561E-013     0.453456578255E-016
     0.859620395664E-003    -0.280000000000E+003    -0.556355872614E-013     0.357199622260E-013     0.486250506594E-016
     0.912197570216E-003    -0.280000000000E+003    -0.455200259411E-013     0.292254236394E-013     0.514691784728E-016
     0.967929372233E-003    -0.280000000000E+003    -0.455200259411E-013     0.292254236394E-013     0.544839537921E-016
     0.102700507918E-002    -0.280000000000E+003    -0.455200259411E-013     0.356447965244E-013     0.578994413630E-016
     0.108962532517E-002    -0.280000000000E+003    -0.404622452810E-013     0.388169001161E-013     0.614106144674E-016
     0.115600278233E-002    -0.280000000000E+003    -0.404622452810E-013     0.388169001161E-013     0.651324577572E-016
     0.122636288312E-002    -0.280000000000E+003    -0.404622452810E-013     0.259781543462E-013     0.685156431425E-016
     0.130094458593E-002    -0.280000000000E+003    -0.404622452810E-013     0.259781543462E-013     0.721018194573E-016
     0.138000118665E-002    -0.280000000000E+003    -0.404622452810E-013     0.259781543462E-013     0.759031661459E-016
     0.146380117888E-002    -0.280000000000E+003    -0.404622452810E-013     0.259781543462E-013     0.799325934182E-016
     0.155262916586E-002    -0.280000000000E+003    -0.404622452810E-013     0.259781543462E-013     0.842037860962E-016
     0.164678682697E-002    -0.280000000000E+003    -0.404622452810E-013     0.388169001161E-013     0.894832902257E-016
     0.174659394236E-002    -0.280000000000E+003    -0.404622452810E-013     0.259781543462E-013     0.942824018006E-016
     0.185238947896E-002    -0.280000000000E+003    -0.505778066013E-013     0.453114387027E-013     0.101466566099E-015
     0.196453274170E-002    -0.280000000000E+003    -0.404622452810E-013     0.323975272311E-013     0.107279431900E-015
     0.208340459379E-002    -0.280000000000E+003    -0.455200259411E-013     0.356447965244E-013     0.114152059488E-015
     0.220940875020E-002    -0.280000000000E+003    -0.404622452810E-013     0.323975272311E-013     0.120683394797E-015
     0.234297314879E-002    -0.280000000000E+003    -0.404622452810E-013     0.323975272311E-013     0.127606609851E-015
     0.248455140365E-002    -0.280000000000E+003    -0.354044646209E-013     0.291502579379E-013     0.134099502925E-015
     0.263462434571E-002    -0.280000000000E+003    -0.354044646209E-013     0.163115121679E-013     0.139949540906E-015
     0.279370165569E-002    -0.280000000000E+003    -0.252889033006E-013     0.290750922363E-013     0.146079468206E-015
     0.296232359518E-002    -0.280000000000E+003    -0.404622452810E-013     0.323975272311E-013     0.154819865814E-015
     0.314106284138E-002    -0.280000000000E+003    -0.556355872614E-013     0.293005893410E-013     0.166058916711E-015
     0.333052643213E-002    -0.280000000000E+003    -0.556355872614E-013     0.228812164561E-013     0.177456484219E-015
     0.353135782749E-002    -0.280000000000E+003    -0.556355872614E-013     0.228812164561E-013     0.189537905126E-015
     0.374423909507E-002    -0.280000000000E+003    -0.556355872614E-013     0.421393351110E-013     0.204395495841E-015
     0.396989322653E-002    -0.280000000000E+003    -0.455200259411E-013     0.356447965244E-013     0.217441787136E-015
     0.420908659296E-002    -0.280000000000E+003    -0.606933679215E-013     0.389672315193E-013     0.234693798413E-015
     0.446263154769E-002    -0.280000000000E+003    -0.657511485817E-013     0.293757550426E-013     0.252952817731E-015
     0.473138918520E-002    -0.280000000000E+003    -0.657511485817E-013     0.229563821576E-013     0.271670024686E-015
     0.501627226558E-002    -0.280000000000E+003    -0.657511485817E-013     0.101176363877E-013     0.290621881202E-015
     0.531824831448E-002    -0.280000000000E+003    -0.606933679215E-013     0.687036709441E-014     0.309066876025E-015
     0.563834290904E-002    -0.280000000000E+003    -0.606933679215E-013    -0.596837867553E-014     0.328588202385E-015
     0.597764316095E-002    -0.280000000000E+003    -0.708089292418E-013     0.526159911011E-015     0.352614353193E-015
     0.633730140856E-002    -0.280000000000E+003    -0.556355872614E-013     0.100424706861E-013     0.372947516319E-015
     0.671853913045E-002    -0.280000000000E+003    -0.354044646209E-013     0.989213928296E-014     0.386961985757E-015
     0.712265109384E-002    -0.280000000000E+003    -0.101155613203E-013     0.649453858654E-014     0.391819801740E-015
     0.755100975191E-002    -0.280000000000E+003    -0.354044646209E-013     0.227308850529E-013     0.409842298061E-015
     0.800506990496E-002    -0.280000000000E+003    -0.303466839608E-013     0.387417344145E-013     0.432187609045E-015
     0.848637364120E-002    -0.280000000000E+003    -0.151733419804E-013     0.289999265347E-013     0.447940482882E-015
     0.899655557408E-002    -0.280000000000E+003    -0.151733419804E-013     0.161611807648E-013     0.459250125162E-015
     0.953734839373E-002    -0.280000000000E+003    -0.505778066013E-014     0.160860150632E-013     0.468369197894E-015
     0.101105887516E-001    -0.280000000000E+003     0.202311226405E-013    -0.656970428812E-014     0.480562646054E-015
     0.107182234982E-001    -0.280000000000E+003    -0.157229289122E-029    -0.128387457699E-013     0.488363914086E-015
     0.113623162948E-001    -0.280000000000E+003    -0.505778066013E-014    -0.317210359170E-014     0.492209282206E-015
     0.120450546223E-001    -0.280000000000E+003    -0.151733419804E-013    -0.951631077510E-014     0.504437552168E-015
     0.127687572104E-001    -0.280000000000E+003     0.151733419804E-013     0.351938023150E-013     0.532173722030E-015
     0.135358819124E-001    -0.280000000000E+003     0.202311226405E-013     0.126884143668E-013     0.550493298891E-015
     0.143490340526E-001    -0.280000000000E+003     0.455200259411E-013     0.929081367038E-014     0.588271125480E-015
     0.152109752747E-001    -0.280000000000E+003     0.354044646209E-013    -0.163115121679E-013     0.621870712570E-015
     0.161246329208E-001    -0.280000000000E+003     0.505778066013E-013     0.124629172621E-013     0.669463759629E-015
     0.170931099734E-001    -0.280000000000E+003     0.404622452810E-013    -0.300662806292E-015     0.708651597520E-015
     0.181196955938E-001    -0.280000000000E+003     0.202311226405E-013    -0.258278229430E-013     0.742331973397E-015
     0.192078762926E-001    -0.280000000000E+003     0.303466839608E-013    -0.194836157596E-013     0.781574921410E-015
     0.203613477710E-001    -0.280000000000E+003     0.151733419804E-013    -0.332243499485E-014     0.799491600518E-015
     0.215840274722E-001    -0.280000000000E+003    -0.101155613203E-012     0.264291485556E-013     0.927324257122E-015
     0.228800678855E-001    -0.280000000000E+003    -0.152795553742E-010     0.654253973652E-011     0.224692797256E-013
     0.242538706494E-001    -0.280000000000E+003    -0.290316609891E-011     0.952381624672E-012     0.266667820768E-013
     0.257101015006E-001    -0.280000000000E+003     0.257946813667E-011    -0.130946120378E-011     0.308793799405E-013
     0.272537061195E-001    -0.279999999289E+003     0.763707586446E-007    -0.320070667928E-007     0.127851642366E-009
     0.288899269272E-001    -0.279999999710E+003     0.309169690336E-007    -0.115499329269E-007     0.181853372490E-009
     0.306243208897E-001    -0.279999999833E+003     0.168124270972E-007    -0.575153412091E-008     0.212671842658E-009
     0.324627783907E-001    -0.279999999459E+003     0.568009861558E-007    -0.222480705896E-007     0.324822702996E-009
     0.344115432366E-001    -0.279999999789E+003     0.205213229564E-007    -0.689009147281E-008     0.367007860814E-009
     0.364772338618E-001    -0.279999999845E+003     0.136936528609E-007    -0.446607000736E-008     0.396761114450E-009
     0.386668658063E-001    -0.279999999904E+003     0.700855149284E-008    -0.206352153528E-008     0.412758607268E-009
     0.409878755421E-001    -0.279999999930E+003     0.403551215093E-008    -0.112264739765E-008     0.422480755898E-009
     0.434481457293E-001    -0.279999999948E+003     0.237476458100E-008    -0.661525312254E-009     0.428545769809E-009
     0.460560319869E-001    -0.280000000163E+003    -0.211984838573E-007     0.822293520493E-008     0.487842496135E-009
     0.488203912708E-001    -0.280000000033E+003    -0.639751594635E-008     0.213731992832E-008     0.506488370357E-009
     0.517506119535E-001    -0.280000000001E+003    -0.229666233103E-008     0.664180321520E-009     0.513493861516E-009
     0.548566457095E-001    -0.279999999354E+003     0.706191768525E-007    -0.260169752794E-007     0.747251558830E-009
     0.581490413132E-001    -0.279999999795E+003     0.208381575098E-007    -0.649019182090E-008     0.819109659731E-009
     0.616389804647E-001    -0.279999999904E+003     0.769322326130E-008    -0.207572821032E-008     0.846918657249E-009
     0.653383157655E-001    -0.279999994969E+003     0.567496325172E-006    -0.199906118691E-006     0.307272154198E-008
     0.692596109728E-001    -0.279999921512E+003     0.893539096740E-005    -0.310238808178E-005     0.401628729352E-007
     0.734161836681E-001    -0.279999978576E+003     0.233979791153E-005    -0.673657469315E-006     0.502834818810E-007
     0.778221504872E-001    -0.279999991104E+003     0.788243883472E-006    -0.198077847255E-006     0.538644332860E-007
     0.824924750635E-001    -0.279999995192E+003     0.295570846214E-006    -0.683554876167E-007     0.552812792045E-007
     0.874430188470E-001    -0.279999997107E+003     0.940262183559E-007    -0.184177486212E-007     0.557556059721E-007
     0.926905949743E-001    -0.279999997659E+003     0.604361960893E-007    -0.147001908167E-007     0.560819963237E-007
     0.982530253690E-001    -0.279999998107E+003     0.373249045074E-007    -0.937515517333E-008     0.562960626132E-007
     0.104149201269E+000    -0.279999998422E+003     0.244099321416E-007    -0.584766069066E-008     0.564440601428E-007
     0.110399147386E+000    -0.279999998654E+003     0.171643830436E-007    -0.151801486973E-008     0.565517553316E-007
     0.117024089912E+000    -0.279999998816E+003     0.124599287575E-007    -0.194000128448E-008     0.566352962062E-007
     0.124046528610E+000    -0.279999998943E+003     0.939356826890E-008    -0.133816296103E-008     0.567019279395E-007
     0.131490313229E+000    -0.279999999050E+003     0.747834350134E-008     0.131084555692E-008     0.567584438357E-007
     0.139380724499E+000    -0.279999999126E+003     0.582306337729E-008    -0.184238866626E-009     0.568044131923E-007
     0.147744559993E+000    -0.279999999192E+003     0.471089280427E-008    -0.184631185059E-009     0.568438445741E-007
     0.156610225139E+000    -0.279999999246E+003     0.395265560994E-008    -0.638301919245E-010     0.568788920641E-007
     0.166007829686E+000    -0.279999999291E+003     0.336555854166E-008     0.478000717985E-010     0.569105234422E-007
     0.175969289968E+000    -0.279999999330E+003     0.289349058014E-008     0.125596060293E-009     0.569393739742E-007
     0.185969289968E+000    -0.279999999372E+003     0.250999447423E-008     0.244738960653E-008     0.569744307683E-007
     0.195969289968E+000    -0.279999997667E+003     0.188231228412E-006    -0.981254812726E-007     0.590971555603E-007
     0.205969289968E+000    -0.279999999055E+003     0.311418887047E-007    -0.901522659928E-008     0.594213609802E-007
     0.215969289968E+000    -0.279999999682E+003    -0.489701658550E-007     0.178468232404E-007     0.599425697909E-007
     0.225969289968E+000    -0.279999999411E+003    -0.251033739098E-007    -0.317695899211E-008     0.601956058457E-007
     0.235969289968E+000    -0.279999999190E+003     0.176961630893E-009    -0.746946576641E-008     0.602703214627E-007
     0.245969289968E+000    -0.279999999169E+003     0.407532702533E-008     0.156489312381E-008     0.603139759938E-007
     0.255969289968E+000    -0.279999999138E+003     0.653027767803E-008     0.194176031652E-008     0.603821045191E-007
     0.265969289968E+000    -0.279999999154E+003     0.407010233837E-008     0.207636017864E-008     0.604277958801E-007
     0.275969289968E+000    -0.279999999160E+003     0.397049440517E-008     0.106036795393E-008     0.604688923593E-007
     0.285969289968E+000    -0.279999999277E+003     0.302987363768E-008     0.236142589555E-007     0.607069707834E-007
     0.295969289968E+000    -0.279999987138E+003     0.145471804823E-005    -0.435936184881E-006     0.758932967286E-007
     0.305969289968E+000    -0.280000005757E+003    -0.815282451807E-006     0.236105085576E-006     0.843811179311E-007
     0.315969289968E+000    -0.279999999934E+003    -0.101710649049E-006     0.240497886080E-007     0.854262709564E-007
     0.325969289968E+000    -0.279999999313E+003    -0.156720898181E-007     0.503288541406E-008     0.855908748247E-007
     0.335969289968E+000    -0.279999999212E+003    -0.974735495013E-009     0.204073340623E-008     0.856134905319E-007
     0.345969289968E+000    -0.279999999165E+003     0.601406540559E-008     0.240472668365E-009     0.856736792433E-007
     0.355969289968E+000    -0.279999994932E+003     0.521893825368E-006    -0.141805047382E-006     0.910818382316E-007
     0.365969289968E+000    -0.279999998529E+003     0.784294023110E-007    -0.155940428836E-007     0.918814847360E-007
     0.375969289968E+000    -0.279999999007E+003     0.182230118998E-007    -0.268673173385E-008     0.920656848147E-007
     0.385969289968E+000    -0.279999998961E+003     0.272206166386E-007    -0.630773062864E-008     0.923451037539E-007
     0.395969289968E+000    -0.279999999159E+003     0.654069164737E-008    -0.797749157601E-009     0.924109953702E-007
     0.405969289968E+000    -0.279999999520E+003    -0.341913965243E-007     0.101691854708E-007     0.927677114940E-007
     0.415969289968E+000    -0.279999999293E+003    -0.330121345569E-008     0.123295802122E-008     0.928029509545E-007
     0.425969289968E+000    -0.279999999325E+003    -0.452242471743E-008     0.175716789414E-008     0.928514689556E-007
     0.435969289968E+000    -0.279999999301E+003     0.510178338064E-009     0.357099744075E-009     0.928576963320E-007
     0.445969289968E+000    -0.279999999313E+003     0.111851302584E-008     0.866543274666E-009     0.928718454260E-007
     0.455969289968E+000    -0.279999999325E+003     0.118257487593E-008     0.201527346151E-009     0.928838416613E-007
     0.465969289968E+000    -0.279999999339E+003     0.110230283851E-008     0.355017238058E-009     0.928954222865E-007
     0.475969289968E+000    -0.279999999351E+003     0.106157758831E-008     0.102646917692E-009     0.929060875730E-007
     0.485969289968E+000    -0.279999999354E+003     0.100962406507E-008    -0.202283224442E-008     0.929286955164E-007
     0.495969289968E+000    -0.279999999370E+003     0.927399724335E-009    -0.417901500046E-010     0.929379789245E-007
     0.505969289968E+000    -0.279999999422E+003    -0.439042169584E-008     0.169603428404E-008     0.929850451916E-007
     0.515969289968E+000    -0.279999999393E+003     0.156113458620E-009     0.510021052430E-009     0.929903789790E-007
     0.525969289968E+000    -0.279999999395E+003     0.751667134252E-009     0.257551102232E-009     0.929983246448E-007
     0.535969289968E+000    -0.279999999401E+003     0.970208779816E-009     0.114132866157E-009     0.930080936335E-007
     0.545969289968E+000    -0.279999999567E+003    -0.182547342179E-007     0.537042580097E-008     0.931983767895E-007
     0.555969289968E+000    -0.279999993702E+003     0.695888792471E-006    -0.190880779119E-006     0.100414308353E-006
     0.565969289968E+000    -0.279999998504E+003     0.102463490767E-006    -0.215088947958E-007     0.101461275377E-006
     0.575969289968E+000    -0.280000002988E+003    -0.441025757790E-006     0.134289472636E-006     0.106071453047E-006
     0.585969289968E+000    -0.279999999916E+003    -0.616494503573E-007     0.109858701097E-007     0.106697659409E-006
     0.595969289968E+000    -0.279999999577E+003    -0.121017417112E-007     0.155204572109E-008     0.106819668014E-006
     0.605969289968E+000    -0.279999999260E+003    -0.180860168148E-008    -0.604635052304E-007     0.107424573503E-006
     0.615969289968E+000    -0.279999999409E+003    -0.398100952324E-008    -0.268894570977E-008     0.107472613971E-006
     0.625969289968E+000    -0.280000001176E+003    -0.224758509608E-006     0.657583292784E-007     0.109814419803E-006
     0.635969289968E+000    -0.279999990606E+003     0.108278714936E-005    -0.242901687263E-006     0.120911397952E-006
     0.645969289968E+000    -0.279999988981E+003     0.124720889552E-005    -0.325880255905E-006     0.133802200760E-006
     0.655969289968E+000    -0.279999996543E+003     0.286345491274E-006    -0.106038370328E-006     0.136855688542E-006
     0.665969289968E+000    -0.279999998506E+003     0.564736267926E-007    -0.153158031671E-007     0.137440824795E-006
     0.675969289968E+000    -0.280000002985E+003    -0.481582461217E-006     0.134466738022E-006     0.142440854501E-006
     0.685969289968E+000    -0.279999999935E+003    -0.106053608512E-006     0.110839948539E-007     0.143507166970E-006
     0.695969289968E+000    -0.279999999340E+003    -0.217083133490E-007     0.506419069267E-008     0.143730078813E-006
     0.705969289968E+000    -0.279999998696E+003     0.573896919493E-007    -0.135560564875E-007     0.144319768851E-006
     0.715969289968E+000    -0.280000016670E+003    -0.212838146341E-005     0.588469372188E-006     0.166402123471E-006
     0.725969289968E+000    -0.280000001989E+003    -0.310253637841E-006     0.675839329159E-007     0.169577417281E-006
     0.735969289968E+000    -0.280000000096E+003    -0.633968224442E-007     0.133106502087E-007     0.170225208181E-006
     0.745969289968E+000    -0.279999999674E+003    -0.164537900067E-007     0.421643008498E-008     0.170395062674E-006
     0.755969289968E+000    -0.280000038488E+003    -0.473982232338E-005     0.130153994530E-005     0.219547806124E-006
