 #        time                      h  [L]            Darcian flow [L.T^{-1}]   in    x         z              directions   cumulative flux
 #-----------------------------------------------------------------------------------------------

     0.100000000000E-005    -0.278499999997E+003    -0.245355651178E-009    -0.184138133157E-008     0.185765567418E-014
     0.205999994278E-005    -0.278499999981E+003    -0.171064790784E-008    -0.128525051150E-007     0.156014533886E-013
     0.318359982147E-005    -0.278499999922E+003    -0.696780790685E-008    -0.524123485833E-007     0.750100863798E-013
     0.437461562859E-005    -0.278499999757E+003    -0.216576037285E-007    -0.163107827374E-006     0.270979116285E-012
     0.563709231599E-005    -0.278499999361E+003    -0.568881822254E-007    -0.428976794273E-006     0.817293720060E-012
     0.697531753239E-005    -0.278499998503E+003    -0.133037378414E-006    -0.100450782073E-005     0.217328960823E-011
     0.839383618521E-005    -0.278499996777E+003    -0.285651970808E-006    -0.215976278767E-005     0.526363345088E-011
     0.989746587602E-005    -0.278499993503E+003    -0.574447591406E-006    -0.434941143491E-005     0.118603312444E-010
     0.114913132622E-004    -0.278499987562E+003    -0.109685050717E-005    -0.831690909464E-005     0.252309969794E-010
     0.131807914004E-004    -0.278499977167E+003    -0.200813775155E-005    -0.152499149234E-004     0.512178137099E-010
     0.149716381303E-004    -0.278499959507E+003    -0.355108882221E-005    -0.270098615769E-004     0.100004595768E-009
     0.168699355614E-004    -0.278499930242E+003    -0.609923900678E-005    -0.464680593691E-004     0.188971404174E-009
     0.188821307298E-004    -0.278499882750E+003    -0.102194240752E-004    -0.779937137728E-004     0.347251448872E-009
     0.210150574931E-004    -0.278499807051E+003    -0.167614335281E-004    -0.128156833553E-003     0.622928578899E-009
     0.232759597402E-004    -0.278499688259E+003    -0.269853710624E-004    -0.206732434026E-003     0.109429557255E-008
     0.256725159928E-004    -0.278499504385E+003    -0.427408598710E-004    -0.328123037992E-003     0.188730408321E-008
     0.282128654833E-004    -0.278499223237E+003    -0.667166289025E-004    -0.513355631374E-003     0.320237388011E-008
     0.309056357980E-004    -0.278498798095E+003    -0.102784341528E-003    -0.792858334323E-003     0.535522473244E-008
     0.337599721774E-004    -0.278498161724E+003    -0.156466841667E-003    -0.121028253768E-002     0.883852766512E-008
     0.367855685763E-004    -0.278497218188E+003    -0.235568341981E-003    -0.182770971719E-002     0.144141816034E-007
     0.399927005860E-004    -0.278495831737E+003    -0.351012505953E-003    -0.273267036816E-002     0.232502214935E-007
     0.433922603327E-004    -0.278493811903E+003    -0.517943836763E-003    -0.404750732933E-002     0.371221671749E-007
     0.469957934698E-004    -0.278490893686E+003    -0.757158077773E-003    -0.594173847362E-002     0.587065619516E-007
     0.508155383889E-004    -0.278486711465E+003    -0.109693788425E-002    -0.864821410919E-002     0.920052044411E-007
     0.548644677845E-004    -0.278480764980E+003    -0.157537982690E-002    -0.124840195305E-001     0.142952991825E-006
     0.591563327122E-004    -0.278472375410E+003    -0.224330616234E-002    -0.178772361826E-001     0.220281393011E-006
     0.637057092900E-004    -0.278460629243E+003    -0.316785744303E-002    -0.254008343574E-001     0.336734566534E-006
     0.685280482021E-004    -0.278444307314E+003    -0.443685699964E-002    -0.358151100734E-001     0.510767413596E-006
     0.736397271730E-004    -0.278421796149E+003    -0.616402236256E-002    -0.501201793832E-001     0.768895943192E-006
     0.790581065897E-004    -0.278390978585E+003    -0.849506867833E-002    -0.696200854288E-001     0.114892187377E-005
     0.848015884613E-004    -0.278349100630E+003    -0.116147027523E-001    -0.960000427692E-001     0.170431715080E-005
     0.908896789166E-004    -0.278292611719E+003    -0.157544421528E-001    -0.131418235305E+000     0.251013186845E-005
     0.973430544509E-004    -0.278216975987E+003    -0.212011108747E-001    -0.178613405083E+000     0.367088292172E-005
     0.104183632148E-003    -0.278116452944E+003    -0.283057585986E-001    -0.241029229765E+000     0.533099269668E-005
     0.111434644115E-003    -0.277983847180E+003    -0.374926163265E-001    -0.322956183047E+000     0.768847937680E-005
     0.119120716386E-003    -0.277810228640E+003    -0.492675197151E-001    -0.429691162542E+000     0.110127548036E-004
     0.127267952553E-003    -0.277584627881E+003    -0.642249751702E-001    -0.567714554019E+000     0.156675629669E-004
     0.135904022424E-003    -0.277293714967E+003    -0.830526784128E-001    -0.744883423973E+000     0.221402904948E-004
     0.145058255993E-003    -0.276921476609E+003    -0.106531786868E+000    -0.970638007188E+000     0.310790944876E-004
     0.154761743052E-003    -0.276448913964E+003    -0.135530570815E+000    -0.125621639181E+001     0.433395114750E-004
     0.165047438780E-003    -0.275853793077E+003    -0.170988219393E+000    -0.161486910905E+001     0.600424147650E-004
     0.175950275662E-003    -0.275110490434E+003    -0.213884597191E+000    -0.206206097645E+001     0.826453448718E-004
     0.187507282134E-003    -0.274189986281E+003    -0.265190769123E+000    -0.261564169384E+001     0.113029300895E-003
     0.199757708333E-003    -0.273060065932E+003    -0.325794426020E+000    -0.329595888656E+001     0.153602976910E-003
     0.212743159403E-003    -0.271685791247E+003    -0.396394443841E+000    -0.412587696227E+001     0.207426049192E-003
     0.226507736794E-003    -0.270030297387E+003    -0.477360367748E+000    -0.513065175060E+001     0.278352313787E-003
     0.241098188040E-003    -0.268055950694E+003    -0.568556345953E+000    -0.633759421297E+001     0.371192028900E-003
     0.256564065527E-003    -0.265725870442E+003    -0.669135462211E+000    -0.777543725761E+001     0.491890462541E-003
     0.272957894778E-003    -0.263005771604E+003    -0.777319534023E+000    -0.947330060050E+001     0.647716073236E-003
     0.290335352846E-003    -0.259866031750E+003    -0.890190489977E+000    -0.114591360839E+002     0.847446682070E-003
     0.308755457403E-003    -0.256283829924E+003    -0.100353081871E+001    -0.137575418729E+002     0.110153533797E-002
     0.328280767180E-003    -0.252245157042E+003    -0.111176012022E+001    -0.163868767577E+002     0.142222970388E-002
     0.348977594427E-003    -0.247746465915E+003    -0.120802023964E+001    -0.193557068335E+002     0.182361087912E-002
     0.370916230124E-003    -0.242795726510E+003    -0.128446089237E+001    -0.226587909490E+002     0.232151190027E-002
     0.394171182707E-003    -0.237412693308E+003    -0.133276909600E+001    -0.262730503918E+002     0.293327604894E-002
     0.418821431115E-003    -0.231628289408E+003    -0.134496488659E+001    -0.301542240626E+002     0.367732417073E-002
     0.444950693017E-003    -0.225483164113E+003    -0.131444787593E+001    -0.342350904736E+002     0.457252091765E-002
     0.472647709137E-003    -0.219025627871E+003    -0.123721679982E+001    -0.384261685530E+002     0.563736263958E-002
     0.502006544641E-003    -0.212309317563E+003    -0.111308203465E+001    -0.426195411922E+002     0.688904939713E-002
     0.533126908594E-003    -0.205391000564E+003    -0.946584490001E+000    -0.466958984421E+002     0.834254129698E-002
     0.566114492604E-003    -0.198328833257E+003    -0.747270692785E+000    -0.505342032642E+002     0.100097248224E-001
     0.601081329767E-003    -0.191181181408E+003    -0.529015123177E+000    -0.540227123515E+002     0.118988187765E-001
     0.638146175159E-003    -0.184005857125E+003    -0.308277984015E+000    -0.570696308587E+002     0.140141266818E-001
     0.677434909153E-003    -0.176859430652E+003    -0.101522152565E+000    -0.596115769616E+002     0.163561934685E-001
     0.719080964939E-003    -0.169796234006E+003     0.776223410842E-001    -0.616183122469E+002     0.189223551739E-001
     0.763225781689E-003    -0.162866829993E+003     0.220637419729E+000    -0.630928232363E+002     0.217075933244E-001
     0.810019284919E-003    -0.156116022748E+003     0.325111134343E+000    -0.640667547906E+002     0.247055398213E-001
     0.859620395664E-003    -0.149580799178E+003     0.394135871819E+000    -0.645922571099E+002     0.279094471638E-001
     0.912197570216E-003    -0.143288757913E+003     0.434403115316E+000    -0.647322123459E+002     0.313129606265E-001
     0.967929372233E-003    -0.137257509184E+003     0.453782343178E+000    -0.645511464880E+002     0.349106012338E-001
     0.102700507918E-002    -0.131495238559E+003     0.459287578895E+000    -0.641086589428E+002     0.386979627733E-001
     0.108962532517E-002    -0.126002254286E+003     0.456015756561E+000    -0.634560927051E+002     0.426717015121E-001
     0.115600278233E-002    -0.120773057531E+003     0.447098450022E+000    -0.626359824453E+002     0.468294246710E-001
     0.122636288312E-002    -0.115798404853E+003     0.434273498111E+000    -0.616831257226E+002     0.511695631742E-001
     0.130094458593E-002    -0.111066972417E+003     0.418568953664E+000    -0.606261215655E+002     0.556912703190E-001
     0.138000118665E-002    -0.106566477416E+003     0.400768942570E+000    -0.594886789313E+002     0.603943497791E-001
     0.146380117888E-002    -0.102284330968E+003     0.381598970817E+000    -0.582905125737E+002     0.652791989510E-001
     0.155262916586E-002    -0.982080030954E+002     0.361740578259E+000    -0.570479438094E+002     0.703467548361E-001
     0.164678682697E-002    -0.943253101707E+002     0.341798280358E+000    -0.557743226413E+002     0.755984332174E-001
     0.174659394236E-002    -0.906245142805E+002     0.322233920384E+000    -0.544806740393E+002     0.810360872480E-001
     0.185238947896E-002    -0.870945252470E+002     0.303391375897E+000    -0.531760649337E+002     0.866619691358E-001
     0.196453274170E-002    -0.837250425994E+002     0.285481803725E+000    -0.518679665269E+002     0.924787002384E-001
     0.208340459379E-002    -0.805066023539E+002     0.268579074963E+000    -0.505625858557E+002     0.984892532587E-001
     0.220940875020E-002    -0.774305419585E+002     0.252646863786E+000    -0.492651128116E+002     0.104696943867E+000
     0.234297314879E-002    -0.744889188709E+002     0.237584753202E+000    -0.479798786476E+002     0.111105426070E+000
     0.248455140365E-002    -0.716744099675E+002     0.223280367876E+000    -0.467104628634E+002     0.117718687438E+000
     0.263462434571E-002    -0.689802115214E+002     0.209646407590E+000    -0.454597771755E+002     0.124541042491E+000
     0.279370165569E-002    -0.663999535460E+002     0.196632259274E+000    -0.442301421400E+002     0.131577124052E+000
     0.296232359518E-002    -0.639276370149E+002     0.184216179607E+000    -0.430233628184E+002     0.138831873435E+000
     0.314106284138E-002    -0.615575971835E+002     0.172391570198E+000    -0.418408037717E+002     0.146310530640E+000
     0.333052643213E-002    -0.592844881785E+002     0.161156985465E+000    -0.406834612067E+002     0.154018625759E+000
     0.353135782749E-002    -0.571032784844E+002     0.150512003549E+000    -0.395520282769E+002     0.161961972301E+000
     0.374423909507E-002    -0.550092454101E+002     0.140456007395E+000    -0.384469504862E+002     0.170146662472E+000
     0.396989322653E-002    -0.529979618397E+002     0.130986908138E+000    -0.373684698475E+002     0.178579063883E+000
     0.420908659296E-002    -0.510652761595E+002     0.122098389943E+000    -0.363166586078E+002     0.187265816807E+000
     0.446263154769E-002    -0.492072163058E+002     0.113799257790E+000    -0.352914707175E+002     0.196213837672E+000
     0.473138918520E-002    -0.474202718972E+002     0.106025388964E+000    -0.342926317174E+002     0.205430288407E+000
     0.501627226558E-002    -0.457008623823E+002     0.987841697359E-001    -0.333199492066E+002     0.214922619891E+000
     0.531824831448E-002    -0.440456919078E+002     0.920439943293E-001    -0.323730035849E+002     0.224698531119E+000
     0.563834290904E-002    -0.424516039249E+002     0.857726018161E-001    -0.314513135167E+002     0.234765964004E+000
     0.597764316095E-002    -0.409153973660E+002     0.799285311310E-001    -0.305542279052E+002     0.245133056702E+000
     0.633730140856E-002    -0.394343020261E+002     0.745386583580E-001    -0.296810871156E+002     0.255808138143E+000
     0.671853913045E-002    -0.380043733864E+002     0.695780957203E-001    -0.288308858820E+002     0.266799591404E+000
     0.712265109384E-002    -0.366223266871E+002     0.649020253624E-001    -0.280020728267E+002     0.278115594428E+000
     0.755100975191E-002    -0.352831566615E+002     0.604981961418E-001    -0.271926979531E+002     0.289763850860E+000
     0.800506990496E-002    -0.339807969704E+002     0.563718876325E-001    -0.263997573300E+002     0.301750956042E+000
     0.848637364120E-002    -0.327071101375E+002     0.524775117469E-001    -0.256188249314E+002     0.314081418068E+000
     0.899655557408E-002    -0.314509842809E+002     0.488946211850E-001    -0.248436183993E+002     0.326756207870E+000
     0.953734839373E-002    -0.301978690834E+002     0.455817822409E-001    -0.240652757447E+002     0.339770559541E+000
     0.101105887516E-001    -0.289288866691E+002     0.424375805842E-001    -0.232721279633E+002     0.353111104684E+000
     0.107182234982E-001    -0.276195950007E+002     0.397228056197E-001    -0.224487414335E+002     0.366751761351E+000
     0.113623162948E-001    -0.262372889812E+002     0.366272240543E-001    -0.215753614821E+002     0.380648316290E+000
     0.120450546223E-001    -0.247514212545E+002     0.344040276049E-001    -0.206293347717E+002     0.394732773396E+000
     0.127687572104E-001    -0.231168980137E+002     0.320528960113E-001    -0.195822309246E+002     0.408904503582E+000
     0.135358819124E-001    -0.212877992320E+002     0.281566940462E-001    -0.184017456543E+002     0.423020953758E+000
     0.143490340526E-001    -0.192309716384E+002     0.241393118180E-001    -0.170600111627E+002     0.436893352234E+000
     0.152109752747E-001    -0.168934426998E+002     0.221827289239E-001    -0.155224244611E+002     0.450272783407E+000
     0.161246329208E-001    -0.142635273314E+002     0.196045649516E-001    -0.137705657806E+002     0.462854378873E+000
     0.170931099734E-001    -0.113495965709E+002     0.176034131379E-001    -0.118035171793E+002     0.474285827114E+000
     0.181196955938E-001    -0.822401630653E+001     0.152916690568E-001    -0.966501464791E+001     0.484207804591E+000
     0.192078762926E-001    -0.507199643465E+001     0.130107431940E-001    -0.747870823720E+001     0.492346002862E+000
     0.203613477710E-001    -0.220438125705E+001     0.103582834392E-001    -0.546698682431E+001     0.498652027556E+000
     0.215840274722E-001     0.701501908056E-003     0.626156535801E-002    -0.390291395250E+001     0.503424047362E+000
     0.228800678855E-001     0.136416963021E+001    -0.649668236788E-003    -0.292284443297E+001     0.507212171963E+000
     0.242538706494E-001     0.202515195856E+001    -0.622381445392E-002    -0.245502191411E+001     0.510584898692E+000
     0.257101015006E-001     0.224766419130E+001    -0.138308131602E-001    -0.229750423253E+001     0.513930655858E+000
     0.272537061195E-001     0.225258292440E+001    -0.172758288471E-001    -0.229694852966E+001     0.517476336501E+000
     0.288899269272E-001     0.209518612710E+001    -0.244524097960E-001    -0.240676751987E+001     0.521414542837E+000
     0.306243208897E-001     0.191733421769E+001    -0.256709922492E-001    -0.253398201397E+001     0.525809691465E+000
     0.324627783907E-001     0.172148081444E+001    -0.267113700501E-001    -0.267224290405E+001     0.530722741907E+000
     0.344115432366E-001     0.154436715843E+001    -0.230036616435E-001    -0.279667906679E+001     0.536172996121E+000
     0.364772338618E-001     0.140375609547E+001    -0.163978697030E-001    -0.289495186683E+001     0.542153166985E+000
     0.386668658063E-001     0.129187479333E+001    -0.800718142127E-002    -0.297315143876E+001     0.548663297960E+000
     0.409878755421E-001     0.119851920752E+001    -0.554610037800E-003    -0.303827243713E+001     0.555715157984E+000
     0.434481457293E-001     0.111594035265E+001     0.439728800220E-002    -0.309606708390E+001     0.563332327211E+000
     0.460560319869E-001     0.104257203401E+001     0.625685391005E-002    -0.314788500283E+001     0.571541669466E+000
     0.488203912708E-001     0.980156119977E+000     0.404639020570E-002    -0.319170941172E+001     0.580364708101E+000
     0.517506119535E-001     0.945277166487E+000     0.384502181520E-002    -0.321701752473E+001     0.589791286121E+000
     0.548566457095E-001     0.941840928824E+000     0.539572443683E-002    -0.321960841531E+001     0.599791512584E+000
     0.581490413132E-001     0.971959352440E+000     0.637971575799E-002    -0.319819995119E+001     0.610321272993E+000
     0.616389804647E-001     0.104586283558E+001     0.782243319376E-002    -0.314577203460E+001     0.621299859920E+000
     0.653383157655E-001     0.116472331114E+001     0.927032980393E-002    -0.306143674557E+001     0.632625192867E+000
     0.692596109728E-001     0.132524385022E+001     0.962137959158E-002    -0.294782561110E+001     0.644184548878E+000
     0.734161836681E-001     0.151975107946E+001     0.833817207567E-002    -0.281086845150E+001     0.655868179339E+000
     0.778221504872E-001     0.172634565553E+001     0.458707276745E-002    -0.266510968556E+001     0.667610581575E+000
     0.824924750635E-001     0.191535934797E+001    -0.171439088287E-002    -0.253179646887E+001     0.679434895557E+000
     0.874430188470E-001     0.206197140637E+001    -0.913845431807E-002    -0.242970926668E+001     0.691463362740E+000
     0.926905949743E-001     0.212917374135E+001    -0.162087412319E-001    -0.238306106522E+001     0.703968946355E+000
     0.982530253690E-001     0.212796338952E+001    -0.188952534008E-001    -0.238426545637E+001     0.717231673463E+000
     0.104149201269E+000     0.208331664114E+001    -0.154581089952E-001    -0.241516026803E+001     0.731472174908E+000
     0.110399147386E+000     0.202375328185E+001    -0.803005548148E-002    -0.245621572868E+001     0.746823472901E+000
     0.117024089912E+000     0.196473324095E+001     0.296472166038E-003    -0.249685754821E+001     0.763365010770E+000
     0.124046528610E+000     0.192471561486E+001     0.768114004799E-002    -0.252423202769E+001     0.781091357515E+000
     0.131490313229E+000     0.192046850561E+001     0.131667636938E-001    -0.252662078971E+001     0.799899233862E+000
     0.139380724499E+000     0.195421278616E+001     0.157181669867E-001    -0.250245093457E+001     0.819644990414E+000
     0.147744559993E+000     0.202103510884E+001     0.147056887127E-001    -0.245574525146E+001     0.840184807978E+000
     0.156610225139E+000     0.211510485598E+001     0.107722093777E-001    -0.238992283523E+001     0.861373278789E+000
     0.166007829686E+000     0.223686867322E+001     0.597852027390E-002    -0.230443048134E+001     0.883029478040E+000
     0.175969289968E+000     0.237575967586E+001     0.119594748617E-002    -0.220679010787E+001     0.905012333278E+000
     0.185969289968E+000     0.248568180712E+001    -0.441430838377E-002    -0.212977455577E+001     0.926310124583E+000
     0.195969289968E+000     0.253203179357E+001    -0.104714140363E-001    -0.209794746656E+001     0.947289860575E+000
     0.205969289968E+000     0.251271357124E+001    -0.148995030583E-001    -0.211270952399E+001     0.968417481188E+000
     0.215969289968E+000     0.246845085051E+001    -0.156299391203E-001    -0.214403306495E+001     0.989858381539E+000
     0.225969289968E+000     0.244240239371E+001    -0.126796148909E-001    -0.216204439087E+001     0.101147919725E+001
     0.235969289968E+000     0.244645189873E+001    -0.678382631402E-002    -0.215812921806E+001     0.103306059605E+001
     0.245969289968E+000     0.247690759518E+001     0.580673240975E-003    -0.213519086606E+001     0.105441250550E+001
     0.255969289968E+000     0.252144397937E+001     0.833771582310E-002    -0.210225444641E+001     0.107543521531E+001
     0.265969289968E+000     0.256439157378E+001     0.147100844293E-001    -0.207071363919E+001     0.109614287419E+001
     0.275969289968E+000     0.259289079061E+001     0.179495498633E-001    -0.205003274508E+001     0.111664398743E+001
     0.285969289968E+000     0.260146665264E+001     0.177715523911E-001    -0.204410598121E+001     0.113708581976E+001
     0.295969289968E+000     0.259040118834E+001     0.149803640494E-001    -0.205231088129E+001     0.115760947529E+001
     0.305969289968E+000     0.257822751216E+001     0.112614338305E-001    -0.206185693795E+001     0.117822835221E+001
     0.315969289968E+000     0.256722759037E+001     0.779036988440E-002    -0.207034670212E+001     0.119893196580E+001
     0.325969289968E+000     0.256787771601E+001     0.516658092757E-002    -0.207027924915E+001     0.121963482276E+001
     0.335969289968E+000     0.258505872176E+001     0.338914607769E-002    -0.205846154314E+001     0.124021946609E+001
     0.345969289968E+000     0.261501275336E+001     0.203607145394E-002    -0.203744610808E+001     0.126059393734E+001
     0.355969289968E+000     0.265236600522E+001     0.142271376337E-002    -0.201113232343E+001     0.128070526561E+001
     0.365969289968E+000     0.268435227526E+001     0.748423793844E-003    -0.198861021475E+001     0.130059136917E+001
     0.375969289968E+000     0.270269235603E+001    -0.332439466987E-003    -0.197587722261E+001     0.132035014167E+001
     0.385969289968E+000     0.270685069373E+001    -0.149375158497E-002    -0.197326251315E+001     0.134008277246E+001
     0.395969289968E+000     0.270237276648E+001    -0.312715535418E-002    -0.197685662006E+001     0.135985136339E+001
     0.405969289968E+000     0.269571989869E+001    -0.491514527296E-002    -0.198179517114E+001     0.137966937606E+001
     0.415969289968E+000     0.269418081793E+001    -0.605162376529E-002    -0.198292370208E+001     0.139949870542E+001
     0.425969289968E+000     0.270574711504E+001    -0.560396144792E-002    -0.197489852305E+001     0.141924777016E+001
     0.435969289968E+000     0.271971341929E+001    -0.437475950162E-002    -0.196463507090E+001     0.143889416958E+001
     0.445969289968E+000     0.273895508107E+001    -0.205595387480E-002    -0.195049140076E+001     0.145839909442E+001
     0.455969289968E+000     0.276198545283E+001     0.104427754589E-002    -0.193353106177E+001     0.147773440786E+001
     0.465969289968E+000     0.278718646224E+001     0.442569847976E-002    -0.191499356440E+001     0.149688439464E+001
     0.475969289968E+000     0.281181532844E+001     0.760306416033E-002    -0.189702823453E+001     0.151585482935E+001
     0.485969289968E+000     0.283181748630E+001     0.996210779473E-002    -0.188248802847E+001     0.153467997323E+001
     0.495969289968E+000     0.284348624259E+001     0.112829255575E-001    -0.187428794775E+001     0.155342319231E+001
     0.505969289968E+000     0.284036869217E+001     0.105529563615E-001    -0.187637762128E+001     0.157218726527E+001
     0.515969289968E+000     0.283504958151E+001     0.928217341548E-002    -0.188058887410E+001     0.159099338309E+001
     0.525969289968E+000     0.282576587571E+001     0.710102266096E-002    -0.188774032468E+001     0.160987091989E+001
     0.535969289968E+000     0.281507632697E+001     0.498967267114E-002    -0.189584317427E+001     0.162882941730E+001
     0.545969289968E+000     0.280576822810E+001     0.305676289834E-002    -0.190283515712E+001     0.164785779342E+001
     0.555969289968E+000     0.279991039112E+001     0.142744087797E-002    -0.190716303353E+001     0.166692942910E+001
     0.565969289968E+000     0.280324694800E+001     0.208706683317E-003    -0.190499979302E+001     0.168597942714E+001
     0.575969289968E+000     0.281077438562E+001    -0.643367244961E-003    -0.189951687330E+001     0.170497459696E+001
     0.585969289968E+000     0.282935391223E+001    -0.689860926312E-003    -0.188659511437E+001     0.172384054937E+001
     0.595969289968E+000     0.284886220703E+001    -0.654206894498E-003    -0.187274664672E+001     0.174256801698E+001
     0.605969289968E+000     0.287147902797E+001    -0.172675693130E-003    -0.185664295894E+001     0.176113444665E+001
     0.615969289968E+000     0.289405348342E+001     0.642464867019E-003    -0.184051614064E+001     0.177953960918E+001
     0.625969289968E+000     0.291423793627E+001     0.165309551402E-002    -0.182604139250E+001     0.179780003058E+001
     0.635969289968E+000     0.293000349199E+001     0.258577770527E-002    -0.181473346947E+001     0.181594738370E+001
     0.645969289968E+000     0.294036552489E+001     0.325383474642E-002    -0.180747047184E+001     0.183402211771E+001
     0.655969289968E+000     0.294019890978E+001     0.318918541753E-002    -0.180743730597E+001     0.185209651890E+001
     0.665969289968E+000     0.293941566013E+001     0.317637295057E-002    -0.180824972722E+001     0.187017904407E+001
     0.675969289968E+000     0.293075615985E+001     0.268626014638E-002    -0.181445138328E+001     0.188832357779E+001
     0.685969289968E+000     0.292058808936E+001     0.174090486214E-002    -0.182178241741E+001     0.190654141028E+001
     0.695969289968E+000     0.291069503043E+001     0.118576467535E-002    -0.182889628317E+001     0.192483037696E+001
     0.705969289968E+000     0.290220033139E+001     0.707477908296E-003    -0.183496819396E+001     0.194318006026E+001
     0.715969289968E+000     0.289583038994E+001     0.157206164417E-003    -0.183952749083E+001     0.196157533524E+001
     0.725969289968E+000     0.289402461623E+001     0.457229401717E-003    -0.184098132157E+001     0.197998514902E+001
     0.735969289968E+000     0.289380247374E+001     0.128873228893E-003    -0.184108904763E+001     0.199839603954E+001
     0.745969289968E+000     0.289492508320E+001     0.559396222581E-003    -0.184004827346E+001     0.201679652313E+001
     0.755969289968E+000     0.289887934439E+001     0.111357408741E-002    -0.183714147274E+001     0.203516794123E+001
