 #        time                      h  [L]            Darcian flow [L.T^{-1}]   in    x         z              directions   cumulative flux
 #-----------------------------------------------------------------------------------------------

     0.100000000000E-005     0.400000000000E+001    -0.169612227357E-012    -0.138498894110E+004     0.138498894110E-002
     0.205999994278E-005     0.400000000000E+001    -0.164148711365E-012    -0.134037594741E+004     0.280578736866E-002
     0.318359982147E-005     0.400000000000E+001    -0.158467596921E-012    -0.129398612752E+004     0.425971002456E-002
     0.437461562859E-005     0.400000000000E+001    -0.152571194512E-012    -0.124583834799E+004     0.574352319014E-002
     0.563709231599E-005     0.400000000000E+001    -0.146464823894E-012    -0.119597604792E+004     0.725341506932E-002
     0.697531753239E-005     0.400000000000E+001    -0.140157689693E-012    -0.114447438878E+004     0.878497955592E-002
     0.839383618521E-005     0.400000000000E+001    -0.133663973620E-012    -0.109144917304E+004     0.103332205665E-001
     0.989746587602E-005     0.400000000000E+001    -0.127004169173E-012    -0.103706774281E+004     0.118925864160E-001
     0.114913132622E-004     0.400000000000E+001    -0.120206661831E-012    -0.981561883108E+003     0.134570462578E-001
     0.131807914004E-004     0.400000000000E+001    -0.113309508579E-012    -0.925242352800E+003     0.150202229854E-001
     0.149716381303E-004     0.400000000000E+001    -0.106362279933E-012    -0.868513925872E+003     0.165755983093E-001
     0.168699355614E-004     0.400000000000E+001    -0.994276787002E-013    -0.811888609593E+003     0.181168043713E-001
     0.188821307298E-004     0.400000000000E+001    -0.925824339697E-013    -0.755992944530E+003     0.196380097216E-001
     0.210150574931E-004     0.400000000000E+001    -0.859167079396E-013    -0.701563160900E+003     0.211343925636E-001
     0.232759597402E-004     0.400000000000E+001    -0.795310357284E-013    -0.649420190244E+003     0.226026681311E-001
     0.256725159928E-004     0.400000000000E+001    -0.735298381991E-013    -0.600416693616E+003     0.240416005123E-001
     0.282128654833E-004     0.400000000000E+001    -0.680110913609E-013    -0.555352705844E+003     0.254523904757E-001
     0.309056357980E-004     0.400000000000E+001    -0.630530267342E-013    -0.514867035769E+003     0.268388091456E-001
     0.337599721774E-004     0.400000000000E+001    -0.587005938058E-013    -0.479326723809E+003     0.282069688510E-001
     0.367855685763E-004     0.400000000000E+001    -0.549559369645E-013    -0.448749280223E+003     0.295647030572E-001
     0.399927005860E-004     0.400000000000E+001    -0.517769633718E-013    -0.422790990903E+003     0.309206495776E-001
     0.433922603327E-004     0.400000000000E+001    -0.490855202387E-013    -0.400813689898E+003     0.322832396637E-001
     0.469957934698E-004     0.400000000000E+001    -0.467828677596E-013    -0.382011105506E+003     0.336598293411E-001
     0.508155383889E-004     0.400000000000E+001    -0.447674105899E-013    -0.365553648783E+003     0.350561510337E-001
     0.548644677845E-004     0.400000000000E+001    -0.429496135568E-013    -0.350710209562E+003     0.364761519105E-001
     0.591563327122E-004     0.400000000000E+001    -0.412611412576E-013    -0.336922786932E+003     0.379221790031E-001
     0.637057092900E-004     0.400000000000E+001    -0.396577774192E-013    -0.323830327624E+003     0.393954051108E-001
     0.685280482021E-004     0.400000000000E+001    -0.381173268991E-013    -0.311251594547E+003     0.408963657866E-001
     0.736397271730E-004     0.400000000000E+001    -0.366343069668E-013    -0.299141817806E+003     0.424254827260E-001
     0.790581065897E-004     0.400000000000E+001    -0.352132227540E-013    -0.287537784596E+003     0.439834715396E-001
     0.848015884613E-004     0.400000000000E+001    -0.338619872049E-013    -0.276504109009E+003     0.455715678771E-001
     0.908896789166E-004     0.400000000000E+001    -0.325867152973E-013    -0.266090723627E+003     0.471915522719E-001
     0.973430544509E-004     0.400000000000E+001    -0.313886643817E-013    -0.256307895497E+003     0.488456033739E-001
     0.104183632148E-003     0.400000000000E+001    -0.302635086671E-013    -0.247120301855E+003     0.505360489993E-001
     0.111434644115E-003     0.400000000000E+001    -0.292025494470E-013    -0.238456912371E+003     0.522651029246E-001
     0.119120716386E-003     0.400000000000E+001    -0.281950569554E-013    -0.230230111857E+003     0.540346682032E-001
     0.127267952553E-003     0.400000000000E+001    -0.272308289692E-013    -0.222356592841E+003     0.558462598784E-001
     0.135904022424E-003     0.400000000000E+001    -0.263022108679E-013    -0.214773850601E+003     0.577010618586E-001
     0.145058255993E-003     0.400000000000E+001    -0.254051296942E-013    -0.207448626918E+003     0.596000950429E-001
     0.154761743052E-003     0.400000000000E+001    -0.245390244014E-013    -0.200376340497E+003     0.615444442699E-001
     0.165047438780E-003     0.400000000000E+001    -0.237058339638E-013    -0.193572824265E+003     0.635354754414E-001
     0.175950275662E-003     0.400000000000E+001    -0.229084099838E-013    -0.187061363323E+003     0.655749749728E-001
     0.187507282134E-003     0.400000000000E+001    -0.221488352951E-013    -0.180858965299E+003     0.676651632053E-001
     0.199757708333E-003     0.400000000000E+001    -0.214271286478E-013    -0.174965783300E+003     0.698085686209E-001
     0.212743159403E-003     0.400000000000E+001    -0.207406820960E-013    -0.169360521829E+003     0.720077913902E-001
     0.226507736794E-003     0.400000000000E+001    -0.200845424449E-013    -0.164002734984E+003     0.742652197282E-001
     0.241098188040E-003     0.400000000000E+001    -0.194523920187E-013    -0.158840835025E+003     0.765827791877E-001
     0.256564065527E-003     0.400000000000E+001    -0.188378981110E-013    -0.153823111481E+003     0.789617885844E-001
     0.272957894778E-003     0.400000000000E+001    -0.182360353125E-013    -0.148908528771E+003     0.814029695791E-001
     0.290335352846E-003     0.400000000000E+001    -0.176440346092E-013    -0.144074476179E+003     0.839066177476E-001
     0.308755457403E-003     0.400000000000E+001    -0.170617392849E-013    -0.139319674022E+003     0.864729007100E-001
     0.328280767180E-003     0.400000000000E+001    -0.164913101413E-013    -0.134661766582E+003     0.891022134176E-001
     0.348977594427E-003     0.400000000000E+001    -0.159363894766E-013    -0.130130495484E+003     0.917955018022E-001
     0.370916230124E-003     0.400000000000E+001    -0.154009724452E-013    -0.125758483637E+003     0.945544713605E-001
     0.394171182707E-003     0.400000000000E+001    -0.148883100399E-013    -0.121572277413E+003     0.973816289072E-001
     0.418821431115E-003     0.400000000000E+001    -0.144002280262E-013    -0.117586785318E+003     0.100280172375E+000
     0.444950693017E-003     0.400000000000E+001    -0.139371665003E-013    -0.113805601011E+003     0.103253828729E+000
     0.472647709137E-003     0.400000000000E+001    -0.134966544319E-013    -0.110208546998E+003     0.106306276632E+000
     0.502006544641E-003     0.400000000000E+001    -0.130759586078E-013    -0.106773304898E+003     0.109441016527E+000
     0.533126908594E-003     0.400000000000E+001    -0.126721873444E-013    -0.103476262325E+003     0.112661235471E+000
     0.566114492604E-003     0.400000000000E+001    -0.122828643530E-013    -0.100297198846E+003     0.115969797744E+000
     0.601081329767E-003     0.400000000000E+001    -0.119062799984E-013    -0.972221542298E+002     0.119369348979E+000
     0.638146175159E-003     0.400000000000E+001    -0.115415358418E-013    -0.942437921680E+002     0.122862480565E+000
     0.677434909153E-003     0.400000000000E+001    -0.111883435713E-013    -0.913597584147E+002     0.126451889811E+000
     0.719080964939E-003     0.400000000000E+001    -0.108467112780E-013    -0.885701190377E+002     0.130140485930E+000
     0.763225781689E-003     0.400000000000E+001    -0.105166564765E-013    -0.858750170568E+002     0.133931422821E+000
     0.810019284919E-003     0.400000000000E+001    -0.101980362655E-013    -0.832732855925E+002     0.137828071580E+000
     0.859620395664E-003     0.400000000000E+001    -0.989051193057E-014    -0.807621588319E+002     0.141833964364E+000
     0.912197570216E-003     0.400000000000E+001    -0.959360608467E-014    -0.783377386145E+002     0.145952741321E+000
     0.967929372233E-003     0.400000000000E+001    -0.930678899762E-014    -0.759956993649E+002     0.150188118592E+000
     0.102700507918E-002     0.400000000000E+001    -0.902954588736E-014    -0.737318375685E+002     0.154543879021E+000
     0.108962532517E-002     0.400000000000E+001    -0.876140827986E-014    -0.715423278448E+002     0.159023877189E+000
     0.115600278233E-002     0.400000000000E+001    -0.850195748981E-014    -0.694237513684E+002     0.163632049271E+000
     0.122636288312E-002     0.400000000000E+001    -0.825081627300E-014    -0.673730277068E+002     0.168372422292E+000
     0.130094458593E-002     0.400000000000E+001    -0.800763968230E-014    -0.653873401529E+002     0.173249121463E+000
     0.138000118665E-002     0.400000000000E+001    -0.777210838926E-014    -0.634640811920E+002     0.178266375989E+000
     0.146380117888E-002     0.400000000000E+001    -0.754392466178E-014    -0.616008196570E+002     0.183428524198E+000
     0.155262916586E-002     0.400000000000E+001    -0.732281853083E-014    -0.597953510835E+002     0.188740024865E+000
     0.164678682697E-002     0.400000000000E+001    -0.710868525276E-014    -0.580468201746E+002     0.194205577688E+000
     0.174659394236E-002     0.400000000000E+001    -0.690106510988E-014    -0.563514730507E+002     0.199829855661E+000
     0.185238947896E-002     0.400000000000E+001    -0.669968893196E-014    -0.547071117699E+002     0.205617623906E+000
     0.196453274170E-002     0.400000000000E+001    -0.650433118413E-014    -0.531118947002E+002     0.211573765069E+000
     0.208340459379E-002     0.400000000000E+001    -0.631478686666E-014    -0.515641478919E+002     0.217703290830E+000
     0.220940875020E-002     0.400000000000E+001    -0.613086835128E-014    -0.500623392438E+002     0.224011353654E+000
     0.234297314879E-002     0.400000000000E+001    -0.595240304392E-014    -0.486050594185E+002     0.230503259184E+000
     0.248455140365E-002     0.400000000000E+001    -0.577923029100E-014    -0.471909965798E+002     0.237184478125E+000
     0.263462434571E-002     0.400000000000E+001    -0.561119787255E-014    -0.458189077574E+002     0.244060656414E+000
     0.279370165569E-002     0.400000000000E+001    -0.544815872813E-014    -0.444875921116E+002     0.251137622895E+000
     0.296232359518E-002     0.400000000000E+001    -0.528996841509E-014    -0.431958701788E+002     0.258421394302E+000
     0.314106284138E-002     0.400000000000E+001    -0.513648396497E-014    -0.419425745328E+002     0.265918178458E+000
     0.333052643213E-002     0.400000000000E+001    -0.498756402958E-014    -0.407265509782E+002     0.273634377045E+000
     0.353135782749E-002     0.400000000000E+001    -0.484306985084E-014    -0.395466664691E+002     0.281576589254E+000
     0.374423909507E-002     0.400000000000E+001    -0.470286618815E-014    -0.384018166823E+002     0.289751616667E+000
     0.396989322653E-002     0.400000000000E+001    -0.456682171718E-014    -0.372909292733E+002     0.298166468923E+000
     0.420908659296E-002     0.400000000000E+001    -0.443480898867E-014    -0.362129635398E+002     0.306828369581E+000
     0.446263154769E-002     0.400000000000E+001    -0.430668894385E-014    -0.351667839809E+002     0.315744730233E+000
     0.473138918520E-002     0.400000000000E+001    -0.418238102670E-014    -0.341517328066E+002     0.324923269259E+000
     0.501627226558E-002     0.400000000000E+001    -0.406172915361E-014    -0.331665354977E+002     0.334371854057E+000
     0.531824831448E-002     0.400000000000E+001    -0.394462505914E-014    -0.322103079997E+002     0.344098595601E+000
     0.563834290904E-002     0.400000000000E+001    -0.383095195883E-014    -0.312820966951E+002     0.354111825659E+000
     0.597764316095E-002     0.400000000000E+001    -0.372059239300E-014    -0.303809424529E+002     0.364420087087E+000
     0.633730140856E-002     0.400000000000E+001    -0.361350696553E-014    -0.295065235792E+002     0.375032351650E+000
     0.671853913045E-002     0.400000000000E+001    -0.350936240376E-014    -0.286561186964E+002     0.385957145061E+000
     0.712265109384E-002     0.400000000000E+001    -0.340804783486E-014    -0.278288224591E+002     0.397203105143E+000
     0.755100975191E-002     0.400000000000E+001    -0.330920673699E-014    -0.270217236455E+002     0.408778094423E+000
     0.800506990496E-002     0.400000000000E+001    -0.321245467980E-014    -0.262316831435E+002     0.420688856486E+000
     0.848637364120E-002     0.400000000000E+001    -0.311723431751E-014    -0.254541498796E+002     0.432940033925E+000
     0.899655557408E-002     0.400000000000E+001    -0.302272841367E-014    -0.246824506116E+002     0.445532574287E+000
     0.953734839373E-002     0.400000000000E+001    -0.292797963568E-014    -0.239087681258E+002     0.458462264416E+000
     0.101105887516E-001     0.400000000000E+001    -0.283145372118E-014    -0.231205742190E+002     0.471715910656E+000
     0.107182234982E-001     0.400000000000E+001    -0.273118917511E-014    -0.223018520688E+002     0.485267290886E+000
     0.113623162948E-001     0.400000000000E+001    -0.262434052767E-014    -0.214293666508E+002     0.499069791581E+000
     0.120450546223E-001     0.400000000000E+001    -0.250884399672E-014    -0.204862659051E+002     0.513056550502E+000
     0.127687572104E-001     0.400000000000E+001    -0.238061182730E-014    -0.194391707793E+002     0.527124728706E+000
     0.135358819124E-001     0.400000000000E+001    -0.223602912821E-014    -0.182585634467E+002     0.541131323749E+000
     0.143490340526E-001     0.400000000000E+001    -0.207228552991E-014    -0.169214954985E+002     0.554891074029E+000
     0.152109752747E-001     0.400000000000E+001    -0.188383375906E-014    -0.153826700105E+002     0.568150031417E+000
     0.161246329208E-001     0.400000000000E+001    -0.167005888583E-014    -0.136370656992E+002     0.580609640764E+000
     0.170931099734E-001     0.400000000000E+001    -0.143095104130E-014    -0.116846019791E+002     0.591925909649E+000
     0.181196955938E-001     0.400000000000E+001    -0.117155192397E-014    -0.956644744253E+001     0.601746687031E+000
     0.192078762926E-001     0.400000000000E+001    -0.907088949888E-015    -0.740694337763E+001     0.609806779852E+000
     0.203613477710E-001     0.400000000000E+001    -0.663938706064E-015    -0.542147096229E+001     0.616060291978E+000
     0.215840274722E-001     0.400000000000E+001    -0.475304648900E-015    -0.388115699344E+001     0.620805703851E+000
     0.228800678855E-001     0.400000000000E+001    -0.357750753096E-015    -0.292125658880E+001     0.624591770448E+000
     0.242538706494E-001     0.400000000000E+001    -0.300565458452E-015    -0.245430322164E+001     0.627963498997E+000
     0.257101015006E-001     0.400000000000E+001    -0.281376405896E-015    -0.229761271652E+001     0.631309353519E+000
     0.272537061195E-001     0.400000000000E+001    -0.280559547787E-015    -0.229094256387E+001     0.634845663042E+000
     0.288899269272E-001     0.400000000000E+001    -0.294357799154E-015    -0.240361383673E+001     0.638778506016E+000
     0.306243208897E-001     0.400000000000E+001    -0.309550318503E-015    -0.252767017167E+001     0.643162481901E+000
     0.324627783907E-001     0.400000000000E+001    -0.326424657015E-015    -0.266545960225E+001     0.648062816100E+000
     0.344115432366E-001     0.400000000000E+001    -0.341861608802E-015    -0.279151187951E+001     0.653502816318E+000
     0.364772338618E-001     0.400000000000E+001    -0.354182181177E-015    -0.289211698772E+001     0.659477035266E+000
     0.386668658063E-001     0.400000000000E+001    -0.363965959739E-015    -0.297200760245E+001     0.665984638052E+000
     0.409878755421E-001     0.400000000000E+001    -0.372159321011E-015    -0.303891147448E+001     0.673037981171E+000
     0.434481457293E-001     0.400000000000E+001    -0.379369440954E-015    -0.309778657176E+001     0.680659373119E+000
     0.460560319869E-001     0.400000000000E+001    -0.385757204425E-015    -0.314994661884E+001     0.688874075619E+000
     0.488203912708E-001     0.400000000000E+001    -0.391213090204E-015    -0.319449730711E+001     0.697704813907E+000
     0.517506119535E-001     0.400000000000E+001    -0.394080601130E-015    -0.321791231075E+001     0.707134007115E+000
     0.548566457095E-001     0.400000000000E+001    -0.394409850510E-015    -0.322060083597E+001     0.717137302026E+000
     0.581490413132E-001     0.400000000000E+001    -0.391823389920E-015    -0.319948078248E+001     0.727671258489E+000
     0.616389804647E-001     0.400000000000E+001    -0.385472081762E-015    -0.314761841561E+001     0.738656255231E+000
     0.653383157655E-001     0.400000000000E+001    -0.375234171857E-015    -0.306401953704E+001     0.749991090867E+000
     0.692596109728E-001     0.400000000000E+001    -0.361372353953E-015    -0.295082920402E+001     0.761562163282E+000
     0.734161836681E-001     0.400000000000E+001    -0.344442541952E-015    -0.281258679802E+001     0.773252884770E+000
     0.778221504872E-001     0.400000000000E+001    -0.326577842909E-015    -0.266671046000E+001     0.785002322573E+000
     0.824924750635E-001     0.400000000000E+001    -0.310199416775E-015    -0.253297046129E+001     0.796832116769E+000
     0.874430188470E-001     0.400000000000E+001    -0.297300006358E-015    -0.242763878177E+001     0.808850248849E+000
     0.926905949743E-001     0.400000000000E+001    -0.291376524442E-015    -0.237926988128E+001     0.821335648678E+000
     0.982530253690E-001     0.400000000000E+001    -0.291423375056E-015    -0.237965244558E+001     0.834572299770E+000
     0.104149201269E+000     0.400000000000E+001    -0.295368397094E-015    -0.241186599516E+001     0.848793085925E+000
     0.110399147386E+000     0.400000000000E+001    -0.300647685553E-015    -0.245497465688E+001     0.864136545249E+000
     0.117024089912E+000     0.400000000000E+001    -0.305887722287E-015    -0.249776280394E+001     0.880684080268E+000
     0.124046528610E+000     0.400000000000E+001    -0.309461390766E-015    -0.252694402159E+001     0.898429389755E+000
     0.131490313229E+000     0.400000000000E+001    -0.309917865950E-015    -0.253067142433E+001     0.917267162778E+000
     0.139380724499E+000     0.400000000000E+001    -0.307044502649E-015    -0.250720863242E+001     0.937050070027E+000
     0.147744559993E+000     0.400000000000E+001    -0.301219415339E-015    -0.245964318487E+001     0.957622121000E+000
     0.156610225139E+000     0.400000000000E+001    -0.293007249614E-015    -0.239258576283E+001     0.978833985205E+000
     0.166007829686E+000     0.400000000000E+001    -0.282396471262E-015    -0.230594218234E+001     0.100050431794E+001
     0.175969289968E+000     0.400000000000E+001    -0.270315598669E-015    -0.220729437139E+001     0.102249219315E+001
     0.185969289968E+000     0.400000000000E+001    -0.260724700641E-015    -0.212897874573E+001     0.104378198061E+001
     0.195969289968E+000     0.400000000000E+001    -0.256609482729E-015    -0.209537544137E+001     0.106473573503E+001
     0.205969289968E+000     0.400000000000E+001    -0.258142047685E-015    -0.210788978394E+001     0.108581463287E+001
     0.215969289968E+000     0.400000000000E+001    -0.261990820454E-015    -0.213931739859E+001     0.110720780685E+001
     0.225969289968E+000     0.400000000000E+001    -0.264292791613E-015    -0.215811441957E+001     0.112878895105E+001
     0.235969289968E+000     0.400000000000E+001    -0.264061400458E-015    -0.215622496741E+001     0.115035120072E+001
     0.245969289968E+000     0.400000000000E+001    -0.261571732557E-015    -0.213589528621E+001     0.117171015358E+001
     0.255969289968E+000     0.400000000000E+001    -0.257868221227E-015    -0.210565382122E+001     0.119276669180E+001
     0.265969289968E+000     0.400000000000E+001    -0.254286215358E-015    -0.207640452362E+001     0.121353073703E+001
     0.275969289968E+000     0.400000000000E+001    -0.251879159705E-015    -0.205674942261E+001     0.123409823126E+001
     0.285969289968E+000     0.400000000000E+001    -0.251128812270E-015    -0.205062237083E+001     0.125460445497E+001
     0.295969289968E+000     0.400000000000E+001    -0.252044974920E-015    -0.205810340659E+001     0.127518548903E+001
     0.305969289968E+000     0.400000000000E+001    -0.253003965948E-015    -0.206593416260E+001     0.129584483066E+001
     0.315969289968E+000     0.400000000000E+001    -0.253878646070E-015    -0.207307646781E+001     0.131657559534E+001
     0.325969289968E+000     0.400000000000E+001    -0.253780655216E-015    -0.207227631177E+001     0.133729835845E+001
     0.335969289968E+000     0.400000000000E+001    -0.252257050845E-015    -0.205983513794E+001     0.135789670983E+001
     0.345969289968E+000     0.400000000000E+001    -0.249648043686E-015    -0.203853097774E+001     0.137828201961E+001
     0.355969289968E+000     0.400000000000E+001    -0.246406817685E-015    -0.201206435894E+001     0.139840266320E+001
     0.365969289968E+000     0.400000000000E+001    -0.243630021358E-015    -0.198939009621E+001     0.141829656416E+001
     0.375969289968E+000     0.400000000000E+001    -0.242030654163E-015    -0.197633027198E+001     0.143805986688E+001
     0.385969289968E+000     0.400000000000E+001    -0.241630884650E-015    -0.197306590618E+001     0.145779052594E+001
     0.395969289968E+000     0.400000000000E+001    -0.241974346137E-015    -0.197587048205E+001     0.147754923076E+001
     0.405969289968E+000     0.400000000000E+001    -0.242525443326E-015    -0.198037053210E+001     0.149735293608E+001
     0.415969289968E+000     0.400000000000E+001    -0.242662927600E-015    -0.198149317639E+001     0.151716786785E+001
     0.425969289968E+000     0.400000000000E+001    -0.241630962983E-015    -0.197306654581E+001     0.153689853331E+001
     0.435969289968E+000     0.400000000000E+001    -0.240465725842E-015    -0.196355166248E+001     0.155653404993E+001
     0.445969289968E+000     0.400000000000E+001    -0.238851182982E-015    -0.195036791954E+001     0.157603772913E+001
     0.455969289968E+000     0.400000000000E+001    -0.236927076125E-015    -0.193465639473E+001     0.159538429307E+001
     0.465969289968E+000     0.400000000000E+001    -0.234826036661E-015    -0.191750010554E+001     0.161455929413E+001
     0.475969289968E+000     0.400000000000E+001    -0.232751749812E-015    -0.190056226803E+001     0.163356491681E+001
     0.485969289968E+000     0.400000000000E+001    -0.231070538217E-015    -0.188683413354E+001     0.165243325815E+001
     0.495969289968E+000     0.400000000000E+001    -0.230063690340E-015    -0.187861259671E+001     0.167121938411E+001
     0.505969289968E+000     0.400000000000E+001    -0.230338266323E-015    -0.188085467976E+001     0.169002793091E+001
     0.515969289968E+000     0.400000000000E+001    -0.230757012652E-015    -0.188427400303E+001     0.170887067094E+001
     0.525969289968E+000     0.400000000000E+001    -0.231502626336E-015    -0.189036240079E+001     0.172777429495E+001
     0.535969289968E+000     0.400000000000E+001    -0.232371722468E-015    -0.189745910927E+001     0.174674888604E+001
     0.545969289968E+000     0.400000000000E+001    -0.233138587364E-015    -0.190372103635E+001     0.176578609640E+001
     0.555969289968E+000     0.400000000000E+001    -0.233622725776E-015    -0.190767432650E+001     0.178486283967E+001
     0.565969289968E+000     0.400000000000E+001    -0.233298470967E-015    -0.190502658504E+001     0.180391310552E+001
     0.575969289968E+000     0.400000000000E+001    -0.232683887352E-015    -0.190000812899E+001     0.182291318681E+001
     0.585969289968E+000     0.400000000000E+001    -0.231042892400E-015    -0.188660838832E+001     0.184177927069E+001
     0.595969289968E+000     0.400000000000E+001    -0.229366554511E-015    -0.187292005067E+001     0.186050847120E+001
     0.605969289968E+000     0.400000000000E+001    -0.227412189387E-015    -0.185696144835E+001     0.187907808568E+001
     0.615969289968E+000     0.400000000000E+001    -0.225470913159E-015    -0.184110972499E+001     0.189748918293E+001
     0.625969289968E+000     0.400000000000E+001    -0.223756192677E-015    -0.182710796968E+001     0.191576026263E+001
     0.635969289968E+000     0.400000000000E+001    -0.222410959328E-015    -0.181612330578E+001     0.193392149569E+001
     0.645969289968E+000     0.400000000000E+001    -0.221503935510E-015    -0.180871689424E+001     0.195200866463E+001
     0.655969289968E+000     0.400000000000E+001    -0.221538857485E-015    -0.180900205381E+001     0.197009868517E+001
     0.665969289968E+000     0.400000000000E+001    -0.221579733904E-015    -0.180933583510E+001     0.198819204352E+001
     0.675969289968E+000     0.400000000000E+001    -0.222335240249E-015    -0.181550501258E+001     0.200634709365E+001
     0.685969289968E+000     0.400000000000E+001    -0.223193479143E-015    -0.182251306498E+001     0.202457222430E+001
     0.695969289968E+000     0.400000000000E+001    -0.224038926853E-015    -0.182941666943E+001     0.204286639099E+001
     0.705969289968E+000     0.400000000000E+001    -0.224770366601E-015    -0.183538932823E+001     0.206122028427E+001
     0.715969289968E+000     0.400000000000E+001    -0.225310220216E-015    -0.183979756754E+001     0.207961825995E+001
     0.725969289968E+000     0.400000000000E+001    -0.225432695636E-015    -0.184079765523E+001     0.209802623650E+001
     0.735969289968E+000     0.400000000000E+001    -0.225457307078E-015    -0.184099862291E+001     0.211643622273E+001
     0.745969289968E+000     0.400000000000E+001    -0.225395352684E-015    -0.184049272689E+001     0.213484115000E+001
     0.755969289968E+000     0.400000000000E+001    -0.225068812668E-015    -0.183782632531E+001     0.215321941325E+001
