 #        time                      h  [L]            Darcian flow [L.T^{-1}]   in    x         z              directions   cumulative flux
 #-----------------------------------------------------------------------------------------------

     0.100000000000E-005    -0.280000000000E+003    -0.505778066013E-014    -0.317210359170E-014     0.597020823778E-020
     0.205999994278E-005    -0.280000000000E+003    -0.786146445611E-030    -0.641937288497E-014     0.127747431285E-019
     0.318359982147E-005    -0.280000000000E+003    -0.505778066013E-014    -0.317210359170E-014     0.194828683803E-019
     0.437461562859E-005    -0.280000000000E+003     0.505778066013E-014    -0.324726929327E-014     0.266414483619E-019
     0.563709231599E-005    -0.280000000000E+003     0.151733419804E-013    -0.974180787982E-014     0.494057314745E-019
     0.697531753239E-005    -0.280000000000E+003     0.151733419804E-013    -0.161611807648E-013     0.790713223376E-019
     0.839383618521E-005    -0.280000000000E+003     0.202311226405E-013    -0.194084500581E-013     0.118840126049E-018
     0.989746587602E-005    -0.280000000000E+003     0.151733419804E-013    -0.225805536498E-013     0.159746363082E-018
     0.114913132622E-004    -0.280000000000E+003     0.202311226405E-013    -0.194084500581E-013     0.204430586108E-018
     0.131807914004E-004    -0.280000000000E+003     0.202311226405E-013    -0.194084500581E-013     0.251795859959E-018
     0.149716381303E-004    -0.280000000000E+003     0.151733419804E-013    -0.225805536498E-013     0.300515834875E-018
     0.168699355614E-004    -0.280000000000E+003     0.202311226405E-013    -0.194084500581E-013     0.353735450828E-018
     0.188821307298E-004    -0.280000000000E+003     0.252889033006E-013    -0.162363464664E-013     0.414206772726E-018
     0.210150574931E-004    -0.280000000000E+003     0.303466839608E-013    -0.259029886446E-013     0.499307237483E-018
     0.232759597402E-004    -0.280000000000E+003     0.252889033006E-013    -0.226557193513E-013     0.576071786004E-018
     0.256725159928E-004    -0.280000000000E+003     0.252889033006E-013    -0.290750922363E-013     0.668421320959E-018
     0.282128654833E-004    -0.280000000000E+003     0.303466839608E-013    -0.194836157596E-013     0.760033681941E-018
     0.309056357980E-004    -0.280000000000E+003     0.354044646209E-013    -0.989213928296E-014     0.859021124978E-018
     0.337599721774E-004    -0.280000000000E+003     0.303466839608E-013    -0.194836157596E-013     0.961956762663E-018
     0.367855685763E-004    -0.280000000000E+003     0.202311226405E-013    -0.194084500581E-013     0.104678070845E-017
     0.399927005860E-004    -0.280000000000E+003     0.202311226405E-013    -0.194084500581E-013     0.113669408612E-017
     0.433922603327E-004    -0.280000000000E+003     0.151733419804E-013    -0.974180787982E-014     0.119799307192E-017
     0.469957934698E-004    -0.280000000000E+003     0.151733419804E-013    -0.161611807648E-013     0.127787569436E-017
     0.508155383889E-004    -0.280000000000E+003     0.101155613203E-013    -0.129139114715E-013     0.134053507809E-017
     0.548644677845E-004    -0.280000000000E+003     0.505778066013E-014    -0.160860150632E-013     0.140880980421E-017
     0.591563327122E-004    -0.280000000000E+003     0.505778066013E-014    -0.966664217824E-014     0.145563346367E-017
     0.637057092900E-004    -0.280000000000E+003     0.151733419804E-013    -0.161611807648E-013     0.155648341224E-017
     0.685280482021E-004    -0.280000000000E+003     0.202311226405E-013    -0.150331403146E-015     0.165404743558E-017
     0.736397271730E-004    -0.280000000000E+003     0.151733419804E-013    -0.332243499485E-014     0.173344628812E-017
     0.790581065897E-004    -0.280000000000E+003     0.252889033006E-013    -0.339760069642E-014     0.187170230124E-017
     0.848015884613E-004    -0.280000000000E+003     0.202311226405E-013    -0.656970428812E-014     0.199387243021E-017
     0.908896789166E-004    -0.280000000000E+003     0.202311226405E-013    -0.150331403146E-015     0.211704473522E-017
     0.973430544509E-004    -0.280000000000E+003     0.252889033006E-013    -0.339760069642E-014     0.228170983227E-017
     0.104183632148E-003    -0.280000000000E+003     0.252889033006E-013    -0.981697358139E-014     0.246727764714E-017
     0.111434644115E-003    -0.280000000000E+003     0.252889033006E-013    -0.339760069642E-014     0.265229533021E-017
     0.119120716386E-003    -0.280000000000E+003     0.252889033006E-013     0.302177218855E-014     0.284805036220E-017
     0.127267952553E-003    -0.280000000000E+003     0.252889033006E-013     0.302177218855E-014     0.305555068491E-017
     0.135904022424E-003    -0.280000000000E+003     0.252889033006E-013     0.944114507352E-014     0.328867080576E-017
     0.145058255993E-003    -0.280000000000E+003     0.151733419804E-013     0.951631077510E-014     0.345262884776E-017
     0.154761743052E-003    -0.280000000000E+003     0.151733419804E-013     0.951631077510E-014     0.362642436289E-017
     0.165047438780E-003    -0.280000000000E+003     0.151733419804E-013     0.159356836601E-013     0.385275088286E-017
     0.175950275662E-003    -0.280000000000E+003     0.151733419804E-013     0.159356836601E-013     0.409265698108E-017
     0.187507282134E-003    -0.280000000000E+003     0.151733419804E-013     0.223550565450E-013     0.440490557982E-017
     0.199757708333E-003    -0.280000000000E+003     0.151733419804E-013     0.159356836601E-013     0.467446404268E-017
     0.212743159403E-003    -0.280000000000E+003     0.151733419804E-013     0.951631077510E-014     0.490704158353E-017
     0.226507736794E-003    -0.280000000000E+003     0.101155613203E-013    -0.751657015730E-016     0.504628185411E-017
     0.241098188040E-003    -0.280000000000E+003     0.505778066013E-014     0.959147647667E-014     0.520449077084E-017
     0.256564065527E-003    -0.280000000000E+003     0.786146445611E-030     0.641937288497E-014     0.530377200542E-017
     0.272957894778E-003    -0.280000000000E+003    -0.101155613203E-013     0.649453858654E-014     0.550084166176E-017
     0.290335352846E-003    -0.280000000000E+003    -0.101155613203E-013     0.129139114715E-013     0.578590279447E-017
     0.308755457403E-003    -0.280000000000E+003     0.235843933683E-029     0.192581186549E-013     0.614063935368E-017
     0.328280767180E-003    -0.280000000000E+003     0.505778066013E-014     0.160108493616E-013     0.646848345863E-017
     0.348977594427E-003    -0.280000000000E+003     0.101155613203E-013     0.191829529533E-013     0.691732805748E-017
     0.370916230124E-003    -0.280000000000E+003     0.101155613203E-013     0.320216987233E-013     0.765405925058E-017
     0.394171182707E-003    -0.280000000000E+003     0.151733419804E-013     0.351938023150E-013     0.854531392560E-017
     0.418821431115E-003    -0.280000000000E+003     0.151733419804E-013     0.351938023150E-013     0.949004383012E-017
     0.444950693017E-003    -0.280000000000E+003     0.252889033006E-013     0.479573823834E-013     0.109066834359E-016
     0.472647709137E-003    -0.280000000000E+003     0.303466839608E-013     0.575488588600E-013     0.127086489172E-016
     0.502006544641E-003    -0.280000000000E+003     0.252889033006E-013     0.479573823834E-013     0.143003850064E-016
     0.533126908594E-003    -0.280000000000E+003     0.252889033006E-013     0.415380094984E-013     0.158137868519E-016
     0.566114492604E-003    -0.280000000000E+003     0.354044646209E-013     0.414628437968E-013     0.176123344089E-016
     0.601081329767E-003    -0.280000000000E+003     0.303466839608E-013     0.447101130901E-013     0.195018108807E-016
     0.638146175159E-003    -0.280000000000E+003     0.252889033006E-013     0.479573823834E-013     0.215113405858E-016
     0.677434909153E-003    -0.280000000000E+003     0.252889033006E-013     0.415380094984E-013     0.234219751344E-016
     0.719080964939E-003    -0.280000000000E+003     0.252889033006E-013     0.543767552683E-013     0.259194749483E-016
     0.763225781689E-003    -0.280000000000E+003     0.202311226405E-013     0.319465330217E-013     0.275887557829E-016
     0.810019284919E-003    -0.280000000000E+003     0.202311226405E-013     0.383659059067E-013     0.296183433072E-016
     0.859620395664E-003    -0.280000000000E+003     0.252889033006E-013     0.479573823834E-013     0.323075466317E-016
     0.912197570216E-003    -0.280000000000E+003     0.354044646209E-013     0.286240980269E-013     0.347012896575E-016
     0.967929372233E-003    -0.280000000000E+003     0.354044646209E-013     0.350434709118E-013     0.374775619595E-016
     0.102700507918E-002    -0.280000000000E+003     0.354044646209E-013     0.350434709118E-013     0.404204104408E-016
     0.108962532517E-002    -0.280000000000E+003     0.354044646209E-013     0.350434709118E-013     0.435398296625E-016
     0.115600278233E-002    -0.280000000000E+003     0.354044646209E-013     0.350434709118E-013     0.468464138591E-016
     0.122636288312E-002    -0.280000000000E+003     0.354044646209E-013     0.286240980269E-013     0.500497811378E-016
     0.130094458593E-002    -0.280000000000E+003     0.202311226405E-013     0.383659059067E-013     0.532846339085E-016
     0.138000118665E-002    -0.280000000000E+003     0.202311226405E-013     0.383659059067E-013     0.567135776603E-016
     0.146380117888E-002    -0.280000000000E+003     0.202311226405E-013     0.512046516766E-013     0.613273092573E-016
     0.155262916586E-002    -0.280000000000E+003     0.101155613203E-013     0.320216987233E-013     0.643102818417E-016
     0.164678682697E-002    -0.280000000000E+003     0.252889033006E-013     0.944114507352E-014     0.668519524934E-016
     0.174659394236E-002    -0.280000000000E+003     0.252889033006E-013     0.302177218855E-014     0.693939198830E-016
     0.185238947896E-002    -0.280000000000E+003     0.252889033006E-013     0.158605179585E-013     0.725520268037E-016
     0.196453274170E-002    -0.280000000000E+003     0.252889033006E-013     0.158605179585E-013     0.758996199589E-016
     0.208340459379E-002    -0.280000000000E+003     0.151733419804E-013     0.159356836601E-013     0.785152770150E-016
     0.220940875020E-002    -0.280000000000E+003     0.303466839608E-013     0.619387578025E-014     0.824179195301E-016
     0.234297314879E-002    -0.280000000000E+003     0.303466839608E-013     0.126132486652E-013     0.868073245982E-016
     0.248455140365E-002    -0.280000000000E+003     0.303466839608E-013     0.619387578025E-014     0.911923332548E-016
     0.263462434571E-002    -0.280000000000E+003     0.303466839608E-013     0.619387578025E-014     0.958404421799E-016
     0.279370165569E-002    -0.280000000000E+003     0.354044646209E-013     0.294660648698E-014     0.101491961344E-015
     0.296232359518E-002    -0.280000000000E+003     0.303466839608E-013    -0.225497104719E-015     0.106609219321E-015
     0.314106284138E-002    -0.280000000000E+003     0.202311226405E-013     0.626904148183E-014     0.110394945266E-015
     0.333052643213E-002    -0.280000000000E+003     0.252889033006E-013    -0.981697358139E-014     0.115534620026E-015
     0.353135782749E-002    -0.280000000000E+003     0.252889033006E-013    -0.981697358139E-014     0.120982674978E-015
     0.374423909507E-002    -0.280000000000E+003     0.252889033006E-013     0.302177218855E-014     0.126404505255E-015
     0.396989322653E-002    -0.280000000000E+003     0.252889033006E-013    -0.339760069642E-014     0.132162322890E-015
     0.420908659296E-002    -0.280000000000E+003     0.252889033006E-013     0.944114507352E-014     0.138619054635E-015
     0.446263154769E-002    -0.280000000000E+003     0.151733419804E-013    -0.161611807648E-013     0.144239604002E-015
     0.473138918520E-002    -0.280000000000E+003     0.252889033006E-013    -0.162363464664E-013     0.152316419743E-015
     0.501627226558E-002    -0.280000000000E+003     0.404622452810E-013    -0.323975272311E-013     0.167083130419E-015
     0.531824831448E-002    -0.280000000000E+003     0.455200259411E-013    -0.292254236394E-013     0.183418326956E-015
     0.563834290904E-002    -0.280000000000E+003     0.455200259411E-013    -0.228060507545E-013     0.199715476394E-015
     0.597764316095E-002    -0.280000000000E+003     0.252889033006E-013    -0.981697358139E-014     0.208919846131E-015
     0.633730140856E-002    -0.280000000000E+003     0.455200259411E-013    -0.163866778695E-013     0.226320006487E-015
     0.671853913045E-002    -0.280000000000E+003     0.404622452810E-013    -0.259781543462E-013     0.244651388542E-015
     0.712265109384E-002    -0.280000000000E+003     0.151733419804E-013    -0.974180787982E-014     0.251938112515E-015
     0.755100975191E-002    -0.280000000000E+003     0.505778066013E-014    -0.966664217824E-014     0.256611446898E-015
     0.800506990496E-002    -0.280000000000E+003     0.786146445611E-030     0.641937288497E-014     0.259526228333E-015
     0.848637364120E-002    -0.280000000000E+003    -0.786146445611E-030    -0.641937288497E-014     0.262615896487E-015
     0.899655557408E-002    -0.280000000000E+003    -0.101155613203E-013    -0.634420718340E-014     0.268707681243E-015
     0.953734839373E-002    -0.280000000000E+003    -0.505778066013E-014    -0.959147647667E-014     0.274571670282E-015
     0.101105887516E-001    -0.280000000000E+003    -0.202311226405E-013    -0.126884143668E-013     0.288261127509E-015
     0.107182234982E-001    -0.280000000000E+003    -0.202311226405E-013    -0.255271601367E-013     0.308052997557E-015
     0.113623162948E-001    -0.280000000000E+003    -0.354044646209E-013    -0.286240980269E-013     0.337377369833E-015
     0.120450546223E-001    -0.280000000000E+003    -0.404622452810E-013    -0.189574558486E-013     0.367884227155E-015
     0.127687572104E-001    -0.280000000000E+003    -0.252889033006E-013    -0.302177218855E-014     0.386316063118E-015
     0.135358819124E-001    -0.280000000000E+003    -0.505778066013E-014     0.324726929327E-014     0.390926852918E-015
     0.143490340526E-001    -0.280000000000E+003     0.101155613203E-013    -0.751657015730E-016     0.399152570338E-015
     0.152109752747E-001    -0.280000000000E+003     0.101155613203E-013     0.634420718340E-014     0.409444507508E-015
     0.161246329208E-001    -0.280000000000E+003     0.505778066013E-014     0.959147647667E-014     0.419351588790E-015
     0.170931099734E-001    -0.280000000000E+003    -0.505778066013E-014     0.324726929327E-014     0.425172603423E-015
     0.181196955938E-001    -0.280000000000E+003    -0.505778066013E-014     0.966664217824E-014     0.436372512159E-015
     0.192078762926E-001    -0.280000000000E+003     0.505778066013E-014     0.224302222466E-013     0.461393476104E-015
     0.203613477710E-001    -0.280000000000E+003     0.151733419804E-013    -0.225805536498E-013     0.492773660997E-015
     0.215840274722E-001    -0.280000000000E+003    -0.556355872614E-013     0.164618435711E-013     0.563713436778E-015
     0.228800678855E-001    -0.279999999997E+003     0.353882797237E-009    -0.152399985687E-009     0.499932625367E-012
     0.242538706494E-001    -0.279999999999E+003     0.150428512395E-009    -0.586096927066E-010     0.721723427421E-012
     0.257101015006E-001    -0.279999999999E+003     0.781730578834E-010    -0.276706341165E-010     0.842482559142E-012
     0.272537061195E-001    -0.280000000775E+003    -0.833470203013E-007     0.349421951239E-007     0.140346110107E-009
     0.288899269272E-001    -0.280000000328E+003    -0.347865048877E-007     0.129676844542E-007     0.201090722474E-009
     0.306243208897E-001    -0.280000000454E+003    -0.474111248984E-007     0.181349139492E-007     0.289130478009E-009
     0.324627783907E-001    -0.280000001879E+003    -0.201299748147E-006     0.804494485413E-007     0.687671863187E-009
     0.344115432366E-001    -0.280000000760E+003    -0.787072703091E-007     0.276507170361E-007     0.850243668525E-009
     0.364772338618E-001    -0.279999999406E+003     0.716942384540E-007    -0.317694166151E-007     0.101223069219E-008
     0.386668658063E-001    -0.279999999899E+003     0.189096257251E-007    -0.779791206308E-008     0.105701824086E-008
     0.409878755421E-001    -0.280000000010E+003     0.567234652989E-008    -0.216396729270E-008     0.107110932582E-008
     0.434481457293E-001    -0.279999950206E+003     0.550458336549E-005    -0.212185937550E-005     0.155851865812E-007
     0.460560319869E-001    -0.279999983249E+003     0.182321154912E-005    -0.605862262901E-006     0.205955662485E-007
     0.488203912708E-001    -0.279999968523E+003     0.338868581173E-005    -0.121224163858E-005     0.305444647107E-007
     0.517506119535E-001    -0.279999987049E+003     0.127447194876E-005    -0.395302252955E-006     0.344544625392E-007
     0.548566457095E-001    -0.280000062782E+003    -0.725735836227E-005     0.271387194200E-005     0.585205827929E-007
     0.581490413132E-001    -0.280000016819E+003    -0.204819247353E-005     0.649317961927E-006     0.655947958099E-007
     0.616389804647E-001    -0.279999997472E+003     0.255048290752E-006    -0.151766488503E-006     0.666305654056E-007
     0.653383157655E-001    -0.280000000323E+003    -0.211008737212E-007    -0.841243620840E-008     0.667145994492E-007
     0.692596109728E-001    -0.280000021199E+003    -0.239779568971E-005     0.829513722950E-006     0.766638126931E-007
     0.734161836681E-001    -0.280000000878E+003    -0.607485276472E-007    -0.148284686008E-007     0.769237320309E-007
     0.778221504872E-001    -0.280000001163E+003    -0.737361646269E-007     0.145330638741E-007     0.772548612330E-007
     0.824924750635E-001    -0.280000000570E+003    -0.113859290941E-007     0.873497052945E-010     0.773080387822E-007
     0.874430188470E-001    -0.279999999787E+003     0.695282082581E-007    -0.237824406383E-007     0.776718204311E-007
     0.926905949743E-001    -0.280000000225E+003     0.859592075863E-008    -0.191495123145E-008     0.777180339401E-007
     0.982530253690E-001    -0.280000000240E+003    -0.142576307643E-008     0.901182903488E-009     0.777274160487E-007
     0.104149201269E+000    -0.280000005134E+003    -0.580901996538E-006     0.183080648677E-006     0.813185969448E-007
     0.110399147386E+000    -0.280000001221E+003    -0.121481396069E-006     0.243080011517E-007     0.820928996518E-007
     0.117024089912E+000    -0.280000000521E+003    -0.338716989916E-007     0.669107568679E-008     0.823216341262E-007
     0.124046528610E+000    -0.280000000275E+003    -0.742691591380E-008     0.142595438946E-008     0.823747417923E-007
     0.131490313229E+000    -0.280000000227E+003    -0.397729202821E-008     0.554055036902E-008     0.824255106683E-007
     0.139380724499E+000    -0.280000008343E+003    -0.980149154955E-006     0.286785954446E-006     0.904835429072E-007
     0.147744559993E+000    -0.280000001637E+003    -0.165760651325E-006     0.379204906352E-007     0.919057529947E-007
     0.156610225139E+000    -0.280000001448E+003    -0.143383108241E-006     0.248236158753E-007     0.931958497753E-007
     0.166007829686E+000    -0.279999999513E+003     0.916681476755E-007    -0.284957877755E-007     0.940979737633E-007
     0.175969289968E+000    -0.280000000003E+003     0.252902334964E-007    -0.589644455697E-008     0.943566581319E-007
     0.185969289968E+000    -0.280000000329E+003     0.220977976901E-008     0.460574377554E-007     0.948177623175E-007
     0.195969289968E+000    -0.280000000211E+003     0.108725593332E-008     0.285794302786E-008     0.948483400280E-007
     0.205969289968E+000    -0.279999994841E+003     0.656596070015E-006    -0.183198912478E-006     0.101665085884E-006
     0.215969289968E+000    -0.279999999248E+003     0.114916595919E-006    -0.287086515313E-007     0.102849569345E-006
     0.225969289968E+000    -0.280000000003E+003     0.203923697452E-007    -0.672247990905E-008     0.103064287877E-006
     0.235969289968E+000    -0.280000000160E+003     0.403427298718E-008    -0.256042685688E-008     0.103112069824E-006
     0.245969289968E+000    -0.280000000212E+003     0.658219573983E-010    -0.106003869294E-008     0.103122690627E-006
     0.255969289968E+000    -0.280000000236E+003    -0.210473978212E-008    -0.955922765318E-009     0.103145807110E-006
     0.265969289968E+000    -0.280000004214E+003    -0.485141641861E-006     0.132338620992E-006     0.108174484106E-006
     0.275969289968E+000    -0.280000000876E+003    -0.721012068642E-007     0.149501271326E-007     0.108910832551E-006
     0.285969289968E+000    -0.279999996464E+003     0.453114812809E-006    -0.153568667761E-006     0.113695144093E-006
     0.295969289968E+000    -0.279999999699E+003     0.580310433630E-007    -0.127914120838E-007     0.114289384972E-006
     0.305969289968E+000    -0.279999998785E+003     0.160375337608E-006    -0.409456002334E-007     0.115944582576E-006
     0.315969289968E+000    -0.279999999835E+003     0.260828636277E-007    -0.433115111978E-008     0.116208982773E-006
     0.325969289968E+000    -0.279999999978E+003     0.667252771485E-008     0.137576316515E-008     0.116277111586E-006
     0.335969289968E+000    -0.279999999995E+003     0.311143539107E-008     0.302817095894E-009     0.116308372949E-006
     0.345969289968E+000    -0.280000005422E+003    -0.654753095345E-006     0.183034350621E-006     0.123106925658E-006
     0.355969289968E+000    -0.280000000904E+003    -0.954938721423E-007     0.206883307870E-007     0.124084017601E-006
     0.365969289968E+000    -0.280000009304E+003    -0.110518898234E-005     0.312966049766E-006     0.135570489796E-006
     0.375969289968E+000    -0.280000001676E+003    -0.165006303528E-006     0.354872774996E-007     0.137258282054E-006
     0.385969289968E+000    -0.280000004039E+003    -0.444789865565E-006     0.118351922408E-006     0.141860946522E-006
     0.395969289968E+000    -0.280000001003E+003    -0.721813877869E-007     0.143811993702E-007     0.142596947313E-006
     0.405969289968E+000    -0.280000000547E+003    -0.177949666404E-007     0.280133046975E-008     0.142777088449E-006
     0.415969289968E+000    -0.279999994885E+003     0.672892851733E-006    -0.172280969180E-006     0.149723062263E-006
     0.425969289968E+000    -0.279999997972E+003     0.104037760867E-006    -0.368407033871E-006     0.153551215843E-006
     0.435969289968E+000    -0.279999998937E+003     0.233570133689E-007    -0.115141344306E-006     0.154726080909E-006
     0.445969289968E+000    -0.279999998823E+003     0.226492326158E-007     0.113095423840E-007     0.154979239652E-006
     0.455969289968E+000    -0.279999998472E+003     0.274193723548E-007     0.499093210111E-007     0.155548692222E-006
     0.465969289968E+000    -0.279999998168E+003     0.269779849551E-007     0.332221766391E-007     0.155976655386E-006
     0.475969289968E+000    -0.279999997599E+003     0.518045318414E-007    -0.447646693944E-007     0.156661314801E-006
     0.485969289968E+000    -0.279999998857E+003    -0.751570887950E-007     0.602779572639E-007     0.157624747213E-006
     0.495969289968E+000    -0.279999998076E+003     0.818999859892E-008     0.156269508607E-008     0.157708124724E-006
     0.505969289968E+000    -0.279999998106E+003     0.117467412826E-007     0.292526424636E-008     0.157829179712E-006
     0.515969289968E+000    -0.279999998170E+003     0.110784162458E-007     0.295174168651E-008     0.157943828779E-006
     0.525969289968E+000    -0.279999998239E+003     0.979970811498E-008     0.222681575789E-008     0.158044324046E-006
     0.535969289968E+000    -0.279999998309E+003     0.855862987415E-008     0.168913935629E-008     0.158131561273E-006
     0.545969289968E+000    -0.279999986922E+003     0.139955839484E-005    -0.380960358050E-006     0.172636369079E-006
     0.555969289968E+000    -0.279999996576E+003     0.211122680218E-006    -0.425835921068E-007     0.174790113456E-006
     0.565969289968E+000    -0.279999997885E+003     0.489380294260E-007    -0.618016386309E-008     0.175283380640E-006
     0.575969289968E+000    -0.279999998220E+003     0.174532279035E-007    -0.182428861795E-008     0.175458863743E-006
     0.585969289968E+000    -0.279999997459E+003     0.133021303156E-007    -0.213300745851E-006     0.177596014998E-006
     0.595969289968E+000    -0.279999997538E+003     0.223197841852E-007    -0.101494171747E-006     0.178635208900E-006
     0.605969289968E+000    -0.280000000128E+003    -0.287412452170E-006     0.910539657806E-007     0.181650117561E-006
     0.615969289968E+000    -0.279999992348E+003     0.633450711450E-006    -0.152373019796E-006     0.188165310121E-006
     0.625969289968E+000    -0.279999996395E+003     0.111946821407E-006    -0.438019985725E-008     0.189285634939E-006
     0.635969289968E+000    -0.279999995849E+003     0.163715459402E-006    -0.268928509583E-007     0.190944730388E-006
     0.645969289968E+000    -0.279999996849E+003     0.408312721113E-007     0.253578747463E-008     0.191353829765E-006
     0.655969289968E+000    -0.279999996801E+003     0.548621629741E-007    -0.797108379657E-009     0.191902509299E-006
     0.665969289968E+000    -0.279999997158E+003     0.195844807743E-007     0.223074896232E-008     0.192099620467E-006
     0.675969289968E+000    -0.280000019812E+003    -0.272322546650E-005     0.753034160673E-006     0.220353854466E-006
     0.685969289968E+000    -0.280000001050E+003    -0.390823443084E-006     0.861671030780E-007     0.224355950583E-006
     0.695969289968E+000    -0.279999998704E+003    -0.758312708254E-007     0.172764485025E-007     0.225133694584E-006
     0.705969289968E+000    -0.279999998245E+003    -0.163407993748E-007     0.941078908203E-008     0.225322264114E-006
     0.715969289968E+000    -0.280000001894E+003    -0.483899970865E-006     0.918934563925E-007     0.230247744691E-006
     0.725969289968E+000    -0.279999998608E+003    -0.654695068005E-007     0.128108490333E-007     0.230914855939E-006
     0.735969289968E+000    -0.279999998157E+003    -0.939617814332E-008     0.594868516614E-008     0.231026065209E-006
     0.745969289968E+000    -0.279999998038E+003     0.164746080494E-008     0.403038402877E-008     0.231069606136E-006
     0.755969289968E+000    -0.279999998004E+003     0.418333091357E-008     0.278908028354E-008     0.231119884587E-006
