 #        time                      h  [L]            Darcian flow [L.T^{-1}]   in    x         z              directions   cumulative flux
 #-----------------------------------------------------------------------------------------------

     0.100000000000E-005    -0.280000000000E+003    -0.505778066013E-014     0.966664217824E-014     0.109098632534E-019
     0.205999994278E-005    -0.280000000000E+003    -0.101155613203E-013     0.649453858654E-014     0.236520860275E-019
     0.318359982147E-005    -0.280000000000E+003    -0.505778066013E-014     0.324726929327E-014     0.304054637332E-019
     0.437461562859E-005    -0.280000000000E+003     0.505778066013E-014     0.959147647667E-014     0.433200280239E-019
     0.563709231599E-005    -0.280000000000E+003     0.151733419804E-013     0.951631077510E-014     0.659317741812E-019
     0.697531753239E-005    -0.280000000000E+003     0.505778066013E-014     0.959147647667E-014     0.804425770516E-019
     0.839383618521E-005    -0.280000000000E+003     0.505778066013E-014     0.160108493616E-013     0.104260533509E-018
     0.989746587602E-005    -0.280000000000E+003     0.314458578245E-029     0.256774915399E-013     0.142869972174E-018
     0.114913132622E-004    -0.280000000000E+003     0.505778066013E-014     0.288495951316E-013     0.189553114138E-018
     0.131807914004E-004    -0.280000000000E+003     0.393073222806E-029     0.320968644249E-013     0.243780064888E-018
     0.149716381303E-004    -0.280000000000E+003    -0.151733419804E-013     0.482580451896E-013     0.334374064966E-018
     0.168699355614E-004    -0.280000000000E+003    -0.101155613203E-013     0.321720301264E-013     0.398393821566E-018
     0.188821307298E-004    -0.280000000000E+003    -0.151733419804E-013     0.289999265347E-013     0.464252143944E-018
     0.210150574931E-004    -0.280000000000E+003    -0.202311226405E-013     0.258278229430E-013     0.534229526918E-018
     0.232759597402E-004    -0.280000000000E+003    -0.202311226405E-013     0.322471958280E-013     0.620297771568E-018
     0.256725159928E-004    -0.280000000000E+003    -0.202311226405E-013     0.322471958280E-013     0.711530105972E-018
     0.282128654833E-004    -0.280000000000E+003    -0.202311226405E-013     0.322471958280E-013     0.808236375221E-018
     0.309056357980E-004    -0.280000000000E+003    -0.202311226405E-013     0.386665687130E-013     0.925747398843E-018
     0.337599721774E-004    -0.280000000000E+003    -0.202311226405E-013     0.386665687130E-013     0.105030907716E-017
     0.367855685763E-004    -0.280000000000E+003    -0.252889033006E-013     0.419138380062E-013     0.119841807648E-017
     0.399927005860E-004    -0.280000000000E+003    -0.252889033006E-013     0.547525837762E-013     0.139184228084E-017
     0.433922603327E-004    -0.280000000000E+003    -0.252889033006E-013     0.547525837762E-013     0.159687192639E-017
     0.469957934698E-004    -0.280000000000E+003    -0.252889033006E-013     0.547525837762E-013     0.181420333895E-017
     0.508155383889E-004    -0.280000000000E+003    -0.252889033006E-013     0.547525837762E-013     0.204457462382E-017
     0.548644677845E-004    -0.280000000000E+003    -0.252889033006E-013     0.483332108912E-013     0.226544095397E-017
     0.591563327122E-004    -0.280000000000E+003    -0.303466839608E-013     0.451611072995E-013     0.249896127498E-017
     0.637057092900E-004    -0.280000000000E+003    -0.252889033006E-013     0.483332108912E-013     0.274712665674E-017
     0.685280482021E-004    -0.280000000000E+003    -0.151733419804E-013     0.546774180746E-013     0.302076413099E-017
     0.736397271730E-004    -0.280000000000E+003    -0.151733419804E-013     0.610967909596E-013     0.334255835658E-017
     0.790581065897E-004    -0.280000000000E+003    -0.101155613203E-013     0.578495216663E-013     0.366076496431E-017
     0.848015884613E-004    -0.280000000000E+003    -0.101155613203E-013     0.578495216663E-013     0.399806395029E-017
     0.908896789166E-004    -0.280000000000E+003    -0.505778066013E-014     0.546022523730E-013     0.433191049034E-017
     0.973430544509E-004    -0.280000000000E+003    -0.505778066013E-014     0.610216252580E-013     0.472705631263E-017
     0.104183632148E-003    -0.280000000000E+003    -0.505778066013E-014     0.610216252580E-013     0.514591086165E-017
     0.111434644115E-003    -0.280000000000E+003    -0.505778066013E-014     0.738603710280E-013     0.568272750196E-017
     0.119120716386E-003    -0.280000000000E+003    -0.505778066013E-014     0.738603710280E-013     0.625175310996E-017
     0.127267952553E-003    -0.280000000000E+003    -0.101155613203E-013     0.771076403212E-013     0.688535004118E-017
     0.135904022424E-003    -0.280000000000E+003    -0.101155613203E-013     0.899463860912E-013     0.766703015329E-017
     0.145058255993E-003    -0.280000000000E+003    -0.505778066013E-014     0.995378625678E-013     0.857939855296E-017
     0.154761743052E-003    -0.280000000000E+003    -0.505778066013E-014     0.995378625678E-013     0.954650900441E-017
     0.165047438780E-003    -0.280000000000E+003     0.110060502386E-028     0.898712203896E-013     0.104708970320E-016
     0.175950275662E-003    -0.280000000000E+003    -0.151733419804E-013     0.931936553844E-013     0.115003516265E-016
     0.187507282134E-003    -0.280000000000E+003    -0.151733419804E-013     0.931936553844E-013     0.125915734377E-016
     0.199757708333E-003    -0.280000000000E+003    -0.252889033006E-013     0.996881939710E-013     0.138514786820E-016
     0.212743159403E-003    -0.280000000000E+003    -0.151733419804E-013     0.106032401154E-012     0.152423835822E-016
     0.226507736794E-003    -0.280000000000E+003    -0.202311226405E-013     0.102860297563E-012     0.166853380326E-016
     0.241098188040E-003    -0.280000000000E+003    -0.252889033006E-013     0.932688210860E-013     0.180953073052E-016
     0.256564065527E-003    -0.280000000000E+003    -0.354044646209E-013     0.933439867876E-013     0.196393082319E-016
     0.272957894778E-003    -0.280000000000E+003    -0.505778066013E-013     0.902470488975E-013     0.213353086481E-016
     0.290335352846E-003    -0.280000000000E+003    -0.556355872614E-013     0.934943181907E-013     0.232259015038E-016
     0.308755457403E-003    -0.280000000000E+003    -0.556355872614E-013     0.870749453058E-013     0.251292754877E-016
     0.328280767180E-003    -0.280000000000E+003    -0.404622452810E-013     0.901718831959E-013     0.270590401770E-016
     0.348977594427E-003    -0.280000000000E+003    -0.354044646209E-013     0.933439867876E-013     0.291252611512E-016
     0.370916230124E-003    -0.280000000000E+003    -0.303466839608E-013     0.900967174943E-013     0.312109712658E-016
     0.394171182707E-003    -0.280000000000E+003    -0.303466839608E-013     0.900967174943E-013     0.334218238678E-016
     0.418821431115E-003    -0.280000000000E+003    -0.404622452810E-013     0.837525103109E-013     0.357146516245E-016
     0.444950693017E-003    -0.280000000000E+003    -0.354044646209E-013     0.805052410176E-013     0.380126262434E-016
     0.472647709137E-003    -0.280000000000E+003    -0.455200259411E-013     0.741610338342E-013     0.404227332638E-016
     0.502006544641E-003    -0.280000000000E+003    -0.404622452810E-013     0.709137645410E-013     0.428197442469E-016
     0.533126908594E-003    -0.280000000000E+003    -0.404622452810E-013     0.837525103109E-013     0.457143858379E-016
     0.566114492604E-003    -0.280000000000E+003    -0.404622452810E-013     0.837525103109E-013     0.487827057587E-016
     0.601081329767E-003    -0.280000000000E+003    -0.455200259411E-013     0.741610338342E-013     0.518254096860E-016
     0.638146175159E-003    -0.280000000000E+003    -0.505778066013E-013     0.709889302425E-013     0.550561255838E-016
     0.677434909153E-003    -0.280000000000E+003    -0.404622452810E-013     0.773331374259E-013     0.584852033060E-016
     0.719080964939E-003    -0.280000000000E+003    -0.455200259411E-013     0.677416609493E-013     0.618841454256E-016
     0.763225781689E-003    -0.280000000000E+003    -0.354044646209E-013     0.612471223627E-013     0.650071177857E-016
     0.810019284919E-003    -0.280000000000E+003    -0.303466839608E-013     0.644192259544E-013     0.683392482574E-016
     0.859620395664E-003    -0.280000000000E+003    -0.303466839608E-013     0.644192259544E-013     0.718713063667E-016
     0.912197570216E-003    -0.280000000000E+003    -0.354044646209E-013     0.548277494778E-013     0.753027709713E-016
     0.967929372233E-003    -0.280000000000E+003    -0.455200259411E-013     0.549029151793E-013     0.792775085689E-016
     0.102700507918E-002    -0.280000000000E+003    -0.404622452810E-013     0.580750187710E-013     0.834589257914E-016
     0.108962532517E-002    -0.280000000000E+003    -0.404622452810E-013     0.580750187710E-013     0.878912278080E-016
     0.115600278233E-002    -0.280000000000E+003    -0.354044646209E-013     0.548277494778E-013     0.922233718749E-016
     0.122636288312E-002    -0.280000000000E+003    -0.354044646209E-013     0.548277494778E-013     0.968154443379E-016
     0.130094458593E-002    -0.280000000000E+003    -0.354044646209E-013     0.548277494778E-013     0.101683040886E-015
     0.138000118665E-002    -0.280000000000E+003    -0.303466839608E-013     0.451611072995E-013     0.105984509615E-015
     0.146380117888E-002    -0.280000000000E+003    -0.101155613203E-013     0.385914030114E-013     0.109327720748E-015
     0.155262916586E-002    -0.280000000000E+003    -0.252889033006E-013     0.419138380062E-013     0.113676028495E-015
     0.164678682697E-002    -0.280000000000E+003    -0.303466839608E-013     0.387417344145E-013     0.118309736617E-015
     0.174659394236E-002    -0.280000000000E+003    -0.252889033006E-013     0.354944651213E-013     0.122659524549E-015
     0.185238947896E-002    -0.280000000000E+003    -0.252889033006E-013     0.483332108912E-013     0.128430598735E-015
     0.196453274170E-002    -0.280000000000E+003    -0.505778066013E-014     0.353441337181E-013     0.132434582703E-015
     0.208340459379E-002    -0.280000000000E+003    -0.151733419804E-013     0.354192994197E-013     0.137015017776E-015
     0.220940875020E-002    -0.280000000000E+003    -0.505778066013E-014     0.417635066031E-013     0.142315843004E-015
     0.234297314879E-002    -0.280000000000E+003     0.505778066013E-014     0.352689680166E-013     0.147074713193E-015
     0.248455140365E-002    -0.280000000000E+003     0.505778066013E-014     0.352689680166E-013     0.152119115321E-015
     0.263462434571E-002    -0.280000000000E+003     0.151733419804E-013     0.351938023150E-013     0.157870716435E-015
     0.279370165569E-002    -0.280000000000E+003     0.151733419804E-013     0.351938023150E-013     0.163967413288E-015
     0.296232359518E-002    -0.280000000000E+003     0.505778066013E-014     0.352689680166E-013     0.169975375959E-015
     0.314106284138E-002    -0.280000000000E+003    -0.505778066013E-014     0.225053879482E-013     0.174098304338E-015
     0.333052643213E-002    -0.280000000000E+003    -0.151733419804E-013     0.225805536498E-013     0.179252660228E-015
     0.353135782749E-002    -0.280000000000E+003    -0.101155613203E-013     0.193332843565E-013     0.183634746348E-015
     0.374423909507E-002    -0.280000000000E+003    -0.151733419804E-013     0.161611807648E-013     0.188353868742E-015
     0.396989322653E-002    -0.280000000000E+003    -0.252889033006E-013     0.226557193513E-013     0.196015516894E-015
     0.420908659296E-002    -0.280000000000E+003    -0.151733419804E-013     0.225805536498E-013     0.202522771043E-015
     0.446263154769E-002    -0.280000000000E+003    -0.202311226405E-013     0.129890771731E-013     0.208618481365E-015
     0.473138918520E-002    -0.280000000000E+003    -0.303466839608E-013     0.130642428747E-013     0.217498046899E-015
     0.501627226558E-002    -0.280000000000E+003    -0.151733419804E-013    -0.309693789013E-014     0.221909793515E-015
     0.531824831448E-002    -0.280000000000E+003    -0.505778066013E-014    -0.160108493616E-013     0.226980190277E-015
     0.563834290904E-002    -0.280000000000E+003    -0.505778066013E-014    -0.224302222466E-013     0.234340250346E-015
     0.597764316095E-002    -0.280000000000E+003     0.505778066013E-014    -0.289247608332E-013     0.244303338371E-015
     0.633730140856E-002    -0.280000000000E+003    -0.314458578245E-029    -0.256774915399E-013     0.253538459981E-015
     0.671853913045E-002    -0.280000000000E+003    -0.505778066013E-014    -0.160108493616E-013     0.259939717689E-015
     0.712265109384E-002    -0.280000000000E+003     0.505778066013E-014    -0.225053879482E-013     0.269261255726E-015
     0.755100975191E-002    -0.280000000000E+003    -0.202311226405E-013     0.656970428812E-014     0.278372911978E-015
     0.800506990496E-002    -0.280000000000E+003    -0.303466839608E-013     0.194836157596E-013     0.294747636323E-015
     0.848637364120E-002    -0.280000000000E+003    -0.252889033006E-013     0.339760069642E-014     0.307028639655E-015
     0.899655557408E-002    -0.280000000000E+003    -0.303466839608E-013    -0.619387578025E-014     0.322830163655E-015
     0.953734839373E-002    -0.280000000000E+003    -0.354044646209E-013    -0.157853522569E-013     0.343793496730E-015
     0.101105887516E-001    -0.280000000000E+003    -0.505778066013E-014    -0.317210359170E-014     0.347215861037E-015
     0.107182234982E-001    -0.280000000000E+003    -0.505778066013E-014     0.225053879482E-013     0.361232002393E-015
     0.113623162948E-001    -0.280000000000E+003    -0.101155613203E-013     0.129139114715E-013     0.371797749204E-015
     0.120450546223E-001    -0.280000000000E+003    -0.151733419804E-013     0.161611807648E-013     0.386932597691E-015
     0.127687572104E-001    -0.280000000000E+003    -0.202311226405E-013    -0.126884143668E-013     0.404215218304E-015
     0.135358819124E-001    -0.280000000000E+003     0.786146445611E-030     0.641937288497E-014     0.409139677815E-015
     0.143490340526E-001    -0.280000000000E+003    -0.314458578245E-029    -0.256774915399E-013     0.430019385016E-015
     0.152109752747E-001    -0.280000000000E+003    -0.252889033006E-013    -0.222798908435E-013     0.459069773093E-015
     0.161246329208E-001    -0.280000000000E+003    -0.404622452810E-013    -0.253768287336E-013     0.502707584335E-015
     0.170931099734E-001    -0.280000000000E+003    -0.354044646209E-013    -0.222047251419E-013     0.543181652078E-015
     0.181196955938E-001    -0.280000000000E+003    -0.252889033006E-013    -0.302177218855E-014     0.569327555197E-015
     0.192078762926E-001    -0.280000000000E+003    -0.252889033006E-013     0.339760069642E-014     0.597093703227E-015
     0.203613477710E-001    -0.280000000000E+003    -0.354044646209E-013     0.989213928296E-014     0.639495831492E-015
     0.215840274722E-001    -0.280000000000E+003    -0.809244905620E-013     0.326981900374E-013     0.746212341274E-015
     0.228800678855E-001    -0.280000000000E+003    -0.156791200464E-010     0.674129965472E-011     0.228656367771E-013
     0.242538706494E-001    -0.280000000000E+003    -0.256732946308E-010     0.106671870988E-010     0.610590075232E-013
     0.257101015006E-001    -0.280000000000E+003    -0.854259153495E-011     0.305169551293E-011     0.742689330606E-013
     0.272537061195E-001    -0.279999999996E+003     0.384629045872E-009    -0.161695816038E-009     0.718314796285E-012
     0.288899269272E-001    -0.280000000002E+003    -0.192666038683E-009     0.864722858274E-010     0.106385448760E-011
     0.306243208897E-001    -0.280000000001E+003    -0.879092856531E-010     0.364765379139E-010     0.122892816369E-011
     0.324627783907E-001    -0.280000000026E+003    -0.285182456683E-008     0.116027988385E-008     0.688921391103E-011
     0.344115432366E-001    -0.279999999995E+003     0.511604629352E-009    -0.253251991469E-009     0.800167681293E-011
     0.364772338618E-001    -0.279999999955E+003     0.500664144171E-008    -0.200915395942E-008     0.191455288799E-010
     0.386668658063E-001    -0.279999999984E+003     0.176182225759E-008    -0.619821810649E-009     0.232350420067E-010
     0.409878755421E-001    -0.279999999993E+003     0.768433673520E-009    -0.239744287071E-009     0.251033721419E-010
     0.434481457293E-001    -0.279999999996E+003     0.370487491147E-009    -0.105331350422E-009     0.260509935973E-010
     0.460560319869E-001    -0.279999999973E+003     0.287107953903E-008    -0.107228176284E-008     0.340435952626E-010
     0.488203912708E-001    -0.279999999989E+003     0.112783450950E-008    -0.369611550914E-009     0.373244872565E-010
     0.517506119535E-001    -0.280000000498E+003    -0.557820097874E-007     0.207836059801E-007     0.211754863648E-009
     0.548566457095E-001    -0.279999999084E+003     0.103039799109E-006    -0.386960762954E-007     0.553624452178E-009
     0.581490413132E-001    -0.279999999741E+003     0.291328925298E-007    -0.927048007897E-008     0.654280649870E-009
     0.616389804647E-001    -0.279999974213E+003     0.291258655819E-005    -0.104133899357E-005     0.114491692580E-007
     0.653383157655E-001    -0.279999992547E+003     0.813373954682E-006    -0.243465915471E-006     0.145900178719E-007
     0.692596109728E-001    -0.280000001757E+003    -0.274119650145E-006     0.120775166422E-006     0.157646288975E-007
     0.734161836681E-001    -0.279999999551E+003    -0.272099091874E-007     0.133543154355E-007     0.158906160420E-007
     0.778221504872E-001    -0.279999999361E+003     0.637344600275E-008    -0.102974469008E-008     0.159190613910E-007
     0.824924750635E-001    -0.279999999421E+003     0.959650662484E-008    -0.260760621023E-008     0.159655053092E-007
     0.874430188470E-001    -0.279999999723E+003    -0.174305081412E-007     0.621004075840E-008     0.160571087272E-007
     0.926905949743E-001    -0.279999999626E+003     0.295435084809E-009     0.174479916004E-010     0.160586617466E-007
     0.982530253690E-001    -0.279999999653E+003     0.242588357593E-008    -0.485484747897E-009     0.160724231214E-007
     0.104149201269E+000    -0.280000000693E+003    -0.115586421758E-006     0.367881820550E-007     0.167876268576E-007
     0.110399147386E+000    -0.279999999851E+003    -0.115361806504E-007     0.385356639763E-008     0.168636436339E-007
     0.117024089912E+000    -0.279999999802E+003    -0.252883469851E-008     0.925261029487E-009     0.168814832067E-007
     0.124046528610E+000    -0.279999999800E+003    -0.394977265729E-009     0.355753320958E-009     0.168852161297E-007
     0.131490313229E+000    -0.279999999799E+003     0.552152857780E-009    -0.104238830277E-008     0.168939967864E-007
     0.139380724499E+000    -0.280000005881E+003    -0.725467195537E-006     0.212075319424E-006     0.228578042695E-007
     0.147744559993E+000    -0.280000000933E+003    -0.121566099004E-006     0.281490557144E-007     0.239014650232E-007
     0.156610225139E+000    -0.279999999896E+003    -0.280037328445E-007    -0.698418460818E-007     0.245685786390E-007
     0.166007829686E+000    -0.280000005116E+003    -0.640489442941E-006     0.173109370021E-006     0.308036153987E-007
     0.175969289968E+000    -0.280000000472E+003    -0.779554364574E-007     0.207820280667E-007     0.316072862815E-007
     0.185969289968E+000    -0.280000001621E+003    -0.254416565422E-006     0.139564008560E-007     0.341552770563E-007
     0.195969289968E+000    -0.279999999918E+003    -0.361104397850E-007     0.985857365053E-008     0.345295971514E-007
     0.205969289968E+000    -0.279999996778E+003     0.329586203654E-006    -0.937398687168E-007     0.379561731191E-007
     0.215969289968E+000    -0.279999998937E+003     0.530020468460E-007    -0.752524246731E-008     0.384915091112E-007
     0.225969289968E+000    -0.279999995721E+003     0.434533322810E-006    -0.113241869123E-006     0.429819760085E-007
     0.235969289968E+000    -0.279999998633E+003     0.698163253839E-007    -0.131384144143E-007     0.436923939998E-007
     0.245969289968E+000    -0.280000000286E+003    -0.130409406560E-006     0.464262333635E-007     0.450766630655E-007
     0.255969289968E+000    -0.279999999395E+003    -0.124709597189E-007     0.186575522087E-007     0.453010798855E-007
     0.265969289968E+000    -0.279999999299E+003     0.838190589075E-009     0.178722569298E-008     0.453208200454E-007
     0.275969289968E+000    -0.279999999418E+003     0.158164894433E-008     0.192906853370E-007     0.455143742120E-007
     0.285969289968E+000    -0.279999999417E+003     0.170144753763E-008     0.860366092740E-009     0.455334402906E-007
     0.295969289968E+000    -0.280000005132E+003    -0.686694477527E-006     0.187580130413E-006     0.526519767328E-007
     0.305969289968E+000    -0.280000000392E+003    -0.945805081611E-007     0.184406885143E-007     0.536155913610E-007
     0.315969289968E+000    -0.279999999854E+003    -0.202867633094E-007     0.311999047715E-008     0.538208441579E-007
     0.325969289968E+000    -0.279999999743E+003    -0.582005396884E-008     0.705145404924E-009     0.538794703110E-007
     0.335969289968E+000    -0.279999999708E+003    -0.175929337119E-008     0.684093040200E-009     0.538983464770E-007
     0.345969289968E+000    -0.280000000105E+003     0.339659811946E-008     0.105332509654E-006     0.549522190722E-007
     0.355969289968E+000    -0.279999999782E+003     0.569971419155E-009    -0.227226206446E-007     0.551795167529E-007
     0.365969289968E+000    -0.279999999986E+003    -0.524715914199E-008    -0.834615849186E-008     0.552781022694E-007
     0.375969289968E+000    -0.280000000074E+003    -0.544675433634E-008    -0.471026073569E-008     0.553501117750E-007
     0.385969289968E+000    -0.279999998250E+003     0.221153354095E-006    -0.649904863356E-007     0.576551620856E-007
     0.395969289968E+000    -0.279999978745E+003     0.258978941202E-005    -0.712182486697E-006     0.845144492930E-007
     0.405969289968E+000    -0.279999996580E+003     0.380628908214E-006    -0.822373962705E-007     0.884085647910E-007
     0.415969289968E+000    -0.279999999010E+003     0.784952492536E-007     0.668160673526E-008     0.891963558816E-007
     0.425969289968E+000    -0.279999987136E+003     0.148245979091E-005    -0.483142786378E-006     0.104788385845E-006
     0.435969289968E+000    -0.279999997583E+003     0.221470968744E-006    -0.530486628523E-007     0.107065742879E-006
     0.445969289968E+000    -0.279999998888E+003     0.524429699035E-007    -0.726604645011E-008     0.107595182255E-006
     0.455969289968E+000    -0.279999999168E+003     0.184497218381E-007     0.222409793900E-009     0.107779692878E-006
     0.465969289968E+000    -0.279999999271E+003     0.843309569105E-008     0.160641488162E-008     0.107865540226E-006
     0.475969289968E+000    -0.279999999313E+003     0.626684821941E-008     0.117797646078E-008     0.107929306217E-006
     0.485969289968E+000    -0.279999999878E+003     0.227545000120E-008     0.123091286260E-006     0.109160429380E-006
     0.495969289968E+000    -0.279999994585E+003     0.617348344184E-006    -0.160792171519E-006     0.115539873717E-006
     0.505969289968E+000    -0.279999998375E+003     0.900179868619E-007    -0.171099313910E-006     0.117473218310E-006
     0.515969289968E+000    -0.279999999404E+003     0.150154381403E-007    -0.192788084820E-007     0.117717581941E-006
     0.525969289968E+000    -0.280000007598E+003    -0.968481008248E-006     0.299289462974E-006     0.127854295639E-006
     0.535969289968E+000    -0.280000002065E+003    -0.304778858239E-006     0.692858383167E-007     0.130979846468E-006
     0.545969289968E+000    -0.279999985574E+003     0.169503770302E-005    -0.494181184792E-006     0.148635915843E-006
     0.555969289968E+000    -0.280000001640E+003    -0.305130718964E-006     0.513444766207E-007     0.151730120280E-006
     0.565969289968E+000    -0.279999999235E+003    -0.263391111550E-007    -0.216565399522E-007     0.152071112142E-006
     0.575969289968E+000    -0.279999974257E+003     0.301391195075E-005    -0.822743904046E-006     0.183313027541E-006
     0.585969289968E+000    -0.279999994416E+003     0.440862411842E-006    -0.217726715530E-006     0.188229983803E-006
     0.595969289968E+000    -0.279999998837E+003    -0.898172229794E-007     0.321210676545E-007     0.189183865166E-006
     0.605969289968E+000    -0.279999996154E+003     0.229006569051E-006    -0.513106552922E-007     0.191530709686E-006
     0.615969289968E+000    -0.279999997567E+003     0.517523608461E-007     0.323149259739E-008     0.192049241208E-006
     0.625969289968E+000    -0.279999997895E+003     0.921476568332E-008     0.987846505308E-008     0.192184332281E-006
     0.635969289968E+000    -0.279999997411E+003     0.493921626904E-007    -0.491911518444E-007     0.192881423032E-006
     0.645969289968E+000    -0.279999998184E+003    -0.273273511560E-007     0.121490586869E-007     0.193180485525E-006
     0.655969289968E+000    -0.279999997337E+003     0.102699250066E-007    -0.129813619690E-006     0.194482677800E-006
     0.665969289968E+000    -0.279999997571E+003     0.176595247565E-007    -0.513054046027E-008     0.194666574853E-006
     0.675969289968E+000    -0.279999997473E+003     0.186570455815E-007     0.105002337163E-007     0.194880663680E-006
     0.685969289968E+000    -0.279999997415E+003     0.183505289025E-007     0.177839259278E-007     0.195136204270E-006
     0.695969289968E+000    -0.280000010048E+003    -0.152292322571E-005     0.431009064264E-006     0.210963598133E-006
     0.705969289968E+000    -0.280000013230E+003    -0.188260161587E-005     0.511759191710E-006     0.230472791644E-006
     0.715969289968E+000    -0.279999995290E+003     0.341091642435E-006    -0.106671848089E-006     0.234046618608E-006
     0.725969289968E+000    -0.279999998037E+003     0.132725321206E-007     0.258075467667E-008     0.234181829703E-006
     0.735969289968E+000    -0.279999997992E+003     0.118332344019E-007    -0.619093813552E-009     0.234300323886E-006
     0.745969289968E+000    -0.279999998067E+003     0.296297945919E-008     0.239234768442E-008     0.234338406132E-006
     0.755969289968E+000    -0.279999998076E+003     0.427966140311E-008     0.156364440408E-008     0.234383969808E-006
