 #        time                      h  [L]            Darcian flow [L.T^{-1}]   in    x         z              directions   cumulative flux
 #-----------------------------------------------------------------------------------------------

     0.100000000000E-005     0.400000000000E+001    -0.169626233123E-012    -0.138510330686E+004     0.138510330686E-002
     0.205999994278E-005     0.400000000000E+001    -0.164177210289E-012    -0.134060865878E+004     0.280614840845E-002
     0.318359982147E-005     0.400000000000E+001    -0.158511055222E-012    -0.129434099148E+004     0.426046978947E-002
     0.437461562859E-005     0.400000000000E+001    -0.152630041841E-012    -0.124631887290E+004     0.574485526780E-002
     0.563709231599E-005     0.400000000000E+001    -0.146539431651E-012    -0.119658526649E+004     0.725551627123E-002
     0.697531753239E-005     0.400000000000E+001    -0.140248340846E-012    -0.114521461162E+004     0.878807134270E-002
     0.839383618521E-005     0.400000000000E+001    -0.133770821249E-012    -0.109232165014E+004     0.103375499783E-001
     0.989746587602E-005     0.400000000000E+001    -0.127127180578E-012    -0.103807220716E+004     0.118984261702E-001
     0.114913132622E-004     0.400000000000E+001    -0.120345545028E-012    -0.982695950473E+003     0.134646935423E-001
     0.131807914004E-004     0.400000000000E+001    -0.113463618965E-012    -0.926500759599E+003     0.150299963207E-001
     0.149716381303E-004     0.400000000000E+001    -0.106530507722E-012    -0.869887610009E+003     0.165878317024E-001
     0.168699355614E-004     0.400000000000E+001    -0.996083236921E-013    -0.813363687893E+003     0.181318379017E-001
     0.188821307298E-004     0.400000000000E+001    -0.927730847317E-013    -0.757549726143E+003     0.196561758004E-001
     0.210150574931E-004     0.400000000000E+001    -0.861141579941E-013    -0.703175462950E+003     0.211559975647E-001
     0.232759597402E-004     0.400000000000E+001    -0.797312874212E-013    -0.651055369407E+003     0.226279701123E-001
     0.256725159928E-004     0.400000000000E+001    -0.737282568582E-013    -0.602036904923E+003     0.240707854211E-001
     0.282128654833E-004     0.400000000000E+001    -0.682027620013E-013    -0.556917815396E+003     0.254855513097E-001
     0.309056357980E-004     0.400000000000E+001    -0.632333148843E-013    -0.516339200236E+003     0.268759341804E-001
     0.337599721774E-004     0.400000000000E+001    -0.588658195196E-013    -0.480675894148E+003     0.282479448718E-001
     0.367855685763E-004     0.400000000000E+001    -0.551039739332E-013    -0.449958093808E+003     0.296093364601E-001
     0.399927005860E-004     0.400000000000E+001    -0.519075447277E-013    -0.423857268592E+003     0.309687026737E-001
     0.433922603327E-004     0.400000000000E+001    -0.492001199719E-013    -0.401749467733E+003     0.323344739925E-001
     0.469957934698E-004     0.400000000000E+001    -0.468841973774E-013    -0.382838524627E+003     0.337140453021E-001
     0.508155383889E-004     0.400000000000E+001    -0.448587177080E-013    -0.366299227983E+003     0.351132149171E-001
     0.548644677845E-004     0.400000000000E+001    -0.430340078730E-013    -0.351399341451E+003     0.365360060403E-001
     0.591563327122E-004     0.400000000000E+001    -0.413411096519E-013    -0.337575778426E+003     0.379848356842E-001
     0.637057092900E-004     0.400000000000E+001    -0.397349500021E-013    -0.324460489586E+003     0.394609286359E-001
     0.685280482021E-004     0.400000000000E+001    -0.381924761767E-013    -0.311865234966E+003     0.409648484938E-001
     0.736397271730E-004     0.400000000000E+001    -0.367075191271E-013    -0.299739640464E+003     0.424970213107E-001
     0.790581065897E-004     0.400000000000E+001    -0.352841640578E-013    -0.288117064303E+003     0.440581488815E-001
     0.848015884613E-004     0.400000000000E+001    -0.339301879718E-013    -0.277061010533E+003     0.456494437729E-001
     0.908896789166E-004     0.400000000000E+001    -0.326518048051E-013    -0.266622219793E+003     0.472726639644E-001
     0.973430544509E-004     0.400000000000E+001    -0.314505119965E-013    -0.256812919598E+003     0.489299741766E-001
     0.104183632148E-003     0.400000000000E+001    -0.303222568409E-013    -0.247600017099E+003     0.506237013313E-001
     0.111434644115E-003     0.400000000000E+001    -0.292585547312E-013    -0.238914230222E+003     0.523560712739E-001
     0.119120716386E-003     0.400000000000E+001    -0.282487762859E-013    -0.230668763480E+003     0.541290080605E-001
     0.127267952553E-003     0.400000000000E+001    -0.272826949067E-013    -0.222780110361E+003     0.559440502330E-001
     0.135904022424E-003     0.400000000000E+001    -0.263525327545E-013    -0.215184759988E+003     0.578024008554E-001
     0.145058255993E-003     0.400000000000E+001    -0.254540435275E-013    -0.207848038677E+003     0.597050903483E-001
     0.154761743052E-003     0.400000000000E+001    -0.245864982850E-013    -0.200763994175E+003     0.616532011677E-001
     0.165047438780E-003     0.400000000000E+001    -0.237517215595E-013    -0.193947524919E+003     0.636480863961E-001
     0.175950275662E-003     0.400000000000E+001    -0.229525330703E-013    -0.187421655667E+003     0.656915141361E-001
     0.187507282134E-003     0.400000000000E+001    -0.221910699362E-013    -0.181203837316E+003     0.677856880567E-001
     0.199757708333E-003     0.400000000000E+001    -0.214674695640E-013    -0.175295191879E+003     0.699331288678E-001
     0.212743159403E-003     0.400000000000E+001    -0.207792674031E-013    -0.169675594772E+003     0.721364430015E-001
     0.226507736794E-003     0.400000000000E+001    -0.201216338457E-013    -0.164305609256E+003     0.743980402758E-001
     0.241098188040E-003     0.400000000000E+001    -0.194883190910E-013    -0.159134201834E+003     0.767198800894E-001
     0.256564065527E-003     0.400000000000E+001    -0.188729847776E-013    -0.154109615856E+003     0.791033205277E-001
     0.272957894778E-003     0.400000000000E+001    -0.182705295945E-013    -0.149190195958E+003     0.815491191262E-001
     0.290335352846E-003     0.400000000000E+001    -0.176780598755E-013    -0.144352313564E+003     0.840575954021E-001
     0.308755457403E-003     0.400000000000E+001    -0.170952783367E-013    -0.139593541163E+003     0.866289230259E-001
     0.328280767180E-003     0.400000000000E+001    -0.165242245561E-013    -0.134930533176E+003     0.892634834846E-001
     0.348977594427E-003     0.400000000000E+001    -0.159684674201E-013    -0.130392431770E+003     0.919621931192E-001
     0.370916230124E-003     0.400000000000E+001    -0.154319906168E-013    -0.126011766229E+003     0.947267193520E-001
     0.394171182707E-003     0.400000000000E+001    -0.149180915370E-013    -0.121815461792E+003     0.975595321399E-001
     0.418821431115E-003     0.400000000000E+001    -0.144286481528E-013    -0.117818853263E+003     0.100463796140E+000
     0.444950693017E-003     0.400000000000E+001    -0.139642630557E-013    -0.114026861177E+003     0.103443233859E+000
     0.472647709137E-003     0.400000000000E+001    -0.135225394313E-013    -0.110419914058E+003     0.106501535999E+000
     0.502006544641E-003     0.400000000000E+001    -0.131007756004E-013    -0.106975951021E+003     0.109642225348E+000
     0.533126908594E-003     0.400000000000E+001    -0.126960860162E-013    -0.103671409790E+003     0.112868517352E+000
     0.566114492604E-003     0.400000000000E+001    -0.123059695557E-013    -0.100485867143E+003     0.116183303336E+000
     0.601081329767E-003     0.400000000000E+001    -0.119286748062E-013    -0.974050217133E+002     0.119589248870E+000
     0.638146175159E-003     0.400000000000E+001    -0.115632611989E-013    -0.944211931714E+002     0.123088955796E+000
     0.677434909153E-003     0.400000000000E+001    -0.112094103783E-013    -0.915317819484E+002     0.126685123629E+000
     0.719080964939E-003     0.400000000000E+001    -0.108671173795E-013    -0.887367475016E+002     0.130380659166E+000
     0.763225781689E-003     0.400000000000E+001    -0.105364012197E-013    -0.860362451205E+002     0.134178713441E+000
     0.810019284919E-003     0.400000000000E+001    -0.102171283587E-013    -0.834291843642E+002     0.138082657249E+000
     0.859620395664E-003     0.400000000000E+001    -0.990897032838E-014    -0.809128830882E+002     0.142096026123E+000
     0.912197570216E-003     0.400000000000E+001    -0.961145651929E-014    -0.784834984746E+002     0.146222466722E+000
     0.967929372233E-003     0.400000000000E+001    -0.932405950216E-014    -0.761367237366E+002     0.150465703536E+000
     0.102700507918E-002     0.400000000000E+001    -0.904626357261E-014    -0.738683478282E+002     0.154829528405E+000
     0.108962532517E-002     0.400000000000E+001    -0.877759794975E-014    -0.716745265317E+002     0.159317804887E+000
     0.115600278233E-002     0.400000000000E+001    -0.851764153902E-014    -0.695518213492E+002     0.163934477929E+000
     0.122636288312E-002     0.400000000000E+001    -0.826601507323E-014    -0.674971353290E+002     0.168683583174E+000
     0.130094458593E-002     0.400000000000E+001    -0.802237198815E-014    -0.655076385594E+002     0.173569254405E+000
     0.138000118665E-002     0.400000000000E+001    -0.778639164718E-014    -0.635807128439E+002     0.178595729434E+000
     0.146380117888E-002     0.400000000000E+001    -0.755777513246E-014    -0.617139173329E+002     0.183767355227E+000
     0.155262916586E-002     0.400000000000E+001    -0.733624899383E-014    -0.599050191365E+002     0.189088597486E+000
     0.164678682697E-002     0.400000000000E+001    -0.712170501359E-014    -0.581531345899E+002     0.194564160626E+000
     0.174659394236E-002     0.400000000000E+001    -0.691370023103E-014    -0.564546466446E+002     0.200198736057E+000
     0.185238947896E-002     0.400000000000E+001    -0.671195341489E-014    -0.548072588731E+002     0.205997099419E+000
     0.196453274170E-002     0.400000000000E+001    -0.651623762689E-014    -0.532091181835E+002     0.211964143540E+000
     0.208340459379E-002     0.400000000000E+001    -0.632634682344E-014    -0.516585421025E+002     0.218104890116E+000
     0.220940875020E-002     0.400000000000E+001    -0.614209244981E-014    -0.501539909637E+002     0.224424501438E+000
     0.234297314879E-002     0.400000000000E+001    -0.596330111253E-014    -0.486940489020E+002     0.230928292795E+000
     0.248455140365E-002     0.400000000000E+001    -0.578981153740E-014    -0.472773990136E+002     0.237621744442E+000
     0.263462434571E-002     0.400000000000E+001    -0.562147107408E-014    -0.459027948140E+002     0.244510511908E+000
     0.279370165569E-002     0.400000000000E+001    -0.545813241557E-014    -0.445690334500E+002     0.251600433858E+000
     0.296232359518E-002     0.400000000000E+001    -0.529965100103E-014    -0.432749344931E+002     0.258897537243E+000
     0.314106284138E-002     0.400000000000E+001    -0.514588378243E-014    -0.420193298673E+002     0.266408040590E+000
     0.333052643213E-002     0.400000000000E+001    -0.499668932096E-014    -0.408010646371E+002     0.274138356802E+000
     0.353135782749E-002     0.400000000000E+001    -0.485192870713E-014    -0.396190045204E+002     0.282095096762E+000
     0.374423909507E-002     0.400000000000E+001    -0.471146650489E-014    -0.384720435980E+002     0.290285074170E+000
     0.396989322653E-002     0.400000000000E+001    -0.457517118255E-014    -0.373591078321E+002     0.298715311200E+000
     0.420908659296E-002     0.400000000000E+001    -0.444291508315E-014    -0.362791548245E+002     0.307393044374E+000
     0.446263154769E-002     0.400000000000E+001    -0.431455966292E-014    -0.352310532794E+002     0.316325700183E+000
     0.473138918520E-002     0.400000000000E+001    -0.418999917753E-014    -0.342139397289E+002     0.325520957794E+000
     0.501627226558E-002     0.400000000000E+001    -0.406914328449E-014    -0.332270764707E+002     0.334986789691E+000
     0.531824831448E-002     0.400000000000E+001    -0.395182704425E-014    -0.322691166711E+002     0.344731290045E+000
     0.563834290904E-002     0.400000000000E+001    -0.383794717942E-014    -0.313392170060E+002     0.354762804006E+000
     0.597764316095E-002     0.400000000000E+001    -0.372739020469E-014    -0.304364507978E+002     0.365089899429E+000
     0.633730140856E-002     0.400000000000E+001    -0.362010786080E-014    -0.295604239796E+002     0.375721549716E+000
     0.671853913045E-002     0.400000000000E+001    -0.351578431772E-014    -0.287085576035E+002     0.386666334816E+000
     0.712265109384E-002     0.400000000000E+001    -0.341430248845E-014    -0.278798955816E+002     0.397932934158E+000
     0.755100975191E-002     0.400000000000E+001    -0.331531333165E-014    -0.270715877750E+002     0.409529283170E+000
     0.800506990496E-002     0.400000000000E+001    -0.321843918748E-014    -0.262805503572E+002     0.421462233887E+000
     0.848637364120E-002     0.400000000000E+001    -0.312313570516E-014    -0.255023383667E+002     0.433736604626E+000
     0.899655557408E-002     0.400000000000E+001    -0.302859710681E-014    -0.247303721278E+002     0.446353593679E+000
     0.953734839373E-002     0.400000000000E+001    -0.293388814822E-014    -0.239570147920E+002     0.459309375259E+000
     0.101105887516E-001     0.400000000000E+001    -0.283749938243E-014    -0.231699407895E+002     0.472591320409E+000
     0.107182234982E-001     0.400000000000E+001    -0.273750044960E-014    -0.223533875359E+002     0.486174015379E+000
     0.113623162948E-001     0.400000000000E+001    -0.263109119947E-014    -0.214844900694E+002     0.500012020671E+000
     0.120450546223E-001     0.400000000000E+001    -0.251596067712E-014    -0.205443780107E+002     0.514038454955E+000
     0.127687572104E-001     0.400000000000E+001    -0.238877811470E-014    -0.195058535764E+002     0.528154891671E+000
     0.135358819124E-001     0.400000000000E+001    -0.224540288697E-014    -0.183351059958E+002     0.542220204394E+000
     0.143490340526E-001     0.400000000000E+001    -0.208282793897E-014    -0.170075808014E+002     0.556049955123E+000
     0.152109752747E-001     0.400000000000E+001    -0.189716364547E-014    -0.154915167932E+002     0.569402732040E+000
     0.161246329208E-001     0.400000000000E+001    -0.168477276637E-014    -0.137572136516E+002     0.581972115482E+000
     0.170931099734E-001     0.400000000000E+001    -0.144772049403E-014    -0.118215349523E+002     0.593421000809E+000
     0.181196955938E-001     0.400000000000E+001    -0.119011310902E-014    -0.971801102040E+001     0.603397371181E+000
     0.192078762926E-001     0.400000000000E+001    -0.926283185307E-015    -0.756367620404E+001     0.611628017638E+000
     0.203613477710E-001     0.400000000000E+001    -0.681601036457E-015    -0.556569483489E+001     0.618047887888E+000
     0.215840274722E-001     0.400000000000E+001    -0.488741995837E-015    -0.399088125799E+001     0.622927457392E+000
     0.228800678855E-001     0.400000000000E+001    -0.365865282830E-015    -0.298751675246E+001     0.626799399839E+000
     0.242538706494E-001     0.400000000000E+001    -0.304317366760E-015    -0.248493987795E+001     0.630213217111E+000
     0.257101015006E-001     0.400000000000E+001    -0.282062280189E-015    -0.230321330514E+001     0.633567227383E+000
     0.272537061195E-001     0.400000000000E+001    -0.282071340144E-015    -0.230328728528E+001     0.637122592275E+000
     0.288899269272E-001     0.400000000000E+001    -0.293633916404E-015    -0.239770288550E+001     0.641045763627E+000
     0.306243208897E-001     0.400000000000E+001    -0.308481030808E-015    -0.251893877502E+001     0.645414595830E+000
     0.324627783907E-001     0.400000000000E+001    -0.325343875310E-015    -0.265663434989E+001     0.650298705179E+000
     0.344115432366E-001     0.400000000000E+001    -0.340981875854E-015    -0.278432831483E+001     0.655724706318E+000
     0.364772338618E-001     0.400000000000E+001    -0.353460768938E-015    -0.288622620975E+001     0.661686756742E+000
     0.386668658063E-001     0.400000000000E+001    -0.363406494160E-015    -0.296743921932E+001     0.668184356449E+000
     0.409878755421E-001     0.400000000000E+001    -0.371703874243E-015    -0.303519246939E+001     0.675229067721E+000
     0.434481457293E-001     0.400000000000E+001    -0.378998677197E-015    -0.309475905592E+001     0.682843011163E+000
     0.460560319869E-001     0.400000000000E+001    -0.385371410520E-015    -0.314679637254E+001     0.691049498178E+000
     0.488203912708E-001     0.400000000000E+001    -0.390865904869E-015    -0.319166232371E+001     0.699872399554E+000
     0.517506119535E-001     0.400000000000E+001    -0.394120393649E-015    -0.321823724133E+001     0.709302544880E+000
     0.548566457095E-001     0.400000000000E+001    -0.394317196112E-015    -0.321984425539E+001     0.719303489827E+000
     0.581490413132E-001     0.400000000000E+001    -0.391904137988E-015    -0.320014014049E+001     0.729839617156E+000
     0.616389804647E-001     0.400000000000E+001    -0.386412231171E-015    -0.315529531812E+001     0.740851405821E+000
     0.653383157655E-001     0.400000000000E+001    -0.375707129543E-015    -0.306788152964E+001     0.752200528263E+000
     0.692596109728E-001     0.400000000000E+001    -0.361779022126E-015    -0.295414990165E+001     0.763784622114E+000
     0.734161836681E-001     0.400000000000E+001    -0.344903066822E-015    -0.281634726896E+001     0.775490974272E+000
     0.778221504872E-001     0.400000000000E+001    -0.327027646946E-015    -0.267038338869E+001     0.787256594877E+000
     0.824924750635E-001     0.400000000000E+001    -0.310122962225E-015    -0.253234616251E+001     0.799083473396E+000
     0.874430188470E-001     0.400000000000E+001    -0.297498187696E-015    -0.242925705521E+001     0.811109616809E+000
     0.926905949743E-001     0.400000000000E+001    -0.291419762945E-015    -0.237962295045E+001     0.823596869396E+000
     0.982530253690E-001     0.400000000000E+001    -0.291532906675E-015    -0.238054683912E+001     0.836838495490E+000
     0.104149201269E+000     0.400000000000E+001    -0.295262818954E-015    -0.241100388422E+001     0.851054198487E+000
     0.110399147386E+000     0.400000000000E+001    -0.300524293630E-015    -0.245396708536E+001     0.866391360542E+000
     0.117024089912E+000     0.400000000000E+001    -0.305754447122E-015    -0.249667452963E+001     0.882931685807E+000
     0.124046528610E+000     0.400000000000E+001    -0.309398520337E-015    -0.252643064558E+001     0.900673390142E+000
     0.131490313229E+000     0.400000000000E+001    -0.309911603742E-015    -0.253062028952E+001     0.919510782529E+000
     0.139380724499E+000     0.400000000000E+001    -0.307013499142E-015    -0.250695546957E+001     0.939291692219E+000
     0.147744559993E+000     0.400000000000E+001    -0.301295812521E-015    -0.246026701519E+001     0.959868960806E+000
     0.156610225139E+000     0.400000000000E+001    -0.293128768096E-015    -0.239357803654E+001     0.981089622178E+000
     0.166007829686E+000     0.400000000000E+001    -0.282505483097E-015    -0.230683233152E+001     0.100276832019E+001
     0.175969289968E+000     0.400000000000E+001    -0.270444075875E-015    -0.220834346739E+001     0.102476664593E+001
     0.185969289968E+000     0.400000000000E+001    -0.260810519536E-015    -0.212967951019E+001     0.104606344103E+001
     0.195969289968E+000     0.400000000000E+001    -0.256615916894E-015    -0.209542798032E+001     0.106701772083E+001
     0.205969289968E+000     0.400000000000E+001    -0.257846127005E-015    -0.210547340821E+001     0.108807245491E+001
     0.215969289968E+000     0.400000000000E+001    -0.261930060592E-015    -0.213882125666E+001     0.110946066748E+001
     0.225969289968E+000     0.400000000000E+001    -0.264261285624E-015    -0.215785715366E+001     0.113103923902E+001
     0.235969289968E+000     0.400000000000E+001    -0.264066146559E-015    -0.215626372227E+001     0.115260187624E+001
     0.245969289968E+000     0.400000000000E+001    -0.261600675588E-015    -0.213613162399E+001     0.117396319248E+001
     0.255969289968E+000     0.400000000000E+001    -0.257906003624E-015    -0.210596233791E+001     0.119502281586E+001
     0.265969289968E+000     0.400000000000E+001    -0.254318207022E-015    -0.207666575538E+001     0.121578947341E+001
     0.275969289968E+000     0.400000000000E+001    -0.251894291830E-015    -0.205687298579E+001     0.123635820327E+001
     0.285969289968E+000     0.400000000000E+001    -0.251125292907E-015    -0.205059363305E+001     0.125686413960E+001
     0.295969289968E+000     0.400000000000E+001    -0.251800772971E-015    -0.205610934635E+001     0.127742523306E+001
     0.305969289968E+000     0.400000000000E+001    -0.252880286069E-015    -0.206492423975E+001     0.129807447546E+001
     0.315969289968E+000     0.400000000000E+001    -0.253815277345E-015    -0.207255902291E+001     0.131880006569E+001
     0.325969289968E+000     0.400000000000E+001    -0.253751562209E-015    -0.207203874934E+001     0.133952045318E+001
     0.335969289968E+000     0.400000000000E+001    -0.252258986149E-015    -0.205985094090E+001     0.136011896259E+001
     0.345969289968E+000     0.400000000000E+001    -0.249674021306E-015    -0.203874310111E+001     0.138050639360E+001
     0.355969289968E+000     0.400000000000E+001    -0.246407894528E-015    -0.201207315203E+001     0.140062712512E+001
     0.365969289968E+000     0.400000000000E+001    -0.243650883445E-015    -0.198956044808E+001     0.142052272960E+001
     0.375969289968E+000     0.400000000000E+001    -0.242004029587E-015    -0.197611286581E+001     0.144028385826E+001
     0.385969289968E+000     0.400000000000E+001    -0.241611244686E-015    -0.197290553369E+001     0.146001291360E+001
     0.395969289968E+000     0.400000000000E+001    -0.242274539372E-015    -0.197832174583E+001     0.147979613106E+001
     0.405969289968E+000     0.400000000000E+001    -0.242650875312E-015    -0.198139476199E+001     0.149961007868E+001
     0.415969289968E+000     0.400000000000E+001    -0.242557477661E-015    -0.198063211229E+001     0.151941639980E+001
     0.425969289968E+000     0.400000000000E+001    -0.241646620711E-015    -0.197319440086E+001     0.153914834381E+001
     0.435969289968E+000     0.400000000000E+001    -0.240481306756E-015    -0.196367889030E+001     0.155878513271E+001
     0.445969289968E+000     0.400000000000E+001    -0.238872645243E-015    -0.195054317220E+001     0.157829056443E+001
     0.455969289968E+000     0.400000000000E+001    -0.236951131411E-015    -0.193485282104E+001     0.159763909264E+001
     0.465969289968E+000     0.400000000000E+001    -0.234850962380E-015    -0.191770363948E+001     0.161681612904E+001
     0.475969289968E+000     0.400000000000E+001    -0.232788038825E-015    -0.190085859030E+001     0.163582471494E+001
     0.485969289968E+000     0.400000000000E+001    -0.231087590957E-015    -0.188697337974E+001     0.165469444874E+001
     0.495969289968E+000     0.400000000000E+001    -0.230115195534E-015    -0.187903316854E+001     0.167348478043E+001
     0.505969289968E+000     0.400000000000E+001    -0.230015109325E-015    -0.187821590262E+001     0.169226693945E+001
     0.515969289968E+000     0.400000000000E+001    -0.230608998020E-015    -0.188306537184E+001     0.171109759317E+001
     0.525969289968E+000     0.400000000000E+001    -0.231441817609E-015    -0.188986585985E+001     0.172999625177E+001
     0.535969289968E+000     0.400000000000E+001    -0.232350652037E-015    -0.189728705615E+001     0.174896912233E+001
     0.545969289968E+000     0.400000000000E+001    -0.233115777600E-015    -0.190353478049E+001     0.176800447013E+001
     0.555969289968E+000     0.400000000000E+001    -0.233608737099E-015    -0.190756010028E+001     0.178708007114E+001
     0.565969289968E+000     0.400000000000E+001    -0.233297256254E-015    -0.190501666617E+001     0.180613023780E+001
     0.575969289968E+000     0.400000000000E+001    -0.232695139479E-015    -0.190010000958E+001     0.182513123789E+001
     0.585969289968E+000     0.400000000000E+001    -0.231052999654E-015    -0.188669092031E+001     0.184399814710E+001
     0.595969289968E+000     0.400000000000E+001    -0.229379968231E-015    -0.187302958201E+001     0.186272844292E+001
     0.605969289968E+000     0.400000000000E+001    -0.227428156758E-015    -0.185709183183E+001     0.188129936124E+001
     0.615969289968E+000     0.400000000000E+001    -0.225486973706E-015    -0.184124086931E+001     0.189971176993E+001
     0.625969289968E+000     0.400000000000E+001    -0.223768760498E-015    -0.182721059373E+001     0.191798387587E+001
     0.635969289968E+000     0.400000000000E+001    -0.222418636844E-015    -0.181618599745E+001     0.193614573584E+001
     0.645969289968E+000     0.400000000000E+001    -0.221507867888E-015    -0.180874900455E+001     0.195423322589E+001
     0.655969289968E+000     0.400000000000E+001    -0.221549111913E-015    -0.180908578757E+001     0.197232408376E+001
     0.665969289968E+000     0.400000000000E+001    -0.221568351500E-015    -0.180924289072E+001     0.199041651267E+001
     0.675969289968E+000     0.400000000000E+001    -0.222324401114E-015    -0.181541650432E+001     0.200857067771E+001
     0.685969289968E+000     0.400000000000E+001    -0.223184282789E-015    -0.182243797105E+001     0.202679505742E+001
     0.695969289968E+000     0.400000000000E+001    -0.224031371431E-015    -0.182935497473E+001     0.204508860717E+001
     0.705969289968E+000     0.400000000000E+001    -0.224765480176E-015    -0.183534942755E+001     0.206344210145E+001
     0.715969289968E+000     0.400000000000E+001    -0.225306403972E-015    -0.183976640554E+001     0.208183976550E+001
     0.725969289968E+000     0.400000000000E+001    -0.225471682876E-015    -0.184111601021E+001     0.210025092560E+001
     0.735969289968E+000     0.400000000000E+001    -0.225446465763E-015    -0.184091009685E+001     0.211866002657E+001
     0.745969289968E+000     0.400000000000E+001    -0.225409062555E-015    -0.184060467648E+001     0.213706607334E+001
     0.755969289968E+000     0.400000000000E+001    -0.225067352222E-015    -0.183781439987E+001     0.215544421734E+001
