 #        time                      h  [L]            Darcian flow [L.T^{-1}]   in    x         z              directions   cumulative flux
 #-----------------------------------------------------------------------------------------------

     0.100000000000E-005    -0.278500000000E+003    -0.105101988822E-013    -0.164281731660E-013     0.195025422475E-019
     0.205999994278E-005    -0.278500000000E+003    -0.314749474806E-013    -0.520367523385E-014     0.533188755786E-019
     0.318359982147E-005    -0.278500000000E+003    -0.314749474806E-013    -0.520367523385E-014     0.891641869746E-019
     0.437461562859E-005    -0.278500000000E+003    -0.209925731814E-013    -0.108159241999E-013     0.117290129157E-018
     0.563709231599E-005    -0.278500000000E+003    -0.209925731814E-013    -0.108159241999E-013     0.147103626261E-018
     0.697531753239E-005    -0.278500000000E+003    -0.209925731814E-013    -0.108159241999E-013     0.178705931485E-018
     0.839383618521E-005    -0.278500000000E+003    -0.105241111737E-013    -0.274483842320E-013     0.220405813178E-018
     0.989746587602E-005    -0.278500000000E+003     0.103710759670E-013    -0.937739374941E-013     0.362266804607E-018
     0.114913132622E-004    -0.278500000000E+003    -0.319982705032E-015    -0.253464854518E-012     0.766251422403E-018
     0.131807914004E-004    -0.278500000000E+003    -0.113727609567E-013    -0.699681259259E-012     0.194850375769E-017
     0.149716381303E-004    -0.278500000000E+003    -0.127779024005E-013    -0.181272257693E-011     0.519489270784E-017
     0.168699355614E-004    -0.278500000000E+003    -0.161864138237E-013    -0.451267428810E-011     0.137613458226E-016
     0.188821307298E-004    -0.278500000000E+003    -0.135783965266E-013    -0.107557260004E-010     0.354039829594E-016
     0.210150574931E-004    -0.278500000000E+003    -0.206950710041E-013    -0.247019052479E-010     0.880913562587E-016
     0.232759597402E-004    -0.278500000000E+003    -0.680633473578E-014    -0.552449309346E-010     0.212994745697E-015
     0.256725159928E-004    -0.278500000000E+003     0.262085781960E-013    -0.120491214129E-009     0.501758725126E-015
     0.282128654833E-004    -0.278499999999E+003     0.105537480029E-012    -0.257067141314E-009     0.115479916164E-014
     0.309056357980E-004    -0.278499999998E+003     0.244252551162E-012    -0.537707126962E-009     0.260272110048E-014
     0.337599721774E-004    -0.278499999996E+003     0.503979839832E-012    -0.110470097556E-008     0.575590961157E-014
     0.367855685763E-004    -0.278499999992E+003     0.101052488539E-011    -0.223229674611E-008     0.125099392999E-013
     0.399927005860E-004    -0.278499999984E+003     0.199718592159E-011    -0.444195195810E-008     0.267558670501E-013
     0.433922603327E-004    -0.278499999969E+003     0.392753083547E-011    -0.871250932659E-008     0.563745660595E-013
     0.469957934698E-004    -0.278499999940E+003     0.755308490379E-011    -0.168582558236E-007     0.117123855650E-012
     0.508155383889E-004    -0.278499999886E+003     0.142699871091E-010    -0.322019332093E-007     0.240127038487E-012
     0.548644677845E-004    -0.278499999784E+003     0.266393179744E-010    -0.607578875197E-007     0.486131458929E-012
     0.591563327122E-004    -0.278499999597E+003     0.490109634955E-010    -0.113288730840E-006     0.972351435025E-012
     0.637057092900E-004    -0.278499999255E+003     0.889665251078E-010    -0.208840302501E-006     0.192244470193E-011
     0.685280482021E-004    -0.278499998637E+003     0.159407351580E-009    -0.380748517207E-006     0.375854325311E-011
     0.736397271730E-004    -0.278499997535E+003     0.281888805224E-009    -0.686735794439E-006     0.726891646785E-011
     0.790581065897E-004    -0.278499995588E+003     0.492389228413E-009    -0.122569526205E-005     0.139101989828E-010
     0.848015884613E-004    -0.278499992180E+003     0.849711697059E-009    -0.216529323503E-005     0.263465223825E-010
     0.908896789166E-004    -0.278499986277E+003     0.144890061111E-008    -0.378687020230E-005     0.494013324041E-010
     0.973430544509E-004    -0.278499976150E+003     0.244198928357E-008    -0.655768746301E-005     0.917205551734E-010
     0.104183632148E-003    -0.278499958940E+003     0.406887099278E-008    -0.112458976113E-004     0.168648996591E-009
     0.111434644115E-003    -0.278499929970E+003     0.670419732301E-008    -0.191014808007E-004     0.307154071004E-009
     0.119120716386E-003    -0.278499881657E+003     0.109260852066E-007    -0.321378198773E-004     0.554167691476E-009
     0.127267952553E-003    -0.278499801832E+003     0.176171422149E-007    -0.535649602063E-004     0.990574096157E-009
     0.135904022424E-003    -0.278499671148E+003     0.281110545947E-007    -0.884487062322E-004     0.175442334174E-008
     0.145058255993E-003    -0.278499459153E+003     0.444041999721E-007    -0.144701794115E-003     0.307905742528E-008
     0.154761743052E-003    -0.278499118374E+003     0.694581752609E-007    -0.234557232216E-003     0.535508059254E-008
     0.165047438780E-003    -0.278498575521E+003     0.107632128755E-006    -0.376732805167E-003     0.923003975523E-008
     0.175950275662E-003    -0.278497718546E+003     0.165296389868E-006    -0.599573447475E-003     0.157670915007E-007
     0.187507282134E-003    -0.278496377797E+003     0.251702773032E-006    -0.945558765684E-003     0.266949206623E-007
     0.199757708333E-003    -0.278494298894E+003     0.380220128432E-006    -0.147769057780E-002     0.447972606295E-007
     0.212743159403E-003    -0.278491104098E+003     0.570104122158E-006    -0.228843382204E-002     0.745136069741E-007
     0.226507736794E-003    -0.278486237924E+003     0.848988553472E-006    -0.351207410316E-002     0.122855824182E-006
     0.241098188040E-003    -0.278478891451E+003     0.125632195747E-005    -0.534157360662E-002     0.200791795626E-006
     0.256564065527E-003    -0.278467898269E+003     0.184801331582E-005    -0.805124799591E-002     0.325311414025E-006
     0.272957894778E-003    -0.278451593239E+003     0.270257647514E-005    -0.120268370953E-001     0.522477332773E-006
     0.290335352846E-003    -0.278427623325E+003     0.392905052475E-005    -0.178047795926E-001     0.831879151084E-006
     0.308755457403E-003    -0.278392697836E+003     0.567690747729E-005    -0.261226941862E-001     0.131306192068E-005
     0.328280767180E-003    -0.278342263667E+003     0.814796461921E-005    -0.379831717867E-001     0.205469513320E-005
     0.348977594427E-003    -0.278270090033E+003     0.116099155701E-004    -0.547329368065E-001     0.318749329646E-005
     0.370916230124E-003    -0.278167747298E+003     0.164103530077E-004    -0.781591656367E-001     0.490219879553E-005
     0.394171182707E-003    -0.278023966681E+003     0.229889345904E-004    -0.110604164878E+000     0.747429346086E-005
     0.418821431115E-003    -0.277823873250E+003     0.318835711187E-004    -0.155098599868E+000     0.112975125561E-004
     0.444950693017E-003    -0.277548095157E+003     0.437242582246E-004    -0.215511895734E+000     0.169286794386E-004
     0.472647709137E-003    -0.277171769748E+003     0.592056522636E-004    -0.296716157932E+000     0.251468318117E-004
     0.502006544641E-003    -0.276663494010E+003     0.790270855947E-004    -0.404756795770E+000     0.370300202240E-004
     0.533126908594E-003    -0.275984304805E+003     0.103786914882E-003    -0.547018747678E+000     0.540534430474E-004
     0.566114492604E-003    -0.275086823949E+003     0.133817837223E-003    -0.732371498785E+000     0.782126097933E-004
     0.601081329767E-003    -0.273914761768E+003     0.168954583403E-003    -0.971268690436E+000     0.112174804447E-003
     0.638146175159E-003    -0.272403031584E+003     0.208234903424E-003    -0.127576892997E+001     0.159460983222E-003
     0.677434909153E-003    -0.270478778423E+003     0.249501750711E-003    -0.165943131837E+001     0.224657939609E-003
     0.719080964939E-003    -0.268063666985E+003     0.288958399282E-003    -0.213701609922E+001     0.313656232106E-003
     0.763225781689E-003    -0.265077703620E+003     0.320769450333E-003    -0.272390922589E+001     0.433902706561E-003
     0.810019284919E-003    -0.261445971693E+003     0.423741682642E-003    -0.343500557784E+001     0.594638652383E-003
     0.859620395664E-003    -0.257100142214E+003     0.403854494257E-003    -0.428412551910E+001     0.807136037647E-003
     0.912197570216E-003    -0.251994119020E+003     0.346151570183E-003    -0.528099030142E+001     0.108479558713E-002
     0.967929372233E-003    -0.246106816247E+003     0.479374727195E-003    -0.643004781360E+001     0.144315373983E-002
     0.102700507918E-002    -0.239445120790E+003     0.240712150289E-003    -0.772737761680E+001     0.189965403562E-002
     0.108962532517E-002    -0.232054690850E+003    -0.806838130218E-004    -0.915916201803E+001     0.247320301423E-002
     0.115600278233E-002    -0.224012650239E+003    -0.393976288935E-003    -0.106999142964E+002     0.318343611755E-002
     0.122636288312E-002    -0.215425710735E+003    -0.772132718668E-003    -0.123136383450E+002     0.404982495433E-002
     0.130094458593E-002    -0.206422410153E+003    -0.120056436199E-002    -0.139547752011E+002     0.509059585507E-002
     0.138000118665E-002    -0.197142347811E+003    -0.175749401831E-002    -0.155736461898E+002     0.632179539142E-002
     0.146380117888E-002    -0.187725838544E+003    -0.212996002842E-002    -0.171212729731E+002     0.775655794472E-002
     0.155262916586E-002    -0.178305476438E+003    -0.285218316692E-002    -0.185542522898E+002     0.940469484489E-002
     0.164678682697E-002    -0.168998717646E+003    -0.311828584764E-002    -0.198408677895E+002     0.112728645734E-001
     0.174659394236E-002    -0.159903239491E+003    -0.294724719988E-002    -0.209603879161E+002     0.133648604494E-001
     0.185238947896E-002    -0.151095178658E+003    -0.265501270365E-002    -0.219042736725E+002     0.156822348535E-001
     0.196453274170E-002    -0.142634372600E+003    -0.227457395975E-002    -0.226707901399E+002     0.182246112415E-001
     0.208340459379E-002    -0.134563031883E+003    -0.180852682872E-002    -0.232649204358E+002     0.209901554308E-001
     0.220940875020E-002    -0.126904812116E+003    -0.125337562989E-002    -0.236982140280E+002     0.239762289021E-001
     0.234297314879E-002    -0.119668570822E+003    -0.639969341684E-003    -0.239855280144E+002     0.271798415273E-001
     0.248455140365E-002    -0.112852651012E+003    -0.672599874536E-004    -0.241428963274E+002     0.305979506567E-001
     0.263462434571E-002    -0.106448507626E+003     0.408818920636E-003    -0.241856920752E+002     0.342275686225E-001
     0.279370165569E-002    -0.100441417762E+003     0.757909009275E-003    -0.241294711744E+002     0.380660199902E-001
     0.296232359518E-002    -0.948117703193E+002     0.959176839957E-003    -0.239895213334E+002     0.421111796080E-001
     0.314106284138E-002    -0.895372651552E+002     0.100926535757E-002    -0.237799097384E+002     0.463615827533E-001
     0.333052643213E-002    -0.845938869117E+002     0.933052927617E-003    -0.235135794333E+002     0.508165499476E-001
     0.353135782749E-002    -0.799582332932E+002     0.737985891564E-003    -0.232010453612E+002     0.554760482635E-001
     0.374423909507E-002    -0.756094096758E+002     0.793490641509E-003    -0.228503204831E+002     0.603404534556E-001
     0.396989322653E-002    -0.715248234199E+002     0.726653078738E-003    -0.224707991557E+002     0.654110821249E-001
     0.420908659296E-002    -0.676878912129E+002     0.207797820298E-003    -0.220650966087E+002     0.706889068636E-001
     0.446263154769E-002    -0.640868780808E+002     0.266564844938E-003    -0.216366338642E+002     0.761747662177E-001
     0.473138918520E-002    -0.607056086447E+002    -0.121908865819E-003    -0.211912713838E+002     0.818700822506E-001
     0.501627226558E-002    -0.575275847889E+002    -0.346645338569E-003    -0.207348555501E+002     0.877770917718E-001
     0.531824831448E-002    -0.545353038765E+002    -0.697753646311E-004    -0.202728301153E+002     0.938990009101E-001
     0.563834290904E-002    -0.517097589702E+002     0.455098528871E-004    -0.198109106473E+002     0.100240366322E+000
     0.597764316095E-002    -0.490457282725E+002     0.215555796821E-003    -0.193449727319E+002     0.106804120443E+000
     0.633730140856E-002    -0.465316374391E+002     0.858798297408E-004    -0.188795211330E+002     0.113594295930E+000
     0.671853913045E-002    -0.441632358722E+002     0.357416353665E-004    -0.184119353239E+002     0.120613620208E+000
     0.712265109384E-002    -0.419269875549E+002     0.148671158160E-003    -0.179480575386E+002     0.127866644979E+000
     0.755100975191E-002    -0.398153146126E+002     0.666981148067E-004    -0.174889115530E+002     0.135358171663E+000
     0.800506990496E-002    -0.378145574531E+002     0.411623890598E-004    -0.170379502981E+002     0.143094425983E+000
     0.848637364120E-002    -0.359166176686E+002     0.109881714630E-003    -0.165954503620E+002     0.151081878247E+000
     0.899655557408E-002    -0.341140918731E+002    -0.125198367696E-003    -0.161616757850E+002     0.159327273238E+000
     0.953734839373E-002    -0.324025386286E+002    -0.379712211761E-003    -0.157351645153E+002     0.167836737227E+000
     0.101105887516E-001    -0.307816611317E+002    -0.662453289819E-003    -0.153138284331E+002     0.176615241727E+000
     0.107182234982E-001    -0.292429228002E+002    -0.726819961001E-003    -0.149017267568E+002     0.185670048699E+000
     0.113623162948E-001    -0.277739007942E+002    -0.949981412777E-003    -0.145032393189E+002     0.195011480691E+000
     0.120450546223E-001    -0.263768605853E+002    -0.178521293496E-002    -0.141115553189E+002     0.204645980446E+000
     0.127687572104E-001    -0.250523721348E+002    -0.193684726809E-002    -0.137245876316E+002     0.214578500134E+000
     0.135358819124E-001    -0.237926754297E+002    -0.176195867728E-002    -0.133479483675E+002     0.224818041137E+000
     0.143490340526E-001    -0.225969573238E+002    -0.239600574112E-002    -0.129793244009E+002     0.235372206732E+000
     0.152109752747E-001    -0.214587411583E+002    -0.268617094477E-002    -0.126194839477E+002     0.246249460395E+000
     0.161246329208E-001    -0.203747879272E+002    -0.220891478021E-002    -0.122696844189E+002     0.257459751561E+000
     0.170931099734E-001    -0.193341988938E+002    -0.256641526440E-002    -0.119322550520E+002     0.269015867032E+000
     0.181196955938E-001    -0.183407921786E+002    -0.225485489681E-002    -0.116018355511E+002     0.280926144803E+000
     0.192078762926E-001    -0.173883367665E+002    -0.265145759911E-002    -0.112814174941E+002     0.293202365914E+000
     0.203613477710E-001    -0.164810029358E+002    -0.281072158438E-002    -0.109647641785E+002     0.305849909078E+000
     0.215840274722E-001    -0.156143209567E+002    -0.276785816221E-002    -0.106560914031E+002     0.318878896170E+000
     0.228800678855E-001    -0.147738925213E+002    -0.248164049727E-002    -0.103571346234E+002     0.332302161593E+000
     0.242538706494E-001    -0.139551356448E+002    -0.323194968232E-002    -0.100653052087E+002     0.346129906421E+000
     0.257101015006E-001    -0.131673392386E+002    -0.286029591801E-002    -0.976688735554E+001     0.360352749718E+000
     0.272537061195E-001    -0.123892107939E+002    -0.349547498266E-002    -0.947055329654E+001     0.374971540526E+000
     0.288899269272E-001    -0.116207421563E+002    -0.300835358214E-002    -0.916412915843E+001     0.389966080147E+000
     0.306243208897E-001    -0.108325940721E+002    -0.256307783248E-002    -0.884783327643E+001     0.405311709407E+000
     0.324627783907E-001    -0.999948752853E+001    -0.234747229155E-002    -0.851555256666E+001     0.420967191494E+000
     0.344115432366E-001    -0.910320836805E+001    -0.244285625245E-002    -0.815519097129E+001     0.436859741683E+000
     0.364772338618E-001    -0.813889991477E+001    -0.177686246656E-002    -0.774399478123E+001     0.452856439525E+000
     0.386668658063E-001    -0.705985145382E+001    -0.153737294777E-002    -0.728542167564E+001     0.468808831910E+000
     0.409878755421E-001    -0.588299717670E+001    -0.462385342143E-002    -0.675299340203E+001     0.484482599016E+000
     0.434481457293E-001    -0.456531382126E+001    -0.897758507714E-003    -0.615165304955E+001     0.499617327777E+000
     0.460560319869E-001    -0.315835883746E+001    -0.966546217504E-003    -0.547669296358E+001     0.513899920317E+000
     0.488203912708E-001    -0.179942718996E+001    -0.117293781748E-002    -0.478041573255E+001     0.527114707326E+000
     0.517506119535E-001    -0.627485020720E+000     0.285530375527E-002    -0.413359908965E+001     0.539227067762E+000
     0.548566457095E-001     0.127366594834E+000     0.702453928344E-002    -0.376492625923E+001     0.550921076166E+000
     0.581490413132E-001     0.517060909749E+000     0.149073095669E-001    -0.338632432619E+001     0.562070303522E+000
     0.616389804647E-001     0.688074675191E+000     0.112229590756E-001    -0.326797998138E+001     0.573475422059E+000
     0.653383157655E-001     0.784666155408E+000     0.105555371526E-001    -0.320289611477E+001     0.585324073066E+000
     0.692596109728E-001     0.876549334301E+000     0.653688047512E-002    -0.314167380479E+001     0.597643530167E+000
     0.734161836681E-001     0.940803503254E+000    -0.215903457031E-002    -0.309532336665E+001     0.610509469886E+000
     0.778221504872E-001     0.105930179827E+001    -0.488639098941E-002    -0.301518093422E+001     0.623794274481E+000
     0.824924750635E-001     0.119604558180E+001    -0.477990928551E-002    -0.292486958137E+001     0.637454383010E+000
     0.874430188470E-001     0.128627055308E+001    -0.205757175910E-002    -0.286289983442E+001     0.651627297648E+000
     0.926905949743E-001     0.135792210785E+001     0.124486775293E-002    -0.281237926332E+001     0.666385473377E+000
     0.982530253690E-001     0.141804599419E+001     0.565931074032E-002    -0.277200198795E+001     0.681804573623E+000
     0.104149201269E+000     0.147154240195E+001     0.693376713752E-002    -0.273549110572E+001     0.697933562169E+000
     0.110399147386E+000     0.153561750655E+001     0.457549209367E-002    -0.269266336938E+001     0.714762587434E+000
     0.117024089912E+000     0.153184407923E+001     0.111967652495E-002    -0.269740812378E+001     0.732632762763E+000
     0.124046528610E+000     0.162036468492E+001    -0.822328007894E-002    -0.263751531888E+001     0.751154642429E+000
     0.131490313229E+000     0.179389143990E+001    -0.744125378419E-002    -0.252004337373E+001     0.769913384313E+000
     0.139380724499E+000     0.185889301468E+001    -0.931437531545E-002    -0.247523185905E+001     0.789444119949E+000
     0.147744559993E+000     0.190738046793E+001    -0.678166382868E-002    -0.244166219503E+001     0.809865859651E+000
     0.156610225139E+000     0.195003891301E+001    -0.666132660435E-003    -0.241213195609E+001     0.831251014677E+000
     0.166007829686E+000     0.198710364635E+001     0.455829295737E-002    -0.238643582416E+001     0.853677835740E+000
     0.175969289968E+000     0.192777120818E+001     0.137179042128E-001    -0.242716100259E+001     0.877856289825E+000
     0.185969289968E+000     0.197137354986E+001     0.144782012234E-001    -0.239733336852E+001     0.901830060697E+000
     0.195969289968E+000     0.201687447396E+001     0.132614333810E-001    -0.236651628286E+001     0.925495595093E+000
     0.205969289968E+000     0.205474695949E+001     0.751557973300E-002    -0.234113040720E+001     0.948907019799E+000
     0.215969289968E+000     0.209842492504E+001     0.272529517215E-002    -0.231196059943E+001     0.972026641856E+000
     0.225969289968E+000     0.214353734820E+001    -0.265001841455E-002    -0.228132723184E+001     0.994839929565E+000
     0.235969289968E+000     0.219998064561E+001    -0.284493205659E-002    -0.224419794663E+001     0.101728192706E+001
     0.245969289968E+000     0.223217921360E+001    -0.589911597616E-002    -0.222198904366E+001     0.103950189581E+001
     0.255969289968E+000     0.225968477789E+001    -0.618038997099E-002    -0.220226576589E+001     0.106152464019E+001
     0.265969289968E+000     0.228532804468E+001    -0.568358055221E-002    -0.218442075404E+001     0.108336892167E+001
     0.275969289968E+000     0.231847786509E+001    -0.214185940559E-002    -0.216208506618E+001     0.110498978294E+001
     0.285969289968E+000     0.233826784675E+001     0.989939961088E-005    -0.214786906323E+001     0.112646847357E+001
     0.295969289968E+000     0.236029264037E+001     0.316432237491E-002    -0.213247631263E+001     0.114779326018E+001
     0.305969289968E+000     0.237861082750E+001     0.555821490967E-002    -0.212021152208E+001     0.116899544825E+001
     0.315969289968E+000     0.239294671694E+001     0.450276049609E-002    -0.211022986426E+001     0.119009779493E+001
     0.325969289968E+000     0.240991841491E+001     0.588979212280E-002    -0.209872118694E+001     0.121108508945E+001
     0.335969289968E+000     0.242974435461E+001     0.666475648087E-002    -0.208604865680E+001     0.123194568248E+001
     0.345969289968E+000     0.244149527742E+001     0.694226552055E-002    -0.207830550626E+001     0.125272885349E+001
     0.355969289968E+000     0.245167456113E+001     0.395762178591E-002    -0.207111343936E+001     0.127344002570E+001
     0.365969289968E+000     0.246758603598E+001     0.420922031389E-002    -0.206063493138E+001     0.129404641800E+001
     0.375969289968E+000     0.248176331655E+001     0.174325058625E-002    -0.205115558270E+001     0.131455798124E+001
     0.385969289968E+000     0.250526959723E+001     0.220757485052E-002    -0.203592340036E+001     0.133491722721E+001
     0.395969289968E+000     0.250879300138E+001     0.882494843377E-003    -0.203288323163E+001     0.135524606144E+001
     0.405969289968E+000     0.252654147810E+001     0.708672814659E-003    -0.202135047885E+001     0.137545956747E+001
     0.415969289968E+000     0.253860537695E+001    -0.881421077005E-004    -0.201316368784E+001     0.139559120437E+001
     0.425969289968E+000     0.254468457780E+001    -0.891465575230E-003    -0.200863160929E+001     0.141567752244E+001
     0.435969289968E+000     0.255522261305E+001    -0.144316684282E-002    -0.200226613133E+001     0.143570018896E+001
     0.445969289968E+000     0.256391808879E+001    -0.185336782730E-002    -0.199588347662E+001     0.145565903233E+001
     0.455969289968E+000     0.257365185278E+001    -0.377313544509E-002    -0.198894062356E+001     0.147554847435E+001
     0.465969289968E+000     0.258482719667E+001    -0.427909207574E-002    -0.198113096069E+001     0.149535983017E+001
     0.475969289968E+000     0.259757518493E+001    -0.299339656410E-002    -0.197220902583E+001     0.151508194315E+001
     0.485969289968E+000     0.261172269825E+001    -0.124302918127E-002    -0.196267978445E+001     0.153470874493E+001
     0.495969289968E+000     0.262448732119E+001     0.144469437582E-003    -0.195389274940E+001     0.155424767247E+001
     0.505969289968E+000     0.263550756993E+001     0.316133537156E-003    -0.194623631638E+001     0.157371003589E+001
     0.515969289968E+000     0.264752384764E+001    -0.151050446423E-002    -0.193814636657E+001     0.159309150545E+001
     0.525969289968E+000     0.265416987257E+001     0.504173623263E-003    -0.193356484623E+001     0.161242715457E+001
     0.535969289968E+000     0.265973679760E+001     0.111757554388E-002    -0.192971031551E+001     0.163172426096E+001
     0.545969289968E+000     0.266532910988E+001     0.293289712825E-003    -0.192602992775E+001     0.165098456046E+001
     0.555969289968E+000     0.266855878273E+001     0.171213939916E-002    -0.192382900983E+001     0.167022285818E+001
     0.565969289968E+000     0.267713799600E+001     0.298204464695E-002    -0.191846017757E+001     0.168940748313E+001
     0.575969289968E+000     0.268950810708E+001     0.262502545155E-002    -0.191119887493E+001     0.170851948990E+001
     0.585969289968E+000     0.269321328080E+001     0.125884182634E-002    -0.190849591434E+001     0.172760445320E+001
     0.595969289968E+000     0.269762415523E+001     0.115930859333E-002    -0.190522799495E+001     0.174665673668E+001
     0.605969289968E+000     0.270152555847E+001     0.557270503665E-003    -0.190332065356E+001     0.176568994403E+001
     0.615969289968E+000     0.270478420301E+001     0.191263695582E-002    -0.190114734697E+001     0.178470142712E+001
     0.625969289968E+000     0.271267504219E+001     0.113466669566E-002    -0.189554372469E+001     0.180365686776E+001
     0.635969289968E+000     0.271800714298E+001    -0.181434160462E-003    -0.189149171773E+001     0.182257178502E+001
     0.645969289968E+000     0.272031584257E+001    -0.609035810552E-003    -0.188936859635E+001     0.184146547197E+001
     0.655969289968E+000     0.272646228167E+001    -0.312666615551E-003    -0.188519602207E+001     0.186031743245E+001
     0.665969289968E+000     0.273462093905E+001    -0.601740669833E-003    -0.187953967786E+001     0.187911283019E+001
     0.675969289968E+000     0.274750492181E+001    -0.240915730731E-002    -0.187130902904E+001     0.189782593599E+001
     0.685969289968E+000     0.275925297478E+001    -0.270821216699E-002    -0.186319752311E+001     0.191645793090E+001
     0.695969289968E+000     0.279776878725E+001     0.159796016593E-002    -0.183970941551E+001     0.193485503200E+001
     0.705969289968E+000     0.278878343558E+001     0.822507814389E-003    -0.184409930157E+001     0.195329602685E+001
     0.715969289968E+000     0.278489179221E+001     0.346134860762E-003    -0.184579774333E+001     0.197175400461E+001
     0.725969289968E+000     0.280658041435E+001    -0.524094701760E-003    -0.183299588623E+001     0.199008396422E+001
     0.735969289968E+000     0.280067214853E+001    -0.572869770625E-003    -0.183567046879E+001     0.200844066980E+001
     0.745969289968E+000     0.279770035151E+001    -0.421195575690E-003    -0.183696767343E+001     0.202681034702E+001
     0.755969289968E+000     0.279672624563E+001    -0.213201215284E-003    -0.183719290637E+001     0.204518227620E+001
