 #        time                      h  [L]            Darcian flow [L.T^{-1}]   in    x         z              directions   cumulative flux
 #-----------------------------------------------------------------------------------------------

     0.100000000000E-005     0.400000000000E+001    -0.347600486989E-012    -0.283837337615E+004     0.283837337615E-002
     0.205999994278E-005     0.400000000000E+001    -0.325176709990E-012    -0.265526934147E+004     0.565295872617E-002
     0.318359982147E-005     0.400000000000E+001    -0.302400578827E-012    -0.246928811668E+004     0.842745055453E-002
     0.437461562859E-005     0.400000000000E+001    -0.279396180093E-012    -0.228144294574E+004     0.111446851659E-001
     0.563709231599E-005     0.400000000000E+001    -0.256319662197E-012    -0.209300887713E+004     0.137870600798E-001
     0.697531753239E-005     0.400000000000E+001    -0.233364969118E-012    -0.190556958366E+004     0.163371413483E-001
     0.839383618521E-005     0.400000000000E+001    -0.210769033432E-012    -0.172105976661E+004     0.187784967298E-001
     0.989746587602E-005     0.400000000000E+001    -0.188814602500E-012    -0.154178823340E+004     0.210967752945E-001
     0.114913132622E-004     0.400000000000E+001    -0.167827525350E-012    -0.137041574327E+004     0.232810088450E-001
     0.131807914004E-004     0.400000000000E+001    -0.148163901673E-012    -0.120985007086E+004     0.253250240902E-001
     0.149716381303E-004     0.400000000000E+001    -0.130182094098E-012    -0.106301746911E+004     0.272287254485E-001
     0.168699355614E-004     0.400000000000E+001    -0.114197299358E-012    -0.932491714653E+003     0.289988720750E-001
     0.188821307298E-004     0.400000000000E+001    -0.100424100195E-012    -0.820025008555E+003     0.306489224351E-001
     0.210150574931E-004     0.400000000000E+001    -0.889237101653E-013    -0.726117197442E+003     0.321976772389E-001
     0.232759597402E-004     0.400000000000E+001    -0.795796088517E-013    -0.649816819896E+003     0.336668495472E-001
     0.256725159928E-004     0.400000000000E+001    -0.721179426127E-013    -0.588887691234E+003     0.350781520257E-001
     0.282128654833E-004     0.400000000000E+001    -0.661678738296E-013    -0.540301692502E+003     0.364507071550E-001
     0.309056357980E-004     0.400000000000E+001    -0.613375361626E-013    -0.500858992204E+003     0.377994053810E-001
     0.337599721774E-004     0.400000000000E+001    -0.572783781797E-013    -0.467713451908E+003     0.391344169019E-001
     0.367855685763E-004     0.400000000000E+001    -0.537227160784E-013    -0.438679267490E+003     0.404616833139E-001
     0.399927005860E-004     0.400000000000E+001    -0.504935729812E-013    -0.412311313077E+003     0.417840201240E-001
     0.433922603327E-004     0.400000000000E+001    -0.474939356565E-013    -0.387817415516E+003     0.431024285989E-001
     0.469957934698E-004     0.400000000000E+001    -0.446844701414E-013    -0.364876388625E+003     0.444172727563E-001
     0.508155383889E-004     0.400000000000E+001    -0.420577713654E-013    -0.343427765415E+003     0.457290792183E-001
     0.548644677845E-004     0.400000000000E+001    -0.396153653117E-013    -0.323484006485E+003     0.470388431211E-001
     0.591563327122E-004     0.400000000000E+001    -0.373511069377E-013    -0.304994933753E+003     0.483478401804E-001
     0.637057092900E-004     0.400000000000E+001    -0.352405651749E-013    -0.287761052407E+003     0.496569735723E-001
     0.685280482021E-004     0.400000000000E+001    -0.332247554667E-013    -0.271300716989E+003     0.509652775767E-001
     0.736397271730E-004     0.400000000000E+001    -0.309671641293E-013    -0.252866084742E+003     0.522578478245E-001
     0.790581065897E-004     0.400000000000E+001    -0.293308324379E-013    -0.239504422486E+003     0.535555736575E-001
     0.848015884613E-004     0.400000000000E+001    -0.279280848869E-013    -0.228050119482E+003     0.548653753846E-001
     0.908896789166E-004     0.400000000000E+001    -0.266454190143E-013    -0.217576357795E+003     0.561899999318E-001
     0.973430544509E-004     0.400000000000E+001    -0.254474277298E-013    -0.207794016590E+003     0.575309727546E-001
     0.104183632148E-003     0.400000000000E+001    -0.243237797917E-013    -0.198618734877E+003     0.588896396426E-001
     0.111434644115E-003     0.400000000000E+001    -0.232723799396E-013    -0.190033403556E+003     0.602675741260E-001
     0.119120716386E-003     0.400000000000E+001    -0.222920100102E-013    -0.182028075570E+003     0.616666550701E-001
     0.127267952553E-003     0.400000000000E+001    -0.213785702438E-013    -0.174569273840E+003     0.630889121716E-001
     0.135904022424E-003     0.400000000000E+001    -0.205238565970E-013    -0.167590007268E+003     0.645362311840E-001
     0.145058255993E-003     0.400000000000E+001    -0.197163299012E-013    -0.160996051391E+003     0.660100266421E-001
     0.154761743052E-003     0.400000000000E+001    -0.189430630024E-013    -0.154681847988E+003     0.675109799524E-001
     0.165047438780E-003     0.400000000000E+001    -0.181918719103E-013    -0.148547907225E+003     0.690388985271E-001
     0.175950275662E-003     0.400000000000E+001    -0.174525112597E-013    -0.142510569348E+003     0.705926680187E-001
     0.187507282134E-003     0.400000000000E+001    -0.167146062411E-013    -0.136485117609E+003     0.721700274063E-001
     0.199757708333E-003     0.400000000000E+001    -0.159238321197E-013    -0.130027956884E+003     0.737629252958E-001
     0.212743159403E-003     0.400000000000E+001    -0.152353639626E-013    -0.124406187753E+003     0.753783957597E-001
     0.226507736794E-003     0.400000000000E+001    -0.146223398976E-013    -0.119400466386E+003     0.770218927198E-001
     0.241098188040E-003     0.400000000000E+001    -0.140475091835E-013    -0.114706617396E+003     0.786955140286E-001
     0.256564065527E-003     0.400000000000E+001    -0.135085372800E-013    -0.110305577816E+003     0.804014865811E-001
     0.272957894778E-003     0.400000000000E+001    -0.130035231357E-013    -0.106181824382E+003     0.821422132796E-001
     0.290335352846E-003     0.400000000000E+001    -0.125294190899E-013    -0.102310471057E+003     0.839201092003E-001
     0.308755457403E-003     0.400000000000E+001    -0.120820661845E-013    -0.986575573698E+002     0.857373917225E-001
     0.328280767180E-003     0.400000000000E+001    -0.116569678338E-013    -0.951863659135E+002     0.875959350035E-001
     0.348977594427E-003     0.400000000000E+001    -0.112501245574E-013    -0.918642384499E+002     0.894972332768E-001
     0.370916230124E-003     0.400000000000E+001    -0.108585699843E-013    -0.886669527239E+002     0.914424652510E-001
     0.394171182707E-003     0.400000000000E+001    -0.104804758134E-013    -0.855795795217E+002     0.934326143149E-001
     0.418821431115E-003     0.400000000000E+001    -0.101148813321E-013    -0.825942740320E+002     0.954685836868E-001
     0.444950693017E-003     0.400000000000E+001    -0.976122332817E-014    -0.797064372762E+002     0.975512540617E-001
     0.472647709137E-003     0.400000000000E+001    -0.941886401244E-014    -0.769108613112E+002     0.996814554273E-001
     0.502006544641E-003     0.400000000000E+001    -0.908673027212E-014    -0.741987835060E+002     0.101859845307E+000
     0.533126908594E-003     0.400000000000E+001    -0.876298156730E-014    -0.715551747116E+002     0.104086668387E+000
     0.566114492604E-003     0.400000000000E+001    -0.844408288474E-014    -0.689511693545E+002     0.106361200878E+000
     0.601081329767E-003     0.400000000000E+001    -0.811724625628E-014    -0.662823457501E+002     0.108678884869E+000
     0.638146175159E-003     0.400000000000E+001    -0.779598372064E-014    -0.636590380677E+002     0.111038397273E+000
     0.677434909153E-003     0.400000000000E+001    -0.752731848682E-014    -0.614652199480E+002     0.113453287949E+000
     0.719080964939E-003     0.400000000000E+001    -0.726929102269E-014    -0.593582658098E+002     0.115925325598E+000
     0.763225781689E-003     0.400000000000E+001    -0.701658963773E-014    -0.572948024085E+002     0.118454594151E+000
     0.810019284919E-003     0.400000000000E+001    -0.676418947330E-014    -0.552337986594E+002     0.121039177087E+000
     0.859620395664E-003     0.400000000000E+001    -0.648849059929E-014    -0.529825465090E+002     0.123667170244E+000
     0.912197570216E-003     0.400000000000E+001    -0.623037102803E-014    -0.508748402590E+002     0.126342025601E+000
     0.967929372233E-003     0.400000000000E+001    -0.604802869554E-014    -0.493859021209E+002     0.129094390920E+000
     0.102700507918E-002     0.400000000000E+001    -0.586775250962E-014    -0.479138353499E+002     0.131924934616E+000
     0.108962532517E-002     0.400000000000E+001    -0.569517624525E-014    -0.465046432099E+002     0.134837066813E+000
     0.115600278233E-002     0.400000000000E+001    -0.552880138508E-014    -0.451460893780E+002     0.137833749427E+000
     0.122636288312E-002     0.400000000000E+001    -0.536758630254E-014    -0.438296683279E+002     0.140917609308E+000
     0.130094458593E-002     0.400000000000E+001    -0.521189101776E-014    -0.425583198469E+002     0.144091681271E+000
     0.138000118665E-002     0.400000000000E+001    -0.506168852187E-014    -0.413318233910E+002     0.147359234730E+000
     0.146380117888E-002     0.400000000000E+001    -0.491638115738E-014    -0.401452987164E+002     0.150723410451E+000
     0.155262916586E-002     0.400000000000E+001    -0.477601717735E-014    -0.389991398392E+002     0.154187625536E+000
     0.164678682697E-002     0.400000000000E+001    -0.464133458844E-014    -0.378993730410E+002     0.157756141859E+000
     0.174659394236E-002     0.400000000000E+001    -0.451240563439E-014    -0.368465882370E+002     0.161433693543E+000
     0.185238947896E-002     0.400000000000E+001    -0.438040988295E-014    -0.357687611318E+002     0.165217868821E+000
     0.196453274170E-002     0.400000000000E+001    -0.425321844530E-014    -0.347301642258E+002     0.169112622753E+000
     0.208340459379E-002     0.400000000000E+001    -0.412938109265E-014    -0.337189555023E+002     0.173120857444E+000
     0.220940875020E-002     0.400000000000E+001    -0.401141195788E-014    -0.327556644142E+002     0.177248207306E+000
     0.234297314879E-002     0.400000000000E+001    -0.389553704804E-014    -0.318094739704E+002     0.181496820566E+000
     0.248455140365E-002     0.400000000000E+001    -0.378244983029E-014    -0.308860467599E+002     0.185869613166E+000
     0.263462434571E-002     0.400000000000E+001    -0.367249456743E-014    -0.299881939020E+002     0.190370029652E+000
     0.279370165569E-002     0.400000000000E+001    -0.356639640239E-014    -0.291218366379E+002     0.195002653086E+000
     0.296232359518E-002     0.400000000000E+001    -0.346385047493E-014    -0.282844855949E+002     0.199772037905E+000
     0.314106284138E-002     0.400000000000E+001    -0.336474951391E-014    -0.274752648376E+002     0.204682946031E+000
     0.333052643213E-002     0.400000000000E+001    -0.326937788924E-014    -0.266964964226E+002     0.209740960104E+000
     0.353135782749E-002     0.400000000000E+001    -0.317662787711E-014    -0.259391350986E+002     0.214950352800E+000
     0.374423909507E-002     0.400000000000E+001    -0.308722843680E-014    -0.252091332697E+002     0.220316905045E+000
     0.396989322653E-002     0.400000000000E+001    -0.300106903139E-014    -0.245055883336E+002     0.225846692296E+000
     0.420908659296E-002     0.400000000000E+001    -0.291382897235E-014    -0.237932191909E+002     0.231537872493E+000
     0.446263154769E-002     0.400000000000E+001    -0.283108701165E-014    -0.231175798084E+002     0.237399218219E+000
     0.473138918520E-002     0.400000000000E+001    -0.274901452745E-014    -0.224474071166E+002     0.243432130323E+000
     0.501627226558E-002     0.400000000000E+001    -0.267045091664E-014    -0.218058865503E+002     0.249644258454E+000
     0.531824831448E-002     0.400000000000E+001    -0.259527815662E-014    -0.211920543820E+002     0.256043751305E+000
     0.563834290904E-002     0.400000000000E+001    -0.252256190480E-014    -0.205982811252E+002     0.262637149750E+000
     0.597764316095E-002     0.400000000000E+001    -0.245028147940E-014    -0.200080666614E+002     0.269425891809E+000
     0.633730140856E-002     0.400000000000E+001    -0.238095160569E-014    -0.194419452805E+002     0.276418347778E+000
     0.671853913045E-002     0.400000000000E+001    -0.231219679998E-014    -0.188805196861E+002     0.283616314092E+000
     0.712265109384E-002     0.400000000000E+001    -0.224616881288E-014    -0.183413602554E+002     0.291028277196E+000
     0.755100975191E-002     0.400000000000E+001    -0.218191219624E-014    -0.178166651622E+002     0.298660199976E+000
     0.800506990496E-002     0.400000000000E+001    -0.211984598538E-014    -0.173098560896E+002     0.306519915881E+000
     0.848637364120E-002     0.400000000000E+001    -0.205991022954E-014    -0.168204435023E+002     0.314615658184E+000
     0.899655557408E-002     0.400000000000E+001    -0.200202713982E-014    -0.163477922060E+002     0.322956006410E+000
     0.953734839373E-002     0.400000000000E+001    -0.194549614092E-014    -0.158861815691E+002     0.331547139334E+000
     0.101105887516E-001     0.400000000000E+001    -0.189033491584E-014    -0.154357559841E+002     0.340395537619E+000
     0.107182234982E-001     0.400000000000E+001    -0.183639669379E-014    -0.149953169768E+002     0.349507213250E+000
     0.113623162948E-001     0.400000000000E+001    -0.178518763949E-014    -0.145771633155E+002     0.358896259136E+000
     0.120450546223E-001     0.400000000000E+001    -0.173481996907E-014    -0.141658800748E+002     0.368567848406E+000
     0.127687572104E-001     0.400000000000E+001    -0.168531936958E-014    -0.137616770056E+002     0.378527209672E+000
     0.135358819124E-001     0.400000000000E+001    -0.163738898034E-014    -0.133702956761E+002     0.388783893758E+000
     0.143490340526E-001     0.400000000000E+001    -0.159099471903E-014    -0.129914577831E+002     0.399347925459E+000
     0.152109752747E-001     0.400000000000E+001    -0.154581046578E-014    -0.126225003557E+002     0.410227778841E+000
     0.161246329208E-001     0.400000000000E+001    -0.150188532751E-014    -0.122638243823E+002     0.421432715759E+000
     0.170931099734E-001     0.400000000000E+001    -0.145975673134E-014    -0.119198182885E+002     0.432976786242E+000
     0.181196955938E-001     0.400000000000E+001    -0.141861149513E-014    -0.115838419381E+002     0.444868591804E+000
     0.192078762926E-001     0.400000000000E+001    -0.137900393692E-014    -0.112604216814E+002     0.457121965338E+000
     0.203613477710E-001     0.400000000000E+001    -0.134002628463E-014    -0.109421449969E+002     0.469743417505E+000
     0.215840274722E-001     0.400000000000E+001    -0.130182613489E-014    -0.106302171025E+002     0.482740768176E+000
     0.228800678855E-001     0.400000000000E+001    -0.126482456911E-014    -0.103280763890E+002     0.496126372567E+000
     0.242538706494E-001     0.400000000000E+001    -0.122909404820E-014    -0.100363145444E+002     0.509914289228E+000
     0.257101015006E-001     0.400000000000E+001    -0.119283022496E-014    -0.974019795580E+001     0.524098265988E+000
     0.272537061195E-001     0.400000000000E+001    -0.115684879387E-014    -0.944638727410E+001     0.538679753016E+000
     0.288899269272E-001     0.400000000000E+001    -0.111967052079E-014    -0.914280363586E+001     0.553639398565E+000
     0.306243208897E-001     0.400000000000E+001    -0.108140000814E-014    -0.883030118471E+001     0.568954619628E+000
     0.324627783907E-001     0.400000000000E+001    -0.104107888660E-014    -0.850105424129E+001     0.584583446564E+000
     0.344115432366E-001     0.400000000000E+001    -0.997279740681E-015    -0.814340707358E+001     0.600453031995E+000
     0.364772338618E-001     0.400000000000E+001    -0.947575119728E-015    -0.773753804271E+001     0.616436391792E+000
     0.386668658063E-001     0.400000000000E+001    -0.891475501287E-015    -0.727944989451E+001     0.632375707819E+000
     0.409878755421E-001     0.400000000000E+001    -0.827018032978E-015    -0.675311472299E+001     0.648049752838E+000
     0.434481457293E-001     0.400000000000E+001    -0.752700116111E-015    -0.614626287869E+001     0.663171220161E+000
     0.460560319869E-001     0.400000000000E+001    -0.669355771191E-015    -0.546570465588E+001     0.677425156222E+000
     0.488203912708E-001     0.400000000000E+001    -0.582590456035E-015    -0.475721209119E+001     0.690575799631E+000
     0.517506119535E-001     0.400000000000E+001    -0.503764821822E-015    -0.411355194145E+001     0.702629414609E+000
     0.548566457095E-001     0.400000000000E+001    -0.446612930306E-015    -0.364687133153E+001     0.713956720069E+000
     0.581490413132E-001     0.400000000000E+001    -0.414667000157E-015    -0.338601301572E+001     0.725104814436E+000
     0.616389804647E-001     0.400000000000E+001    -0.400777066013E-015    -0.327259309617E+001     0.736525965209E+000
     0.653383157655E-001     0.400000000000E+001    -0.392632920635E-015    -0.320609110242E+001     0.748386371202E+000
     0.692596109728E-001     0.400000000000E+001    -0.384829494264E-015    -0.314237129049E+001     0.760708536683E+000
     0.734161836681E-001     0.400000000000E+001    -0.379605842107E-015    -0.309971693366E+001     0.773592735452E+000
     0.778221504872E-001     0.400000000000E+001    -0.369852020916E-015    -0.302007093942E+001     0.786899067803E+000
     0.824924750635E-001     0.400000000000E+001    -0.358277122673E-015    -0.292555472257E+001     0.800562357923E+000
     0.874430188470E-001     0.400000000000E+001    -0.350807920190E-015    -0.286456405581E+001     0.814743507702E+000
     0.926905949743E-001     0.400000000000E+001    -0.345042293082E-015    -0.281748413765E+001     0.829528470202E+000
     0.982530253690E-001     0.400000000000E+001    -0.339985999217E-015    -0.277619636497E+001     0.844970869244E+000
     0.104149201269E+000     0.400000000000E+001    -0.335487607672E-015    -0.273946421046E+001     0.861123232101E+000
     0.110399147386E+000     0.400000000000E+001    -0.330154387247E-015    -0.269591516082E+001     0.877972556591E+000
     0.117024089912E+000     0.400000000000E+001    -0.330286211345E-015    -0.269699158626E+001     0.895839970843E+000
     0.124046528610E+000     0.400000000000E+001    -0.322838751192E-015    -0.263617845910E+001     0.914352372471E+000
     0.131490313229E+000     0.400000000000E+001    -0.308340585414E-015    -0.251779195135E+001     0.933094273471E+000
     0.139380724499E+000     0.400000000000E+001    -0.303061309099E-015    -0.247468338880E+001     0.952620543171E+000
     0.147744559993E+000     0.400000000000E+001    -0.299006760933E-015    -0.244157549051E+001     0.973041478921E+000
     0.156610225139E+000     0.400000000000E+001    -0.295552322136E-015    -0.241336785710E+001     0.994437590215E+000
     0.166007829686E+000     0.400000000000E+001    -0.292521717986E-015    -0.238862109622E+001     0.101688490669E+001
     0.175969289968E+000     0.400000000000E+001    -0.297496071014E-015    -0.242923977118E+001     0.104108368219E+001
     0.185969289968E+000     0.400000000000E+001    -0.293750059054E-015    -0.239865126221E+001     0.106507019481E+001
     0.195969289968E+000     0.400000000000E+001    -0.289980453847E-015    -0.236787009976E+001     0.108874889581E+001
     0.205969289968E+000     0.400000000000E+001    -0.286801070140E-015    -0.234190846160E+001     0.111216798042E+001
     0.215969289968E+000     0.400000000000E+001    -0.283143556617E-015    -0.231204259721E+001     0.113528840639E+001
     0.225969289968E+000     0.400000000000E+001    -0.279377436088E-015    -0.228128988932E+001     0.115810130529E+001
     0.235969289968E+000     0.400000000000E+001    -0.274520349889E-015    -0.224162877068E+001     0.118051759299E+001
     0.245969289968E+000     0.400000000000E+001    -0.271918716379E-015    -0.222038482090E+001     0.120272144120E+001
     0.255969289968E+000     0.400000000000E+001    -0.269702749336E-015    -0.220229007681E+001     0.122474434197E+001
     0.265969289968E+000     0.400000000000E+001    -0.267593251183E-015    -0.218506471718E+001     0.124659498914E+001
     0.275969289968E+000     0.400000000000E+001    -0.264826443076E-015    -0.216247201446E+001     0.126821970929E+001
     0.285969289968E+000     0.400000000000E+001    -0.263231792188E-015    -0.214945070180E+001     0.128971421631E+001
     0.295969289968E+000     0.400000000000E+001    -0.261504184267E-015    -0.213534371257E+001     0.131106765343E+001
     0.305969289968E+000     0.400000000000E+001    -0.259915065847E-015    -0.212236757593E+001     0.133229132919E+001
     0.315969289968E+000     0.400000000000E+001    -0.258741749280E-015    -0.211278671907E+001     0.135341919638E+001
     0.325969289968E+000     0.400000000000E+001    -0.257296009324E-015    -0.210098135644E+001     0.137442900995E+001
     0.335969289968E+000     0.400000000000E+001    -0.255585190289E-015    -0.208701145887E+001     0.139529912453E+001
     0.345969289968E+000     0.400000000000E+001    -0.254613503581E-015    -0.207907703477E+001     0.141608989488E+001
     0.355969289968E+000     0.400000000000E+001    -0.253791551518E-015    -0.207236528683E+001     0.143681354775E+001
     0.365969289968E+000     0.400000000000E+001    -0.252443308693E-015    -0.206135604869E+001     0.145742710824E+001
     0.375969289968E+000     0.400000000000E+001    -0.251234821774E-015    -0.205148800412E+001     0.147794198828E+001
     0.385969289968E+000     0.400000000000E+001    -0.249245122251E-015    -0.203524087455E+001     0.149829439702E+001
     0.395969289968E+000     0.400000000000E+001    -0.248995781511E-015    -0.203320485290E+001     0.151862644555E+001
     0.405969289968E+000     0.400000000000E+001    -0.247478995245E-015    -0.202081935312E+001     0.153883463908E+001
     0.415969289968E+000     0.400000000000E+001    -0.246485897640E-015    -0.201271009577E+001     0.155896174004E+001
     0.425969289968E+000     0.400000000000E+001    -0.245999323954E-015    -0.200873692011E+001     0.157904910924E+001
     0.435969289968E+000     0.400000000000E+001    -0.244989477037E-015    -0.200049089425E+001     0.159905401819E+001
     0.445969289968E+000     0.400000000000E+001    -0.244371340271E-015    -0.199544342451E+001     0.161900845243E+001
     0.455969289968E+000     0.400000000000E+001    -0.243561691220E-015    -0.198883213829E+001     0.163889677381E+001
     0.465969289968E+000     0.400000000000E+001    -0.242651079659E-015    -0.198139643061E+001     0.165871073812E+001
     0.475969289968E+000     0.400000000000E+001    -0.241671928256E-015    -0.197340105265E+001     0.167844474865E+001
     0.485969289968E+000     0.400000000000E+001    -0.240440534305E-015    -0.196334595797E+001     0.169807820823E+001
     0.495969289968E+000     0.400000000000E+001    -0.239367644960E-015    -0.195458515162E+001     0.171762405974E+001
     0.505969289968E+000     0.400000000000E+001    -0.238476052590E-015    -0.194730474743E+001     0.173709710722E+001
     0.515969289968E+000     0.400000000000E+001    -0.237488122209E-015    -0.193923768367E+001     0.175648948405E+001
     0.525969289968E+000     0.400000000000E+001    -0.236853582795E-015    -0.193405627614E+001     0.177583004681E+001
     0.535969289968E+000     0.400000000000E+001    -0.236417936299E-015    -0.193049895255E+001     0.179513503634E+001
     0.545969289968E+000     0.400000000000E+001    -0.235924388852E-015    -0.192646883180E+001     0.181439972466E+001
     0.555969289968E+000     0.400000000000E+001    -0.235730593966E-015    -0.192488637647E+001     0.183364858842E+001
     0.565969289968E+000     0.400000000000E+001    -0.234933724811E-015    -0.191837944601E+001     0.185283238288E+001
     0.575969289968E+000     0.400000000000E+001    -0.233836354751E-015    -0.190941873946E+001     0.187192657028E+001
     0.585969289968E+000     0.400000000000E+001    -0.233498672868E-015    -0.190666135763E+001     0.189099318385E+001
     0.595969289968E+000     0.400000000000E+001    -0.233273951731E-015    -0.190482637029E+001     0.191004144756E+001
     0.605969289968E+000     0.400000000000E+001    -0.232820391730E-015    -0.190112277182E+001     0.192905267527E+001
     0.615969289968E+000     0.400000000000E+001    -0.232547391278E-015    -0.189889355396E+001     0.194804161081E+001
     0.625969289968E+000     0.400000000000E+001    -0.231884551672E-015    -0.189348105783E+001     0.196697642139E+001
     0.635969289968E+000     0.400000000000E+001    -0.231534385593E-015    -0.189062173481E+001     0.198588263874E+001
     0.645969289968E+000     0.400000000000E+001    -0.231372573143E-015    -0.188930043588E+001     0.200477564310E+001
     0.655969289968E+000     0.400000000000E+001    -0.230867544317E-015    -0.188517656256E+001     0.202362740873E+001
     0.665969289968E+000     0.400000000000E+001    -0.230186030859E-015    -0.187961158286E+001     0.204242352455E+001
     0.675969289968E+000     0.400000000000E+001    -0.229008882674E-015    -0.186999943848E+001     0.206112351894E+001
     0.685969289968E+000     0.400000000000E+001    -0.228077463107E-015    -0.186239382054E+001     0.207974745714E+001
     0.695969289968E+000     0.400000000000E+001    -0.224708984512E-015    -0.183488810544E+001     0.209809633820E+001
     0.705969289968E+000     0.400000000000E+001    -0.225558968295E-015    -0.184182874974E+001     0.211651462570E+001
     0.715969289968E+000     0.400000000000E+001    -0.225955950574E-015    -0.184507035605E+001     0.213496532926E+001
     0.725969289968E+000     0.400000000000E+001    -0.224009727384E-015    -0.182917823768E+001     0.215325711163E+001
     0.735969289968E+000     0.400000000000E+001    -0.224581868345E-015    -0.183385012316E+001     0.217159561286E+001
     0.745969289968E+000     0.400000000000E+001    -0.224888015884E-015    -0.183635000753E+001     0.218995911294E+001
     0.755969289968E+000     0.400000000000E+001    -0.225016668214E-015    -0.183740053353E+001     0.220833311828E+001
