 #        time                      h  [L]            Darcian flow [L.T^{-1}]   in    x         z              directions   cumulative flux
 #-----------------------------------------------------------------------------------------------

     0.100000000000E-005     0.400000000000E+001    -0.376417861371E-012    -0.307368509543E+004     0.307368509543E-002
     0.205999994278E-005     0.400000000000E+001    -0.346963403953E-012    -0.283317119838E+004     0.607684640360E-002
     0.318359982147E-005     0.400000000000E+001    -0.317521812034E-012    -0.259276235609E+004     0.899007387238E-002
     0.437461562859E-005     0.400000000000E+001    -0.288384560657E-012    -0.235483864293E+004     0.117947239193E-001
     0.563709231599E-005     0.400000000000E+001    -0.259893384253E-012    -0.212219053228E+004     0.144739399925E-001
     0.697531753239E-005     0.400000000000E+001    -0.232434036951E-012    -0.189796794564E+004     0.170138485573E-001
     0.839383618521E-005     0.400000000000E+001    -0.206420292093E-012    -0.168554959876E+004     0.194048321034E-001
     0.989746587602E-005     0.400000000000E+001    -0.182265298375E-012    -0.148830910677E+004     0.216426978655E-001
     0.114913132622E-004     0.400000000000E+001    -0.160339956703E-012    -0.130927510540E+004     0.237294825700E-001
     0.131807914004E-004     0.400000000000E+001    -0.140923141272E-012    -0.115072477526E+004     0.256736069209E-001
     0.149716381303E-004     0.400000000000E+001    -0.124155121888E-012    -0.101380350624E+004     0.274891736148E-001
     0.168699355614E-004     0.400000000000E+001    -0.110009652017E-012    -0.898296979122E+003     0.291944084626E-001
     0.188821307298E-004     0.400000000000E+001    -0.982973247529E-013    -0.802658569159E+003     0.308095141573E-001
     0.210150574931E-004     0.400000000000E+001    -0.887021363316E-013    -0.724307909785E+003     0.323544098830E-001
     0.232759597402E-004     0.400000000000E+001    -0.808402143594E-013    -0.660110445033E+003     0.338468550715E-001
     0.256725159928E-004     0.400000000000E+001    -0.743223403089E-013    -0.606887964437E+003     0.353012962173E-001
     0.282128654833E-004     0.400000000000E+001    -0.688037073468E-013    -0.561824906534E+003     0.367285278324E-001
     0.309056357980E-004     0.400000000000E+001    -0.640121976520E-013    -0.522699260689E+003     0.381360368851E-001
     0.337599721774E-004     0.400000000000E+001    -0.597548573002E-013    -0.487935438543E+003     0.395287687581E-001
     0.367855685763E-004     0.400000000000E+001    -0.559078335845E-013    -0.456522105994E+003     0.409100203980E-001
     0.399927005860E-004     0.400000000000E+001    -0.523973059739E-013    -0.427856472661E+003     0.422822125870E-001
     0.433922603327E-004     0.400000000000E+001    -0.491786555680E-013    -0.401574197575E+003     0.436473880645E-001
     0.469957934698E-004     0.400000000000E+001    -0.462191472913E-013    -0.377407978557E+003     0.450073902214E-001
     0.508155383889E-004     0.400000000000E+001    -0.434865186534E-013    -0.355094372383E+003     0.463637601461E-001
     0.548644677845E-004     0.400000000000E+001    -0.409426958883E-013    -0.334322483159E+003     0.477174082758E-001
     0.591563327122E-004     0.400000000000E+001    -0.385377195848E-013    -0.314684361333E+003     0.490679910495E-001
     0.637057092900E-004     0.400000000000E+001    -0.361813120504E-013    -0.295442833603E+003     0.504120717567E-001
     0.685280482021E-004     0.400000000000E+001    -0.334019457139E-013    -0.272747585158E+003     0.517273530498E-001
     0.736397271730E-004     0.400000000000E+001    -0.314306581045E-013    -0.256650800266E+003     0.530392695484E-001
     0.790581065897E-004     0.400000000000E+001    -0.298043054987E-013    -0.243370623428E+003     0.543579439250E-001
     0.848015884613E-004     0.400000000000E+001    -0.283655214239E-013    -0.231622059876E+003     0.556882610270E-001
     0.908896789166E-004     0.400000000000E+001    -0.270556349040E-013    -0.220926024735E+003     0.570332786495E-001
     0.973430544509E-004     0.400000000000E+001    -0.258480158703E-013    -0.211065066991E+003     0.583953607890E-001
     0.104183632148E-003     0.400000000000E+001    -0.247260497496E-013    -0.201903518360E+003     0.597764974936E-001
     0.111434644115E-003     0.400000000000E+001    -0.236758547557E-013    -0.193328025453E+003     0.611783213198E-001
     0.119120716386E-003     0.400000000000E+001    -0.226843411456E-013    -0.185231702409E+003     0.626020255713E-001
     0.127267952553E-003     0.400000000000E+001    -0.217393787511E-013    -0.177515498887E+003     0.640482862641E-001
     0.135904022424E-003     0.400000000000E+001    -0.208305692544E-013    -0.170094506178E+003     0.655172343041E-001
     0.145058255993E-003     0.400000000000E+001    -0.199496414531E-013    -0.162901184791E+003     0.670084697983E-001
     0.154761743052E-003     0.400000000000E+001    -0.190894715644E-013    -0.155877364622E+003     0.685210237887E-001
     0.165047438780E-003     0.400000000000E+001    -0.182385225489E-013    -0.148928838597E+003     0.700528605076E-001
     0.175950275662E-003     0.400000000000E+001    -0.172511860884E-013    -0.140866624568E+003     0.715887063375E-001
     0.187507282134E-003     0.400000000000E+001    -0.165115599324E-013    -0.134827118675E+003     0.731469042206E-001
     0.199757708333E-003     0.400000000000E+001    -0.158445349617E-013    -0.129380446450E+003     0.747318698314E-001
     0.212743159403E-003     0.400000000000E+001    -0.152244465489E-013    -0.124317040305E+003     0.763461826754E-001
     0.226507736794E-003     0.400000000000E+001    -0.146427457621E-013    -0.119567092914E+003     0.779919731792E-001
     0.241098188040E-003     0.400000000000E+001    -0.140943938118E-013    -0.115089459439E+003     0.796711803262E-001
     0.256564065527E-003     0.400000000000E+001    -0.135751847265E-013    -0.110849795516E+003     0.813855696831E-001
     0.272957894778E-003     0.400000000000E+001    -0.130813573083E-013    -0.106817388633E+003     0.831367157134E-001
     0.290335352846E-003     0.400000000000E+001    -0.126096953293E-013    -0.102965976297E+003     0.849260026489E-001
     0.308755457403E-003     0.400000000000E+001    -0.121576237336E-013    -0.992745315799E+002     0.867546499005E-001
     0.328280767180E-003     0.400000000000E+001    -0.117231661091E-013    -0.957269158527E+002     0.886237475865E-001
     0.348977594427E-003     0.400000000000E+001    -0.113047753615E-013    -0.923104961311E+002     0.905342819780E-001
     0.370916230124E-003     0.400000000000E+001    -0.109011072946E-013    -0.890142962213E+002     0.924871341946E-001
     0.394171182707E-003     0.400000000000E+001    -0.105108001886E-013    -0.858271968365E+002     0.944830415874E-001
     0.418821431115E-003     0.400000000000E+001    -0.101322669577E-013    -0.827362384380E+002     0.965225104172E-001
     0.444950693017E-003     0.400000000000E+001    -0.976339298962E-014    -0.797241539064E+002     0.986056437145E-001
     0.472647709137E-003     0.400000000000E+001    -0.940069692121E-014    -0.767625157536E+002     0.100731736351E+000
     0.502006544641E-003     0.400000000000E+001    -0.903516526906E-014    -0.737777233024E+002     0.102897764393E+000
     0.533126908594E-003     0.400000000000E+001    -0.861382590289E-014    -0.703372262835E+002     0.105086684474E+000
     0.566114492604E-003     0.400000000000E+001    -0.830010224558E-014    -0.677754782143E+002     0.107322433756E+000
     0.601081329767E-003     0.400000000000E+001    -0.800541444890E-014    -0.653691697433E+002     0.109608186870E+000
     0.638146175159E-003     0.400000000000E+001    -0.771810237385E-014    -0.630230886099E+002     0.111944127905E+000
     0.677434909153E-003     0.400000000000E+001    -0.742979843141E-014    -0.606689082647E+002     0.114327732504E+000
     0.719080964939E-003     0.400000000000E+001    -0.711249714053E-014    -0.580779466005E+002     0.116746449908E+000
     0.763225781689E-003     0.400000000000E+001    -0.677522596494E-014    -0.553239184527E+002     0.119188714150E+000
     0.810019284919E-003     0.400000000000E+001    -0.657011425923E-014    -0.536490542727E+002     0.121699141344E+000
     0.859620395664E-003     0.400000000000E+001    -0.637056107642E-014    -0.520195788766E+002     0.124279370237E+000
     0.912197570216E-003     0.400000000000E+001    -0.618051140578E-014    -0.504677055465E+002     0.126932819601E+000
     0.967929372233E-003     0.400000000000E+001    -0.599801942431E-014    -0.489775454318E+002     0.129662426466E+000
     0.102700507918E-002     0.400000000000E+001    -0.582220388565E-014    -0.475419026099E+002     0.132470997972E+000
     0.108962532517E-002     0.400000000000E+001    -0.565258271700E-014    -0.461568406575E+002     0.135361350688E+000
     0.115600278233E-002     0.400000000000E+001    -0.548887070591E-014    -0.448200306385E+002     0.138336390352E+000
     0.122636288312E-002     0.400000000000E+001    -0.533095045451E-014    -0.435305139263E+002     0.141399201699E+000
     0.130094458593E-002     0.400000000000E+001    -0.517900992513E-014    -0.422898253500E+002     0.144553248886E+000
     0.138000118665E-002     0.400000000000E+001    -0.503461902098E-014    -0.411107841419E+002     0.147803327733E+000
     0.146380117888E-002     0.400000000000E+001    -0.490047638958E-014    -0.400154264315E+002     0.151156620157E+000
     0.155262916586E-002     0.400000000000E+001    -0.475626053774E-014    -0.388378146340E+002     0.154606505049E+000
     0.164678682697E-002     0.400000000000E+001    -0.461375785453E-014    -0.376741919200E+002     0.158153818845E+000
     0.174659394236E-002     0.400000000000E+001    -0.447834482224E-014    -0.365684605991E+002     0.161803611411E+000
     0.185238947896E-002     0.400000000000E+001    -0.435218953676E-014    -0.355383245176E+002     0.165563407523E+000
     0.196453274170E-002     0.400000000000E+001    -0.422367027338E-014    -0.344888850917E+002     0.169431103626E+000
     0.208340459379E-002     0.400000000000E+001    -0.410058298186E-014    -0.334838010822E+002     0.173411385076E+000
     0.220940875020E-002     0.400000000000E+001    -0.398039389974E-014    -0.325023827483E+002     0.177506820395E+000
     0.234297314879E-002     0.400000000000E+001    -0.386473642373E-014    -0.315579677865E+002     0.181721841383E+000
     0.248455140365E-002     0.400000000000E+001    -0.375321787712E-014    -0.306473497480E+002     0.186060839677E+000
     0.263462434571E-002     0.400000000000E+001    -0.364574051174E-014    -0.297697304584E+002     0.190528470711E+000
     0.279370165569E-002     0.400000000000E+001    -0.354368764104E-014    -0.289364055294E+002     0.195131596263E+000
     0.296232359518E-002     0.400000000000E+001    -0.344336010651E-014    -0.281171690393E+002     0.199872767839E+000
     0.314106284138E-002     0.400000000000E+001    -0.334540823664E-014    -0.273173313233E+002     0.204755447048E+000
     0.333052643213E-002     0.400000000000E+001    -0.325415155065E-014    -0.265721639326E+002     0.209789904641E+000
     0.353135782749E-002     0.400000000000E+001    -0.316003155641E-014    -0.258036158557E+002     0.214972080819E+000
     0.374423909507E-002     0.400000000000E+001    -0.306740791793E-014    -0.250472864508E+002     0.220304178908E+000
     0.396989322653E-002     0.400000000000E+001    -0.297871683833E-014    -0.243230688261E+002     0.225792779878E+000
     0.420908659296E-002     0.400000000000E+001    -0.289337943790E-014    -0.236262360699E+002     0.231444018820E+000
     0.446263154769E-002     0.400000000000E+001    -0.281357437204E-014    -0.229745782539E+002     0.237269107223E+000
     0.473138918520E-002     0.400000000000E+001    -0.273389550882E-014    -0.223239509606E+002     0.243268839543E+000
     0.501627226558E-002     0.400000000000E+001    -0.265532708940E-014    -0.216823911290E+002     0.249445785918E+000
     0.531824831448E-002     0.400000000000E+001    -0.258026697840E-014    -0.210694788097E+002     0.255808263881E+000
     0.563834290904E-002     0.400000000000E+001    -0.250491209141E-014    -0.204541594618E+002     0.262355529761E+000
     0.597764316095E-002     0.400000000000E+001    -0.243298510995E-014    -0.198668310867E+002     0.269096350554E+000
     0.633730140856E-002     0.400000000000E+001    -0.236319301006E-014    -0.192969353425E+002     0.276036652503E+000
     0.671853913045E-002     0.400000000000E+001    -0.229625498743E-014    -0.187503449079E+002     0.283184991281E+000
     0.712265109384E-002     0.400000000000E+001    -0.223193551247E-014    -0.182251365375E+002     0.290549986990E+000
     0.755100975191E-002     0.400000000000E+001    -0.216905009524E-014    -0.177116381372E+002     0.298136920534E+000
     0.800506990496E-002     0.400000000000E+001    -0.210791611148E-014    -0.172124412765E+002     0.305952404255E+000
     0.848637364120E-002     0.400000000000E+001    -0.204750622643E-014    -0.167191571305E+002     0.313999397048E+000
     0.899655557408E-002     0.400000000000E+001    -0.198907067494E-014    -0.162419946415E+002     0.322285769268E+000
     0.953734839373E-002     0.400000000000E+001    -0.193418603042E-014    -0.157938275082E+002     0.330826957780E+000
     0.101105887516E-001     0.400000000000E+001    -0.187966860667E-014    -0.153486589601E+002     0.339625428535E+000
     0.107182234982E-001     0.400000000000E+001    -0.182564652386E-014    -0.149075351777E+002     0.348683764895E+000
     0.113623162948E-001     0.400000000000E+001    -0.177433855578E-014    -0.144885738240E+002     0.358015750928E+000
     0.120450546223E-001     0.400000000000E+001    -0.172288315989E-014    -0.140684086309E+002     0.367620792707E+000
     0.127687572104E-001     0.400000000000E+001    -0.167389708631E-014    -0.136684069845E+002     0.377512654218E+000
     0.135358819124E-001     0.400000000000E+001    -0.162627836671E-014    -0.132795706308E+002     0.387699740880E+000
     0.143490340526E-001     0.400000000000E+001    -0.158083218948E-014    -0.129084744319E+002     0.398196294491E+000
     0.152109752747E-001     0.400000000000E+001    -0.153638104188E-014    -0.125455032663E+002     0.409009780909E+000
     0.161246329208E-001     0.400000000000E+001    -0.149308369346E-014    -0.121919535861E+002     0.420149052524E+000
     0.170931099734E-001     0.400000000000E+001    -0.145044907031E-014    -0.118438154684E+002     0.431619516020E+000
     0.181196955938E-001     0.400000000000E+001    -0.140849608421E-014    -0.115012433396E+002     0.443426527048E+000
     0.192078762926E-001     0.400000000000E+001    -0.136830560311E-014    -0.111730631563E+002     0.455584838722E+000
     0.203613477710E-001     0.400000000000E+001    -0.132831922467E-014    -0.108465495977E+002     0.468096024322E+000
     0.215840274722E-001     0.400000000000E+001    -0.128770693832E-014    -0.105149251132E+002     0.480952409818E+000
     0.228800678855E-001     0.400000000000E+001    -0.124608998805E-014    -0.101750969252E+002     0.494139746642E+000
     0.242538706494E-001     0.400000000000E+001    -0.120314246751E-014    -0.982440380647E+001     0.507636539745E+000
     0.257101015006E-001     0.400000000000E+001    -0.115857483519E-014    -0.946048147100E+001     0.521413184730E+000
     0.272537061195E-001     0.400000000000E+001    -0.111185063720E-014    -0.907894944055E+001     0.535427493021E+000
     0.288899269272E-001     0.400000000000E+001    -0.106177358200E-014    -0.867003925329E+001     0.549613591651E+000
     0.306243208897E-001     0.400000000000E+001    -0.100600858710E-014    -0.821468351364E+001     0.563861089141E+000
     0.324627783907E-001     0.400000000000E+001    -0.944530996860E-015    -0.771268089312E+001     0.578040525182E+000
     0.344115432366E-001     0.400000000000E+001    -0.879682422988E-015    -0.718315210231E+001     0.592038799482E+000
     0.364772338618E-001     0.400000000000E+001    -0.810181275553E-015    -0.661563216526E+001     0.605704648825E+000
     0.386668658063E-001     0.400000000000E+001    -0.735767260050E-015    -0.600799561606E+001     0.618859947948E+000
     0.409878755421E-001     0.400000000000E+001    -0.659036319876E-015    -0.538143994117E+001     0.631350322445E+000
     0.434481457293E-001     0.400000000000E+001    -0.584399944154E-015    -0.477198768299E+001     0.643090701475E+000
     0.460560319869E-001     0.400000000000E+001    -0.521520232225E-015    -0.425853587000E+001     0.654196478648E+000
     0.488203912708E-001     0.400000000000E+001    -0.475467571705E-015    -0.388248735910E+001     0.664929068623E+000
     0.517506119535E-001     0.400000000000E+001    -0.445236722869E-015    -0.363563374501E+001     0.675582277818E+000
     0.548566457095E-001     0.400000000000E+001    -0.426754893098E-015    -0.348471815217E+001     0.686405930028E+000
     0.581490413132E-001     0.400000000000E+001    -0.415087921913E-015    -0.338945010269E+001     0.697565340645E+000
     0.616389804647E-001     0.400000000000E+001    -0.406268053911E-015    -0.331743041499E+001     0.709142970933E+000
     0.653383157655E-001     0.400000000000E+001    -0.397852571819E-015    -0.324871278883E+001     0.721161048835E+000
     0.692596109728E-001     0.400000000000E+001    -0.391117917616E-015    -0.319372016396E+001     0.733684568407E+000
     0.734161836681E-001     0.400000000000E+001    -0.380054395885E-015    -0.310337965322E+001     0.746583991537E+000
     0.778221504872E-001     0.400000000000E+001    -0.371605455377E-015    -0.303438881836E+001     0.759953407987E+000
     0.824924750635E-001     0.400000000000E+001    -0.364508107191E-015    -0.297643457236E+001     0.773854323520E+000
     0.874430188470E-001     0.400000000000E+001    -0.358918302056E-015    -0.293079034956E+001     0.788363329466E+000
     0.926905949743E-001     0.400000000000E+001    -0.354060518358E-015    -0.289112353541E+001     0.803534720311E+000
     0.982530253690E-001     0.400000000000E+001    -0.355814770080E-015    -0.290544808779E+001     0.819696073065E+000
     0.104149201269E+000     0.400000000000E+001    -0.350206369119E-015    -0.285965201855E+001     0.836557084379E+000
     0.110399147386E+000     0.400000000000E+001    -0.343641385681E-015    -0.280604486061E+001     0.854094713559E+000
     0.117024089912E+000     0.400000000000E+001    -0.335971715604E-015    -0.274341725172E+001     0.872269695177E+000
     0.124046528610E+000     0.400000000000E+001    -0.328654094797E-015    -0.268366434327E+001     0.891115563515E+000
     0.131490313229E+000     0.400000000000E+001    -0.323110742504E-015    -0.263839943671E+001     0.910755240659E+000
     0.139380724499E+000     0.400000000000E+001    -0.313297709716E-015    -0.255826994309E+001     0.930941042650E+000
     0.147744559993E+000     0.400000000000E+001    -0.314454174274E-015    -0.256771319284E+001     0.952416973392E+000
     0.156610225139E+000     0.400000000000E+001    -0.312434818492E-015    -0.255122390153E+001     0.975035270214E+000
     0.166007829686E+000     0.400000000000E+001    -0.309840875140E-015    -0.253004274666E+001     0.998811611434E+000
     0.175969289968E+000     0.400000000000E+001    -0.301227933631E-015    -0.245971274200E+001     0.102331394222E+001
     0.185969289968E+000     0.400000000000E+001    -0.303590412666E-015    -0.247900384730E+001     0.104810398069E+001
     0.195969289968E+000     0.400000000000E+001    -0.300864241503E-015    -0.245674297040E+001     0.107267141040E+001
     0.205969289968E+000     0.400000000000E+001    -0.297150553717E-015    -0.242641840834E+001     0.109693559448E+001
     0.215969289968E+000     0.400000000000E+001    -0.293190168463E-015    -0.239407940859E+001     0.112087638857E+001
     0.225969289968E+000     0.400000000000E+001    -0.289322069456E-015    -0.236249398323E+001     0.114450132840E+001
     0.235969289968E+000     0.400000000000E+001    -0.285978128294E-015    -0.233518863148E+001     0.116785321471E+001
     0.245969289968E+000     0.400000000000E+001    -0.283575787735E-015    -0.231557203214E+001     0.119100893503E+001
     0.255969289968E+000     0.400000000000E+001    -0.281052573717E-015    -0.229496842611E+001     0.121395861929E+001
     0.265969289968E+000     0.400000000000E+001    -0.278709880926E-015    -0.227583888775E+001     0.123671700817E+001
     0.275969289968E+000     0.400000000000E+001    -0.276719509304E-015    -0.225958627007E+001     0.125931287087E+001
     0.285969289968E+000     0.400000000000E+001    -0.274691043598E-015    -0.224302259059E+001     0.128174309678E+001
     0.295969289968E+000     0.400000000000E+001    -0.273518386125E-015    -0.223344711566E+001     0.130407756794E+001
     0.305969289968E+000     0.400000000000E+001    -0.272129780757E-015    -0.222210829234E+001     0.132629865086E+001
     0.315969289968E+000     0.400000000000E+001    -0.270604436454E-015    -0.220965291089E+001     0.134839517997E+001
     0.325969289968E+000     0.400000000000E+001    -0.269148980107E-015    -0.219776820790E+001     0.137037286205E+001
     0.335969289968E+000     0.400000000000E+001    -0.268185669206E-015    -0.218990217745E+001     0.139227188382E+001
     0.345969289968E+000     0.400000000000E+001    -0.267188925857E-015    -0.218176315034E+001     0.141408951532E+001
     0.355969289968E+000     0.400000000000E+001    -0.265852212394E-015    -0.217084805659E+001     0.143579799589E+001
     0.365969289968E+000     0.400000000000E+001    -0.264632889558E-015    -0.216089153005E+001     0.145740691119E+001
     0.375969289968E+000     0.400000000000E+001    -0.262897341666E-015    -0.214671970603E+001     0.147887410825E+001
     0.385969289968E+000     0.400000000000E+001    -0.261839707209E-015    -0.213808346530E+001     0.150025494290E+001
     0.395969289968E+000     0.400000000000E+001    -0.260999699564E-015    -0.213122428235E+001     0.152156718573E+001
     0.405969289968E+000     0.400000000000E+001    -0.260190845445E-015    -0.212461948723E+001     0.154281338060E+001
     0.415969289968E+000     0.400000000000E+001    -0.259437146314E-015    -0.211846506679E+001     0.156399803127E+001
     0.425969289968E+000     0.400000000000E+001    -0.258536731764E-015    -0.211111262401E+001     0.158510915751E+001
     0.435969289968E+000     0.400000000000E+001    -0.257673838601E-015    -0.210406656663E+001     0.160614982317E+001
     0.445969289968E+000     0.400000000000E+001    -0.256575223746E-015    -0.209509569555E+001     0.162710078013E+001
     0.455969289968E+000     0.400000000000E+001    -0.255308934512E-015    -0.208475565926E+001     0.164794833672E+001
     0.465969289968E+000     0.400000000000E+001    -0.254193823289E-015    -0.207565008512E+001     0.166870483757E+001
     0.475969289968E+000     0.400000000000E+001    -0.253073529101E-015    -0.206650218885E+001     0.168936985946E+001
     0.485969289968E+000     0.400000000000E+001    -0.252084090554E-015    -0.205842280999E+001     0.170995408756E+001
     0.495969289968E+000     0.400000000000E+001    -0.251460824153E-015    -0.205333345360E+001     0.173048742210E+001
     0.505969289968E+000     0.400000000000E+001    -0.250750220273E-015    -0.204753093258E+001     0.175096273142E+001
     0.515969289968E+000     0.400000000000E+001    -0.250283223659E-015    -0.204371761583E+001     0.177139990758E+001
     0.525969289968E+000     0.400000000000E+001    -0.249713642484E-015    -0.203906663258E+001     0.179179057391E+001
     0.535969289968E+000     0.400000000000E+001    -0.249182272029E-015    -0.203472766354E+001     0.181213785054E+001
     0.545969289968E+000     0.400000000000E+001    -0.248594007627E-015    -0.202992412016E+001     0.183243709174E+001
     0.555969289968E+000     0.400000000000E+001    -0.247769850472E-015    -0.202319436628E+001     0.185266903541E+001
     0.565969289968E+000     0.400000000000E+001    -0.247374232454E-015    -0.201996390001E+001     0.187286867441E+001
     0.575969289968E+000     0.400000000000E+001    -0.246885526880E-015    -0.201597331616E+001     0.189302840757E+001
     0.585969289968E+000     0.400000000000E+001    -0.247198618695E-015    -0.201852990484E+001     0.191321370662E+001
     0.595969289968E+000     0.400000000000E+001    -0.246215954968E-015    -0.201050584658E+001     0.193331876508E+001
     0.605969289968E+000     0.400000000000E+001    -0.245676841431E-015    -0.200610365047E+001     0.195337980159E+001
     0.615969289968E+000     0.400000000000E+001    -0.245394548874E-015    -0.200379855682E+001     0.197341778716E+001
     0.625969289968E+000     0.400000000000E+001    -0.244773413306E-015    -0.199872660000E+001     0.199340505316E+001
     0.635969289968E+000     0.400000000000E+001    -0.244003939087E-015    -0.199244336617E+001     0.201332948682E+001
     0.645969289968E+000     0.400000000000E+001    -0.242977136835E-015    -0.198405888950E+001     0.203317007571E+001
     0.655969289968E+000     0.400000000000E+001    -0.242093833800E-015    -0.197684617286E+001     0.205293853744E+001
     0.665969289968E+000     0.400000000000E+001    -0.241612862509E-015    -0.197291874422E+001     0.207266772488E+001
     0.675969289968E+000     0.400000000000E+001    -0.240854890549E-015    -0.196672943347E+001     0.209233501922E+001
     0.685969289968E+000     0.400000000000E+001    -0.240586644148E-015    -0.196453903538E+001     0.211198040957E+001
     0.695969289968E+000     0.400000000000E+001    -0.240283321322E-015    -0.196206221654E+001     0.213160103174E+001
     0.705969289968E+000     0.400000000000E+001    -0.239763148894E-015    -0.195781468633E+001     0.215117917860E+001
     0.715969289968E+000     0.400000000000E+001    -0.239349140212E-015    -0.195443404889E+001     0.217072351909E+001
     0.725969289968E+000     0.400000000000E+001    -0.238899927342E-015    -0.195076594744E+001     0.219023117856E+001
     0.735969289968E+000     0.400000000000E+001    -0.238373097417E-015    -0.194646405464E+001     0.220969581911E+001
     0.745969289968E+000     0.400000000000E+001    -0.237877885223E-015    -0.194242034021E+001     0.222912002251E+001
     0.755969289968E+000     0.400000000000E+001    -0.237302604498E-015    -0.193772281660E+001     0.224849725068E+001
