 #        time                      h  [L]            Darcian flow [L.T^{-1}]   in    x         z              directions   cumulative flux
 #-----------------------------------------------------------------------------------------------

     0.100000000000E-005    -0.278500000000E+003     0.000000000000E+000     0.000000000000E+000     0.000000000000E+000
     0.205999994278E-005    -0.278500000000E+003     0.144710860564E-013     0.745588301748E-014     0.172556310503E-019
     0.318359982147E-005    -0.278500000000E+003     0.289229914277E-013    -0.281647494472E-015     0.497550414876E-019
     0.437461562859E-005    -0.278500000000E+003     0.289038107426E-013    -0.154750610239E-013     0.888034313256E-019
     0.563709231599E-005    -0.278500000000E+003     0.143751826309E-013    -0.685111846297E-013     0.177180661591E-018
     0.697531753239E-005    -0.278500000000E+003     0.285010163554E-013    -0.334536745142E-012     0.626487943108E-018
     0.839383618521E-005    -0.278500000000E+003     0.274460786746E-013    -0.117017448926E-011     0.228685879845E-017
     0.989746587602E-005    -0.278500000000E+003     0.387523516886E-013    -0.366963183860E-011     0.780493384630E-017
     0.114913132622E-004    -0.278500000000E+003     0.446113101326E-013    -0.104840186303E-010     0.245150108157E-016
     0.131807914004E-004    -0.278500000000E+003     0.370629696880E-013    -0.279186014791E-010     0.716829192269E-016
     0.149716381303E-004    -0.278500000000E+003     0.843285821408E-013    -0.706662562104E-010     0.198235443178E-015
     0.168699355614E-004    -0.278500000000E+003     0.130890395309E-012    -0.171248343661E-009     0.523315828991E-015
     0.188821307298E-004    -0.278499999999E+003     0.218085708237E-012    -0.400019232593E-009     0.132823271569E-014
     0.210150574931E-004    -0.278499999998E+003     0.391188264771E-012    -0.904402867669E-009     0.325725797744E-014
     0.232759597402E-004    -0.278499999995E+003     0.861375803880E-012    -0.198679193546E-008     0.774920075100E-014
     0.256725159928E-004    -0.278499999989E+003     0.177413509995E-011    -0.425363281231E-008     0.179432719501E-013
     0.282128654833E-004    -0.278499999977E+003     0.364902473496E-011    -0.889712679351E-008     0.405450853685E-013
     0.309056357980E-004    -0.278499999953E+003     0.735583927112E-011    -0.182181480042E-007     0.896023775007E-013
     0.337599721774E-004    -0.278499999906E+003     0.145145881573E-010    -0.365809599646E-007     0.194016750542E-012
     0.367855685763E-004    -0.278499999814E+003     0.281192333042E-010    -0.721300301449E-007     0.412253126583E-012
     0.399927005860E-004    -0.278499999638E+003     0.535440145039E-010    -0.139830453973E-006     0.860707884327E-012
     0.433922603327E-004    -0.278499999307E+003     0.100259536198E-009    -0.266775643311E-006     0.176762768679E-011
     0.469957934698E-004    -0.278499998694E+003     0.184471265592E-009    -0.501323598968E-006     0.357416401035E-011
     0.508155383889E-004    -0.278499997574E+003     0.333820635875E-009    -0.928606669495E-006     0.712120484716E-011
     0.548644677845E-004    -0.278499995552E+003     0.594403245230E-009    -0.169650898354E-005     0.139902503622E-010
     0.591563327122E-004    -0.278499991952E+003     0.104199068202E-008    -0.305860161397E-005     0.271173561187E-010
     0.637057092900E-004    -0.278499985620E+003     0.179936556915E-008    -0.544418446655E-005     0.518850027687E-010
     0.685280482021E-004    -0.278499974616E+003     0.306202009424E-008    -0.957108761180E-005     0.980400333525E-010
     0.736397271730E-004    -0.278499955714E+003     0.513731246756E-008    -0.166250678848E-004     0.183022047307E-009
     0.790581065897E-004    -0.278499923618E+003     0.850157570844E-008    -0.285415677396E-004     0.337671097327E-009
     0.848015884613E-004    -0.278499869717E+003     0.138824472112E-007    -0.484427209649E-004     0.615900998427E-009
     0.908896789166E-004    -0.278499780182E+003     0.223777886155E-007    -0.813065998647E-004     0.111090295176E-008
     0.973430544509E-004    -0.278499633036E+003     0.356204979549E-007    -0.134979040919E-003     0.198197342240E-008
     0.104183632148E-003    -0.278499393737E+003     0.560098761090E-007    -0.221683589742E-003     0.349841729059E-008
     0.111434644115E-003    -0.278499008585E+003     0.870264394480E-007    -0.360245137788E-003     0.611055917212E-008
     0.119120716386E-003    -0.278498395002E+003     0.133661398667E-006    -0.579320776349E-003     0.105632606455E-007
     0.127267952553E-003    -0.278497427381E+003     0.202994011987E-006    -0.922030196779E-003     0.180752585938E-007
     0.135904022424E-003    -0.278495916731E+003     0.304967014636E-006    -0.145249987228E-002     0.306191492548E-007
     0.145058255993E-003    -0.278493581782E+003     0.453423736950E-006    -0.226498116120E-002     0.513533162491E-007
     0.154761743052E-003    -0.278490008487E+003     0.667495689462E-006    -0.349637095366E-002     0.852803071706E-007
     0.165047438780E-003    -0.278484593984E+003     0.973456800755E-006    -0.534314971471E-002     0.140238320275E-006
     0.175950275662E-003    -0.278476470094E+003     0.140719216050E-005    -0.808394750189E-002     0.228376282592E-006
     0.187507282134E-003    -0.278464400267E+003     0.201742506974E-005    -0.121091431388E-001     0.368321730157E-006
     0.199757708333E-003    -0.278446642714E+003     0.286981864777E-005    -0.179590487766E-001     0.588327734604E-006
     0.212743159403E-003    -0.278420771360E+003     0.405198221756E-005    -0.263722996874E-001     0.930783945833E-006
     0.226507736794E-003    -0.278383445353E+003     0.567925233683E-005    -0.383460086494E-001     0.145860055531E-005
     0.241098188040E-003    -0.278330117516E+003     0.790083064455E-005    -0.552089960726E-001     0.226412472914E-005
     0.256564065527E-003    -0.278254672572E+003     0.109054103882E-004    -0.787089043049E-001     0.348142701191E-005
     0.272957894778E-003    -0.278148987794E+003     0.149247553325E-004    -0.111113176677E+000     0.530299747431E-005
     0.290335352846E-003    -0.278002412469E+003     0.202327621580E-004    -0.155322659098E+000     0.800211049268E-005
     0.308755457403E-003    -0.277801169021E+003     0.271363438243E-004    -0.214994900492E+000     0.119623390706E-004
     0.328280767180E-003    -0.277527688586E+003     0.359531054915E-004    -0.294672034672E+000     0.177159018731E-004
     0.348977594427E-003    -0.277159908197E+003     0.469694964467E-004    -0.399905381747E+000     0.259926745311E-004
     0.370916230124E-003    -0.276670576021E+003     0.603723487540E-004    -0.537365592278E+000     0.377817425706E-004
     0.394171182707E-003    -0.276026635498E+003     0.761470754843E-004    -0.714923278643E+000     0.544072496105E-004
     0.418821431115E-003    -0.275188787534E+003     0.939380524730E-004    -0.941680687052E+000     0.776199125827E-004
     0.444950693017E-003    -0.274111359379E+003     0.112871772564E-003    -0.122793021079E+001     0.109704822793E-003
     0.472647709137E-003    -0.272742633541E+003     0.131352306352E-003    -0.158501081093E+001     0.153604892926E-003
     0.502006544641E-003    -0.271025800889E+003     0.146853640611E-003    -0.202502963763E+001     0.213057405102E-003
     0.533126908594E-003    -0.268900682015E+003     0.155747105792E-003    -0.256041648933E+001     0.292738498270E-003
     0.566114492604E-003    -0.266306294996E+003     0.153161882731E-003    -0.320328639310E+001     0.398407177390E-003
     0.601081329767E-003    -0.263184331622E+003     0.132967962442E-003    -0.396456400392E+001     0.537035441415E-003
     0.638146175159E-003    -0.259483422338E+003     0.879897440990E-004    -0.485286010050E+001     0.716905950778E-003
     0.677434909153E-003    -0.255163840067E+003     0.105410136286E-004    -0.587314839580E+001     0.947654515812E-003
     0.719080964939E-003    -0.250202069419E+003    -0.106583632668E-003    -0.702536723627E+001     0.124023335168E-002
     0.763225781689E-003    -0.244594484711E+003    -0.268623450473E-003    -0.830317132551E+001     0.160677532849E-002
     0.810019284919E-003    -0.238359562159E+003    -0.478757795000E-003    -0.969305122106E+001     0.206034715265E-002
     0.859620395664E-003    -0.231538779711E+003    -0.736889264999E-003    -0.111738100680E+002     0.261458054449E-002
     0.912197570216E-003    -0.224195501942E+003    -0.103757833477E-002    -0.127168681304E+002     0.328319754216E-002
     0.967929372233E-003    -0.216411617876E+003    -0.136812555742E-002    -0.142877012325E+002     0.407947688217E-002
     0.102700507918E-002    -0.208282350726E+003    -0.170769762149E-002    -0.158483669371E+002     0.501573036840E-002
     0.108962532517E-002    -0.199910070352E+003    -0.202809311471E-002    -0.173607257536E+002     0.610286329299E-002
     0.115600278233E-002    -0.191398030251E+003    -0.229635089219E-002    -0.187897429645E+002     0.735007866100E-002
     0.122636288312E-002    -0.182844787725E+003    -0.247896343934E-002    -0.201062388612E+002     0.876475566459E-002
     0.130094458593E-002    -0.174339766848E+003    -0.254696854484E-002    -0.212886510195E+002     0.103524995196E-001
     0.138000118665E-002    -0.165960012795E+003    -0.248006881355E-002    -0.223237579508E+002     0.121173399493E-001
     0.146380117888E-002    -0.157767749371E+003    -0.227565412157E-002    -0.232067311029E+002     0.140620638448E-001
     0.155262916586E-002    -0.149810300586E+003    -0.196097081040E-002    -0.239395063090E+002     0.161885620065E-001
     0.164678682697E-002    -0.142128576255E+003    -0.156495375461E-002    -0.245243440394E+002     0.184977168862E-001
     0.174659394236E-002    -0.134753548830E+003    -0.111886897303E-002    -0.249667337087E+002     0.209895745609E-001
     0.185238947896E-002    -0.127703689139E+003    -0.562720432685E-003    -0.252765803209E+002     0.236637239400E-001
     0.196453274170E-002    -0.120987432279E+003    -0.114223084425E-003    -0.254668207795E+002     0.265196563139E-001
     0.208340459379E-002    -0.114606946612E+003     0.255919731766E-003    -0.255491956052E+002     0.295567365151E-001
     0.220940875020E-002    -0.108560535787E+003     0.504291073057E-003    -0.255348360508E+002     0.327742319915E-001
     0.234297314879E-002    -0.102840891762E+003     0.635157721130E-003    -0.254358524651E+002     0.361715563296E-001
     0.248455140365E-002    -0.974362962509E+002     0.662188680507E-003    -0.252644465793E+002     0.397484525876E-001
     0.263462434571E-002    -0.923321311965E+002     0.605638373846E-003    -0.250321316791E+002     0.435050982356E-001
     0.279370165569E-002    -0.875113328835E+002     0.706190550141E-003    -0.247499533597E+002     0.474422542400E-001
     0.296232359518E-002    -0.829560665984E+002     0.697762055288E-003    -0.244270289845E+002     0.515611872449E-001
     0.314106284138E-002    -0.786512671717E+002     0.403442438880E-003    -0.240704080591E+002     0.558635138378E-001
     0.333052643213E-002    -0.745805644451E+002     0.214976590396E-003    -0.236870339999E+002     0.603513443538E-001
     0.353135782749E-002    -0.707307036845E+002     0.115672079178E-003    -0.232807037540E+002     0.650268405736E-001
     0.374423909507E-002    -0.670969889435E+002    -0.869587055235E-004    -0.228498805483E+002     0.698911521089E-001
     0.396989322653E-002    -0.636693606286E+002    -0.178323979554E-003    -0.224003594510E+002     0.749458857653E-001
     0.420908659296E-002    -0.604320081157E+002    -0.234270036352E-003    -0.219396506156E+002     0.801937046547E-001
     0.446263154769E-002    -0.573665991281E+002    -0.248568175169E-003    -0.214752800349E+002     0.856386535594E-001
     0.473138918520E-002    -0.544612085328E+002    -0.189212649656E-003    -0.210078322590E+002     0.912846689267E-001
     0.501627226558E-002    -0.517098838861E+002    -0.125978952881E-003    -0.205356416226E+002     0.971349257698E-001
     0.531824831448E-002    -0.491050575921E+002    -0.100361440589E-003    -0.200619398779E+002     0.103193151108E+000
     0.563834290904E-002    -0.466435534177E+002    -0.115688308112E-003    -0.195845363314E+002     0.109462055324E+000
     0.597764316095E-002    -0.443147633331E+002    -0.103938916293E-003    -0.191084471390E+002     0.115945556252E+000
     0.633730140856E-002    -0.421098841765E+002    -0.416277643311E-004    -0.186359378504E+002     0.122648125002E+000
     0.671853913045E-002    -0.400167453500E+002    -0.197542170210E-003    -0.181704873262E+002     0.129575400196E+000
     0.712265109384E-002    -0.380248026225E+002    -0.238967865111E-003    -0.177144705076E+002     0.136734029654E+000
     0.755100975191E-002    -0.361289241059E+002    -0.309601347612E-003    -0.172659843704E+002     0.144130063551E+000
     0.800506990496E-002    -0.343236964677E+002    -0.497622517168E-003    -0.168246612495E+002     0.151769471816E+000
     0.848637364120E-002    -0.326112074965E+002    -0.537839253111E-003    -0.163871883533E+002     0.159656686801E+000
     0.899655557408E-002    -0.309859113513E+002    -0.392175453717E-003    -0.159569393863E+002     0.167797628982E+000
     0.953734839373E-002    -0.294301885820E+002    -0.404532379136E-003    -0.155418993884E+002     0.176202576578E+000
     0.101105887516E-001    -0.279464154634E+002    -0.528928063884E-003    -0.151336426922E+002     0.184877791337E+000
     0.107182234982E-001    -0.265379170988E+002    -0.959323513818E-003    -0.147286550732E+002     0.193827433948E+000
     0.113623162948E-001    -0.251957035553E+002    -0.136420055434E-002    -0.143349977679E+002     0.203060502792E+000
     0.120450546223E-001    -0.239259924344E+002    -0.158126024874E-002    -0.139439074933E+002     0.212580542934E+000
     0.127687572104E-001    -0.227167880051E+002    -0.188592277193E-002    -0.135630534667E+002     0.222396159926E+000
     0.135358819124E-001    -0.215631064719E+002    -0.180552980373E-002    -0.131927505472E+002     0.232516644852E+000
     0.143490340526E-001    -0.204555183213E+002    -0.160702523342E-002    -0.128353071066E+002     0.242953702378E+000
     0.152109752747E-001    -0.193868663687E+002    -0.803060555405E-003    -0.124882626016E+002     0.253717850729E+000
     0.161246329208E-001    -0.183692248150E+002    -0.144344821573E-002    -0.121438128853E+002     0.264813138303E+000
     0.170931099734E-001    -0.173948100774E+002    -0.175558948659E-002    -0.118043108497E+002     0.276245342609E+000
     0.181196955938E-001    -0.164586865453E+002    -0.190037486189E-002    -0.114709130955E+002     0.288021217207E+000
     0.192078762926E-001    -0.155362903054E+002     0.496638047720E-004    -0.111509750631E+002     0.300155493043E+000
     0.203613477710E-001    -0.146401223373E+002    -0.191194654691E-002    -0.108258725063E+002     0.312642828404E+000
     0.215840274722E-001    -0.137597984443E+002    -0.189944088592E-002    -0.104942520266E+002     0.325473937546E+000
     0.228800678855E-001    -0.128921230409E+002    -0.259554962220E-002    -0.101554398674E+002     0.338635798459E+000
     0.242538706494E-001    -0.120193780827E+002    -0.246339566769E-002    -0.980295397458E+001     0.352103124149E+000
     0.257101015006E-001    -0.111207961308E+002    -0.134024291719E-002    -0.943705198762E+001     0.365845650535E+000
     0.272537061195E-001    -0.101737575445E+002    -0.108146586050E-002    -0.905311695119E+001     0.379820083776E+000
     0.288899269272E-001    -0.917017343198E+001    -0.183678268070E-002    -0.863716740043E+001     0.393952397116E+000
     0.306243208897E-001    -0.806869097691E+001    -0.474811729724E-002    -0.818537386833E+001     0.408149062523E+000
     0.324627783907E-001    -0.695648291474E+001    -0.531483440775E-002    -0.767786212829E+001     0.422264489127E+000
     0.344115432366E-001    -0.578771836791E+001    -0.457332303986E-002    -0.713666552666E+001     0.436172174878E+000
     0.364772338618E-001    -0.456786185874E+001    -0.268521676924E-002    -0.656789372299E+001     0.449739412502E+000
     0.386668658063E-001    -0.334048957773E+001    -0.519402415651E-002    -0.595752229655E+001     0.462784198590E+000
     0.409878755421E-001    -0.212562150959E+001    -0.524382616340E-002    -0.534274882035E+001     0.475184776591E+000
     0.434481457293E-001    -0.108311412200E+001     0.365561986305E-003    -0.475963673870E+001     0.486894768996E+000
     0.460560319869E-001    -0.235176936800E+000     0.284059979375E-002    -0.430253240446E+001     0.498115286572E+000
     0.488203912708E-001     0.304467333480E+000     0.843653519143E-002    -0.390088246474E+001     0.508898752448E+000
     0.517506119535E-001     0.634896586307E+000     0.106051267485E-001    -0.361648178893E+001     0.519495887747E+000
     0.548566457095E-001     0.834690433903E+000     0.114180459692E-001    -0.347186440246E+001     0.530279674095E+000
     0.581490413132E-001     0.959719015973E+000     0.127825754608E-001    -0.338246369170E+001     0.541416162204E+000
     0.616389804647E-001     0.105575313691E+001     0.689751557290E-002    -0.331150931900E+001     0.552973153297E+000
     0.653383157655E-001     0.114571023824E+001     0.458009639023E-002    -0.324727745996E+001     0.564985933385E+000
     0.692596109728E-001     0.122197861887E+001    -0.353236705663E-002    -0.318709484041E+001     0.577483480784E+000
     0.734161836681E-001     0.134122408546E+001    -0.258528887637E-002    -0.309988717369E+001     0.590368391649E+000
     0.778221504872E-001     0.143385452954E+001    -0.193538101352E-002    -0.303139671876E+001     0.603724627730E+000
     0.824924750635E-001     0.151057780617E+001     0.924794062486E-003    -0.297401169171E+001     0.617614228295E+000
     0.874430188470E-001     0.157437322225E+001     0.439214061317E-002    -0.292486779391E+001     0.632093930696E+000
     0.926905949743E-001     0.162716655819E+001     0.543822426550E-002    -0.288653101337E+001     0.647241248814E+000
     0.982530253690E-001     0.160561570269E+001     0.764773075826E-002    -0.290448327764E+001     0.663397290884E+000
     0.104149201269E+000     0.166838569978E+001     0.511553289844E-002    -0.285655521730E+001     0.680240069921E+000
     0.110399147386E+000     0.173962131743E+001    -0.254045035940E-002    -0.280414122218E+001     0.697765808655E+000
     0.117024089912E+000     0.182264216875E+001    -0.862871511409E-002    -0.274276788229E+001     0.715936578157E+000
     0.124046528610E+000     0.190187459606E+001    -0.108004344039E-001    -0.268443224878E+001     0.734787991641E+000
     0.131490313229E+000     0.196327455377E+001    -0.919791992259E-002    -0.263811037566E+001     0.754425636435E+000
     0.139380724499E+000     0.207350019559E+001    -0.756572074292E-002    -0.255333860762E+001     0.774572616602E+000
     0.147744559993E+000     0.205768737439E+001     0.461107123053E-002    -0.256805030897E+001     0.796051401552E+000
     0.156610225139E+000     0.208058306650E+001     0.101559458051E-001    -0.254988898815E+001     0.818658042787E+000
     0.166007829686E+000     0.210971847245E+001     0.138788757637E-001    -0.252757115489E+001     0.842411515052E+000
     0.175969289968E+000     0.220466910955E+001     0.992062300177E-002    -0.245587602886E+001     0.866875826173E+000
     0.185969289968E+000     0.217745990661E+001     0.127412087964E-001    -0.247795400389E+001     0.891655693775E+000
     0.195969289968E+000     0.220742321905E+001     0.625323206938E-002    -0.245534786798E+001     0.916209252082E+000
     0.205969289968E+000     0.224776211872E+001     0.822799802189E-003    -0.242558100261E+001     0.940465063504E+000
     0.215969289968E+000     0.229110513998E+001    -0.377853401897E-002    -0.239368813960E+001     0.964401974723E+000
     0.225969289968E+000     0.233266135651E+001    -0.670670789299E-002    -0.236303815933E+001     0.988032451490E+000
     0.235969289968E+000     0.236932485496E+001    -0.691088159799E-002    -0.233549851084E+001     0.101138753885E+001
     0.245969289968E+000     0.239639108048E+001    -0.633798200490E-002    -0.231460008725E+001     0.103453362649E+001
     0.255969289968E+000     0.242381934671E+001    -0.410707845459E-002    -0.229431851263E+001     0.105747684838E+001
     0.265969289968E+000     0.244969488202E+001    -0.437191896006E-003    -0.227451853031E+001     0.108022203410E+001
     0.275969289968E+000     0.247208324164E+001     0.262005910810E-002    -0.225731152124E+001     0.110279516452E+001
     0.285969289968E+000     0.249417725733E+001     0.468540136153E-002    -0.224089943265E+001     0.112520420783E+001
     0.295969289968E+000     0.250744485363E+001     0.434086287306E-002    -0.223066979204E+001     0.114751094799E+001
     0.305969289968E+000     0.252225277042E+001     0.488501514754E-002    -0.221999223379E+001     0.116971092407E+001
     0.315969289968E+000     0.253865040806E+001     0.675398193532E-002    -0.220824382499E+001     0.119179346561E+001
     0.325969289968E+000     0.255441288743E+001     0.693252593605E-002    -0.219669093166E+001     0.121376048432E+001
     0.335969289968E+000     0.256461838793E+001     0.502959948621E-002    -0.218913301057E+001     0.123565187220E+001
     0.345969289968E+000     0.257622882082E+001     0.280861956381E-002    -0.218038461153E+001     0.125745573640E+001
     0.355969289968E+000     0.259023121671E+001     0.157351595241E-002    -0.217022747918E+001     0.127915801690E+001
     0.365969289968E+000     0.260361626514E+001    -0.162699714726E-003    -0.216032649742E+001     0.130076128194E+001
     0.375969289968E+000     0.262221219335E+001    -0.317397469114E-003    -0.214692723085E+001     0.132223055448E+001
     0.385969289968E+000     0.263364417991E+001     0.540027380968E-003    -0.213859093478E+001     0.134361646451E+001
     0.395969289968E+000     0.264303901723E+001    -0.924147539023E-003    -0.213162000622E+001     0.136493266657E+001
     0.405969289968E+000     0.265141082999E+001    -0.159233746343E-002    -0.212547454697E+001     0.138618741801E+001
     0.415969289968E+000     0.266021802193E+001    -0.290226632472E-002    -0.211856957345E+001     0.140737313362E+001
     0.425969289968E+000     0.267004608776E+001    -0.332960267128E-002    -0.211105071672E+001     0.142848366705E+001
     0.435969289968E+000     0.268043985626E+001    -0.449461944194E-002    -0.210288908369E+001     0.144951260592E+001
     0.445969289968E+000     0.269242326978E+001    -0.358089275094E-002    -0.209367548342E+001     0.147044939137E+001
     0.455969289968E+000     0.270570352564E+001    -0.240087153510E-002    -0.208404455821E+001     0.149128985079E+001
     0.465969289968E+000     0.271825814528E+001    -0.150223458664E-002    -0.207445253039E+001     0.151203438153E+001
     0.475969289968E+000     0.273055190274E+001    -0.272220572916E-003    -0.206528446374E+001     0.153268722635E+001
     0.485969289968E+000     0.274064643452E+001     0.113041399738E-002    -0.205774250215E+001     0.155326465447E+001
     0.495969289968E+000     0.274882101317E+001     0.172643731455E-002    -0.205130511518E+001     0.157377771289E+001
     0.505969289968E+000     0.275557260141E+001     0.106759646063E-002    -0.204639639590E+001     0.159424167963E+001
     0.515969289968E+000     0.276127777191E+001     0.671851224122E-003    -0.204212775526E+001     0.161466295829E+001
     0.525969289968E+000     0.276600482944E+001     0.579620951630E-003    -0.203917514024E+001     0.163505471052E+001
     0.535969289968E+000     0.277164705101E+001     0.189189995346E-002    -0.203529378509E+001     0.165540765716E+001
     0.545969289968E+000     0.277882470446E+001     0.414598049408E-002    -0.203004624581E+001     0.167570816196E+001
     0.555969289968E+000     0.278843723746E+001     0.440360605597E-002    -0.202298000800E+001     0.169593800996E+001
     0.565969289968E+000     0.279148449684E+001     0.261385088587E-002    -0.202129440276E+001     0.171615097089E+001
     0.575969289968E+000     0.279733385717E+001     0.148311391884E-002    -0.201695835236E+001     0.173632055987E+001
     0.585969289968E+000     0.279379915027E+001     0.180902384833E-002    -0.201932638591E+001     0.175651383183E+001
     0.595969289968E+000     0.280427676660E+001     0.100836964624E-002    -0.201175266707E+001     0.177663136103E+001
     0.605969289968E+000     0.281069522504E+001    -0.176087889215E-003    -0.200672132085E+001     0.179669857431E+001
     0.615969289968E+000     0.281431012407E+001    -0.159032173705E-002    -0.200350921699E+001     0.181673367280E+001
     0.625969289968E+000     0.282097083063E+001    -0.572440045755E-003    -0.199845983652E+001     0.183671827198E+001
     0.635969289968E+000     0.282997966834E+001    -0.143988492396E-002    -0.199133837294E+001     0.185663166092E+001
     0.645969289968E+000     0.284082075125E+001    -0.143805653595E-003    -0.198338873857E+001     0.187646554835E+001
     0.655969289968E+000     0.285038964832E+001    -0.916590621196E-003    -0.197648226763E+001     0.189623037316E+001
     0.665969289968E+000     0.285601322011E+001    -0.164699692326E-002    -0.197182499518E+001     0.191594862999E+001
     0.675969289968E+000     0.286332827177E+001    -0.630837041598E-004    -0.196712260291E+001     0.193561985603E+001
     0.685969289968E+000     0.286676952540E+001    -0.344892491984E-003    -0.196417782784E+001     0.195526163461E+001
     0.695969289968E+000     0.287032551566E+001    -0.631935225056E-003    -0.196144693492E+001     0.197487610497E+001
     0.705969289968E+000     0.287594355292E+001    -0.928668232528E-003    -0.195714899131E+001     0.199444759709E+001
     0.715969289968E+000     0.288026715856E+001    -0.932855574859E-003    -0.195405110026E+001     0.201398811032E+001
     0.725969289968E+000     0.288557285461E+001    -0.212819173271E-002    -0.194987933039E+001     0.203348691524E+001
     0.735969289968E+000     0.289116044813E+001    -0.239869715893E-002    -0.194553624240E+001     0.205294229245E+001
     0.745969289968E+000     0.289730917367E+001    -0.188814430949E-002    -0.194068794179E+001     0.207234918105E+001
     0.755969289968E+000     0.290308096703E+001    -0.109694418883E-002    -0.193676231914E+001     0.209171680735E+001
