 #        time                      h  [L]            Darcian flow [L.T^{-1}]   in    x         z              directions   cumulative flux
 #-----------------------------------------------------------------------------------------------

     0.100000000000E-005    -0.280000000000E+003    -0.273878793513E-030    -0.223639006532E-014     0.223639006532E-020
     0.205999994278E-005    -0.280000000000E+003    -0.178932946059E-014     0.993843330912E-015     0.440600681559E-020
     0.318359982147E-005    -0.280000000000E+003    -0.178932946059E-014     0.993843330912E-015     0.670580044674E-020
     0.437461562859E-005    -0.280000000000E+003    -0.357865892119E-014    -0.248703403493E-015     0.109783201246E-019
     0.563709231599E-005    -0.280000000000E+003    -0.178932946059E-014     0.323023339623E-014     0.156402805102E-019
     0.697531753239E-005    -0.280000000000E+003    -0.178932946059E-014     0.323023339623E-014     0.205819582520E-019
     0.839383618521E-005    -0.280000000000E+003    -0.178932946059E-014     0.546662346154E-014     0.287412982571E-019
     0.989746587602E-005    -0.280000000000E+003    -0.357865892119E-014     0.422407672714E-014     0.370657083553E-019
     0.114913132622E-004    -0.280000000000E+003    -0.536798838178E-014     0.969070018868E-014     0.547225572681E-019
     0.131807914004E-004    -0.280000000000E+003    -0.536798838178E-014     0.745431012337E-014     0.702420521949E-019
     0.149716381303E-004    -0.280000000000E+003    -0.536798838178E-014     0.745431012337E-014     0.866927159293E-019
     0.168699355614E-004    -0.280000000000E+003    -0.536798838178E-014     0.521792005805E-014     0.100903597831E-018
     0.188821307298E-004    -0.280000000000E+003    -0.536798838178E-014     0.745431012337E-014     0.119387561607E-018
     0.210150574931E-004    -0.280000000000E+003    -0.715731784238E-014     0.397537332365E-014     0.136850330976E-018
     0.232759597402E-004    -0.280000000000E+003    -0.715731784238E-014     0.621176338896E-014     0.158276862697E-018
     0.256725159928E-004    -0.280000000000E+003    -0.715731784238E-014     0.106845435196E-013     0.189097234770E-018
     0.282128654833E-004    -0.280000000000E+003    -0.715731784238E-014     0.106845435196E-013     0.221766827404E-018
     0.309056357980E-004    -0.280000000000E+003    -0.536798838178E-014     0.119270902540E-013     0.256986655367E-018
     0.337599721774E-004    -0.280000000000E+003    -0.536798838178E-014     0.119270902540E-013     0.294319670992E-018
     0.367855685763E-004    -0.280000000000E+003    -0.536798838178E-014     0.119270902540E-013     0.333892665419E-018
     0.399927005860E-004    -0.280000000000E+003    -0.715731784238E-014     0.151573236502E-013     0.387651283257E-018
     0.433922603327E-004    -0.280000000000E+003    -0.715731784238E-014     0.129209335849E-013     0.437865637393E-018
     0.469957934698E-004    -0.280000000000E+003    -0.715731784238E-014     0.151573236502E-013     0.498268813875E-018
     0.508155383889E-004    -0.280000000000E+003    -0.715731784238E-014     0.151573236502E-013     0.562296177489E-018
     0.548644677845E-004    -0.280000000000E+003    -0.715731784238E-014     0.173937137155E-013     0.638451413566E-018
     0.591563327122E-004    -0.280000000000E+003    -0.894664730297E-014     0.139147769158E-013     0.709450783650E-018
     0.637057092900E-004    -0.280000000000E+003    -0.715731784238E-014     0.173937137155E-013     0.795018797667E-018
     0.685280482021E-004    -0.280000000000E+003    -0.715731784238E-014     0.129209335849E-013     0.866248795649E-018
     0.736397271730E-004    -0.280000000000E+003    -0.715731784238E-014     0.129209335849E-013     0.941752589434E-018
     0.790581065897E-004    -0.280000000000E+003    -0.715731784238E-014     0.129209335849E-013     0.102178660653E-017
     0.848015884613E-004    -0.280000000000E+003    -0.715731784238E-014     0.129209335849E-013     0.110662266006E-017
     0.908896789166E-004    -0.280000000000E+003    -0.715731784238E-014     0.106845435196E-013     0.118491717656E-017
     0.973430544509E-004    -0.280000000000E+003    -0.715731784238E-014     0.621176338896E-014     0.124607570554E-017
     0.104183632148E-003    -0.280000000000E+003    -0.894664730297E-014     0.944199678519E-014     0.133505418993E-017
     0.111434644115E-003    -0.280000000000E+003    -0.894664730297E-014     0.720560671988E-014     0.141835038240E-017
     0.119120716386E-003    -0.280000000000E+003    -0.715731784238E-014     0.129209335849E-013     0.153188012850E-017
     0.127267952553E-003    -0.280000000000E+003    -0.715731784238E-014     0.106845435196E-013     0.163665582478E-017
     0.135904022424E-003    -0.280000000000E+003    -0.536798838178E-014     0.119270902540E-013     0.174961046242E-017
     0.145058255993E-003    -0.280000000000E+003    -0.536798838178E-014     0.119270902540E-013     0.186934237185E-017
     0.154761743052E-003    -0.280000000000E+003    -0.715731784238E-014     0.106845435196E-013     0.199413188232E-017
     0.165047438780E-003    -0.280000000000E+003    -0.715731784238E-014     0.106845435196E-013     0.212640875628E-017
     0.175950275662E-003    -0.280000000000E+003    -0.894664730297E-014     0.116783868505E-013     0.228680546502E-017
     0.187507282134E-003    -0.280000000000E+003    -0.894664730297E-014     0.116783868505E-013     0.245682596711E-017
     0.199757708333E-003    -0.280000000000E+003    -0.894664730297E-014     0.139147769158E-013     0.265948205205E-017
     0.212743159403E-003    -0.280000000000E+003    -0.107359767636E-013     0.149086202467E-013     0.289804997127E-017
     0.226507736794E-003    -0.280000000000E+003    -0.107359767636E-013     0.171450103121E-013     0.317649365313E-017
     0.241098188040E-003    -0.280000000000E+003    -0.107359767636E-013     0.171450103121E-013     0.347164393997E-017
     0.256564065527E-003    -0.280000000000E+003    -0.107359767636E-013     0.149086202467E-013     0.375578210283E-017
     0.272957894778E-003    -0.280000000000E+003    -0.107359767636E-013     0.126722301814E-013     0.402806115916E-017
     0.290335352846E-003    -0.280000000000E+003    -0.107359767636E-013     0.126722301814E-013     0.431667694330E-017
     0.308755457403E-003    -0.280000000000E+003    -0.107359767636E-013     0.126722301814E-013     0.462260965797E-017
     0.328280767180E-003    -0.280000000000E+003    -0.894664730297E-014     0.944199678519E-014     0.487658418297E-017
     0.348977594427E-003    -0.280000000000E+003    -0.894664730297E-014     0.944199678519E-014     0.514579716493E-017
     0.370916230124E-003    -0.280000000000E+003    -0.536798838178E-014     0.969070018868E-014     0.538883622827E-017
     0.394171182707E-003    -0.280000000000E+003    -0.536798838178E-014     0.745431012337E-014     0.560245551726E-017
     0.418821431115E-003    -0.280000000000E+003    -0.536798838178E-014     0.969070018868E-014     0.587553417935E-017
     0.444950693017E-003    -0.280000000000E+003    -0.536798838178E-014     0.745431012337E-014     0.611555678654E-017
     0.472647709137E-003    -0.280000000000E+003    -0.536798838178E-014     0.745431012337E-014     0.636998073643E-017
     0.502006544641E-003    -0.280000000000E+003    -0.715731784238E-014     0.106845435196E-013     0.674754342993E-017
     0.533126908594E-003    -0.280000000000E+003    -0.894664730297E-014     0.116783868505E-013     0.720536959083E-017
     0.566114492604E-003    -0.280000000000E+003    -0.107359767636E-013     0.819945005079E-014     0.765099776095E-017
     0.601081329767E-003    -0.280000000000E+003    -0.107359767636E-013     0.819945005079E-014     0.812336359578E-017
     0.638146175159E-003    -0.280000000000E+003    -0.125253062242E-013     0.114296834470E-013     0.875185153451E-017
     0.677434909153E-003    -0.280000000000E+003    -0.143146356848E-013     0.124235267779E-013     0.949652884755E-017
     0.719080964939E-003    -0.280000000000E+003    -0.894664730297E-014     0.116783868505E-013     0.101092033608E-016
     0.763225781689E-003    -0.280000000000E+003    -0.107359767636E-013     0.819945005079E-014     0.107055542152E-016
     0.810019284919E-003    -0.280000000000E+003    -0.143146356848E-013     0.795074664729E-014     0.114717728861E-016
     0.859620395664E-003    -0.280000000000E+003    -0.161039651453E-013     0.111809800435E-013     0.124441975808E-016
     0.912197570216E-003    -0.280000000000E+003    -0.125253062242E-013     0.919329338170E-014     0.132610917986E-016
     0.967929372233E-003    -0.280000000000E+003    -0.143146356848E-013     0.571435658198E-014     0.141200898543E-016
     0.102700507918E-002    -0.280000000000E+003    -0.161039651453E-013     0.670819991289E-014     0.151506818411E-016
     0.108962532517E-002    -0.280000000000E+003    -0.161039651453E-013     0.447180984757E-014     0.161972735098E-016
     0.115600278233E-002    -0.280000000000E+003    -0.161039651453E-013     0.447180984757E-014     0.173066606188E-016
     0.122636288312E-002    -0.280000000000E+003    -0.161039651453E-013     0.670819991289E-014     0.185341119658E-016
     0.130094458593E-002    -0.280000000000E+003    -0.161039651453E-013     0.670819991289E-014     0.198352103234E-016
     0.138000118665E-002    -0.280000000000E+003    -0.161039651453E-013     0.670819991289E-014     0.212143745080E-016
     0.146380117888E-002    -0.280000000000E+003    -0.178932946059E-013     0.770204324380E-014     0.228468436588E-016
     0.155262916586E-002    -0.280000000000E+003    -0.143146356848E-013     0.795074664729E-014     0.243013545934E-016
     0.164678682697E-002    -0.280000000000E+003    -0.143146356848E-013     0.571435658198E-014     0.257526130291E-016
     0.174659394236E-002    -0.280000000000E+003    -0.178932946059E-013     0.546565317848E-014     0.276199488299E-016
     0.185238947896E-002    -0.280000000000E+003    -0.161039651453E-013     0.894458997821E-014     0.295688375340E-016
     0.196453274170E-002    -0.280000000000E+003    -0.161039651453E-013     0.894458997821E-014     0.316346594488E-016
     0.208340459379E-002    -0.280000000000E+003    -0.125253062242E-013     0.114296834470E-013     0.336503032348E-016
     0.220940875020E-002    -0.280000000000E+003    -0.125253062242E-013     0.114296834470E-013     0.357868855327E-016
     0.234297314879E-002    -0.280000000000E+003    -0.161039651453E-013     0.894458997821E-014     0.382473120879E-016
     0.248455140365E-002    -0.280000000000E+003    -0.161039651453E-013     0.447180984757E-014     0.406135535436E-016
     0.263462434571E-002    -0.280000000000E+003    -0.161039651453E-013     0.447180984757E-014     0.431217693513E-016
     0.279370165569E-002    -0.280000000000E+003    -0.178932946059E-013     0.546565317848E-014     0.460980176366E-016
     0.296232359518E-002    -0.280000000000E+003    -0.178932946059E-013     0.546565317848E-014     0.492528406488E-016
     0.314106284138E-002    -0.280000000000E+003    -0.161039651453E-013     0.670819991289E-014     0.523709960528E-016
     0.333052643213E-002    -0.280000000000E+003    -0.143146356848E-013     0.571435658198E-014     0.552912112652E-016
     0.353135782749E-002    -0.280000000000E+003    -0.125253062242E-013     0.472051325107E-014     0.579794018815E-016
     0.374423909507E-002    -0.280000000000E+003    -0.894664730297E-014     0.720560671988E-014     0.604248810942E-016
     0.396989322653E-002    -0.280000000000E+003    -0.715731784238E-014     0.397537332365E-014     0.622723641501E-016
     0.420908659296E-002    -0.280000000000E+003    -0.894664730297E-014     0.273282658924E-014     0.645099517946E-016
     0.446263154769E-002    -0.280000000000E+003    -0.894664730297E-014     0.496921665456E-014     0.671047414665E-016
     0.473138918520E-002    -0.280000000000E+003    -0.107359767636E-013     0.372666992015E-014     0.701590069594E-016
     0.501627226558E-002    -0.280000000000E+003    -0.143146356848E-013     0.347796651666E-014     0.743556455779E-016
     0.531824831448E-002    -0.280000000000E+003    -0.125253062242E-013    -0.198865694488E-014     0.781853645062E-016
     0.563834290904E-002    -0.280000000000E+003    -0.107359767636E-013     0.149027985484E-014     0.816548433873E-016
     0.597764316095E-002    -0.280000000000E+003    -0.107359767636E-013    -0.298250027580E-014     0.854355146952E-016
     0.633730140856E-002    -0.280000000000E+003    -0.125253062242E-013    -0.646143707552E-014     0.905044439888E-016
     0.671853913045E-002    -0.280000000000E+003    -0.143146356848E-013    -0.770398380992E-014     0.967018751805E-016
     0.712265109384E-002    -0.280000000000E+003    -0.161039651453E-013    -0.894653054433E-014     0.104146513715E-015
     0.755100975191E-002    -0.280000000000E+003    -0.125253062242E-013    -0.109342172061E-013     0.111268617650E-015
     0.800506990496E-002    -0.280000000000E+003    -0.107359767636E-013    -0.969167047174E-014     0.117835867093E-015
     0.848637364120E-002    -0.280000000000E+003    -0.894664730297E-014    -0.621273367202E-014     0.123078335509E-015
     0.899655557408E-002    -0.280000000000E+003    -0.536798838178E-014    -0.596403026853E-014     0.127172047429E-015
     0.953734839373E-002    -0.280000000000E+003    -0.357865892119E-014    -0.695787359944E-014     0.131403342767E-015
     0.101105887516E-001    -0.280000000000E+003    -0.536798838178E-014    -0.596403026853E-014     0.136003036984E-015
     0.107182234982E-001    -0.280000000000E+003    -0.715731784238E-014    -0.497018693762E-014     0.141297832312E-015
     0.113623162948E-001    -0.280000000000E+003    -0.178932946059E-014    -0.571532686504E-014     0.145155225566E-015
     0.120450546223E-001    -0.280000000000E+003    -0.178932946059E-014    -0.571532686504E-014     0.149244062195E-015
     0.127687572104E-001    -0.280000000000E+003     0.357865892119E-014     0.248509346881E-014     0.152397154660E-015
     0.135358819124E-001    -0.280000000000E+003     0.536798838178E-014    -0.298152999274E-014     0.157107626433E-015
     0.143490340526E-001    -0.280000000000E+003     0.178932946059E-014    -0.323023339623E-014     0.160110361535E-015
     0.152109752747E-001    -0.280000000000E+003     0.536798838178E-014    -0.745139927419E-015     0.164781616404E-015
     0.161246329208E-001    -0.280000000000E+003     0.536798838178E-014     0.372764020321E-014     0.170752675000E-015
     0.170931099734E-001    -0.280000000000E+003     0.715731784238E-014     0.273379687230E-014     0.178172804891E-015
     0.181196955938E-001    -0.280000000000E+003     0.357865892119E-014     0.248703403493E-015     0.181855465724E-015
     0.192078762926E-001    -0.280000000000E+003    -0.178932946059E-014     0.323023339623E-014     0.185873801556E-015
     0.203613477710E-001    -0.280000000000E+003    -0.357865892119E-014     0.646046679246E-014     0.194392673060E-015
     0.215840274722E-001    -0.280000000000E+003    -0.894664730297E-014     0.273282658924E-014     0.205830502768E-015
     0.228800678855E-001    -0.280000000000E+003    -0.357865892119E-014     0.422407672714E-014     0.213005654982E-015
     0.242538706494E-001    -0.280000000000E+003     0.178932946059E-014     0.124254673440E-014     0.215998408645E-015
     0.257101015006E-001    -0.280000000000E+003     0.000000000000E+000     0.000000000000E+000     0.215998408645E-015
     0.272537061195E-001    -0.280000000000E+003    -0.273878793513E-030    -0.223639006532E-014     0.219450510680E-015
     0.288899269272E-001    -0.280000000000E+003     0.357865892119E-014     0.248509346881E-014     0.226579344520E-015
     0.306243208897E-001    -0.280000000000E+003     0.178932946059E-014     0.124254673440E-014     0.230357626251E-015
     0.324627783907E-001    -0.280000000000E+003     0.178932946059E-014     0.124254673440E-014     0.234362604670E-015
     0.344115432366E-001    -0.280000000000E+003     0.178932946059E-014     0.124254673440E-014     0.238607881566E-015
     0.364772338618E-001    -0.280000000000E+003    -0.715731784238E-014     0.621176338896E-014     0.258184396102E-015
     0.386668658063E-001    -0.280000000000E+003    -0.536798838178E-014     0.521792005805E-014     0.274576243059E-015
     0.409878755421E-001    -0.280000000000E+003    -0.715731784238E-014     0.173898325833E-014     0.291671746025E-015
     0.434481457293E-001    -0.280000000000E+003    -0.178932946059E-014     0.993843330912E-015     0.296707447626E-015
     0.460560319869E-001    -0.280000000000E+003    -0.178932946059E-014    -0.124254673440E-014     0.302388584217E-015
     0.488203912708E-001    -0.280000000000E+003     0.000000000000E+000     0.000000000000E+000     0.302388584217E-015
     0.517506119535E-001    -0.280000000000E+003    -0.178932946059E-014     0.993843330912E-015     0.308386184423E-015
     0.548566457095E-001    -0.280000000060E+003    -0.232191979507E-008     0.794195536982E-009     0.762247857222E-011
     0.581490413132E-001    -0.279999999129E+003     0.343494268037E-007    -0.992735201154E-008     0.125342793088E-009
     0.616389804647E-001    -0.279999999854E+003     0.568764135880E-008    -0.110775429984E-008     0.145565291746E-009
     0.653383157655E-001    -0.279999999603E+003     0.150888803666E-007    -0.401642819224E-008     0.203327780484E-009
     0.692596109728E-001    -0.279999999466E+003     0.200275746410E-007    -0.573746814446E-008     0.285020913863E-009
     0.734161836681E-001    -0.279999996881E+003     0.122384456211E-006    -0.349604168534E-007     0.814069281902E-009
     0.778221504872E-001    -0.279999998805E+003     0.447432570719E-007    -0.107236214006E-007     0.101678949151E-008
     0.824924750635E-001    -0.279999866595E+003     0.527454534170E-005    -0.165078818752E-005     0.268289134192E-007
     0.874430188470E-001    -0.279999953889E+003     0.177456924760E-005    -0.479848783897E-006     0.359295034155E-007
     0.926905949743E-001    -0.279999963876E+003     0.130503532070E-005    -0.353052830986E-006     0.430239536501E-007
     0.982530253690E-001    -0.279999979764E+003     0.635010664144E-006    -0.163135432539E-006     0.466708541998E-007
     0.104149201269E+000    -0.279999985608E+003     0.390084100869E-006    -0.102815880232E-006     0.490494092014E-007
     0.110399147386E+000    -0.280000058822E+003    -0.255143959009E-005     0.757155451281E-006     0.656831078513E-007
     0.117024089912E+000    -0.279999962550E+003     0.139009792475E-005    -0.406551200199E-006     0.752782024661E-007
     0.124046528610E+000    -0.279999988651E+003     0.355174050189E-006    -0.837231819297E-007     0.778407496891E-007
     0.131490313229E+000    -0.279999994061E+003     0.126799188647E-006    -0.240080509372E-007     0.788013850407E-007
     0.139380724499E+000    -0.280000064980E+003    -0.278575637714E-005     0.750349036068E-006     0.101565546014E-006
     0.147744559993E+000    -0.280000016012E+003    -0.730248306154E-006     0.169265753520E-006     0.107835151433E-006
     0.156610225139E+000    -0.280000005341E+003    -0.247524283321E-006     0.569160087061E-007     0.110086885573E-006
     0.166007829686E+000    -0.280000004153E+003    -0.186848142392E-006     0.498229963252E-007     0.111904163600E-006
     0.175969289968E+000    -0.279999984721E+003     0.621486214354E-006    -0.152939453576E-006     0.118279775158E-006
     0.185969289968E+000    -0.279999995998E+003     0.135435983693E-006    -0.246796495076E-007     0.119656437454E-006
     0.195969289968E+000    -0.279999999522E+003    -0.244495015988E-007     0.126420043767E-007     0.119931682509E-006
     0.205969289968E+000    -0.280000001522E+003    -0.112559228812E-006     0.304630718881E-007     0.121097769073E-006
     0.215969289968E+000    -0.279999993732E+003     0.211433704271E-006    -0.560001208285E-007     0.123285009911E-006
     0.225969289968E+000    -0.279999997702E+003     0.451669401633E-007    -0.858880703683E-008     0.123744772903E-006
     0.235969289968E+000    -0.279999998286E+003     0.195433553821E-007    -0.361477552462E-008     0.123943521323E-006
     0.245969289968E+000    -0.279999998596E+003     0.782955645957E-008    -0.135279349376E-008     0.124022976973E-006
     0.255969289968E+000    -0.279999998735E+003     0.400134330256E-008    -0.728953531021E-009     0.124063648980E-006
     0.265969289968E+000    -0.279999998818E+003     0.254234015235E-008    -0.474238333493E-009     0.124089510913E-006
     0.275969289968E+000    -0.279999996021E+003     0.120690842137E-006    -0.306159528216E-007     0.125334646084E-006
     0.285969289968E+000    -0.280000063519E+003    -0.269512549267E-005     0.670192425773E-006     0.153106681135E-006
     0.295969289968E+000    -0.280000014038E+003    -0.585768294626E-006     0.118516300718E-006     0.159083056362E-006
     0.305969289968E+000    -0.280000019512E+003    -0.778230651140E-006     0.184278891213E-006     0.167080566325E-006
     0.315969289968E+000    -0.280000006178E+003    -0.208582854170E-006     0.422969038188E-007     0.169208848147E-006
     0.325969289968E+000    -0.280000003034E+003    -0.756681291280E-007     0.149195171181E-007     0.169980097637E-006
     0.335969289968E+000    -0.280000000478E+003     0.243543073461E-007    -0.796203757865E-008     0.170236325334E-006
     0.345969289968E+000    -0.280000060234E+003    -0.247691740507E-005     0.614750984008E-006     0.195756980897E-006
     0.355969289968E+000    -0.280000048441E+003    -0.195158420580E-005     0.459359038145E-006     0.215806149554E-006
     0.365969289968E+000    -0.280000008090E+003    -0.222741346392E-006     0.243635382549E-007     0.218046847869E-006
     0.375969289968E+000    -0.279999971254E+003     0.132819648314E-005    -0.338953584461E-006     0.231754493291E-006
     0.385969289968E+000    -0.279999995534E+003     0.282477666662E-006    -0.608601761317E-007     0.234644088301E-006
     0.395969289968E+000    -0.279999999983E+003     0.672947181253E-007    -0.148533961044E-007     0.235333232877E-006
     0.405969289968E+000    -0.280000000822E+003     0.206389901456E-007    -0.652156800831E-008     0.235549681200E-006
     0.415969289968E+000    -0.280000014902E+003    -0.571162209488E-006     0.140166491669E-006     0.241430777313E-006
     0.425969289968E+000    -0.279999970054E+003     0.130644923425E-005    -0.332272143747E-006     0.254911186725E-006
     0.435969289968E+000    -0.280000001608E+003    -0.252608977881E-007     0.238434483755E-007     0.255258551517E-006
     0.445969289968E+000    -0.279999988283E+003     0.513189987978E-006    -0.125170322205E-006     0.260540895441E-006
     0.455969289968E+000    -0.279999997348E+003     0.123581798230E-006    -0.246962289903E-007     0.261801147978E-006
     0.465969289968E+000    -0.279999999152E+003     0.403318333714E-007    -0.704742961606E-008     0.262210577221E-006
     0.475969289968E+000    -0.280000003887E+003    -0.159228570871E-006     0.412852221738E-007     0.263855515133E-006
     0.485969289968E+000    -0.280000003424E+003    -0.136071340074E-006     0.357017793872E-007     0.265262285429E-006
     0.495969289968E+000    -0.280000001034E+003    -0.331714732692E-007     0.819972185515E-008     0.265603984430E-006
     0.505969289968E+000    -0.280000000354E+003    -0.381992494045E-008     0.156274036699E-008     0.265645256678E-006
     0.515969289968E+000    -0.280000000506E+003    -0.110477834934E-007     0.369572507826E-008     0.265761752130E-006
     0.525969289968E+000    -0.279999999814E+003     0.165305574107E-007    -0.358723497425E-008     0.265930905192E-006
     0.535969289968E+000    -0.280000000085E+003     0.399217474689E-008    -0.174295050454E-009     0.265970864969E-006
     0.545969289968E+000    -0.279999999924E+003     0.964812171436E-008    -0.180655082793E-008     0.266069022943E-006
     0.555969289968E+000    -0.280000000076E+003     0.252515720289E-008    -0.133599139876E-009     0.266094309832E-006
     0.565969289968E+000    -0.279999997650E+003     0.103168492034E-006    -0.253031471116E-007     0.267156570958E-006
     0.575969289968E+000    -0.279999999510E+003     0.236028910999E-007    -0.462013488463E-008     0.267397079194E-006
     0.585969289968E+000    -0.279999999872E+003     0.700597815115E-008    -0.115899654157E-008     0.267468091167E-006
     0.595969289968E+000    -0.280000025420E+003    -0.105901201489E-005     0.263207300573E-006     0.278380398580E-006
     0.605969289968E+000    -0.280000010084E+003    -0.401529189771E-006     0.891861264353E-007     0.282493546467E-006
     0.615969289968E+000    -0.280000010041E+003    -0.380589752755E-006     0.955608668119E-007     0.286417580605E-006
     0.625969289968E+000    -0.280000001681E+003    -0.255217408556E-007     0.715925125662E-008     0.286682649301E-006
     0.635969289968E+000    -0.279999982021E+003     0.790518420066E-006    -0.194780386386E-006     0.294824263215E-006
     0.645969289968E+000    -0.280000002616E+003    -0.894937034687E-007     0.323724996960E-007     0.295775951279E-006
     0.655969289968E+000    -0.280000000355E+003    -0.794989057448E-008     0.465642039132E-008     0.295868083255E-006
     0.665969289968E+000    -0.279999997358E+003     0.114336638732E-006    -0.251644611608E-007     0.297038814525E-006
     0.675969289968E+000    -0.279999998294E+003     0.708474557289E-007    -0.142630574931E-007     0.297761503725E-006
     0.685969289968E+000    -0.279999999407E+003     0.203503070572E-007    -0.235684369032E-008     0.297966367023E-006
     0.695969289968E+000    -0.279999998948E+003     0.370488558034E-007    -0.806170782412E-008     0.298345525149E-006
     0.705969289968E+000    -0.280000108285E+003    -0.452485534179E-005     0.112530862485E-005     0.344972379392E-006
     0.715969289968E+000    -0.280000026023E+003    -0.101876073078E-005     0.208412484198E-006     0.355370981173E-006
     0.725969289968E+000    -0.279999989799E+003     0.549470028933E-006    -0.153541175138E-006     0.361076173590E-006
     0.735969289968E+000    -0.280000000981E+003     0.736853364944E-007    -0.157774483979E-007     0.361829728943E-006
     0.745969289968E+000    -0.280000001788E+003     0.182091683243E-007    -0.385195045470E-008     0.362015850229E-006
     0.755969289968E+000    -0.280000002013E+003    -0.542605026971E-008     0.110986206569E-008     0.362071234176E-006
