   _____  _____  _    _ _   ______  _____ 
  |  __ \|  __ \| |  | | | |  ____|/ ____|
  | |  | | |__) | |  | | |_| |__  | (___  
  | |  | |  _  /| |  | | __|  __|  \___ \ 
  | |__| | | \ \| |__| | |_| |____ ____) | 
  |_____/|_|  \_\\____/ \__|______|_____/ 
  
  
  
 DRUtES is initialising, reading input files
 ---------------------------------------------------------------
 16hrs : 11min : 07.205s  -  2016/04/04    total number of parallel images is:                    1
 ---------------------------------------------------------------
 16hrs : 11min : 07.205s  -  2016/04/04    reading input files and allocating...
 ---------------------------------------------------------------
 16hrs : 11min : 07.206s  -  2016/04/04    number of nodes:                   25 number of elements:                   24
 ---------------------------------------------------------------
 16hrs : 11min : 07.227s  -  2016/04/04    analyzing mesh structure...
 ---------------------------------------------------------------
 16hrs : 11min : 07.228s  -  2016/04/04    DRUtES solves advection-dispersion-reaction equation and Richards equation in total hydraulic head form in                    1 D, convection is computed, kinetic sorption
 ---------------------------------------------------------------
 16hrs : 11min : 07.228s  -  2016/04/04    making output files for observation time
 ---------------------------------------------------------------
 16hrs : 11min : 07.233s  -  2016/04/04    go 4 solving
 ---------------------------------------------------------------
 16hrs : 11min : 07.248s  -  2016/04/04    Warning: Observation time adjusted due to print times, but the required time step seems to short:   9.9999999999999995E-007
 ---------------------------------------------------------------
 16hrs : 11min : 07.248s  -  2016/04/04    Observation time adjusted due to print times, current time step is:   9.9999999999999995E-007
 ---------------------------------------------------------------
 16hrs : 11min : 07.255s  -  2016/04/04    making output files for observation time
 ---------------------------------------------------------------
 16hrs : 11min : 08.053s  -  2016/04/04    Observation time adjusted due to print times, current time step is:   3.6260448594166786E-004
 ---------------------------------------------------------------
 16hrs : 11min : 08.060s  -  2016/04/04    making output files for observation time
