 #        time                      c  [M/M]            zero flux   in    x              directions   cumulative flux
 #-----------------------------------------------------------------------------------------------

     0.100000000000E-003     0.839805358756E-008     0.000000000000E+000     0.000000000000E+000
     0.101000000000E-003     0.848203429209E-008     0.000000000000E+000     0.000000000000E+000
     0.102060000000E-003     0.857105402739E-008     0.000000000000E+000     0.000000000000E+000
     0.103183600000E-003     0.866541516018E-008     0.000000000000E+000     0.000000000000E+000
     0.104374616000E-003     0.876543820068E-008     0.000000000000E+000     0.000000000000E+000
     0.105637092960E-003     0.887146289298E-008     0.000000000000E+000     0.000000000000E+000
     0.106975318538E-003     0.898384936949E-008     0.000000000000E+000     0.000000000000E+000
     0.108393837650E-003     0.910297937466E-008     0.000000000000E+000     0.000000000000E+000
     0.109897467909E-003     0.922925756225E-008     0.000000000000E+000     0.000000000000E+000
     0.111491315983E-003     0.936311287044E-008     0.000000000000E+000     0.000000000000E+000
     0.113180794942E-003     0.950499997953E-008     0.000000000000E+000     0.000000000000E+000
     0.114971642639E-003     0.965540085718E-008     0.000000000000E+000     0.000000000000E+000
     0.116869941197E-003     0.981482639652E-008     0.000000000000E+000     0.000000000000E+000
     0.118882137669E-003     0.998381815252E-008     0.000000000000E+000     0.000000000000E+000
     0.121015065929E-003     0.101629501827E-007     0.000000000000E+000     0.000000000000E+000
     0.123275969885E-003     0.103528309987E-007     0.000000000000E+000     0.000000000000E+000
     0.125672528078E-003     0.105541056343E-007     0.000000000000E+000     0.000000000000E+000
     0.128212879763E-003     0.107674578387E-007     0.000000000000E+000     0.000000000000E+000
     0.130905652549E-003     0.109936124008E-007     0.000000000000E+000     0.000000000000E+000
     0.133759991701E-003     0.112333376136E-007     0.000000000000E+000     0.000000000000E+000
     0.136785591204E-003     0.114874478862E-007     0.000000000000E+000     0.000000000000E+000
     0.139992726676E-003     0.117568065135E-007     0.000000000000E+000     0.000000000000E+000
     0.143392290276E-003     0.120423286117E-007     0.000000000000E+000     0.000000000000E+000
     0.146995827693E-003     0.123449842303E-007     0.000000000000E+000     0.000000000000E+000
     0.150815577354E-003     0.126658016519E-007     0.000000000000E+000     0.000000000000E+000
     0.154864511996E-003     0.130058708894E-007     0.000000000000E+000     0.000000000000E+000
     0.159156382715E-003     0.133663473942E-007     0.000000000000E+000     0.000000000000E+000
     0.163705765678E-003     0.137484559871E-007     0.000000000000E+000     0.000000000000E+000
     0.168528111619E-003     0.141534950257E-007     0.000000000000E+000     0.000000000000E+000
     0.173639798316E-003     0.145828408224E-007     0.000000000000E+000     0.000000000000E+000
     0.179058186215E-003     0.150379523287E-007     0.000000000000E+000     0.000000000000E+000
     0.184801677388E-003     0.155203761002E-007     0.000000000000E+000     0.000000000000E+000
     0.190889778031E-003     0.160317515619E-007     0.000000000000E+000     0.000000000000E+000
     0.197343164713E-003     0.165738165895E-007     0.000000000000E+000     0.000000000000E+000
     0.204183754596E-003     0.171484134267E-007     0.000000000000E+000     0.000000000000E+000
     0.211434779872E-003     0.177574949595E-007     0.000000000000E+000     0.000000000000E+000
     0.219120866664E-003     0.184031313679E-007     0.000000000000E+000     0.000000000000E+000
     0.227268118664E-003     0.190875171783E-007     0.000000000000E+000     0.000000000000E+000
     0.235904205784E-003     0.198129787411E-007     0.000000000000E+000     0.000000000000E+000
     0.245058458131E-003     0.205819821594E-007     0.000000000000E+000     0.000000000000E+000
     0.254761965619E-003     0.213971416947E-007     0.000000000000E+000     0.000000000000E+000
     0.265047683556E-003     0.222612286806E-007     0.000000000000E+000     0.000000000000E+000
     0.275950544569E-003     0.231771809739E-007     0.000000000000E+000     0.000000000000E+000
     0.287507577243E-003     0.241481129756E-007     0.000000000000E+000     0.000000000000E+000
     0.299758031878E-003     0.251773262578E-007     0.000000000000E+000     0.000000000000E+000
     0.312743513791E-003     0.262683208318E-007     0.000000000000E+000     0.000000000000E+000
     0.326508124618E-003     0.274248070966E-007     0.000000000000E+000     0.000000000000E+000
     0.341098612095E-003     0.286507185105E-007     0.000000000000E+000     0.000000000000E+000
     0.356564528821E-003     0.299502250285E-007     0.000000000000E+000     0.000000000000E+000
     0.372958400550E-003     0.313277473521E-007     0.000000000000E+000     0.000000000000E+000
     0.390335904583E-003     0.327879720422E-007     0.000000000000E+000     0.000000000000E+000
     0.408756058858E-003     0.343358675472E-007     0.000000000000E+000     0.000000000000E+000
     0.428281422390E-003     0.359767012015E-007     0.000000000000E+000     0.000000000000E+000
     0.448978307733E-003     0.377160572552E-007     0.000000000000E+000     0.000000000000E+000
     0.470917006197E-003     0.395598559975E-007     0.000000000000E+000     0.000000000000E+000
     0.494172026569E-003     0.415143740399E-007     0.000000000000E+000     0.000000000000E+000
     0.518822348163E-003     0.435862658329E-007     0.000000000000E+000     0.000000000000E+000
     0.544951689053E-003     0.457825864893E-007     0.000000000000E+000     0.000000000000E+000
     0.572648790396E-003     0.481108159966E-007     0.000000000000E+000     0.000000000000E+000
     0.602007717820E-003     0.505788849029E-007     0.000000000000E+000     0.000000000000E+000
     0.633128180889E-003     0.531952015687E-007     0.000000000000E+000     0.000000000000E+000
     0.666115871742E-003     0.559686810794E-007     0.000000000000E+000     0.000000000000E+000
     0.701082824047E-003     0.589087759244E-007     0.000000000000E+000     0.000000000000E+000
     0.738147793490E-003     0.620255085493E-007     0.000000000000E+000     0.000000000000E+000
     0.777436661099E-003     0.653295059005E-007     0.000000000000E+000     0.000000000000E+000
     0.819082860765E-003     0.688320360845E-007     0.000000000000E+000     0.000000000000E+000
     0.863227832411E-003     0.725450472757E-007     0.000000000000E+000     0.000000000000E+000
     0.910021502355E-003     0.764812090116E-007     0.000000000000E+000     0.000000000000E+000
     0.959622792497E-003     0.806539560279E-007     0.000000000000E+000     0.000000000000E+000
     0.101220016005E-002     0.850775347906E-007     0.000000000000E+000     0.000000000000E+000
     0.106793216965E-002     0.897670528972E-007     0.000000000000E+000     0.000000000000E+000
     0.112700809983E-002     0.947385315285E-007     0.000000000000E+000     0.000000000000E+000
     0.118962858582E-002     0.100008961143E-006     0.000000000000E+000     0.000000000000E+000
     0.125600630097E-002     0.105596360624E-006     0.000000000000E+000     0.000000000000E+000
     0.132636667903E-002     0.111519840094E-006     0.000000000000E+000     0.000000000000E+000
     0.140094867977E-002     0.117799667639E-006     0.000000000000E+000     0.000000000000E+000
     0.148000560055E-002     0.124457340187E-006     0.000000000000E+000     0.000000000000E+000
     0.156380593659E-002     0.131515658814E-006     0.000000000000E+000     0.000000000000E+000
     0.165263429278E-002     0.138998808763E-006     0.000000000000E+000     0.000000000000E+000
     0.174679235035E-002     0.146932444482E-006     0.000000000000E+000     0.000000000000E+000
     0.184659989137E-002     0.155343780009E-006     0.000000000000E+000     0.000000000000E+000
     0.195239588485E-002     0.164261685054E-006     0.000000000000E+000     0.000000000000E+000
     0.206453963794E-002     0.173716787162E-006     0.000000000000E+000     0.000000000000E+000
     0.218341201622E-002     0.183741580343E-006     0.000000000000E+000     0.000000000000E+000
     0.230941673719E-002     0.194370540621E-006     0.000000000000E+000     0.000000000000E+000
     0.244298174142E-002     0.205640248945E-006     0.000000000000E+000     0.000000000000E+000
     0.258456064591E-002     0.217589521973E-006     0.000000000000E+000     0.000000000000E+000
     0.273463428466E-002     0.230259551255E-006     0.000000000000E+000     0.000000000000E+000
     0.289371234174E-002     0.243694051386E-006     0.000000000000E+000     0.000000000000E+000
     0.306233508225E-002     0.257939417747E-006     0.000000000000E+000     0.000000000000E+000
     0.324107518718E-002     0.273044894495E-006     0.000000000000E+000     0.000000000000E+000
     0.343053969841E-002     0.289062753510E-006     0.000000000000E+000     0.000000000000E+000
     0.363137208032E-002     0.306048485066E-006     0.000000000000E+000     0.000000000000E+000
     0.384425440514E-002     0.324061001055E-006     0.000000000000E+000     0.000000000000E+000
     0.406990966944E-002     0.343162851647E-006     0.000000000000E+000     0.000000000000E+000
     0.430910424961E-002     0.363420456345E-006     0.000000000000E+000     0.000000000000E+000
     0.456265050459E-002     0.384904350485E-006     0.000000000000E+000     0.000000000000E+000
     0.483140953486E-002     0.407689448269E-006     0.000000000000E+000     0.000000000000E+000
     0.511629410696E-002     0.431855323580E-006     0.000000000000E+000     0.000000000000E+000
     0.541827175337E-002     0.457486509854E-006     0.000000000000E+000     0.000000000000E+000
     0.573836805857E-002     0.484672820437E-006     0.000000000000E+000     0.000000000000E+000
     0.607767014209E-002     0.513509690974E-006     0.000000000000E+000     0.000000000000E+000
     0.643733035061E-002     0.544098545472E-006     0.000000000000E+000     0.000000000000E+000
     0.681857017165E-002     0.576547187854E-006     0.000000000000E+000     0.000000000000E+000
     0.722268438195E-002     0.610970220970E-006     0.000000000000E+000     0.000000000000E+000
     0.765104544487E-002     0.647489495181E-006     0.000000000000E+000     0.000000000000E+000
     0.810510817156E-002     0.686234588845E-006     0.000000000000E+000     0.000000000000E+000
     0.858641466185E-002     0.727343323223E-006     0.000000000000E+000     0.000000000000E+000
     0.909659954156E-002     0.770962314544E-006     0.000000000000E+000     0.000000000000E+000
     0.963739551406E-002     0.817247566240E-006     0.000000000000E+000     0.000000000000E+000
     0.100000000000E-001     0.848303972962E-006     0.000000000000E+000     0.000000000000E+000
     0.103843607551E-001     0.881248564870E-006     0.000000000000E+000     0.000000000000E+000
     0.107917831555E-001     0.916197691032E-006     0.000000000000E+000     0.000000000000E+000
     0.112236508999E-001     0.953275058010E-006     0.000000000000E+000     0.000000000000E+000
     0.116814307090E-001     0.992612217578E-006     0.000000000000E+000     0.000000000000E+000
     0.121666773067E-001     0.103434908938E-005     0.000000000000E+000     0.000000000000E+000
     0.126810387002E-001     0.107863452130E-005     0.000000000000E+000     0.000000000000E+000
     0.132262617773E-001     0.112562689058E-005     0.000000000000E+000     0.000000000000E+000
     0.138041982390E-001     0.117549474904E-005     0.000000000000E+000     0.000000000000E+000
     0.144168108884E-001     0.122841751592E-005     0.000000000000E+000     0.000000000000E+000
     0.150661802968E-001     0.128458622243E-005     0.000000000000E+000     0.000000000000E+000
     0.157545118698E-001     0.134420431220E-005     0.000000000000E+000     0.000000000000E+000
     0.164841433370E-001     0.140748850244E-005     0.000000000000E+000     0.000000000000E+000
     0.172575526924E-001     0.147466971096E-005     0.000000000000E+000     0.000000000000E+000
     0.180773666090E-001     0.154599405464E-005     0.000000000000E+000     0.000000000000E+000
     0.189463693606E-001     0.162172392572E-005     0.000000000000E+000     0.000000000000E+000
     0.198675122774E-001     0.170213915257E-005     0.000000000000E+000     0.000000000000E+000
     0.208439237691E-001     0.178753825244E-005     0.000000000000E+000     0.000000000000E+000
     0.218789199504E-001     0.187823978453E-005     0.000000000000E+000     0.000000000000E+000
     0.229760159025E-001     0.197458381218E-005     0.000000000000E+000     0.000000000000E+000
     0.241389376117E-001     0.207693348427E-005     0.000000000000E+000     0.000000000000E+000
     0.253716346235E-001     0.218567674666E-005     0.000000000000E+000     0.000000000000E+000
     0.266782934560E-001     0.230122819565E-005     0.000000000000E+000     0.000000000000E+000
     0.280633518185E-001     0.242403108669E-005     0.000000000000E+000     0.000000000000E+000
     0.295315136827E-001     0.255455951291E-005     0.000000000000E+000     0.000000000000E+000
     0.310877652588E-001     0.269332076938E-005     0.000000000000E+000     0.000000000000E+000
     0.327373919294E-001     0.284085792089E-005     0.000000000000E+000     0.000000000000E+000
     0.344859962003E-001     0.299775259258E-005     0.000000000000E+000     0.000000000000E+000
     0.363395167274E-001     0.316462800498E-005     0.000000000000E+000     0.000000000000E+000
     0.383042484861E-001     0.334215227700E-005     0.000000000000E+000     0.000000000000E+000
     0.403868641504E-001     0.353104202310E-005     0.000000000000E+000     0.000000000000E+000
     0.425944367545E-001     0.373206627328E-005     0.000000000000E+000     0.000000000000E+000
     0.449344637149E-001     0.394605074779E-005     0.000000000000E+000     0.000000000000E+000
     0.474148922929E-001     0.417388252141E-005     0.000000000000E+000     0.000000000000E+000
     0.500441465855E-001     0.441651511617E-005     0.000000000000E+000     0.000000000000E+000
     0.528311561358E-001     0.467497406493E-005     0.000000000000E+000     0.000000000000E+000
     0.557853862590E-001     0.495036299303E-005     0.000000000000E+000     0.000000000000E+000
     0.589168701896E-001     0.524387026973E-005     0.000000000000E+000     0.000000000000E+000
     0.622362431561E-001     0.555677628672E-005     0.000000000000E+000     0.000000000000E+000
     0.657547785006E-001     0.589046142668E-005     0.000000000000E+000     0.000000000000E+000
     0.694844259657E-001     0.624641479138E-005     0.000000000000E+000     0.000000000000E+000
     0.734378522787E-001     0.662624376576E-005     0.000000000000E+000     0.000000000000E+000
     0.776284841706E-001     0.703168450233E-005     0.000000000000E+000     0.000000000000E+000
     0.820705539759E-001     0.746461341843E-005     0.000000000000E+000     0.000000000000E+000
     0.867791479696E-001     0.792705980834E-005     0.000000000000E+000     0.000000000000E+000
     0.917702576028E-001     0.842121968218E-005     0.000000000000E+000     0.000000000000E+000
     0.970608338141E-001     0.894947095461E-005     0.000000000000E+000     0.000000000000E+000
     0.102668844598E+000     0.951439011815E-005     0.000000000000E+000     0.000000000000E+000
     0.108613336029E+000     0.101187705491E-004     0.000000000000E+000     0.000000000000E+000
     0.114914496946E+000     0.107656426080E-004     0.000000000000E+000     0.000000000000E+000
     0.121593727518E+000     0.114582957111E-004     0.000000000000E+000     0.000000000000E+000
     0.128673711924E+000     0.122003025676E-004     0.000000000000E+000     0.000000000000E+000
     0.136178495394E+000     0.129955457919E-004     0.000000000000E+000     0.000000000000E+000
     0.144133565873E+000     0.138482471221E-004     0.000000000000E+000     0.000000000000E+000
     0.152565940581E+000     0.147629994939E-004     0.000000000000E+000     0.000000000000E+000
     0.161504257771E+000     0.157448022412E-004     0.000000000000E+000     0.000000000000E+000
     0.170978873992E+000     0.167990997176E-004     0.000000000000E+000     0.000000000000E+000
     0.181021967187E+000     0.179318236562E-004     0.000000000000E+000     0.000000000000E+000
     0.191667645973E+000     0.191494396105E-004     0.000000000000E+000     0.000000000000E+000
     0.202952065486E+000     0.204589978452E-004     0.000000000000E+000     0.000000000000E+000
     0.214913550171E+000     0.218681890731E-004     0.000000000000E+000     0.000000000000E+000
     0.227413550171E+000     0.233636406944E-004     0.000000000000E+000     0.000000000000E+000
     0.239913550171E+000     0.248817306582E-004     0.000000000000E+000     0.000000000000E+000
     0.252413550171E+000     0.264222815097E-004     0.000000000000E+000     0.000000000000E+000
     0.264913550171E+000     0.279851174897E-004     0.000000000000E+000     0.000000000000E+000
     0.277413550171E+000     0.295700645157E-004     0.000000000000E+000     0.000000000000E+000
     0.289913550171E+000     0.311769501643E-004     0.000000000000E+000     0.000000000000E+000
     0.302413550171E+000     0.328056036526E-004     0.000000000000E+000     0.000000000000E+000
     0.314913550171E+000     0.344558558202E-004     0.000000000000E+000     0.000000000000E+000
     0.327413550171E+000     0.361275391124E-004     0.000000000000E+000     0.000000000000E+000
     0.339913550171E+000     0.378204875618E-004     0.000000000000E+000     0.000000000000E+000
     0.352413550171E+000     0.395345367717E-004     0.000000000000E+000     0.000000000000E+000
     0.364913550171E+000     0.412695238989E-004     0.000000000000E+000     0.000000000000E+000
     0.377413550171E+000     0.430252876367E-004     0.000000000000E+000     0.000000000000E+000
     0.389913550171E+000     0.448016681986E-004     0.000000000000E+000     0.000000000000E+000
     0.402413550171E+000     0.465985073017E-004     0.000000000000E+000     0.000000000000E+000
     0.414913550171E+000     0.484156481506E-004     0.000000000000E+000     0.000000000000E+000
     0.427413550171E+000     0.502529354211E-004     0.000000000000E+000     0.000000000000E+000
     0.439913550171E+000     0.521102152446E-004     0.000000000000E+000     0.000000000000E+000
     0.452413550171E+000     0.539873351925E-004     0.000000000000E+000     0.000000000000E+000
     0.464913550171E+000     0.558841442605E-004     0.000000000000E+000     0.000000000000E+000
     0.477413550171E+000     0.578004928535E-004     0.000000000000E+000     0.000000000000E+000
     0.489913550171E+000     0.597362327702E-004     0.000000000000E+000     0.000000000000E+000
     0.502413550171E+000     0.616912171887E-004     0.000000000000E+000     0.000000000000E+000
     0.514913550171E+000     0.636653006512E-004     0.000000000000E+000     0.000000000000E+000
     0.527413550171E+000     0.656583390498E-004     0.000000000000E+000     0.000000000000E+000
     0.539913550171E+000     0.676701896119E-004     0.000000000000E+000     0.000000000000E+000
     0.552413550171E+000     0.697007108860E-004     0.000000000000E+000     0.000000000000E+000
     0.564913550171E+000     0.717497627275E-004     0.000000000000E+000     0.000000000000E+000
     0.577413550171E+000     0.738172062851E-004     0.000000000000E+000     0.000000000000E+000
     0.589913550171E+000     0.759029039869E-004     0.000000000000E+000     0.000000000000E+000
     0.602413550171E+000     0.780067195267E-004     0.000000000000E+000     0.000000000000E+000
     0.614913550171E+000     0.801285178507E-004     0.000000000000E+000     0.000000000000E+000
     0.627413550171E+000     0.822681651442E-004     0.000000000000E+000     0.000000000000E+000
     0.639913550171E+000     0.844255288186E-004     0.000000000000E+000     0.000000000000E+000
     0.652413550171E+000     0.866004774981E-004     0.000000000000E+000     0.000000000000E+000
     0.664913550171E+000     0.887928810073E-004     0.000000000000E+000     0.000000000000E+000
     0.677413550171E+000     0.910026103585E-004     0.000000000000E+000     0.000000000000E+000
     0.689913550171E+000     0.932295377387E-004     0.000000000000E+000     0.000000000000E+000
     0.702413550171E+000     0.954735364978E-004     0.000000000000E+000     0.000000000000E+000
     0.714913550171E+000     0.977344811363E-004     0.000000000000E+000     0.000000000000E+000
     0.727413550171E+000     0.100012247293E-003     0.000000000000E+000     0.000000000000E+000
     0.739913550171E+000     0.102306711733E-003     0.000000000000E+000     0.000000000000E+000
     0.752413550171E+000     0.104617752335E-003     0.000000000000E+000     0.000000000000E+000
     0.764913550171E+000     0.106945248084E-003     0.000000000000E+000     0.000000000000E+000
     0.777413550171E+000     0.109289079052E-003     0.000000000000E+000     0.000000000000E+000
     0.789913550171E+000     0.111649126395E-003     0.000000000000E+000     0.000000000000E+000
     0.802413550171E+000     0.114025272336E-003     0.000000000000E+000     0.000000000000E+000
     0.814913550171E+000     0.116417400154E-003     0.000000000000E+000     0.000000000000E+000
     0.827413550171E+000     0.118825394178E-003     0.000000000000E+000     0.000000000000E+000
     0.839913550171E+000     0.121249139770E-003     0.000000000000E+000     0.000000000000E+000
     0.852413550171E+000     0.123688523319E-003     0.000000000000E+000     0.000000000000E+000
     0.864913550171E+000     0.126143432228E-003     0.000000000000E+000     0.000000000000E+000
     0.877413550171E+000     0.128613754901E-003     0.000000000000E+000     0.000000000000E+000
     0.889913550171E+000     0.131099380740E-003     0.000000000000E+000     0.000000000000E+000
     0.902413550171E+000     0.133600200128E-003     0.000000000000E+000     0.000000000000E+000
     0.914913550171E+000     0.136116104419E-003     0.000000000000E+000     0.000000000000E+000
     0.927413550171E+000     0.138646985934E-003     0.000000000000E+000     0.000000000000E+000
     0.939913550171E+000     0.141192737944E-003     0.000000000000E+000     0.000000000000E+000
     0.952413550171E+000     0.143753254666E-003     0.000000000000E+000     0.000000000000E+000
     0.964913550171E+000     0.146328431247E-003     0.000000000000E+000     0.000000000000E+000
     0.977413550171E+000     0.148918163762E-003     0.000000000000E+000     0.000000000000E+000
     0.989913550171E+000     0.151522349197E-003     0.000000000000E+000     0.000000000000E+000
     0.100241355017E+001     0.154140885445E-003     0.000000000000E+000     0.000000000000E+000
     0.101491355017E+001     0.156773671295E-003     0.000000000000E+000     0.000000000000E+000
     0.102741355017E+001     0.159420606423E-003     0.000000000000E+000     0.000000000000E+000
     0.103991355017E+001     0.162081591380E-003     0.000000000000E+000     0.000000000000E+000
     0.105241355017E+001     0.164756527590E-003     0.000000000000E+000     0.000000000000E+000
     0.106491355017E+001     0.167445317333E-003     0.000000000000E+000     0.000000000000E+000
     0.107741355017E+001     0.170147863743E-003     0.000000000000E+000     0.000000000000E+000
     0.108991355017E+001     0.172864070795E-003     0.000000000000E+000     0.000000000000E+000
     0.110241355017E+001     0.175593843297E-003     0.000000000000E+000     0.000000000000E+000
     0.111491355017E+001     0.178337086885E-003     0.000000000000E+000     0.000000000000E+000
     0.112741355017E+001     0.181093708011E-003     0.000000000000E+000     0.000000000000E+000
     0.113991355017E+001     0.183863613936E-003     0.000000000000E+000     0.000000000000E+000
     0.115241355017E+001     0.186646712719E-003     0.000000000000E+000     0.000000000000E+000
     0.116491355017E+001     0.189442913217E-003     0.000000000000E+000     0.000000000000E+000
     0.117741355017E+001     0.192252125067E-003     0.000000000000E+000     0.000000000000E+000
     0.118991355017E+001     0.195074258685E-003     0.000000000000E+000     0.000000000000E+000
     0.120241355017E+001     0.197909225255E-003     0.000000000000E+000     0.000000000000E+000
     0.121491355017E+001     0.200756936722E-003     0.000000000000E+000     0.000000000000E+000
     0.122741355017E+001     0.203617305786E-003     0.000000000000E+000     0.000000000000E+000
     0.123991355017E+001     0.206490245891E-003     0.000000000000E+000     0.000000000000E+000
     0.125241355017E+001     0.209375671222E-003     0.000000000000E+000     0.000000000000E+000
     0.126491355017E+001     0.212273496692E-003     0.000000000000E+000     0.000000000000E+000
     0.127741355017E+001     0.215183637941E-003     0.000000000000E+000     0.000000000000E+000
     0.128991355017E+001     0.218106011324E-003     0.000000000000E+000     0.000000000000E+000
     0.130241355017E+001     0.221040533905E-003     0.000000000000E+000     0.000000000000E+000
     0.131491355017E+001     0.223987123452E-003     0.000000000000E+000     0.000000000000E+000
     0.132741355017E+001     0.226945698426E-003     0.000000000000E+000     0.000000000000E+000
     0.133991355017E+001     0.229916177981E-003     0.000000000000E+000     0.000000000000E+000
     0.135241355017E+001     0.232898481947E-003     0.000000000000E+000     0.000000000000E+000
     0.136491355017E+001     0.235892530834E-003     0.000000000000E+000     0.000000000000E+000
     0.137741355017E+001     0.238898245817E-003     0.000000000000E+000     0.000000000000E+000
     0.138991355017E+001     0.241915548734E-003     0.000000000000E+000     0.000000000000E+000
     0.140241355017E+001     0.244944362079E-003     0.000000000000E+000     0.000000000000E+000
     0.141491355017E+001     0.247984608992E-003     0.000000000000E+000     0.000000000000E+000
     0.142741355017E+001     0.251036213259E-003     0.000000000000E+000     0.000000000000E+000
     0.143991355017E+001     0.254099099299E-003     0.000000000000E+000     0.000000000000E+000
     0.145241355017E+001     0.257173192162E-003     0.000000000000E+000     0.000000000000E+000
     0.146491355017E+001     0.260258417521E-003     0.000000000000E+000     0.000000000000E+000
     0.147741355017E+001     0.263354701668E-003     0.000000000000E+000     0.000000000000E+000
     0.148991355017E+001     0.266461971505E-003     0.000000000000E+000     0.000000000000E+000
     0.150241355017E+001     0.269580154540E-003     0.000000000000E+000     0.000000000000E+000
     0.151491355017E+001     0.272709178880E-003     0.000000000000E+000     0.000000000000E+000
     0.152741355017E+001     0.275848973227E-003     0.000000000000E+000     0.000000000000E+000
     0.153991355017E+001     0.278999466868E-003     0.000000000000E+000     0.000000000000E+000
     0.155241355017E+001     0.282160589677E-003     0.000000000000E+000     0.000000000000E+000
     0.156491355017E+001     0.285332272100E-003     0.000000000000E+000     0.000000000000E+000
     0.157741355017E+001     0.288514445156E-003     0.000000000000E+000     0.000000000000E+000
     0.158991355017E+001     0.291707040429E-003     0.000000000000E+000     0.000000000000E+000
     0.160241355017E+001     0.294909990064E-003     0.000000000000E+000     0.000000000000E+000
     0.161491355017E+001     0.298123226760E-003     0.000000000000E+000     0.000000000000E+000
     0.162741355017E+001     0.301346683763E-003     0.000000000000E+000     0.000000000000E+000
     0.163991355017E+001     0.304580294867E-003     0.000000000000E+000     0.000000000000E+000
     0.165241355017E+001     0.307823994401E-003     0.000000000000E+000     0.000000000000E+000
     0.166491355017E+001     0.311077717230E-003     0.000000000000E+000     0.000000000000E+000
     0.167741355017E+001     0.314341398745E-003     0.000000000000E+000     0.000000000000E+000
     0.168991355017E+001     0.317614974863E-003     0.000000000000E+000     0.000000000000E+000
     0.170241355017E+001     0.320898382017E-003     0.000000000000E+000     0.000000000000E+000
     0.171491355017E+001     0.324191557154E-003     0.000000000000E+000     0.000000000000E+000
     0.172741355017E+001     0.327494437729E-003     0.000000000000E+000     0.000000000000E+000
     0.173991355017E+001     0.330806961703E-003     0.000000000000E+000     0.000000000000E+000
     0.175241355017E+001     0.334129067532E-003     0.000000000000E+000     0.000000000000E+000
     0.176491355017E+001     0.337460694168E-003     0.000000000000E+000     0.000000000000E+000
     0.177741355017E+001     0.340801781053E-003     0.000000000000E+000     0.000000000000E+000
     0.178991355017E+001     0.344152268112E-003     0.000000000000E+000     0.000000000000E+000
     0.180241355017E+001     0.347512095751E-003     0.000000000000E+000     0.000000000000E+000
     0.181491355017E+001     0.350881204851E-003     0.000000000000E+000     0.000000000000E+000
     0.182741355017E+001     0.354259536764E-003     0.000000000000E+000     0.000000000000E+000
     0.183991355017E+001     0.357647033310E-003     0.000000000000E+000     0.000000000000E+000
     0.185241355017E+001     0.361043636768E-003     0.000000000000E+000     0.000000000000E+000
     0.186491355017E+001     0.364449289878E-003     0.000000000000E+000     0.000000000000E+000
     0.187741355017E+001     0.367863935832E-003     0.000000000000E+000     0.000000000000E+000
     0.188991355017E+001     0.371287518272E-003     0.000000000000E+000     0.000000000000E+000
     0.190241355017E+001     0.374719981282E-003     0.000000000000E+000     0.000000000000E+000
     0.191491355017E+001     0.378161269391E-003     0.000000000000E+000     0.000000000000E+000
     0.192741355017E+001     0.381611327563E-003     0.000000000000E+000     0.000000000000E+000
     0.193991355017E+001     0.385070101192E-003     0.000000000000E+000     0.000000000000E+000
     0.195241355017E+001     0.388537536106E-003     0.000000000000E+000     0.000000000000E+000
     0.196491355017E+001     0.392013578552E-003     0.000000000000E+000     0.000000000000E+000
     0.197741355017E+001     0.395498175201E-003     0.000000000000E+000     0.000000000000E+000
     0.198991355017E+001     0.398991273139E-003     0.000000000000E+000     0.000000000000E+000
     0.200241355017E+001     0.402492819865E-003     0.000000000000E+000     0.000000000000E+000
     0.201491355017E+001     0.406002763289E-003     0.000000000000E+000     0.000000000000E+000
     0.202741355017E+001     0.409521051724E-003     0.000000000000E+000     0.000000000000E+000
     0.203991355017E+001     0.413047633884E-003     0.000000000000E+000     0.000000000000E+000
     0.205241355017E+001     0.416582458881E-003     0.000000000000E+000     0.000000000000E+000
     0.206491355017E+001     0.420125476223E-003     0.000000000000E+000     0.000000000000E+000
     0.207741355017E+001     0.423676635807E-003     0.000000000000E+000     0.000000000000E+000
     0.208991355017E+001     0.427235887915E-003     0.000000000000E+000     0.000000000000E+000
     0.210241355017E+001     0.430803183216E-003     0.000000000000E+000     0.000000000000E+000
     0.211491355017E+001     0.434378472755E-003     0.000000000000E+000     0.000000000000E+000
     0.212741355017E+001     0.437961707955E-003     0.000000000000E+000     0.000000000000E+000
     0.213991355017E+001     0.441552840611E-003     0.000000000000E+000     0.000000000000E+000
     0.215241355017E+001     0.445151822889E-003     0.000000000000E+000     0.000000000000E+000
     0.216491355017E+001     0.448758607320E-003     0.000000000000E+000     0.000000000000E+000
     0.217741355017E+001     0.452373146795E-003     0.000000000000E+000     0.000000000000E+000
     0.218991355017E+001     0.455995394569E-003     0.000000000000E+000     0.000000000000E+000
     0.220241355017E+001     0.459625304250E-003     0.000000000000E+000     0.000000000000E+000
     0.221491355017E+001     0.463262829798E-003     0.000000000000E+000     0.000000000000E+000
     0.222741355017E+001     0.466907925526E-003     0.000000000000E+000     0.000000000000E+000
     0.223991355017E+001     0.470560546090E-003     0.000000000000E+000     0.000000000000E+000
     0.225241355017E+001     0.474220646491E-003     0.000000000000E+000     0.000000000000E+000
     0.226491355017E+001     0.477888182069E-003     0.000000000000E+000     0.000000000000E+000
     0.227741355017E+001     0.481563108503E-003     0.000000000000E+000     0.000000000000E+000
     0.228991355017E+001     0.485245381805E-003     0.000000000000E+000     0.000000000000E+000
     0.230241355017E+001     0.488934958316E-003     0.000000000000E+000     0.000000000000E+000
     0.231491355017E+001     0.492631794708E-003     0.000000000000E+000     0.000000000000E+000
     0.232741355017E+001     0.496335847977E-003     0.000000000000E+000     0.000000000000E+000
     0.233991355017E+001     0.500047075441E-003     0.000000000000E+000     0.000000000000E+000
     0.235241355017E+001     0.503765434737E-003     0.000000000000E+000     0.000000000000E+000
     0.236491355017E+001     0.507490883818E-003     0.000000000000E+000     0.000000000000E+000
