 #        time                      c  [M/M]            zero flux   in    x              directions   cumulative flux
 #-----------------------------------------------------------------------------------------------

     0.100000000000E-003     0.345301763688E-042     0.000000000000E+000     0.000000000000E+000
     0.101000000000E-003     0.348789660275E-042     0.000000000000E+000     0.000000000000E+000
     0.102060000000E-003     0.352526421111E-042     0.000000000000E+000     0.000000000000E+000
     0.103183600000E-003     0.356529015386E-042     0.000000000000E+000     0.000000000000E+000
     0.104374616000E-003     0.360818193040E-042     0.000000000000E+000     0.000000000000E+000
     0.105637092960E-003     0.365418683948E-042     0.000000000000E+000     0.000000000000E+000
     0.106975318538E-003     0.370359325271E-042     0.000000000000E+000     0.000000000000E+000
     0.108393837650E-003     0.375671880026E-042     0.000000000000E+000     0.000000000000E+000
     0.109897467909E-003     0.381389257027E-042     0.000000000000E+000     0.000000000000E+000
     0.111491315983E-003     0.387547846943E-042     0.000000000000E+000     0.000000000000E+000
     0.113180794942E-003     0.394187960738E-042     0.000000000000E+000     0.000000000000E+000
     0.114971642639E-003     0.401351637615E-042     0.000000000000E+000     0.000000000000E+000
     0.116869941197E-003     0.409082644705E-042     0.000000000000E+000     0.000000000000E+000
     0.118882137669E-003     0.417433080626E-042     0.000000000000E+000     0.000000000000E+000
     0.121015065929E-003     0.426455983215E-042     0.000000000000E+000     0.000000000000E+000
     0.123275969885E-003     0.436215102120E-042     0.000000000000E+000     0.000000000000E+000
     0.125672528078E-003     0.446783138093E-042     0.000000000000E+000     0.000000000000E+000
     0.128212879763E-003     0.458243408256E-042     0.000000000000E+000     0.000000000000E+000
     0.130905652549E-003     0.470697331040E-042     0.000000000000E+000     0.000000000000E+000
     0.133759991701E-003     0.484255262351E-042     0.000000000000E+000     0.000000000000E+000
     0.136785591204E-003     0.499060452039E-042     0.000000000000E+000     0.000000000000E+000
     0.139992726676E-003     0.515261366471E-042     0.000000000000E+000     0.000000000000E+000
     0.143392290276E-003     0.533044078516E-042     0.000000000000E+000     0.000000000000E+000
     0.146995827693E-003     0.552604631374E-042     0.000000000000E+000     0.000000000000E+000
     0.150815577354E-003     0.574169478989E-042     0.000000000000E+000     0.000000000000E+000
     0.154864511996E-003     0.598001179238E-042     0.000000000000E+000     0.000000000000E+000
     0.159156382715E-003     0.624405320929E-042     0.000000000000E+000     0.000000000000E+000
     0.163705765678E-003     0.653739022644E-042     0.000000000000E+000     0.000000000000E+000
     0.168528111619E-003     0.686421370381E-042     0.000000000000E+000     0.000000000000E+000
     0.173639798316E-003     0.722946341842E-042     0.000000000000E+000     0.000000000000E+000
     0.179058186215E-003     0.763898866842E-042     0.000000000000E+000     0.000000000000E+000
     0.184801677388E-003     0.809974902060E-042     0.000000000000E+000     0.000000000000E+000
     0.190889778031E-003     0.862006666990E-042     0.000000000000E+000     0.000000000000E+000
     0.197343164713E-003     0.920994557034E-042     0.000000000000E+000     0.000000000000E+000
     0.204183754596E-003     0.988147751001E-042     0.000000000000E+000     0.000000000000E+000
     0.211434779872E-003     0.106493621600E-041     0.000000000000E+000     0.000000000000E+000
     0.219120866664E-003     0.115315775750E-041     0.000000000000E+000     0.000000000000E+000
     0.227268118664E-003     0.125502507348E-041     0.000000000000E+000     0.000000000000E+000
     0.235904205784E-003     0.137327960544E-041     0.000000000000E+000     0.000000000000E+000
     0.245058458131E-003     0.151134156300E-041     0.000000000000E+000     0.000000000000E+000
     0.254761965619E-003     0.167350916860E-041     0.000000000000E+000     0.000000000000E+000
     0.265047683556E-003     0.186522542138E-041     0.000000000000E+000     0.000000000000E+000
     0.275950544569E-003     0.209343825697E-041     0.000000000000E+000     0.000000000000E+000
     0.287507577243E-003     0.236709099740E-041     0.000000000000E+000     0.000000000000E+000
     0.299758031878E-003     0.269779613071E-041     0.000000000000E+000     0.000000000000E+000
     0.312743513791E-003     0.310076930192E-041     0.000000000000E+000     0.000000000000E+000
     0.326508124618E-003     0.359613587508E-041     0.000000000000E+000     0.000000000000E+000
     0.341098612095E-003     0.421077561051E-041     0.000000000000E+000     0.000000000000E+000
     0.356564528821E-003     0.498095131037E-041     0.000000000000E+000     0.000000000000E+000
     0.372958400550E-003     0.595608940176E-041     0.000000000000E+000     0.000000000000E+000
     0.390335904583E-003     0.720426737126E-041     0.000000000000E+000     0.000000000000E+000
     0.408756058858E-003     0.882025100694E-041     0.000000000000E+000     0.000000000000E+000
     0.428281422390E-003     0.109373709564E-040     0.000000000000E+000     0.000000000000E+000
     0.448978307733E-003     0.137452244605E-040     0.000000000000E+000     0.000000000000E+000
     0.470917006197E-003     0.175162800287E-040     0.000000000000E+000     0.000000000000E+000
     0.494172026569E-003     0.226461839137E-040     0.000000000000E+000     0.000000000000E+000
     0.518822348163E-003     0.297152933800E-040     0.000000000000E+000     0.000000000000E+000
     0.544951689053E-003     0.395832996704E-040     0.000000000000E+000     0.000000000000E+000
     0.572648790396E-003     0.535357357583E-040     0.000000000000E+000     0.000000000000E+000
     0.602007717820E-003     0.735122861945E-040     0.000000000000E+000     0.000000000000E+000
     0.633128180889E-003     0.102464727423E-039     0.000000000000E+000     0.000000000000E+000
     0.666115871742E-003     0.144921270128E-039     0.000000000000E+000     0.000000000000E+000
     0.701082824047E-003     0.207880995009E-039     0.000000000000E+000     0.000000000000E+000
     0.738147793490E-003     0.302238360306E-039     0.000000000000E+000     0.000000000000E+000
     0.777436661099E-003     0.445062133811E-039     0.000000000000E+000     0.000000000000E+000
     0.819082860765E-003     0.663256389659E-039     0.000000000000E+000     0.000000000000E+000
     0.863227832411E-003     0.999464257220E-039     0.000000000000E+000     0.000000000000E+000
     0.910021502355E-003     0.152162192280E-038     0.000000000000E+000     0.000000000000E+000
     0.959622792497E-003     0.233846996505E-038     0.000000000000E+000     0.000000000000E+000
     0.101220016005E-002     0.362481176739E-038     0.000000000000E+000     0.000000000000E+000
     0.106793216965E-002     0.566275660471E-038     0.000000000000E+000     0.000000000000E+000
     0.112700809983E-002     0.890923275163E-038     0.000000000000E+000     0.000000000000E+000
     0.118962858582E-002     0.141067590539E-037     0.000000000000E+000     0.000000000000E+000
     0.125600630097E-002     0.224655787480E-037     0.000000000000E+000     0.000000000000E+000
     0.132636667903E-002     0.359637142641E-037     0.000000000000E+000     0.000000000000E+000
     0.140094867977E-002     0.578421781837E-037     0.000000000000E+000     0.000000000000E+000
     0.148000560055E-002     0.934236215747E-037     0.000000000000E+000     0.000000000000E+000
     0.156380593659E-002     0.151467726682E-036     0.000000000000E+000     0.000000000000E+000
     0.165263429278E-002     0.246418406004E-036     0.000000000000E+000     0.000000000000E+000
     0.174679235035E-002     0.402134405902E-036     0.000000000000E+000     0.000000000000E+000
     0.184659989137E-002     0.658089916065E-036     0.000000000000E+000     0.000000000000E+000
     0.195239588485E-002     0.107969190675E-035     0.000000000000E+000     0.000000000000E+000
     0.206453963794E-002     0.177546484941E-035     0.000000000000E+000     0.000000000000E+000
     0.218341201622E-002     0.292570078127E-035     0.000000000000E+000     0.000000000000E+000
     0.230941673719E-002     0.483026575260E-035     0.000000000000E+000     0.000000000000E+000
     0.244298174142E-002     0.798843550880E-035     0.000000000000E+000     0.000000000000E+000
     0.258456064591E-002     0.132323187596E-034     0.000000000000E+000     0.000000000000E+000
     0.273463428466E-002     0.219499915215E-034     0.000000000000E+000     0.000000000000E+000
     0.289371234174E-002     0.364589018234E-034     0.000000000000E+000     0.000000000000E+000
     0.306233508225E-002     0.606311167160E-034     0.000000000000E+000     0.000000000000E+000
     0.324107518718E-002     0.100940844943E-033     0.000000000000E+000     0.000000000000E+000
     0.343053969841E-002     0.168220330277E-033     0.000000000000E+000     0.000000000000E+000
     0.363137208032E-002     0.280604543931E-033     0.000000000000E+000     0.000000000000E+000
     0.384425440514E-002     0.468471722573E-033     0.000000000000E+000     0.000000000000E+000
     0.406990966944E-002     0.782735907328E-033     0.000000000000E+000     0.000000000000E+000
     0.430910424961E-002     0.130877104654E-032     0.000000000000E+000     0.000000000000E+000
     0.456265050459E-002     0.218979945869E-032     0.000000000000E+000     0.000000000000E+000
     0.483140953486E-002     0.366619070287E-032     0.000000000000E+000     0.000000000000E+000
     0.511629410696E-002     0.614151454040E-032     0.000000000000E+000     0.000000000000E+000
     0.541827175337E-002     0.102935935915E-031     0.000000000000E+000     0.000000000000E+000
     0.573836805857E-002     0.172612622171E-031     0.000000000000E+000     0.000000000000E+000
     0.607767014209E-002     0.289585193818E-031     0.000000000000E+000     0.000000000000E+000
     0.643733035061E-002     0.486030962637E-031     0.000000000000E+000     0.000000000000E+000
     0.681857017165E-002     0.816059699323E-031     0.000000000000E+000     0.000000000000E+000
     0.722268438195E-002     0.137068600230E-030     0.000000000000E+000     0.000000000000E+000
     0.765104544487E-002     0.230303552462E-030     0.000000000000E+000     0.000000000000E+000
     0.810510817156E-002     0.387078724505E-030     0.000000000000E+000     0.000000000000E+000
     0.858641466185E-002     0.650764896442E-030     0.000000000000E+000     0.000000000000E+000
     0.909659954156E-002     0.109437439170E-029     0.000000000000E+000     0.000000000000E+000
     0.963739551406E-002     0.184084054596E-029     0.000000000000E+000     0.000000000000E+000
     0.100000000000E-001     0.249971416695E-029     0.000000000000E+000     0.000000000000E+000
     0.103843607551E-001     0.342659110741E-029     0.000000000000E+000     0.000000000000E+000
     0.107917831555E-001     0.474091391442E-029     0.000000000000E+000     0.000000000000E+000
     0.112236508999E-001     0.661924103470E-029     0.000000000000E+000     0.000000000000E+000
     0.116814307090E-001     0.932413835598E-029     0.000000000000E+000     0.000000000000E+000
     0.121666773067E-001     0.132483714152E-028     0.000000000000E+000     0.000000000000E+000
     0.126810387002E-001     0.189828151883E-028     0.000000000000E+000     0.000000000000E+000
     0.132262617773E-001     0.274212781411E-028     0.000000000000E+000     0.000000000000E+000
     0.138041982390E-001     0.399230050689E-028     0.000000000000E+000     0.000000000000E+000
     0.144168108884E-001     0.585656429006E-028     0.000000000000E+000     0.000000000000E+000
     0.150661802968E-001     0.865406009832E-028     0.000000000000E+000     0.000000000000E+000
     0.157545118698E-001     0.128773326516E-027     0.000000000000E+000     0.000000000000E+000
     0.164841433370E-001     0.192900017876E-027     0.000000000000E+000     0.000000000000E+000
     0.172575526924E-001     0.290811002530E-027     0.000000000000E+000     0.000000000000E+000
     0.180773666090E-001     0.441097731001E-027     0.000000000000E+000     0.000000000000E+000
     0.189463693606E-001     0.672944869421E-027     0.000000000000E+000     0.000000000000E+000
     0.198675122774E-001     0.103233982992E-026     0.000000000000E+000     0.000000000000E+000
     0.208439237691E-001     0.159200843781E-026     0.000000000000E+000     0.000000000000E+000
     0.218789199504E-001     0.246735672161E-026     0.000000000000E+000     0.000000000000E+000
     0.229760159025E-001     0.384211692232E-026     0.000000000000E+000     0.000000000000E+000
     0.241389376117E-001     0.600970820014E-026     0.000000000000E+000     0.000000000000E+000
     0.253716346235E-001     0.944009969016E-026     0.000000000000E+000     0.000000000000E+000
     0.266782934560E-001     0.148881436120E-025     0.000000000000E+000     0.000000000000E+000
     0.280633518185E-001     0.235694734875E-025     0.000000000000E+000     0.000000000000E+000
     0.295315136827E-001     0.374466828677E-025     0.000000000000E+000     0.000000000000E+000
     0.310877652588E-001     0.596958141704E-025     0.000000000000E+000     0.000000000000E+000
     0.327373919294E-001     0.954681347895E-025     0.000000000000E+000     0.000000000000E+000
     0.344859962003E-001     0.153136233417E-024     0.000000000000E+000     0.000000000000E+000
     0.363395167274E-001     0.246335625477E-024     0.000000000000E+000     0.000000000000E+000
     0.383042484861E-001     0.397314773207E-024     0.000000000000E+000     0.000000000000E+000
     0.403868641504E-001     0.642439860062E-024     0.000000000000E+000     0.000000000000E+000
     0.425944367545E-001     0.104125234327E-023     0.000000000000E+000     0.000000000000E+000
     0.449344637149E-001     0.169139090615E-023     0.000000000000E+000     0.000000000000E+000
     0.474148922929E-001     0.275320360859E-023     0.000000000000E+000     0.000000000000E+000
     0.500441465855E-001     0.449038750959E-023     0.000000000000E+000     0.000000000000E+000
     0.528311561358E-001     0.733716160414E-023     0.000000000000E+000     0.000000000000E+000
     0.557853862590E-001     0.120094024209E-022     0.000000000000E+000     0.000000000000E+000
     0.589168701896E-001     0.196886775754E-022     0.000000000000E+000     0.000000000000E+000
     0.622362431561E-001     0.323272442579E-022     0.000000000000E+000     0.000000000000E+000
     0.657547785006E-001     0.531539066502E-022     0.000000000000E+000     0.000000000000E+000
     0.694844259657E-001     0.875135961226E-022     0.000000000000E+000     0.000000000000E+000
     0.734378522787E-001     0.144261730308E-021     0.000000000000E+000     0.000000000000E+000
     0.776284841706E-001     0.238081293005E-021     0.000000000000E+000     0.000000000000E+000
     0.820705539759E-001     0.393335289808E-021     0.000000000000E+000     0.000000000000E+000
     0.867791479696E-001     0.650475028697E-021     0.000000000000E+000     0.000000000000E+000
     0.917702576028E-001     0.107670436785E-020     0.000000000000E+000     0.000000000000E+000
     0.970608338141E-001     0.178373313082E-020     0.000000000000E+000     0.000000000000E+000
     0.102668844598E+000     0.295734192209E-020     0.000000000000E+000     0.000000000000E+000
     0.108613336029E+000     0.490663017755E-020     0.000000000000E+000     0.000000000000E+000
     0.114914496946E+000     0.814607075377E-020     0.000000000000E+000     0.000000000000E+000
     0.121593727518E+000     0.135322501599E-019     0.000000000000E+000     0.000000000000E+000
     0.128673711924E+000     0.224917711139E-019     0.000000000000E+000     0.000000000000E+000
     0.136178495394E+000     0.374011282484E-019     0.000000000000E+000     0.000000000000E+000
     0.144133565873E+000     0.622199262541E-019     0.000000000000E+000     0.000000000000E+000
     0.152565940581E+000     0.103546395744E-018     0.000000000000E+000     0.000000000000E+000
     0.161504257771E+000     0.172376757586E-018     0.000000000000E+000     0.000000000000E+000
     0.170978873992E+000     0.287037508745E-018     0.000000000000E+000     0.000000000000E+000
     0.181021967187E+000     0.478071901114E-018     0.000000000000E+000     0.000000000000E+000
     0.191667645973E+000     0.796381440545E-018     0.000000000000E+000     0.000000000000E+000
     0.202952065486E+000     0.132678747218E-017     0.000000000000E+000     0.000000000000E+000
     0.214913550171E+000     0.221061476961E-017     0.000000000000E+000     0.000000000000E+000
     0.227413550171E+000     0.365174539790E-017     0.000000000000E+000     0.000000000000E+000
     0.239913550171E+000     0.583710061822E-017     0.000000000000E+000     0.000000000000E+000
     0.252413550171E+000     0.907028145793E-017     0.000000000000E+000     0.000000000000E+000
     0.264913550171E+000     0.137515035684E-016     0.000000000000E+000     0.000000000000E+000
     0.277413550171E+000     0.204009860026E-016     0.000000000000E+000     0.000000000000E+000
     0.289913550171E+000     0.296864549490E-016     0.000000000000E+000     0.000000000000E+000
     0.302413550171E+000     0.424552437925E-016     0.000000000000E+000     0.000000000000E+000
     0.314913550171E+000     0.597715007847E-016     0.000000000000E+000     0.000000000000E+000
     0.327413550171E+000     0.829590456413E-016     0.000000000000E+000     0.000000000000E+000
     0.339913550171E+000     0.113650446474E-015     0.000000000000E+000     0.000000000000E+000
     0.352413550171E+000     0.153842918554E-015     0.000000000000E+000     0.000000000000E+000
     0.364913550171E+000     0.205961676468E-015     0.000000000000E+000     0.000000000000E+000
     0.377413550171E+000     0.272931401148E-015     0.000000000000E+000     0.000000000000E+000
     0.389913550171E+000     0.358256513090E-015     0.000000000000E+000     0.000000000000E+000
     0.402413550171E+000     0.466110972665E-015     0.000000000000E+000     0.000000000000E+000
     0.414913550171E+000     0.601438357812E-015     0.000000000000E+000     0.000000000000E+000
     0.427413550171E+000     0.770062998489E-015     0.000000000000E+000     0.000000000000E+000
     0.439913550171E+000     0.978812976037E-015     0.000000000000E+000     0.000000000000E+000
     0.452413550171E+000     0.123565582404E-014     0.000000000000E+000     0.000000000000E+000
     0.464913550171E+000     0.154984779527E-014     0.000000000000E+000     0.000000000000E+000
     0.477413550171E+000     0.193209758693E-014     0.000000000000E+000     0.000000000000E+000
     0.489913550171E+000     0.239474544346E-014     0.000000000000E+000     0.000000000000E+000
     0.502413550171E+000     0.295195858304E-014     0.000000000000E+000     0.000000000000E+000
     0.514913550171E+000     0.361994391964E-014     0.000000000000E+000     0.000000000000E+000
     0.527413550171E+000     0.441717907851E-014     0.000000000000E+000     0.000000000000E+000
     0.539913550171E+000     0.536466272754E-014     0.000000000000E+000     0.000000000000E+000
     0.552413550171E+000     0.648618527178E-014     0.000000000000E+000     0.000000000000E+000
     0.564913550171E+000     0.780862098160E-014     0.000000000000E+000     0.000000000000E+000
     0.577413550171E+000     0.936224264870E-014     0.000000000000E+000     0.000000000000E+000
     0.589913550171E+000     0.111810598861E-013     0.000000000000E+000     0.000000000000E+000
     0.602413550171E+000     0.133031822103E-013     0.000000000000E+000     0.000000000000E+000
     0.614913550171E+000     0.157712080649E-013     0.000000000000E+000     0.000000000000E+000
     0.627413550171E+000     0.186326409648E-013     0.000000000000E+000     0.000000000000E+000
     0.639913550171E+000     0.219403339605E-013     0.000000000000E+000     0.000000000000E+000
     0.652413550171E+000     0.257529636400E-013     0.000000000000E+000     0.000000000000E+000
     0.664913550171E+000     0.301355349046E-013     0.000000000000E+000     0.000000000000E+000
     0.677413550171E+000     0.351599177720E-013     0.000000000000E+000     0.000000000000E+000
     0.689913550171E+000     0.409054174752E-013     0.000000000000E+000     0.000000000000E+000
     0.702413550171E+000     0.474593791452E-013     0.000000000000E+000     0.000000000000E+000
     0.714913550171E+000     0.549178283751E-013     0.000000000000E+000     0.000000000000E+000
     0.727413550171E+000     0.633861489822E-013     0.000000000000E+000     0.000000000000E+000
     0.739913550171E+000     0.729797992945E-013     0.000000000000E+000     0.000000000000E+000
     0.752413550171E+000     0.838250683026E-013     0.000000000000E+000     0.000000000000E+000
     0.764913550171E+000     0.960598730283E-013     0.000000000000E+000     0.000000000000E+000
     0.777413550171E+000     0.109834598473E-012     0.000000000000E+000     0.000000000000E+000
     0.789913550171E+000     0.125312981518E-012     0.000000000000E+000     0.000000000000E+000
     0.802413550171E+000     0.142673040157E-012     0.000000000000E+000     0.000000000000E+000
     0.814913550171E+000     0.162108049457E-012     0.000000000000E+000     0.000000000000E+000
     0.827413550171E+000     0.183827565632E-012     0.000000000000E+000     0.000000000000E+000
     0.839913550171E+000     0.208058499648E-012     0.000000000000E+000     0.000000000000E+000
     0.852413550171E+000     0.235046241762E-012     0.000000000000E+000     0.000000000000E+000
     0.864913550171E+000     0.265055838405E-012     0.000000000000E+000     0.000000000000E+000
     0.877413550171E+000     0.298373222838E-012     0.000000000000E+000     0.000000000000E+000
     0.889913550171E+000     0.335306500993E-012     0.000000000000E+000     0.000000000000E+000
     0.902413550171E+000     0.376187293933E-012     0.000000000000E+000     0.000000000000E+000
     0.914913550171E+000     0.421372138343E-012     0.000000000000E+000     0.000000000000E+000
     0.927413550171E+000     0.471243946498E-012     0.000000000000E+000     0.000000000000E+000
     0.939913550171E+000     0.526213527111E-012     0.000000000000E+000     0.000000000000E+000
     0.952413550171E+000     0.586721168515E-012     0.000000000000E+000     0.000000000000E+000
     0.964913550171E+000     0.653238285567E-012     0.000000000000E+000     0.000000000000E+000
     0.977413550171E+000     0.726269131740E-012     0.000000000000E+000     0.000000000000E+000
     0.989913550171E+000     0.806352577774E-012     0.000000000000E+000     0.000000000000E+000
     0.100241355017E+001     0.894063958342E-012     0.000000000000E+000     0.000000000000E+000
     0.101491355017E+001     0.990016988108E-012     0.000000000000E+000     0.000000000000E+000
     0.102741355017E+001     0.109486574861E-011     0.000000000000E+000     0.000000000000E+000
     0.103991355017E+001     0.120930674734E-011     0.000000000000E+000     0.000000000000E+000
     0.105241355017E+001     0.133408105042E-011     0.000000000000E+000     0.000000000000E+000
     0.106491355017E+001     0.146997649027E-011     0.000000000000E+000     0.000000000000E+000
     0.107741355017E+001     0.161782994963E-011     0.000000000000E+000     0.000000000000E+000
     0.108991355017E+001     0.177852972331E-011     0.000000000000E+000     0.000000000000E+000
     0.110241355017E+001     0.195301795898E-011     0.000000000000E+000     0.000000000000E+000
     0.111491355017E+001     0.214229317843E-011     0.000000000000E+000     0.000000000000E+000
     0.112741355017E+001     0.234741288055E-011     0.000000000000E+000     0.000000000000E+000
     0.113991355017E+001     0.256949622742E-011     0.000000000000E+000     0.000000000000E+000
     0.115241355017E+001     0.280972681475E-011     0.000000000000E+000     0.000000000000E+000
     0.116491355017E+001     0.306935552801E-011     0.000000000000E+000     0.000000000000E+000
     0.117741355017E+001     0.334970348553E-011     0.000000000000E+000     0.000000000000E+000
     0.118991355017E+001     0.365216506983E-011     0.000000000000E+000     0.000000000000E+000
     0.120241355017E+001     0.397821104844E-011     0.000000000000E+000     0.000000000000E+000
     0.121491355017E+001     0.432939178539E-011     0.000000000000E+000     0.000000000000E+000
     0.122741355017E+001     0.470734054473E-011     0.000000000000E+000     0.000000000000E+000
     0.123991355017E+001     0.511377688706E-011     0.000000000000E+000     0.000000000000E+000
     0.125241355017E+001     0.555051016055E-011     0.000000000000E+000     0.000000000000E+000
     0.126491355017E+001     0.601944308729E-011     0.000000000000E+000     0.000000000000E+000
     0.127741355017E+001     0.652257544643E-011     0.000000000000E+000     0.000000000000E+000
     0.128991355017E+001     0.706200785496E-011     0.000000000000E+000     0.000000000000E+000
     0.130241355017E+001     0.763994564750E-011     0.000000000000E+000     0.000000000000E+000
     0.131491355017E+001     0.825870285601E-011     0.000000000000E+000     0.000000000000E+000
     0.132741355017E+001     0.892070629049E-011     0.000000000000E+000     0.000000000000E+000
     0.133991355017E+001     0.962849972192E-011     0.000000000000E+000     0.000000000000E+000
     0.135241355017E+001     0.103847481682E-010     0.000000000000E+000     0.000000000000E+000
     0.136491355017E+001     0.111922422842E-010     0.000000000000E+000     0.000000000000E+000
     0.137741355017E+001     0.120539028571E-010     0.000000000000E+000     0.000000000000E+000
     0.138991355017E+001     0.129727854077E-010     0.000000000000E+000     0.000000000000E+000
     0.140241355017E+001     0.139520848986E-010     0.000000000000E+000     0.000000000000E+000
     0.141491355017E+001     0.149951405507E-010     0.000000000000E+000     0.000000000000E+000
     0.142741355017E+001     0.161054407681E-010     0.000000000000E+000     0.000000000000E+000
     0.143991355017E+001     0.172866281727E-010     0.000000000000E+000     0.000000000000E+000
     0.145241355017E+001     0.185425047502E-010     0.000000000000E+000     0.000000000000E+000
     0.146491355017E+001     0.198770371057E-010     0.000000000000E+000     0.000000000000E+000
     0.147741355017E+001     0.212943618335E-010     0.000000000000E+000     0.000000000000E+000
     0.148991355017E+001     0.227987909982E-010     0.000000000000E+000     0.000000000000E+000
     0.150241355017E+001     0.243948177305E-010     0.000000000000E+000     0.000000000000E+000
     0.151491355017E+001     0.260871219364E-010     0.000000000000E+000     0.000000000000E+000
     0.152741355017E+001     0.278805761226E-010     0.000000000000E+000     0.000000000000E+000
     0.153991355017E+001     0.297802513365E-010     0.000000000000E+000     0.000000000000E+000
     0.155241355017E+001     0.317914232237E-010     0.000000000000E+000     0.000000000000E+000
     0.156491355017E+001     0.339195782012E-010     0.000000000000E+000     0.000000000000E+000
     0.157741355017E+001     0.361704197492E-010     0.000000000000E+000     0.000000000000E+000
     0.158991355017E+001     0.385498748205E-010     0.000000000000E+000     0.000000000000E+000
     0.160241355017E+001     0.410641003690E-010     0.000000000000E+000     0.000000000000E+000
     0.161491355017E+001     0.437194899964E-010     0.000000000000E+000     0.000000000000E+000
     0.162741355017E+001     0.465226807197E-010     0.000000000000E+000     0.000000000000E+000
     0.163991355017E+001     0.494805598578E-010     0.000000000000E+000     0.000000000000E+000
     0.165241355017E+001     0.526002720390E-010     0.000000000000E+000     0.000000000000E+000
     0.166491355017E+001     0.558892263296E-010     0.000000000000E+000     0.000000000000E+000
     0.167741355017E+001     0.593551034831E-010     0.000000000000E+000     0.000000000000E+000
     0.168991355017E+001     0.630058633114E-010     0.000000000000E+000     0.000000000000E+000
     0.170241355017E+001     0.668497521779E-010     0.000000000000E+000     0.000000000000E+000
     0.171491355017E+001     0.708953106124E-010     0.000000000000E+000     0.000000000000E+000
     0.172741355017E+001     0.751513810487E-010     0.000000000000E+000     0.000000000000E+000
     0.173991355017E+001     0.796271156844E-010     0.000000000000E+000     0.000000000000E+000
     0.175241355017E+001     0.843319844642E-010     0.000000000000E+000     0.000000000000E+000
     0.176491355017E+001     0.892757831852E-010     0.000000000000E+000     0.000000000000E+000
     0.177741355017E+001     0.944686417264E-010     0.000000000000E+000     0.000000000000E+000
     0.178991355017E+001     0.999210324001E-010     0.000000000000E+000     0.000000000000E+000
     0.180241355017E+001     0.105643778428E-009     0.000000000000E+000     0.000000000000E+000
     0.181491355017E+001     0.111648062538E-009     0.000000000000E+000     0.000000000000E+000
     0.182741355017E+001     0.117945435690E-009     0.000000000000E+000     0.000000000000E+000
     0.183991355017E+001     0.124547825916E-009     0.000000000000E+000     0.000000000000E+000
     0.185241355017E+001     0.131467547293E-009     0.000000000000E+000     0.000000000000E+000
     0.186491355017E+001     0.138717309034E-009     0.000000000000E+000     0.000000000000E+000
     0.187741355017E+001     0.146310224699E-009     0.000000000000E+000     0.000000000000E+000
     0.188991355017E+001     0.154259821538E-009     0.000000000000E+000     0.000000000000E+000
     0.190241355017E+001     0.162580049948E-009     0.000000000000E+000     0.000000000000E+000
     0.191491355017E+001     0.171285293060E-009     0.000000000000E+000     0.000000000000E+000
     0.192741355017E+001     0.180390376440E-009     0.000000000000E+000     0.000000000000E+000
     0.193991355017E+001     0.189910577920E-009     0.000000000000E+000     0.000000000000E+000
     0.195241355017E+001     0.199861637548E-009     0.000000000000E+000     0.000000000000E+000
     0.196491355017E+001     0.210259767659E-009     0.000000000000E+000     0.000000000000E+000
     0.197741355017E+001     0.221121663065E-009     0.000000000000E+000     0.000000000000E+000
     0.198991355017E+001     0.232464511374E-009     0.000000000000E+000     0.000000000000E+000
     0.200241355017E+001     0.244306003422E-009     0.000000000000E+000     0.000000000000E+000
     0.201491355017E+001     0.256664343824E-009     0.000000000000E+000     0.000000000000E+000
     0.202741355017E+001     0.269558261655E-009     0.000000000000E+000     0.000000000000E+000
     0.203991355017E+001     0.283007021238E-009     0.000000000000E+000     0.000000000000E+000
     0.205241355017E+001     0.297030433060E-009     0.000000000000E+000     0.000000000000E+000
     0.206491355017E+001     0.311648864802E-009     0.000000000000E+000     0.000000000000E+000
     0.207741355017E+001     0.326883252485E-009     0.000000000000E+000     0.000000000000E+000
     0.208991355017E+001     0.342755111739E-009     0.000000000000E+000     0.000000000000E+000
     0.210241355017E+001     0.359286549183E-009     0.000000000000E+000     0.000000000000E+000
     0.211491355017E+001     0.376500273927E-009     0.000000000000E+000     0.000000000000E+000
     0.212741355017E+001     0.394419609180E-009     0.000000000000E+000     0.000000000000E+000
     0.213991355017E+001     0.413068503984E-009     0.000000000000E+000     0.000000000000E+000
     0.215241355017E+001     0.432471545054E-009     0.000000000000E+000     0.000000000000E+000
     0.216491355017E+001     0.452653968732E-009     0.000000000000E+000     0.000000000000E+000
     0.217741355017E+001     0.473641673060E-009     0.000000000000E+000     0.000000000000E+000
     0.218991355017E+001     0.495461229955E-009     0.000000000000E+000     0.000000000000E+000
     0.220241355017E+001     0.518139897505E-009     0.000000000000E+000     0.000000000000E+000
     0.221491355017E+001     0.541705632365E-009     0.000000000000E+000     0.000000000000E+000
     0.222741355017E+001     0.566187102275E-009     0.000000000000E+000     0.000000000000E+000
     0.223991355017E+001     0.591613698670E-009     0.000000000000E+000     0.000000000000E+000
     0.225241355017E+001     0.618015549416E-009     0.000000000000E+000     0.000000000000E+000
     0.226491355017E+001     0.645423531639E-009     0.000000000000E+000     0.000000000000E+000
     0.227741355017E+001     0.673869284662E-009     0.000000000000E+000     0.000000000000E+000
     0.228991355017E+001     0.703385223055E-009     0.000000000000E+000     0.000000000000E+000
     0.230241355017E+001     0.734004549781E-009     0.000000000000E+000     0.000000000000E+000
     0.231491355017E+001     0.765761269446E-009     0.000000000000E+000     0.000000000000E+000
     0.232741355017E+001     0.798690201650E-009     0.000000000000E+000     0.000000000000E+000
     0.233991355017E+001     0.832826994448E-009     0.000000000000E+000     0.000000000000E+000
     0.235241355017E+001     0.868208137897E-009     0.000000000000E+000     0.000000000000E+000
     0.236491355017E+001     0.904870977709E-009     0.000000000000E+000     0.000000000000E+000
     0.237741355017E+001     0.942853729007E-009     0.000000000000E+000     0.000000000000E+000
