 #        time                      c  [M/L^3]            concentration flux [M.L^{-2}.T^{-1}]   in    x              directions   cumulative flux
 #-----------------------------------------------------------------------------------------------

     0.100000000000E-003     0.104235380688E-040    -0.916546686043E-042     0.916546686043E-046
     0.101000000000E-003     0.105286250959E-040    -0.930934855737E-042     0.925856034601E-046
     0.102060000000E-003     0.106414258809E-040    -0.940908903432E-042     0.935829668977E-046
     0.103183600000E-003     0.107622512341E-040    -0.951592086859E-042     0.946521757665E-046
     0.104374616000E-003     0.108856017602E-040    -0.962498218564E-042     0.957985265448E-046
     0.105637092960E-003     0.110130381551E-040    -0.882106668754E-042     0.969121658903E-046
     0.106975318538E-003     0.111477559077E-040    -0.883080241430E-042     0.980939264565E-046
     0.108393837650E-003     0.112927120111E-040    -0.891714708873E-042     0.993588408137E-046
     0.109897467909E-003     0.114523305662E-040    -0.907289638149E-042     0.100723068967E-045
     0.111491315983E-003     0.116318268952E-040    -0.936092881269E-042     0.102215058804E-045
     0.113180794942E-003     0.118267374175E-040    -0.104571463437E-041     0.103981771676E-045
     0.114971642639E-003     0.120429863241E-040    -0.106483577939E-041     0.105888730378E-045
     0.116869941197E-003     0.122763608912E-040    -0.108547096511E-041     0.107949278346E-045
     0.118882137669E-003     0.125284334753E-040    -0.110775874131E-041     0.110178306577E-045
     0.121015065929E-003     0.128008052212E-040    -0.113184124379E-041     0.112592442752E-045
     0.123275969885E-003     0.130887316760E-040    -0.115729842924E-041     0.115208983349E-045
     0.125672528078E-003     0.133884483932E-040    -0.118379779594E-041     0.118046023656E-045
     0.128212879763E-003     0.137092878699E-040    -0.121216501608E-041     0.121125349096E-045
     0.130905652549E-003     0.140448313577E-040    -0.110576707633E-041     0.124102928587E-045
     0.133759991701E-003     0.144056587146E-040    -0.112003906077E-041     0.127299899931E-045
     0.136785591204E-003     0.147980527742E-040    -0.114084920296E-041     0.130751652711E-045
     0.139992726676E-003     0.152275254970E-040    -0.117033259519E-041     0.134505067892E-045
     0.143392290276E-003     0.157123198745E-040    -0.120754543814E-041     0.138610195409E-045
     0.146995827693E-003     0.162478020636E-040    -0.125280137678E-041     0.143124712046E-045
     0.150815577354E-003     0.168475152952E-040    -0.130747198129E-041     0.148118927704E-045
     0.154864511996E-003     0.175380969854E-040    -0.138924829620E-041     0.153743903256E-045
     0.159156382715E-003     0.183121704816E-040    -0.161915994064E-041     0.160693128396E-045
     0.163705765678E-003     0.191976682428E-040    -0.169745801949E-041     0.168415514990E-045
     0.168528111619E-003     0.201842500886E-040    -0.178469305574E-041     0.177021922303E-045
     0.173639798316E-003     0.212868261901E-040    -0.188218093285E-041     0.186643041539E-045
     0.179058186215E-003     0.225230553817E-040    -0.199148577835E-041     0.197433683981E-045
     0.184801677388E-003     0.239139449203E-040    -0.211446269316E-041     0.209578081795E-045
     0.190889778031E-003     0.254846189328E-040    -0.225333665163E-041     0.223296622113E-045
     0.197343164713E-003     0.272652761456E-040    -0.241077681325E-041     0.238854297093E-045
     0.204183754596E-003     0.292924177826E-040    -0.259001298928E-041     0.256571513743E-045
     0.211434779872E-003     0.316104174258E-040    -0.279496652764E-041     0.276837886680E-045
     0.219120866664E-003     0.342735450374E-040    -0.303043803237E-041     0.300130096416E-045
     0.227268118664E-003     0.373485948436E-040    -0.330233135108E-041     0.327035022120E-045
     0.235904205784E-003     0.409183221258E-040    -0.361796363611E-041     0.358280071278E-045
     0.245058458131E-003     0.450859719737E-040    -0.398646373159E-041     0.394773166249E-045
     0.254761965619E-003     0.499812938305E-040    -0.441930397414E-041     0.437655915453E-045
     0.265047683556E-003     0.557685942187E-040    -0.493101220849E-041     0.488374916174E-045
     0.275950544569E-003     0.626576087742E-040    -0.554013308321E-041     0.548778217176E-045
     0.287507577243E-003     0.709183072990E-040    -0.627053710122E-041     0.621247019339E-045
     0.299758031878E-003     0.809012329080E-040    -0.715321899003E-041     0.708877204068E-045
     0.312743513791E-003     0.930656960530E-040    -0.822879059360E-041     0.815732015485E-045
     0.326508124618E-003     0.108019215144E-039    -0.955096817900E-041     0.947197375494E-045
     0.341098612095E-003     0.126573200923E-039    -0.111914960019E-040     0.111048675776E-044
     0.356564528821E-003     0.149822305929E-039    -0.132471623193E-040     0.131536626704E-044
     0.372958400550E-003     0.179258546542E-039    -0.158498899655E-040     0.157520733006E-044
     0.390335904583E-003     0.216936948133E-039    -0.191813825558E-040     0.190853188278E-044
     0.408756058858E-003     0.265718158405E-039    -0.234945761552E-040     0.234130560018E-044
     0.428281422390E-003     0.329626953244E-039    -0.291453380640E-040     0.291037892113E-044
     0.448978307733E-003     0.414386578473E-039    -0.366397128664E-040     0.366870685734E-044
     0.470917006197E-003     0.528221829402E-039    -0.467049300493E-040     0.469335223448E-044
     0.494172026569E-003     0.683075719493E-039    -0.603969808227E-040     0.609788525391E-044
     0.518822348163E-003     0.896466874104E-039    -0.792648473137E-040     0.805178923130E-044
     0.544951689053E-003     0.119434571712E-038    -0.105603044187E-039     0.108111271719E-043
     0.572648790396E-003     0.161551675054E-038    -0.142842632889E-039     0.147674540511E-043
     0.602007717820E-003     0.221852992016E-038    -0.196160550408E-039     0.205265174139E-043
     0.633128180889E-003     0.309248464640E-038    -0.273434892599E-039     0.290359378909E-043
     0.666115871742E-003     0.437406363591E-038    -0.386751029491E-039     0.417939612890E-043
     0.701082824047E-003     0.627452965109E-038    -0.554788636952E-039     0.611932290964E-043
     0.738147793490E-003     0.912272073512E-038    -0.806623298349E-039     0.910906970015E-043
     0.777436661099E-003     0.134338328902E-037    -0.118780821115E-038     0.137758336555E-042
     0.819082860765E-003     0.200199140657E-037    -0.177014397250E-038     0.211478105871E-042
     0.863227832411E-003     0.301680438096E-037    -0.266743307422E-038     0.329231863299E-042
     0.910021502355E-003     0.459286738489E-037    -0.406097473465E-038     0.519259774686E-042
     0.959622792497E-003     0.705837501913E-037    -0.624095586144E-038     0.828819237128E-042
     0.101220016005E-002     0.109408975966E-036    -0.967384969135E-038     0.133744478797E-041
     0.106793216965E-002     0.170918434375E-036    -0.151124643060E-037     0.217969279379E-041
     0.112700809983E-002     0.268901920956E-036    -0.237760818378E-037     0.358428694437E-041
     0.118962858582E-002     0.425767573615E-036    -0.376460110099E-037     0.594169844938E-041
     0.125600630097E-002     0.678037735772E-036    -0.599515267370E-037     0.992114381389E-041
     0.132636667903E-002     0.108540274282E-035    -0.959703983179E-037     0.166736573219E-040
     0.140094867977E-002     0.174566273328E-035    -0.154350031823E-036     0.281853915098E-040
     0.148000560055E-002     0.281942740348E-035    -0.249291401657E-036     0.478936021032E-040
     0.156380593659E-002     0.457100830631E-035    -0.404164713257E-036     0.817627408868E-040
     0.165263429278E-002     0.743621388286E-035    -0.657503782848E-036     0.140167721109E-039
     0.174679235035E-002     0.121348913257E-034    -0.107295689446E-035     0.241195258145E-039
     0.184659989137E-002     0.198579718425E-034    -0.175582518506E-035     0.416439852328E-039
     0.195239588485E-002     0.325786823449E-034    -0.288057972067E-035     0.721193645681E-039
     0.206453963794E-002     0.535708740765E-034    -0.473669167843E-035     0.125238402774E-038
     0.218341201622E-002     0.882731170333E-034    -0.780503484964E-035     0.218018708284E-038
     0.230941673719E-002     0.145730460966E-033    -0.128853649370E-034     0.380380389637E-038
     0.244298174142E-002     0.241001974168E-033    -0.213091921132E-034     0.664996623114E-038
     0.258456064591E-002     0.399183978591E-033    -0.352955120918E-034     0.116470661663E-037
     0.273463428466E-002     0.662137893071E-033    -0.585456763787E-034     0.204332288538E-037
     0.289371234174E-002     0.109974801315E-032    -0.972387957148E-034     0.359017875489E-037
     0.306233508225E-002     0.182877040605E-032    -0.161698343550E-033     0.631678053734E-037
     0.324107518718E-002     0.304440887797E-032    -0.269184076578E-033     0.111281795468E-036
     0.343053969841E-002     0.507323838704E-032    -0.448571478503E-033     0.196270171394E-036
     0.363137208032E-002     0.846194996276E-032    -0.748198511365E-033     0.346532660569E-036
     0.384425440514E-002     0.141262281388E-031    -0.124902923327E-032     0.612428907516E-036
     0.406990966944E-002     0.236006072282E-031    -0.208674588070E-032     0.108331410077E-035
     0.430910424961E-002     0.394579548816E-031    -0.348883925295E-032     0.191782554115E-035
     0.456265050459E-002     0.660139884373E-031    -0.583690145712E-032     0.339775004627E-035
     0.483140953486E-002     0.110510882195E-030    -0.977127947107E-032     0.602386964146E-035
     0.511629410696E-002     0.185106356772E-030    -0.163669487570E-031     0.106865608345E-034
     0.541827175337E-002     0.310217334031E-030    -0.274291564285E-031     0.189695529360E-034
     0.573836805857E-002     0.520142056761E-030    -0.459905243620E-031     0.336909498586E-034
     0.607767014209E-002     0.872515528654E-030    -0.771470912794E-031     0.598671186668E-034
     0.643733035061E-002     0.146421542252E-029    -0.129464699831E-030     0.106430419605E-033
     0.681857017165E-002     0.245812434082E-029    -0.217345293264E-030     0.189291100312E-033
     0.722268438195E-002     0.412816662868E-029    -0.365009032731E-030     0.336796437326E-033
     0.765104544487E-002     0.693511136874E-029    -0.613196734650E-030     0.599466042358E-033
     0.810510817156E-002     0.116541788268E-028    -0.103045272587E-029     0.106735621680E-032
     0.858641466185E-002     0.195898830444E-028    -0.173212104600E-029     0.190103731821E-032
     0.909659954156E-002     0.329377946827E-028    -0.291233221555E-029     0.338686517928E-032
     0.963739551406E-002     0.553937662414E-028    -0.489787042051E-029     0.603561377649E-032
     0.100000000000E-001     0.752123667149E-028    -0.665021448591E-029     0.844701138155E-032
     0.103843607551E-001     0.103088863714E-027    -0.911503102117E-029     0.119504715876E-031
     0.107917831555E-001     0.142612719589E-027    -0.126096972862E-028     0.170879447243E-031
     0.112236508999E-001     0.199088893318E-027    -0.176032733194E-028     0.246902306673E-031
     0.116814307090E-001     0.280405072474E-027    -0.247931818639E-028     0.360400487278E-031
     0.121666773067E-001     0.398357861227E-027    -0.352224688035E-028     0.531316318752E-031
     0.126810387002E-001     0.570690196334E-027    -0.504599497841E-028     0.790862819619E-031
     0.132262617773E-001     0.824235393137E-027    -0.728782041379E-028     0.118821160676E-030
     0.138041982390E-001     0.119978975736E-026    -0.106084407154E-027     0.180131207592E-030
     0.144168108884E-001     0.175969534669E-026    -0.155590791532E-027     0.275448094620E-030
     0.150661802968E-001     0.259968714284E-026    -0.229862164464E-027     0.424713552373E-030
     0.157545118698E-001     0.386747337003E-026    -0.341958763905E-027     0.660094566201E-030
     0.164841433370E-001     0.579198192851E-026    -0.512122203863E-027     0.103375504123E-029
     0.172575526924E-001     0.872955646718E-026    -0.771860092669E-027     0.163071885790E-029
     0.180773666090E-001     0.132371683050E-025    -0.117041937012E-026     0.259024494583E-029
     0.189463693606E-001     0.201888120722E-025    -0.178507791318E-026     0.414148256427E-029
     0.198675122774E-001     0.309611171849E-025    -0.273755614823E-026     0.666316301938E-029
     0.208439237691E-001     0.477301880749E-025    -0.422026341728E-026     0.107838767182E-028
     0.218789199504E-001     0.739476282042E-025    -0.653838762570E-026     0.175510829423E-028
     0.229760159025E-001     0.115105895623E-024    -0.101775673448E-025     0.287168508787E-028
     0.241389376117E-001     0.179971884415E-024    -0.159129640586E-025     0.472223822408E-028
     0.253716346235E-001     0.282579828845E-024    -0.249854730944E-025     0.780219002627E-028
     0.266782934560E-001     0.445458048388E-024    -0.393870297411E-025     0.129487310560E-027
     0.280633518185E-001     0.704864350150E-024    -0.623235191889E-025     0.215809021991E-027
     0.295315136827E-001     0.111929725342E-023    -0.989673319497E-025     0.361109084562E-027
     0.310877652588E-001     0.178335849720E-023    -0.157683075286E-024     0.606503618993E-027
     0.327373919294E-001     0.285037094125E-023    -0.252027429292E-024     0.102225478808E-026
     0.344859962003E-001     0.456934251012E-023    -0.404017468228E-024     0.172872145853E-026
     0.363395167274E-001     0.734546909895E-023    -0.649480277400E-024     0.293254648464E-026
     0.383042484861E-001     0.118393100165E-022    -0.104682196382E-023     0.498927084271E-026
     0.403868641504E-001     0.191295757200E-022    -0.169142121317E-023     0.851185115613E-026
     0.425944367545E-001     0.309806685717E-022    -0.273928502252E-023     0.145590217267E-025
     0.449344637149E-001     0.502829046176E-022    -0.444597274647E-023     0.249627178185E-025
     0.474148922929E-001     0.817776676885E-022    -0.723071362427E-023     0.428979865314E-025
     0.500441465855E-001     0.133253134919E-021    -0.117821318439E-022     0.738762072588E-025
     0.528311561358E-001     0.217517796565E-021    -0.192327435370E-022     0.127478047173E-024
     0.557853862590E-001     0.355660532683E-021    -0.314472100715E-022     0.220380342459E-024
     0.589168701896E-001     0.582440244201E-021    -0.514988847907E-022     0.381648272626E-024
     0.622362431561E-001     0.955202564253E-021    -0.844582212848E-022     0.661996609156E-024
     0.657547785006E-001     0.156864152013E-020    -0.138697987387E-021     0.115001037998E-023
     0.694844259657E-001     0.257925195817E-020    -0.228055328454E-021     0.200057635766E-023
     0.734378522787E-001     0.424585582224E-020    -0.375415067560E-021     0.348475216407E-023
     0.776284841706E-001     0.699679952301E-020    -0.618651241595E-021     0.607729178701E-023
     0.820705539759E-001     0.115414197782E-019    -0.102048281917E-020     0.106103477049E-022
     0.867791479696E-001     0.190550041249E-019    -0.168482775696E-020     0.185435175617E-022
     0.917702576028E-001     0.314857907205E-019    -0.278394766962E-020     0.324385055941E-022
     0.970608338141E-001     0.520646435630E-019    -0.460351289345E-020     0.567937413964E-022
     0.102668844598E+000     0.861513441490E-019    -0.761743089875E-020     0.995123760226E-022
     0.108613336029E+000     0.142639967961E-018    -0.126121085225E-019     0.174484947061E-021
     0.114914496946E+000     0.236292807163E-018    -0.208928154928E-019     0.306133939487E-021
     0.121593727518E+000     0.391616306042E-018    -0.346263914502E-019     0.537411591854E-021
     0.128673711924E+000     0.649297386011E-018    -0.574103405061E-019     0.943875907389E-021
     0.136178495394E+000     0.107689019756E-017    -0.952177450487E-019     0.165846446653E-020
     0.144133565873E+000     0.178655697721E-017    -0.157965897699E-018     0.291509431597E-020
     0.152565940581E+000     0.296451219984E-017    -0.262119728991E-018     0.512538608905E-020
     0.161504257771E+000     0.491987580549E-017    -0.435011369407E-018     0.901365569004E-020
     0.170978873992E+000     0.816570040970E-017    -0.722004508470E-018     0.158543713179E-019
     0.181021967187E+000     0.135533050511E-016    -0.119837207384E-017     0.278897337373E-019
     0.191667645973E+000     0.224948769300E-016    -0.198897849325E-017     0.490637598892E-019
     0.202952065486E+000     0.373321373508E-016    -0.330087683257E-017     0.863122388303E-019
     0.214913550171E+000     0.619465380879E-016    -0.547726185429E-017     0.151828422612E-018
     0.227413550171E+000     0.101898108363E-015    -0.900974675070E-017     0.264450256996E-018
     0.239913550171E+000     0.162211906298E-015    -0.143426430056E-016     0.443733294566E-018
     0.252413550171E+000     0.251056940004E-015    -0.221982475630E-016     0.721211389103E-018
     0.264913550171E+000     0.379144606161E-015    -0.335236532594E-016     0.114025705484E-017
     0.277413550171E+000     0.560325010951E-015    -0.495434750274E-016     0.175955049269E-017
     0.289913550171E+000     0.812283148852E-015    -0.718214054479E-016     0.265731806079E-017
     0.302413550171E+000     0.115734559770E-014    -0.102331542060E-015     0.393646233654E-017
     0.314913550171E+000     0.162340889917E-014    -0.143540473996E-015     0.573071826149E-017
     0.327413550171E+000     0.224500129040E-014    -0.198501159410E-015     0.821198275411E-017
     0.339913550171E+000     0.306448993393E-014    -0.270959667757E-015     0.115989786011E-016
     0.352413550171E+000     0.413344625800E-014    -0.365475902050E-015     0.161674273767E-016
     0.364913550171E+000     0.551418246702E-014    -0.487559455848E-015     0.222619205748E-016
     0.377413550171E+000     0.728147271139E-014    -0.643821797670E-015     0.303096930457E-016
     0.389913550171E+000     0.952447281622E-014    -0.842146011827E-015     0.408365181935E-016
     0.402413550171E+000     0.123488528593E-013    -0.109187535920E-014     0.544849601835E-016
     0.414913550171E+000     0.158791572586E-013    -0.140402195426E-014     0.720352346118E-016
     0.427413550171E+000     0.202614073798E-013    -0.179149688542E-014     0.944289456795E-016
     0.439913550171E+000     0.256659620010E-013    -0.226936313506E-014     0.122795984868E-015
     0.452413550171E+000     0.322906512798E-013    -0.285511268220E-014     0.158484893395E-015
     0.464913550171E+000     0.403642001495E-013    -0.356896919652E-014     0.203097008352E-015
     0.477413550171E+000     0.501499573368E-013    -0.443421775487E-014     0.258524730288E-015
     0.489913550171E+000     0.619499464268E-013    -0.547756303325E-014     0.326994268203E-015
     0.502413550171E+000     0.761092556242E-013    -0.672951744582E-014     0.411113236276E-015
     0.514913550171E+000     0.930207830471E-013    -0.822482071987E-014     0.513923495274E-015
     0.527413550171E+000     0.113130354564E-012    -0.100028924107E-013     0.638959650409E-015
     0.539913550171E+000     0.136942231329E-012    -0.121083188738E-013     0.790313636331E-015
     0.552413550171E+000     0.165025024304E-012    -0.145913762210E-013     0.972705839094E-015
     0.564913550171E+000     0.198018033141E-012    -0.175085908006E-013     0.119156322410E-014
     0.577413550171E+000     0.236638026896E-012    -0.209233387413E-013     0.145310495837E-014
     0.589913550171E+000     0.281686484092E-012    -0.249064861135E-013     0.176443603479E-014
     0.602413550171E+000     0.334057309686E-012    -0.295370712568E-013     0.213364942550E-014
     0.614913550171E+000     0.394745046511E-012    -0.349030308286E-013     0.256993731085E-014
     0.627413550171E+000     0.464853598734E-012    -0.411019711262E-013     0.308371194993E-014
     0.639913550171E+000     0.545605484888E-012    -0.482419862308E-013     0.368673677782E-014
     0.652413550171E+000     0.638351637920E-012    -0.564425245210E-013     0.439226833433E-014
     0.664913550171E+000     0.744581769681E-012    -0.658353050917E-013     0.521520964797E-014
     0.677413550171E+000     0.865935317151E-012    -0.765652856105E-013     0.617227571811E-014
     0.689913550171E+000     0.100421298761E-011    -0.887916831322E-013     0.728217175726E-014
     0.702413550171E+000     0.116138891978E-011    -0.102689049379E-012     0.856578487449E-014
     0.714913550171E+000     0.133962347795E-011    -0.118448401980E-012     0.100463898992E-013
     0.727413550171E+000     0.154127669564E-011    -0.136278413156E-012     0.117498700637E-013
     0.739913550171E+000     0.176892238551E-011    -0.156406657308E-012     0.137049532800E-013
     0.752413550171E+000     0.202536293188E-011    -0.179080918948E-012     0.159434647669E-013
     0.764913550171E+000     0.231364478176E-011    -0.204570562413E-012     0.185005967970E-013
     0.777413550171E+000     0.263707465051E-011    -0.233167964754E-012     0.214151963565E-013
     0.789913550171E+000     0.299923645759E-011    -0.265190013180E-012     0.247300715212E-013
     0.802413550171E+000     0.340400900781E-011    -0.300979668421E-012     0.284923173765E-013
     0.814913550171E+000     0.385558443313E-011    -0.340907595334E-012     0.327536623181E-013
     0.827413550171E+000     0.435848740967E-011    -0.385373862058E-012     0.375708355939E-013
     0.839913550171E+000     0.491759516452E-011    -0.434809708999E-012     0.430059569563E-013
     0.852413550171E+000     0.553815828623E-011    -0.489679388875E-012     0.491269493173E-013
     0.864913550171E+000     0.622582235298E-011    -0.550482079061E-012     0.560079753055E-013
     0.877413550171E+000     0.698665039153E-011    -0.617753867393E-012     0.637298986480E-013
     0.889913550171E+000     0.782714618024E-011    -0.692069812602E-012     0.723807713055E-013
     0.902413550171E+000     0.875427840858E-011    -0.774046080473E-012     0.820563473114E-013
     0.914913550171E+000     0.977550570552E-011    -0.864342156840E-012     0.928606242719E-013
     0.927413550171E+000     0.108988025485E-010    -0.963663138435E-012     0.104906413502E-012
     0.939913550171E+000     0.121326860646E-010    -0.107276210261E-011     0.118315939785E-012
     0.952413550171E+000     0.134862437343E-010    -0.119244255694E-011     0.133221471747E-012
     0.964913550171E+000     0.149691620099E-010    -0.132356096952E-011     0.149765983866E-012
     0.977413550171E+000     0.165917558563E-010    -0.146702938107E-011     0.168103851129E-012
     0.989913550171E+000     0.183649992260E-010    -0.162381809944E-011     0.188401577372E-012
     0.100241355017E+001     0.203005564767E-010    -0.179495847752E-011     0.210838558341E-012
     0.101491355017E+001     0.224108147400E-010    -0.198154577528E-011     0.235607880532E-012
     0.102741355017E+001     0.247089172497E-010    -0.218474210663E-011     0.262917156865E-012
     0.103991355017E+001     0.272087976375E-010    -0.240577947180E-011     0.292989400262E-012
     0.105241355017E+001     0.299252152034E-010    -0.264596287593E-011     0.326063936212E-012
     0.106491355017E+001     0.328737911676E-010    -0.290667353446E-011     0.362397355392E-012
     0.107741355017E+001     0.360710459106E-010    -0.318937216578E-011     0.402264507465E-012
     0.108991355017E+001     0.395344372060E-010    -0.349560237187E-011     0.445959537113E-012
     0.110241355017E+001     0.432823994532E-010    -0.382699410711E-011     0.493796963452E-012
     0.111491355017E+001     0.473343839137E-010    -0.418526723601E-011     0.546112803902E-012
     0.112741355017E+001     0.517108999548E-010    -0.457223517991E-011     0.603265743651E-012
     0.113991355017E+001     0.564335573066E-010    -0.498980865333E-011     0.665638351817E-012
     0.115241355017E+001     0.615251093326E-010    -0.543999948988E-011     0.733638345441E-012
     0.116491355017E+001     0.670094973193E-010    -0.592492455838E-011     0.807699902421E-012
     0.117741355017E+001     0.729118957858E-010    -0.644680976904E-011     0.888285024534E-012
     0.118991355017E+001     0.792587588156E-010    -0.700799417008E-011     0.975884951660E-012
     0.120241355017E+001     0.860778674108E-010    -0.761093413478E-011     0.107102162834E-011
     0.121491355017E+001     0.933983778714E-010    -0.825820763913E-011     0.117424922383E-011
     0.122741355017E+001     0.101250871198E-009    -0.895251862992E-011     0.128615570671E-011
     0.123991355017E+001     0.109667403518E-009    -0.969670148352E-011     0.140736447525E-011
     0.125241355017E+001     0.118681557536E-009    -0.104937255549E-010     0.153853604469E-011
     0.126491355017E+001     0.128328495006E-009    -0.113466998173E-010     0.168036979240E-011
     0.127741355017E+001     0.138645010220E-009    -0.122588775917E-010     0.183360576230E-011
     0.128991355017E+001     0.149669584520E-009    -0.132336613665E-010     0.199902652938E-011
     0.130241355017E+001     0.161442441819E-009    -0.142746077069E-010     0.217745912572E-011
     0.131491355017E+001     0.174005605138E-009    -0.153854322537E-010     0.236977702889E-011
     0.132741355017E+001     0.187402954147E-009    -0.165700148109E-010     0.257690221403E-011
     0.133991355017E+001     0.201680283709E-009    -0.178324045227E-010     0.279980727056E-011
     0.135241355017E+001     0.216885363427E-009    -0.191768251377E-010     0.303951758478E-011
     0.136491355017E+001     0.233067998179E-009    -0.206076803622E-010     0.329711358931E-011
     0.137741355017E+001     0.250280089642E-009    -0.221295592994E-010     0.357373308055E-011
     0.138991355017E+001     0.268575698796E-009    -0.237472419766E-010     0.387057360526E-011
     0.140241355017E+001     0.288011109405E-009    -0.254657049577E-010     0.418889491723E-011
     0.141491355017E+001     0.308644892463E-009    -0.272901270413E-010     0.453002150525E-011
     0.142741355017E+001     0.330537971597E-009    -0.292258950444E-010     0.489534519330E-011
     0.143991355017E+001     0.353753689425E-009    -0.312786096688E-010     0.528632781416E-011
     0.145241355017E+001     0.378357874858E-009    -0.334540914522E-010     0.570450395731E-011
     0.146491355017E+001     0.404418911328E-009    -0.357583868013E-010     0.615148379233E-011
     0.147741355017E+001     0.432007805947E-009    -0.381977741061E-010     0.662895596866E-011
     0.148991355017E+001     0.461198259580E-009    -0.407787699361E-010     0.713869059286E-011
     0.150241355017E+001     0.492066737818E-009    -0.435081353157E-010     0.768254228430E-011
     0.151491355017E+001     0.524692542848E-009    -0.463928820784E-010     0.826245331028E-011
     0.152741355017E+001     0.559157886200E-009    -0.494402792999E-010     0.888045680153E-011
     0.153991355017E+001     0.595547962372E-009    -0.526578598072E-010     0.953868004912E-011
     0.155241355017E+001     0.633951023309E-009    -0.560534267642E-010     0.102393478837E-010
     0.156491355017E+001     0.674458453727E-009    -0.596350603317E-010     0.109847861378E-010
     0.157741355017E+001     0.717164847272E-009    -0.634111244018E-010     0.117774251928E-010
     0.158991355017E+001     0.762168083504E-009    -0.673902734041E-010     0.126198036104E-010
     0.160241355017E+001     0.809569405679E-009    -0.715814591835E-010     0.135145718502E-010
     0.161491355017E+001     0.859473499330E-009    -0.759939379482E-010     0.144644960745E-010
     0.162741355017E+001     0.911988571631E-009    -0.806372772870E-010     0.154724620406E-010
     0.163991355017E+001     0.967226431512E-009    -0.855213632529E-010     0.165414790813E-010
     0.165241355017E+001     0.102530257054E-008    -0.906564075148E-010     0.176746841752E-010
     0.166491355017E+001     0.108633624453E-008    -0.960529545725E-010     0.188753461074E-010
     0.167741355017E+001     0.115045055584E-008    -0.101721889036E-009     0.201468697203E-010
     0.168991355017E+001     0.121777253647E-008    -0.107674442968E-009     0.214928002574E-010
     0.170241355017E+001     0.128843323170E-008    -0.113922203285E-009     0.229168277985E-010
     0.171491355017E+001     0.136256778452E-008    -0.120477119219E-009     0.244227917887E-010
     0.172741355017E+001     0.144031552069E-008    -0.127351509836E-009     0.260146856617E-010
     0.173991355017E+001     0.152182003437E-008    -0.134558071614E-009     0.276966615569E-010
     0.175241355017E+001     0.160722927446E-008    -0.142109886072E-009     0.294730351328E-010
     0.176491355017E+001     0.169669563148E-008    -0.150020427455E-009     0.313482904759E-010
     0.177741355017E+001     0.179037602506E-008    -0.158303570466E-009     0.333270851068E-010
     0.178991355017E+001     0.188843199202E-008    -0.166973598056E-009     0.354142550825E-010
     0.180241355017E+001     0.199102977491E-008    -0.176045209256E-009     0.376148201982E-010
     0.181491355017E+001     0.209834041122E-008    -0.185533527059E-009     0.399339892864E-010
     0.182741355017E+001     0.221053982298E-008    -0.195454106343E-009     0.423771656157E-010
     0.183991355017E+001     0.232780890687E-008    -0.205822941845E-009     0.449499523888E-010
     0.185241355017E+001     0.245033362490E-008    -0.216656476172E-009     0.476581583409E-010
     0.186491355017E+001     0.257830509542E-008    -0.227971607850E-009     0.505078034390E-010
     0.187741355017E+001     0.271191968463E-008    -0.239785699417E-009     0.535051246817E-010
     0.188991355017E+001     0.285137909853E-008    -0.252116585550E-009     0.566565820011E-010
     0.190241355017E+001     0.299689047517E-008    -0.264982581225E-009     0.599688642664E-010
     0.191491355017E+001     0.314866647740E-008    -0.278402489915E-009     0.634488953904E-010
     0.192741355017E+001     0.330692538586E-008    -0.292395611813E-009     0.671038405380E-010
     0.193991355017E+001     0.347189119240E-008    -0.306981752096E-009     0.709411124392E-010
     0.195241355017E+001     0.364379369375E-008    -0.322181229198E-009     0.749683778042E-010
     0.196491355017E+001     0.382286858551E-008    -0.338014883132E-009     0.791935638434E-010
     0.197741355017E+001     0.400935755643E-008    -0.354504083817E-009     0.836248648911E-010
     0.198991355017E+001     0.420350838291E-008    -0.371670739437E-009     0.882707491340E-010
     0.200241355017E+001     0.440557502374E-008    -0.389537304820E-009     0.931399654443E-010
     0.201491355017E+001     0.461581771512E-008    -0.408126789836E-009     0.982415503172E-010
     0.202741355017E+001     0.483450306574E-008    -0.427462767804E-009     0.103584834915E-009
     0.203991355017E+001     0.506190415215E-008    -0.447569383929E-009     0.109179452214E-009
     0.205241355017E+001     0.529830061421E-008    -0.468471363737E-009     0.115035344261E-009
     0.206491355017E+001     0.554397875070E-008    -0.490194021531E-009     0.121162769530E-009
     0.207741355017E+001     0.579923161507E-008    -0.512763268853E-009     0.127572310390E-009
     0.208991355017E+001     0.606435911114E-008    -0.536205622955E-009     0.134274880677E-009
     0.210241355017E+001     0.633966808907E-008    -0.560548215272E-009     0.141281733368E-009
     0.211491355017E+001     0.662547244117E-008    -0.585818799908E-009     0.148604468367E-009
     0.212741355017E+001     0.692209319789E-008    -0.612045762108E-009     0.156255040393E-009
     0.213991355017E+001     0.722985862372E-008    -0.639258126749E-009     0.164245766978E-009
     0.215241355017E+001     0.754910431309E-008    -0.667485566815E-009     0.172589336563E-009
     0.216491355017E+001     0.788017328624E-008    -0.696758411875E-009     0.181298816711E-009
     0.217741355017E+001     0.822341608506E-008    -0.727107656552E-009     0.190387662418E-009
     0.218991355017E+001     0.857919086875E-008    -0.758564968990E-009     0.199869724531E-009
     0.220241355017E+001     0.894786350946E-008    -0.791162699304E-009     0.209759258272E-009
     0.221491355017E+001     0.932980768778E-008    -0.824933888026E-009     0.220070931872E-009
     0.222741355017E+001     0.972540498809E-008    -0.859912274532E-009     0.230819835304E-009
     0.223991355017E+001     0.101350449937E-007    -0.896132305461E-009     0.242021489122E-009
     0.225241355017E+001     0.105591253819E-007    -0.933629143109E-009     0.253691853411E-009
     0.226491355017E+001     0.109980520186E-007    -0.972438673813E-009     0.265847336834E-009
     0.227741355017E+001     0.114522390530E-007    -0.101259751630E-008     0.278504805788E-009
     0.228991355017E+001     0.119221090120E-007    -0.105414303005E-008     0.291681593663E-009
     0.230241355017E+001     0.124080928937E-007    -0.109711332358E-008     0.305395510208E-009
     0.231491355017E+001     0.129106302617E-007    -0.114154726273E-008     0.319664850992E-009
     0.232741355017E+001     0.134301693383E-007    -0.118748447895E-008     0.334508406979E-009
     0.233991355017E+001     0.139671670976E-007    -0.123496537751E-008     0.349945474198E-009
     0.235241355017E+001     0.145220893580E-007    -0.128403114570E-008     0.365995863519E-009
     0.236491355017E+001     0.150954108748E-007    -0.133472376100E-008     0.382679910531E-009
     0.237741355017E+001     0.156876154322E-007    -0.138708599921E-008     0.400018485521E-009
