 #        time                      c  [M/L^3]            concentration flux [M.L^{-2}.T^{-1}]   in    x              directions   cumulative flux
 #-----------------------------------------------------------------------------------------------

     0.100000000000E-003     0.253509945443E-006    -0.222776904794E-007     0.222776904794E-011
     0.101000000000E-003     0.256039667538E-006    -0.224572573424E-007     0.225022630528E-011
     0.102060000000E-003     0.258707146186E-006    -0.228747374465E-007     0.227447352697E-011
     0.103183600000E-003     0.261555576457E-006    -0.231265870706E-007     0.230045856021E-011
     0.104374616000E-003     0.264574909737E-006    -0.233935524755E-007     0.232832065550E-011
     0.105637092960E-003     0.267775399861E-006    -0.236765378641E-007     0.235821173905E-011
     0.106975318538E-003     0.271167915848E-006    -0.239765020627E-007     0.239029770737E-011
     0.108393837650E-003     0.274763978813E-006    -0.242944637612E-007     0.242475986854E-011
     0.109897467909E-003     0.278575801082E-006    -0.246315027661E-007     0.246179654142E-011
     0.111491315983E-003     0.282616327660E-006    -0.249887636668E-007     0.250162483428E-011
     0.113180794942E-003     0.286899280186E-006    -0.253674597221E-007     0.254448262372E-011
     0.114971642639E-003     0.291439203517E-006    -0.257688769797E-007     0.259063075770E-011
     0.116869941197E-003     0.296251515117E-006    -0.261943786423E-007     0.264035550891E-011
     0.118882137669E-003     0.301352557402E-006    -0.266454096962E-007     0.269397130830E-011
     0.121015065929E-003     0.306759653222E-006    -0.271235018175E-007     0.275182379184E-011
     0.123275969885E-003     0.312491164678E-006    -0.276302785717E-007     0.281429319796E-011
     0.125672528078E-003     0.318566555456E-006    -0.281674609263E-007     0.288179815722E-011
     0.128212879763E-003     0.325006456911E-006    -0.287368730932E-007     0.295479992119E-011
     0.130905652549E-003     0.331832738107E-006    -0.293404487215E-007     0.303380708303E-011
     0.133759991701E-003     0.339068580053E-006    -0.299802374621E-007     0.311938084864E-011
     0.136785591204E-003     0.346738554403E-006    -0.306584119257E-007     0.321214092449E-011
     0.139992726676E-003     0.354868706863E-006    -0.313772750575E-007     0.331277209635E-011
     0.143392290276E-003     0.363486645603E-006    -0.321392679554E-007     0.342203158184E-011
     0.146995827693E-003     0.372621634973E-006    -0.329469781553E-007     0.354075725039E-011
     0.150815577354E-003     0.382304694837E-006    -0.338031484146E-007     0.366987681510E-011
     0.154864511996E-003     0.392568705855E-006    -0.347106860214E-007     0.381041811416E-011
     0.159156382715E-003     0.403448521088E-006    -0.356726726621E-007     0.396352061345E-011
     0.163705765678E-003     0.414981084284E-006    -0.366923748803E-007     0.413044827860E-011
     0.168528111619E-003     0.427205555260E-006    -0.377732551633E-007     0.431260398230E-011
     0.173639798316E-003     0.440163442794E-006    -0.389189836920E-007     0.451154563351E-011
     0.179058186215E-003     0.453898745492E-006    -0.401334507963E-007     0.472900423765E-011
     0.184801677388E-003     0.468458101084E-006    -0.414207801558E-007     0.496690412285E-011
     0.190889778031E-003     0.483890944675E-006    -0.427853427927E-007     0.522738559583E-011
     0.197343164713E-003     0.500249676484E-006    -0.442317719022E-007     0.551283032354E-011
     0.204183754596E-003     0.517589839618E-006    -0.457649785722E-007     0.582588977294E-011
     0.211434779872E-003     0.535970308515E-006    -0.473901684445E-007     0.616951708216E-011
     0.219120866664E-003     0.555453488663E-006    -0.491128593745E-007     0.654700278193E-011
     0.227268118664E-003     0.576105528293E-006    -0.509389001484E-007     0.696201483803E-011
     0.235904205784E-003     0.597996542742E-006    -0.528744903218E-007     0.741864354287E-011
     0.245058458131E-003     0.621200852262E-006    -0.549262012460E-007     0.792145184954E-011
     0.254761965619E-003     0.645797234068E-006    -0.571009983544E-007     0.847553181464E-011
     0.265047683556E-003     0.671869189473E-006    -0.594062647824E-007     0.908656789789E-011
     0.275950544569E-003     0.699505227024E-006    -0.618498264019E-007     0.976090795885E-011
     0.287507577243E-003     0.728799162587E-006    -0.644399783544E-007     0.105056428942E-010
     0.299758031878E-003     0.759850437383E-006    -0.671855131725E-007     0.113286959754E-010
     0.312743513791E-003     0.792764455076E-006    -0.700957505837E-007     0.122389230768E-010
     0.326508124618E-003     0.827652939010E-006    -0.731805690983E-007     0.132462251306E-010
     0.341098612095E-003     0.864634310838E-006    -0.764504394868E-007     0.143616743105E-010
     0.356564528821E-003     0.903834091788E-006    -0.799164602596E-007     0.155976556299E-010
     0.372958400550E-003     0.945385327929E-006    -0.835903952693E-007     0.169680258477E-010
     0.390335904583E-003     0.989429040868E-006    -0.874847135606E-007     0.184882918105E-010
     0.408756058858E-003     0.103611470539E-005    -0.916126316030E-007     0.201758106181E-010
     0.428281422390E-003     0.108560075564E-005    -0.959881580473E-007     0.220500142987E-010
     0.448978307733E-003     0.113805512157E-005    -0.100626141158E-006     0.241326620048E-010
     0.470917006197E-003     0.119365579741E-005    -0.105542319075E-006     0.264481231182E-010
     0.494172026569E-003     0.125259144411E-005    -0.110753373086E-006     0.290236950656E-010
     0.518822348163E-003     0.131506202772E-005    -0.116276984068E-006     0.318899601168E-010
     0.544951689053E-003     0.138127949594E-005    -0.122131892307E-006     0.350811859644E-010
     0.572648790396E-003     0.145146849498E-005    -0.128337960884E-006     0.386357754732E-010
     0.602007717820E-003     0.152586712919E-005    -0.134916242841E-006     0.425967716550E-010
     0.633128180889E-003     0.160472776603E-005    -0.141889052356E-006     0.470124246688E-010
     0.666115871742E-003     0.168831788899E-005    -0.149280040154E-006     0.519368284840E-010
     0.701082824047E-003     0.177692100129E-005    -0.157114273421E-006     0.574306357890E-010
     0.738147793490E-003     0.187083758354E-005    -0.165418320466E-006     0.635618607824E-010
     0.777436661099E-003     0.197038610824E-005    -0.174220340435E-006     0.704067806726E-010
     0.819082860765E-003     0.207590411477E-005    -0.183550178357E-006     0.780509480492E-010
     0.863227832411E-003     0.218774934831E-005    -0.193439465840E-006     0.865903277839E-010
     0.910021502355E-003     0.230630096638E-005    -0.203921727763E-006     0.961325738074E-010
     0.959622792497E-003     0.243196081714E-005    -0.215032495296E-006     0.106798462996E-009
     0.101220016005E-002     0.256515479360E-005    -0.226809425638E-006     0.118723505532E-009
     0.106793216965E-002     0.270633426808E-005    -0.239292428857E-006     0.132059753475E-009
     0.112700809983E-002     0.285597761186E-005    -0.252523802251E-006     0.146977831985E-009
     0.118962858582E-002     0.301459180482E-005    -0.266548372671E-006     0.163669220622E-009
     0.125600630097E-002     0.318271414035E-005    -0.281413647273E-006     0.182348815539E-009
     0.132636667903E-002     0.336091403122E-005    -0.297169973186E-006     0.203257807200E-009
     0.140094867977E-002     0.354979492208E-005    -0.313870706622E-006     0.226666912474E-009
     0.148000560055E-002     0.374999631505E-005    -0.331572391968E-006     0.252880004801E-009
     0.156380593659E-002     0.396219591469E-005    -0.350334951449E-006     0.282238191456E-009
     0.165263429278E-002     0.418711189949E-005    -0.370221885971E-006     0.315124393015E-009
     0.174679235035E-002     0.442550532704E-005    -0.391300487784E-006     0.351968486869E-009
     0.184659989137E-002     0.467818268071E-005    -0.413642065655E-006     0.393253084305E-009
     0.195239588485E-002     0.494599856580E-005    -0.437322183269E-006     0.439520019156E-009
     0.206453963794E-002     0.522985856399E-005    -0.462420911605E-006     0.491377635691E-009
     0.218341201622E-002     0.553072225490E-005    -0.489023096111E-006     0.549508974158E-009
     0.230941673719E-002     0.584960641437E-005    -0.517218639489E-006     0.614680964509E-009
     0.244298174142E-002     0.618758839962E-005    -0.547102801010E-006     0.687754752441E-009
     0.258456064591E-002     0.654580973169E-005    -0.578776513270E-006     0.769697297131E-009
     0.273463428466E-002     0.692547988637E-005    -0.612346717385E-006     0.861594397189E-009
     0.289371234174E-002     0.732788030539E-005    -0.647926717654E-006     0.964665320563E-009
     0.306233508225E-002     0.775436864010E-005    -0.685636556784E-006     0.108027923576E-008
     0.324107518718E-002     0.820638324064E-005    -0.725603412823E-006     0.120997366591E-008
     0.343053969841E-002     0.868544790425E-005    -0.767962018997E-006     0.135547521448E-008
     0.363137208032E-002     0.919317689689E-005    -0.812855107723E-006     0.151872284191E-008
     0.384425440514E-002     0.973128026330E-005    -0.860433880118E-006     0.170189400666E-008
     0.406990966944E-002     0.103015694411E-004    -0.910858502395E-006     0.190743402277E-008
     0.430910424961E-002     0.109059631954E-004    -0.964298630606E-006     0.213808902887E-008
     0.456265050459E-002     0.115464938914E-004    -0.102093396525E-005     0.239694301234E-008
     0.483140953486E-002     0.122253141226E-004    -0.108095483733E-005     0.268745938619E-008
     0.511629410696E-002     0.129447037138E-004    -0.114456282759E-005     0.301352767756E-008
     0.541827175337E-002     0.137070771185E-004    -0.121197142052E-005     0.337951595465E-008
     0.573836805857E-002     0.145149912308E-004    -0.128340669517E-005     0.379032969585E-008
     0.607767014209E-002     0.153711536341E-004    -0.135910805441E-005     0.425147789043E-008
     0.643733035061E-002     0.162784313074E-004    -0.143932899479E-005     0.476914725684E-008
     0.681857017165E-002     0.172398598139E-004    -0.152433791898E-005     0.535028557227E-008
     0.722268438195E-002     0.182586529945E-004    -0.161441899282E-005     0.600269522864E-008
     0.765104544487E-002     0.193382131911E-004    -0.170987304935E-005     0.673513826551E-008
     0.810510817156E-002     0.204821420265E-004    -0.181101854185E-005     0.755745428272E-008
     0.858641466185E-002     0.216942517649E-004    -0.191819254845E-005     0.848069280592E-008
     0.909659954156E-002     0.229785772832E-004    -0.203175183049E-005     0.951726186916E-008
     0.963739551406E-002     0.243393886771E-004    -0.215207394727E-005     0.106810947924E-007
     0.100000000000E-001     0.252515568817E-004    -0.223272730584E-005     0.114906917293E-007
     0.103843607551E-001     0.262181656011E-004    -0.231819426171E-005     0.123817146262E-007
     0.107917831555E-001     0.272424455959E-004    -0.240876047676E-005     0.133630976017E-007
     0.112236508999E-001     0.283278170867E-004    -0.250472836484E-005     0.144448089910E-007
     0.116814307090E-001     0.294779005841E-004    -0.260641804930E-005     0.156379745480E-007
     0.121666773067E-001     0.306965283024E-004    -0.271416837221E-005     0.169550155161E-007
     0.126810387002E-001     0.319877561855E-004    -0.282833795768E-005     0.184098033693E-007
     0.132262617773E-001     0.333558765711E-004    -0.294930633161E-005     0.200178332427E-007
     0.138041982390E-001     0.348054315225E-004    -0.307747510050E-005     0.217964183134E-007
     0.144168108884E-001     0.363412268568E-004    -0.321326919178E-005     0.237649076663E-007
     0.150661802968E-001     0.379683468987E-004    -0.335713815840E-005     0.259449304862E-007
     0.157545118698E-001     0.396921699895E-004    -0.350955755002E-005     0.283606697548E-007
     0.164841433370E-001     0.415183847809E-004    -0.367103035380E-005     0.310391690183E-007
     0.172575526924E-001     0.434530073428E-004    -0.384208850701E-005     0.340106762136E-007
     0.180773666090E-001     0.455023991160E-004    -0.402329448442E-005     0.373090290226E-007
     0.189463693606E-001     0.476732857364E-004    -0.421524296267E-005     0.409720867560E-007
     0.198675122774E-001     0.499727767601E-004    -0.441856256447E-005     0.450422143644E-007
     0.208439237691E-001     0.524083863165E-004    -0.463391768457E-005     0.495668248434E-007
     0.218789199504E-001     0.549880547129E-004    -0.486201040018E-005     0.545989870408E-007
     0.229760159025E-001     0.577201710157E-004    -0.510358246749E-005     0.601981067072E-007
     0.241389376117E-001     0.606135966281E-004    -0.535941740643E-005     0.664306895580E-007
     0.253716346235E-001     0.636776898815E-004    -0.563034267505E-005     0.733711961490E-007
     0.266782934560E-001     0.669223316557E-004    -0.591723193478E-005     0.811029995206E-007
     0.280633518185E-001     0.703579520357E-004    -0.622100740746E-005     0.897194578532E-007
     0.295315136827E-001     0.739955580102E-004    -0.654264232442E-005     0.993251158051E-007
     0.310877652588E-001     0.778467622094E-004    -0.688316346742E-005     0.110037049800E-006
     0.327373919294E-001     0.819238126712E-004    -0.724365380061E-005     0.121986374302E-006
     0.344859962003E-001     0.862396236195E-004    -0.762525519191E-005     0.135319928097E-006
     0.363395167274E-001     0.908078072247E-004    -0.802917122123E-005     0.150202161771E-006
     0.383042484861E-001     0.956427063077E-004    -0.845667007218E-005     0.166817250035E-006
     0.403868641504E-001     0.100759427934E-003    -0.890908750243E-005     0.185371455222E-006
     0.425944367545E-001     0.106173877833E-003    -0.938782988694E-005     0.206095771292E-006
     0.449344637149E-001     0.111902795552E-003    -0.989437732644E-005     0.229248880992E-006
     0.474148922929E-001     0.117963790250E-003    -0.104302868122E-004     0.255120462478E-006
     0.500441465855E-001     0.124375376998E-003    -0.109971954356E-004     0.284034885784E-006
     0.528311561358E-001     0.131157013443E-003    -0.115968236301E-004     0.316355343994E-006
     0.557853862590E-001     0.138329136655E-003    -0.122309784292E-004     0.352488468906E-006
     0.589168701896E-001     0.145913199952E-003    -0.129015567222E-004     0.392889486461E-006
     0.622362431561E-001     0.153931709463E-003    -0.136105484874E-004     0.438067973170E-006
     0.657547785006E-001     0.162408260148E-003    -0.143600399771E-004     0.488594281377E-006
     0.694844259657E-001     0.171367570965E-003    -0.151522168265E-004     0.545106708455E-006
     0.734378522787E-001     0.180835518804E-003    -0.159893670546E-004     0.608319492898E-006
     0.776284841706E-001     0.190839170792E-003    -0.168738839204E-004     0.679031728994E-006
     0.820705539759E-001     0.201406814484E-003    -0.178082685922E-004     0.758137301192E-006
     0.867791479696E-001     0.212567985420E-003    -0.187951325847E-004     0.846635949590E-006
     0.917702576028E-001     0.224353491457E-003    -0.198371999096E-004     0.945645589157E-006
     0.970608338141E-001     0.236795433206E-003    -0.209373088835E-004     0.105641601746E-005
     0.102668844598E+000     0.249927219841E-003    -0.220984135252E-004     0.118034415882E-005
     0.108613336029E+000     0.263783579470E-003    -0.233235844727E-004     0.131899100686E-005
     0.114914496946E+000     0.278400563160E-003    -0.246160093391E-004     0.147410044284E-005
     0.121593727518E+000     0.293815541621E-003    -0.259789924198E-004     0.164762012323E-005
     0.128673711924E+000     0.310067193484E-003    -0.274159536553E-004     0.184172464759E-005
     0.136178495394E+000     0.327195483978E-003    -0.289304267465E-004     0.205884123603E-005
     0.144133565873E+000     0.345241632735E-003    -0.305260563079E-004     0.230167816540E-005
     0.152565940581E+000     0.364248069356E-003    -0.322065939383E-004     0.257325623354E-005
     0.161504257771E+000     0.384258375237E-003    -0.339758930777E-004     0.287694354268E-005
     0.170978873992E+000     0.405317210117E-003    -0.358379025122E-004     0.321649391516E-005
     0.181021967187E+000     0.427470221658E-003    -0.377966583795E-004     0.359608927771E-005
     0.191667645973E+000     0.450763936321E-003    -0.398562745201E-004     0.402038637387E-005
     0.202952065486E+000     0.475245629725E-003    -0.420209310145E-004     0.449456818778E-005
     0.214913550171E+000     0.500963174599E-003    -0.442948607390E-004     0.502440048611E-005
     0.227413550171E+000     0.527586861286E-003    -0.466489109646E-004     0.560751187316E-005
     0.239913550171E+000     0.553961655874E-003    -0.489809542930E-004     0.621977380183E-005
     0.252413550171E+000     0.580090313925E-003    -0.512912343695E-004     0.686091423144E-005
     0.264913550171E+000     0.605975557119E-003    -0.535799918436E-004     0.753066412949E-005
     0.277413550171E+000     0.631620073697E-003    -0.558474644079E-004     0.822875743459E-005
     0.289913550171E+000     0.657026518901E-003    -0.580938868377E-004     0.895493102006E-005
     0.302413550171E+000     0.682197515410E-003    -0.603194910288E-004     0.970892465792E-005
     0.314913550171E+000     0.707135653766E-003    -0.625245060353E-004     0.104904809834E-004
     0.327413550171E+000     0.731843492794E-003    -0.647091581075E-004     0.112993454597E-004
     0.339913550171E+000     0.756323560025E-003    -0.668736707280E-004     0.121352663438E-004
     0.352413550171E+000     0.780578352097E-003    -0.690182646484E-004     0.129979946519E-004
     0.364913550171E+000     0.804610335168E-003    -0.711431579250E-004     0.138872841260E-004
     0.377413550171E+000     0.828421945311E-003    -0.732485659540E-004     0.148028912004E-004
     0.389913550171E+000     0.852015588908E-003    -0.753347015063E-004     0.157445749692E-004
     0.402413550171E+000     0.875393643038E-003    -0.774017747622E-004     0.167120971538E-004
     0.414913550171E+000     0.898558455863E-003    -0.794499933447E-004     0.177052220706E-004
     0.427413550171E+000     0.921512347003E-003    -0.814795623532E-004     0.187237166000E-004
     0.439913550171E+000     0.944257607907E-003    -0.834906843965E-004     0.197673501549E-004
     0.452413550171E+000     0.966796502225E-003    -0.854835596253E-004     0.208358946502E-004
     0.464913550171E+000     0.989131266166E-003    -0.874583857639E-004     0.219291244723E-004
     0.477413550171E+000     0.101126410886E-002    -0.894153581421E-004     0.230468164491E-004
     0.489913550171E+000     0.103319721270E-002    -0.913546697265E-004     0.241887498207E-004
     0.502413550171E+000     0.105493273371E-002    -0.932765111509E-004     0.253547062100E-004
     0.514913550171E+000     0.107647280187E-002    -0.951810707468E-004     0.265444695944E-004
     0.527413550171E+000     0.109781952146E-002    -0.970685345733E-004     0.277578262765E-004
     0.539913550171E+000     0.111897497138E-002    -0.989390864467E-004     0.289945648571E-004
     0.552413550171E+000     0.113994120552E-002    -0.100792907969E-003     0.302544762067E-004
     0.564913550171E+000     0.116072025303E-002    -0.102630178559E-003     0.315373534387E-004
     0.577413550171E+000     0.118131411868E-002    -0.104451075475E-003     0.328429918822E-004
     0.589913550171E+000     0.120172478318E-002    -0.106255773850E-003     0.341711890553E-004
     0.602413550171E+000     0.122195420343E-002    -0.108044446715E-003     0.355217446392E-004
     0.614913550171E+000     0.124200431292E-002    -0.109817265025E-003     0.368944604520E-004
     0.627413550171E+000     0.126187702195E-002    -0.111574397688E-003     0.382891404231E-004
     0.639913550171E+000     0.128157421799E-002    -0.113316011594E-003     0.397055905681E-004
     0.652413550171E+000     0.130109776593E-002    -0.115042271636E-003     0.411436189635E-004
     0.664913550171E+000     0.132044950840E-002    -0.116753340736E-003     0.426030357227E-004
     0.677413550171E+000     0.133963126604E-002    -0.118449379875E-003     0.440836529712E-004
     0.689913550171E+000     0.135864483779E-002    -0.120130548116E-003     0.455852848226E-004
     0.702413550171E+000     0.137749200118E-002    -0.121797002624E-003     0.471077473554E-004
     0.714913550171E+000     0.139617451258E-002    -0.123448898699E-003     0.486508585892E-004
     0.727413550171E+000     0.141469410749E-002    -0.125086389791E-003     0.502144384616E-004
     0.739913550171E+000     0.143305250082E-002    -0.126709627532E-003     0.517983088057E-004
     0.752413550171E+000     0.145125138711E-002    -0.128318761753E-003     0.534022933276E-004
     0.764913550171E+000     0.146929244083E-002    -0.129913940509E-003     0.550262175840E-004
     0.777413550171E+000     0.148717731665E-002    -0.131495310104E-003     0.566699089603E-004
     0.789913550171E+000     0.150490764964E-002    -0.133063015110E-003     0.583331966491E-004
     0.802413550171E+000     0.152248505556E-002    -0.134617198394E-003     0.600159116291E-004
     0.814913550171E+000     0.153991113110E-002    -0.136158001132E-003     0.617178866432E-004
     0.827413550171E+000     0.155718745413E-002    -0.137685562838E-003     0.634389561787E-004
     0.839913550171E+000     0.157431558390E-002    -0.139200021382E-003     0.651789564460E-004
     0.852413550171E+000     0.159129706136E-002    -0.140701513012E-003     0.669377253586E-004
     0.864913550171E+000     0.160813340929E-002    -0.142190172373E-003     0.687151025133E-004
     0.877413550171E+000     0.162482613262E-002    -0.143666132528E-003     0.705109291699E-004
     0.889913550171E+000     0.164137671860E-002    -0.145129524981E-003     0.723250482321E-004
     0.902413550171E+000     0.165778663706E-002    -0.146580479692E-003     0.741573042283E-004
     0.914913550171E+000     0.167405734061E-002    -0.148019125101E-003     0.760075432921E-004
     0.927413550171E+000     0.169019026487E-002    -0.149445588143E-003     0.778756131438E-004
     0.939913550171E+000     0.170618682868E-002    -0.150859994272E-003     0.797613630722E-004
     0.952413550171E+000     0.172204843430E-002    -0.152262467476E-003     0.816646439157E-004
     0.964913550171E+000     0.173777646767E-002    -0.153653130297E-003     0.835853080444E-004
     0.977413550171E+000     0.175337229855E-002    -0.155032103849E-003     0.855232093425E-004
     0.989913550171E+000     0.176883728077E-002    -0.156399507837E-003     0.874782031905E-004
     0.100241355017E+001     0.178417275240E-002    -0.157755460574E-003     0.894501464476E-004
     0.101491355017E+001     0.179938003600E-002    -0.159100078997E-003     0.914388974351E-004
     0.102741355017E+001     0.181446043874E-002    -0.160433478687E-003     0.934443159187E-004
     0.103991355017E+001     0.182941525268E-002    -0.161755773887E-003     0.954662630923E-004
     0.105241355017E+001     0.184424575488E-002    -0.163067077514E-003     0.975046015612E-004
     0.106491355017E+001     0.185895320766E-002    -0.164367501181E-003     0.995591953260E-004
     0.107741355017E+001     0.187353885871E-002    -0.165657155209E-003     0.101629909766E-003
     0.108991355017E+001     0.188800394136E-002    -0.166936148646E-003     0.103716611624E-003
     0.110241355017E+001     0.190234967468E-002    -0.168204589285E-003     0.105819168990E-003
     0.111491355017E+001     0.191657726372E-002    -0.169462583673E-003     0.107937451286E-003
     0.112741355017E+001     0.193068789966E-002    -0.170710237134E-003     0.110071329250E-003
     0.113991355017E+001     0.194468275995E-002    -0.171947653778E-003     0.112220674923E-003
     0.115241355017E+001     0.195856300857E-002    -0.173174936523E-003     0.114385361629E-003
     0.116491355017E+001     0.197232979610E-002    -0.174392187104E-003     0.116565263968E-003
     0.117741355017E+001     0.198598425997E-002    -0.175599506090E-003     0.118760257794E-003
     0.118991355017E+001     0.199952752456E-002    -0.176796992898E-003     0.120970220205E-003
     0.120241355017E+001     0.201296070141E-002    -0.177984745811E-003     0.123195029528E-003
     0.121491355017E+001     0.202628488934E-002    -0.179162861985E-003     0.125434565303E-003
     0.122741355017E+001     0.203950117464E-002    -0.180331437471E-003     0.127688708271E-003
     0.123991355017E+001     0.205261063124E-002    -0.181490567222E-003     0.129957340361E-003
     0.125241355017E+001     0.206561432080E-002    -0.182640345112E-003     0.132240344675E-003
     0.126491355017E+001     0.207851329292E-002    -0.183780863945E-003     0.134537605475E-003
     0.127741355017E+001     0.209130858528E-002    -0.184912215473E-003     0.136849008168E-003
     0.128991355017E+001     0.210400122376E-002    -0.186034490403E-003     0.139174439298E-003
     0.130241355017E+001     0.211659222264E-002    -0.187147778416E-003     0.141513786528E-003
     0.131491355017E+001     0.212908258468E-002    -0.188252168176E-003     0.143866938630E-003
     0.132741355017E+001     0.214147330130E-002    -0.189347747346E-003     0.146233785472E-003
     0.133991355017E+001     0.215376535272E-002    -0.190434602594E-003     0.148614218005E-003
     0.135241355017E+001     0.216595970809E-002    -0.191512819612E-003     0.151008128250E-003
     0.136491355017E+001     0.217805732564E-002    -0.192582483127E-003     0.153415409289E-003
     0.137741355017E+001     0.219005915278E-002    -0.193643676908E-003     0.155835955250E-003
     0.138991355017E+001     0.220196612628E-002    -0.194696483783E-003     0.158269661298E-003
     0.140241355017E+001     0.221377917237E-002    -0.195740985651E-003     0.160716423618E-003
     0.141491355017E+001     0.222549920689E-002    -0.196777263486E-003     0.163176139412E-003
     0.142741355017E+001     0.223712713538E-002    -0.197805397360E-003     0.165648706879E-003
     0.143991355017E+001     0.224866385326E-002    -0.198825466442E-003     0.168134025209E-003
     0.145241355017E+001     0.226011024592E-002    -0.199837549019E-003     0.170631994572E-003
     0.146491355017E+001     0.227146718885E-002    -0.200841722502E-003     0.173142516103E-003
     0.147741355017E+001     0.228273554777E-002    -0.201838063436E-003     0.175665491896E-003
     0.148991355017E+001     0.229391617872E-002    -0.202826647512E-003     0.178200824990E-003
     0.150241355017E+001     0.230500992823E-002    -0.203807549581E-003     0.180748419360E-003
     0.151491355017E+001     0.231601763339E-002    -0.204780843656E-003     0.183308179906E-003
     0.152741355017E+001     0.232694012199E-002    -0.205746602932E-003     0.185880012442E-003
     0.153991355017E+001     0.233777821262E-002    -0.206704899786E-003     0.188463823690E-003
     0.155241355017E+001     0.234853271481E-002    -0.207655805797E-003     0.191059521262E-003
     0.156491355017E+001     0.235920442909E-002    -0.208599391748E-003     0.193667013659E-003
     0.157741355017E+001     0.236979414714E-002    -0.209535727638E-003     0.196286210254E-003
     0.158991355017E+001     0.238030265190E-002    -0.210464882695E-003     0.198917021288E-003
     0.160241355017E+001     0.239073071765E-002    -0.211386925380E-003     0.201559357855E-003
     0.161491355017E+001     0.240107911014E-002    -0.212301923400E-003     0.204213131898E-003
     0.162741355017E+001     0.241134858667E-002    -0.213209943715E-003     0.206878256194E-003
     0.163991355017E+001     0.242153989621E-002    -0.214111052549E-003     0.209554644351E-003
     0.165241355017E+001     0.243165377950E-002    -0.215005315398E-003     0.212242210794E-003
     0.166491355017E+001     0.244169096915E-002    -0.215892797037E-003     0.214940870757E-003
     0.167741355017E+001     0.245165218971E-002    -0.216773561533E-003     0.217650540276E-003
     0.168991355017E+001     0.246153815784E-002    -0.217647672251E-003     0.220371136179E-003
     0.170241355017E+001     0.247134958230E-002    -0.218515191859E-003     0.223102576077E-003
     0.171491355017E+001     0.248108716414E-002    -0.219376182345E-003     0.225844778356E-003
     0.172741355017E+001     0.249075159676E-002    -0.220230705017E-003     0.228597662169E-003
     0.173991355017E+001     0.250034356596E-002    -0.221078820515E-003     0.231361147426E-003
     0.175241355017E+001     0.250986375012E-002    -0.221920588820E-003     0.234135154786E-003
     0.176491355017E+001     0.251931282019E-002    -0.222756069257E-003     0.236919605651E-003
     0.177741355017E+001     0.252869143987E-002    -0.223585320510E-003     0.239714422158E-003
     0.178991355017E+001     0.253800026563E-002    -0.224408400624E-003     0.242519527166E-003
     0.180241355017E+001     0.254723994684E-002    -0.225225367014E-003     0.245334844253E-003
     0.181491355017E+001     0.255641112581E-002    -0.226036276476E-003     0.248160297709E-003
     0.182741355017E+001     0.256551443793E-002    -0.226841185189E-003     0.250995812524E-003
     0.183991355017E+001     0.257455051171E-002    -0.227640148726E-003     0.253841314383E-003
     0.185241355017E+001     0.258351996889E-002    -0.228433222061E-003     0.256696729659E-003
     0.186491355017E+001     0.259242342450E-002    -0.229220459573E-003     0.259561985404E-003
     0.187741355017E+001     0.260126148694E-002    -0.230001915058E-003     0.262437009342E-003
     0.188991355017E+001     0.261003475808E-002    -0.230777641733E-003     0.265321729864E-003
     0.190241355017E+001     0.261874383332E-002    -0.231547692243E-003     0.268216076017E-003
     0.191491355017E+001     0.262738930168E-002    -0.232312118668E-003     0.271119977500E-003
     0.192741355017E+001     0.263597174586E-002    -0.233070972530E-003     0.274033364657E-003
     0.193991355017E+001     0.264449174233E-002    -0.233824304801E-003     0.276956168467E-003
     0.195241355017E+001     0.265294986139E-002    -0.234572165906E-003     0.279888320540E-003
     0.196491355017E+001     0.266134666725E-002    -0.235314605732E-003     0.282829753112E-003
     0.197741355017E+001     0.266968271811E-002    -0.236051673635E-003     0.285780399033E-003
     0.198991355017E+001     0.267795856622E-002    -0.236783418445E-003     0.288740191763E-003
     0.200241355017E+001     0.268617475796E-002    -0.237509888473E-003     0.291709065369E-003
     0.201491355017E+001     0.269433183390E-002    -0.238231131514E-003     0.294686954513E-003
     0.202741355017E+001     0.270243032888E-002    -0.238947194860E-003     0.297673794449E-003
     0.203991355017E+001     0.271047077204E-002    -0.239658125297E-003     0.300669521015E-003
     0.205241355017E+001     0.271845368697E-002    -0.240363969120E-003     0.303674070629E-003
     0.206491355017E+001     0.272637959168E-002    -0.241064772131E-003     0.306687380281E-003
     0.207741355017E+001     0.273424899872E-002    -0.241760579650E-003     0.309709387526E-003
     0.208991355017E+001     0.274206241523E-002    -0.242451436518E-003     0.312740030483E-003
     0.210241355017E+001     0.274982034303E-002    -0.243137387105E-003     0.315779247821E-003
     0.211491355017E+001     0.275752327863E-002    -0.243818475313E-003     0.318826978763E-003
     0.212741355017E+001     0.276517171334E-002    -0.244494744583E-003     0.321883163070E-003
     0.213991355017E+001     0.277276613329E-002    -0.245166237898E-003     0.324947741044E-003
     0.215241355017E+001     0.278030701954E-002    -0.245832997794E-003     0.328020653516E-003
     0.216491355017E+001     0.278779484809E-002    -0.246495066358E-003     0.331101841846E-003
     0.217741355017E+001     0.279523008998E-002    -0.247152485238E-003     0.334191247911E-003
     0.218991355017E+001     0.280261321132E-002    -0.247805295649E-003     0.337288814107E-003
     0.220241355017E+001     0.280994467334E-002    -0.248453538373E-003     0.340394483337E-003
     0.221491355017E+001     0.281722493250E-002    -0.249097253767E-003     0.343508199009E-003
     0.222741355017E+001     0.282445444048E-002    -0.249736481771E-003     0.346629905031E-003
     0.223991355017E+001     0.283163364427E-002    -0.250371261908E-003     0.349759545805E-003
     0.225241355017E+001     0.283876298622E-002    -0.251001633289E-003     0.352897066221E-003
     0.226491355017E+001     0.284584290411E-002    -0.251627634621E-003     0.356042411653E-003
     0.227741355017E+001     0.285287383117E-002    -0.252249304212E-003     0.359195527956E-003
     0.228991355017E+001     0.285985619614E-002    -0.252866679971E-003     0.362356361456E-003
     0.230241355017E+001     0.286679042335E-002    -0.253479799416E-003     0.365524858948E-003
     0.231491355017E+001     0.287367693273E-002    -0.254088699678E-003     0.368700967694E-003
     0.232741355017E+001     0.288051613992E-002    -0.254693417506E-003     0.371884635413E-003
     0.233991355017E+001     0.288730845624E-002    -0.255293989270E-003     0.375075810279E-003
     0.235241355017E+001     0.289405428880E-002    -0.255890450967E-003     0.378274440916E-003
     0.236491355017E+001     0.290075404054E-002    -0.256482838223E-003     0.381480476394E-003
     0.237741355017E+001     0.290740811025E-002    -0.257071186300E-003     0.384693866223E-003
