   _____  _____  _    _ _   ______  _____ 
  |  __ \|  __ \| |  | | | |  ____|/ ____|
  | |  | | |__) | |  | | |_| |__  | (___  
  | |  | |  _  /| |  | | __|  __|  \___ \ 
  | |__| | | \ \| |__| | |_| |____ ____) | 
  |_____/|_|  \_\\____/ \__|______|_____/ 
  
  
  
 DRUtES is initialising, reading input files
 ---------------------------------------------------------------
 14hrs : 14min : 58.742s  -  2018/12/07    total number of parallel images is:                    1
 ---------------------------------------------------------------
 14hrs : 14min : 58.742s  -  2018/12/07    reading input files and allocating...
 ---------------------------------------------------------------
 14hrs : 14min : 58.822s  -  2018/12/07    number of nodes:                 2097 number of elements:                 3861
 ---------------------------------------------------------------
 14hrs : 14min : 58.838s  -  2018/12/07    calculating elements geometrical properties...
 ---------------------------------------------------------------
 14hrs : 14min : 58.842s  -  2018/12/07    analyzing mesh structure...
 ---------------------------------------------------------------
 14hrs : 14min : 58.845s  -  2018/12/07    creating graph of the discretization mesh, and searching for boundary nodes...
 ---------------------------------------------------------------
 14hrs : 14min : 58.894s  -  2018/12/07    DRUtES solves Richards' equation, in                    2 D, in cylindric coordinates and axysimmetric flow, in total hydraulic head form.
 ---------------------------------------------------------------
 14hrs : 14min : 58.894s  -  2018/12/07    making output files for observation time
 ---------------------------------------------------------------
 14hrs : 14min : 59.271s  -  2018/12/07    go 4 solving
 ---------------------------------------------------------------
 14hrs : 16min : 53.526s  -  2018/12/07    making output files for observation time
 ---------------------------------------------------------------
 14hrs : 16min : 53.910s  -  2018/12/07    # real elapsed CPU time =   1.8177332560221353 min
 ---------------------------------------------------------------
 14hrs : 16min : 53.911s  -  2018/12/07    minimal adjusted time step was   9.9999999999999995E-007
 ---------------------------------------------------------------
 14hrs : 16min : 53.911s  -  2018/12/07    F I N I S H E D !!!!!
 ---------------------------------------------------------------
 14hrs : 16min : 53.914s  -  2018/12/07    Peak RAM  consumption on image                    1 was:                20348 kB
 ---------------------------------------------------------------
 14hrs : 16min : 53.914s  -  2018/12/07    Peak SWAP consumption on image                    1 was:                    0 kB
