 #        time                      h  [L]            Darcian flow [L.T^{-1}]   in    x         z              directions   cumulative flux
 #-----------------------------------------------------------------------------------------------

     0.100000000000E-005     0.400000000000E+001    -0.169617442716E-012    -0.138503152774E+004     0.138503152774E-002
     0.205999994278E-005     0.400000000000E+001    -0.164159323624E-012    -0.134046260308E+004     0.280592181030E-002
     0.318359982147E-005     0.400000000000E+001    -0.158483779745E-012    -0.129411827031E+004     0.425999294184E-002
     0.437461562859E-005     0.400000000000E+001    -0.152593107957E-012    -0.124601728485E+004     0.574401922404E-002
     0.563709231599E-005     0.400000000000E+001    -0.146492606315E-012    -0.119620290860E+004     0.725419750955E-002
     0.697531753239E-005     0.400000000000E+001    -0.140191446490E-012    -0.114475003395E+004     0.878613087146E-002
     0.839383618521E-005     0.400000000000E+001    -0.133703761766E-012    -0.109177406791E+004     0.103348327514E-001
     0.989746587602E-005     0.400000000000E+001    -0.127049976348E-012    -0.103744178677E+004     0.118947610245E-001
     0.114913132622E-004     0.400000000000E+001    -0.120258378977E-012    -0.981984185647E+003     0.134598939521E-001
     0.131807914004E-004     0.400000000000E+001    -0.113366895041E-012    -0.925710948820E+003     0.150238623625E-001
     0.149716381303E-004     0.400000000000E+001    -0.106424921417E-012    -0.869025432403E+003     0.165801537162E-001
     0.168699355614E-004     0.400000000000E+001    -0.994949405032E-013    -0.812437843895E+003     0.181224023882E-001
     0.188821307298E-004     0.400000000000E+001    -0.926534158863E-013    -0.756572555865E+003     0.196447740297E-001
     0.210150574931E-004     0.400000000000E+001    -0.859902130582E-013    -0.702163375743E+003     0.211424370860E-001
     0.232759597402E-004     0.400000000000E+001    -0.796055720977E-013    -0.650028825888E+003     0.226120887191E-001
     0.256725159928E-004     0.400000000000E+001    -0.736036767958E-013    -0.601019631514E+003     0.240524660750E-001
     0.282128654833E-004     0.400000000000E+001    -0.680823998418E-013    -0.555934983778E+003     0.254647352278E-001
     0.309056357980E-004     0.400000000000E+001    -0.631200793790E-013    -0.515414562166E+003     0.268526282605E-001
     0.337599721774E-004     0.400000000000E+001    -0.587620233353E-013    -0.479828333983E+003     0.282222197301E-001
     0.367855685763E-004     0.400000000000E+001    -0.550109576292E-013    -0.449198558046E+003     0.295813132697E-001
     0.399927005860E-004     0.400000000000E+001    -0.518254836943E-013    -0.423187189404E+003     0.309385304509E-001
     0.433922603327E-004     0.400000000000E+001    -0.491280969181E-013    -0.401161354868E+003     0.323023024449E-001
     0.469957934698E-004     0.400000000000E+001    -0.468205163092E-013    -0.382318529243E+003     0.336799999339E-001
     0.508155383889E-004     0.400000000000E+001    -0.448013430070E-013    -0.365830727996E+003     0.350773799984E-001
     0.548644677845E-004     0.400000000000E+001    -0.429809872638E-013    -0.350966395321E+003     0.364984181533E-001
     0.591563327122E-004     0.400000000000E+001    -0.412908793215E-013    -0.337165616652E+003     0.379454874383E-001
     0.637057092900E-004     0.400000000000E+001    -0.396864826242E-013    -0.324064723411E+003     0.394197799006E-001
     0.685280482021E-004     0.400000000000E+001    -0.381452826250E-013    -0.311479870372E+003     0.409218413999E-001
     0.736397271730E-004     0.400000000000E+001    -0.366615418970E-013    -0.299364207888E+003     0.424520951260E-001
     0.790581065897E-004     0.400000000000E+001    -0.352396106008E-013    -0.287753257717E+003     0.440112514547E-001
     0.848015884613E-004     0.400000000000E+001    -0.338873525547E-013    -0.276711232808E+003     0.456005374040E-001
     0.908896789166E-004     0.400000000000E+001    -0.326109207988E-013    -0.266288376546E+003     0.472217251276E-001
     0.973430544509E-004     0.400000000000E+001    -0.314116627700E-013    -0.256495691589E+003     0.488769881483E-001
     0.104183632148E-003     0.400000000000E+001    -0.302853544561E-013    -0.247298686259E+003     0.505686540261E-001
     0.111434644115E-003     0.400000000000E+001    -0.292233764753E-013    -0.238626977964E+003     0.522989410990E-001
     0.119120716386E-003     0.400000000000E+001    -0.282150357714E-013    -0.230393251271E+003     0.540697602790E-001
     0.127267952553E-003     0.400000000000E+001    -0.272501203480E-013    -0.222514118903E+003     0.558826353562E-001
     0.135904022424E-003     0.400000000000E+001    -0.263209291813E-013    -0.214926697229E+003     0.577387573305E-001
     0.145058255993E-003     0.400000000000E+001    -0.254233245415E-013    -0.207597199121E+003     0.596391505795E-001
     0.154761743052E-003     0.400000000000E+001    -0.245566829637E-013    -0.200520533600E+003     0.615848989825E-001
     0.165047438780E-003     0.400000000000E+001    -0.237229011761E-013    -0.193712188629E+003     0.635773636134E-001
     0.175950275662E-003     0.400000000000E+001    -0.229248194227E-013    -0.187195356561E+003     0.656183240512E-001
     0.187507282134E-003     0.400000000000E+001    -0.221645412521E-013    -0.180987214171E+003     0.677099944567E-001
     0.199757708333E-003     0.400000000000E+001    -0.214421299365E-013    -0.175088278118E+003     0.698549004860E-001
     0.212743159403E-003     0.400000000000E+001    -0.207550310078E-013    -0.169477689586E+003     0.720556447316E-001
     0.226507736794E-003     0.400000000000E+001    -0.200983371059E-013    -0.164115376939E+003     0.743146235385E-001
     0.241098188040E-003     0.400000000000E+001    -0.194657554460E-013    -0.158949955690E+003     0.766337751176E-001
     0.256564065527E-003     0.400000000000E+001    -0.188509507541E-013    -0.153929694400E+003     0.790144329128E-001
     0.272957894778E-003     0.400000000000E+001    -0.182488689467E-013    -0.149013323347E+003     0.814573318918E-001
     0.290335352846E-003     0.400000000000E+001    -0.176566943386E-013    -0.144177850715E+003     0.839627764470E-001
     0.308755457403E-003     0.400000000000E+001    -0.170742178308E-013    -0.139421569081E+003     0.865309363270E-001
     0.328280767180E-003     0.400000000000E+001    -0.165035552610E-013    -0.134761755573E+003     0.891622013507E-001
     0.348977594427E-003     0.400000000000E+001    -0.159483219264E-013    -0.130227931331E+003     0.918575063481E-001
     0.370916230124E-003     0.400000000000E+001    -0.154125091065E-013    -0.125852687626E+003     0.946185426134E-001
     0.394171182707E-003     0.400000000000E+001    -0.148993854055E-013    -0.121662714637E+003     0.974478032735E-001
     0.418821431115E-003     0.400000000000E+001    -0.144107935663E-013    -0.117673059501E+003     0.100348473421E+000
     0.444950693017E-003     0.400000000000E+001    -0.139472422568E-013    -0.113887875807E+003     0.103324279555E+000
     0.472647709137E-003     0.400000000000E+001    -0.135062800762E-013    -0.110287146348E+003     0.106378904426E+000
     0.502006544641E-003     0.400000000000E+001    -0.130851877049E-013    -0.106848666195E+003     0.109515856840E+000
     0.533126908594E-003     0.400000000000E+001    -0.126810756018E-013    -0.103548840454E+003     0.112738334442E+000
     0.566114492604E-003     0.400000000000E+001    -0.122914580559E-013    -0.100367371755E+003     0.116049211550E+000
     0.601081329767E-003     0.400000000000E+001    -0.119146097967E-013    -0.972901721950E+002     0.119451141158E+000
     0.638146175159E-003     0.400000000000E+001    -0.115496167204E-013    -0.943097775496E+002     0.122946718482E+000
     0.677434909153E-003     0.400000000000E+001    -0.111961794187E-013    -0.914237429637E+002     0.126538641600E+000
     0.719080964939E-003     0.400000000000E+001    -0.108543012293E-013    -0.886320956935E+002     0.130229818802E+000
     0.763225781689E-003     0.400000000000E+001    -0.105240003101E-013    -0.859349840085E+002     0.134023402924E+000
     0.810019284919E-003     0.400000000000E+001    -0.102051372831E-013    -0.833312698012E+002     0.137922764966E+000
     0.859620395664E-003     0.400000000000E+001    -0.989737724608E-014    -0.808182183873E+002     0.141931438367E+000
     0.912197570216E-003     0.400000000000E+001    -0.960024531071E-014    -0.783919520093E+002     0.146053065711E+000
     0.967929372233E-003     0.400000000000E+001    -0.931321257680E-014    -0.760481518695E+002     0.150291366255E+000
     0.102700507918E-002     0.400000000000E+001    -0.903576390176E-014    -0.737826115093E+002     0.154650126190E+000
     0.108962532517E-002     0.400000000000E+001    -0.876742994636E-014    -0.715914984832E+002     0.159133203435E+000
     0.115600278233E-002     0.400000000000E+001    -0.850779112851E-014    -0.694713866433E+002     0.163744537426E+000
     0.122636288312E-002     0.400000000000E+001    -0.825646945324E-014    -0.674191894266E+002     0.168488158390E+000
     0.130094458593E-002     0.400000000000E+001    -0.801311937376E-014    -0.654320852293E+002     0.173368194725E+000
     0.138000118665E-002     0.400000000000E+001    -0.777742107638E-014    -0.635074625745E+002     0.178388878836E+000
     0.146380117888E-002     0.400000000000E+001    -0.754907638699E-014    -0.616428866858E+002     0.183554552262E+000
     0.155262916586E-002     0.400000000000E+001    -0.732781393747E-014    -0.598361416742E+002     0.188869676275E+000
     0.164678682697E-002     0.400000000000E+001    -0.711352804338E-014    -0.580863645611E+002     0.194338952504E+000
     0.174659394236E-002     0.400000000000E+001    -0.690576485479E-014    -0.563898493802E+002     0.199967060708E+000
     0.185238947896E-002     0.400000000000E+001    -0.670425083002E-014    -0.547443624944E+002     0.205758769914E+000
     0.196453274170E-002     0.400000000000E+001    -0.650875991644E-014    -0.531480580439E+002     0.211718966551E+000
     0.208340459379E-002     0.400000000000E+001    -0.631908672657E-014    -0.515992589126E+002     0.217852666025E+000
     0.220940875020E-002     0.400000000000E+001    -0.613504328806E-014    -0.500964301897E+002     0.224165024450E+000
     0.234297314879E-002     0.400000000000E+001    -0.595645671002E-014    -0.486381601141E+002     0.230661351054E+000
     0.248455140365E-002     0.400000000000E+001    -0.578316611089E-014    -0.472231349881E+002     0.237347120095E+000
     0.263462434571E-002     0.400000000000E+001    -0.561501910741E-014    -0.458501105079E+002     0.244227981072E+000
     0.279370165569E-002     0.400000000000E+001    -0.545186855320E-014    -0.445178851323E+002     0.251309766486E+000
     0.296232359518E-002     0.400000000000E+001    -0.529356996128E-014    -0.432252790352E+002     0.258598496871E+000
     0.314106284138E-002     0.400000000000E+001    -0.513998033072E-014    -0.419711245258E+002     0.266100384031E+000
     0.333052643213E-002     0.400000000000E+001    -0.499095828252E-014    -0.407542671568E+002     0.273821833825E+000
     0.353135782749E-002     0.400000000000E+001    -0.484636500108E-014    -0.395735734128E+002     0.281769449793E+000
     0.374423909507E-002     0.400000000000E+001    -0.470606517281E-014    -0.384279383744E+002     0.289950038025E+000
     0.396989322653E-002     0.400000000000E+001    -0.456992739790E-014    -0.373162890809E+002     0.298370612827E+000
     0.420908659296E-002     0.400000000000E+001    -0.443782414499E-014    -0.362375841596E+002     0.307038402573E+000
     0.446263154769E-002     0.400000000000E+001    -0.430961336309E-014    -0.351906636761E+002     0.315960817802E+000
     0.473138918520E-002     0.400000000000E+001    -0.418519678644E-014    -0.341747252298E+002     0.325145536217E+000
     0.501627226558E-002     0.400000000000E+001    -0.406448260143E-014    -0.331890191054E+002     0.334600526215E+000
     0.531824831448E-002     0.400000000000E+001    -0.394730168679E-014    -0.322321643231E+002     0.344333867844E+000
     0.563834290904E-002     0.400000000000E+001    -0.383355254383E-014    -0.313033320832E+002     0.354353895236E+000
     0.597764316095E-002     0.400000000000E+001    -0.372311834278E-014    -0.304015683981E+002     0.364669155052E+000
     0.633730140856E-002     0.400000000000E+001    -0.361596052031E-014    -0.295265583744E+002     0.375288625295E+000
     0.671853913045E-002     0.400000000000E+001    -0.351175015006E-014    -0.286756161246E+002     0.386220851860E+000
     0.712265109384E-002     0.400000000000E+001    -0.341037376915E-014    -0.278478151539E+002     0.397474487118E+000
     0.755100975191E-002     0.400000000000E+001    -0.331148204769E-014    -0.270403029673E+002     0.409057435011E+000
     0.800506990496E-002     0.400000000000E+001    -0.321468121530E-014    -0.262498641856E+002     0.420976452360E+000
     0.848637364120E-002     0.400000000000E+001    -0.311942219232E-014    -0.254720152332E+002     0.433236228462E+000
     0.899655557408E-002     0.400000000000E+001    -0.302491197873E-014    -0.247002807735E+002     0.445837865449E+000
     0.953734839373E-002     0.400000000000E+001    -0.293017603421E-014    -0.239267030808E+002     0.458777254674E+000
     0.101105887516E-001     0.400000000000E+001    -0.283370544224E-014    -0.231389609168E+002     0.472041440911E+000
     0.107182234982E-001     0.400000000000E+001    -0.273353769125E-014    -0.223210291584E+002     0.485604473806E+000
     0.113623162948E-001     0.400000000000E+001    -0.262685669316E-014    -0.214499127013E+002     0.499420208065E+000
     0.120450546223E-001     0.400000000000E+001    -0.251159440017E-014    -0.205087246537E+002     0.513422300435E+000
     0.127687572104E-001     0.400000000000E+001    -0.238364976942E-014    -0.194639774593E+002     0.527508431297E+000
     0.135358819124E-001     0.400000000000E+001    -0.224006603564E-014    -0.182915272975E+002     0.541540313724E+000
     0.143490340526E-001     0.400000000000E+001    -0.207594397361E-014    -0.169513689584E+002     0.555324355672E+000
     0.152109752747E-001     0.400000000000E+001    -0.188855534981E-014    -0.154212247248E+002     0.568616544958E+000
     0.161246329208E-001     0.400000000000E+001    -0.167567246344E-014    -0.136829040390E+002     0.581118034854E+000
     0.170931099734E-001     0.400000000000E+001    -0.143716524979E-014    -0.117353448422E+002     0.592483447038E+000
     0.181196955938E-001     0.400000000000E+001    -0.117847967901E-014    -0.962301685541E+001     0.602362297766E+000
     0.192078762926E-001     0.400000000000E+001    -0.914242044828E-015    -0.746535283042E+001     0.610485950626E+000
     0.203613477710E-001     0.400000000000E+001    -0.670457872675E-015    -0.547470399744E+001     0.616800865540E+000
     0.215840274722E-001     0.400000000000E+001    -0.480283147367E-015    -0.392180951847E+001     0.621595982430E+000
     0.228800678855E-001     0.400000000000E+001    -0.360670751056E-015    -0.294510018159E+001     0.625412951286E+000
     0.242538706494E-001     0.400000000000E+001    -0.301922645530E-015    -0.246538549515E+001     0.628799904694E+000
     0.257101015006E-001     0.400000000000E+001    -0.282860629220E-015    -0.230973231969E+001     0.632163408156E+000
     0.272537061195E-001     0.400000000000E+001    -0.281869460230E-015    -0.230163881068E+001     0.635716228455E+000
     0.288899269272E-001     0.400000000000E+001    -0.293710566401E-015    -0.239832878023E+001     0.639640423909E+000
     0.306243208897E-001     0.400000000000E+001    -0.309045776712E-015    -0.252355027529E+001     0.644017254270E+000
     0.324627783907E-001     0.400000000000E+001    -0.326095476103E-015    -0.266277163612E+001     0.648912646758E+000
     0.344115432366E-001     0.400000000000E+001    -0.341496831631E-015    -0.278853324786E+001     0.654346842323E+000
     0.364772338618E-001     0.400000000000E+001    -0.353907402028E-015    -0.288987324570E+001     0.660316426395E+000
     0.386668658063E-001     0.400000000000E+001    -0.363754371800E-015    -0.297027985581E+001     0.666820246051E+000
     0.409878755421E-001     0.400000000000E+001    -0.371986149878E-015    -0.303749742487E+001     0.673870307147E+000
     0.434481457293E-001     0.400000000000E+001    -0.379216737757E-015    -0.309653965553E+001     0.681488631345E+000
     0.460560319869E-001     0.400000000000E+001    -0.385622830676E-015    -0.314884937392E+001     0.689700472354E+000
     0.488203912708E-001     0.400000000000E+001    -0.391184495484E-015    -0.319426381351E+001     0.698530565182E+000
     0.517506119535E-001     0.400000000000E+001    -0.394112095518E-015    -0.321816948195E+001     0.707960511959E+000
     0.548566457095E-001     0.400000000000E+001    -0.394032566637E-015    -0.321752007935E+001     0.717954237936E+000
     0.581490413132E-001     0.400000000000E+001    -0.391845346399E-015    -0.319966007074E+001     0.728488784686E+000
     0.616389804647E-001     0.400000000000E+001    -0.385540031574E-015    -0.314817326794E+001     0.739475717830E+000
     0.653383157655E-001     0.400000000000E+001    -0.375369305772E-015    -0.306512298920E+001     0.750814635505E+000
     0.692596109728E-001     0.400000000000E+001    -0.361576709743E-015    -0.295249789567E+001     0.762392251353E+000
     0.734161836681E-001     0.400000000000E+001    -0.344658115589E-015    -0.281434709036E+001     0.774090289624E+000
     0.778221504872E-001     0.400000000000E+001    -0.326749873177E-015    -0.266811519374E+001     0.785845916637E+000
     0.824924750635E-001     0.400000000000E+001    -0.309769379767E-015    -0.252945894264E+001     0.797659310901E+000
     0.874430188470E-001     0.400000000000E+001    -0.297361923763E-015    -0.242814437575E+001     0.809679945946E+000
     0.926905949743E-001     0.400000000000E+001    -0.291385968220E-015    -0.237934699558E+001     0.822165750439E+000
     0.982530253690E-001     0.400000000000E+001    -0.291457639740E-015    -0.237993223796E+001     0.835403957856E+000
     0.104149201269E+000     0.400000000000E+001    -0.295326224111E-015    -0.241152162662E+001     0.849622713554E+000
     0.110399147386E+000     0.400000000000E+001    -0.300599046254E-015    -0.245457748686E+001     0.864963690586E+000
     0.117024089912E+000     0.400000000000E+001    -0.305845113934E-015    -0.249741488033E+001     0.881508920632E+000
     0.124046528610E+000     0.400000000000E+001    -0.309437379536E-015    -0.252674795501E+001     0.899252853252E+000
     0.131490313229E+000     0.400000000000E+001    -0.309914403172E-015    -0.253064314860E+001     0.918090415797E+000
     0.139380724499E+000     0.400000000000E+001    -0.306989735170E-015    -0.250676142202E+001     0.937869794372E+000
     0.147744559993E+000     0.400000000000E+001    -0.301248112392E-015    -0.245987751409E+001     0.958443805237E+000
     0.156610225139E+000     0.400000000000E+001    -0.293047947392E-015    -0.239291808541E+001     0.979658615703E+000
     0.166007829686E+000     0.400000000000E+001    -0.282452549492E-015    -0.230640009584E+001     0.100133325173E+001
     0.175969289968E+000     0.400000000000E+001    -0.270363943769E-015    -0.220768913908E+001     0.102332505940E+001
     0.185969289968E+000     0.400000000000E+001    -0.260758987155E-015    -0.212925871637E+001     0.104461764657E+001
     0.195969289968E+000     0.400000000000E+001    -0.256608975283E-015    -0.209537129777E+001     0.106557135955E+001
     0.205969289968E+000     0.400000000000E+001    -0.258206468644E-015    -0.210841582099E+001     0.108665551776E+001
     0.215969289968E+000     0.400000000000E+001    -0.261982074402E-015    -0.213924598166E+001     0.110804797757E+001
     0.225969289968E+000     0.400000000000E+001    -0.264282469042E-015    -0.215803012939E+001     0.112962827887E+001
     0.235969289968E+000     0.400000000000E+001    -0.264066601186E-015    -0.215626743458E+001     0.115119095321E+001
     0.245969289968E+000     0.400000000000E+001    -0.261983065088E-015    -0.213925407121E+001     0.117258349392E+001
     0.255969289968E+000     0.400000000000E+001    -0.257911822307E-015    -0.210600985106E+001     0.119364359243E+001
     0.265969289968E+000     0.400000000000E+001    -0.254320290982E-015    -0.207668277220E+001     0.121441042016E+001
     0.275969289968E+000     0.400000000000E+001    -0.251901505990E-015    -0.205693189387E+001     0.123497973910E+001
     0.285969289968E+000     0.400000000000E+001    -0.251140105727E-015    -0.205071458891E+001     0.125548688498E+001
     0.295969289968E+000     0.400000000000E+001    -0.252060171160E-015    -0.205822749331E+001     0.127606915992E+001
     0.305969289968E+000     0.400000000000E+001    -0.253013150997E-015    -0.206600916422E+001     0.129672925156E+001
     0.315969289968E+000     0.400000000000E+001    -0.253885595541E-015    -0.207313321456E+001     0.131746058371E+001
     0.325969289968E+000     0.400000000000E+001    -0.253787632280E-015    -0.207233328383E+001     0.133818391654E+001
     0.335969289968E+000     0.400000000000E+001    -0.252272392327E-015    -0.205996041065E+001     0.135878352065E+001
     0.345969289968E+000     0.400000000000E+001    -0.249669153013E-015    -0.203870334849E+001     0.137917055413E+001
     0.355969289968E+000     0.400000000000E+001    -0.246402554783E-015    -0.201202954970E+001     0.139929084963E+001
     0.365969289968E+000     0.400000000000E+001    -0.243643877531E-015    -0.198950324045E+001     0.141918588204E+001
     0.375969289968E+000     0.400000000000E+001    -0.242031343087E-015    -0.197633589746E+001     0.143894924101E+001
     0.385969289968E+000     0.400000000000E+001    -0.241632933116E-015    -0.197308263317E+001     0.145868006734E+001
     0.395969289968E+000     0.400000000000E+001    -0.242281049923E-015    -0.197837490851E+001     0.147846381643E+001
     0.405969289968E+000     0.400000000000E+001    -0.242657795308E-015    -0.198145126805E+001     0.149827832911E+001
     0.415969289968E+000     0.400000000000E+001    -0.242707238725E-015    -0.198185500418E+001     0.151809687915E+001
     0.425969289968E+000     0.400000000000E+001    -0.241654829716E-015    -0.197326143247E+001     0.153782949347E+001
     0.435969289968E+000     0.400000000000E+001    -0.240485625247E-015    -0.196371415346E+001     0.155746663501E+001
     0.445969289968E+000     0.400000000000E+001    -0.238872086056E-015    -0.195053860609E+001     0.157697202107E+001
     0.455969289968E+000     0.400000000000E+001    -0.236948440489E-015    -0.193483084800E+001     0.159632032955E+001
     0.465969289968E+000     0.400000000000E+001    -0.234846789428E-015    -0.191766956474E+001     0.161549702520E+001
     0.475969289968E+000     0.400000000000E+001    -0.232776155438E-015    -0.190076155509E+001     0.163450464075E+001
     0.485969289968E+000     0.400000000000E+001    -0.231085554005E-015    -0.188695674676E+001     0.165337420822E+001
     0.495969289968E+000     0.400000000000E+001    -0.230082848775E-015    -0.187876903720E+001     0.167216189859E+001
     0.505969289968E+000     0.400000000000E+001    -0.230350044222E-015    -0.188095085361E+001     0.169097140712E+001
     0.515969289968E+000     0.400000000000E+001    -0.230712111939E-015    -0.188390736087E+001     0.170981048073E+001
     0.525969289968E+000     0.400000000000E+001    -0.231490101207E-015    -0.189026012535E+001     0.172871308199E+001
     0.535969289968E+000     0.400000000000E+001    -0.232359790395E-015    -0.189736167650E+001     0.174768669875E+001
     0.545969289968E+000     0.400000000000E+001    -0.233101919986E-015    -0.190342162449E+001     0.176672091500E+001
     0.555969289968E+000     0.400000000000E+001    -0.233618169516E-015    -0.190763712181E+001     0.178579728621E+001
     0.565969289968E+000     0.400000000000E+001    -0.233765770104E-015    -0.190884237207E+001     0.180488570994E+001
     0.575969289968E+000     0.400000000000E+001    -0.232619255232E-015    -0.189948036768E+001     0.182388051361E+001
     0.585969289968E+000     0.400000000000E+001    -0.231067264214E-015    -0.188680739929E+001     0.184274858761E+001
     0.595969289968E+000     0.400000000000E+001    -0.229263009747E-015    -0.187207454351E+001     0.186146933304E+001
     0.605969289968E+000     0.400000000000E+001    -0.227307599667E-015    -0.185610740848E+001     0.188003040713E+001
     0.615969289968E+000     0.400000000000E+001    -0.225486605555E-015    -0.184123786313E+001     0.189844278576E+001
     0.625969289968E+000     0.400000000000E+001    -0.223769302760E-015    -0.182721502164E+001     0.191671493597E+001
     0.635969289968E+000     0.400000000000E+001    -0.222421398634E-015    -0.181620854919E+001     0.193487702146E+001
     0.645969289968E+000     0.400000000000E+001    -0.221580967515E-015    -0.180934590830E+001     0.195297048055E+001
     0.655969289968E+000     0.400000000000E+001    -0.221551978230E-015    -0.180910919283E+001     0.197106157248E+001
     0.665969289968E+000     0.400000000000E+001    -0.221582682476E-015    -0.180935991202E+001     0.198915517160E+001
     0.675969289968E+000     0.400000000000E+001    -0.222141417987E-015    -0.181392233370E+001     0.200729439493E+001
     0.685969289968E+000     0.400000000000E+001    -0.223067567766E-015    -0.182148492056E+001     0.202550924414E+001
     0.695969289968E+000     0.400000000000E+001    -0.223981029895E-015    -0.182894390490E+001     0.204379868319E+001
     0.705969289968E+000     0.400000000000E+001    -0.224731174903E-015    -0.183506930373E+001     0.206214937622E+001
     0.715969289968E+000     0.400000000000E+001    -0.225301902612E-015    -0.183972964915E+001     0.208054667272E+001
     0.725969289968E+000     0.400000000000E+001    -0.225478810404E-015    -0.184117421089E+001     0.209895841483E+001
     0.735969289968E+000     0.400000000000E+001    -0.225409395767E-015    -0.184060739737E+001     0.211736448880E+001
     0.745969289968E+000     0.400000000000E+001    -0.225444290264E-015    -0.184089233255E+001     0.213577341212E+001
     0.755969289968E+000     0.400000000000E+001    -0.225057457050E-015    -0.183773359965E+001     0.215415074812E+001
