 #        time                      h  [L]            Darcian flow [L.T^{-1}]   in    x         z              directions   cumulative flux
 #-----------------------------------------------------------------------------------------------

     0.100000000000E-005    -0.280000000000E+003    -0.786146445611E-030    -0.641937288497E-014     0.641937288497E-020
     0.205999994278E-005    -0.280000000000E+003     0.505778066013E-014    -0.966664217824E-014     0.179838273093E-019
     0.318359982147E-005    -0.280000000000E+003     0.000000000000E+000     0.000000000000E+000     0.179838273093E-019
     0.437461562859E-005    -0.280000000000E+003     0.505778066013E-014    -0.324726929327E-014     0.251424072909E-019
     0.563709231599E-005    -0.280000000000E+003     0.151733419804E-013    -0.161611807648E-013     0.531288152763E-019
     0.697531753239E-005    -0.280000000000E+003     0.101155613203E-013    -0.257526572415E-013     0.901549686960E-019
     0.839383618521E-005    -0.280000000000E+003     0.505778066013E-014    -0.289247608332E-013     0.131807829616E-018
     0.989746587602E-005    -0.280000000000E+003    -0.505778066013E-014    -0.224302222466E-013     0.166381374544E-018
     0.114913132622E-004    -0.280000000000E+003    -0.505778066013E-014    -0.160108493616E-013     0.193143227530E-018
     0.131807914004E-004    -0.280000000000E+003    -0.101155613203E-013    -0.127635800684E-013     0.220658056091E-018
     0.149716381303E-004    -0.280000000000E+003    -0.151733419804E-013    -0.159356836601E-013     0.260063859928E-018
     0.168699355614E-004    -0.280000000000E+003    -0.505778066013E-014    -0.959147647667E-014     0.280647704467E-018
     0.188821307298E-004    -0.280000000000E+003    -0.151733419804E-013    -0.309693789013E-014     0.311808892464E-018
     0.210150574931E-004    -0.280000000000E+003    -0.151733419804E-013    -0.951631077510E-014     0.350010943263E-018
     0.232759597402E-004    -0.280000000000E+003    -0.202311226405E-013    -0.626904148183E-014     0.397897216030E-018
     0.256725159928E-004    -0.280000000000E+003    -0.202311226405E-013    -0.126884143668E-013     0.455128975555E-018
     0.282128654833E-004    -0.280000000000E+003    -0.303466839608E-013     0.225497104719E-015     0.532222286972E-018
     0.309056357980E-004    -0.280000000000E+003    -0.252889033006E-013     0.339760069642E-014     0.600931334329E-018
     0.337599721774E-004    -0.280000000000E+003    -0.303466839608E-013     0.225497104719E-015     0.687553369685E-018
     0.367855685763E-004    -0.280000000000E+003    -0.303466839608E-013     0.225497104719E-015     0.779372722207E-018
     0.399927005860E-004    -0.280000000000E+003    -0.303466839608E-013    -0.619387578025E-014     0.878705078288E-018
     0.433922603327E-004    -0.280000000000E+003    -0.303466839608E-013    -0.126132486652E-013     0.990426801588E-018
     0.469957934698E-004    -0.280000000000E+003    -0.354044646209E-013    -0.157853522569E-013     0.113011442807E-017
     0.508155383889E-004    -0.280000000000E+003    -0.354044646209E-013    -0.936597937195E-014     0.127000252417E-017
     0.548644677845E-004    -0.280000000000E+003    -0.354044646209E-013    -0.157853522569E-013     0.142695552434E-017
     0.591563327122E-004    -0.280000000000E+003    -0.404622452810E-013    -0.189574558486E-013     0.161872930606E-017
     0.637057092900E-004    -0.280000000000E+003    -0.354044646209E-013    -0.286240980269E-013     0.182585413822E-017
     0.685280482021E-004    -0.280000000000E+003    -0.303466839608E-013    -0.254519944352E-013     0.201685317294E-017
     0.736397271730E-004    -0.280000000000E+003    -0.303466839608E-013    -0.318713673201E-013     0.224180801184E-017
     0.790581065897E-004    -0.280000000000E+003    -0.252889033006E-013    -0.286992637284E-013     0.244906908952E-017
     0.848015884613E-004    -0.280000000000E+003    -0.252889033006E-013    -0.222798908435E-013     0.264264421159E-017
     0.908896789166E-004    -0.280000000000E+003    -0.354044646209E-013    -0.222047251419E-013     0.289707438611E-017
     0.973430544509E-004    -0.280000000000E+003    -0.354044646209E-013    -0.286240980269E-013     0.319088482400E-017
     0.104183632148E-003    -0.280000000000E+003    -0.354044646209E-013    -0.286240980269E-013     0.350232387135E-017
     0.111434644115E-003    -0.280000000000E+003    -0.354044646209E-013    -0.222047251419E-013     0.380535423101E-017
     0.119120716386E-003    -0.280000000000E+003    -0.354044646209E-013    -0.222047251419E-013     0.412656639491E-017
     0.127267952553E-003    -0.280000000000E+003    -0.354044646209E-013    -0.157853522569E-013     0.444238646351E-017
     0.135904022424E-003    -0.280000000000E+003    -0.354044646209E-013    -0.294660648698E-014     0.474919900885E-017
     0.145058255993E-003    -0.280000000000E+003    -0.404622452810E-013     0.672003569126E-014     0.512467350735E-017
     0.154761743052E-003    -0.280000000000E+003    -0.354044646209E-013     0.163115121679E-013     0.550292802189E-017
     0.165047438780E-003    -0.280000000000E+003    -0.303466839608E-013     0.130642428747E-013     0.584276025930E-017
     0.175950275662E-003    -0.280000000000E+003    -0.252889033006E-013     0.981697358139E-014     0.613852703600E-017
     0.187507282134E-003    -0.280000000000E+003    -0.252889033006E-013     0.162363464664E-013     0.648584297707E-017
     0.199757708333E-003    -0.280000000000E+003    -0.202311226405E-013     0.194084500581E-013     0.682928914461E-017
     0.212743159403E-003    -0.280000000000E+003    -0.151733419804E-013     0.289999265347E-013     0.725429763097E-017
     0.226507736794E-003    -0.280000000000E+003    -0.151733419804E-013     0.289999265347E-013     0.770480660220E-017
     0.241098188040E-003    -0.280000000000E+003    -0.202311226405E-013     0.386665687130E-013     0.834152591383E-017
     0.256564065527E-003    -0.280000000000E+003    -0.252889033006E-013     0.290750922363E-013     0.893749214330E-017
     0.272957894778E-003    -0.280000000000E+003    -0.303466839608E-013     0.323223615296E-013     0.966432440633E-017
     0.290335352846E-003    -0.280000000000E+003    -0.303466839608E-013     0.259029886446E-013     0.103576579906E-016
     0.308755457403E-003    -0.280000000000E+003    -0.202311226405E-013     0.322471958280E-013     0.110588763063E-016
     0.328280767180E-003    -0.280000000000E+003     0.235843933683E-029     0.192581186549E-013     0.114348970387E-016
     0.348977594427E-003    -0.280000000000E+003     0.314458578245E-029     0.256774915399E-013     0.119663396453E-016
     0.370916230124E-003    -0.280000000000E+003     0.393073222806E-029     0.320968644249E-013     0.126705010609E-016
     0.394171182707E-003    -0.280000000000E+003    -0.101155613203E-013     0.321720301264E-013     0.134547703644E-016
     0.418821431115E-003    -0.280000000000E+003    -0.151733419804E-013     0.289999265347E-013     0.142615628822E-016
     0.444950693017E-003    -0.280000000000E+003    -0.151733419804E-013     0.225805536498E-013     0.149724093010E-016
     0.472647709137E-003    -0.280000000000E+003    -0.101155613203E-013     0.193332843565E-013     0.155767506178E-016
     0.502006544641E-003    -0.280000000000E+003    -0.505778066013E-014     0.160860150632E-013     0.160718114740E-016
     0.533126908594E-003    -0.280000000000E+003    -0.101155613203E-013     0.193332843565E-013     0.167508493042E-016
     0.566114492604E-003    -0.280000000000E+003     0.505778066013E-014     0.160108493616E-013     0.173047347523E-016
     0.601081329767E-003    -0.280000000000E+003     0.505778066013E-014     0.959147647667E-014     0.176838913209E-016
     0.638146175159E-003    -0.280000000000E+003     0.101155613203E-013     0.191829529533E-013     0.184877032029E-016
     0.677434909153E-003    -0.280000000000E+003    -0.505778066013E-014     0.289247608332E-013     0.196413631633E-016
     0.719080964939E-003    -0.280000000000E+003    -0.101155613203E-013     0.385914030114E-013     0.213028377482E-016
     0.763225781689E-003    -0.280000000000E+003    -0.101155613203E-013     0.257526572415E-013     0.225242410947E-016
     0.810019284919E-003    -0.280000000000E+003    -0.505778066013E-014     0.160860150632E-013     0.233132925462E-016
     0.859620395664E-003    -0.280000000000E+003    -0.505778066013E-014     0.160860150632E-013     0.241496870398E-016
     0.912197570216E-003    -0.280000000000E+003     0.235843933683E-029     0.192581186549E-013     0.251622245058E-016
     0.967929372233E-003    -0.280000000000E+003     0.314458578245E-029     0.256774915399E-013     0.265932773806E-016
     0.102700507918E-002    -0.280000000000E+003    -0.505778066013E-014     0.289247608332E-013     0.283279547501E-016
     0.108962532517E-002    -0.280000000000E+003    -0.101155613203E-013     0.321720301264E-013     0.304398118492E-016
     0.115600278233E-002    -0.280000000000E+003     0.393073222806E-029     0.320968644249E-013     0.325703200926E-016
     0.122636288312E-002    -0.280000000000E+003     0.393073222806E-029     0.320968644249E-013     0.348286587087E-016
     0.130094458593E-002    -0.280000000000E+003    -0.151733419804E-013     0.610967909596E-013     0.395237816687E-016
     0.138000118665E-002    -0.280000000000E+003    -0.151733419804E-013     0.610967909596E-013     0.445006117377E-016
     0.146380117888E-002    -0.280000000000E+003    -0.202311226405E-013     0.579246873679E-013     0.496422502032E-016
     0.155262916586E-002    -0.280000000000E+003    -0.151733419804E-013     0.546774180746E-013     0.546826810897E-016
     0.164678682697E-002    -0.280000000000E+003    -0.101155613203E-013     0.450107758964E-013     0.590264981453E-016
     0.174659394236E-002    -0.280000000000E+003    -0.101155613203E-013     0.578495216663E-013     0.648878971305E-016
     0.185238947896E-002    -0.280000000000E+003    -0.151733419804E-013     0.546774180746E-013     0.708911299911E-016
     0.196453274170E-002    -0.280000000000E+003    -0.505778066013E-014     0.546022523730E-013     0.770406181650E-016
     0.208340459379E-002    -0.280000000000E+003    -0.505778066013E-014     0.546022523730E-013     0.835590752776E-016
     0.220940875020E-002    -0.280000000000E+003     0.707531801050E-029     0.577743559647E-013     0.908388842633E-016
     0.234297314879E-002    -0.280000000000E+003     0.707531801050E-029     0.577743559647E-013     0.985554813716E-016
     0.248455140365E-002    -0.280000000000E+003    -0.101155613203E-013     0.450107758964E-013     0.105086973668E-015
     0.263462434571E-002    -0.280000000000E+003    -0.505778066013E-014     0.417635066031E-013     0.111400340306E-015
     0.279370165569E-002    -0.280000000000E+003     0.505778066013E-014     0.416883409015E-013     0.118080638309E-015
     0.296232359518E-002    -0.280000000000E+003     0.505778066013E-014     0.481077137865E-013     0.126237363234E-015
     0.314106284138E-002    -0.280000000000E+003     0.550302511928E-029     0.449356101948E-013     0.134269120328E-015
     0.333052643213E-002    -0.280000000000E+003     0.505778066013E-014     0.416883409015E-013     0.142225460847E-015
     0.353135782749E-002    -0.280000000000E+003    -0.505778066013E-014     0.417635066031E-013     0.150674167281E-015
     0.374423909507E-002    -0.280000000000E+003    -0.202311226405E-013     0.450859415979E-013     0.161194122097E-015
     0.396989322653E-002    -0.280000000000E+003    -0.505778066013E-014     0.417635066031E-013     0.170687087622E-015
     0.420908659296E-002    -0.280000000000E+003    -0.101155613203E-013     0.321720301264E-013     0.178753843046E-015
     0.446263154769E-002    -0.280000000000E+003    -0.505778066013E-014     0.225053879482E-013     0.184602293856E-015
     0.473138918520E-002    -0.280000000000E+003    -0.101155613203E-013     0.649453858654E-014     0.187833020152E-015
     0.501627226558E-002    -0.280000000000E+003     0.786146445611E-030     0.641937288497E-014     0.189661790874E-015
     0.531824831448E-002    -0.280000000000E+003     0.786146445611E-030     0.641937288497E-014     0.191600287734E-015
     0.563834290904E-002    -0.280000000000E+003    -0.505778066013E-014     0.966664217824E-014     0.195092475989E-015
     0.597764316095E-002    -0.280000000000E+003     0.505778066013E-014     0.317210359170E-014     0.197118169148E-015
     0.633730140856E-002    -0.280000000000E+003    -0.505778066013E-014     0.160860150632E-013     0.203182875630E-015
     0.671853913045E-002    -0.280000000000E+003     0.101155613203E-013     0.191829529533E-013     0.211450640071E-015
     0.712265109384E-002    -0.280000000000E+003     0.505778066013E-014     0.959147647667E-014     0.215832554988E-015
     0.755100975191E-002    -0.280000000000E+003    -0.101155613203E-013     0.751657015730E-016     0.220165762886E-015
     0.800506990496E-002    -0.280000000000E+003     0.000000000000E+000     0.000000000000E+000     0.220165762886E-015
     0.848637364120E-002    -0.280000000000E+003     0.505778066013E-014    -0.160860150632E-013     0.228281706030E-015
     0.899655557408E-002    -0.280000000000E+003    -0.505778066013E-014    -0.160108493616E-013     0.236848030511E-015
     0.953734839373E-002    -0.280000000000E+003    -0.101155613203E-013     0.193332843565E-013     0.248647981933E-015
     0.101105887516E-001    -0.280000000000E+003     0.314458578245E-029     0.256774915399E-013     0.263367356373E-015
     0.107182234982E-001    -0.280000000000E+003    -0.505778066013E-014     0.289247608332E-013     0.281209719981E-015
     0.113623162948E-001    -0.280000000000E+003    -0.151733419804E-013     0.289999265347E-013     0.302290612981E-015
     0.120450546223E-001    -0.280000000000E+003    -0.101155613203E-013     0.751657015730E-016     0.309197085063E-015
     0.127687572104E-001    -0.280000000000E+003    -0.151733419804E-013     0.332243499485E-014     0.320438236043E-015
     0.135358819124E-001    -0.280000000000E+003    -0.303466839608E-013     0.194836157596E-013     0.348102974843E-015
     0.143490340526E-001    -0.280000000000E+003    -0.101155613203E-013     0.321720301264E-013     0.375526391870E-015
     0.152109752747E-001    -0.280000000000E+003     0.252889033006E-013     0.351186366134E-013     0.412828109662E-015
     0.161246329208E-001    -0.280000000000E+003    -0.101155613203E-013     0.321720301264E-013     0.443641057707E-015
     0.170931099734E-001    -0.280000000000E+003     0.101155613203E-013     0.634420718340E-014     0.455205077062E-015
     0.181196955938E-001    -0.280000000000E+003    -0.505778066013E-014    -0.416883409015E-013     0.498315548759E-015
     0.192078762926E-001    -0.280000000000E+003     0.202311226405E-013    -0.579246873679E-013     0.565082043471E-015
     0.203613477710E-001    -0.280000000000E+003     0.151733419804E-013     0.309693789013E-014     0.582944894031E-015
     0.215840274722E-001    -0.280000000000E+003    -0.121386735843E-012     0.586763443836E-013     0.747792106180E-015
     0.228800678855E-001    -0.279999999998E+003     0.166967455154E-009    -0.718537868058E-010     0.236331784778E-012
     0.242538706494E-001    -0.279999999999E+003     0.711579161077E-010    -0.277051682364E-010     0.341236944986E-012
     0.257101015006E-001    -0.280000000000E+003     0.370178966516E-010    -0.130913468498E-010     0.398415252431E-012
     0.272537061195E-001    -0.279999998807E+003     0.128271423517E-006    -0.537642331976E-007     0.215087964759E-009
     0.288899269272E-001    -0.279999999517E+003     0.514812124098E-007    -0.192184098737E-007     0.305000680371E-009
     0.306243208897E-001    -0.279999999746E+003     0.253110665474E-007    -0.846581535889E-008     0.351290486156E-009
     0.324627783907E-001    -0.279999999801E+003     0.183391434851E-007    -0.605464882098E-008     0.386796186891E-009
     0.344115432366E-001    -0.279999999862E+003     0.111883469574E-007    -0.348596978745E-008     0.409633440510E-009
     0.364772338618E-001    -0.279999999901E+003     0.677414864811E-008    -0.200185812186E-008     0.424224957076E-009
     0.386668658063E-001    -0.280000001492E+003    -0.167578291422E-006     0.665369537105E-007     0.819025068953E-009
     0.409878755421E-001    -0.280000000485E+003    -0.566187235022E-007     0.196427295660E-007     0.958121474009E-009
     0.434481457293E-001    -0.280000000215E+003    -0.241223210917E-007     0.737942297642E-008     0.102018381976E-008
     0.460560319869E-001    -0.279999999974E+003     0.408606466723E-008    -0.273597713708E-008     0.103300801799E-008
     0.488203912708E-001    -0.279999996687E+003     0.370317256134E-006    -0.139806236326E-006     0.212722178684E-008
     0.517506119535E-001    -0.279999998971E+003     0.113292456810E-006    -0.364314235727E-007     0.247593564612E-008
     0.548566457095E-001    -0.280000012521E+003    -0.141110182143E-005     0.521842623580E-006     0.714897150859E-008
     0.581490413132E-001    -0.280000003684E+003    -0.410726903685E-006     0.128557237032E-006     0.856593975485E-008
     0.616389804647E-001    -0.280000001514E+003    -0.146294381851E-006     0.394836879109E-007     0.909476639827E-008
     0.653383157655E-001    -0.280000000883E+003    -0.678907258773E-007     0.175161121421E-007     0.935414137852E-008
     0.692596109728E-001    -0.280000002177E+003    -0.215856717889E-006     0.720605049271E-007     0.102464996225E-007
     0.734161836681E-001    -0.280000025601E+003    -0.289689996250E-005     0.990750296650E-006     0.229724125941E-007
     0.778221504872E-001    -0.280000007027E+003    -0.741823580181E-006     0.209399714824E-006     0.263685827617E-007
     0.824924750635E-001    -0.280000002702E+003    -0.210572337742E-006     0.488832637019E-007     0.273781756184E-007
     0.874430188470E-001    -0.280000002871E+003    -0.228400457513E-006     0.664322611861E-007     0.285557393805E-007
     0.926905949743E-001    -0.280000001457E+003    -0.729963780572E-007     0.182305851238E-007     0.289505589124E-007
     0.982530253690E-001    -0.280000002484E+003    -0.203396450095E-006     0.625048941828E-007     0.301341544094E-007
     0.104149201269E+000    -0.280000001148E+003    -0.558228713046E-007     0.141256750243E-007     0.304736701057E-007
     0.110399147386E+000    -0.280000001691E+003    -0.122078198545E-006     0.466896278573E-007     0.312905504460E-007
     0.117024089912E+000    -0.280000000830E+003    -0.298464844270E-007     0.829878603711E-008     0.314957828341E-007
     0.124046528610E+000    -0.280000000631E+003    -0.116895223710E-007     0.192814288793E-008     0.315789810023E-007
     0.131490313229E+000    -0.280000000553E+003    -0.647928000132E-008     0.143860100475E-008     0.316283858905E-007
     0.139380724499E+000    -0.280000000501E+003    -0.448942771365E-008     0.326470401558E-010     0.316638102581E-007
     0.147744559993E+000    -0.280000000139E+003     0.356748939972E-007    -0.115078635445E-007     0.319773290511E-007
     0.156610225139E+000    -0.279999995149E+003     0.627904167742E-006    -0.190955645317E-006     0.377958516610E-007
     0.166007829686E+000    -0.279999999493E+003     0.948134095319E-007    -0.224898274643E-007     0.387115938556E-007
     0.175969289968E+000    -0.280000000063E+003     0.179851898404E-007    -0.333180300713E-008     0.388938009090E-007
     0.185969289968E+000    -0.279999992050E+003     0.986046661447E-006    -0.278496058187E-006     0.491400103202E-007
     0.195969289968E+000    -0.279999998853E+003     0.145656998408E-006    -0.312385094008E-007     0.506297017532E-007
     0.205969289968E+000    -0.279999999762E+003     0.311443668397E-007     0.286455564963E-008     0.509424600088E-007
     0.215969289968E+000    -0.279999999873E+003     0.946419504763E-008    -0.153384156447E-007     0.511226926314E-007
     0.225969289968E+000    -0.279999999959E+003     0.596681052235E-008    -0.248737436706E-008     0.511873377078E-007
     0.235969289968E+000    -0.279999999999E+003     0.243718265114E-008     0.233644992661E-009     0.512118212722E-007
     0.245969289968E+000    -0.279999999996E+003     0.290784454611E-008     0.524626135463E-010     0.512409044499E-007
     0.255969289968E+000    -0.280000000012E+003     0.110403765129E-008     0.442875930940E-009     0.512527999878E-007
     0.265969289968E+000    -0.280000000089E+003     0.671324284320E-009     0.173548157514E-007     0.514264779387E-007
     0.275969289968E+000    -0.280000000349E+003    -0.595346302048E-009     0.692421265938E-007     0.521189247982E-007
     0.285969289968E+000    -0.280000001015E+003    -0.964149546006E-007     0.295303055314E-007     0.531272839810E-007
     0.295969289968E+000    -0.280000000469E+003    -0.185686502984E-007    -0.152954390188E-008     0.533135993798E-007
     0.305969289968E+000    -0.280000000466E+003    -0.751404628946E-008    -0.429099556361E-008     0.534001288745E-007
     0.315969289968E+000    -0.279999999463E+003     0.120298706589E-006    -0.379063708750E-007     0.546614247066E-007
     0.325969289968E+000    -0.279999992866E+003     0.922417044443E-006    -0.255645202721E-006     0.642332984707E-007
     0.335969289968E+000    -0.279999999237E+003     0.133466052135E-006    -0.305021106588E-007     0.656023699015E-007
     0.345969289968E+000    -0.280000000091E+003     0.227491893033E-007    -0.529860278541E-008     0.658359508950E-007
     0.355969289968E+000    -0.280000001395E+003    -0.134837026995E-006     0.352691714606E-007     0.672296846682E-007
     0.365969289968E+000    -0.280000000483E+003    -0.196194497444E-007     0.306691223622E-008     0.674282617965E-007
     0.375969289968E+000    -0.280000000402E+003    -0.772029753022E-008     0.103716251454E-008     0.675061583305E-007
     0.385969289968E+000    -0.280000000355E+003    -0.228275848548E-008    -0.418453813367E-010     0.675289897504E-007
     0.395969289968E+000    -0.280000000341E+003    -0.129819067403E-008    -0.124640395561E-009     0.675420313540E-007
     0.405969289968E+000    -0.280000000330E+003    -0.954342514657E-009    -0.131124084288E-009     0.675516644385E-007
     0.415969289968E+000    -0.280000000321E+003    -0.720678106617E-009    -0.143237290659E-009     0.675590121854E-007
     0.425969289968E+000    -0.280000000313E+003    -0.734152034303E-009    -0.106476131499E-009     0.675664305166E-007
     0.435969289968E+000    -0.280000002548E+003    -0.273075768010E-006     0.746998298951E-007     0.703975158149E-007
     0.445969289968E+000    -0.280000000663E+003    -0.406276597801E-007     0.838395619353E-008     0.708123528263E-007
     0.455969289968E+000    -0.280000000414E+003    -0.901607058359E-008     0.153198647443E-008     0.709038058259E-007
     0.465969289968E+000    -0.280000000342E+003    -0.988396551655E-009     0.135980684111E-008     0.709206165439E-007
     0.475969289968E+000    -0.280000001266E+003    -0.118331000582E-006     0.262607857929E-007     0.721327161507E-007
     0.485969289968E+000    -0.280000000908E+003    -0.191303622909E-007     0.109090922900E-006     0.732402720284E-007
     0.495969289968E+000    -0.280000000566E+003    -0.497918778372E-008     0.738328100143E-008     0.733293254670E-007
     0.505969289968E+000    -0.280000000666E+003    -0.712924526897E-008    -0.472659445044E-008     0.734148630805E-007
     0.515969289968E+000    -0.280000000763E+003    -0.770912487029E-008    -0.583551712577E-008     0.735115501357E-007
     0.525969289968E+000    -0.279999990198E+003     0.128319424191E-005    -0.359161757869E-006     0.868366566297E-007
     0.535969289968E+000    -0.279999999110E+003     0.183056094897E-006    -0.432227182979E-007     0.887175536832E-007
     0.545969289968E+000    -0.279999999754E+003     0.955586581403E-007    -0.264191843531E-007     0.897089885246E-007
     0.555969289968E+000    -0.280000009361E+003    -0.107105395192E-005     0.292863061057E-006     0.100812705652E-006
     0.565969289968E+000    -0.279999988893E+003     0.143330572921E-005    -0.410092662837E-006     0.115720895701E-006
     0.575969289968E+000    -0.279999998901E+003     0.201817361201E-006    -0.451974745794E-007     0.117789060564E-006
     0.585969289968E+000    -0.280000000267E+003     0.410057998224E-007     0.309719624966E-007     0.118302941687E-006
     0.595969289968E+000    -0.280000000267E+003     0.104346212752E-007    -0.382584353576E-007     0.118699500534E-006
     0.605969289968E+000    -0.280000006642E+003    -0.749077223520E-006     0.200555867262E-006     0.126454107827E-006
     0.615969289968E+000    -0.280000001697E+003    -0.111026684944E-006     0.699087585915E-007     0.127766135239E-006
     0.625969289968E+000    -0.280000001019E+003    -0.366269501364E-007     0.110358922106E-007     0.128148669472E-006
     0.635969289968E+000    -0.280000000765E+003    -0.953622283345E-008    -0.118503382413E-007     0.128300778007E-006
     0.645969289968E+000    -0.280000002674E+003    -0.197257083093E-006     0.128294018112E-006     0.130653854969E-006
     0.655969289968E+000    -0.279999995740E+003     0.643365593390E-006    -0.145824137586E-006     0.137250702442E-006
     0.665969289968E+000    -0.280000000242E+003     0.859337972844E-007    -0.229319004444E-007     0.138140111773E-006
     0.675969289968E+000    -0.279999969571E+003     0.381952376966E-005    -0.105476597860E-005     0.177764968992E-006
     0.685969289968E+000    -0.279999995553E+003     0.611224479479E-006    -0.139257563840E-006     0.184033844756E-006
     0.695969289968E+000    -0.279999957077E+003     0.526363892483E-005    -0.144085490610E-005     0.238606692942E-006
     0.705969289968E+000    -0.279999994800E+003     0.608025573346E-006    -0.128009889700E-006     0.244820239672E-006
     0.715969289968E+000    -0.279999995606E+003     0.499666251455E-006    -0.108986114760E-006     0.249934380226E-006
     0.725969289968E+000    -0.279999971289E+003     0.346602933084E-005    -0.946037480941E-006     0.285862567263E-006
     0.735969289968E+000    -0.279999995616E+003     0.475235374450E-006    -0.999087084749E-007     0.290718804605E-006
     0.745969289968E+000    -0.279999998618E+003     0.106534457908E-006    -0.223794151547E-007     0.291807401359E-006
     0.755969289968E+000    -0.279999999404E+003     0.323528882196E-007    -0.799077993198E-008     0.292140652307E-006
